aag 297 4 4 6 289
2
4
6
8
10 365
12 455
14 525
16 595
51
155
245
246
266
0
18 14 17
20 13 18
22 8 20
24 15 16
26 12 24
28 21 27
30 6 29
32 7 22
34 33 31
36 7 20
38 37 31
40 4 39
42 5 35
44 43 41
46 2 39
48 3 45
50 49 47
52 12 17
54 15 17
56 13 54
58 10 56
60 11 52
62 61 59
64 8 63
66 13 24
68 67 53
70 11 69
72 8 60
74 9 70
76 75 73
78 6 77
80 7 64
82 81 79
84 14 16
86 12 85
88 67 87
90 10 15
92 11 89
94 93 91
96 12 15
98 57 97
100 10 99
102 11 86
104 103 101
106 8 105
108 9 95
110 109 107
112 10 66
114 71 113
116 9 115
118 117 73
120 6 119
122 7 111
124 123 121
126 4 125
128 5 83
130 129 127
132 57 27
134 10 133
136 71 135
138 9 137
140 139 65
142 7 141
144 143 79
146 5 145
148 147 127
150 2 149
152 3 131
154 153 151
156 10 89
158 11 24
160 159 157
162 8 161
164 13 15
166 165 53
168 10 167
170 11 66
172 171 169
174 8 173
176 9 168
178 177 175
180 6 179
182 7 162
184 183 181
186 12 18
188 10 186
190 67 187
192 10 191
194 171 193
196 8 195
198 9 188
200 199 197
202 57 53
204 10 203
206 9 204
208 207 175
210 6 209
212 7 201
214 213 211
216 4 215
218 5 185
220 219 217
222 10 69
224 11 26
226 225 223
228 9 227
230 229 163
232 7 231
234 233 181
236 5 235
238 237 217
240 2 239
242 3 221
244 243 241
246 11 56
248 25 19
250 13 249
252 251 87
254 10 85
256 11 253
258 257 255
260 9 259
262 7 260
264 5 262
266 3 264
268 247 255
270 13 17
272 271 27
274 8 273
276 9 269
278 277 275
280 10 29
282 11 85
284 283 281
286 11 273
288 287 281
290 8 289
292 9 285
294 293 291
296 6 295
298 7 279
300 299 297
302 13 85
304 303 53
306 11 305
308 307 91
310 12 54
312 271 311
314 10 313
316 11 270
318 317 315
320 8 319
322 9 309
324 323 321
326 283 113
328 9 327
330 329 291
332 6 331
334 7 325
336 335 333
338 4 337
340 5 301
342 341 339
344 10 273
346 283 345
348 9 347
350 349 275
352 7 351
354 353 297
356 5 355
358 357 339
360 2 359
362 3 343
364 363 361
366 11 249
368 367 255
370 8 369
372 9 86
374 373 371
376 11 29
378 377 169
380 251 27
382 11 381
384 383 255
386 8 385
388 9 379
390 389 387
392 6 391
394 7 375
396 395 393
398 12 249
400 21 399
402 57 87
404 10 403
406 11 401
408 407 405
410 9 409
412 411 371
414 377 205
416 9 415
418 417 387
420 6 419
422 7 413
424 423 421
426 4 425
428 5 397
430 429 427
432 165 87
434 10 433
436 407 435
438 9 437
440 439 371
442 7 441
444 443 393
446 5 445
448 447 427
450 2 449
452 3 431
454 453 451
456 21 311
458 8 457
460 9 18
462 461 459
464 21 87
466 11 465
468 467 281
470 8 469
472 9 466
474 473 471
476 6 475
478 7 463
480 479 477
482 11 457
484 10 20
486 483 485
488 8 487
490 9 482
492 491 489
494 7 493
496 495 477
498 4 497
500 5 481
502 501 499
504 10 310
506 483 505
508 9 507
510 509 459
512 7 511
514 513 477
516 5 515
518 517 499
520 2 519
522 3 503
524 523 521
526 10 26
528 11 398
530 529 527
532 8 531
534 9 24
536 535 533
538 171 281
540 9 539
542 6 540
544 7 537
546 545 543
548 67 399
550 10 381
552 11 549
554 553 551
556 9 555
558 557 533
560 171 551
562 9 561
564 6 562
566 7 559
568 567 565
570 4 569
572 5 547
574 573 571
576 553 281
578 9 577
580 579 533
582 7 581
584 583 543
586 5 585
588 587 571
590 2 589
592 3 575
594 593 591
i0 p0p0on0acc2finished
i1 p0p0on0gyr2finished
i2 p0p0on0init2finished
i3 p0p0on0mag2finished
o0 u0part2control0f1dacc2on1b
o1 u0part2control0f1dgyr2on1b
o2 u0part2control0f1dmag2on1b
o3 u0part2control0f1dinit2on1b
o4 u0part2control0f1dno2cmd1b
o5 u0part2control0part2control
{"is_completed":true,"output_vars":["u0part2control0f1dno2cmd1b","u0part2control0f1dmag2on1b","u0part2control0f1dinit2on1b","u0part2control0f1dgyr2on1b","u0part2control0f1dacc2on1b","u0part2control0part2control"],"input_vars":["p0p0on0mag2finished","p0p0on0init2finished","p0p0on0gyr2finished","p0p0on0acc2finished"],"formula":"((G (! (((! (((u0part2control0f1dgyr2on1b) && (! ((u0part2control0part2control) || (u0part2control0f1dmag2on1b)))) <-> ((! (((u0part2control0part2control) && (! (u0part2control0f1dmag2on1b))) <-> ((u0part2control0f1dmag2on1b) && (! (u0part2control0part2control))))) && (! (u0part2control0f1dgyr2on1b))))) && (! (((u0part2control0f1dno2cmd1b) || (u0part2control0f1dinit2on1b)) || (u0part2control0f1dacc2on1b)))) <-> ((! (((u0part2control0f1dinit2on1b) && (! ((u0part2control0f1dacc2on1b) || (u0part2control0f1dno2cmd1b)))) <-> ((! (((u0part2control0f1dacc2on1b) && (! (u0part2control0f1dno2cmd1b))) <-> ((u0part2control0f1dno2cmd1b) && (! (u0part2control0f1dacc2on1b))))) && (! (u0part2control0f1dinit2on1b))))) && (! (((u0part2control0f1dmag2on1b) || (u0part2control0f1dgyr2on1b)) || (u0part2control0part2control))))))) && (((((G ((u0part2control0f1dacc2on1b) -> (X (F (p0p0on0acc2finished))))) && (G ((u0part2control0f1dgyr2on1b) -> (X (F (p0p0on0gyr2finished)))))) && (G ((u0part2control0f1dmag2on1b) -> (X (F (p0p0on0mag2finished)))))) && (G ((u0part2control0f1dinit2on1b) -> (X (F (p0p0on0init2finished)))))) -> ((((((u0part2control0f1dinit2on1b) && (G ((u0part2control0f1dinit2on1b) -> (X (G (! (u0part2control0f1dinit2on1b))))))) && (G ((! (((((u0part2control0f1dinit2on1b) || (p0p0on0acc2finished)) || (p0p0on0gyr2finished)) || (p0p0on0mag2finished)) || (p0p0on0init2finished))) -> (u0part2control0f1dno2cmd1b)))) && (G (F (u0part2control0f1dacc2on1b)))) && (G (F (u0part2control0f1dgyr2on1b)))) && (G (F (u0part2control0f1dmag2on1b))))))","total_time":14,"automaton":{"is_built":true,"build_duration":3,"total_states":10,"state_based_status":"true","prune_automaton_duration":0,"pruned_state_based_status":"true","prune_total_states":10,"total_edges":23},"dependency":{"dependency_approach":"automaton","tested_dependencies":[],"total_duration":-1,"is_completed":true,"skipped_dependencies":true,"total_pair_state":-1},"unate":{"skipped_unate":true},"synthesis":{"model_checking_status":"UNKNOWN","independent_strategy":{"duration":10,"realizability":"REALIZABLE","total_inputs":4,"total_outputs":6,"total_latches":4,"total_gates":289},"dependent_strategy":{"duration":-1,"total_inputs":-1,"total_outputs":-1,"total_latches":-1,"total_gates":-1}}}
