aag 20 5 0 3 15
2
4
6
8
10
29
34
41
12 2 9
14 6 12
16 7 2
18 17 15
20 2 11
22 7 20
24 4 22
26 5 19
28 27 25
30 2 8
32 6 30
34 5 32
36 4 23
38 5 3
40 39 37
i0 p0p0in2range0counter
i1 p0p0button2pressed0down
i2 p0p0button2pressed0up
i3 p0p0in2range0f1dinc0counter1b
i4 p0p0in2range0f1ddec0counter1b
o0 u0counter0counter
o1 u0counter0f1dinc0counter1b
o2 u0counter0f1ddec0counter1b
{"is_completed":true,"output_vars":["u0counter0f1dinc0counter1b","u0counter0f1ddec0counter1b","u0counter0counter"],"input_vars":["p0p0in2range0f1dinc0counter1b","p0p0in2range0f1ddec0counter1b","p0p0in2range0counter","p0p0button2pressed0up","p0p0button2pressed0down"],"formula":"((G (! (((u0counter0f1ddec0counter1b) && (! ((u0counter0f1dinc0counter1b) || (u0counter0counter)))) <-> ((! (((u0counter0f1dinc0counter1b) && (! (u0counter0counter))) <-> ((u0counter0counter) && (! (u0counter0f1dinc0counter1b))))) && (! (u0counter0f1ddec0counter1b)))))) && ((((((p0p0in2range0counter) && (G (! ((p0p0button2pressed0up) && (p0p0button2pressed0down))))) && (G (((p0p0in2range0counter) && (u0counter0counter)) -> (X (p0p0in2range0counter))))) && (G (((p0p0in2range0f1dinc0counter1b) && (u0counter0f1dinc0counter1b)) -> (X (p0p0in2range0counter))))) && (G (((p0p0in2range0f1ddec0counter1b) && (u0counter0f1ddec0counter1b)) -> (X (p0p0in2range0counter))))) -> (((G (((p0p0button2pressed0up) && (p0p0in2range0f1dinc0counter1b)) <-> (u0counter0f1dinc0counter1b))) && (G (((p0p0button2pressed0down) && (p0p0in2range0f1ddec0counter1b)) <-> (u0counter0f1ddec0counter1b)))) && (G (p0p0in2range0counter)))))","total_time":5,"automaton":{"is_built":true,"build_duration":3,"total_states":5,"state_based_status":"true","prune_automaton_duration":0,"pruned_state_based_status":"true","prune_total_states":5,"total_edges":10},"dependency":{"dependency_approach":"automaton","tested_dependencies":[],"total_duration":-1,"is_completed":false,"skipped_dependencies":true,"total_pair_state":-1},"unate":{"skipped_unate":true},"synthesis":{"model_checking_status":"UNKNOWN","independent_strategy":{"duration":2,"realizability":"REALIZABLE","total_inputs":5,"total_outputs":3,"total_latches":0,"total_gates":15},"dependent_strategy":{"duration":-1,"total_inputs":-1,"total_outputs":-1,"total_latches":-1,"total_gates":-1}}}
