aag 29 1 3 1 25
2
4 33
6 49
8 59
23
10 7 8
12 4 7
14 5 10
16 15 13
18 2 17
20 3 10
22 21 19
24 7 9
26 6 8
28 2 27
30 3 24
32 31 29
34 6 9
36 11 35
38 4 24
40 5 37
42 41 39
44 2 40
46 3 43
48 47 45
50 4 37
52 4 27
54 2 52
56 3 50
58 57 55
i0 r
o0 g
{"is_completed":true,"output_vars":["g"],"input_vars":["r"],"formula":"(((((g) -> (X (X (g)))) && (X ((r) <-> (g)))) && ((X (g)) <-> (X (X (g))))) && (X (X (X (G ((r) <-> (X (X (g)))))))))","total_time":2,"automaton":{"is_built":true,"build_duration":0,"total_states":12,"state_based_status":"true","prune_automaton_duration":0,"pruned_state_based_status":"true","prune_total_states":12,"total_edges":21},"dependency":{"dependency_approach":"automaton","tested_dependencies":[],"total_duration":-1,"is_completed":false,"skipped_dependencies":true,"total_pair_state":-1},"unate":{"skipped_unate":true},"synthesis":{"model_checking_status":"UNKNOWN","independent_strategy":{"duration":1,"realizability":"REALIZABLE","total_inputs":1,"total_outputs":1,"total_latches":3,"total_gates":25},"dependent_strategy":{"duration":-1,"total_inputs":-1,"total_outputs":-1,"total_latches":-1,"total_gates":-1}}}
