aag 28 4 2 1 22
2
4
6
8
10 49
12 57
24
14 4 6
16 3 15
18 12 16
20 13 3
22 21 19
24 11 23
26 6 9
28 4 26
30 29 3
32 12 31
34 13 2
36 35 33
38 8 3
40 12 39
42 35 41
44 10 43
46 11 37
48 47 45
50 12 38
52 10 51
54 11 32
56 55 53
i0 decide
i1 locked
i2 single
i3 hready
o0 ready3
{"is_completed":true,"output_vars":["ready3"],"input_vars":["decide","locked","hready","single"],"formula":"((((! (decide)) && (G (F (hready)))) && (G ((! (ready3)) -> (X (! (decide)))))) -> ((G ((((decide) -> (X (X ((((single) && (locked)) -> ((! (ready3)) U (((hready) && (! (ready3))) && (X (ready3))))) && ((! ((single) && (locked))) -> (ready3)))))) && (((ready3) && (X (! (decide)))) -> (X (ready3)))) && (((ready3) && (X (decide))) -> (X ((! (ready3)) && (X (! (ready3)))))))) && (ready3)))","total_time":6,"automaton":{"is_built":true,"build_duration":2,"total_states":21,"state_based_status":"true","prune_automaton_duration":0,"pruned_state_based_status":"true","prune_total_states":21,"total_edges":61},"dependency":{"dependency_approach":"automaton","tested_dependencies":[],"total_duration":-1,"is_completed":false,"skipped_dependencies":true,"total_pair_state":-1},"unate":{"skipped_unate":true},"synthesis":{"model_checking_status":"UNKNOWN","independent_strategy":{"duration":3,"realizability":"REALIZABLE","total_inputs":4,"total_outputs":1,"total_latches":2,"total_gates":22},"dependent_strategy":{"duration":-1,"total_inputs":-1,"total_outputs":-1,"total_latches":-1,"total_gates":-1}}}
