aag 18 5 2 1 11
2
4
6
8
10
12 33
14 37
26
16 4 6
18 3 17
20 14 18
22 15 3
24 23 21
26 13 25
28 12 23
30 13 24
32 31 29
34 14 19
36 35 13
i0 decide
i1 incr
i2 locked
i3 busreq
i4 hready
o0 ready1
{"is_completed":true,"output_vars":["ready1"],"input_vars":["busreq","decide","locked","hready","incr"],"formula":"(((((! (decide)) && (G (F (hready)))) && (! (F (G (busreq))))) && (G ((! (ready1)) -> (X (! (decide)))))) -> ((G ((((decide) -> (X (X ((((incr) && (locked)) -> (((! (ready1)) U ((hready) && (! (busreq)))) || (G (! (ready1))))) && ((! ((incr) && (locked))) -> (ready1)))))) && (((ready1) && (X (! (decide)))) -> (X (ready1)))) && (((ready1) && (X (decide))) -> (X ((! (ready1)) && (X (! (ready1)))))))) && (ready1)))","total_time":8,"automaton":{"is_built":true,"build_duration":3,"total_states":21,"state_based_status":"true","prune_automaton_duration":0,"pruned_state_based_status":"true","prune_total_states":21,"total_edges":77},"dependency":{"dependency_approach":"automaton","tested_dependencies":[],"total_duration":-1,"is_completed":false,"skipped_dependencies":true,"total_pair_state":-1},"unate":{"skipped_unate":true},"synthesis":{"model_checking_status":"UNKNOWN","independent_strategy":{"duration":5,"realizability":"REALIZABLE","total_inputs":5,"total_outputs":1,"total_latches":2,"total_gates":11},"dependent_strategy":{"duration":-1,"total_inputs":-1,"total_outputs":-1,"total_latches":-1,"total_gates":-1}}}
