aag 26 2 3 2 21
2
4
6 43
8 53
10 18
29
30
12 7 11
14 8 11
16 7 14
18 4 16
20 5 12
22 21 19
24 2 16
26 3 23
28 27 25
30 6 11
32 9 10
34 7 32
36 7 9
38 4 36
40 5 34
42 41 39
44 6 14
46 37 31
48 2 47
50 3 44
52 51 49
i0 r_0
i1 r_1
o0 g_0
o1 g_1
{"is_completed":true,"output_vars":["g_0","g_1"],"input_vars":["r_0","r_1"],"formula":"(((G (((! (g_0)) && (true)) || ((true) && (! (g_1))))) && (G ((r_0) -> (F (g_0))))) && (G ((r_1) -> (F (g_1)))))","total_time":1,"automaton":{"is_built":true,"build_duration":0,"total_states":6,"state_based_status":"true","prune_automaton_duration":0,"pruned_state_based_status":"true","prune_total_states":6,"total_edges":22},"dependency":{"dependency_approach":"automaton","tested_dependencies":[],"total_duration":-1,"is_completed":false,"skipped_dependencies":true,"total_pair_state":-1},"unate":{"skipped_unate":true},"synthesis":{"model_checking_status":"UNKNOWN","independent_strategy":{"duration":0,"realizability":"REALIZABLE","total_inputs":2,"total_outputs":2,"total_latches":3,"total_gates":21},"dependent_strategy":{"duration":-1,"total_inputs":-1,"total_outputs":-1,"total_latches":-1,"total_gates":-1}}}
