aag 17 3 2 1 12
2
4
6
8 31
10 34
14
12 8 10
14 5 12
16 9 10
18 8 11
20 2 19
22 3 16
24 23 21
26 4 2
28 5 25
30 29 27
32 17 19
34 5 33
i0 req
i1 cancel
i2 go
o0 grant
{"is_completed":true,"output_vars":["grant"],"input_vars":["go","cancel","req"],"formula":"((G ((cancel) -> (X ((go) || (X ((go) || (X (go)))))))) -> (G ((((req) -> (X (((grant) || (cancel)) || (X (((grant) || (cancel)) || (X ((grant) || (cancel)))))))) && ((grant) -> (X (! (grant))))) && ((cancel) -> (X ((! (grant)) U (go)))))))","total_time":8,"automaton":{"is_built":true,"build_duration":2,"total_states":22,"state_based_status":"true","prune_automaton_duration":0,"pruned_state_based_status":"true","prune_total_states":22,"total_edges":146},"dependency":{"dependency_approach":"automaton","tested_dependencies":[],"total_duration":-1,"is_completed":false,"skipped_dependencies":true,"total_pair_state":-1},"unate":{"skipped_unate":true},"synthesis":{"model_checking_status":"UNKNOWN","independent_strategy":{"duration":5,"realizability":"REALIZABLE","total_inputs":3,"total_outputs":1,"total_latches":2,"total_gates":12},"dependent_strategy":{"duration":-1,"total_inputs":-1,"total_outputs":-1,"total_latches":-1,"total_gates":-1}}}
