aag 16 2 2 3 12
2
4
6 22
8 33
0
0
19
10 6 9
12 7 8
14 2 12
16 3 10
18 17 15
20 7 9
22 3 20
24 13 11
26 6 8
28 2 27
30 3 25
32 31 29
i0 etc
i1 ec
o0 sflr
o1 shlr
o2 sts
{"is_completed":true,"output_vars":["shlr","sflr","sts"],"input_vars":["etc","ec"],"formula":"(((((! (etc)) && (G (((! (etc)) && (! (sts))) -> (X (! (etc)))))) && (G ((etc) -> (F (! (etc)))))) && (G ((sts) -> (X (etc))))) -> (G (((((((((shlr) && (X (! (shlr)))) -> (sts)) && (((sflr) && (X (! (sflr)))) -> (sts))) && (((! (sflr)) && ((! (etc)) || (! (ec)))) -> (X (sflr)))) && (((! (shlr)) && ((! (etc)) || (ec))) -> (X (shlr)))) && ((sflr) || (shlr))) && ((ec) -> (F (! (sflr))))) && (F (! (shlr))))))","total_time":9,"automaton":{"is_built":true,"build_duration":3,"total_states":24,"state_based_status":"true","prune_automaton_duration":0,"pruned_state_based_status":"true","prune_total_states":24,"total_edges":133},"dependency":{"dependency_approach":"automaton","tested_dependencies":[],"total_duration":-1,"is_completed":false,"skipped_dependencies":true,"total_pair_state":-1},"unate":{"skipped_unate":true},"synthesis":{"model_checking_status":"UNKNOWN","independent_strategy":{"duration":6,"realizability":"REALIZABLE","total_inputs":2,"total_outputs":3,"total_latches":2,"total_gates":12},"dependent_strategy":{"duration":-1,"total_inputs":-1,"total_outputs":-1,"total_latches":-1,"total_gates":-1}}}
