aag 31 6 0 4 25
2
4
6
8
10
12
20
30
38
63
14 11 12
16 7 14
18 5 16
20 2 18
22 9 10
24 6 9
26 7 22
28 27 25
30 3 29
32 8 11
34 7 32
36 4 34
38 3 36
40 8 10
42 9 11
44 43 41
46 6 8
48 7 45
50 49 47
52 4 51
54 5 28
56 55 53
58 2 19
60 3 57
62 61 59
i0 p0p0gte0counter0f1dtwentyfour1b
i1 p0p0lte0counter0f1dseventeen1b
i2 p0p0eq0counter0f1dtwo1b
i3 p0p0gte0counter0f1dfour1b
i4 p0p0eq0counter0f1dthree1b
i5 p0p0lte0counter0f1dthirtynine1b
o0 u0sdi0f1dget2bit0write2data0f1dsub0f1dnineteen1b0f1ddiv0counter0f1dtwo1b1b1b1b
o1 u0sdi0f1dlow1b
o2 u0sdi0f1dget2bit0write2address0f1dsub0f1deight1b0f1ddiv0counter0f1dtwo1b1b1b1b
o3 u0sdi0sdi
{"is_completed":true,"output_vars":["u0sdi0f1dget2bit0write2data0f1dsub0f1dnineteen1b0f1ddiv0counter0f1dtwo1b1b1b1b","u0sdi0f1dget2bit0write2address0f1dsub0f1deight1b0f1ddiv0counter0f1dtwo1b1b1b1b","u0sdi0f1dlow1b","u0sdi0sdi"],"input_vars":["p0p0lte0counter0f1dthirtynine1b","p0p0lte0counter0f1dseventeen1b","p0p0gte0counter0f1dtwentyfour1b","p0p0gte0counter0f1dfour1b","p0p0eq0counter0f1dtwo1b","p0p0eq0counter0f1dthree1b"],"formula":"((G (! (((! (((u0sdi0f1dget2bit0write2address0f1dsub0f1deight1b0f1ddiv0counter0f1dtwo1b1b1b1b) && (! (u0sdi0sdi))) <-> ((u0sdi0sdi) && (! (u0sdi0f1dget2bit0write2address0f1dsub0f1deight1b0f1ddiv0counter0f1dtwo1b1b1b1b))))) && (! ((u0sdi0f1dget2bit0write2data0f1dsub0f1dnineteen1b0f1ddiv0counter0f1dtwo1b1b1b1b) || (u0sdi0f1dlow1b)))) <-> ((! (((u0sdi0f1dget2bit0write2data0f1dsub0f1dnineteen1b0f1ddiv0counter0f1dtwo1b1b1b1b) && (! (u0sdi0f1dlow1b))) <-> ((u0sdi0f1dlow1b) && (! (u0sdi0f1dget2bit0write2data0f1dsub0f1dnineteen1b0f1ddiv0counter0f1dtwo1b1b1b1b))))) && (! ((u0sdi0f1dget2bit0write2address0f1dsub0f1deight1b0f1ddiv0counter0f1dtwo1b1b1b1b) || (u0sdi0sdi))))))) && ((((((G (! ((p0p0gte0counter0f1dtwentyfour1b) && (p0p0lte0counter0f1dseventeen1b)))) && (G (! ((p0p0gte0counter0f1dfour1b) && (p0p0eq0counter0f1dtwo1b))))) && (G (! ((p0p0gte0counter0f1dtwentyfour1b) && (p0p0eq0counter0f1dtwo1b))))) && (G (! ((p0p0gte0counter0f1dfour1b) && (p0p0eq0counter0f1dthree1b))))) && (G (! ((p0p0gte0counter0f1dtwentyfour1b) && (p0p0eq0counter0f1dthree1b))))) -> (((G (((p0p0eq0counter0f1dtwo1b) || (p0p0eq0counter0f1dthree1b)) -> (u0sdi0f1dlow1b))) && (G (((p0p0gte0counter0f1dfour1b) && (p0p0lte0counter0f1dseventeen1b)) <-> (u0sdi0f1dget2bit0write2address0f1dsub0f1deight1b0f1ddiv0counter0f1dtwo1b1b1b1b)))) && (G (((p0p0gte0counter0f1dtwentyfour1b) && (p0p0lte0counter0f1dthirtynine1b)) <-> (u0sdi0f1dget2bit0write2data0f1dsub0f1dnineteen1b0f1ddiv0counter0f1dtwo1b1b1b1b))))))","total_time":6,"automaton":{"is_built":true,"build_duration":4,"total_states":4,"state_based_status":"true","prune_automaton_duration":0,"pruned_state_based_status":"true","prune_total_states":4,"total_edges":7},"dependency":{"dependency_approach":"automaton","tested_dependencies":[],"total_duration":-1,"is_completed":true,"skipped_dependencies":true,"total_pair_state":-1},"unate":{"skipped_unate":true},"synthesis":{"model_checking_status":"UNKNOWN","independent_strategy":{"duration":2,"realizability":"REALIZABLE","total_inputs":6,"total_outputs":4,"total_latches":0,"total_gates":25},"dependent_strategy":{"duration":-1,"total_inputs":-1,"total_outputs":-1,"total_latches":-1,"total_gates":-1}}}
