aag 102 2 4 2 96
2
4
6 123
8 143
10 191
12 205
49
95
14 9 13
16 11 13
18 8 16
20 6 18
22 7 14
24 23 21
26 2 25
28 10 13
30 8 13
32 9 28
34 33 31
36 6 16
38 7 35
40 39 37
42 2 41
44 4 42
46 5 26
48 47 45
50 11 12
52 8 28
54 9 50
56 55 53
58 6 35
60 7 57
62 61 59
64 6 28
66 7 54
68 67 65
70 2 69
72 3 63
74 73 71
76 9 11
78 77 53
80 6 13
82 7 79
84 83 81
86 3 85
88 87 71
90 4 89
92 5 75
94 93 91
96 9 16
98 97 31
100 3 99
102 101 43
104 97 53
106 15 19
108 6 107
110 7 105
112 111 109
114 3 113
116 115 43
118 4 117
120 5 103
122 121 119
124 7 52
126 125 59
128 7 96
130 129 65
132 2 131
134 3 127
136 135 133
138 4 114
140 5 137
142 141 139
144 15 53
146 6 145
148 39 147
150 51 29
152 9 151
154 153 31
156 7 155
158 157 37
160 2 159
162 3 149
164 163 161
166 33 19
168 7 167
170 10 12
172 9 171
174 173 31
176 7 175
178 177 81
180 2 179
182 3 168
184 183 181
186 4 185
188 5 165
190 189 187
192 3 66
194 6 52
196 67 195
198 3 197
200 4 198
202 5 192
204 203 201
i0 ets
i1 ec
o0 fl
o1 hl
{"is_completed":true,"output_vars":["fl","hl"],"input_vars":["ec","ets"],"formula":"((G (F (ets))) -> (G ((((((hl) -> ((hl) U (ets))) && ((fl) -> ((fl) U (ets)))) && (! ((hl) && (fl)))) && ((ec) -> (F (fl)))) && (F (hl)))))","total_time":5,"automaton":{"is_built":true,"build_duration":1,"total_states":15,"state_based_status":"true","prune_automaton_duration":0,"pruned_state_based_status":"true","prune_total_states":15,"total_edges":67},"dependency":{"dependency_approach":"automaton","tested_dependencies":[],"total_duration":-1,"is_completed":false,"skipped_dependencies":true,"total_pair_state":-1},"unate":{"skipped_unate":true},"synthesis":{"model_checking_status":"UNKNOWN","independent_strategy":{"duration":3,"realizability":"REALIZABLE","total_inputs":2,"total_outputs":2,"total_latches":4,"total_gates":96},"dependent_strategy":{"duration":-1,"total_inputs":-1,"total_outputs":-1,"total_latches":-1,"total_gates":-1}}}
