aag 472 9 3 9 460
2
4
6
8
10
12
14
16
18
20 651
22 775
24 945
189
313
336
350
393
481
567
0
0
26 22 24
28 20 25
30 21 27
32 31 29
34 22 25
36 20 34
38 31 37
40 23 24
42 41 35
44 21 43
46 14 44
48 15 39
50 49 47
52 12 51
54 13 39
56 55 53
58 21 23
60 59 37
62 15 61
64 12 62
66 13 61
68 67 65
70 10 69
72 11 57
74 73 71
76 8 75
78 9 33
80 79 77
82 6 81
84 7 33
86 85 83
88 23 25
90 20 88
92 31 91
94 14 93
96 15 33
98 97 95
100 12 99
102 13 33
104 103 101
106 21 25
108 107 91
110 14 109
112 97 111
114 12 113
116 103 115
118 10 117
120 11 105
122 121 119
124 8 123
126 79 125
128 6 127
130 85 129
132 4 131
134 5 87
136 135 133
138 59 29
140 14 139
142 97 141
144 10 143
146 11 33
148 147 145
150 21 88
152 151 29
154 14 153
156 97 155
158 12 157
160 13 143
162 161 159
164 10 163
166 147 165
168 8 167
170 9 149
172 171 169
174 6 173
176 85 175
178 4 33
180 5 177
182 181 179
184 2 183
186 3 137
188 187 185
190 21 40
192 191 37
194 18 193
196 19 39
198 197 195
200 16 199
202 17 39
204 203 201
206 10 205
208 147 207
210 19 30
212 16 210
214 17 30
216 215 213
218 10 217
220 147 219
222 8 221
224 9 209
226 225 223
228 6 227
230 85 229
232 16 93
234 17 33
236 235 233
238 18 109
240 19 93
242 241 239
244 16 243
246 235 245
248 10 247
250 11 237
252 251 249
254 8 253
256 79 255
258 6 257
260 85 259
262 4 261
264 5 231
266 265 263
268 18 139
270 19 33
272 271 269
274 16 273
276 235 275
278 10 277
280 147 279
282 18 153
284 271 283
286 16 285
288 235 287
290 10 289
292 147 291
294 8 293
296 9 281
298 297 295
300 6 299
302 85 301
304 5 303
306 305 179
308 2 307
310 3 267
312 311 309
314 10 109
316 11 88
318 317 315
320 10 33
322 11 153
324 323 321
326 8 325
328 9 319
330 329 327
332 6 331
334 5 332
336 3 334
338 10 193
340 11 36
342 341 339
344 8 343
346 6 344
348 4 346
350 3 348
352 45 37
354 11 353
356 355 339
358 11 44
360 8 358
362 9 357
364 363 361
366 6 365
368 85 367
370 11 93
372 371 315
374 8 373
376 79 375
378 6 377
380 85 379
382 4 381
384 5 369
386 385 383
388 2 33
390 3 387
392 391 389
394 19 90
396 395 239
398 16 397
400 17 90
402 401 399
404 10 403
406 18 33
408 19 28
410 409 407
412 16 411
414 17 28
416 415 413
418 10 417
420 8 418
422 9 404
424 423 421
426 6 425
428 16 36
430 19 36
432 431 195
434 16 433
436 10 434
438 11 428
440 439 437
442 8 441
444 6 442
446 4 444
448 5 426
450 449 447
452 21 34
454 18 452
456 16 454
458 10 456
460 18 44
462 16 460
464 10 462
466 8 464
468 9 458
470 469 467
472 6 471
474 5 472
476 2 474
478 3 451
480 479 477
482 15 90
484 483 155
486 12 485
488 13 90
490 489 487
492 453 91
494 14 33
496 15 493
498 497 495
500 12 499
502 13 493
504 503 501
506 10 505
508 11 491
510 509 507
512 8 511
514 6 512
516 14 36
518 12 516
520 14 193
522 12 520
524 10 522
526 11 518
528 527 525
530 8 529
532 6 530
534 4 532
536 5 514
538 537 535
540 14 452
542 10 540
544 12 46
546 13 540
548 547 545
550 10 549
552 8 550
554 9 542
556 555 553
558 6 557
560 5 558
562 2 560
564 3 539
566 565 563
568 19 106
570 16 568
572 17 106
574 573 571
576 10 575
578 317 577
580 323 219
582 8 581
584 9 579
586 585 583
588 6 587
590 17 36
592 19 190
594 16 592
596 17 193
598 597 595
600 10 599
602 11 590
604 603 601
606 8 605
608 6 606
610 4 608
612 5 588
614 613 611
616 19 452
618 16 616
620 17 452
622 621 619
624 10 623
626 19 44
628 16 626
630 17 44
632 631 629
634 10 633
636 8 634
638 9 624
640 639 637
642 6 641
644 5 642
646 2 644
648 3 615
650 649 647
652 18 61
654 19 34
656 655 653
658 16 657
660 17 34
662 661 659
664 14 217
666 15 663
668 667 665
670 12 669
672 13 663
674 673 671
676 10 675
678 509 677
680 8 679
682 423 681
684 6 683
686 14 590
688 15 428
690 689 687
692 12 691
694 13 428
696 695 693
698 14 599
700 15 434
702 701 699
704 12 703
706 13 434
708 707 705
710 10 709
712 11 697
714 713 711
716 8 715
718 6 716
720 4 718
722 5 684
724 723 721
726 14 623
728 15 456
730 729 727
732 10 731
734 18 190
736 617 735
738 16 737
740 621 739
742 14 741
744 15 462
746 745 743
748 14 633
750 745 749
752 12 751
754 13 747
756 755 753
758 10 757
760 8 758
762 9 732
764 763 761
766 6 765
768 5 766
770 2 768
772 3 725
774 773 771
776 18 493
778 395 777
780 16 779
782 401 781
784 14 417
786 15 783
788 787 785
790 12 789
792 13 783
794 793 791
796 10 795
798 359 797
800 8 799
802 363 801
804 6 803
806 85 805
808 16 33
810 17 93
812 811 809
814 14 813
816 15 93
818 817 815
820 12 819
822 13 93
824 823 821
826 19 25
828 827 407
830 16 829
832 17 109
834 833 831
836 14 835
838 15 109
840 839 837
842 12 841
844 13 109
846 845 843
848 10 847
850 11 825
852 851 849
854 8 853
856 79 855
858 6 857
860 85 859
862 4 861
864 5 807
866 865 863
868 19 139
870 869 407
872 16 871
874 17 139
876 875 873
878 14 877
880 15 139
882 881 879
884 10 883
886 147 885
888 18 25
890 19 153
892 891 889
894 16 893
896 17 153
898 897 895
900 14 899
902 15 153
904 903 901
906 891 407
908 16 907
910 897 909
912 14 911
914 903 913
916 12 915
918 13 905
920 919 917
922 10 921
924 147 923
926 8 925
928 9 887
930 929 927
932 6 931
934 85 933
936 5 935
938 937 179
940 2 939
942 3 867
944 943 941
i0 p0p0button2pressed0down
i1 p0p0button2pressed0up
i2 p0p0in2range0counter
i3 p0p0in2range0f1dinc0counter1b
i4 p0p0in2range0f1ddec0counter1b
i5 p0p0in2range0f1dinc0f1dinc0counter1b1b
i6 p0p0in2range0f1ddec0f1dinc0counter1b1b
i7 p0p0in2range0f1dinc0f1ddec0counter1b1b
i8 p0p0in2range0f1ddec0f1ddec0counter1b1b
o0 u0button2up0f1ddisable1b
o1 u0button2down0f1ddisable1b
o2 u0counter0counter
o3 u0counter0f1dinc0counter1b
o4 u0counter0f1ddec0counter1b
o5 u0button2down0f1denable1b
o6 u0button2up0f1denable1b
o7 u0button2down0button2down
o8 u0button2up0button2up
{"is_completed":true,"output_vars":["u0counter0f1dinc0counter1b","u0counter0f1ddec0counter1b","u0counter0counter","u0button2up0f1denable1b","u0button2up0f1ddisable1b","u0button2up0button2up","u0button2down0f1denable1b","u0button2down0f1ddisable1b","u0button2down0button2down"],"input_vars":["p0p0in2range0f1dinc0f1dinc0counter1b1b","p0p0in2range0f1dinc0f1ddec0counter1b1b","p0p0in2range0f1dinc0counter1b","p0p0in2range0f1ddec0f1dinc0counter1b1b","p0p0in2range0f1ddec0f1ddec0counter1b1b","p0p0in2range0f1ddec0counter1b","p0p0in2range0counter","p0p0button2pressed0up","p0p0button2pressed0down"],"formula":"((G (((! (((u0button2down0f1ddisable1b) && (! ((u0button2down0f1denable1b) || (u0button2down0button2down)))) <-> ((! (((u0button2down0f1denable1b) && (! (u0button2down0button2down))) <-> ((u0button2down0button2down) && (! (u0button2down0f1denable1b))))) && (! (u0button2down0f1ddisable1b))))) && (! (((u0button2up0f1ddisable1b) && (! ((u0button2up0f1denable1b) || (u0button2up0button2up)))) <-> ((! (((u0button2up0f1denable1b) && (! (u0button2up0button2up))) <-> ((u0button2up0button2up) && (! (u0button2up0f1denable1b))))) && (! (u0button2up0f1ddisable1b)))))) && (! (((u0counter0f1ddec0counter1b) && (! ((u0counter0f1dinc0counter1b) || (u0counter0counter)))) <-> ((! (((u0counter0f1dinc0counter1b) && (! (u0counter0counter))) <-> ((u0counter0counter) && (! (u0counter0f1dinc0counter1b))))) && (! (u0counter0f1ddec0counter1b))))))) && ((((((((((((((((p0p0in2range0counter) && (! (p0p0button2pressed0up))) && (! (p0p0button2pressed0down))) && (G (! ((p0p0button2pressed0up) && (p0p0button2pressed0down))))) && (G ((u0button2up0f1ddisable1b) -> (X ((u0button2up0f1denable1b) R (! (p0p0button2pressed0up))))))) && (G ((u0button2down0f1ddisable1b) -> (X ((u0button2down0f1denable1b) R (! (p0p0button2pressed0down))))))) && (G (((p0p0in2range0counter) && (u0counter0counter)) -> (X (p0p0in2range0counter))))) && (G (((p0p0in2range0f1dinc0counter1b) && (u0counter0counter)) -> (X (p0p0in2range0f1dinc0counter1b))))) && (G (((p0p0in2range0f1ddec0counter1b) && (u0counter0counter)) -> (X (p0p0in2range0f1ddec0counter1b))))) && (G (((p0p0in2range0f1dinc0counter1b) && (u0counter0f1dinc0counter1b)) -> (X (p0p0in2range0counter))))) && (G (((p0p0in2range0f1ddec0counter1b) && (u0counter0f1ddec0counter1b)) -> (X (p0p0in2range0counter))))) && (G (((p0p0in2range0f1dinc0f1dinc0counter1b1b) && (u0counter0f1dinc0counter1b)) -> (X (p0p0in2range0f1dinc0counter1b))))) && (G (((p0p0in2range0f1ddec0f1dinc0counter1b1b) && (u0counter0f1ddec0counter1b)) -> (X (p0p0in2range0f1dinc0counter1b))))) && (G (((p0p0in2range0f1dinc0f1ddec0counter1b1b) && (u0counter0f1dinc0counter1b)) -> (X (p0p0in2range0f1ddec0counter1b))))) && (G (((p0p0in2range0f1ddec0f1ddec0counter1b1b) && (u0counter0f1ddec0counter1b)) -> (X (p0p0in2range0f1ddec0counter1b))))) -> (((((G ((((p0p0in2range0f1dinc0f1dinc0counter1b1b) && (p0p0in2range0f1ddec0f1dinc0counter1b1b)) && (p0p0in2range0f1dinc0counter1b)) -> (u0button2up0f1denable1b))) && (G ((((p0p0in2range0f1dinc0f1ddec0counter1b1b) && (p0p0in2range0f1ddec0f1ddec0counter1b1b)) && (p0p0in2range0f1ddec0counter1b)) -> (u0button2down0f1denable1b)))) && (G ((p0p0button2pressed0up) <-> (u0counter0f1dinc0counter1b)))) && (G ((p0p0button2pressed0down) <-> (u0counter0f1ddec0counter1b)))) && (G (p0p0in2range0counter)))))","total_time":569,"automaton":{"is_built":true,"build_duration":144,"total_states":9,"state_based_status":"true","prune_automaton_duration":0,"pruned_state_based_status":"true","prune_total_states":9,"total_edges":24},"dependency":{"dependency_approach":"automaton","tested_dependencies":[],"total_duration":-1,"is_completed":true,"skipped_dependencies":true,"total_pair_state":-1},"unate":{"skipped_unate":true},"synthesis":{"model_checking_status":"UNKNOWN","independent_strategy":{"duration":424,"realizability":"REALIZABLE","total_inputs":9,"total_outputs":9,"total_latches":3,"total_gates":460},"dependent_strategy":{"duration":-1,"total_inputs":-1,"total_outputs":-1,"total_latches":-1,"total_gates":-1}}}
