aag 9 4 1 4 4
2
4
6
8
10 18
0
12
0
0
12 11 3
14 7 5
16 3 15
18 11 16
i0 r2b_ack0
i1 s2b_req0
i2 s2b_req1
i3 r2b_ack1
o0 b2r_req0
o1 b2r_req1
o2 b2s_ack1
o3 b2s_ack0
{"is_completed":true,"output_vars":["b2r_req1","b2r_req0","b2s_ack1","b2s_ack0"],"input_vars":["r2b_ack1","r2b_ack0","s2b_req1","s2b_req0"],"formula":"((((! (r2b_ack0)) && (G ((! (b2r_req0)) -> (X (! (r2b_ack0)))))) && (G ((b2r_req0) -> (X (F (r2b_ack0)))))) -> ((G ((((((r2b_ack0) -> (X (! (b2r_req0)))) && (((b2r_req0) && (! (r2b_ack0))) -> (X (b2r_req0)))) && (((b2r_req0) && (X (! (b2r_req0)))) -> (X ((! (b2r_req0)) U ((! (b2r_req0)) && (b2r_req1)))))) && (((s2b_req0) || (s2b_req1)) -> (X (F ((b2r_req0) || (b2r_req1)))))) && ((! (b2r_req0)) || (! (b2r_req1))))) && (! (b2r_req0))))","total_time":6,"automaton":{"is_built":true,"build_duration":2,"total_states":16,"state_based_status":"true","prune_automaton_duration":0,"pruned_state_based_status":"true","prune_total_states":16,"total_edges":78},"dependency":{"dependency_approach":"automaton","tested_dependencies":[],"total_duration":-1,"is_completed":false,"skipped_dependencies":true,"total_pair_state":-1},"unate":{"skipped_unate":true},"synthesis":{"model_checking_status":"UNKNOWN","independent_strategy":{"duration":4,"realizability":"REALIZABLE","total_inputs":4,"total_outputs":4,"total_latches":1,"total_gates":4},"dependent_strategy":{"duration":-1,"total_inputs":-1,"total_outputs":-1,"total_latches":-1,"total_gates":-1}}}
