aag 95 2 4 2 89
2
4
6 85
8 143
10 171
12 191
35
38
14 10 13
16 11 13
18 8 16
20 9 14
22 21 19
24 6 16
26 7 23
28 27 25
30 4 26
32 5 29
34 33 31
36 8 14
38 6 36
40 9 13
42 6 40
44 7 16
46 45 43
48 8 13
50 7 48
52 4 50
54 5 47
56 55 53
58 9 11
60 7 58
62 11 12
64 9 62
66 65 37
68 6 20
70 7 67
72 71 69
74 4 73
76 5 60
78 77 75
80 2 79
82 3 57
84 83 81
86 6 18
88 7 14
90 89 87
92 41 37
94 9 16
96 6 94
98 7 93
100 99 97
102 4 101
104 5 91
106 105 103
108 10 12
110 9 109
112 111 49
114 41 19
116 6 115
118 7 113
120 119 117
122 63 15
124 9 123
126 125 49
128 7 127
130 129 69
132 4 131
134 5 121
136 135 133
138 2 137
140 3 107
142 141 139
144 21 49
146 7 145
148 147 117
150 147 87
152 4 151
154 5 149
156 155 153
158 129 117
160 4 121
162 5 159
164 163 161
166 2 165
168 3 157
170 169 167
172 7 64
174 173 39
176 6 14
178 173 177
180 4 179
182 5 175
184 183 181
186 2 38
188 3 185
190 189 187
i0 req
i1 go
o0 grant
o1 ack
{"is_completed":true,"output_vars":["ack","grant"],"input_vars":["go","req"],"formula":"(((G (! (grant))) || (G ((req) -> (F (ack))))) || (G ((go) -> (F (grant)))))","total_time":3,"automaton":{"is_built":true,"build_duration":0,"total_states":6,"state_based_status":"true","prune_automaton_duration":0,"pruned_state_based_status":"true","prune_total_states":6,"total_edges":14},"dependency":{"dependency_approach":"automaton","tested_dependencies":[],"total_duration":-1,"is_completed":false,"skipped_dependencies":true,"total_pair_state":-1},"unate":{"skipped_unate":true},"synthesis":{"model_checking_status":"UNKNOWN","independent_strategy":{"duration":2,"realizability":"REALIZABLE","total_inputs":2,"total_outputs":2,"total_latches":4,"total_gates":89},"dependent_strategy":{"duration":-1,"total_inputs":-1,"total_outputs":-1,"total_latches":-1,"total_gates":-1}}}
