aag 39 3 3 1 33
2
4
6
8 67
10 40
12 79
37
14 11 12
16 9 14
18 10 13
20 15 19
22 13 6
24 10 22
26 8 24
28 9 21
30 29 27
32 4 31
34 5 16
36 35 33
38 11 13
40 8 38
42 4 40
44 9 11
46 10 12
48 39 25
50 8 49
52 9 47
54 53 51
56 4 55
58 5 44
60 59 57
62 2 61
64 3 42
66 65 63
68 13 7
70 10 68
72 8 70
74 4 72
76 5 18
78 77 75
i0 req
i1 cancel
i2 go
o0 grant
{"is_completed":true,"output_vars":["grant"],"input_vars":["go","cancel","req"],"formula":"((G ((cancel) -> (X ((go) || (X (go)))))) -> (G ((((req) -> (X ((grant) || (X ((grant) || (X (grant))))))) && ((grant) -> (X (! (grant))))) && ((cancel) -> (X ((! (grant)) U (go)))))))","total_time":7,"automaton":{"is_built":true,"build_duration":2,"total_states":23,"state_based_status":"true","prune_automaton_duration":0,"pruned_state_based_status":"true","prune_total_states":23,"total_edges":135},"dependency":{"dependency_approach":"automaton","tested_dependencies":[],"total_duration":-1,"is_completed":false,"skipped_dependencies":true,"total_pair_state":-1},"unate":{"skipped_unate":true},"synthesis":{"model_checking_status":"UNKNOWN","independent_strategy":{"duration":5,"realizability":"REALIZABLE","total_inputs":3,"total_outputs":1,"total_latches":3,"total_gates":33},"dependent_strategy":{"duration":-1,"total_inputs":-1,"total_outputs":-1,"total_latches":-1,"total_gates":-1}}}
