aag 107 10 2 4 95
2
4
6
8
10
12
14
16
18
20
22 197
24 215
0
56
87
103
26 16 18
28 13 27
30 15 27
32 13 30
34 8 32
36 9 28
38 37 35
40 10 32
42 8 40
44 37 43
46 6 45
48 7 39
50 49 47
52 4 51
54 3 52
56 25 54
58 11 32
60 8 58
62 37 61
64 6 36
66 7 63
68 67 65
70 5 69
72 2 70
74 24 72
76 5 64
78 2 76
80 24 78
82 22 80
84 23 74
86 85 83
88 24 73
90 25 55
92 91 89
94 24 79
96 91 95
98 22 97
100 23 93
102 101 99
104 12 27
106 9 104
108 6 106
110 6 42
112 49 111
114 4 113
116 5 108
118 117 115
120 5 113
122 2 120
124 3 119
126 125 123
128 12 30
130 10 128
132 8 130
134 5 132
136 5 42
138 2 136
140 3 134
142 141 139
144 24 143
146 25 127
148 147 145
150 11 128
152 8 150
154 107 153
156 7 155
158 157 109
160 4 42
162 5 159
164 163 161
166 3 165
168 167 139
170 8 128
172 107 171
174 6 132
176 7 173
178 177 175
180 5 179
182 3 180
184 183 123
186 24 185
188 25 169
190 189 187
192 22 191
194 23 149
196 195 193
198 8 131
200 9 105
202 201 199
204 6 203
206 7 172
208 207 205
210 208 5
212 210 3
214 212 25
i0 p0b02c2m29ready
i1 p0b02c2m29standby
i2 p0b02room29somebody2enters
i3 p0b02room29empty
i4 p0b02room29somebody2leaves
i5 p0b02c2m29busy
i6 p0b02room29switch29toggled
i7 p0b02room29bed29occupied
i8 p0b02room292room29empty
i9 p0b02c2m29finished
o0 u02c2m29ctrl0f1d2c2m29turn2off1b
o1 u02c2m29ctrl0f1d2c2m29turn2on1b
o2 u02c2m29ctrl02c2m29ctrl
o3 u02c2m29ctrl0f1d2c2m29make2coffee1b
{"is_completed":true,"output_vars":["u02c2m29ctrl0f1d2c2m29turn2off1b","u02c2m29ctrl0f1d2c2m29make2coffee1b","u02c2m29ctrl0f1d2c2m29turn2on1b","u02c2m29ctrl02c2m29ctrl"],"input_vars":["p0b02room292room29empty","p0b02room29bed29occupied","p0b02room29somebody2leaves","p0b02room29somebody2enters","p0b02room29switch29toggled","p0b02room29empty","p0b02c2m29finished","p0b02c2m29busy","p0b02c2m29standby","p0b02c2m29ready"],"formula":"((G (! (((! (((u02c2m29ctrl0f1d2c2m29make2coffee1b) && (! (u02c2m29ctrl02c2m29ctrl))) <-> ((u02c2m29ctrl02c2m29ctrl) && (! (u02c2m29ctrl0f1d2c2m29make2coffee1b))))) && (! ((u02c2m29ctrl0f1d2c2m29turn2off1b) || (u02c2m29ctrl0f1d2c2m29turn2on1b)))) <-> ((! (((u02c2m29ctrl0f1d2c2m29turn2off1b) && (! (u02c2m29ctrl0f1d2c2m29turn2on1b))) <-> ((u02c2m29ctrl0f1d2c2m29turn2on1b) && (! (u02c2m29ctrl0f1d2c2m29turn2off1b))))) && (! ((u02c2m29ctrl0f1d2c2m29make2coffee1b) || (u02c2m29ctrl02c2m29ctrl))))))) && (((((((((((((G (((p0b02c2m29ready) || (p0b02c2m29standby)) || (p0b02c2m29busy))) && (G ((p0b02c2m29ready) -> ((! (p0b02c2m29standby)) && (! (p0b02c2m29busy)))))) && (G ((p0b02c2m29standby) -> ((! (p0b02c2m29busy)) && (! (p0b02c2m29ready)))))) && (G ((p0b02c2m29busy) -> ((! (p0b02c2m29ready)) && (! (p0b02c2m29standby)))))) && (G (((u02c2m29ctrl0f1d2c2m29turn2on1b) && (p0b02c2m29standby)) -> (X ((p0b02c2m29busy) U (((u02c2m29ctrl0f1d2c2m29make2coffee1b) || (u02c2m29ctrl0f1d2c2m29turn2off1b)) R (p0b02c2m29ready))))))) && (G (((u02c2m29ctrl0f1d2c2m29turn2off1b) && (p0b02c2m29ready)) -> (X ((p0b02c2m29busy) U ((u02c2m29ctrl0f1d2c2m29turn2on1b) R (p0b02c2m29standby))))))) && (G (((u02c2m29ctrl0f1d2c2m29make2coffee1b) && (p0b02c2m29ready)) -> (X ((p0b02c2m29busy) U ((p0b02c2m29finished) && (((u02c2m29ctrl0f1d2c2m29make2coffee1b) || (u02c2m29ctrl0f1d2c2m29turn2off1b)) R (p0b02c2m29ready)))))))) && (F ((p0b02c2m29standby) || (p0b02c2m29ready)))) && (G ((p0b02room29empty) -> (! (p0b02room29switch29toggled))))) && (G ((p0b02room29somebody2enters) -> (((! (p0b02room29empty)) U (p0b02room29somebody2leaves)) || (G (! (p0b02room29empty))))))) && (G (((p0b02room29somebody2leaves) && (p0b02room29empty)) -> (((p0b02room29empty) U (p0b02room29somebody2enters)) || (G (p0b02room29empty)))))) && (G ((p0b02room29bed29occupied) -> (! (p0b02room292room29empty))))) -> (G ((p0b02room29somebody2enters) -> (F (((p0b02c2m29ready) U ((p0b02room29somebody2leaves) && (p0b02room29empty))) || (G (p0b02c2m29ready))))))))","total_time":65,"automaton":{"is_built":true,"build_duration":9,"total_states":17,"state_based_status":"true","prune_automaton_duration":0,"pruned_state_based_status":"true","prune_total_states":17,"total_edges":60},"dependency":{"dependency_approach":"automaton","tested_dependencies":[],"total_duration":-1,"is_completed":true,"skipped_dependencies":true,"total_pair_state":-1},"unate":{"skipped_unate":true},"synthesis":{"model_checking_status":"UNKNOWN","independent_strategy":{"duration":55,"realizability":"REALIZABLE","total_inputs":10,"total_outputs":4,"total_latches":2,"total_gates":95},"dependent_strategy":{"duration":-1,"total_inputs":-1,"total_outputs":-1,"total_latches":-1,"total_gates":-1}}}
