aag 1832 4 6 11 1822
2
4
6
8
10 2237
12 2573
14 2863
16 3149
18 3399
20 3665
31
34
591
877
0
0
983
1022
1333
1785
1828
22 18 20
24 16 22
26 14 24
28 12 26
30 10 28
32 4 31
34 2 32
36 21 19
38 36 17
40 38 15
42 40 13
44 10 29
46 11 43
48 47 45
50 18 21
52 19 20
54 53 51
56 16 37
58 17 55
60 59 57
62 14 61
64 15 55
66 65 63
68 16 55
70 17 52
72 71 69
74 54 17
76 14 75
78 15 73
80 79 77
82 12 81
84 13 67
86 85 83
88 53 17
90 14 89
92 65 91
94 16 21
96 59 95
98 14 97
100 15 61
102 101 99
104 12 103
106 13 93
108 107 105
110 10 109
112 11 87
114 113 111
116 6 115
118 7 49
120 119 117
122 16 36
124 17 37
126 125 123
128 16 53
130 17 19
132 131 129
134 14 133
136 15 127
138 137 135
140 17 50
142 141 57
144 16 50
146 17 22
148 147 145
150 14 149
152 15 143
154 153 151
156 12 155
158 13 139
160 159 157
162 14 55
164 16 18
166 14 165
168 15 25
170 169 167
172 12 171
174 13 162
176 175 173
178 10 177
180 11 161
182 181 179
184 71 165
186 14 185
188 15 58
190 189 187
192 14 144
194 15 68
196 195 193
198 12 197
200 13 191
202 201 199
204 14 73
206 59 123
208 14 207
210 65 209
212 12 211
214 13 204
216 215 213
218 10 217
220 11 203
222 221 219
224 6 223
226 7 183
228 227 225
230 8 229
232 9 121
234 233 231
236 17 20
238 237 69
240 14 239
242 137 241
244 75 95
246 14 245
248 189 247
250 12 249
252 13 243
254 253 251
256 16 51
258 75 257
260 14 259
262 189 261
264 39 95
266 14 265
268 15 70
270 269 267
272 12 271
274 13 263
276 275 273
278 10 277
280 11 255
282 281 279
284 189 205
286 14 94
288 269 287
290 12 289
292 13 285
294 293 291
296 14 256
298 189 297
300 13 299
302 301 291
304 10 303
306 11 295
308 307 305
310 6 309
312 7 283
314 313 311
316 71 145
318 14 317
320 137 319
322 15 140
324 323 151
326 12 325
328 13 321
330 329 327
332 16 52
334 14 332
336 14 36
338 269 337
340 12 339
342 13 334
344 343 341
346 10 345
348 11 331
350 349 347
352 189 319
354 12 192
356 13 353
358 357 355
360 14 122
362 269 361
364 12 363
366 343 365
368 10 367
370 11 359
372 371 369
374 6 373
376 7 351
378 377 375
380 8 379
382 9 315
384 383 381
386 4 385
388 5 235
390 389 387
392 16 20
394 141 393
396 16 19
398 141 397
400 14 399
402 15 395
404 403 401
406 16 54
408 71 407
410 14 409
412 15 256
414 413 411
416 12 415
418 13 405
420 419 417
422 59 397
424 14 423
426 413 425
428 16 23
430 237 123
432 14 431
434 15 428
436 435 433
438 12 437
440 13 427
442 441 439
444 10 443
446 11 421
448 447 445
450 141 333
452 15 332
454 453 411
456 12 455
458 13 451
460 459 457
462 71 397
464 14 463
466 453 465
468 71 123
470 14 469
472 195 471
474 12 473
476 13 467
478 477 475
480 10 479
482 11 461
484 483 481
486 6 485
488 7 449
490 489 487
492 323 361
494 15 392
496 12 494
498 13 493
500 499 497
502 59 333
504 14 503
506 13 504
508 507 439
510 10 509
512 11 501
514 513 511
516 12 452
518 13 322
520 519 517
522 14 52
524 13 522
526 525 475
528 10 527
530 11 521
532 531 529
534 6 533
536 7 515
538 537 535
540 8 539
542 9 491
544 543 541
546 323 335
548 12 360
550 13 547
552 551 549
554 14 396
556 13 554
558 557 549
560 10 559
562 11 553
564 563 561
566 343 549
568 10 567
570 11 518
572 571 569
574 8 573
576 9 565
578 577 575
580 4 579
582 5 545
584 583 581
586 2 585
588 3 391
590 589 587
592 11 42
594 75 333
596 14 595
598 15 60
600 599 597
602 12 601
604 13 92
606 605 603
608 10 607
610 11 86
612 611 609
614 6 613
616 7 592
618 617 615
620 15 24
622 621 193
624 12 623
626 13 163
628 627 625
630 10 629
632 11 160
634 633 631
636 75 69
638 14 637
640 15 54
642 641 639
644 12 643
646 13 205
648 647 645
650 10 649
652 11 202
654 653 651
656 6 655
658 7 635
660 659 657
662 8 661
664 9 619
666 665 663
668 125 333
670 14 669
672 15 71
674 673 671
676 12 675
678 13 262
680 679 677
682 10 681
684 11 254
686 685 683
688 14 129
690 673 689
692 12 691
694 13 298
696 695 693
698 10 697
700 11 294
702 701 699
704 6 703
706 7 687
708 707 705
710 125 69
712 14 711
714 673 713
716 12 715
718 13 335
720 719 717
722 10 721
724 11 330
726 725 723
728 14 407
730 673 729
732 12 731
734 719 733
736 10 735
738 11 358
740 739 737
742 6 741
744 7 727
746 745 743
748 8 747
750 9 709
752 751 749
754 4 753
756 5 667
758 757 755
760 17 21
762 761 69
764 14 763
766 15 429
768 767 765
770 12 769
772 13 426
774 773 771
776 10 775
778 11 420
780 779 777
782 14 408
784 15 69
786 785 783
788 12 787
790 13 466
792 791 789
794 10 793
796 11 460
798 797 795
800 6 799
802 7 781
804 803 801
806 13 505
808 807 771
810 10 809
812 11 500
814 813 811
816 13 523
818 817 789
820 10 819
822 11 520
824 823 821
826 6 825
828 7 815
830 829 827
832 8 831
834 9 805
836 835 833
838 14 406
840 12 839
842 13 555
844 843 841
846 10 845
848 11 552
850 849 847
852 719 841
854 10 853
856 11 519
858 857 855
860 8 859
862 9 851
864 863 861
866 4 865
868 5 837
870 869 867
872 2 871
874 3 759
876 875 873
878 195 27
880 12 879
882 71 25
884 15 883
886 12 884
888 13 26
890 889 887
892 10 891
894 11 880
896 895 893
898 131 429
900 14 38
902 15 899
904 903 901
906 12 905
908 12 268
910 13 194
912 911 909
914 10 913
916 11 906
918 917 915
920 8 919
922 9 897
924 923 921
926 889 909
928 10 927
930 269 901
932 12 931
934 10 908
936 11 932
938 937 935
940 8 939
942 9 928
944 943 941
946 4 945
948 5 925
950 949 947
952 453 27
954 12 953
956 11 954
958 15 396
960 12 958
962 13 452
964 10 962
966 11 960
968 967 965
970 8 969
972 9 956
974 973 971
976 5 975
978 2 976
980 3 951
982 981 979
984 14 238
986 15 36
988 987 505
990 12 989
992 13 984
994 993 991
996 39 429
998 14 58
1000 15 997
1002 1001 999
1004 15 21
1006 1005 999
1008 12 1007
1010 13 1003
1012 1011 1009
1014 10 1013
1016 11 995
1018 1017 1015
1020 4 1019
1022 3 1020
1024 14 146
1026 15 22
1028 1027 1025
1030 15 898
1032 1031 1025
1034 12 1033
1036 13 1029
1038 1037 1035
1040 17 18
1042 14 1040
1044 1027 1043
1046 147 333
1048 14 1047
1050 15 146
1052 1051 1049
1054 12 1053
1056 13 1045
1058 1057 1055
1060 10 1059
1062 11 1039
1064 1063 1061
1066 147 407
1068 14 60
1070 15 1067
1072 1071 1069
1074 12 80
1076 13 1073
1078 1077 1075
1080 11 1079
1082 1081 609
1084 6 1083
1086 7 1065
1088 1087 1085
1090 14 451
1092 1051 1091
1094 141 25
1096 15 1095
1098 1097 1049
1100 12 1099
1102 13 1093
1104 1103 1101
1106 13 140
1108 1107 1055
1110 10 1109
1112 11 1105
1114 1113 1111
1116 147 123
1118 15 1117
1120 1119 337
1122 1097 1025
1124 12 1123
1126 13 1121
1128 1127 1125
1130 14 140
1132 13 1130
1134 1133 603
1136 10 1135
1138 11 1129
1140 1139 1137
1142 6 1141
1144 7 1115
1146 1145 1143
1148 8 1147
1150 9 1089
1152 1151 1149
1154 323 1025
1156 12 1155
1158 13 146
1160 1159 1157
1162 13 1024
1164 10 1162
1166 11 1161
1168 1167 1165
1170 1119 1025
1172 14 74
1174 323 1173
1176 12 1175
1178 13 1171
1180 1179 1177
1182 12 900
1184 13 1172
1186 1185 1183
1188 10 1187
1190 11 1181
1192 1191 1189
1194 6 1193
1196 7 1169
1198 1197 1195
1200 1051 335
1202 13 1201
1204 1203 1157
1206 10 518
1208 11 1205
1210 1209 1207
1212 13 1118
1214 1213 1157
1216 10 1182
1218 11 1215
1220 1219 1217
1222 6 1221
1224 7 1211
1226 1225 1223
1228 8 1227
1230 9 1199
1232 1231 1229
1234 4 1233
1236 5 1153
1238 1237 1235
1240 621 1131
1242 12 1024
1244 13 1241
1246 1245 1243
1248 10 1247
1250 11 620
1252 1251 1249
1254 621 361
1256 15 406
1258 12 1256
1260 13 1255
1262 1261 1259
1264 1257 1131
1266 15 122
1268 1267 1025
1270 12 1269
1272 13 1265
1274 1273 1271
1276 10 1275
1278 11 1263
1280 1279 1277
1282 6 1281
1284 7 1253
1286 1285 1283
1288 12 620
1290 13 1090
1292 1291 1289
1294 1133 1243
1296 10 1295
1298 11 1293
1300 1299 1297
1302 13 360
1304 1303 1289
1306 1133 1271
1308 10 1307
1310 11 1305
1312 1311 1309
1314 6 1313
1316 7 1301
1318 1317 1315
1320 8 1319
1322 9 1287
1324 1323 1321
1326 5 1325
1328 2 1326
1330 3 1239
1332 1331 1329
1334 131 123
1336 14 23
1338 15 1335
1340 1339 1337
1342 12 1341
1344 13 1028
1346 1345 1343
1348 14 899
1350 15 23
1352 1351 1349
1354 761 429
1356 17 23
1358 1357 95
1360 14 1359
1362 15 1355
1364 1363 1361
1366 12 1365
1368 13 1353
1370 1369 1367
1372 10 1371
1374 11 1347
1376 1375 1373
1378 59 429
1380 14 1379
1382 269 1381
1384 12 1383
1386 13 1072
1388 1387 1385
1390 71 429
1392 14 1391
1394 65 1393
1396 141 69
1398 15 1397
1400 1399 99
1402 12 1401
1404 13 1395
1406 1405 1403
1408 10 1407
1410 11 1389
1412 1411 1409
1414 6 1413
1416 7 1377
1418 1417 1415
1420 14 594
1422 1051 1421
1424 12 1423
1426 13 1092
1428 1427 1425
1430 14 141
1432 15 1396
1434 1433 1431
1436 15 237
1438 1437 1361
1440 12 1439
1442 13 1435
1444 1443 1441
1446 10 1445
1448 11 1429
1450 1449 1447
1452 1051 77
1454 12 1453
1456 13 1120
1458 1457 1455
1460 785 1431
1462 153 99
1464 12 1463
1466 13 1461
1468 1467 1465
1470 10 1469
1472 11 1459
1474 1473 1471
1476 6 1475
1478 7 1451
1480 1479 1477
1482 8 1481
1484 9 1419
1486 1485 1483
1488 15 147
1490 1489 205
1492 237 57
1494 14 668
1496 15 1493
1498 1497 1495
1500 12 1499
1502 13 1491
1504 1503 1501
1506 14 997
1508 15 996
1510 1509 1507
1512 75 429
1514 14 1513
1516 15 1358
1518 1517 1515
1520 12 1519
1522 13 1511
1524 1523 1521
1526 10 1525
1528 11 1505
1530 1529 1527
1532 15 1116
1534 1533 205
1536 14 128
1538 1497 1537
1540 12 1539
1542 13 1535
1544 1543 1541
1546 14 428
1548 1509 1547
1550 147 429
1552 14 1551
1554 1517 1553
1556 12 1555
1558 13 1549
1560 1559 1557
1562 10 1561
1564 11 1545
1566 1565 1563
1568 6 1567
1570 7 1531
1572 1571 1569
1574 237 145
1576 14 1575
1578 1489 1577
1580 147 57
1582 15 1581
1584 1583 1537
1586 12 1585
1588 13 1579
1590 1589 1587
1592 14 59
1594 15 1354
1596 1595 1593
1598 13 1597
1600 1599 1521
1602 10 1601
1604 11 1591
1606 1605 1603
1608 1533 241
1610 13 1609
1612 1611 1587
1614 13 1002
1616 1615 1557
1618 10 1617
1620 11 1613
1622 1621 1619
1624 6 1623
1626 7 1607
1628 1627 1625
1630 8 1629
1632 9 1573
1634 1633 1631
1636 4 1635
1638 5 1487
1640 1639 1637
1642 125 397
1644 14 1643
1646 15 408
1648 1647 1645
1650 147 95
1652 15 1651
1654 1653 433
1656 12 1655
1658 13 1649
1660 1659 1657
1662 237 397
1664 14 761
1666 15 1663
1668 1667 1665
1670 15 761
1672 1671 465
1674 12 1673
1676 13 1669
1678 1677 1675
1680 10 1679
1682 11 1661
1684 1683 1681
1686 1647 671
1688 15 149
1690 1689 433
1692 12 1691
1694 13 1687
1696 1695 1693
1698 237 333
1700 15 1699
1702 1701 1665
1704 1497 465
1706 12 1705
1708 13 1703
1710 1709 1707
1712 10 1711
1714 11 1697
1716 1715 1713
1718 6 1717
1720 7 1685
1722 1721 1719
1724 15 468
1726 1725 433
1728 14 762
1730 1689 1729
1732 12 1731
1734 13 1727
1736 1735 1733
1738 15 762
1740 1739 1665
1742 13 1741
1744 1743 1675
1746 10 1745
1748 11 1737
1750 1749 1747
1752 1725 671
1754 13 1753
1756 1755 1733
1758 1743 1707
1760 10 1759
1762 11 1757
1764 1763 1761
1766 6 1765
1768 7 1751
1770 1769 1767
1772 8 1771
1774 9 1723
1776 1775 1773
1778 5 1777
1780 2 1778
1782 3 1641
1784 1783 1781
1786 14 1642
1788 15 469
1790 1789 1787
1792 15 1356
1794 1793 765
1796 12 1795
1798 13 1791
1800 1799 1797
1802 761 145
1804 15 1803
1806 1805 901
1808 14 1803
1810 15 760
1812 1811 1809
1814 12 1813
1816 13 1807
1818 1817 1815
1820 10 1819
1822 11 1801
1824 1823 1821
1826 5 1825
1828 2 1826
1830 14 142
1832 673 1831
1834 1351 1495
1836 12 1835
1838 13 1833
1840 1839 1837
1842 59 165
1844 14 1843
1846 15 239
1848 1847 1845
1850 15 244
1852 1851 1049
1854 12 1853
1856 13 1849
1858 1857 1855
1860 10 1859
1862 11 1841
1864 1863 1861
1866 7 1865
1868 1867 117
1870 1357 397
1872 14 1871
1874 169 1873
1876 12 904
1878 13 1875
1880 1879 1877
1882 1357 407
1884 14 333
1886 15 1883
1888 1887 1885
1890 14 25
1892 15 316
1894 1893 1891
1896 12 1895
1898 13 1889
1900 1899 1897
1902 10 1901
1904 11 1881
1906 1905 1903
1908 13 41
1910 1909 1877
1912 673 1891
1914 12 1913
1916 13 195
1918 1917 1915
1920 10 1919
1922 11 1911
1924 1923 1921
1926 6 1925
1928 7 1907
1930 1929 1927
1932 8 1931
1934 9 1869
1936 1935 1933
1938 131 25
1940 14 237
1942 15 1939
1944 1943 1941
1946 987 671
1948 12 1947
1950 13 1945
1952 1951 1949
1954 14 145
1956 15 882
1958 1957 1955
1960 15 1359
1962 1961 1891
1964 12 1963
1966 13 1959
1968 1967 1965
1970 10 1969
1972 11 1953
1974 1973 1971
1976 14 1356
1978 1961 1977
1980 12 1979
1982 13 1548
1984 1983 1981
1986 10 1985
1988 11 1544
1990 1989 1987
1992 6 1991
1994 7 1975
1996 1995 1993
1998 43 933
2000 11 1999
2002 2001 935
2004 6 939
2006 7 2003
2008 2007 2005
2010 8 2009
2012 9 1997
2014 2013 2011
2016 4 2015
2018 5 1937
2020 2019 2017
2022 15 763
2024 2023 471
2026 147 129
2028 14 1117
2030 15 2027
2032 2031 2029
2034 12 2033
2036 13 2025
2038 2037 2035
2040 71 393
2042 237 165
2044 14 2043
2046 15 2041
2048 2047 2045
2050 15 20
2052 12 2050
2054 13 2049
2056 2055 2053
2058 10 2057
2060 11 2039
2062 2061 2059
2064 15 1334
2066 2065 671
2068 15 1870
2070 2069 433
2072 12 2071
2074 13 2067
2076 2075 2073
2078 14 39
2080 2051 2079
2082 14 1663
2084 1497 2083
2086 12 2085
2088 13 2081
2090 2089 2087
2092 10 2091
2094 11 2077
2096 2095 2093
2098 6 2097
2100 7 2063
2102 2101 2099
2104 12 412
2106 12 27
2108 13 453
2110 2109 2107
2112 10 2111
2114 11 2105
2116 2115 2113
2118 12 413
2120 1909 2119
2122 15 333
2124 2123 1431
2126 14 22
2128 12 2127
2130 13 2125
2132 2131 2129
2134 10 2133
2136 11 2121
2138 2137 2135
2140 6 2139
2142 7 2117
2144 2143 2141
2146 8 2145
2148 9 2103
2150 2149 2147
2152 15 130
2154 12 998
2156 13 2152
2158 2157 2155
2160 987 1361
2162 12 2161
2164 13 36
2166 2165 2163
2168 10 2167
2170 11 2159
2172 2171 2169
2174 7 2173
2176 17 51
2178 2177 25
2180 14 1334
2182 15 2179
2184 2183 2181
2186 323 505
2188 12 2187
2190 13 2185
2192 2191 2189
2194 89 123
2196 14 2042
2198 15 2195
2200 2199 2197
2202 15 265
2204 2203 1891
2206 12 2205
2208 13 2201
2210 2209 2207
2212 10 2211
2214 11 2193
2216 2215 2213
2218 7 2217
2220 8 2218
2222 9 2174
2224 2223 2221
2226 4 2225
2228 5 2151
2230 2229 2227
2232 2 2231
2234 3 2021
2236 2235 2233
2238 14 264
2240 1583 2239
2242 12 2241
2244 13 1832
2246 2245 2243
2248 15 238
2250 2249 261
2252 15 450
2254 2253 1361
2256 12 2255
2258 13 2251
2260 2259 2257
2262 10 2261
2264 11 2247
2266 2265 2263
2268 15 1378
2270 2269 1025
2272 12 1340
2274 13 2271
2276 2275 2273
2278 1595 1049
2280 12 2279
2282 13 1352
2284 2283 2281
2286 10 2285
2288 11 2277
2290 2289 2287
2292 6 2291
2294 7 2267
2296 2295 2293
2298 1874 13
2300 15 145
2302 2301 1891
2304 12 2303
2306 13 1200
2308 2307 2305
2310 10 2309
2312 11 2299
2314 2313 2311
2316 125 429
2318 14 2317
2320 15 37
2322 2321 2319
2324 12 2322
2326 10 2325
2328 11 2165
2330 2329 2327
2332 6 2331
2334 7 2315
2336 2335 2333
2338 8 2337
2340 9 2297
2342 2341 2339
2344 14 70
2346 15 1379
2348 2347 2345
2350 13 2349
2352 2351 1501
2354 885 267
2356 1517 267
2358 12 2357
2360 13 2355
2362 2361 2359
2364 10 2363
2366 11 2353
2368 2367 2365
2370 7 2369
2372 2371 1569
2374 12 323
2376 13 1596
2378 2377 2375
2380 14 1870
2382 15 1041
2384 2383 2381
2386 13 2385
2388 2387 2053
2390 10 2389
2392 11 2379
2394 2393 2391
2396 2321 713
2398 2396 13
2400 2051 1553
2402 12 2401
2404 13 999
2406 2405 2403
2408 10 2407
2410 11 2399
2412 2411 2409
2414 6 2413
2416 7 2395
2418 2417 2415
2420 8 2419
2422 9 2373
2424 2423 2421
2426 4 2425
2428 5 2343
2430 2429 2427
2432 14 883
2434 453 2433
2436 12 2435
2438 1267 471
2440 12 2439
2442 13 122
2444 2443 2441
2446 10 2445
2448 11 2436
2450 2449 2447
2452 43 955
2454 11 2453
2456 6 2454
2458 7 2451
2460 2459 2457
2462 14 468
2464 1433 2463
2466 141 257
2468 15 2467
2470 2469 319
2472 12 2471
2474 13 2465
2476 2475 2473
2478 147 397
2480 15 2479
2482 2481 401
2484 1005 167
2486 12 2485
2488 13 2483
2490 2489 2487
2492 10 2491
2494 11 2477
2496 2495 2493
2498 2469 193
2500 12 2499
2502 13 1752
2504 2503 2501
2506 14 88
2508 15 1492
2510 2509 2507
2512 12 2511
2514 13 2124
2516 2515 2513
2518 10 2517
2520 11 2505
2522 2521 2519
2524 6 2523
2526 7 2497
2528 2527 2525
2530 8 2529
2532 9 2461
2534 2533 2531
2536 15 264
2538 12 2536
2540 13 2200
2542 2541 2539
2544 10 2543
2546 11 2192
2548 2547 2545
2550 6 31
2552 7 2549
2554 2553 2551
2556 8 2174
2558 9 2555
2560 2559 2557
2562 4 2561
2564 5 2535
2566 2565 2563
2568 2 2567
2570 3 2431
2572 2571 2569
2574 12 504
2576 2245 2575
2578 39 397
2580 14 2579
2582 2509 2581
2584 2203 1361
2586 12 2585
2588 13 2583
2590 2589 2587
2592 10 2591
2594 11 2577
2596 2595 2593
2598 7 2597
2600 1595 2181
2602 13 2601
2604 2603 2189
2606 11 2605
2608 2607 2213
2610 987 901
2612 12 2611
2614 10 2612
2616 11 2164
2618 2617 2615
2620 6 2619
2622 7 2609
2624 2623 2621
2626 8 2625
2628 9 2598
2630 2629 2627
2632 15 2176
2634 2633 1025
2636 13 2635
2638 2637 1157
2640 14 54
2642 13 2640
2644 2643 273
2646 10 2645
2648 11 2639
2650 2649 2647
2652 15 74
2654 2653 1025
2656 13 2655
2658 2657 1157
2660 13 2126
2662 2661 909
2664 10 2663
2666 11 2659
2668 2667 2665
2670 6 2669
2672 7 2651
2674 2673 2671
2676 14 450
2678 1437 2677
2680 14 2027
2682 1583 2681
2684 12 2683
2686 13 2679
2688 2687 2685
2690 14 37
2692 1595 2691
2694 13 2693
2696 2695 677
2698 10 2697
2700 11 2689
2702 2701 2699
2704 15 39
2706 2705 1431
2708 2065 2681
2710 12 2709
2712 13 2707
2714 2713 2711
2716 13 1001
2718 2717 1915
2720 10 2719
2722 11 2715
2724 2723 2721
2726 6 2725
2728 7 2703
2730 2729 2727
2732 8 2731
2734 9 2675
2736 2735 2733
2738 4 2737
2740 5 2631
2742 2741 2739
2744 15 431
2746 2745 2463
2748 12 2032
2750 13 2747
2752 2751 2749
2754 15 2040
2756 2755 2581
2758 1005 1337
2760 12 2759
2762 13 2757
2764 2763 2761
2766 10 2765
2768 11 2753
2770 2769 2767
2772 14 430
2774 15 2026
2776 2775 2773
2778 12 2777
2780 1799 2779
2782 11 2781
2784 2783 1821
2786 6 2785
2788 7 2771
2790 2789 2787
2792 1399 425
2794 12 2498
2796 13 2793
2798 2797 2795
2800 15 1046
2802 2801 1885
2804 237 95
2806 14 2805
2808 15 1802
2810 2809 2807
2812 12 2811
2814 13 2803
2816 2815 2813
2818 10 2817
2820 11 2799
2822 2821 2819
2824 1497 1393
2826 12 2825
2828 2131 2827
2830 10 2829
2832 11 2504
2834 2833 2831
2836 6 2835
2838 7 2823
2840 2839 2837
2842 8 2841
2844 9 2791
2846 2845 2843
2848 9 31
2850 2849 2221
2852 4 2851
2854 5 2847
2856 2855 2853
2858 2 2857
2860 3 2743
2862 2861 2859
2864 14 147
2866 15 2178
2868 2867 2865
2870 14 125
2872 903 2871
2874 12 2873
2876 13 2869
2878 2877 2875
2880 14 2194
2882 65 2881
2884 12 100
2886 13 2883
2888 2887 2885
2890 10 2889
2892 11 2879
2894 2893 2891
2896 12 1032
2898 13 2270
2900 2899 2897
2902 1489 1361
2904 12 2903
2906 13 1044
2908 2907 2905
2910 10 2909
2912 11 2901
2914 2913 2911
2916 6 2915
2918 7 2895
2920 2919 2917
2922 1027 2181
2924 39 333
2926 14 2925
2928 1351 2927
2930 12 2929
2932 13 2923
2934 2933 2931
2936 1041 69
2938 15 2937
2940 2939 1091
2942 15 317
2944 2943 1049
2946 12 2945
2948 13 2941
2950 2949 2947
2952 10 2951
2954 11 2935
2956 2955 2953
2958 1267 337
2960 13 2959
2962 2961 907
2964 1339 901
2966 12 2965
2968 911 2967
2970 10 2969
2972 11 2963
2974 2973 2971
2976 6 2975
2978 7 2957
2980 2979 2977
2982 8 2981
2984 9 2921
2986 2985 2983
2988 13 268
2990 14 710
2992 13 2990
2994 2993 273
2996 10 2995
2998 11 2988
3000 2999 2997
3002 6 928
3004 7 3001
3006 3005 3003
3008 15 2177
3010 3009 2677
3012 13 3011
3014 3013 1587
3016 11 3015
3018 3017 2699
3020 1533 1431
3022 13 3021
3024 3023 1587
3026 673 2319
3028 12 3027
3030 2717 3029
3032 10 3031
3034 11 3025
3036 3035 3033
3038 6 3037
3040 7 3019
3042 3041 3039
3044 8 3043
3046 9 3007
3048 3047 3045
3050 4 3049
3052 5 2987
3054 3053 3051
3056 14 1067
3058 15 1357
3060 3059 3057
3062 12 3061
3064 13 2746
3066 3065 3063
3068 2051 1025
3070 12 3069
3072 13 2756
3074 3073 3071
3076 10 3075
3078 11 3067
3080 3079 3077
3082 1671 2083
3084 12 3083
3086 13 1806
3088 3087 3085
3090 10 3089
3092 11 1800
3094 3093 3091
3096 6 3095
3098 7 3081
3100 3099 3097
3102 761 333
3104 14 3103
3106 1805 3105
3108 12 3107
3110 13 2802
3112 3111 3109
3114 10 3113
3116 11 2798
3118 3117 3115
3120 13 2066
3122 3121 2501
3124 11 3123
3126 3125 2519
3128 6 3127
3130 7 3119
3132 3131 3129
3134 8 3133
3136 9 3101
3138 3137 3135
3140 5 3139
3142 3141 2853
3144 2 3143
3146 3 3055
3148 3147 3145
3150 2705 1831
3152 12 335
3154 13 3151
3156 3155 3153
3158 13 546
3160 3159 2305
3162 10 3161
3164 11 3157
3166 3165 3163
3168 6 49
3170 7 3167
3172 3171 3169
3174 15 75
3176 3175 2677
3178 12 546
3180 13 3177
3182 3181 3179
3184 14 1358
3186 12 3185
3188 13 141
3190 3189 3187
3192 10 3191
3194 11 3183
3196 3195 3193
3198 7 3197
3200 3199 3169
3202 8 3201
3204 9 3173
3206 3205 3203
3208 14 71
3210 1595 3209
3212 12 1498
3214 13 3211
3216 3215 3213
3218 11 3217
3220 3219 1971
3222 1961 999
3224 12 3223
3226 13 1510
3228 3227 3225
3230 10 3229
3232 11 1504
3234 3233 3231
3236 6 3235
3238 7 3221
3240 3239 3237
3242 12 930
3244 13 2153
3246 3245 3243
3248 13 337
3250 3249 677
3252 10 3251
3254 11 3247
3256 3255 3253
3258 13 987
3260 3259 3243
3262 12 3026
3264 10 3263
3266 11 3261
3268 3267 3265
3270 6 3269
3272 7 3257
3274 3273 3271
3276 8 3275
3278 9 3241
3280 3279 3277
3282 4 3281
3284 5 3207
3286 3285 3283
3288 12 1654
3290 13 2024
3292 3291 3289
3294 15 462
3296 3295 3105
3298 1805 783
3300 12 3299
3302 13 3297
3304 3303 3301
3306 10 3305
3308 11 3293
3310 3309 3307
3312 89 145
3314 14 3313
3316 1811 3315
3318 12 3317
3320 13 1668
3322 3321 3319
3324 10 3323
3326 11 1660
3328 3327 3325
3330 6 3329
3332 7 3311
3334 3333 3331
3336 15 1550
3338 3337 765
3340 12 3339
3342 3291 3341
3344 15 3313
3346 3345 3105
3348 13 3347
3350 3349 3301
3352 10 3351
3354 11 3343
3356 3355 3353
3358 1799 3341
3360 14 760
3362 1805 3361
3364 13 3363
3366 3365 3319
3368 10 3367
3370 11 3359
3372 3371 3369
3374 6 3373
3376 7 3357
3378 3377 3375
3380 8 3379
3382 9 3335
3384 3383 3381
3386 8 2555
3388 4 3386
3390 5 3385
3392 3391 3389
3394 2 3393
3396 3 3287
3398 3397 3395
3400 2065 3185
3402 12 3401
3404 2933 3403
3406 1041 393
3408 14 3407
3410 1031 3409
3412 15 2043
3414 3413 1049
3416 12 3415
3418 13 3411
3420 3419 3417
3422 10 3421
3424 11 3405
3426 3425 3423
3428 11 1346
3430 3429 2287
3432 6 3431
3434 7 3427
3436 3435 3433
3438 2933 1101
3440 15 1040
3442 3441 1091
3444 1689 1049
3446 12 3445
3448 13 3443
3450 3449 3447
3452 10 3451
3454 11 3439
3456 3455 3453
3458 13 1050
3460 3459 1125
3462 1133 1055
3464 10 3463
3466 11 3461
3468 3467 3465
3470 6 3469
3472 7 3457
3474 3473 3471
3476 8 3475
3478 9 3437
3480 3479 3477
3482 12 988
3484 13 1944
3486 3485 3483
3488 885 2381
3490 13 3489
3492 3491 2053
3494 10 3493
3496 11 3487
3498 3497 3495
3500 2705 241
3502 13 3501
3504 3503 3483
3506 2051 1515
3508 12 3507
3510 1615 3509
3512 10 3511
3514 11 3505
3516 3515 3513
3518 6 3517
3520 7 3499
3522 3521 3519
3524 15 236
3526 3525 335
3528 189 1173
3530 12 3529
3532 13 3527
3534 3533 3531
3536 323 337
3538 13 3537
3540 3539 273
3542 10 3541
3544 11 3535
3546 3545 3543
3548 1213 3531
3550 10 932
3552 11 3549
3554 3553 3551
3556 6 3555
3558 7 3547
3560 3559 3557
3562 8 3561
3564 9 3523
3566 3565 3563
3568 4 3567
3570 5 3481
3572 3571 3569
3574 153 471
3576 12 1794
3578 13 3575
3580 3579 3577
3582 14 2924
3584 15 3312
3586 3585 3583
3588 2809 433
3590 12 3589
3592 13 3587
3594 3593 3591
3596 10 3595
3598 11 3581
3600 3599 3597
3602 2065 1645
3604 13 3603
3606 3605 3577
3608 11 3607
3610 3609 3091
3612 6 3611
3614 7 3601
3616 3615 3613
3618 2797 3577
3620 11 3619
3622 3621 3597
3624 7 3623
3626 3625 3613
3628 8 3627
3630 9 3617
3632 3631 3629
3634 12 547
3636 2933 3635
3638 15 144
3640 3639 1049
3642 12 3641
3644 3449 3643
3646 10 3645
3648 11 3637
3650 3649 3647
3652 7 3651
3654 4 3652
3656 5 3633
3658 3657 3655
3660 2 3659
3662 3 3573
3664 3663 3661
i0 p0b0btn2min
i1 p0b0btn2sec
i2 p0p0eq0time0f1dzero1b
i3 p0b0btn2start2stop
o0 u0dsp0f1ddisplay0time1b
o1 u0time0f1dzero1b
o2 u0beep0p1dbf1b
o3 u0beep0p1dbt1b
o4 u0beep0beep
o5 u0dsp0dsp
o6 u0time0f1dcountup0time0dt1b
o7 u0time0f1dinc2seconds0time1b
o8 u0time0f1dcountdown0time0dt1b
o9 u0time0time
o10 u0time0f1dinc2minutes0time1b
{"is_completed":true,"output_vars":["u0time0f1dcountup0time0dt1b","u0time0f1dcountdown0time0dt1b","u0time0f1dinc2seconds0time1b","u0time0f1dinc2minutes0time1b","u0time0f1dzero1b","u0time0time","u0dsp0f1ddisplay0time1b","u0dsp0dsp","u0beep0p1dbf1b","u0beep0p1dbt1b","u0beep0beep"],"input_vars":["p0p0eq0time0f1dzero1b","p0b0btn2start2stop","p0b0btn2sec","p0b0btn2min"],"formula":"((((((((((((G (((! (((u0beep0p1dbt1b) && (! ((u0beep0p1dbf1b) || (u0beep0beep)))) <-> ((! (((u0beep0p1dbf1b) && (! (u0beep0beep))) <-> ((u0beep0beep) && (! (u0beep0p1dbf1b))))) && (! (u0beep0p1dbt1b))))) && (! (((u0dsp0dsp) && (! (u0dsp0f1ddisplay0time1b))) <-> ((u0dsp0f1ddisplay0time1b) && (! (u0dsp0dsp)))))) && (! (((! (((u0time0f1dinc2minutes0time1b) && (! ((u0time0time) || (u0time0f1dcountdown0time0dt1b)))) <-> ((! (((u0time0time) && (! (u0time0f1dcountdown0time0dt1b))) <-> ((u0time0f1dcountdown0time0dt1b) && (! (u0time0time))))) && (! (u0time0f1dinc2minutes0time1b))))) && (! (((u0time0f1dcountup0time0dt1b) || (u0time0f1dinc2seconds0time1b)) || (u0time0f1dzero1b)))) <-> ((! (((u0time0f1dinc2seconds0time1b) && (! ((u0time0f1dzero1b) || (u0time0f1dcountup0time0dt1b)))) <-> ((! (((u0time0f1dzero1b) && (! (u0time0f1dcountup0time0dt1b))) <-> ((u0time0f1dcountup0time0dt1b) && (! (u0time0f1dzero1b))))) && (! (u0time0f1dinc2seconds0time1b))))) && (! (((u0time0f1dcountdown0time0dt1b) || (u0time0f1dinc2minutes0time1b)) || (u0time0time)))))))) && (G (((p0b0btn2min) && (p0b0btn2sec)) <-> (u0time0f1dzero1b)))) && (G ((((! ((u0time0f1dcountup0time0dt1b) || (u0time0f1dcountdown0time0dt1b))) && ((! (p0b0btn2min)) && (X (p0b0btn2min)))) && (X (! (p0b0btn2sec)))) <-> (X (u0time0f1dinc2minutes0time1b))))) && (G ((((! ((u0time0f1dcountup0time0dt1b) || (u0time0f1dcountdown0time0dt1b))) && ((! (p0b0btn2sec)) && (X (p0b0btn2sec)))) && (X (! (p0b0btn2min)))) <-> (X (u0time0f1dinc2seconds0time1b))))) && (G ((p0p0eq0time0f1dzero1b) -> (((((u0time0time) && ((((! (p0b0btn2start2stop)) && (X (p0b0btn2start2stop))) && (! ((! (p0b0btn2min)) && (X (p0b0btn2min))))) && (! ((! (p0b0btn2sec)) && (X (p0b0btn2sec)))))) -> (X ((((u0time0f1dcountup0time0dt1b) && (! ((((! (p0b0btn2min)) && (X (p0b0btn2min))) || ((! (p0b0btn2sec)) && (X (p0b0btn2sec)))) || ((! (p0b0btn2start2stop)) && (X (p0b0btn2start2stop)))))) U (((p0b0btn2min) && (p0b0btn2sec)) || ((u0time0f1dcountup0time0dt1b) && ((((! (p0b0btn2min)) && (X (p0b0btn2min))) || ((! (p0b0btn2sec)) && (X (p0b0btn2sec)))) || ((! (p0b0btn2start2stop)) && (X (p0b0btn2start2stop))))))) || (G ((u0time0f1dcountup0time0dt1b) && (! ((((! (p0b0btn2min)) && (X (p0b0btn2min))) || ((! (p0b0btn2sec)) && (X (p0b0btn2sec)))) || ((! (p0b0btn2start2stop)) && (X (p0b0btn2start2stop)))))))))) U ((u0time0f1dinc2minutes0time1b) || (u0time0f1dinc2seconds0time1b))) || (G (((u0time0time) && ((((! (p0b0btn2start2stop)) && (X (p0b0btn2start2stop))) && (! ((! (p0b0btn2min)) && (X (p0b0btn2min))))) && (! ((! (p0b0btn2sec)) && (X (p0b0btn2sec)))))) -> (X ((((u0time0f1dcountup0time0dt1b) && (! ((((! (p0b0btn2min)) && (X (p0b0btn2min))) || ((! (p0b0btn2sec)) && (X (p0b0btn2sec)))) || ((! (p0b0btn2start2stop)) && (X (p0b0btn2start2stop)))))) U (((p0b0btn2min) && (p0b0btn2sec)) || ((u0time0f1dcountup0time0dt1b) && ((((! (p0b0btn2min)) && (X (p0b0btn2min))) || ((! (p0b0btn2sec)) && (X (p0b0btn2sec)))) || ((! (p0b0btn2start2stop)) && (X (p0b0btn2start2stop))))))) || (G ((u0time0f1dcountup0time0dt1b) && (! ((((! (p0b0btn2min)) && (X (p0b0btn2min))) || ((! (p0b0btn2sec)) && (X (p0b0btn2sec)))) || ((! (p0b0btn2start2stop)) && (X (p0b0btn2start2stop))))))))))))))) && (G (((u0time0f1dinc2minutes0time1b) || (u0time0f1dinc2seconds0time1b)) -> (((((! ((u0time0f1dcountup0time0dt1b) || (u0time0f1dcountdown0time0dt1b))) && ((((! (p0b0btn2start2stop)) && (X (p0b0btn2start2stop))) && (! ((! (p0b0btn2min)) && (X (p0b0btn2min))))) && (! ((! (p0b0btn2sec)) && (X (p0b0btn2sec)))))) -> (X ((((u0time0f1dcountdown0time0dt1b) && (! ((((! (p0b0btn2min)) && (X (p0b0btn2min))) || ((! (p0b0btn2sec)) && (X (p0b0btn2sec)))) || ((! (p0b0btn2start2stop)) && (X (p0b0btn2start2stop)))))) U (((p0b0btn2min) && (p0b0btn2sec)) || ((u0time0f1dcountdown0time0dt1b) && ((((! (p0b0btn2min)) && (X (p0b0btn2min))) || ((! (p0b0btn2sec)) && (X (p0b0btn2sec)))) || ((! (p0b0btn2start2stop)) && (X (p0b0btn2start2stop))))))) || (G ((u0time0f1dcountdown0time0dt1b) && (! ((((! (p0b0btn2min)) && (X (p0b0btn2min))) || ((! (p0b0btn2sec)) && (X (p0b0btn2sec)))) || ((! (p0b0btn2start2stop)) && (X (p0b0btn2start2stop)))))))))) U (X (p0p0eq0time0f1dzero1b))) || (G (((! ((u0time0f1dcountup0time0dt1b) || (u0time0f1dcountdown0time0dt1b))) && ((((! (p0b0btn2start2stop)) && (X (p0b0btn2start2stop))) && (! ((! (p0b0btn2min)) && (X (p0b0btn2min))))) && (! ((! (p0b0btn2sec)) && (X (p0b0btn2sec)))))) -> (X ((((u0time0f1dcountdown0time0dt1b) && (! ((((! (p0b0btn2min)) && (X (p0b0btn2min))) || ((! (p0b0btn2sec)) && (X (p0b0btn2sec)))) || ((! (p0b0btn2start2stop)) && (X (p0b0btn2start2stop)))))) U (((p0b0btn2min) && (p0b0btn2sec)) || ((u0time0f1dcountdown0time0dt1b) && ((((! (p0b0btn2min)) && (X (p0b0btn2min))) || ((! (p0b0btn2sec)) && (X (p0b0btn2sec)))) || ((! (p0b0btn2start2stop)) && (X (p0b0btn2start2stop))))))) || (G ((u0time0f1dcountdown0time0dt1b) && (! ((((! (p0b0btn2min)) && (X (p0b0btn2min))) || ((! (p0b0btn2sec)) && (X (p0b0btn2sec)))) || ((! (p0b0btn2start2stop)) && (X (p0b0btn2start2stop))))))))))))))) && (G (((! ((u0time0f1dcountup0time0dt1b) || (u0time0f1dcountdown0time0dt1b))) && ((((((! (p0b0btn2start2stop)) && (X (p0b0btn2start2stop))) && ((! (p0b0btn2min)) && (X (p0b0btn2min)))) && (X (! (p0b0btn2sec)))) && (X (X (! (p0b0btn2sec))))) || (((((! (p0b0btn2start2stop)) && (X (p0b0btn2start2stop))) && ((! (p0b0btn2sec)) && (X (p0b0btn2sec)))) && (X (! (p0b0btn2min)))) && (X (X (! (p0b0btn2min))))))) -> (X (X ((((u0time0f1dcountdown0time0dt1b) && (! ((((! (p0b0btn2min)) && (X (p0b0btn2min))) || ((! (p0b0btn2sec)) && (X (p0b0btn2sec)))) || ((! (p0b0btn2start2stop)) && (X (p0b0btn2start2stop)))))) U (((p0b0btn2min) && (p0b0btn2sec)) || ((u0time0f1dcountdown0time0dt1b) && ((((! (p0b0btn2min)) && (X (p0b0btn2min))) || ((! (p0b0btn2sec)) && (X (p0b0btn2sec)))) || ((! (p0b0btn2start2stop)) && (X (p0b0btn2start2stop))))))) || (G ((u0time0f1dcountdown0time0dt1b) && (! ((((! (p0b0btn2min)) && (X (p0b0btn2min))) || ((! (p0b0btn2sec)) && (X (p0b0btn2sec)))) || ((! (p0b0btn2start2stop)) && (X (p0b0btn2start2stop))))))))))))) && (G (((((u0time0f1dcountup0time0dt1b) || (u0time0f1dcountdown0time0dt1b)) && ((((! (p0b0btn2min)) && (X (p0b0btn2min))) || ((! (p0b0btn2sec)) && (X (p0b0btn2sec)))) || ((! (p0b0btn2start2stop)) && (X (p0b0btn2start2stop))))) && (X (! ((p0b0btn2min) && (p0b0btn2sec))))) -> (X ((((u0time0time) && (! ((((! (p0b0btn2min)) && (X (p0b0btn2min))) || ((! (p0b0btn2sec)) && (X (p0b0btn2sec)))) || ((! (p0b0btn2start2stop)) && (X (p0b0btn2start2stop)))))) U (((p0b0btn2min) && (p0b0btn2sec)) || ((u0time0time) && ((((! (p0b0btn2min)) && (X (p0b0btn2min))) || ((! (p0b0btn2sec)) && (X (p0b0btn2sec)))) || ((! (p0b0btn2start2stop)) && (X (p0b0btn2start2stop))))))) || (G ((u0time0time) && (! ((((! (p0b0btn2min)) && (X (p0b0btn2min))) || ((! (p0b0btn2sec)) && (X (p0b0btn2sec)))) || ((! (p0b0btn2start2stop)) && (X (p0b0btn2start2stop)))))))))))) && (G (((X (! ((u0time0f1dcountup0time0dt1b) || (u0time0f1dcountdown0time0dt1b)))) && (X (X ((u0time0f1dcountup0time0dt1b) || (u0time0f1dcountdown0time0dt1b))))) -> (((X ((((! (p0b0btn2start2stop)) && (X (p0b0btn2start2stop))) && (! ((! (p0b0btn2min)) && (X (p0b0btn2min))))) && (! ((! (p0b0btn2sec)) && (X (p0b0btn2sec)))))) || (((((! (p0b0btn2start2stop)) && (X (p0b0btn2start2stop))) && ((! (p0b0btn2min)) && (X (p0b0btn2min)))) && (X (! (p0b0btn2sec)))) && (X (X (! (p0b0btn2sec)))))) || (((((! (p0b0btn2start2stop)) && (X (p0b0btn2start2stop))) && ((! (p0b0btn2sec)) && (X (p0b0btn2sec)))) && (X (! (p0b0btn2min)))) && (X (X (! (p0b0btn2min))))))))) && (G (u0dsp0f1ddisplay0time1b))) && (G (! ((u0beep0p1dbt1b) <-> (u0beep0p1dbf1b))))) && (G (((X ((u0time0f1dcountdown0time0dt1b) && (p0p0eq0time0f1dzero1b))) || ((((! (p0b0btn2min)) && (X (p0b0btn2min))) || ((! (p0b0btn2sec)) && (X (p0b0btn2sec)))) || ((! (p0b0btn2start2stop)) && (X (p0b0btn2start2stop))))) <-> (X (u0beep0p1dbt1b)))))","total_time":2296,"automaton":{"is_built":true,"build_duration":526,"total_states":323,"state_based_status":"true","prune_automaton_duration":1,"pruned_state_based_status":"true","prune_total_states":323,"total_edges":6326},"dependency":{"dependency_approach":"automaton","tested_dependencies":[],"total_duration":-1,"is_completed":true,"skipped_dependencies":true,"total_pair_state":-1},"unate":{"skipped_unate":true},"synthesis":{"model_checking_status":"UNKNOWN","independent_strategy":{"duration":1766,"realizability":"REALIZABLE","total_inputs":4,"total_outputs":11,"total_latches":6,"total_gates":1822},"dependent_strategy":{"duration":-1,"total_inputs":-1,"total_outputs":-1,"total_latches":-1,"total_gates":-1}}}
