aag 163 6 3 4 154
2
4
6
8
10
12
14 237
16 277
18 327
57
89
105
183
20 16 19
22 17 19
24 14 22
26 15 20
28 27 25
30 6 29
32 5 30
34 9 26
36 6 34
38 5 36
40 2 38
42 3 32
44 43 41
46 12 38
48 2 46
50 43 49
52 10 51
54 11 45
56 55 53
58 7 24
60 4 58
62 15 17
64 63 25
66 9 65
68 6 66
70 5 68
72 2 70
74 3 60
76 75 73
78 12 70
80 2 78
82 75 81
84 10 83
86 11 77
88 87 85
90 7 66
92 4 90
94 2 92
96 12 92
98 2 96
100 10 98
102 11 94
104 103 101
106 16 18
108 14 19
110 15 107
112 111 109
114 14 20
116 63 115
118 6 117
120 7 113
122 121 119
124 111 115
126 6 113
128 7 125
130 129 127
132 4 131
134 5 123
136 135 133
138 8 113
140 9 114
142 141 139
144 6 143
146 121 145
148 9 20
150 149 139
152 7 151
154 153 127
156 4 155
158 5 147
160 159 157
162 2 161
164 3 137
166 165 163
168 12 161
170 13 113
172 171 169
174 2 173
176 165 175
178 10 177
180 11 167
182 181 179
184 15 19
186 185 115
188 6 187
190 15 22
192 191 115
194 7 193
196 4 194
198 5 188
200 199 197
202 6 148
204 17 18
206 15 204
208 207 115
210 9 209
212 7 210
214 4 212
216 5 202
218 217 215
220 2 219
222 3 201
224 223 221
226 12 219
228 2 226
230 223 229
232 10 231
234 11 225
236 235 233
238 6 20
240 7 20
242 4 240
244 5 238
246 245 243
248 9 113
250 6 248
252 7 248
254 4 252
256 5 250
258 257 255
260 2 259
262 3 247
264 263 261
266 12 259
268 2 266
270 263 269
272 10 271
274 11 265
276 275 273
278 207 25
280 6 279
282 121 281
284 7 279
286 285 127
288 4 287
290 5 283
292 291 289
294 6 138
296 121 295
298 7 138
300 299 127
302 4 301
304 5 297
306 305 303
308 2 307
310 3 293
312 311 309
314 12 307
316 171 315
318 2 317
320 311 319
322 10 321
324 11 313
326 325 323
i0 p0b0room29empty
i1 p0b0room29light29off
i2 p0b0room29light29on
i3 p0b0switch29toggled
i4 p0b0room29somebody2enters
i5 p0b0room29somebody2leaves
o0 u0room29light0f1dturn2on1b
o1 u0room29light0f1dtoggle1b
o2 u0room29light0f1dturn2off1b
o3 u0room29light0room29light
{"is_completed":true,"output_vars":["u0room29light0f1dturn2off1b","u0room29light0f1dtoggle1b","u0room29light0f1dturn2on1b","u0room29light0room29light"],"input_vars":["p0b0room29light29off","p0b0room29light29on","p0b0room29somebody2leaves","p0b0room29somebody2enters","p0b0switch29toggled","p0b0room29empty"],"formula":"((G (! (((! (((u0room29light0f1dtoggle1b) && (! (u0room29light0room29light))) <-> ((u0room29light0room29light) && (! (u0room29light0f1dtoggle1b))))) && (! ((u0room29light0f1dturn2off1b) || (u0room29light0f1dturn2on1b)))) <-> ((! (((u0room29light0f1dturn2off1b) && (! (u0room29light0f1dturn2on1b))) <-> ((u0room29light0f1dturn2on1b) && (! (u0room29light0f1dturn2off1b))))) && (! ((u0room29light0f1dtoggle1b) || (u0room29light0room29light))))))) && ((G (((((((p0b0room29empty) -> (! (p0b0switch29toggled))) && ((p0b0room29somebody2enters) -> (((! (p0b0room29empty)) U (p0b0room29somebody2leaves)) || (G (! (p0b0room29empty)))))) && (((p0b0room29somebody2leaves) && (p0b0room29empty)) -> (((p0b0room29empty) U (p0b0room29somebody2enters)) || (G (p0b0room29empty))))) && (! ((p0b0room29light29on) <-> (p0b0room29light29off)))) && (((u0room29light0f1dturn2on1b) || ((u0room29light0f1dtoggle1b) && (p0b0room29light29off))) -> (X (F (((u0room29light0f1dturn2off1b) || (u0room29light0f1dtoggle1b)) R (p0b0room29light29on)))))) && (((u0room29light0f1dturn2off1b) || ((u0room29light0f1dtoggle1b) && (p0b0room29light29on))) -> (X (F (((u0room29light0f1dturn2on1b) || (u0room29light0f1dtoggle1b)) R (p0b0room29light29off))))))) -> (G ((X (p0b0room29light29on)) -> (! (p0b0room29empty))))))","total_time":20,"automaton":{"is_built":true,"build_duration":5,"total_states":11,"state_based_status":"true","prune_automaton_duration":0,"pruned_state_based_status":"true","prune_total_states":11,"total_edges":31},"dependency":{"dependency_approach":"automaton","tested_dependencies":[],"total_duration":-1,"is_completed":true,"skipped_dependencies":true,"total_pair_state":-1},"unate":{"skipped_unate":true},"synthesis":{"model_checking_status":"UNKNOWN","independent_strategy":{"duration":14,"realizability":"REALIZABLE","total_inputs":6,"total_outputs":4,"total_latches":3,"total_gates":154},"dependent_strategy":{"duration":-1,"total_inputs":-1,"total_outputs":-1,"total_latches":-1,"total_gates":-1}}}
