aag 650 8 4 8 638
2
4
6
8
10
12
14
16
18 861
20 1069
22 1143
24 1301
78
0
189
249
443
478
523
681
26 22 24
28 20 23
30 21 27
32 31 29
34 18 32
36 17 35
38 15 36
40 12 38
42 24 23
44 23 25
46 20 44
48 21 43
50 49 47
52 20 25
54 21 26
56 55 53
58 18 57
60 19 51
62 61 59
64 17 63
66 15 64
68 13 66
70 10 68
72 11 40
74 73 71
76 4 75
78 2 76
80 44 21
82 20 27
84 21 23
86 85 83
88 18 87
90 19 81
92 91 89
94 92 9
96 12 94
98 94 13
100 10 99
102 11 97
104 103 101
106 18 42
108 19 31
110 109 107
112 110 9
114 12 112
116 112 13
118 10 117
120 11 115
122 121 119
124 6 123
126 7 105
128 127 125
130 112 17
132 130 15
134 12 132
136 132 13
138 10 137
140 11 135
142 141 139
144 142 7
146 8 34
148 147 17
150 148 15
152 12 150
154 20 45
156 19 154
158 157 107
160 8 62
162 9 159
164 163 161
166 164 17
168 166 15
170 168 13
172 10 171
174 11 153
176 175 173
178 4 177
180 5 145
182 181 179
184 2 183
186 3 129
188 187 185
190 18 54
192 19 80
194 193 191
196 12 195
198 11 196
200 12 63
202 11 200
204 6 202
206 7 198
208 207 205
210 12 66
212 11 210
214 7 212
216 21 22
218 217 47
220 19 219
222 221 59
224 17 223
226 15 224
228 12 226
230 11 228
232 6 212
234 7 230
236 235 233
238 4 237
240 5 214
242 241 239
244 2 243
246 3 209
248 247 245
250 20 43
252 21 45
254 253 251
256 19 255
258 257 89
260 12 258
262 18 26
264 262 13
266 10 265
268 11 261
270 269 267
272 34 13
274 10 273
276 11 13
278 277 275
280 6 279
282 7 271
284 283 281
286 22 25
288 20 286
290 21 42
292 291 289
294 19 293
296 20 22
298 291 297
300 19 299
302 301 107
304 8 303
306 9 294
308 307 305
310 308 17
312 310 15
314 12 312
316 45 27
318 21 317
320 319 29
322 18 33
324 19 321
326 325 323
328 21 25
330 329 47
332 18 331
334 325 333
336 8 335
338 9 327
340 339 337
342 340 17
344 342 15
346 344 13
348 10 347
350 11 315
352 351 349
354 352 7
356 19 288
358 20 42
360 21 316
362 361 359
364 18 363
366 19 50
368 367 365
370 8 369
372 9 356
374 373 371
376 374 17
378 376 15
380 12 378
382 55 47
384 18 46
386 19 383
388 387 385
390 8 389
392 9 383
394 393 391
396 394 17
398 396 15
400 398 13
402 10 401
404 11 381
406 405 403
408 17 15
410 12 408
412 61 385
414 412 17
416 414 15
418 416 13
420 10 419
422 11 411
424 423 421
426 6 425
428 7 407
430 429 427
432 4 431
434 5 355
436 435 433
438 2 437
440 3 285
442 441 439
444 9 300
446 445 305
448 17 447
450 15 448
452 13 450
454 10 452
456 7 454
458 31 359
460 18 459
462 367 461
464 17 463
466 15 464
468 13 466
470 10 468
472 4 470
474 5 456
476 475 473
478 2 477
480 9 34
482 17 480
484 15 482
486 12 484
488 20 26
490 329 489
492 18 491
494 19 290
496 495 493
498 9 497
500 17 498
502 15 500
504 13 502
506 10 504
508 11 486
510 509 507
512 4 511
514 5 144
516 515 513
518 2 517
520 3 128
522 521 519
524 21 286
526 525 489
528 18 527
530 19 358
532 531 529
534 12 533
536 10 264
538 11 534
540 539 537
542 12 62
544 10 272
546 11 542
548 547 545
550 6 549
552 7 541
554 553 551
556 20 24
558 18 56
560 19 556
562 561 559
564 531 493
566 8 565
568 9 563
570 569 567
572 17 571
574 15 572
576 12 574
578 19 524
580 579 35
582 17 581
584 15 582
586 13 584
588 10 586
590 11 576
592 591 589
594 7 593
596 85 557
598 19 597
600 599 559
602 81 489
604 18 603
606 193 605
608 8 607
610 9 601
612 611 609
614 17 613
616 15 614
618 12 616
620 18 296
622 19 328
624 623 621
626 623 35
628 8 627
630 9 625
632 631 629
634 17 633
636 15 634
638 13 636
640 10 638
642 11 618
644 643 641
646 17 62
648 15 646
650 12 648
652 17 34
654 15 652
656 13 654
658 10 656
660 11 650
662 661 659
664 6 663
666 7 645
668 667 665
670 4 669
672 5 594
674 673 671
676 2 675
678 3 555
680 679 677
682 530 9
684 12 682
686 682 13
688 10 687
690 11 685
692 691 689
694 18 291
696 19 29
698 697 695
700 698 9
702 12 700
704 700 13
706 10 705
708 11 703
710 709 707
712 6 711
714 7 693
716 715 713
718 21 287
720 719 53
722 18 47
724 19 721
726 725 723
728 19 218
730 729 723
732 8 731
734 9 727
736 735 733
738 736 17
740 738 15
742 12 740
744 19 359
746 745 723
748 8 388
750 9 747
752 751 749
754 752 17
756 754 15
758 756 13
760 10 759
762 11 743
764 763 761
766 764 7
768 217 83
770 18 329
772 19 769
774 773 771
776 18 45
778 729 777
780 8 779
782 9 775
784 783 781
786 784 17
788 786 15
790 12 788
792 18 55
794 19 329
796 795 793
798 361 155
800 19 799
802 801 723
804 8 803
806 9 797
808 807 805
810 808 17
812 810 15
814 812 13
816 10 815
818 11 791
820 819 817
822 700 17
824 822 15
826 12 824
828 46 19
830 828 9
832 830 17
834 832 15
836 834 13
838 10 837
840 11 827
842 841 839
844 6 843
846 7 821
848 847 845
850 4 849
852 5 767
854 853 851
856 2 855
858 3 717
860 859 857
862 18 525
864 91 863
866 257 863
868 8 867
870 9 865
872 871 869
874 12 872
876 18 217
878 91 877
880 257 877
882 8 881
884 9 879
886 885 883
888 886 13
890 10 889
892 11 875
894 893 891
896 21 24
898 897 297
900 18 899
902 19 28
904 903 901
906 9 905
908 907 147
910 12 908
912 291 489
914 18 913
916 903 915
918 18 488
920 8 918
922 9 917
924 923 921
926 924 13
928 10 927
930 11 911
932 931 929
934 6 933
936 7 895
938 937 935
940 55 155
942 18 941
944 19 330
946 945 943
948 18 330
950 301 949
952 8 951
954 9 947
956 955 953
958 956 17
960 958 15
962 12 960
964 18 154
966 19 45
968 967 965
970 18 50
972 19 320
974 973 971
976 8 975
978 9 969
980 979 977
982 980 17
984 982 15
986 984 13
988 10 987
990 11 963
992 991 989
994 992 7
996 9 699
998 997 781
1000 998 17
1002 1000 15
1004 12 1002
1006 719 155
1008 1006 19
1010 9 1009
1012 1011 805
1014 1012 17
1016 1014 15
1018 1016 13
1020 10 1019
1022 11 1005
1024 1023 1021
1026 908 17
1028 1026 15
1030 12 1028
1032 19 49
1034 1033 559
1036 9 1035
1038 1037 161
1040 1038 17
1042 1040 15
1044 1042 13
1046 10 1045
1048 11 1031
1050 1049 1047
1052 6 1051
1054 7 1025
1056 1055 1053
1058 4 1057
1060 5 995
1062 1061 1059
1064 2 1063
1066 3 939
1068 1067 1065
1070 18 22
1072 301 1071
1074 367 777
1076 8 1075
1078 9 1073
1080 1079 1077
1082 1080 17
1084 1082 15
1086 12 1084
1088 1084 13
1090 10 1089
1092 11 1087
1094 1093 1091
1096 1094 7
1098 49 297
1100 18 1099
1102 301 1101
1104 9 1103
1106 1105 1077
1108 1106 17
1110 1108 15
1112 12 1110
1114 9 803
1116 1115 733
1118 1116 17
1120 1118 15
1122 1120 13
1124 10 1123
1126 11 1113
1128 1127 1125
1130 7 1129
1132 1131 845
1134 4 1133
1136 5 1097
1138 1137 1135
1140 2 1139
1142 859 1141
1144 872 13
1146 10 1145
1148 893 1147
1150 908 13
1152 10 1151
1154 931 1153
1156 6 1155
1158 7 1149
1160 1159 1157
1162 20 287
1164 217 1163
1166 19 1165
1168 1167 771
1170 18 458
1172 221 1171
1174 8 1173
1176 9 1169
1178 1177 1175
1180 1178 17
1182 1180 15
1184 12 1182
1186 897 1163
1188 18 1187
1190 795 1189
1192 897 251
1194 19 1193
1196 1195 1189
1198 8 1197
1200 9 1191
1202 1201 1199
1204 1202 17
1206 1204 15
1208 1206 13
1210 10 1209
1212 11 1185
1214 1213 1211
1216 1214 7
1218 253 1163
1220 19 1219
1222 1221 771
1224 18 362
1226 221 1225
1228 8 1227
1230 9 1223
1232 1231 1229
1234 1232 17
1236 1234 15
1238 12 1236
1240 31 1163
1242 18 1241
1244 91 1243
1246 795 1243
1248 8 1247
1250 9 1245
1252 1251 1249
1254 1252 17
1256 1254 15
1258 1256 13
1260 10 1259
1262 11 1239
1264 1263 1261
1266 1033 723
1268 8 412
1270 9 1267
1272 1271 1269
1274 1272 17
1276 1274 15
1278 1276 13
1280 10 1279
1282 1049 1281
1284 6 1283
1286 7 1265
1288 1287 1285
1290 4 1289
1292 5 1217
1294 1293 1291
1296 2 1295
1298 3 1161
1300 1299 1297
i0 p0b02room29empty
i1 p0b02room29somebody2leaves
i2 p0b02room29somebody2enters
i3 p0b02timer29timeout
i4 p0b02roomlight29off
i5 p0b02roomlight29on
i6 p0b02room29switch29toggled
i7 p0b02room29bed29occupied
o0 u02timer29start2new2timer0f1d2timer29hour251b
o1 u02timer29start2new2timer0f1d2timer29min25231b
o2 u02timer29start2new2timer0f1d2timer29hour241b
o3 u02roomlight29light0f1d2roomlight29turn2on1b
o4 u02roomlight29light0f1d2roomlight29toggle1b
o5 u02roomlight29light0f1d2roomlight29turn2off1b
o6 u02timer29start2new2timer02timer29start2new2timer
o7 u02roomlight29light02roomlight29light
{"is_completed":true,"output_vars":["u02roomlight29light0f1d2roomlight29turn2off1b","u02roomlight29light0f1d2roomlight29toggle1b","u02roomlight29light0f1d2roomlight29turn2on1b","u02roomlight29light02roomlight29light","u02timer29start2new2timer0f1d2timer29hour251b","u02timer29start2new2timer0f1d2timer29hour241b","u02timer29start2new2timer0f1d2timer29min25231b","u02timer29start2new2timer02timer29start2new2timer"],"input_vars":["p0b02room29bed29occupied","p0b02room29somebody2leaves","p0b02room29somebody2enters","p0b02room29switch29toggled","p0b02room29empty","p0b02roomlight29off","p0b02roomlight29on","p0b02timer29timeout"],"formula":"((G ((! (((! (((u02timer29start2new2timer0f1d2timer29hour241b) && (! (u02timer29start2new2timer02timer29start2new2timer))) <-> ((u02timer29start2new2timer02timer29start2new2timer) && (! (u02timer29start2new2timer0f1d2timer29hour241b))))) && (! ((u02timer29start2new2timer0f1d2timer29hour251b) || (u02timer29start2new2timer0f1d2timer29min25231b)))) <-> ((! (((u02timer29start2new2timer0f1d2timer29hour251b) && (! (u02timer29start2new2timer0f1d2timer29min25231b))) <-> ((u02timer29start2new2timer0f1d2timer29min25231b) && (! (u02timer29start2new2timer0f1d2timer29hour251b))))) && (! ((u02timer29start2new2timer0f1d2timer29hour241b) || (u02timer29start2new2timer02timer29start2new2timer)))))) && (! (((! (((u02roomlight29light0f1d2roomlight29toggle1b) && (! (u02roomlight29light02roomlight29light))) <-> ((u02roomlight29light02roomlight29light) && (! (u02roomlight29light0f1d2roomlight29toggle1b))))) && (! ((u02roomlight29light0f1d2roomlight29turn2off1b) || (u02roomlight29light0f1d2roomlight29turn2on1b)))) <-> ((! (((u02roomlight29light0f1d2roomlight29turn2off1b) && (! (u02roomlight29light0f1d2roomlight29turn2on1b))) <-> ((u02roomlight29light0f1d2roomlight29turn2on1b) && (! (u02roomlight29light0f1d2roomlight29turn2off1b))))) && (! ((u02roomlight29light0f1d2roomlight29toggle1b) || (u02roomlight29light02roomlight29light)))))))) && ((((((((((((G ((u02timer29start2new2timer0f1d2timer29min25231b) -> (F (p0b02timer29timeout)))) && (G ((u02timer29start2new2timer0f1d2timer29hour241b) -> (F (p0b02timer29timeout))))) && (G ((u02timer29start2new2timer0f1d2timer29hour251b) -> (F (p0b02timer29timeout))))) && (G (! ((p0b02roomlight29on) <-> (p0b02roomlight29off))))) && (G (((u02roomlight29light0f1d2roomlight29turn2on1b) || ((u02roomlight29light0f1d2roomlight29toggle1b) && (p0b02roomlight29off))) -> (X (F (((u02roomlight29light0f1d2roomlight29turn2off1b) || (u02roomlight29light0f1d2roomlight29toggle1b)) R (p0b02roomlight29on))))))) && (G (((u02roomlight29light0f1d2roomlight29turn2off1b) || ((u02roomlight29light0f1d2roomlight29toggle1b) && (p0b02roomlight29on))) -> (X (F (((u02roomlight29light0f1d2roomlight29turn2on1b) || (u02roomlight29light0f1d2roomlight29toggle1b)) R (p0b02roomlight29off))))))) && (G ((p0b02room29empty) -> (! (p0b02room29switch29toggled))))) && (G ((p0b02room29somebody2enters) -> (((! (p0b02room29empty)) U ((p0b02room29somebody2leaves) && (p0b02room29empty))) || (G (! (p0b02room29empty))))))) && (G (((p0b02room29somebody2leaves) && (p0b02room29empty)) -> (((p0b02room29empty) U (p0b02room29somebody2enters)) || (G (p0b02room29empty)))))) && (G ((p0b02room29bed29occupied) -> (! (p0b02room29empty))))) && ((((! (p0b02room29empty)) U ((p0b02room29somebody2leaves) && (p0b02room29empty))) || (G (! (p0b02room29empty)))) || (((p0b02room29empty) U (p0b02room29somebody2enters)) || (G (p0b02room29empty))))) -> (G (((p0b02room29somebody2leaves) && (p0b02room29empty)) -> ((u02timer29start2new2timer0f1d2timer29hour251b) && (F ((p0b02room29somebody2enters) || ((p0b02timer29timeout) && (F (((p0b02roomlight29off) U (p0b02room29somebody2enters)) || (G (p0b02roomlight29off))))))))))))","total_time":852,"automaton":{"is_built":true,"build_duration":46,"total_states":17,"state_based_status":"true","prune_automaton_duration":0,"pruned_state_based_status":"true","prune_total_states":17,"total_edges":59},"dependency":{"dependency_approach":"automaton","tested_dependencies":[],"total_duration":-1,"is_completed":true,"skipped_dependencies":true,"total_pair_state":-1},"unate":{"skipped_unate":true},"synthesis":{"model_checking_status":"UNKNOWN","independent_strategy":{"duration":805,"realizability":"REALIZABLE","total_inputs":8,"total_outputs":8,"total_latches":4,"total_gates":638},"dependent_strategy":{"duration":-1,"total_inputs":-1,"total_outputs":-1,"total_latches":-1,"total_gates":-1}}}
