aag 71 4 2 8 65
2
4
6
8
10 77
12 143
33
46
77
77
86
0
105
135
14 10 13
16 9 14
18 6 16
20 7 14
22 21 19
24 2 23
26 3 23
28 4 26
30 5 24
32 31 29
34 11 12
36 9 34
38 6 36
40 7 34
42 41 39
44 3 43
46 5 44
48 9 13
50 6 48
52 7 13
54 53 51
56 9 11
58 6 56
60 7 11
62 61 59
64 2 63
66 3 55
68 67 65
70 3 63
72 4 70
74 5 69
76 75 73
78 8 34
80 7 78
82 3 80
84 83 25
86 5 85
88 10 12
90 8 89
92 6 90
94 2 89
96 3 92
98 97 95
100 4 99
102 5 92
104 103 101
106 37 91
108 6 107
110 7 36
112 111 109
114 2 92
116 3 113
118 117 115
120 17 91
122 6 121
124 21 123
126 3 125
128 127 95
130 4 129
132 5 119
134 133 131
136 2 125
138 97 137
140 5 139
142 141 101
i0 p0p0right2of2center0track2pos
i1 p0p0left2of2center0track2pos
i2 p0p0turning2left0angle
i3 p0p0turning2right0angle
o0 u0mode0f1dcentering1b
o1 u0mode0f1dstraighten1b
o2 u0mode0f1dkeep1b
o3 u0steer0f1dsteer2straight1b
o4 u0steer0f1dsteer2left0angle1b
o5 u0steer0f1dsteer2right0angle1b
o6 u0mode0mode
o7 u0steer0steer
{"is_completed":true,"output_vars":["u0steer0f1dsteer2right0angle1b","u0steer0f1dsteer2left0angle1b","u0steer0f1dsteer2straight1b","u0steer0steer","u0mode0f1dstraighten1b","u0mode0f1dkeep1b","u0mode0f1dcentering1b","u0mode0mode"],"input_vars":["p0p0turning2right0angle","p0p0turning2left0angle","p0p0right2of2center0track2pos","p0p0left2of2center0track2pos"],"formula":"((G ((! (((! (((u0mode0f1dkeep1b) && (! (u0mode0mode))) <-> ((u0mode0mode) && (! (u0mode0f1dkeep1b))))) && (! ((u0mode0f1dstraighten1b) || (u0mode0f1dcentering1b)))) <-> ((! (((u0mode0f1dstraighten1b) && (! (u0mode0f1dcentering1b))) <-> ((u0mode0f1dcentering1b) && (! (u0mode0f1dstraighten1b))))) && (! ((u0mode0f1dkeep1b) || (u0mode0mode)))))) && (! (((! (((u0steer0f1dsteer2left0angle1b) && (! (u0steer0steer))) <-> ((u0steer0steer) && (! (u0steer0f1dsteer2left0angle1b))))) && (! ((u0steer0f1dsteer2right0angle1b) || (u0steer0f1dsteer2straight1b)))) <-> ((! (((u0steer0f1dsteer2right0angle1b) && (! (u0steer0f1dsteer2straight1b))) <-> ((u0steer0f1dsteer2straight1b) && (! (u0steer0f1dsteer2right0angle1b))))) && (! ((u0steer0f1dsteer2left0angle1b) || (u0steer0steer)))))))) && (((((G ((p0p0right2of2center0track2pos) -> (! (p0p0left2of2center0track2pos)))) && (G ((p0p0left2of2center0track2pos) -> (! (p0p0right2of2center0track2pos))))) && (G ((p0p0turning2left0angle) -> (! (p0p0turning2right0angle))))) && (G ((p0p0turning2right0angle) -> (! (p0p0turning2left0angle))))) -> ((((G (((u0mode0f1dcentering1b) || (u0mode0f1dstraighten1b)) || (u0mode0f1dkeep1b))) && (G ((u0mode0f1dcentering1b) -> (((((((u0mode0f1dcentering1b) U ((! (p0p0right2of2center0track2pos)) && (! (p0p0left2of2center0track2pos)))) || (G (u0mode0f1dcentering1b))) && ((p0p0right2of2center0track2pos) -> (u0steer0f1dsteer2left0angle1b))) && ((p0p0left2of2center0track2pos) -> (u0steer0f1dsteer2right0angle1b))) && ((X (! (p0p0right2of2center0track2pos))) && (X (! (p0p0left2of2center0track2pos))))) -> (X (u0mode0f1dstraighten1b)))))) && (G ((u0mode0f1dstraighten1b) -> (((((((u0mode0f1dstraighten1b) U ((! (p0p0turning2left0angle)) && (! (p0p0turning2right0angle)))) || (G (u0mode0f1dstraighten1b))) && ((p0p0turning2left0angle) -> (u0steer0f1dsteer2right0angle1b))) && ((p0p0turning2right0angle) -> (u0steer0f1dsteer2left0angle1b))) && ((X (! (p0p0turning2left0angle))) && (X (! (p0p0turning2right0angle))))) -> (X (u0mode0f1dkeep1b)))))) && (G ((u0mode0f1dkeep1b) -> ((u0steer0f1dsteer2straight1b) && (((X (p0p0left2of2center0track2pos)) || (X (p0p0right2of2center0track2pos))) -> (X (u0mode0f1dcentering1b)))))))))","total_time":13,"automaton":{"is_built":true,"build_duration":7,"total_states":10,"state_based_status":"true","prune_automaton_duration":0,"pruned_state_based_status":"true","prune_total_states":10,"total_edges":50},"dependency":{"dependency_approach":"automaton","tested_dependencies":[],"total_duration":-1,"is_completed":true,"skipped_dependencies":true,"total_pair_state":-1},"unate":{"skipped_unate":true},"synthesis":{"model_checking_status":"UNKNOWN","independent_strategy":{"duration":5,"realizability":"REALIZABLE","total_inputs":4,"total_outputs":8,"total_latches":2,"total_gates":65},"dependent_strategy":{"duration":-1,"total_inputs":-1,"total_outputs":-1,"total_latches":-1,"total_gates":-1}}}
