aag 69 3 3 3 63
2
4
6
8 99
10 119
12 139
45
67
0
14 10 12
16 10 13
18 8 16
20 9 13
22 21 19
24 6 23
26 7 15
28 27 25
30 9 11
32 31 19
34 6 15
36 7 33
38 37 35
40 4 39
42 5 29
44 43 41
46 11 12
48 8 11
50 9 46
52 51 49
54 6 53
56 9 16
58 57 49
60 7 59
62 4 60
64 5 54
66 65 63
68 8 15
70 51 69
72 2 15
74 3 71
76 75 73
78 6 77
80 27 79
82 47 17
84 8 46
86 9 83
88 87 85
90 7 89
92 91 35
94 4 93
96 5 81
98 97 95
100 2 71
102 3 15
104 103 101
106 6 105
108 8 83
110 21 109
112 7 111
114 4 112
116 5 106
118 117 115
120 2 56
122 6 120
124 27 123
126 11 13
128 8 126
130 7 128
132 131 35
134 4 133
136 5 125
138 137 135
i0 p0p0gt0outside29temperature02room29temperature
i1 p0b02heating29off
i2 p0b02heating29on
o0 u02heating29ctrl0f1d2heating29turn2on1b
o1 u02heating29ctrl0f1d2heating29turn2off1b
o2 u02heating29ctrl02heating29ctrl
{"is_completed":true,"output_vars":["u02heating29ctrl0f1d2heating29turn2off1b","u02heating29ctrl0f1d2heating29turn2on1b","u02heating29ctrl02heating29ctrl"],"input_vars":["p0p0gt0outside29temperature02room29temperature","p0b02heating29on","p0b02heating29off"],"formula":"((G (! (((u02heating29ctrl0f1d2heating29turn2on1b) && (! ((u02heating29ctrl0f1d2heating29turn2off1b) || (u02heating29ctrl02heating29ctrl)))) <-> ((! (((u02heating29ctrl0f1d2heating29turn2off1b) && (! (u02heating29ctrl02heating29ctrl))) <-> ((u02heating29ctrl02heating29ctrl) && (! (u02heating29ctrl0f1d2heating29turn2off1b))))) && (! (u02heating29ctrl0f1d2heating29turn2on1b)))))) && ((((G (! ((p0b02heating29off) <-> (p0b02heating29on)))) && (G ((u02heating29ctrl0f1d2heating29turn2on1b) -> (F ((u02heating29ctrl0f1d2heating29turn2off1b) R (p0b02heating29on)))))) && (G ((u02heating29ctrl0f1d2heating29turn2off1b) -> (F ((u02heating29ctrl0f1d2heating29turn2on1b) R (p0b02heating29off)))))) -> (G ((p0p0gt0outside29temperature02room29temperature) -> (F (p0b02heating29off))))))","total_time":6,"automaton":{"is_built":true,"build_duration":2,"total_states":9,"state_based_status":"true","prune_automaton_duration":0,"pruned_state_based_status":"true","prune_total_states":9,"total_edges":23},"dependency":{"dependency_approach":"automaton","tested_dependencies":[],"total_duration":-1,"is_completed":false,"skipped_dependencies":true,"total_pair_state":-1},"unate":{"skipped_unate":true},"synthesis":{"model_checking_status":"UNKNOWN","independent_strategy":{"duration":3,"realizability":"REALIZABLE","total_inputs":3,"total_outputs":3,"total_latches":3,"total_gates":63},"dependent_strategy":{"duration":-1,"total_inputs":-1,"total_outputs":-1,"total_latches":-1,"total_gates":-1}}}
