aag 332 5 4 5 323
2
4
6
8
10
12 441
14 511
16 597
18 665
79
205
275
324
385
20 17 19
22 14 19
24 15 20
26 25 23
28 16 19
30 14 28
32 25 31
34 12 33
36 13 27
38 37 35
40 2 39
42 10 40
44 9 42
46 6 42
48 7 44
50 49 47
52 15 19
54 14 20
56 12 54
58 13 52
60 59 57
62 2 61
64 11 62
66 9 64
68 6 64
70 7 66
72 71 69
74 4 73
76 5 51
78 77 75
80 16 18
82 15 81
84 83 23
86 83 55
88 17 18
90 89 29
92 15 91
94 93 55
96 12 95
98 13 87
100 99 97
102 10 101
104 11 85
106 105 103
108 2 85
110 3 101
112 111 109
114 10 113
116 105 115
118 8 117
120 9 107
122 121 119
124 93 23
126 12 125
128 99 127
130 10 129
132 105 131
134 8 133
136 121 135
138 6 137
140 7 123
142 141 139
144 12 24
146 13 85
148 147 145
150 2 58
152 3 149
154 153 151
156 10 85
158 11 155
160 159 157
162 153 109
164 11 163
166 165 157
168 8 167
170 9 161
172 171 169
174 15 17
176 175 23
178 12 177
180 147 179
182 3 181
184 183 63
186 11 185
188 187 157
190 8 189
192 171 191
194 6 193
196 7 173
198 197 195
200 4 199
202 5 143
204 203 201
206 13 30
208 207 35
210 10 209
212 3 209
214 10 212
216 8 214
218 9 210
220 219 217
222 207 145
224 10 223
226 8 224
228 219 227
230 6 229
232 7 221
234 233 231
236 12 30
238 13 22
240 239 35
242 2 241
244 3 236
246 245 243
248 11 247
250 11 244
252 8 250
254 9 248
256 255 253
258 11 242
260 8 258
262 255 261
264 6 263
266 7 257
268 267 265
270 4 269
272 5 235
274 273 271
276 15 88
278 13 276
280 279 97
282 2 281
284 3 96
286 285 283
288 11 287
290 11 284
292 8 290
294 9 288
296 295 293
298 15 28
300 12 298
302 12 92
304 279 303
306 2 305
308 3 300
310 309 307
312 11 311
314 8 312
316 295 315
318 6 317
320 7 297
322 321 319
324 4 323
326 13 92
328 327 97
330 2 329
332 3 85
334 333 331
336 10 335
338 105 337
340 8 85
342 9 339
344 343 341
346 6 339
348 7 345
350 349 347
352 277 23
354 83 31
356 12 355
358 13 353
360 359 357
362 2 361
364 333 363
366 11 365
368 367 157
370 9 369
372 371 341
374 6 369
376 7 373
378 377 375
380 4 379
382 5 351
384 383 381
386 12 85
388 3 386
390 389 109
392 10 391
394 105 393
396 309 331
398 10 397
400 105 399
402 8 401
404 9 395
406 405 403
408 6 407
410 7 395
412 411 409
414 11 391
416 415 157
418 309 363
420 11 419
422 421 157
424 8 423
426 9 417
428 427 425
430 6 429
432 7 417
434 433 431
436 4 435
438 5 413
440 439 437
442 13 20
444 443 35
446 3 445
448 447 243
450 10 449
452 10 446
454 8 452
456 9 450
458 457 455
460 443 237
462 10 461
464 8 462
466 457 465
468 6 467
470 7 459
472 471 469
474 147 57
476 13 298
478 477 57
480 2 479
482 3 475
484 483 481
486 11 485
488 11 482
490 8 488
492 9 486
494 493 491
496 8 186
498 493 497
500 6 499
502 7 495
504 503 501
506 4 505
508 5 473
510 509 507
512 207 301
514 2 95
516 3 513
518 517 515
520 10 519
522 10 516
524 8 522
526 9 520
528 527 525
530 12 52
532 207 531
534 93 31
536 12 87
538 13 535
540 539 537
542 2 541
544 3 533
546 545 543
548 10 547
550 8 548
552 527 551
554 6 553
556 7 529
558 557 555
560 13 125
562 561 357
564 2 563
566 517 565
568 11 567
570 11 516
572 8 570
574 9 568
576 575 573
578 545 363
580 11 579
582 8 580
584 575 583
586 6 585
588 7 577
590 589 587
592 4 591
594 5 559
596 595 593
598 277 55
600 12 599
602 327 601
604 3 603
606 10 604
608 105 607
610 605 109
612 10 611
614 105 613
616 8 615
618 9 609
620 619 617
622 6 609
624 7 621
626 625 623
628 277 31
630 12 629
632 3 630
634 11 632
636 635 157
638 633 109
640 11 639
642 641 157
644 8 643
646 9 637
648 647 645
650 8 156
652 647 651
654 6 653
656 7 649
658 657 655
660 4 659
662 5 627
664 663 661
i0 p0b0room29window29opened
i1 p0b0room29heating29off
i2 p0b0room29window29closed
i3 p0p0all2windows2closed0room
i4 p0b0room29heating29on
o0 u0music29ctrl0f1dplay0f1doverture1b1b
o1 u0room29heating29ctrl0f1dturn2on1b
o2 u0room29heating29ctrl0f1dturn2off1b
o3 u0room29heating29ctrl0room29heating29ctrl
o4 u0music29ctrl0music29ctrl
{"is_completed":true,"output_vars":["u0music29ctrl0f1dplay0f1doverture1b1b","u0music29ctrl0music29ctrl","u0room29heating29ctrl0f1dturn2off1b","u0room29heating29ctrl0f1dturn2on1b","u0room29heating29ctrl0room29heating29ctrl"],"input_vars":["p0p0all2windows2closed0room","p0b0room29window29closed","p0b0room29window29opened","p0b0room29heating29on","p0b0room29heating29off"],"formula":"((G ((! (((u0room29heating29ctrl0f1dturn2on1b) && (! ((u0room29heating29ctrl0f1dturn2off1b) || (u0room29heating29ctrl0room29heating29ctrl)))) <-> ((! (((u0room29heating29ctrl0f1dturn2off1b) && (! (u0room29heating29ctrl0room29heating29ctrl))) <-> ((u0room29heating29ctrl0room29heating29ctrl) && (! (u0room29heating29ctrl0f1dturn2off1b))))) && (! (u0room29heating29ctrl0f1dturn2on1b))))) && (! (((u0music29ctrl0music29ctrl) && (! (u0music29ctrl0f1dplay0f1doverture1b1b))) <-> ((u0music29ctrl0f1dplay0f1doverture1b1b) && (! (u0music29ctrl0music29ctrl))))))) && ((G ((((! ((p0b0room29heating29off) <-> (p0b0room29heating29on))) && ((u0room29heating29ctrl0f1dturn2on1b) -> (F ((u0room29heating29ctrl0f1dturn2off1b) R (p0b0room29heating29on))))) && ((u0room29heating29ctrl0f1dturn2off1b) -> (F ((u0room29heating29ctrl0f1dturn2on1b) R (p0b0room29heating29off))))) && ((p0b0room29window29opened) -> (((! (p0p0all2windows2closed0room)) U (p0b0room29window29closed)) || (G (! (p0p0all2windows2closed0room))))))) -> (G ((p0b0room29window29opened) -> ((u0music29ctrl0f1dplay0f1doverture1b1b) && (F (((p0b0room29heating29off) U ((p0b0room29window29closed) && (p0p0all2windows2closed0room))) || (G (p0b0room29heating29off)))))))))","total_time":29,"automaton":{"is_built":true,"build_duration":5,"total_states":11,"state_based_status":"true","prune_automaton_duration":0,"pruned_state_based_status":"true","prune_total_states":11,"total_edges":32},"dependency":{"dependency_approach":"automaton","tested_dependencies":[],"total_duration":-1,"is_completed":true,"skipped_dependencies":true,"total_pair_state":-1},"unate":{"skipped_unate":true},"synthesis":{"model_checking_status":"UNKNOWN","independent_strategy":{"duration":23,"realizability":"REALIZABLE","total_inputs":5,"total_outputs":5,"total_latches":4,"total_gates":323},"dependent_strategy":{"duration":-1,"total_inputs":-1,"total_outputs":-1,"total_latches":-1,"total_gates":-1}}}
