aag 121 8 3 4 110
2
4
6
8
10
12
14
16
18 203
20 219
22 243
51
87
131
175
24 14 17
26 13 25
28 10 26
30 11 25
32 31 29
34 9 33
36 6 34
38 5 36
40 2 38
42 23 40
44 21 42
46 18 42
48 19 44
50 49 47
52 10 12
54 7 53
56 4 54
58 7 34
60 4 58
62 2 60
64 3 56
66 65 63
68 22 67
70 23 67
72 20 70
74 21 68
76 75 73
78 23 64
80 21 78
82 18 80
84 19 77
86 85 83
88 6 53
90 5 88
92 91 57
94 3 93
96 3 90
98 97 41
100 22 99
102 23 94
104 103 101
106 20 42
108 21 105
110 109 107
112 39 61
114 2 113
116 95 115
118 22 117
120 20 78
122 21 118
124 123 121
126 18 125
128 19 111
130 129 127
132 2 39
134 3 92
136 135 133
138 22 116
140 23 137
142 141 139
144 2 112
146 3 57
148 147 145
150 23 149
152 20 150
154 21 143
156 155 153
158 147 133
160 23 159
162 161 139
164 20 160
166 21 163
168 167 165
170 18 169
172 19 157
174 173 171
176 103 69
178 95 63
180 23 179
182 20 180
184 21 177
186 185 183
188 103 119
190 23 136
192 20 190
194 21 189
196 195 193
198 18 197
200 19 187
202 201 199
204 23 114
206 23 99
208 20 206
210 21 204
212 211 209
214 18 102
216 19 213
218 217 215
220 117 23
222 23 98
224 20 222
226 21 221
228 227 225
230 23 95
232 20 230
234 21 103
236 235 233
238 18 237
240 19 229
242 241 239
i0 p0b02room29empty
i1 p0b02roomlight29on
i2 p0b02roomlight29off
i3 p0b02room29switch29toggled
i4 p0b02room29bed29occupied
i5 p0b02room292room29empty
i6 p0b02room29somebody2enters
i7 p0b02room29somebody2leaves
o0 u02roomlight29light0f1d2roomlight29turn2off1b
o1 u02roomlight29light0f1d2roomlight29turn2on1b
o2 u02roomlight29light02roomlight29light
o3 u02roomlight29light0f1d2roomlight29toggle1b
{"is_completed":true,"output_vars":["u02roomlight29light0f1d2roomlight29turn2off1b","u02roomlight29light0f1d2roomlight29toggle1b","u02roomlight29light0f1d2roomlight29turn2on1b","u02roomlight29light02roomlight29light"],"input_vars":["p0b02room292room29empty","p0b02room29bed29occupied","p0b02room29somebody2leaves","p0b02room29somebody2enters","p0b02room29switch29toggled","p0b02room29empty","p0b02roomlight29off","p0b02roomlight29on"],"formula":"((G (! (((! (((u02roomlight29light0f1d2roomlight29toggle1b) && (! (u02roomlight29light02roomlight29light))) <-> ((u02roomlight29light02roomlight29light) && (! (u02roomlight29light0f1d2roomlight29toggle1b))))) && (! ((u02roomlight29light0f1d2roomlight29turn2off1b) || (u02roomlight29light0f1d2roomlight29turn2on1b)))) <-> ((! (((u02roomlight29light0f1d2roomlight29turn2off1b) && (! (u02roomlight29light0f1d2roomlight29turn2on1b))) <-> ((u02roomlight29light0f1d2roomlight29turn2on1b) && (! (u02roomlight29light0f1d2roomlight29turn2off1b))))) && (! ((u02roomlight29light0f1d2roomlight29toggle1b) || (u02roomlight29light02roomlight29light))))))) && ((((((((G (! ((p0b02roomlight29on) <-> (p0b02roomlight29off)))) && (G (((u02roomlight29light0f1d2roomlight29turn2on1b) || ((u02roomlight29light0f1d2roomlight29toggle1b) && (p0b02roomlight29off))) -> (X (F (((u02roomlight29light0f1d2roomlight29turn2off1b) || (u02roomlight29light0f1d2roomlight29toggle1b)) R (p0b02roomlight29on))))))) && (G (((u02roomlight29light0f1d2roomlight29turn2off1b) || ((u02roomlight29light0f1d2roomlight29toggle1b) && (p0b02roomlight29on))) -> (X (F (((u02roomlight29light0f1d2roomlight29turn2on1b) || (u02roomlight29light0f1d2roomlight29toggle1b)) R (p0b02roomlight29off))))))) && (G ((p0b02room29empty) -> (! (p0b02room29switch29toggled))))) && (G ((p0b02room29somebody2enters) -> (((! (p0b02room29empty)) U (p0b02room29somebody2leaves)) || (G (! (p0b02room29empty))))))) && (G (((p0b02room29somebody2leaves) && (p0b02room29empty)) -> (((p0b02room29empty) U (p0b02room29somebody2enters)) || (G (p0b02room29empty)))))) && (G ((p0b02room29bed29occupied) -> (! (p0b02room292room29empty))))) -> (G ((X (p0b02roomlight29on)) -> (! (p0b02room29empty))))))","total_time":63,"automaton":{"is_built":true,"build_duration":6,"total_states":11,"state_based_status":"true","prune_automaton_duration":0,"pruned_state_based_status":"true","prune_total_states":11,"total_edges":31},"dependency":{"dependency_approach":"automaton","tested_dependencies":[],"total_duration":-1,"is_completed":true,"skipped_dependencies":true,"total_pair_state":-1},"unate":{"skipped_unate":true},"synthesis":{"model_checking_status":"UNKNOWN","independent_strategy":{"duration":56,"realizability":"REALIZABLE","total_inputs":8,"total_outputs":4,"total_latches":3,"total_gates":110},"dependent_strategy":{"duration":-1,"total_inputs":-1,"total_outputs":-1,"total_latches":-1,"total_gates":-1}}}
