aag 543 7 5 4 531
2
4
6
8
10
12
14
16 545
18 699
20 833
22 989
24 1087
0
78
154
277
26 22 24
28 20 25
30 21 27
32 31 29
34 23 25
36 21 34
38 37 29
40 18 39
42 19 33
44 43 41
46 18 25
48 43 47
50 16 49
52 17 45
54 53 51
56 12 55
58 11 56
60 3 58
62 12 49
64 11 62
66 8 64
68 9 60
70 69 67
72 6 71
74 7 58
76 75 73
78 5 77
80 22 25
82 20 80
84 31 83
86 19 85
88 87 47
90 23 24
92 91 81
94 21 93
96 95 83
98 21 25
100 99 83
102 18 101
104 19 97
106 105 103
108 16 107
110 17 89
112 111 109
114 21 80
116 19 114
118 19 82
120 16 118
122 17 116
124 123 121
126 14 125
128 15 113
130 129 127
132 13 131
134 11 132
136 3 134
138 13 128
140 11 138
142 8 140
144 9 136
146 145 143
148 6 147
150 7 134
152 151 149
154 4 153
156 18 114
158 17 156
160 12 158
162 13 49
164 163 161
166 10 49
168 11 165
170 169 167
172 2 49
174 3 171
176 175 173
178 11 162
180 179 167
182 8 181
184 9 177
186 185 183
188 6 187
190 7 171
192 191 189
194 20 34
196 19 194
198 18 194
200 19 34
202 201 199
204 16 203
206 17 196
208 207 205
210 21 23
212 211 29
214 19 213
216 215 47
218 31 195
220 19 219
222 221 47
224 16 223
226 17 217
228 227 225
230 14 229
232 15 209
234 233 231
236 13 235
238 237 63
240 11 239
242 241 167
244 3 243
246 245 173
248 14 49
250 233 249
252 13 251
254 253 63
256 11 255
258 257 167
260 8 259
262 9 247
264 263 261
266 6 265
268 7 243
270 269 267
272 4 271
274 5 193
276 275 273
278 19 80
280 21 90
282 281 29
284 19 283
286 285 41
288 16 287
290 17 278
292 291 289
294 12 293
296 163 295
298 19 280
300 99 195
302 19 301
304 303 47
306 16 305
308 17 298
310 309 307
312 13 311
314 313 63
316 10 315
318 11 297
320 319 317
322 18 34
324 19 94
326 325 323
328 18 36
330 105 329
332 16 331
334 17 327
336 335 333
338 12 337
340 163 339
342 37 83
344 19 343
346 345 199
348 18 301
350 19 36
352 351 349
354 16 353
356 17 347
358 357 355
360 13 359
362 361 63
364 10 363
366 11 341
368 367 365
370 2 369
372 3 321
374 373 371
376 373 173
378 18 82
380 19 28
382 381 379
384 115 29
386 18 385
388 201 387
390 16 389
392 17 383
394 393 391
396 12 395
398 163 397
400 95 195
402 19 401
404 403 379
406 18 28
408 43 407
410 16 409
412 17 405
414 413 411
416 13 415
418 417 63
420 10 419
422 11 399
424 423 421
426 8 425
428 9 377
430 429 427
432 6 431
434 7 375
436 435 433
438 43 103
440 16 439
442 18 98
444 345 443
446 16 445
448 123 447
450 14 449
452 15 440
454 453 451
456 13 455
458 457 63
460 11 459
462 461 167
464 211 83
466 19 465
468 467 199
470 467 349
472 16 471
474 17 469
476 475 473
478 19 101
480 479 199
482 345 349
484 16 483
486 17 481
488 487 485
490 14 489
492 15 477
494 493 491
496 13 495
498 497 63
500 11 499
502 501 167
504 2 503
506 3 463
508 507 505
510 507 173
512 115 195
514 19 513
516 515 379
518 15 517
520 13 518
522 521 63
524 11 523
526 525 167
528 8 527
530 9 511
532 531 529
534 6 533
536 7 509
538 537 535
540 4 539
542 5 437
544 543 541
546 18 80
548 119 547
550 16 546
552 17 549
554 553 551
556 12 555
558 351 47
560 16 46
562 17 559
564 563 561
566 13 565
568 10 566
570 11 556
572 571 569
574 119 47
576 16 102
578 17 575
580 579 577
582 13 581
584 10 582
586 571 585
588 2 587
590 3 573
592 591 589
594 17 82
596 595 551
598 12 597
600 351 41
602 16 601
604 563 603
606 13 605
608 10 606
610 11 598
612 611 609
614 8 613
616 9 590
618 617 615
620 6 619
622 7 593
624 623 621
626 201 47
628 201 103
630 16 629
632 17 627
634 633 631
636 15 635
638 637 231
640 13 639
642 11 640
644 381 47
646 16 627
648 17 645
650 649 647
652 15 651
654 653 231
656 13 655
658 11 656
660 2 658
662 3 642
664 663 661
666 18 343
668 197 667
670 16 669
672 633 671
674 15 673
676 675 249
678 13 677
680 11 678
682 8 680
684 9 662
686 685 683
688 6 687
690 7 665
692 691 689
694 4 693
696 5 625
698 697 695
700 197 407
702 16 701
704 17 28
706 705 703
708 13 707
710 10 708
712 11 396
714 713 711
716 19 39
718 717 379
720 17 719
722 721 391
724 12 723
726 197 379
728 13 727
730 10 728
732 11 724
734 733 731
736 2 735
738 3 715
740 739 737
742 705 647
744 13 743
746 10 744
748 713 747
750 8 749
752 9 738
754 753 751
756 6 755
758 7 741
760 759 757
762 279 199
764 119 199
766 16 765
768 17 763
770 769 767
772 14 771
774 15 28
776 775 773
778 13 777
780 11 778
782 16 383
784 17 727
786 785 783
788 15 787
790 789 127
792 13 791
794 11 792
796 2 794
798 3 780
800 799 797
802 17 765
804 803 355
806 14 805
808 15 743
810 809 807
812 13 811
814 11 812
816 8 814
818 9 798
820 819 817
822 6 821
824 7 801
826 825 823
828 4 827
830 5 761
832 831 829
834 105 547
836 13 835
838 10 836
840 571 839
842 16 835
844 17 107
846 845 843
848 13 847
850 10 848
852 571 851
854 2 853
856 3 841
858 857 855
860 105 379
862 17 861
864 863 843
866 13 865
868 10 866
870 611 869
872 8 871
874 9 856
876 875 873
878 6 877
880 7 859
882 881 879
884 19 385
886 885 547
888 19 25
890 889 387
892 16 891
894 17 887
896 895 893
898 515 547
900 281 83
902 19 901
904 16 902
906 17 899
908 907 905
910 14 909
912 15 897
914 913 911
916 13 915
918 11 916
920 885 103
922 17 921
924 923 893
926 403 103
928 95 29
930 19 929
932 931 379
934 16 933
936 17 927
938 937 935
940 14 939
942 15 925
944 943 941
946 13 945
948 11 946
950 2 948
952 3 918
954 953 951
956 885 379
958 303 387
960 16 959
962 17 957
964 963 961
966 15 965
968 13 966
970 11 968
972 8 970
974 9 952
976 975 973
978 6 977
980 7 955
982 981 979
984 4 983
986 5 883
988 987 985
990 19 30
992 991 323
994 17 993
996 995 333
998 12 997
1000 163 999
1002 10 62
1004 11 1001
1006 1005 1003
1008 367 1003
1010 2 1009
1012 3 1007
1014 1013 1011
1016 1013 173
1018 991 349
1020 17 1019
1022 1021 333
1024 12 1023
1026 163 1025
1028 11 1027
1030 1029 1003
1032 8 1031
1034 9 1017
1036 1035 1033
1038 6 1037
1040 7 1015
1042 1041 1039
1044 15 298
1046 13 1044
1048 1047 63
1050 11 1049
1052 1051 167
1054 3 1053
1056 1055 173
1058 309 905
1060 15 1059
1062 13 1060
1064 1063 63
1066 11 1065
1068 1067 167
1070 8 1069
1072 9 1057
1074 1073 1071
1076 6 1075
1078 7 1053
1080 1079 1077
1082 4 1081
1084 5 1043
1086 1085 1083
i0 p0b0room29somebody2enters
i1 p0b0cm29ready
i2 p0b0room29empty
i3 p0b0room29somebody2leaves
i4 p0b0cm29busy
i5 p0b0cm29standby
i6 p0b0cm29finished
o0 u0cm29ctrl0f1dturn2off1b
o1 u0cm29ctrl0f1dturn2on1b
o2 u0cm29ctrl0cm29ctrl
o3 u0cm29ctrl0f1dmake2coffee1b
{"is_completed":true,"output_vars":["u0cm29ctrl0f1dturn2off1b","u0cm29ctrl0f1dmake2coffee1b","u0cm29ctrl0f1dturn2on1b","u0cm29ctrl0cm29ctrl"],"input_vars":["p0b0cm29finished","p0b0cm29busy","p0b0cm29standby","p0b0cm29ready","p0b0room29somebody2leaves","p0b0room29empty","p0b0room29somebody2enters"],"formula":"((G (! (((! (((u0cm29ctrl0f1dmake2coffee1b) && (! (u0cm29ctrl0cm29ctrl))) <-> ((u0cm29ctrl0cm29ctrl) && (! (u0cm29ctrl0f1dmake2coffee1b))))) && (! ((u0cm29ctrl0f1dturn2off1b) || (u0cm29ctrl0f1dturn2on1b)))) <-> ((! (((u0cm29ctrl0f1dturn2off1b) && (! (u0cm29ctrl0f1dturn2on1b))) <-> ((u0cm29ctrl0f1dturn2on1b) && (! (u0cm29ctrl0f1dturn2off1b))))) && (! ((u0cm29ctrl0f1dmake2coffee1b) || (u0cm29ctrl0cm29ctrl))))))) && ((G ((((((((((p0b0room29somebody2enters) -> (((! (p0b0room29empty)) U (p0b0room29somebody2leaves)) || (G (! (p0b0room29empty))))) && (((p0b0room29somebody2leaves) && (p0b0room29empty)) -> (((p0b0room29empty) U (p0b0room29somebody2enters)) || (G (p0b0room29empty))))) && (((p0b0cm29ready) || (p0b0cm29standby)) || (p0b0cm29busy))) && ((p0b0cm29ready) -> ((! (p0b0cm29standby)) && (! (p0b0cm29busy))))) && ((p0b0cm29standby) -> ((! (p0b0cm29busy)) && (! (p0b0cm29ready))))) && ((p0b0cm29busy) -> ((! (p0b0cm29ready)) && (! (p0b0cm29standby))))) && ((((u0cm29ctrl0f1dturn2on1b) && (p0b0cm29standby)) -> (X (p0b0cm29busy))) U (((u0cm29ctrl0f1dmake2coffee1b) || (u0cm29ctrl0f1dturn2off1b)) R (p0b0cm29ready)))) && ((((u0cm29ctrl0f1dturn2off1b) && (p0b0cm29ready)) -> (X (p0b0cm29busy))) U ((u0cm29ctrl0f1dturn2on1b) R (p0b0cm29standby)))) && ((((u0cm29ctrl0f1dmake2coffee1b) && (p0b0cm29ready)) -> (X (p0b0cm29busy))) U ((p0b0cm29finished) && (((u0cm29ctrl0f1dmake2coffee1b) || (u0cm29ctrl0f1dturn2off1b)) R (p0b0cm29ready)))))) -> (G ((p0b0room29somebody2enters) -> (F (((p0b0cm29ready) U ((p0b0room29somebody2leaves) && (p0b0room29empty))) || (G (p0b0cm29ready))))))))","total_time":220,"automaton":{"is_built":true,"build_duration":9,"total_states":19,"state_based_status":"true","prune_automaton_duration":0,"pruned_state_based_status":"true","prune_total_states":19,"total_edges":64},"dependency":{"dependency_approach":"automaton","tested_dependencies":[],"total_duration":-1,"is_completed":true,"skipped_dependencies":true,"total_pair_state":-1},"unate":{"skipped_unate":true},"synthesis":{"model_checking_status":"UNKNOWN","independent_strategy":{"duration":210,"realizability":"REALIZABLE","total_inputs":7,"total_outputs":4,"total_latches":5,"total_gates":531},"dependent_strategy":{"duration":-1,"total_inputs":-1,"total_outputs":-1,"total_latches":-1,"total_gates":-1}}}
