aag 428 8 4 4 416
2
4
6
8
10
12
14
16
18 511
20 597
22 737
24 857
92
259
0
401
26 23 25
28 18 25
30 19 26
32 31 29
34 5 33
36 22 24
38 20 37
40 21 26
42 41 39
44 19 43
46 45 29
48 5 47
50 2 48
52 3 34
54 53 51
56 23 24
58 20 56
60 41 59
62 20 25
64 18 62
66 19 61
68 67 65
70 17 69
72 9 70
74 17 47
76 12 74
78 13 72
80 79 77
82 5 81
84 3 82
86 10 84
88 11 55
90 89 87
92 14 91
94 20 36
96 18 37
98 19 95
100 99 97
102 20 26
104 21 23
106 105 103
108 18 107
110 31 109
112 8 111
114 9 26
116 115 113
118 4 117
120 5 101
122 121 119
124 18 40
126 6 124
128 7 40
130 129 127
132 4 131
134 121 133
136 2 135
138 3 123
140 139 137
142 21 25
144 143 59
146 18 145
148 19 25
150 149 147
152 16 101
154 17 151
156 155 153
158 8 101
160 9 157
162 161 159
164 17 40
166 165 153
168 12 167
170 13 163
172 171 169
174 4 173
176 121 175
178 2 101
180 3 177
182 181 179
184 10 183
186 11 141
188 187 185
190 22 25
192 57 191
194 20 193
196 21 36
198 197 195
200 18 58
202 19 199
204 203 201
206 4 101
208 5 205
210 209 207
212 2 206
214 3 211
216 215 213
218 21 190
220 219 63
222 19 221
224 223 147
226 17 225
228 227 153
230 9 229
232 231 159
234 12 152
236 13 233
238 237 235
240 5 239
242 241 207
244 3 243
246 245 179
248 10 247
250 11 217
252 251 249
254 14 253
256 15 189
258 257 255
260 21 27
262 261 195
264 18 193
266 19 263
268 267 265
270 219 195
272 18 271
274 267 273
276 8 275
278 9 269
280 279 277
282 4 281
284 261 39
286 21 193
288 287 39
290 18 289
292 19 285
294 293 291
296 99 291
298 6 297
300 7 295
302 301 299
304 4 303
306 2 304
308 3 282
310 309 307
312 21 24
314 313 59
316 21 56
318 317 63
320 18 319
322 19 315
324 323 321
326 17 325
328 9 326
330 17 295
332 12 330
334 13 328
336 335 333
338 4 337
340 3 338
342 10 340
344 11 311
346 345 343
348 18 316
350 19 286
352 351 349
354 5 353
356 18 56
358 19 260
360 359 357
362 5 361
364 2 362
366 3 354
368 367 365
370 19 312
372 371 349
374 17 373
376 9 374
378 17 361
380 12 378
382 13 376
384 383 381
386 5 385
388 3 386
390 10 388
392 11 369
394 393 391
396 14 395
398 15 347
400 399 397
402 197 59
404 287 63
406 18 405
408 19 403
410 409 407
412 18 190
414 8 412
416 9 411
418 417 415
420 4 419
422 18 221
424 19 38
426 425 423
428 18 61
430 19 142
432 431 429
434 105 59
436 18 435
438 19 21
440 439 437
442 8 441
444 9 433
446 445 443
448 6 447
450 7 427
452 451 449
454 4 453
456 2 454
458 3 420
460 459 457
462 4 81
464 3 462
466 10 464
468 11 461
470 469 467
472 317 103
474 18 473
476 409 475
478 9 477
480 5 478
482 3 480
484 19 40
486 17 484
488 9 486
490 12 164
492 13 488
494 493 491
496 5 495
498 3 496
500 10 498
502 11 482
504 503 501
506 14 505
508 15 471
510 509 507
512 20 190
514 18 512
516 19 194
518 517 515
520 8 516
522 9 519
524 523 521
526 4 525
528 19 58
530 529 65
532 9 531
534 219 39
536 143 39
538 18 537
540 19 535
542 541 539
544 293 97
546 8 545
548 9 543
550 549 547
552 6 551
554 7 532
556 555 553
558 4 557
560 2 558
562 3 526
564 563 561
566 17 531
568 9 566
570 17 427
572 12 570
574 13 568
576 575 573
578 4 577
580 3 578
582 10 580
584 11 565
586 585 583
588 3 208
590 11 588
592 14 590
594 15 587
596 595 593
598 143 103
600 143 195
602 18 601
604 19 599
606 605 603
608 20 27
610 19 609
612 611 97
614 8 613
616 9 607
618 617 615
620 4 619
622 121 621
624 9 537
626 625 159
628 313 63
630 18 286
632 19 629
634 633 631
636 8 427
638 9 635
640 639 637
642 6 641
644 7 627
646 645 643
648 4 647
650 121 649
652 2 651
654 3 623
656 655 653
658 17 543
660 659 153
662 9 661
664 663 159
666 571 153
668 12 667
670 13 665
672 671 669
674 4 673
676 121 675
678 3 677
680 679 179
682 10 681
684 11 657
686 685 683
688 18 142
690 605 689
692 21 37
694 693 103
696 693 63
698 18 697
700 19 695
702 701 699
704 8 703
706 9 691
708 707 705
710 5 709
712 711 207
714 9 151
716 715 159
718 5 717
720 719 207
722 2 721
724 3 713
726 725 723
728 11 727
730 729 249
732 14 731
734 15 687
736 735 733
738 371 475
740 9 739
742 4 740
744 121 743
746 9 373
748 261 59
750 105 39
752 18 751
754 19 749
756 755 753
758 359 437
760 8 759
762 9 757
764 763 761
766 6 765
768 7 746
770 769 767
772 4 771
774 121 773
776 2 775
778 3 745
780 779 777
782 20 24
784 693 59
786 18 785
788 19 783
790 789 787
792 17 791
794 793 153
796 9 795
798 797 159
800 17 441
802 801 153
804 12 803
806 13 799
808 807 805
810 4 809
812 121 811
814 3 813
816 815 179
818 10 817
820 11 781
822 821 819
824 19 316
826 825 321
828 9 827
830 5 828
832 831 207
834 9 325
836 5 834
838 837 207
840 2 839
842 3 833
844 843 841
846 10 101
848 11 845
850 849 847
852 14 851
854 15 823
856 855 853
i0 p0b02room29switch29toggled
i1 p0b02roomlight29off
i2 p0p0bright0outside29brightness
i3 p0b02room29somebody2enters
i4 p0b02room29empty
i5 p0b02room29somebody2leaves
i6 p0b02roomlight29on
i7 p0b02room29bed29occupied
o0 u02roomlight29light0f1d2roomlight29turn2on1b
o1 u02roomlight29light0f1d2roomlight29toggle1b
o2 u02roomlight29light0f1d2roomlight29turn2off1b
o3 u02roomlight29light02roomlight29light
{"is_completed":true,"output_vars":["u02roomlight29light0f1d2roomlight29turn2off1b","u02roomlight29light0f1d2roomlight29toggle1b","u02roomlight29light0f1d2roomlight29turn2on1b","u02roomlight29light02roomlight29light"],"input_vars":["p0p0bright0outside29brightness","p0b02room29bed29occupied","p0b02room29somebody2leaves","p0b02room29somebody2enters","p0b02room29switch29toggled","p0b02room29empty","p0b02roomlight29off","p0b02roomlight29on"],"formula":"((G (! (((! (((u02roomlight29light0f1d2roomlight29toggle1b) && (! (u02roomlight29light02roomlight29light))) <-> ((u02roomlight29light02roomlight29light) && (! (u02roomlight29light0f1d2roomlight29toggle1b))))) && (! ((u02roomlight29light0f1d2roomlight29turn2off1b) || (u02roomlight29light0f1d2roomlight29turn2on1b)))) <-> ((! (((u02roomlight29light0f1d2roomlight29turn2off1b) && (! (u02roomlight29light0f1d2roomlight29turn2on1b))) <-> ((u02roomlight29light0f1d2roomlight29turn2on1b) && (! (u02roomlight29light0f1d2roomlight29turn2off1b))))) && (! ((u02roomlight29light0f1d2roomlight29toggle1b) || (u02roomlight29light02roomlight29light))))))) && (((((((((G (! ((p0b02roomlight29on) <-> (p0b02roomlight29off)))) && (G (((u02roomlight29light0f1d2roomlight29turn2on1b) || ((u02roomlight29light0f1d2roomlight29toggle1b) && (p0b02roomlight29off))) -> (X (F (((u02roomlight29light0f1d2roomlight29turn2off1b) || (u02roomlight29light0f1d2roomlight29toggle1b)) R (p0b02roomlight29on))))))) && (G (((u02roomlight29light0f1d2roomlight29turn2off1b) || ((u02roomlight29light0f1d2roomlight29toggle1b) && (p0b02roomlight29on))) -> (X (F (((u02roomlight29light0f1d2roomlight29turn2on1b) || (u02roomlight29light0f1d2roomlight29toggle1b)) R (p0b02roomlight29off))))))) && (G ((p0b02room29empty) -> (! (p0b02room29switch29toggled))))) && (G ((p0b02room29somebody2enters) -> (((! (p0b02room29empty)) U ((p0b02room29somebody2leaves) && (p0b02room29empty))) || (G (! (p0b02room29empty))))))) && (G (((p0b02room29somebody2leaves) && (p0b02room29empty)) -> (((p0b02room29empty) U (p0b02room29somebody2enters)) || (G (p0b02room29empty)))))) && (G ((p0b02room29bed29occupied) -> (! (p0b02room29empty))))) && ((((! (p0b02room29empty)) U ((p0b02room29somebody2leaves) && (p0b02room29empty))) || (G (! (p0b02room29empty)))) || (((p0b02room29empty) U (p0b02room29somebody2enters)) || (G (p0b02room29empty))))) -> (G ((p0p0bright0outside29brightness) -> (((p0b02room29switch29toggled) && (p0b02roomlight29off)) -> (X (F (((p0b02roomlight29on) U ((p0b02room29switch29toggled) || (p0b02room29empty))) || (G (p0b02roomlight29on))))))))))","total_time":87,"automaton":{"is_built":true,"build_duration":11,"total_states":13,"state_based_status":"true","prune_automaton_duration":0,"pruned_state_based_status":"true","prune_total_states":13,"total_edges":40},"dependency":{"dependency_approach":"automaton","tested_dependencies":[],"total_duration":-1,"is_completed":true,"skipped_dependencies":true,"total_pair_state":-1},"unate":{"skipped_unate":true},"synthesis":{"model_checking_status":"UNKNOWN","independent_strategy":{"duration":76,"realizability":"REALIZABLE","total_inputs":8,"total_outputs":4,"total_latches":4,"total_gates":416},"dependent_strategy":{"duration":-1,"total_inputs":-1,"total_outputs":-1,"total_latches":-1,"total_gates":-1}}}
