aag 223 6 4 4 213
2
4
6
8
10
12
14 265
16 331
18 379
20 447
36
70
92
193
22 18 21
24 17 22
26 15 24
28 8 26
30 7 28
32 5 30
34 2 32
36 11 34
38 19 21
40 14 22
42 15 38
44 43 41
46 8 45
48 16 21
50 17 38
52 51 49
54 15 53
56 55 41
58 9 57
60 6 58
62 7 46
64 63 61
66 4 65
68 3 66
70 11 68
72 14 50
74 8 72
76 14 38
78 27 77
80 9 79
82 6 80
84 7 74
86 85 83
88 5 87
90 2 88
92 11 90
94 18 20
96 17 95
98 97 49
100 14 21
102 15 99
104 103 101
106 19 20
108 107 23
110 16 22
112 17 109
114 113 111
116 15 115
118 117 77
120 8 119
122 9 105
124 123 121
126 15 112
128 127 77
130 8 105
132 9 129
134 133 131
136 6 135
138 7 125
140 139 137
142 4 141
144 5 105
146 145 143
148 17 19
150 149 49
152 25 49
154 14 153
156 15 151
158 157 155
160 8 159
162 123 161
164 157 41
166 9 165
168 167 131
170 6 169
172 7 163
174 173 171
176 4 105
178 5 175
180 179 177
182 2 181
184 3 147
186 185 183
188 10 105
190 11 187
192 191 189
194 15 50
196 195 41
198 8 197
200 6 166
202 7 198
204 203 201
206 4 205
208 16 38
210 25 209
212 14 211
214 195 213
216 8 215
218 17 21
220 219 209
222 9 221
224 6 222
226 7 216
228 227 225
230 5 229
232 2 230
234 3 206
236 235 233
238 14 208
240 8 238
242 113 49
244 15 243
246 245 101
248 9 247
250 6 248
252 7 240
254 253 251
256 5 255
258 3 256
260 10 258
262 11 237
264 263 261
266 17 106
268 267 49
270 15 269
272 271 41
274 9 273
276 6 274
278 4 276
280 14 221
282 15 211
284 283 281
286 9 285
288 6 286
290 31 289
292 5 291
294 2 292
296 3 278
298 297 295
300 14 24
302 157 301
304 8 303
306 97 111
308 14 53
310 15 307
312 311 309
314 9 313
316 6 314
318 7 304
320 319 317
322 5 321
324 3 322
326 10 324
328 11 299
330 329 327
332 15 208
334 8 332
336 15 266
338 9 336
340 6 338
342 7 334
344 343 341
346 4 345
348 283 73
350 8 349
352 7 350
354 5 352
356 2 354
358 3 346
360 359 357
362 117 73
364 8 363
366 7 364
368 367 277
370 5 369
372 3 370
374 10 372
376 11 361
378 377 375
380 81 131
382 6 381
384 139 383
386 4 385
388 145 387
390 267 111
392 14 110
394 15 391
396 395 393
398 8 397
400 123 399
402 9 397
404 403 131
406 6 405
408 7 401
410 409 407
412 5 411
414 413 177
416 2 415
418 3 389
420 419 417
422 8 392
424 123 423
426 6 130
428 7 425
430 429 427
432 5 431
434 433 177
436 2 105
438 3 435
440 439 437
442 10 441
444 11 421
446 445 443
i0 p0b02c2m29ready
i1 p0b02c2m29standby
i2 p0p0ready02c2m29intend
i3 p0p0standby02c2m29intend
i4 p0b02c2m29busy
i5 p0b02c2m29finished
o0 u02c2m29ctrl0f1d2c2m29turn2off1b
o1 u02c2m29ctrl0f1d2c2m29turn2on1b
o2 u02c2m29ctrl02c2m29ctrl
o3 u02c2m29ctrl0f1d2c2m29make2coffee1b
{"is_completed":true,"output_vars":["u02c2m29ctrl0f1d2c2m29turn2off1b","u02c2m29ctrl0f1d2c2m29make2coffee1b","u02c2m29ctrl0f1d2c2m29turn2on1b","u02c2m29ctrl02c2m29ctrl"],"input_vars":["p0p0standby02c2m29intend","p0p0ready02c2m29intend","p0b02c2m29finished","p0b02c2m29busy","p0b02c2m29standby","p0b02c2m29ready"],"formula":"((G (! (((! (((u02c2m29ctrl0f1d2c2m29make2coffee1b) && (! (u02c2m29ctrl02c2m29ctrl))) <-> ((u02c2m29ctrl02c2m29ctrl) && (! (u02c2m29ctrl0f1d2c2m29make2coffee1b))))) && (! ((u02c2m29ctrl0f1d2c2m29turn2off1b) || (u02c2m29ctrl0f1d2c2m29turn2on1b)))) <-> ((! (((u02c2m29ctrl0f1d2c2m29turn2off1b) && (! (u02c2m29ctrl0f1d2c2m29turn2on1b))) <-> ((u02c2m29ctrl0f1d2c2m29turn2on1b) && (! (u02c2m29ctrl0f1d2c2m29turn2off1b))))) && (! ((u02c2m29ctrl0f1d2c2m29make2coffee1b) || (u02c2m29ctrl02c2m29ctrl))))))) && ((((((((((G (((p0b02c2m29ready) || (p0b02c2m29standby)) || (p0b02c2m29busy))) && (G ((p0b02c2m29ready) -> ((! (p0b02c2m29standby)) && (! (p0b02c2m29busy)))))) && (G ((p0b02c2m29standby) -> ((! (p0b02c2m29busy)) && (! (p0b02c2m29ready)))))) && (G ((p0b02c2m29busy) -> ((! (p0b02c2m29ready)) && (! (p0b02c2m29standby)))))) && (G (((u02c2m29ctrl0f1d2c2m29turn2on1b) && (p0b02c2m29standby)) -> (X ((p0b02c2m29busy) U (((u02c2m29ctrl0f1d2c2m29make2coffee1b) || (u02c2m29ctrl0f1d2c2m29turn2off1b)) R (p0b02c2m29ready))))))) && (G (((u02c2m29ctrl0f1d2c2m29turn2off1b) && (p0b02c2m29ready)) -> (X ((p0b02c2m29busy) U ((u02c2m29ctrl0f1d2c2m29turn2on1b) R (p0b02c2m29standby))))))) && (G (((u02c2m29ctrl0f1d2c2m29make2coffee1b) && (p0b02c2m29ready)) -> (X ((p0b02c2m29busy) U ((p0b02c2m29finished) && (((u02c2m29ctrl0f1d2c2m29make2coffee1b) || (u02c2m29ctrl0f1d2c2m29turn2off1b)) R (p0b02c2m29ready)))))))) && (F ((p0b02c2m29standby) || (p0b02c2m29ready)))) && (G (! ((p0p0ready02c2m29intend) <-> (p0p0standby02c2m29intend))))) -> ((G ((p0p0ready02c2m29intend) -> (F (((p0b02c2m29ready) U (! (p0p0ready02c2m29intend))) || (G (p0b02c2m29ready)))))) && (G ((p0p0standby02c2m29intend) -> (F (((p0b02c2m29standby) U (! (p0p0standby02c2m29intend))) || (G (p0b02c2m29standby)))))))))","total_time":19,"automaton":{"is_built":true,"build_duration":5,"total_states":20,"state_based_status":"true","prune_automaton_duration":0,"pruned_state_based_status":"true","prune_total_states":20,"total_edges":94},"dependency":{"dependency_approach":"automaton","tested_dependencies":[],"total_duration":-1,"is_completed":true,"skipped_dependencies":true,"total_pair_state":-1},"unate":{"skipped_unate":true},"synthesis":{"model_checking_status":"UNKNOWN","independent_strategy":{"duration":13,"realizability":"REALIZABLE","total_inputs":6,"total_outputs":4,"total_latches":4,"total_gates":213},"dependent_strategy":{"duration":-1,"total_inputs":-1,"total_outputs":-1,"total_latches":-1,"total_gates":-1}}}
