aag 17 4 0 3 13
2
4
6
8
23
29
34
10 6 9
12 4 9
14 5 10
16 15 13
18 2 14
20 3 17
22 21 19
24 2 15
26 3 8
28 27 25
30 7 9
32 5 30
34 3 32
i0 p0p0turning2left0angle
i1 p0p0turning2right0angle
i2 p0p0left2of2center0track2pos
i3 p0p0right2of2center0track2pos
o0 u0steer0f1dsteer2right1b
o1 u0steer0f1dsteer2left1b
o2 u0steer0steer
{"is_completed":true,"output_vars":["u0steer0f1dsteer2right1b","u0steer0f1dsteer2left1b","u0steer0steer"],"input_vars":["p0p0turning2right0angle","p0p0turning2left0angle","p0p0right2of2center0track2pos","p0p0left2of2center0track2pos"],"formula":"((G (! (((u0steer0f1dsteer2left1b) && (! ((u0steer0f1dsteer2right1b) || (u0steer0steer)))) <-> ((! (((u0steer0f1dsteer2right1b) && (! (u0steer0steer))) <-> ((u0steer0steer) && (! (u0steer0f1dsteer2right1b))))) && (! (u0steer0f1dsteer2left1b)))))) && (((((G ((p0p0right2of2center0track2pos) -> (! (p0p0left2of2center0track2pos)))) && (G ((p0p0left2of2center0track2pos) -> (! (p0p0right2of2center0track2pos))))) && (G ((p0p0turning2left0angle) -> (! (p0p0turning2right0angle))))) && (G ((p0p0turning2right0angle) -> (! (p0p0turning2left0angle))))) -> (((G ((p0p0right2of2center0track2pos) -> (u0steer0f1dsteer2left1b))) && (G ((p0p0left2of2center0track2pos) -> (u0steer0f1dsteer2right1b)))) && (G (((! (p0p0right2of2center0track2pos)) && (! (p0p0left2of2center0track2pos))) -> (((p0p0turning2left0angle) <-> (u0steer0f1dsteer2left1b)) && ((p0p0turning2right0angle) <-> (u0steer0f1dsteer2right1b))))))))","total_time":3,"automaton":{"is_built":true,"build_duration":1,"total_states":4,"state_based_status":"true","prune_automaton_duration":0,"pruned_state_based_status":"true","prune_total_states":4,"total_edges":7},"dependency":{"dependency_approach":"automaton","tested_dependencies":[],"total_duration":-1,"is_completed":false,"skipped_dependencies":true,"total_pair_state":-1},"unate":{"skipped_unate":true},"synthesis":{"model_checking_status":"UNKNOWN","independent_strategy":{"duration":1,"realizability":"REALIZABLE","total_inputs":4,"total_outputs":3,"total_latches":0,"total_gates":13},"dependent_strategy":{"duration":-1,"total_inputs":-1,"total_outputs":-1,"total_latches":-1,"total_gates":-1}}}
