aag 954 9 5 13 940
2
4
6
8
10
12
14
16
18
20 1327
22 1463
24 1643
26 1795
28 1909
0
119
229
339
383
479
585
703
771
871
957
1069
1137
30 7 16
32 5 30
34 2 32
36 3 30
38 37 35
40 29 39
42 26 40
44 27 39
46 45 43
48 24 40
50 25 47
52 51 49
54 13 16
56 6 54
58 31 57
60 5 59
62 2 60
64 3 59
66 65 63
68 29 67
70 26 68
72 27 40
74 73 71
76 24 75
78 51 77
80 22 79
82 23 53
84 83 81
86 16 18
88 7 86
90 5 88
92 2 90
94 3 88
96 95 93
98 28 97
100 41 99
102 27 101
104 103 43
106 25 105
108 107 49
110 22 109
112 83 111
114 20 113
116 21 85
118 117 115
120 5 6
122 2 120
124 3 6
126 125 123
128 29 127
130 26 128
132 27 127
134 133 131
136 24 128
138 25 135
140 139 137
142 6 55
144 5 142
146 2 144
148 3 142
150 149 147
152 29 151
154 26 152
156 24 154
158 139 157
160 22 159
162 23 141
164 163 161
166 6 12
168 5 166
170 2 168
172 3 166
174 173 171
176 28 175
178 27 176
180 179 131
182 25 181
184 183 137
186 18 13
188 6 187
190 5 188
192 2 190
194 3 188
196 195 193
198 28 197
200 129 199
202 27 201
204 203 131
206 29 175
208 27 206
210 209 131
212 24 211
214 25 205
216 215 213
218 22 217
220 23 185
222 221 219
224 20 223
226 21 165
228 227 225
230 7 17
232 231 5
234 2 233
236 3 230
238 237 235
240 29 239
242 26 240
244 27 239
246 245 243
248 24 240
250 25 247
252 251 249
254 29 38
256 27 254
258 257 243
260 24 259
262 251 261
264 22 263
266 23 253
268 267 265
270 6 13
272 231 271
274 272 5
276 2 275
278 3 273
280 279 277
282 28 281
284 255 283
286 27 285
288 287 243
290 25 289
292 291 249
294 6 186
296 7 87
298 297 295
300 298 5
302 2 301
304 3 299
306 305 303
308 28 307
310 241 309
312 27 311
314 313 243
316 29 281
318 27 316
320 319 243
322 24 321
324 25 315
326 325 323
328 22 327
330 23 293
332 331 329
334 20 333
336 21 269
338 337 335
340 5 270
342 2 340
344 3 270
346 345 343
348 28 347
350 27 348
352 25 350
354 23 352
356 4 13
358 2 356
360 29 358
362 27 360
364 24 362
366 29 13
368 26 366
370 24 368
372 22 370
374 23 364
376 375 373
378 20 377
380 21 354
382 381 379
384 4 166
386 2 384
388 28 166
390 29 386
392 391 389
394 29 166
396 26 394
398 27 393
400 399 397
402 29 6
404 27 402
406 405 397
408 24 407
410 25 401
412 411 409
414 4 6
416 169 415
418 2 417
420 173 419
422 29 421
424 423 389
426 121 385
428 2 427
430 125 429
432 29 431
434 26 432
436 27 425
438 437 435
440 24 394
442 25 439
444 443 441
446 22 445
448 23 413
450 449 447
452 26 402
454 399 453
456 25 455
458 457 441
460 27 6
462 461 453
464 25 463
466 465 409
468 22 467
470 23 459
472 471 469
474 20 473
476 21 451
478 477 475
480 28 430
482 29 387
484 483 481
486 29 167
488 26 486
490 27 485
492 491 489
494 29 7
496 27 494
498 497 489
500 24 499
502 25 493
504 503 501
506 29 430
508 26 506
510 27 424
512 511 509
514 24 486
516 25 513
518 517 515
520 22 519
522 23 505
524 523 521
526 26 494
528 27 392
530 529 527
532 7 12
534 4 532
536 5 167
538 537 535
540 2 539
542 3 167
544 543 541
546 29 545
548 27 546
550 549 489
552 24 551
554 25 531
556 555 553
558 27 7
560 559 527
562 29 532
564 26 562
566 497 565
568 24 567
570 25 561
572 571 569
574 22 573
576 23 557
578 577 575
580 20 579
582 21 525
584 583 581
586 10 12
588 8 12
590 9 586
592 591 589
594 6 593
596 4 594
598 2 596
600 28 594
602 29 598
604 603 601
606 29 594
608 26 606
610 27 605
612 611 609
614 11 9
616 6 615
618 29 616
620 27 618
622 621 609
624 24 623
626 25 613
628 627 625
630 4 616
632 5 594
634 633 631
636 2 635
638 3 594
640 639 637
642 29 641
644 643 601
646 5 616
648 647 597
650 2 649
652 3 616
654 653 651
656 29 655
658 26 656
660 27 645
662 661 659
664 24 606
666 25 663
668 667 665
670 22 669
672 23 629
674 673 671
676 26 618
678 611 677
680 25 679
682 681 665
684 27 616
686 685 677
688 25 687
690 689 625
692 22 691
694 23 683
696 695 693
698 20 697
700 21 675
702 701 699
704 29 595
706 26 704
708 27 604
710 709 707
712 29 617
714 27 712
716 715 707
718 24 717
720 25 711
722 721 719
724 29 654
726 26 724
728 27 644
730 729 727
732 24 704
734 25 731
736 735 733
738 22 737
740 23 723
742 741 739
744 26 712
746 709 745
748 25 747
750 749 733
752 27 617
754 753 745
756 25 755
758 757 719
760 22 759
762 23 751
764 763 761
766 20 765
768 21 743
770 769 767
772 12 14
774 28 772
776 29 772
778 26 776
780 27 774
782 781 779
784 7 772
786 29 784
788 27 786
790 24 788
792 25 783
794 793 791
796 6 772
798 4 784
800 5 772
802 801 799
804 2 803
806 3 772
808 807 805
810 28 809
812 29 796
814 813 811
816 27 815
818 26 812
820 24 818
822 25 816
824 823 821
826 22 825
828 23 795
830 829 827
832 26 786
834 781 833
836 27 776
838 837 819
840 24 839
842 25 835
844 843 841
846 27 796
848 847 833
850 27 812
852 851 779
854 24 853
856 25 849
858 857 855
860 22 859
862 23 845
864 863 861
866 20 865
868 21 831
870 869 867
872 29 773
874 26 872
876 27 775
878 877 875
880 29 785
882 26 29
884 27 880
886 885 883
888 24 887
890 25 879
892 891 889
894 27 814
896 895 883
898 29 797
900 26 898
902 27 29
904 903 901
906 24 905
908 25 897
910 909 907
912 22 911
914 23 893
916 915 913
918 26 880
920 877 919
922 27 872
924 923 901
926 24 925
928 25 921
930 929 927
932 27 797
934 933 919
936 27 898
938 937 875
940 24 939
942 25 935
944 943 941
946 22 945
948 23 931
950 949 947
952 20 951
954 21 917
956 955 953
958 11 12
960 9 958
962 6 960
964 4 962
966 2 964
968 28 962
970 29 966
972 971 969
974 29 962
976 26 974
978 27 973
980 979 977
982 6 614
984 29 982
986 27 984
988 987 977
990 24 989
992 25 981
994 993 991
996 4 982
998 5 962
1000 999 997
1002 2 1001
1004 3 962
1006 1005 1003
1008 29 1007
1010 1009 969
1012 5 982
1014 1013 965
1016 2 1015
1018 3 982
1020 1019 1017
1022 29 1021
1024 26 1022
1026 27 1011
1028 1027 1025
1030 24 974
1032 25 1029
1034 1033 1031
1036 22 1035
1038 23 995
1040 1039 1037
1042 26 984
1044 979 1043
1046 25 1045
1048 1047 1031
1050 27 982
1052 1051 1043
1054 25 1053
1056 1055 991
1058 22 1057
1060 23 1049
1062 1061 1059
1064 20 1063
1066 21 1041
1068 1067 1065
1070 29 963
1072 26 1070
1074 27 972
1076 1075 1073
1078 29 983
1080 27 1078
1082 1081 1073
1084 24 1083
1086 25 1077
1088 1087 1085
1090 29 1020
1092 26 1090
1094 27 1010
1096 1095 1093
1098 24 1070
1100 25 1097
1102 1101 1099
1104 22 1103
1106 23 1089
1108 1107 1105
1110 26 1078
1112 1075 1111
1114 25 1113
1116 1115 1099
1118 27 983
1120 1119 1111
1122 25 1121
1124 1123 1085
1126 22 1125
1128 23 1117
1130 1129 1127
1132 20 1131
1134 21 1109
1136 1135 1133
1138 6 773
1140 4 1139
1142 2 1140
1144 4 533
1146 5 12
1148 1147 1145
1150 2 1149
1152 3 12
1154 1153 1151
1156 28 1155
1158 29 1143
1160 1159 1157
1162 29 1155
1164 26 1162
1166 27 1161
1168 1167 1165
1170 12 15
1172 6 1170
1174 7 13
1176 1175 1173
1178 5 1177
1180 1179 1145
1182 2 1181
1184 3 1177
1186 1185 1183
1188 29 1187
1190 5 1138
1192 1191 415
1194 2 1193
1196 3 1138
1198 1197 1195
1200 29 1199
1202 26 1200
1204 27 1188
1206 1205 1203
1208 24 1207
1210 25 1169
1212 1211 1209
1214 403 1157
1216 5 1172
1218 1217 415
1220 2 1219
1222 3 1172
1224 1223 1221
1226 29 1225
1228 26 1226
1230 27 1215
1232 1231 1229
1234 24 402
1236 25 1233
1238 1237 1235
1240 22 1239
1242 23 1213
1244 1243 1241
1246 4 7
1248 2 1246
1250 28 533
1252 29 1249
1254 1253 1251
1256 26 1188
1258 27 1255
1260 1259 1257
1262 26 1252
1264 27 1162
1266 1265 1263
1268 24 1267
1270 25 1261
1272 1271 1269
1274 19 13
1276 6 1275
1278 7 19
1280 1279 1277
1282 18 7
1284 4 1283
1286 5 1281
1288 1287 1285
1290 2 1289
1292 3 1281
1294 1293 1291
1296 28 1295
1298 423 1297
1300 27 1299
1302 1301 1257
1304 29 533
1306 26 1304
1308 405 1307
1310 24 1309
1312 25 1303
1314 1313 1311
1316 22 1315
1318 23 1273
1320 1319 1317
1322 20 1321
1324 21 1245
1326 1325 1323
1328 4 167
1330 2 1328
1332 533 271
1334 4 1333
1336 2 1334
1338 28 1336
1340 29 1330
1342 1341 1339
1344 29 1336
1346 26 1344
1348 27 1343
1350 1349 1347
1352 4 1174
1354 5 532
1356 1355 1353
1358 2 1357
1360 3 532
1362 1361 1359
1364 29 1363
1366 27 1364
1368 1367 489
1370 24 1369
1372 25 1351
1374 1373 1371
1376 5 13
1378 1377 1335
1380 2 1379
1382 3 13
1384 1383 1381
1386 28 1385
1388 29 420
1390 1389 1387
1392 5 1173
1394 1393 1329
1396 2 1395
1398 3 1173
1400 1399 1397
1402 29 1401
1404 26 1402
1406 27 1391
1408 1407 1405
1410 25 1409
1412 1411 515
1414 22 1413
1416 23 1375
1418 1417 1415
1420 28 1333
1422 1341 1421
1424 26 1364
1426 27 1423
1428 1427 1425
1430 24 1340
1432 25 1429
1434 1433 1431
1436 28 1282
1438 495 1437
1440 29 1174
1442 26 1440
1444 27 1439
1446 1445 1443
1448 25 1447
1450 1449 501
1452 22 1451
1454 23 1435
1456 1455 1453
1458 20 1457
1460 21 1419
1462 1461 1459
1464 4 1175
1466 1147 1465
1468 2 1467
1470 1153 1469
1472 28 1471
1474 391 1473
1476 29 1471
1478 26 1476
1480 27 1475
1482 1481 1479
1484 1217 1465
1486 2 1485
1488 1223 1487
1490 29 1489
1492 1191 385
1494 2 1493
1496 1197 1495
1498 29 1497
1500 26 1498
1502 27 1490
1504 1503 1501
1506 24 1505
1508 25 1483
1510 1509 1507
1512 403 1473
1514 29 1400
1516 26 1514
1518 27 1513
1520 1519 1517
1522 29 271
1524 145 385
1526 2 1525
1528 149 1527
1530 29 1529
1532 26 1530
1534 27 1522
1536 1535 1533
1538 24 1537
1540 25 1521
1542 1541 1539
1544 22 1543
1546 23 1511
1548 1547 1545
1550 4 271
1552 121 1551
1554 2 1553
1556 125 1555
1558 28 1175
1560 29 1557
1562 1561 1559
1564 26 1490
1566 27 1563
1568 1567 1565
1570 2 1377
1572 1153 1571
1574 29 1573
1576 29 1331
1578 26 1576
1580 27 1574
1582 1581 1579
1584 24 1583
1586 25 1569
1588 1587 1585
1590 5 1276
1592 1591 415
1594 2 1593
1596 3 1276
1598 1597 1595
1600 28 1599
1602 423 1601
1604 533 1173
1606 5 1605
1608 1607 1465
1610 2 1609
1612 3 1605
1614 1613 1611
1616 29 1615
1618 26 1616
1620 27 1603
1622 1621 1619
1624 405 883
1626 24 1625
1628 25 1623
1630 1629 1627
1632 22 1631
1634 23 1589
1636 1635 1633
1638 20 1637
1640 21 1549
1642 1641 1639
1644 4 1172
1646 2 1644
1648 5 271
1650 1649 1465
1652 2 1651
1654 3 271
1656 1655 1653
1658 28 1657
1660 29 1646
1662 1661 1659
1664 29 1657
1666 26 1664
1668 27 1663
1670 1669 1667
1672 6 1171
1674 4 1672
1676 2 1674
1678 29 1677
1680 29 1172
1682 26 1680
1684 27 1678
1686 1685 1683
1688 24 1687
1690 25 1671
1692 1691 1689
1694 533 1139
1696 4 1695
1698 1147 1697
1700 2 1699
1702 1153 1701
1704 28 1703
1706 395 1705
1708 5 1673
1710 1709 1645
1712 2 1711
1714 3 1673
1716 1715 1713
1718 29 1717
1720 26 1718
1722 27 1707
1724 1723 1721
1726 27 1680
1728 1727 397
1730 24 1729
1732 25 1725
1734 1733 1731
1736 22 1735
1738 23 1693
1740 1739 1737
1742 121 1645
1744 2 1743
1746 125 1745
1748 29 1747
1750 1749 1559
1752 29 1673
1754 26 1752
1756 27 1751
1758 1757 1755
1760 903 1579
1762 24 1761
1764 25 1759
1766 1765 1763
1768 433 389
1770 27 1769
1772 1771 1755
1774 27 394
1776 1775 883
1778 24 1777
1780 25 1773
1782 1781 1779
1784 22 1783
1786 23 1767
1788 1787 1785
1790 20 1789
1792 21 1741
1794 1793 1791
1796 28 1656
1798 29 1656
1800 26 1798
1802 27 1796
1804 1803 1801
1806 5 796
1808 2 1806
1810 3 796
1812 1811 1809
1814 29 1813
1816 26 1814
1818 24 1816
1820 25 1805
1822 1821 1819
1824 28 1470
1826 5 1672
1828 2 1826
1830 3 1672
1832 1831 1829
1834 29 1833
1836 26 1834
1838 27 1824
1840 1839 1837
1842 5 56
1844 2 1842
1846 3 56
1848 1847 1845
1850 29 1849
1852 26 1850
1854 24 1852
1856 25 1841
1858 1857 1855
1860 22 1859
1862 23 1823
1864 1863 1861
1866 28 1174
1868 27 1866
1870 1869 1837
1872 25 1871
1874 6 1274
1876 1279 1875
1878 4 1278
1880 5 1877
1882 1881 1879
1884 2 1883
1886 3 1877
1888 1887 1885
1890 28 1889
1892 27 1890
1894 1893 1837
1896 25 1895
1898 22 1896
1900 23 1872
1902 1901 1899
1904 20 1903
1906 21 1865
1908 1907 1905
i0 p0b0wakeup
i1 p0p0between0t29am50t29am2423
i2 p0b0cm29ready
i3 p0b0t29saturday
i4 p0b0t29sunday
i5 p0b0timeout
i6 p0p0asleep0partner
i7 p0b0cm29standby
i8 p0b0cm29busy
o0 u0cm29ctrl0f1dturn2off1b
o1 u0cm29ctrl0f1dturn2on1b
o2 u0cm29ctrl0cm29ctrl
o3 u0cm29ctrl0f1dmake2coffee1b
o4 u0system29start2new2timer0f1dhour251b
o5 u0system29start2new2timer0f1dmin25231b
o6 u0system29start2new2timer0system29start2new2timer
o7 u0radio29ctrl0f1dturn2on1b
o8 u0radio29ctrl0radio29ctrl
o9 u0room29shades29ctrl0f1dmove2to0f1dpercent2423231b1b
o10 u0room29shades29ctrl0room29shades29ctrl
o11 u0tv29ctrl0f1dturn2on1b
o12 u0tv29ctrl0tv29ctrl
{"is_completed":true,"output_vars":["u0tv29ctrl0f1dturn2on1b","u0tv29ctrl0tv29ctrl","u0room29shades29ctrl0f1dmove2to0f1dpercent2423231b1b","u0room29shades29ctrl0room29shades29ctrl","u0radio29ctrl0f1dturn2on1b","u0radio29ctrl0radio29ctrl","u0system29start2new2timer0f1dmin25231b","u0system29start2new2timer0f1dhour251b","u0system29start2new2timer0system29start2new2timer","u0cm29ctrl0f1dturn2off1b","u0cm29ctrl0f1dmake2coffee1b","u0cm29ctrl0f1dturn2on1b","u0cm29ctrl0cm29ctrl"],"input_vars":["p0p0between0t29am50t29am2423","p0p0asleep0partner","p0b0t29sunday","p0b0t29saturday","p0b0wakeup","p0b0timeout","p0b0cm29ready","p0b0cm29busy","p0b0cm29standby"],"formula":"((G (((((! (((! (((u0cm29ctrl0f1dmake2coffee1b) && (! (u0cm29ctrl0cm29ctrl))) <-> ((u0cm29ctrl0cm29ctrl) && (! (u0cm29ctrl0f1dmake2coffee1b))))) && (! ((u0cm29ctrl0f1dturn2off1b) || (u0cm29ctrl0f1dturn2on1b)))) <-> ((! (((u0cm29ctrl0f1dturn2off1b) && (! (u0cm29ctrl0f1dturn2on1b))) <-> ((u0cm29ctrl0f1dturn2on1b) && (! (u0cm29ctrl0f1dturn2off1b))))) && (! ((u0cm29ctrl0f1dmake2coffee1b) || (u0cm29ctrl0cm29ctrl)))))) && (! (((u0system29start2new2timer0f1dhour251b) && (! ((u0system29start2new2timer0f1dmin25231b) || (u0system29start2new2timer0system29start2new2timer)))) <-> ((! (((u0system29start2new2timer0f1dmin25231b) && (! (u0system29start2new2timer0system29start2new2timer))) <-> ((u0system29start2new2timer0system29start2new2timer) && (! (u0system29start2new2timer0f1dmin25231b))))) && (! (u0system29start2new2timer0f1dhour251b)))))) && (! (((u0radio29ctrl0radio29ctrl) && (! (u0radio29ctrl0f1dturn2on1b))) <-> ((u0radio29ctrl0f1dturn2on1b) && (! (u0radio29ctrl0radio29ctrl)))))) && (! (((u0room29shades29ctrl0room29shades29ctrl) && (! (u0room29shades29ctrl0f1dmove2to0f1dpercent2423231b1b))) <-> ((u0room29shades29ctrl0f1dmove2to0f1dpercent2423231b1b) && (! (u0room29shades29ctrl0room29shades29ctrl)))))) && (! (((u0tv29ctrl0tv29ctrl) && (! (u0tv29ctrl0f1dturn2on1b))) <-> ((u0tv29ctrl0f1dturn2on1b) && (! (u0tv29ctrl0tv29ctrl))))))) && (((G ((((u0cm29ctrl0f1dturn2on1b) && (p0b0cm29standby)) -> (X (p0b0cm29busy))) U (((u0cm29ctrl0f1dmake2coffee1b) || (u0cm29ctrl0f1dturn2off1b)) R (p0b0cm29ready)))) && (G ((u0system29start2new2timer0f1dhour251b) -> (F (p0b0timeout))))) -> (G (((p0b0wakeup) && (p0p0between0t29am50t29am2423)) -> ((u0cm29ctrl0f1dmake2coffee1b) && (F ((p0b0cm29ready) && (((((p0b0t29saturday) || (p0b0t29sunday)) && (u0radio29ctrl0f1dturn2on1b)) && ((u0system29start2new2timer0f1dmin25231b) && (F ((p0b0timeout) && ((p0p0asleep0partner) -> (u0room29shades29ctrl0f1dmove2to0f1dpercent2423231b1b)))))) || (((! ((p0b0t29saturday) || (p0b0t29sunday))) && (u0tv29ctrl0f1dturn2on1b)) && ((u0system29start2new2timer0f1dmin25231b) && (F ((p0b0timeout) && ((p0p0asleep0partner) -> (u0room29shades29ctrl0f1dmove2to0f1dpercent2423231b1b))))))))))))))","total_time":6471,"automaton":{"is_built":true,"build_duration":81,"total_states":14,"state_based_status":"true","prune_automaton_duration":0,"pruned_state_based_status":"true","prune_total_states":14,"total_edges":45},"dependency":{"dependency_approach":"automaton","tested_dependencies":[],"total_duration":-1,"is_completed":true,"skipped_dependencies":true,"total_pair_state":-1},"unate":{"skipped_unate":true},"synthesis":{"model_checking_status":"UNKNOWN","independent_strategy":{"duration":6389,"realizability":"REALIZABLE","total_inputs":9,"total_outputs":13,"total_latches":5,"total_gates":940},"dependent_strategy":{"duration":-1,"total_inputs":-1,"total_outputs":-1,"total_latches":-1,"total_gates":-1}}}
