aag 9 6 0 5 3
2
4
6
8
10
12
0
0
1
18
19
14 10 12
16 4 14
18 2 16
i0 p0b0room29window29closed
i1 p0p0all2windows2closed0room
i2 p0b0room29window29opened
i3 p0p0too2high0room29co252level
i4 p0b0room29warnlight29on
i5 p0b0room29warnlight29off
o0 u0room29warnlight29control0f1dturn2on1b
o1 u0room29warnlight29control0f1dturn2off1b
o2 u0room29warnlight29control0room29warnlight29control
o3 u0system29start2new2timer0f1dhour241b
o4 u0system29start2new2timer0system29start2new2timer
{"is_completed":true,"output_vars":["u0system29start2new2timer0f1dhour241b","u0system29start2new2timer0system29start2new2timer","u0room29warnlight29control0f1dturn2off1b","u0room29warnlight29control0f1dturn2on1b","u0room29warnlight29control0room29warnlight29control"],"input_vars":["p0p0too2high0room29co252level","p0p0all2windows2closed0room","p0b0room29window29opened","p0b0room29window29closed","p0b0room29warnlight29off","p0b0room29warnlight29on"],"formula":"((G ((! (((u0room29warnlight29control0f1dturn2on1b) && (! ((u0room29warnlight29control0f1dturn2off1b) || (u0room29warnlight29control0room29warnlight29control)))) <-> ((! (((u0room29warnlight29control0f1dturn2off1b) && (! (u0room29warnlight29control0room29warnlight29control))) <-> ((u0room29warnlight29control0room29warnlight29control) && (! (u0room29warnlight29control0f1dturn2off1b))))) && (! (u0room29warnlight29control0f1dturn2on1b))))) && (! (((u0system29start2new2timer0system29start2new2timer) && (! (u0system29start2new2timer0f1dhour241b))) <-> ((u0system29start2new2timer0f1dhour241b) && (! (u0system29start2new2timer0system29start2new2timer))))))) && (((G (((u0room29warnlight29control0f1dturn2on1b) -> (u0room29warnlight29control0f1dturn2off1b)) R (p0b0room29warnlight29on))) && (G (((u0room29warnlight29control0f1dturn2off1b) -> (u0room29warnlight29control0f1dturn2on1b)) R (p0b0room29warnlight29off)))) -> (G (((p0b0room29window29closed) && (p0p0all2windows2closed0room)) -> ((u0system29start2new2timer0f1dhour241b) && (F ((p0b0room29window29opened) || (F (((((p0p0too2high0room29co252level) -> (p0b0room29warnlight29on)) && ((! (p0p0too2high0room29co252level)) -> (p0b0room29warnlight29off))) U (p0b0room29window29opened)) || (G (((p0p0too2high0room29co252level) -> (p0b0room29warnlight29on)) && ((! (p0p0too2high0room29co252level)) -> (p0b0room29warnlight29off)))))))))))))","total_time":5,"automaton":{"is_built":true,"build_duration":3,"total_states":6,"state_based_status":"true","prune_automaton_duration":0,"pruned_state_based_status":"true","prune_total_states":6,"total_edges":16},"dependency":{"dependency_approach":"automaton","tested_dependencies":[],"total_duration":-1,"is_completed":true,"skipped_dependencies":true,"total_pair_state":-1},"unate":{"skipped_unate":true},"synthesis":{"model_checking_status":"UNKNOWN","independent_strategy":{"duration":2,"realizability":"REALIZABLE","total_inputs":6,"total_outputs":5,"total_latches":0,"total_gates":3},"dependent_strategy":{"duration":-1,"total_inputs":-1,"total_outputs":-1,"total_latches":-1,"total_gates":-1}}}
