aag 18 1 2 6 15
2
4 29
6 37
15
5
18
16
0
0
8 4 6
10 2 5
12 3 9
14 13 11
16 4 7
18 2 16
20 5 6
22 21 17
24 2 20
26 3 23
28 27 25
30 5 7
32 2 7
34 3 30
36 35 33
i0 p0b0in24
o0 u0a0f1dval241b
o1 u0b0f1dval251b
o2 u0a0f1dval251b
o3 u0b0f1dval241b
o4 u0a0a
o5 u0b0b
{"is_completed":true,"output_vars":["u0b0f1dval251b","u0b0f1dval241b","u0b0b","u0a0f1dval251b","u0a0f1dval241b","u0a0a"],"input_vars":["p0b0in24"],"formula":"((G ((! (((u0a0f1dval241b) && (! ((u0a0f1dval251b) || (u0a0a)))) <-> ((! (((u0a0f1dval251b) && (! (u0a0a))) <-> ((u0a0a) && (! (u0a0f1dval251b))))) && (! (u0a0f1dval241b))))) && (! (((u0b0f1dval241b) && (! ((u0b0f1dval251b) || (u0b0b)))) <-> ((! (((u0b0f1dval251b) && (! (u0b0b))) <-> ((u0b0b) && (! (u0b0f1dval251b))))) && (! (u0b0f1dval241b))))))) && ((G (((u0a0f1dval241b) && (u0b0f1dval251b)) -> (X (p0b0in24)))) -> (((G (F (p0b0in24))) && (G (F (u0a0f1dval251b)))) && (G (F (u0b0f1dval241b))))))","total_time":5,"automaton":{"is_built":true,"build_duration":2,"total_states":7,"state_based_status":"true","prune_automaton_duration":0,"pruned_state_based_status":"true","prune_total_states":7,"total_edges":18},"dependency":{"dependency_approach":"automaton","tested_dependencies":[],"total_duration":-1,"is_completed":false,"skipped_dependencies":true,"total_pair_state":-1},"unate":{"skipped_unate":true},"synthesis":{"model_checking_status":"UNKNOWN","independent_strategy":{"duration":2,"realizability":"REALIZABLE","total_inputs":1,"total_outputs":6,"total_latches":2,"total_gates":15},"dependent_strategy":{"duration":-1,"total_inputs":-1,"total_outputs":-1,"total_latches":-1,"total_gates":-1}}}
