aag 9 5 0 6 4
2
4
6
8
10
15
14
0
19
18
0
12 4 6
14 2 12
16 8 10
18 6 16
i0 p0p0gt0accz0f1dresetthreshhold1b
i1 p0p0isscoremode0gamemode
i2 p0p0norotation0gyrox0gyroy0gyroz
i3 p0p0gt0f1dabs0accz1b0f1dshotthreshhold1b
i4 p0p0iscockpitmode0gamemode
o0 u0gamestart0f1dbot1b
o1 u0gamestart0f1dtop1b
o2 u0gamestart0gamestart
o3 u0shot0f1dbot1b
o4 u0shot0f1dtop1b
o5 u0shot0shot
{"is_completed":true,"output_vars":["u0shot0f1dtop1b","u0shot0f1dbot1b","u0shot0shot","u0gamestart0f1dtop1b","u0gamestart0f1dbot1b","u0gamestart0gamestart"],"input_vars":["p0p0norotation0gyrox0gyroy0gyroz","p0p0gt0f1dabs0accz1b0f1dshotthreshhold1b","p0p0gt0accz0f1dresetthreshhold1b","p0p0isscoremode0gamemode","p0p0iscockpitmode0gamemode"],"formula":"(((((G ((! (((u0gamestart0f1dbot1b) && (! ((u0gamestart0f1dtop1b) || (u0gamestart0gamestart)))) <-> ((! (((u0gamestart0f1dtop1b) && (! (u0gamestart0gamestart))) <-> ((u0gamestart0gamestart) && (! (u0gamestart0f1dtop1b))))) && (! (u0gamestart0f1dbot1b))))) && (! (((u0shot0f1dbot1b) && (! ((u0shot0f1dtop1b) || (u0shot0shot)))) <-> ((! (((u0shot0f1dtop1b) && (! (u0shot0shot))) <-> ((u0shot0shot) && (! (u0shot0f1dtop1b))))) && (! (u0shot0f1dbot1b))))))) && (G ((u0gamestart0f1dtop1b) || (u0gamestart0f1dbot1b)))) && (G ((u0shot0f1dtop1b) || (u0shot0f1dbot1b)))) && (G ((((p0p0isscoremode0gamemode) && (p0p0gt0accz0f1dresetthreshhold1b)) && (p0p0norotation0gyrox0gyroy0gyroz)) <-> (u0gamestart0f1dtop1b)))) && (G ((((p0p0iscockpitmode0gamemode) && (p0p0gt0f1dabs0accz1b0f1dshotthreshhold1b)) && (p0p0norotation0gyrox0gyroy0gyroz)) <-> (u0shot0f1dtop1b))))","total_time":6,"automaton":{"is_built":true,"build_duration":4,"total_states":1,"state_based_status":"true","prune_automaton_duration":0,"pruned_state_based_status":"true","prune_total_states":1,"total_edges":1},"dependency":{"dependency_approach":"automaton","tested_dependencies":[],"total_duration":-1,"is_completed":true,"skipped_dependencies":true,"total_pair_state":-1},"unate":{"skipped_unate":true},"synthesis":{"model_checking_status":"UNKNOWN","independent_strategy":{"duration":1,"realizability":"REALIZABLE","total_inputs":5,"total_outputs":6,"total_latches":0,"total_gates":4},"dependent_strategy":{"duration":-1,"total_inputs":-1,"total_outputs":-1,"total_latches":-1,"total_gates":-1}}}
