aag 269 5 4 3 260
2
4
6
8
10
12 341
14 415
16 475
18 539
34
145
273
20 17 18
22 14 20
24 13 22
26 5 24
28 9 26
30 11 28
32 2 30
34 6 32
36 16 19
38 14 36
40 15 17
42 41 39
44 12 43
46 13 20
48 47 45
50 14 17
52 15 20
54 53 51
56 16 18
58 14 19
60 15 57
62 61 59
64 12 63
66 13 55
68 67 65
70 4 69
72 5 49
74 73 71
76 8 75
78 11 76
80 17 19
82 14 80
84 15 80
86 85 59
88 12 87
90 13 82
92 91 89
94 5 93
96 8 94
98 11 96
100 2 98
102 3 78
104 103 101
106 12 84
108 61 83
110 12 109
112 25 111
114 4 113
116 5 106
118 117 115
120 9 119
122 11 120
124 13 38
126 125 107
128 5 127
130 9 128
132 11 130
134 2 132
136 3 122
138 137 135
140 6 139
142 7 105
144 143 141
146 13 57
148 147 65
150 15 36
152 151 83
154 12 153
156 13 19
158 157 155
160 15 19
162 161 39
164 13 163
166 4 164
168 5 159
170 169 167
172 8 171
174 9 149
176 175 173
178 10 149
180 11 177
182 181 179
184 21 37
186 14 185
188 61 187
190 15 185
192 12 190
194 13 189
196 195 193
198 4 149
200 5 197
202 201 199
204 8 203
206 175 205
208 11 207
210 209 179
212 2 211
214 3 183
216 215 213
218 191 59
220 12 219
222 147 221
224 12 38
226 13 63
228 227 225
230 4 229
232 5 223
234 233 231
236 8 149
238 9 235
240 239 237
242 11 241
244 243 179
246 13 109
248 247 221
250 5 249
252 251 199
254 9 253
256 255 237
258 11 257
260 259 179
262 2 261
264 3 245
266 265 263
268 6 267
270 7 217
272 271 269
274 14 57
276 161 275
278 13 277
280 279 65
282 4 281
284 169 283
286 8 285
288 10 236
290 11 286
292 291 289
294 13 84
296 5 294
298 8 296
300 5 149
302 8 300
304 10 302
306 11 298
308 307 305
310 2 309
312 3 293
314 313 311
316 147 111
318 4 317
320 233 319
322 9 321
324 11 322
326 9 296
328 11 326
330 2 328
332 3 324
334 333 331
336 6 335
338 7 315
340 339 337
342 191 275
344 13 343
346 345 65
348 8 347
350 175 349
352 8 198
354 175 353
356 5 347
358 357 199
360 8 359
362 175 361
364 10 363
366 11 355
368 367 365
370 2 369
372 3 351
374 373 371
376 191 39
378 13 377
380 379 225
382 4 381
384 357 383
386 9 385
388 387 237
390 11 389
392 391 179
394 129 199
396 9 395
398 397 237
400 11 399
402 401 179
404 2 403
406 3 393
408 407 405
410 6 409
412 7 375
414 413 411
416 151 59
418 13 417
420 419 155
422 13 36
424 4 422
426 5 421
428 427 425
430 8 429
432 10 348
434 11 430
436 435 433
438 8 356
440 10 438
442 99 441
444 2 443
446 3 437
448 447 445
450 345 221
452 13 185
454 453 111
456 4 455
458 5 451
460 459 457
462 9 461
464 11 462
466 3 464
468 467 135
470 6 469
472 7 449
474 473 471
476 453 193
478 5 477
480 479 199
482 8 481
484 175 483
486 10 355
488 11 485
490 489 487
492 2 491
494 3 174
496 495 493
498 91 225
500 4 499
502 9 500
504 503 237
506 11 505
508 507 179
510 191 51
512 13 511
514 513 221
516 5 515
518 517 199
520 9 519
522 521 237
524 11 523
526 525 179
528 2 527
530 3 509
532 531 529
534 6 533
536 7 497
538 537 535
i0 p0b02lamp29intent29on
i1 p0b02lamp29intent29off
i2 p0b02lamp29on
i3 p0b02lamp29off
i4 p0b02lamp29poweroff
o0 u02lamp29ctrl02lamp29ctrl
o1 u02lamp29ctrl0f1d2lamp29coff1b
o2 u02lamp29ctrl0f1d2lamp29con1b
{"is_completed":true,"output_vars":["u02lamp29ctrl0f1d2lamp29coff1b","u02lamp29ctrl0f1d2lamp29con1b","u02lamp29ctrl02lamp29ctrl"],"input_vars":["p0b02lamp29intent29off","p0b02lamp29intent29on","p0b02lamp29poweroff","p0b02lamp29off","p0b02lamp29on"],"formula":"((G (! (((u02lamp29ctrl0f1d2lamp29con1b) && (! ((u02lamp29ctrl0f1d2lamp29coff1b) || (u02lamp29ctrl02lamp29ctrl)))) <-> ((! (((u02lamp29ctrl0f1d2lamp29coff1b) && (! (u02lamp29ctrl02lamp29ctrl))) <-> ((u02lamp29ctrl02lamp29ctrl) && (! (u02lamp29ctrl0f1d2lamp29coff1b))))) && (! (u02lamp29ctrl0f1d2lamp29con1b)))))) && ((((((G (! ((p0b02lamp29on) <-> (p0b02lamp29off)))) && (G ((u02lamp29ctrl0f1d2lamp29con1b) -> (X (F (((p0b02lamp29on) U ((u02lamp29ctrl0f1d2lamp29coff1b) || (p0b02lamp29poweroff))) || (G (p0b02lamp29on)))))))) && (G ((u02lamp29ctrl0f1d2lamp29coff1b) -> (X (F (((p0b02lamp29off) U ((u02lamp29ctrl0f1d2lamp29con1b) || (p0b02lamp29poweroff))) || (G (p0b02lamp29off)))))))) && (G ((p0b02lamp29poweroff) -> (p0b02lamp29off)))) && (G (! ((p0b02lamp29intent29on) && (p0b02lamp29intent29off))))) -> ((G ((p0b02lamp29intent29on) -> ((((! (p0b02lamp29poweroff)) -> (F (((p0b02lamp29on) U ((p0b02lamp29poweroff) || (! (p0b02lamp29intent29on)))) || (G (p0b02lamp29on))))) U (! (p0b02lamp29intent29on))) || (G ((! (p0b02lamp29poweroff)) -> (F (((p0b02lamp29on) U ((p0b02lamp29poweroff) || (! (p0b02lamp29intent29on)))) || (G (p0b02lamp29on))))))))) && (G ((p0b02lamp29intent29off) -> ((((! (p0b02lamp29poweroff)) -> (F (((p0b02lamp29off) U ((p0b02lamp29poweroff) || (! (p0b02lamp29intent29off)))) || (G (p0b02lamp29off))))) U (! (p0b02lamp29intent29off))) || (G ((! (p0b02lamp29poweroff)) -> (F (((p0b02lamp29off) U ((p0b02lamp29poweroff) || (! (p0b02lamp29intent29off)))) || (G (p0b02lamp29off))))))))))))","total_time":22,"automaton":{"is_built":true,"build_duration":7,"total_states":15,"state_based_status":"true","prune_automaton_duration":0,"pruned_state_based_status":"true","prune_total_states":15,"total_edges":70},"dependency":{"dependency_approach":"automaton","tested_dependencies":[],"total_duration":-1,"is_completed":true,"skipped_dependencies":true,"total_pair_state":-1},"unate":{"skipped_unate":true},"synthesis":{"model_checking_status":"UNKNOWN","independent_strategy":{"duration":14,"realizability":"REALIZABLE","total_inputs":5,"total_outputs":3,"total_latches":4,"total_gates":260},"dependent_strategy":{"duration":-1,"total_inputs":-1,"total_outputs":-1,"total_latches":-1,"total_gates":-1}}}
