aag 361 4 5 3 352
2
4
6
8
10 385
12 509
14 587
16 679
18 723
0
145
295
20 16 19
22 14 19
24 15 20
26 25 23
28 12 22
30 13 27
32 31 29
34 17 19
36 15 34
38 13 36
40 10 38
42 11 33
44 43 41
46 8 45
48 11 22
50 49 41
52 9 51
54 6 52
56 7 46
58 57 55
60 14 20
62 12 60
64 13 22
66 65 63
68 10 67
70 8 68
72 17 18
74 15 72
76 75 61
78 13 77
80 79 63
82 13 20
84 83 63
86 10 85
88 11 81
90 89 87
92 9 91
94 6 92
96 7 70
98 97 95
100 4 99
102 5 59
104 103 101
106 14 34
108 15 19
110 109 107
112 12 111
114 39 113
116 10 115
118 11 30
120 119 117
122 8 121
124 10 112
126 11 60
128 127 125
130 9 129
132 6 130
134 7 122
136 135 133
138 5 137
140 2 138
142 3 105
144 143 141
146 16 18
148 15 147
150 149 23
152 12 19
154 13 151
156 155 153
158 10 19
160 11 157
162 161 159
164 15 17
166 12 108
168 13 164
170 169 167
172 31 153
174 10 173
176 11 171
178 177 175
180 8 179
182 9 163
184 183 181
186 13 148
188 187 167
190 11 189
192 191 175
194 8 163
196 9 193
198 197 195
200 6 199
202 7 185
204 203 201
206 13 108
208 207 113
210 10 209
212 161 211
214 8 213
216 183 215
218 13 34
220 219 113
222 10 221
224 11 111
226 225 223
228 9 227
230 229 195
232 6 231
234 7 217
236 235 233
238 4 237
240 5 205
242 241 239
244 169 153
246 31 63
248 10 247
250 11 245
252 251 249
254 8 253
256 183 255
258 149 107
260 13 259
262 261 113
264 13 19
266 265 63
268 10 267
270 11 263
272 271 269
274 9 273
276 275 195
278 6 277
280 7 257
282 281 279
284 4 163
286 5 283
288 287 285
290 2 289
292 3 243
294 293 291
296 12 36
298 219 297
300 12 34
302 265 301
304 10 303
306 11 299
308 307 305
310 8 309
312 11 221
314 313 305
316 9 315
318 6 316
320 7 310
322 321 319
324 10 64
326 11 38
328 327 325
330 8 329
332 37 61
334 12 333
336 207 335
338 10 337
340 11 218
342 341 339
344 9 343
346 6 344
348 7 330
350 349 347
352 4 351
354 5 323
356 355 353
358 8 326
360 37 23
362 13 361
364 363 63
366 11 365
368 367 125
370 9 369
372 6 370
374 7 358
376 375 373
378 5 377
380 2 378
382 3 357
384 383 381
386 73 21
388 15 387
390 389 61
392 12 27
394 13 391
396 395 393
398 12 20
400 10 398
402 11 397
404 403 401
406 8 405
408 183 407
410 25 107
412 13 411
414 413 113
416 219 335
418 10 417
420 11 415
422 421 419
424 9 423
426 425 195
428 6 427
430 7 409
432 431 429
434 395 153
436 13 24
438 437 393
440 10 439
442 11 435
444 443 441
446 8 445
448 183 447
450 437 63
452 10 451
454 9 452
456 455 195
458 6 457
460 7 449
462 461 459
464 4 463
466 5 433
468 467 465
470 389 23
472 13 471
474 473 153
476 11 475
478 477 159
480 8 479
482 183 481
484 10 62
486 11 436
488 487 485
490 9 489
492 491 195
494 6 493
496 7 483
498 497 495
500 5 499
502 501 285
504 2 503
506 3 469
508 507 505
510 12 106
512 31 511
514 10 513
516 11 296
518 517 515
520 8 519
522 437 297
524 11 523
526 525 515
528 9 527
530 6 528
532 7 520
534 533 531
536 265 113
538 10 537
540 477 539
542 8 541
544 487 441
546 9 545
548 6 546
550 7 542
552 551 549
554 4 553
556 5 535
558 557 555
560 11 28
562 8 560
564 437 167
566 10 218
568 11 565
570 569 567
572 9 571
574 6 572
576 7 562
578 577 575
580 5 579
582 2 580
584 3 559
586 585 583
588 12 411
590 437 589
592 83 29
594 10 593
596 11 591
598 597 595
600 9 599
602 601 195
604 6 603
606 431 605
608 8 484
610 183 609
612 437 113
614 413 393
616 10 615
618 11 613
620 619 617
622 9 621
624 623 195
626 6 625
628 7 611
630 629 627
632 4 631
634 5 607
636 635 633
638 13 74
640 639 167
642 11 641
644 643 249
646 8 645
648 183 647
650 83 153
652 219 153
654 10 653
656 11 651
658 657 655
660 9 659
662 661 195
664 6 663
666 7 649
668 667 665
670 5 669
672 671 285
674 2 673
676 3 637
678 677 675
680 12 24
682 10 680
684 89 683
686 9 685
688 6 686
690 13 60
692 10 690
694 89 693
696 9 695
698 6 696
700 4 698
702 5 688
704 703 701
706 10 82
708 11 638
710 709 707
712 9 711
714 6 712
716 5 714
718 2 716
720 3 705
722 721 719
i0 p0b02shades29open
i1 p0b02shades29closed
i2 p0p0closed02shades29intent
i3 p0p0opened02shades29intent
o0 u02shades29ctrl02shades29ctrl
o1 u02shades29ctrl0f1d2shades29move2to0f1d2shades29percent231b1b
o2 u02shades29ctrl0f1d2shades29move2to0f1d2shades29percent2423231b1b
{"is_completed":true,"output_vars":["u02shades29ctrl0f1d2shades29move2to0f1d2shades29percent231b1b","u02shades29ctrl0f1d2shades29move2to0f1d2shades29percent2423231b1b","u02shades29ctrl02shades29ctrl"],"input_vars":["p0p0closed02shades29intent","p0p0opened02shades29intent","p0b02shades29closed","p0b02shades29open"],"formula":"((G (! (((u02shades29ctrl0f1d2shades29move2to0f1d2shades29percent2423231b1b) && (! ((u02shades29ctrl0f1d2shades29move2to0f1d2shades29percent231b1b) || (u02shades29ctrl02shades29ctrl)))) <-> ((! (((u02shades29ctrl0f1d2shades29move2to0f1d2shades29percent231b1b) && (! (u02shades29ctrl02shades29ctrl))) <-> ((u02shades29ctrl02shades29ctrl) && (! (u02shades29ctrl0f1d2shades29move2to0f1d2shades29percent231b1b))))) && (! (u02shades29ctrl0f1d2shades29move2to0f1d2shades29percent2423231b1b)))))) && (((((((G (! ((p0b02shades29open) && (p0b02shades29closed)))) && (G ((u02shades29ctrl0f1d2shades29move2to0f1d2shades29percent2423231b1b) -> (F (((! (u02shades29ctrl0f1d2shades29move2to0f1d2shades29percent2423231b1b)) && (! (u02shades29ctrl02shades29ctrl))) R (p0b02shades29open)))))) && (G ((u02shades29ctrl0f1d2shades29move2to0f1d2shades29percent231b1b) -> (F (((! (u02shades29ctrl0f1d2shades29move2to0f1d2shades29percent231b1b)) && (! (u02shades29ctrl02shades29ctrl))) R (p0b02shades29closed)))))) && (G (((p0b02shades29closed) && (! (u02shades29ctrl0f1d2shades29move2to0f1d2shades29percent2423231b1b))) -> (X (p0b02shades29closed))))) && (G (((p0b02shades29open) && (! (u02shades29ctrl0f1d2shades29move2to0f1d2shades29percent231b1b))) -> (X (p0b02shades29open))))) && (G (! ((p0p0opened02shades29intent) <-> (p0p0closed02shades29intent))))) -> ((G ((p0p0opened02shades29intent) -> (F (((p0b02shades29open) U (! (p0p0opened02shades29intent))) || (G (p0b02shades29open)))))) && (G ((p0p0closed02shades29intent) -> (F (((p0b02shades29closed) U (! (p0p0closed02shades29intent))) || (G (p0b02shades29closed)))))))))","total_time":25,"automaton":{"is_built":true,"build_duration":6,"total_states":16,"state_based_status":"true","prune_automaton_duration":0,"pruned_state_based_status":"true","prune_total_states":16,"total_edges":70},"dependency":{"dependency_approach":"automaton","tested_dependencies":[],"total_duration":-1,"is_completed":true,"skipped_dependencies":true,"total_pair_state":-1},"unate":{"skipped_unate":true},"synthesis":{"model_checking_status":"UNKNOWN","independent_strategy":{"duration":18,"realizability":"REALIZABLE","total_inputs":4,"total_outputs":3,"total_latches":5,"total_gates":352},"dependent_strategy":{"duration":-1,"total_inputs":-1,"total_outputs":-1,"total_latches":-1,"total_gates":-1}}}
