aag 11 5 0 24 6
2
4
6
8
10
1
1
1
1
1
0
0
12
3
14
0
3
2
3
2
0
0
18
20
2
2
3
22
23
12 2 11
14 2 10
16 6 8
18 3 17
20 3 16
22 2 4
i0 p0p0eq0counter0f1dinc0f1denemycount1b1b
i1 p0p0eq0xcoord0f1ddec0f1dsizex1b1b
i2 p0p0eq0xcoord0f1dcartesianx0ramcosineout0bufferdradius1b
i3 p0p0eq0ycoord0f1dcartesiany0ramsineout0bufferdradius1b
i4 p0p0ismiddel0xcoord0ycoord
o0 u0buffercolor0f1dgetenemycolor0enemies0counter1b
o1 u0bufferdradius0f1dgetenemyradius0enemies0counter1b
o2 u0counter0f1dincmod0counter0f1dinc0f1dinc0f1denemycount1b1b1b1b
o3 u0ramreqcosine0f1dsub0f1dgetenemyangle0enemies0counter1b0rotation1b
o4 u0ramreqsine0f1dsub0f1dgetenemyangle0enemies0counter1b0rotation1b
o5 u0buffercolor0buffercolor
o6 u0bufferdradius0bufferdradius
o7 u0color0tmpcolor
o8 u0color0color
o9 u0color0f1dwhitecolor1b
o10 u0counter0counter
o11 u0outx0outx
o12 u0outx0xcoord
o13 u0outy0outy
o14 u0outy0ycoord
o15 u0ramreqcosine0ramreqcosine
o16 u0ramreqsine0ramreqsine
o17 u0tmpcolor0tmpcolor
o18 u0tmpcolor0buffercolor
o19 u0tmpcolor0f1dblackcolor1b
o20 u0xcoord0f1dinccoord0xcoord1b
o21 u0xcoord0xcoord
o22 u0ycoord0f1dinccoord0ycoord1b
o23 u0ycoord0ycoord
{"is_completed":true,"output_vars":["u0ycoord0f1dinccoord0ycoord1b","u0ycoord0ycoord","u0xcoord0f1dinccoord0xcoord1b","u0xcoord0xcoord","u0tmpcolor0f1dblackcolor1b","u0tmpcolor0tmpcolor","u0tmpcolor0buffercolor","u0ramreqsine0f1dsub0f1dgetenemyangle0enemies0counter1b0rotation1b","u0ramreqsine0ramreqsine","u0ramreqcosine0f1dsub0f1dgetenemyangle0enemies0counter1b0rotation1b","u0ramreqcosine0ramreqcosine","u0outy0ycoord","u0outy0outy","u0outx0xcoord","u0outx0outx","u0counter0f1dincmod0counter0f1dinc0f1dinc0f1denemycount1b1b1b1b","u0counter0counter","u0color0f1dwhitecolor1b","u0color0tmpcolor","u0color0color","u0bufferdradius0f1dgetenemyradius0enemies0counter1b","u0bufferdradius0bufferdradius","u0buffercolor0f1dgetenemycolor0enemies0counter1b","u0buffercolor0buffercolor"],"input_vars":["p0p0ismiddel0xcoord0ycoord","p0p0eq0ycoord0f1dcartesiany0ramsineout0bufferdradius1b","p0p0eq0xcoord0f1dcartesianx0ramcosineout0bufferdradius1b","p0p0eq0xcoord0f1ddec0f1dsizex1b1b","p0p0eq0counter0f1dinc0f1denemycount1b1b"],"formula":"((((((((((((((G (((((((((((! (((u0buffercolor0buffercolor) && (! (u0buffercolor0f1dgetenemycolor0enemies0counter1b))) <-> ((u0buffercolor0f1dgetenemycolor0enemies0counter1b) && (! (u0buffercolor0buffercolor))))) && (! (((u0bufferdradius0bufferdradius) && (! (u0bufferdradius0f1dgetenemyradius0enemies0counter1b))) <-> ((u0bufferdradius0f1dgetenemyradius0enemies0counter1b) && (! (u0bufferdradius0bufferdradius)))))) && (! (((u0color0tmpcolor) && (! ((u0color0f1dwhitecolor1b) || (u0color0color)))) <-> ((! (((u0color0f1dwhitecolor1b) && (! (u0color0color))) <-> ((u0color0color) && (! (u0color0f1dwhitecolor1b))))) && (! (u0color0tmpcolor)))))) && (! (((u0counter0counter) && (! (u0counter0f1dincmod0counter0f1dinc0f1dinc0f1denemycount1b1b1b1b))) <-> ((u0counter0f1dincmod0counter0f1dinc0f1dinc0f1denemycount1b1b1b1b) && (! (u0counter0counter)))))) && (! (((u0outx0outx) && (! (u0outx0xcoord))) <-> ((u0outx0xcoord) && (! (u0outx0outx)))))) && (! (((u0outy0outy) && (! (u0outy0ycoord))) <-> ((u0outy0ycoord) && (! (u0outy0outy)))))) && (! (((u0ramreqcosine0ramreqcosine) && (! (u0ramreqcosine0f1dsub0f1dgetenemyangle0enemies0counter1b0rotation1b))) <-> ((u0ramreqcosine0f1dsub0f1dgetenemyangle0enemies0counter1b0rotation1b) && (! (u0ramreqcosine0ramreqcosine)))))) && (! (((u0ramreqsine0ramreqsine) && (! (u0ramreqsine0f1dsub0f1dgetenemyangle0enemies0counter1b0rotation1b))) <-> ((u0ramreqsine0f1dsub0f1dgetenemyangle0enemies0counter1b0rotation1b) && (! (u0ramreqsine0ramreqsine)))))) && (! (((u0tmpcolor0tmpcolor) && (! ((u0tmpcolor0f1dblackcolor1b) || (u0tmpcolor0buffercolor)))) <-> ((! (((u0tmpcolor0f1dblackcolor1b) && (! (u0tmpcolor0buffercolor))) <-> ((u0tmpcolor0buffercolor) && (! (u0tmpcolor0f1dblackcolor1b))))) && (! (u0tmpcolor0tmpcolor)))))) && (! (((u0xcoord0xcoord) && (! (u0xcoord0f1dinccoord0xcoord1b))) <-> ((u0xcoord0f1dinccoord0xcoord1b) && (! (u0xcoord0xcoord)))))) && (! (((u0ycoord0ycoord) && (! (u0ycoord0f1dinccoord0ycoord1b))) <-> ((u0ycoord0f1dinccoord0ycoord1b) && (! (u0ycoord0ycoord))))))) && (G (u0counter0f1dincmod0counter0f1dinc0f1dinc0f1denemycount1b1b1b1b))) && (G ((p0p0eq0counter0f1dinc0f1denemycount1b1b) <-> (u0xcoord0f1dinccoord0xcoord1b)))) && (G (((p0p0eq0counter0f1dinc0f1denemycount1b1b) && (p0p0eq0xcoord0f1ddec0f1dsizex1b1b)) <-> (u0ycoord0f1dinccoord0ycoord1b)))) && (G (u0bufferdradius0f1dgetenemyradius0enemies0counter1b))) && (G (u0buffercolor0f1dgetenemycolor0enemies0counter1b))) && (G (u0ramreqsine0f1dsub0f1dgetenemyangle0enemies0counter1b0rotation1b))) && (G (u0ramreqcosine0f1dsub0f1dgetenemyangle0enemies0counter1b0rotation1b))) && (G ((! (p0p0eq0counter0f1dinc0f1denemycount1b1b)) -> (((p0p0eq0xcoord0f1dcartesianx0ramcosineout0bufferdradius1b) && (p0p0eq0ycoord0f1dcartesiany0ramsineout0bufferdradius1b)) <-> (u0tmpcolor0buffercolor))))) && (G ((p0p0eq0counter0f1dinc0f1denemycount1b1b) <-> (u0outx0xcoord)))) && (G ((p0p0eq0counter0f1dinc0f1denemycount1b1b) <-> (u0outy0ycoord)))) && (G ((p0p0eq0counter0f1dinc0f1denemycount1b1b) <-> (u0tmpcolor0f1dblackcolor1b)))) && (G (((p0p0eq0counter0f1dinc0f1denemycount1b1b) && (p0p0ismiddel0xcoord0ycoord)) <-> (u0color0f1dwhitecolor1b)))) && (G (((p0p0eq0counter0f1dinc0f1denemycount1b1b) && (! (p0p0ismiddel0xcoord0ycoord))) <-> (u0color0tmpcolor))))","total_time":4,"automaton":{"is_built":true,"build_duration":3,"total_states":1,"state_based_status":"true","prune_automaton_duration":0,"pruned_state_based_status":"true","prune_total_states":1,"total_edges":1},"dependency":{"dependency_approach":"automaton","tested_dependencies":[],"total_duration":-1,"is_completed":true,"skipped_dependencies":true,"total_pair_state":-1},"unate":{"skipped_unate":true},"synthesis":{"model_checking_status":"UNKNOWN","independent_strategy":{"duration":0,"realizability":"REALIZABLE","total_inputs":5,"total_outputs":24,"total_latches":0,"total_gates":6},"dependent_strategy":{"duration":-1,"total_inputs":-1,"total_outputs":-1,"total_latches":-1,"total_gates":-1}}}
