aag 22 4 2 3 16
2
4
6
8
10 39
12 45
0
26
33
14 4 7
16 2 14
18 6 8
20 12 19
22 13 16
24 23 21
26 11 25
28 10 13
30 11 24
32 31 29
34 13 19
36 10 34
38 27 37
40 13 18
42 10 40
44 31 43
i0 p0b0room29screen29lowered
i1 p0p0bright0outside29brightness
i2 p0b0room29shades29closed
i3 p0b0room29shades29open
o0 u0room29shades29ctrl0f1dmove2to0f1dpercent2423231b1b
o1 u0room29shades29ctrl0f1dmove2to0f1dpercent231b1b
o2 u0room29shades29ctrl0room29shades29ctrl
{"is_completed":true,"output_vars":["u0room29shades29ctrl0f1dmove2to0f1dpercent231b1b","u0room29shades29ctrl0f1dmove2to0f1dpercent2423231b1b","u0room29shades29ctrl0room29shades29ctrl"],"input_vars":["p0p0bright0outside29brightness","p0b0room29screen29lowered","p0b0room29shades29closed","p0b0room29shades29open"],"formula":"((G (! (((u0room29shades29ctrl0f1dmove2to0f1dpercent2423231b1b) && (! ((u0room29shades29ctrl0f1dmove2to0f1dpercent231b1b) || (u0room29shades29ctrl0room29shades29ctrl)))) <-> ((! (((u0room29shades29ctrl0f1dmove2to0f1dpercent231b1b) && (! (u0room29shades29ctrl0room29shades29ctrl))) <-> ((u0room29shades29ctrl0room29shades29ctrl) && (! (u0room29shades29ctrl0f1dmove2to0f1dpercent231b1b))))) && (! (u0room29shades29ctrl0f1dmove2to0f1dpercent2423231b1b)))))) && ((G (((! ((p0b0room29shades29open) && (p0b0room29shades29closed))) && ((u0room29shades29ctrl0f1dmove2to0f1dpercent2423231b1b) -> (F (((! (u0room29shades29ctrl0f1dmove2to0f1dpercent2423231b1b)) && (! (u0room29shades29ctrl0room29shades29ctrl))) R (p0b0room29shades29open))))) && ((u0room29shades29ctrl0f1dmove2to0f1dpercent231b1b) -> (F (((! (u0room29shades29ctrl0f1dmove2to0f1dpercent231b1b)) && (! (u0room29shades29ctrl0room29shades29ctrl))) R (p0b0room29shades29closed)))))) -> (G (((p0b0room29screen29lowered) && (p0p0bright0outside29brightness)) -> (F (p0b0room29shades29closed))))))","total_time":8,"automaton":{"is_built":true,"build_duration":2,"total_states":9,"state_based_status":"true","prune_automaton_duration":0,"pruned_state_based_status":"true","prune_total_states":9,"total_edges":23},"dependency":{"dependency_approach":"automaton","tested_dependencies":[],"total_duration":-1,"is_completed":true,"skipped_dependencies":true,"total_pair_state":-1},"unate":{"skipped_unate":true},"synthesis":{"model_checking_status":"UNKNOWN","independent_strategy":{"duration":5,"realizability":"REALIZABLE","total_inputs":4,"total_outputs":3,"total_latches":2,"total_gates":16},"dependent_strategy":{"duration":-1,"total_inputs":-1,"total_outputs":-1,"total_latches":-1,"total_gates":-1}}}
