aag 77 3 3 3 71
2
4
6
8 87
10 127
12 155
35
0
40
14 10 12
16 10 13
18 8 16
20 9 15
22 21 19
24 4 15
26 5 23
28 27 25
30 6 29
32 7 15
34 33 31
36 8 11
38 5 36
40 6 38
42 8 13
44 11 13
46 9 44
48 47 43
50 2 49
52 3 42
54 53 51
56 8 44
58 4 56
60 5 55
62 61 59
64 11 12
66 8 15
68 9 64
70 69 67
72 2 15
74 3 71
76 75 73
78 5 77
80 79 25
82 6 81
84 7 63
86 85 83
88 9 13
90 89 19
92 2 18
94 3 91
96 95 93
98 65 17
100 8 99
102 21 101
104 4 103
106 5 97
108 107 105
110 89 67
112 2 66
114 3 111
116 115 113
118 5 117
120 119 25
122 6 121
124 7 109
126 125 123
128 8 64
130 9 99
132 131 129
134 2 133
136 3 64
138 137 135
140 5 139
142 2 130
144 3 68
146 145 143
148 5 147
150 6 148
152 7 140
154 153 151
i0 p0p0bright0outside29brightness
i1 p0b0room29shades29closed
i2 p0b0room29shades29open
o0 u0room29shades29ctrl0f1dmove2to0f1dpercent2423231b1b
o1 u0room29shades29ctrl0room29shades29ctrl
o2 u0room29shades29ctrl0f1dmove2to0f1dpercent231b1b
{"is_completed":true,"output_vars":["u0room29shades29ctrl0f1dmove2to0f1dpercent231b1b","u0room29shades29ctrl0f1dmove2to0f1dpercent2423231b1b","u0room29shades29ctrl0room29shades29ctrl"],"input_vars":["p0p0bright0outside29brightness","p0b0room29shades29closed","p0b0room29shades29open"],"formula":"((G (! (((u0room29shades29ctrl0f1dmove2to0f1dpercent2423231b1b) && (! ((u0room29shades29ctrl0f1dmove2to0f1dpercent231b1b) || (u0room29shades29ctrl0room29shades29ctrl)))) <-> ((! (((u0room29shades29ctrl0f1dmove2to0f1dpercent231b1b) && (! (u0room29shades29ctrl0room29shades29ctrl))) <-> ((u0room29shades29ctrl0room29shades29ctrl) && (! (u0room29shades29ctrl0f1dmove2to0f1dpercent231b1b))))) && (! (u0room29shades29ctrl0f1dmove2to0f1dpercent2423231b1b)))))) && ((((G (! ((p0b0room29shades29open) && (p0b0room29shades29closed)))) && (G ((u0room29shades29ctrl0f1dmove2to0f1dpercent2423231b1b) -> (F (((! (u0room29shades29ctrl0f1dmove2to0f1dpercent2423231b1b)) && (! (u0room29shades29ctrl0room29shades29ctrl))) R (p0b0room29shades29open)))))) && (G ((u0room29shades29ctrl0f1dmove2to0f1dpercent231b1b) -> (F (((! (u0room29shades29ctrl0f1dmove2to0f1dpercent231b1b)) && (! (u0room29shades29ctrl0room29shades29ctrl))) R (p0b0room29shades29closed)))))) -> (G ((p0p0bright0outside29brightness) -> (F (p0b0room29shades29closed))))))","total_time":7,"automaton":{"is_built":true,"build_duration":2,"total_states":9,"state_based_status":"true","prune_automaton_duration":0,"pruned_state_based_status":"true","prune_total_states":9,"total_edges":23},"dependency":{"dependency_approach":"automaton","tested_dependencies":[],"total_duration":-1,"is_completed":false,"skipped_dependencies":true,"total_pair_state":-1},"unate":{"skipped_unate":true},"synthesis":{"model_checking_status":"UNKNOWN","independent_strategy":{"duration":4,"realizability":"REALIZABLE","total_inputs":3,"total_outputs":3,"total_latches":3,"total_gates":71},"dependent_strategy":{"duration":-1,"total_inputs":-1,"total_outputs":-1,"total_latches":-1,"total_gates":-1}}}
