aag 409 6 4 2 399
2
4
6
8
10
12
14 591
16 717
18 775
20 819
247
447
22 18 20
24 16 19
26 17 23
28 27 25
30 18 21
32 19 20
34 33 31
36 16 23
38 17 35
40 39 37
42 14 41
44 15 29
46 45 43
48 15 23
50 49 43
52 8 51
54 9 47
56 55 53
58 19 21
60 16 58
62 39 61
64 14 63
66 45 65
68 39 25
70 15 69
72 71 65
74 4 73
76 5 67
78 77 75
80 16 21
82 27 81
84 17 32
86 85 81
88 14 87
90 15 83
92 91 89
94 39 81
96 15 95
98 97 89
100 4 99
102 5 93
104 103 101
106 8 105
108 9 79
110 109 107
112 6 111
114 7 57
116 115 113
118 17 21
120 119 61
122 15 121
124 123 43
126 16 35
128 14 126
130 15 58
132 131 129
134 4 133
136 5 125
138 137 135
140 9 139
142 141 53
144 123 65
146 15 60
148 4 146
150 5 145
152 151 149
154 9 153
156 155 53
158 6 157
160 7 143
162 161 159
164 12 163
166 13 117
168 167 165
170 15 19
172 171 43
174 85 37
176 14 175
178 171 177
180 4 179
182 5 173
184 183 181
186 4 41
188 5 51
190 189 187
192 8 191
194 9 185
196 195 193
198 85 61
200 14 199
202 171 201
204 85 25
206 15 205
208 207 201
210 4 209
212 5 203
214 213 211
216 9 215
218 217 107
220 6 219
222 7 197
224 223 221
226 13 225
228 227 165
230 10 229
232 11 169
234 233 231
236 12 143
238 13 197
240 239 237
242 2 241
244 3 235
246 245 243
248 16 30
250 17 58
252 14 250
254 15 248
256 255 253
258 8 252
260 9 257
262 261 259
264 251 127
266 14 265
268 255 267
270 251 249
272 15 271
274 273 267
276 4 275
278 5 269
280 279 277
282 16 32
284 119 283
286 14 285
288 15 282
290 289 287
292 251 283
294 15 293
296 295 287
298 4 297
300 5 291
302 301 299
304 8 303
306 9 281
308 307 305
310 6 309
312 7 263
314 313 311
316 85 127
318 15 317
320 319 253
322 27 61
324 14 323
326 15 35
328 327 325
330 4 329
332 5 321
334 333 331
336 9 335
338 337 259
340 319 267
342 27 127
344 14 23
346 15 343
348 347 345
350 4 349
352 5 341
354 353 351
356 9 355
358 357 259
360 6 359
362 7 339
364 363 361
366 12 365
368 13 315
370 369 367
372 15 30
374 373 253
376 14 118
378 373 377
380 4 379
382 5 375
384 383 381
386 4 250
388 5 252
390 389 387
392 8 391
394 9 385
396 395 393
398 119 127
400 14 399
402 373 401
404 119 249
406 15 405
408 407 401
410 4 409
412 5 403
414 413 411
416 9 415
418 417 305
420 6 419
422 7 397
424 423 421
426 13 425
428 427 367
430 10 429
432 11 371
434 433 431
436 12 339
438 13 397
440 439 437
442 2 441
444 3 435
446 445 443
448 45 345
450 8 23
452 9 449
454 453 451
456 45 325
458 71 325
460 4 459
462 5 457
464 463 461
466 9 465
468 467 451
470 6 469
472 7 455
474 473 471
476 119 37
478 14 477
480 45 479
482 4 481
484 5 449
486 485 483
488 9 487
490 489 451
492 123 325
494 147 253
496 4 495
498 5 493
500 499 497
502 9 501
504 503 451
506 6 505
508 7 491
510 509 507
512 12 511
514 13 475
516 515 513
518 17 19
520 519 37
522 14 521
524 171 523
526 4 525
528 485 527
530 9 529
532 531 451
534 519 61
536 14 535
538 207 537
540 4 539
542 463 541
544 519 81
546 14 545
548 91 547
550 97 547
552 4 551
554 5 549
556 555 553
558 8 557
560 9 543
562 561 559
564 6 563
566 7 533
568 567 565
570 13 569
572 571 513
574 10 573
576 11 517
578 577 575
580 12 491
582 13 533
584 583 581
586 2 585
588 3 579
590 589 587
592 9 254
594 255 129
596 273 129
598 4 597
600 5 595
602 601 599
604 15 250
606 4 604
608 8 606
610 9 603
612 611 609
614 6 613
616 7 592
618 617 615
620 327 65
622 4 621
624 5 318
626 625 623
628 9 627
630 319 129
632 347 43
634 4 633
636 5 631
638 637 635
640 9 639
642 6 640
644 7 628
646 645 643
648 12 647
650 13 619
652 651 649
654 17 30
656 14 654
658 255 657
660 4 659
662 5 372
664 663 661
666 9 665
668 655 127
670 14 669
672 373 671
674 5 673
676 675 599
678 655 283
680 14 679
682 289 681
684 8 683
686 9 677
688 687 685
690 6 689
692 7 666
694 693 691
696 13 695
698 697 649
700 10 699
702 11 653
704 703 701
706 12 628
708 13 666
710 709 707
712 2 711
714 3 705
716 715 713
718 15 84
720 15 38
722 721 201
724 4 723
726 5 718
728 727 725
730 9 729
732 15 32
734 39 283
736 15 735
738 737 65
740 4 739
742 5 732
744 743 741
746 9 745
748 6 746
750 7 730
752 751 749
754 12 753
756 13 608
758 757 755
760 10 759
762 11 754
764 763 761
766 12 730
768 757 767
770 2 769
772 3 765
774 773 771
776 6 684
778 289 657
780 4 779
782 5 288
784 783 781
786 9 785
788 7 786
790 12 788
792 13 776
794 793 791
796 4 654
798 9 796
800 13 798
802 801 791
804 10 803
806 11 795
808 807 805
810 12 786
812 801 811
814 2 813
816 3 809
818 817 815
i0 p0b0room29shades29closed
i1 p0b0bed29enter
i2 p0p0between0t29pm70t29pm8
i3 p0b0alarm
i4 p0p0bright0outside29brightness
i5 p0b0bed29exit
o0 u0room29shades29ctrl0f1dmove2to0f1dpercent231b1b
o1 u0room29shades29ctrl0room29shades29ctrl
{"is_completed":true,"output_vars":["u0room29shades29ctrl0f1dmove2to0f1dpercent231b1b","u0room29shades29ctrl0room29shades29ctrl"],"input_vars":["p0p0between0t29pm70t29pm8","p0p0bright0outside29brightness","p0b0bed29exit","p0b0alarm","p0b0bed29enter","p0b0room29shades29closed"],"formula":"((G (! (((u0room29shades29ctrl0room29shades29ctrl) && (! (u0room29shades29ctrl0f1dmove2to0f1dpercent231b1b))) <-> ((u0room29shades29ctrl0f1dmove2to0f1dpercent231b1b) && (! (u0room29shades29ctrl0room29shades29ctrl)))))) && ((G ((u0room29shades29ctrl0f1dmove2to0f1dpercent231b1b) -> (F (((! (u0room29shades29ctrl0f1dmove2to0f1dpercent231b1b)) && (! (u0room29shades29ctrl0room29shades29ctrl))) R (p0b0room29shades29closed))))) -> (G ((p0b0bed29enter) -> (F ((((p0p0between0t29pm70t29pm8) -> (p0b0room29shades29closed)) U ((p0b0alarm) && (F ((((! (p0p0bright0outside29brightness)) -> (p0b0room29shades29closed)) U (p0b0bed29exit)) || (G ((! (p0p0bright0outside29brightness)) -> (p0b0room29shades29closed))))))) || (G ((p0p0between0t29pm70t29pm8) -> (p0b0room29shades29closed)))))))))","total_time":287,"automaton":{"is_built":true,"build_duration":7,"total_states":15,"state_based_status":"true","prune_automaton_duration":0,"pruned_state_based_status":"true","prune_total_states":15,"total_edges":78},"dependency":{"dependency_approach":"automaton","tested_dependencies":[],"total_duration":-1,"is_completed":false,"skipped_dependencies":true,"total_pair_state":-1},"unate":{"skipped_unate":true},"synthesis":{"model_checking_status":"UNKNOWN","independent_strategy":{"duration":280,"realizability":"REALIZABLE","total_inputs":6,"total_outputs":2,"total_latches":4,"total_gates":399},"dependent_strategy":{"duration":-1,"total_inputs":-1,"total_outputs":-1,"total_latches":-1,"total_gates":-1}}}
