aag 124 4 3 3 117
2
4
6
8
10 175
12 203
14 249
0
69
131
16 12 15
18 13 15
20 10 18
22 11 16
24 23 21
26 8 25
28 13 14
30 29 17
32 12 14
34 10 33
36 11 31
38 37 35
40 9 39
42 6 40
44 7 26
46 45 43
48 4 47
50 8 20
52 23 35
54 9 53
56 6 54
58 7 50
60 59 57
62 5 61
64 2 62
66 3 48
68 67 65
70 10 31
72 11 13
74 73 71
76 8 75
78 9 33
80 79 77
82 11 18
84 8 33
86 9 82
88 87 85
90 6 89
92 7 81
94 93 91
96 4 95
98 5 33
100 99 97
102 11 33
104 103 71
106 8 105
108 79 107
110 9 72
112 111 85
114 6 113
116 7 109
118 117 115
120 4 33
122 5 119
124 123 121
126 2 125
128 3 101
130 129 127
132 10 16
134 103 133
136 9 135
138 137 85
140 6 139
142 93 141
144 4 143
146 99 145
148 8 13
150 79 149
152 11 15
154 153 35
156 9 155
158 157 85
160 6 159
162 7 151
164 163 161
166 5 165
168 167 121
170 2 169
172 3 147
174 173 171
176 10 13
178 11 28
180 179 177
182 9 181
184 6 182
186 45 185
188 4 187
190 9 176
192 6 190
194 59 193
196 5 195
198 2 196
200 3 188
202 201 199
204 179 71
206 8 205
208 79 207
210 9 16
212 211 85
214 6 213
216 7 209
218 217 215
220 4 219
222 99 221
224 8 31
226 79 225
228 37 133
230 9 229
232 231 85
234 6 233
236 7 227
238 237 235
240 5 239
242 241 121
244 2 243
246 3 223
248 247 245
i0 p0p0locked02door29intent
i1 p0p0unlocked02door29intent
i2 p0b02door29locked
i3 p0b02door29unlocked
o0 u02door29door02door29door
o1 u02door29door0f1d2door29unlock1b
o2 u02door29door0f1d2door29lock1b
{"is_completed":true,"output_vars":["u02door29door0f1d2door29unlock1b","u02door29door0f1d2door29lock1b","u02door29door02door29door"],"input_vars":["p0p0unlocked02door29intent","p0p0locked02door29intent","p0b02door29unlocked","p0b02door29locked"],"formula":"((G (! (((u02door29door0f1d2door29lock1b) && (! ((u02door29door0f1d2door29unlock1b) || (u02door29door02door29door)))) <-> ((! (((u02door29door0f1d2door29unlock1b) && (! (u02door29door02door29door))) <-> ((u02door29door02door29door) && (! (u02door29door0f1d2door29unlock1b))))) && (! (u02door29door0f1d2door29lock1b)))))) && ((((((G (! ((p0b02door29locked) <-> (p0b02door29unlocked)))) && (G ((u02door29door0f1d2door29lock1b) -> (X (((p0b02door29locked) U (u02door29door0f1d2door29unlock1b)) || (G (p0b02door29locked))))))) && (G ((u02door29door0f1d2door29unlock1b) -> (X (((p0b02door29unlocked) U (u02door29door0f1d2door29lock1b)) || (G (p0b02door29unlocked))))))) && (G ((p0p0locked02door29intent) || (p0p0unlocked02door29intent)))) && (G (! ((p0p0locked02door29intent) && (p0p0unlocked02door29intent))))) -> ((G ((p0p0locked02door29intent) -> (F (((p0b02door29locked) U (! (p0p0locked02door29intent))) || (G (p0b02door29locked)))))) && (G ((p0p0unlocked02door29intent) -> (F (((p0b02door29unlocked) U (! (p0p0unlocked02door29intent))) || (G (p0b02door29unlocked)))))))))","total_time":8,"automaton":{"is_built":true,"build_duration":3,"total_states":12,"state_based_status":"true","prune_automaton_duration":0,"pruned_state_based_status":"true","prune_total_states":12,"total_edges":62},"dependency":{"dependency_approach":"automaton","tested_dependencies":[],"total_duration":-1,"is_completed":true,"skipped_dependencies":true,"total_pair_state":-1},"unate":{"skipped_unate":true},"synthesis":{"model_checking_status":"UNKNOWN","independent_strategy":{"duration":4,"realizability":"REALIZABLE","total_inputs":4,"total_outputs":3,"total_latches":3,"total_gates":117},"dependent_strategy":{"duration":-1,"total_inputs":-1,"total_outputs":-1,"total_latches":-1,"total_gates":-1}}}
