aag 313 6 4 6 303
2
4
6
8
10
12
14 453
16 527
18 601
20 627
129
0
237
341
363
383
22 8 13
24 7 22
26 20 24
28 11 13
30 7 28
32 8 28
34 7 32
36 4 34
38 5 30
40 39 37
42 2 41
44 3 30
46 45 43
48 21 47
50 18 48
52 19 26
54 53 51
56 21 24
58 10 13
60 9 58
62 61 23
64 7 63
66 21 64
68 18 66
70 19 56
72 71 69
74 16 73
76 17 55
78 77 75
80 4 24
82 2 80
84 21 82
86 19 84
88 7 13
90 4 64
92 5 88
94 93 91
96 2 95
98 3 88
100 99 97
102 21 101
104 93 81
106 2 105
108 99 107
110 21 109
112 18 110
114 19 102
116 115 113
118 16 117
120 17 86
122 121 119
124 14 123
126 15 79
128 127 125
130 8 12
132 7 130
134 20 132
136 11 12
138 7 136
140 8 136
142 7 140
144 4 142
146 5 138
148 147 145
150 2 149
152 3 138
154 153 151
156 21 155
158 18 156
160 19 134
162 161 159
164 21 132
166 10 12
168 9 166
170 169 131
172 7 171
174 21 172
176 18 174
178 19 164
180 179 177
182 16 181
184 17 163
186 185 183
188 4 132
190 2 188
192 21 190
194 19 192
196 7 12
198 4 172
200 5 196
202 201 199
204 2 203
206 3 196
208 207 205
210 21 209
212 201 189
214 2 213
216 207 215
218 21 217
220 18 218
222 19 210
224 223 221
226 16 225
228 17 194
230 229 227
232 14 231
234 15 187
236 235 233
238 8 7
240 20 238
242 11 7
244 8 11
246 244 7
248 4 247
250 5 243
252 251 249
254 2 253
256 3 243
258 257 255
260 21 259
262 18 260
264 19 241
266 265 263
268 21 239
270 9 11
272 271 7
274 21 273
276 18 274
278 19 268
280 279 277
282 16 281
284 17 267
286 285 283
288 4 238
290 2 288
292 21 291
294 18 21
296 19 292
298 297 295
300 4 273
302 5 6
304 303 301
306 2 305
308 3 6
310 309 307
312 21 311
314 4 239
316 303 315
318 2 317
320 309 319
322 21 321
324 18 322
326 19 312
328 327 325
330 16 329
332 17 299
334 333 331
336 14 335
338 15 287
340 339 337
342 2 4
344 21 342
346 18 344
348 19 342
350 349 347
352 16 344
354 17 351
356 355 353
358 14 344
360 15 357
362 361 359
364 21 343
366 18 364
368 19 343
370 369 367
372 16 364
374 17 371
376 375 373
378 14 364
380 15 377
382 381 379
384 245 7
386 4 384
388 2 386
390 9 7
392 20 391
394 21 389
396 395 393
398 4 390
400 2 398
402 21 401
404 18 402
406 19 397
408 407 405
410 21 391
412 270 7
414 21 413
416 18 414
418 19 410
420 419 417
422 16 421
424 17 409
426 425 423
428 19 402
430 429 295
432 4 412
434 2 432
436 21 435
438 19 436
440 439 405
442 16 441
444 17 431
446 445 443
448 14 447
450 15 427
452 451 449
454 8 10
456 7 455
458 4 456
460 2 458
462 20 412
464 21 460
466 465 463
468 7 10
470 271 455
472 7 471
474 4 472
476 5 468
478 477 475
480 2 479
482 3 468
484 483 481
486 21 485
488 18 486
490 19 467
492 491 489
494 21 390
496 21 412
498 18 496
500 19 494
502 501 499
504 16 503
506 17 493
508 507 505
510 21 400
512 19 510
514 21 434
516 16 514
518 17 512
520 519 517
522 14 521
524 15 509
526 525 523
528 7 454
530 4 528
532 2 530
534 10 9
536 7 535
538 20 536
540 21 532
542 541 539
544 4 536
546 5 7
548 547 545
550 2 549
552 3 7
554 553 551
556 21 555
558 18 556
560 19 543
562 561 559
564 21 238
566 21 7
568 18 566
570 19 564
572 571 569
574 16 573
576 17 563
578 577 575
580 21 290
582 19 580
584 583 295
586 19 566
588 587 559
590 16 589
592 17 585
594 593 591
596 14 595
598 15 579
600 599 597
602 7 534
604 20 602
606 4 602
608 2 606
610 21 608
612 18 610
614 19 604
616 615 613
618 17 617
620 16 612
622 14 620
624 15 618
626 625 623
i0 p0b0room29empty
i1 p0b0room29somebody2leaves
i2 p0b0room29somebody2enters
i3 p0b0timeout
i4 p0b0room29light29off
i5 p0b0room29light29on
o0 u0room29light0f1dturn2off1b
o1 u0room29light0f1dturn2on1b
o2 u0room29light0f1dtoggle1b
o3 u0room29light0room29light
o4 u0system29start2new2timer0f1dhour251b
o5 u0system29start2new2timer0system29start2new2timer
{"is_completed":true,"output_vars":["u0system29start2new2timer0f1dhour251b","u0system29start2new2timer0system29start2new2timer","u0room29light0f1dturn2on1b","u0room29light0f1dtoggle1b","u0room29light0f1dturn2off1b","u0room29light0room29light"],"input_vars":["p0b0room29somebody2enters","p0b0room29empty","p0b0room29somebody2leaves","p0b0timeout","p0b0room29light29off","p0b0room29light29on"],"formula":"((G ((! (((! (((u0room29light0f1dtoggle1b) && (! (u0room29light0room29light))) <-> ((u0room29light0room29light) && (! (u0room29light0f1dtoggle1b))))) && (! ((u0room29light0f1dturn2on1b) || (u0room29light0f1dturn2off1b)))) <-> ((! (((u0room29light0f1dturn2on1b) && (! (u0room29light0f1dturn2off1b))) <-> ((u0room29light0f1dturn2off1b) && (! (u0room29light0f1dturn2on1b))))) && (! ((u0room29light0f1dtoggle1b) || (u0room29light0room29light)))))) && (! (((u0system29start2new2timer0system29start2new2timer) && (! (u0system29start2new2timer0f1dhour251b))) <-> ((u0system29start2new2timer0f1dhour251b) && (! (u0system29start2new2timer0system29start2new2timer))))))) && (((G (((u0room29light0f1dturn2off1b) || ((u0room29light0f1dtoggle1b) && (p0b0room29light29on))) -> (X (F (((u0room29light0f1dturn2on1b) || (u0room29light0f1dtoggle1b)) R (p0b0room29light29off)))))) && (G ((u0system29start2new2timer0f1dhour251b) -> (F (p0b0timeout))))) -> (G (((p0b0room29somebody2leaves) && (p0b0room29empty)) -> ((u0system29start2new2timer0f1dhour251b) && (F ((p0b0room29somebody2enters) || ((p0b0timeout) && (F (((p0b0room29light29off) U (p0b0room29somebody2enters)) || (G (p0b0room29light29off))))))))))))","total_time":45,"automaton":{"is_built":true,"build_duration":7,"total_states":12,"state_based_status":"true","prune_automaton_duration":0,"pruned_state_based_status":"true","prune_total_states":12,"total_edges":42},"dependency":{"dependency_approach":"automaton","tested_dependencies":[],"total_duration":-1,"is_completed":true,"skipped_dependencies":true,"total_pair_state":-1},"unate":{"skipped_unate":true},"synthesis":{"model_checking_status":"UNKNOWN","independent_strategy":{"duration":37,"realizability":"REALIZABLE","total_inputs":6,"total_outputs":6,"total_latches":4,"total_gates":303},"dependent_strategy":{"duration":-1,"total_inputs":-1,"total_outputs":-1,"total_latches":-1,"total_gates":-1}}}
