aag 30 4 0 25 26
2
4
6
8
0
27
26
37
36
0
46
47
37
36
48
53
59
37
36
60
0
61
37
36
60
0
61
37
36
10 7 8
12 7 9
14 4 12
16 5 10
18 17 15
20 5 12
22 2 20
24 3 19
26 25 23
28 6 8
30 5 29
32 31 15
34 3 33
36 35 23
38 6 9
40 11 39
42 5 41
44 43 15
46 3 45
48 3 14
50 3 42
52 51 23
54 2 21
56 3 44
58 57 55
60 3 16
i0 p0p0is2alt0sensor2type
i1 p0p0is2mag0sensor2type
i2 p0p0is2acc2gyro0sensor2type
i3 p0p0is2none0sensor2type
o0 u0cs2a2g0cs2a2g
o1 u0cs2a2g0f1dhigh1b
o2 u0cs2a2g0cs2in
o3 u0cs2a2g2out0cs2a2g
o4 u0cs2a2g2out0cs2a2g2out
o5 u0cs2alt0cs2alt
o6 u0cs2alt0f1dhigh1b
o7 u0cs2alt0cs2in
o8 u0cs2alt2out0cs2alt
o9 u0cs2alt2out0cs2alt2out
o10 u0cs2mag0cs2in
o11 u0cs2mag0f1dhigh1b
o12 u0cs2mag0cs2mag
o13 u0cs2mag2out0cs2mag
o14 u0cs2mag2out0cs2mag2out
o15 u0sdi0f1dhigh1b
o16 u0sdi0sdi
o17 u0sdi0sdi2in
o18 u0sdi2out0sdi
o19 u0sdi2out0sdi2out
o20 u0spc0f1dhigh1b
o21 u0spc0spc
o22 u0spc0spc2in
o23 u0spc2out0spc
o24 u0spc2out0spc2out
{"is_completed":true,"output_vars":["u0spc2out0spc2out","u0spc2out0spc","u0spc0f1dhigh1b","u0spc0spc2in","u0spc0spc","u0sdi2out0sdi2out","u0sdi2out0sdi","u0sdi0f1dhigh1b","u0sdi0sdi2in","u0sdi0sdi","u0cs2mag2out0cs2mag2out","u0cs2mag2out0cs2mag","u0cs2mag0f1dhigh1b","u0cs2mag0cs2mag","u0cs2mag0cs2in","u0cs2alt2out0cs2alt2out","u0cs2alt2out0cs2alt","u0cs2alt0f1dhigh1b","u0cs2alt0cs2in","u0cs2alt0cs2alt","u0cs2a2g2out0cs2a2g2out","u0cs2a2g2out0cs2a2g","u0cs2a2g0f1dhigh1b","u0cs2a2g0cs2in","u0cs2a2g0cs2a2g"],"input_vars":["p0p0is2none0sensor2type","p0p0is2mag0sensor2type","p0p0is2alt0sensor2type","p0p0is2acc2gyro0sensor2type"],"formula":"((G ((((((((((! (((u0cs2a2g0cs2in) && (! ((u0cs2a2g0f1dhigh1b) || (u0cs2a2g0cs2a2g)))) <-> ((! (((u0cs2a2g0f1dhigh1b) && (! (u0cs2a2g0cs2a2g))) <-> ((u0cs2a2g0cs2a2g) && (! (u0cs2a2g0f1dhigh1b))))) && (! (u0cs2a2g0cs2in))))) && (! (((u0cs2a2g2out0cs2a2g) && (! (u0cs2a2g2out0cs2a2g2out))) <-> ((u0cs2a2g2out0cs2a2g2out) && (! (u0cs2a2g2out0cs2a2g)))))) && (! (((u0cs2alt0cs2in) && (! ((u0cs2alt0f1dhigh1b) || (u0cs2alt0cs2alt)))) <-> ((! (((u0cs2alt0f1dhigh1b) && (! (u0cs2alt0cs2alt))) <-> ((u0cs2alt0cs2alt) && (! (u0cs2alt0f1dhigh1b))))) && (! (u0cs2alt0cs2in)))))) && (! (((u0cs2alt2out0cs2alt) && (! (u0cs2alt2out0cs2alt2out))) <-> ((u0cs2alt2out0cs2alt2out) && (! (u0cs2alt2out0cs2alt)))))) && (! (((u0cs2mag0cs2mag) && (! ((u0cs2mag0f1dhigh1b) || (u0cs2mag0cs2in)))) <-> ((! (((u0cs2mag0f1dhigh1b) && (! (u0cs2mag0cs2in))) <-> ((u0cs2mag0cs2in) && (! (u0cs2mag0f1dhigh1b))))) && (! (u0cs2mag0cs2mag)))))) && (! (((u0cs2mag2out0cs2mag) && (! (u0cs2mag2out0cs2mag2out))) <-> ((u0cs2mag2out0cs2mag2out) && (! (u0cs2mag2out0cs2mag)))))) && (! (((u0sdi0sdi2in) && (! ((u0sdi0f1dhigh1b) || (u0sdi0sdi)))) <-> ((! (((u0sdi0f1dhigh1b) && (! (u0sdi0sdi))) <-> ((u0sdi0sdi) && (! (u0sdi0f1dhigh1b))))) && (! (u0sdi0sdi2in)))))) && (! (((u0sdi2out0sdi) && (! (u0sdi2out0sdi2out))) <-> ((u0sdi2out0sdi2out) && (! (u0sdi2out0sdi)))))) && (! (((u0spc0spc2in) && (! ((u0spc0f1dhigh1b) || (u0spc0spc)))) <-> ((! (((u0spc0f1dhigh1b) && (! (u0spc0spc))) <-> ((u0spc0spc) && (! (u0spc0f1dhigh1b))))) && (! (u0spc0spc2in)))))) && (! (((u0spc2out0spc) && (! (u0spc2out0spc2out))) <-> ((u0spc2out0spc2out) && (! (u0spc2out0spc))))))) && (((((G ((p0p0is2alt0sensor2type) -> (! (((p0p0is2none0sensor2type) || (p0p0is2mag0sensor2type)) || (p0p0is2acc2gyro0sensor2type))))) && (G ((p0p0is2mag0sensor2type) -> (! (((p0p0is2none0sensor2type) || (p0p0is2alt0sensor2type)) || (p0p0is2acc2gyro0sensor2type)))))) && (G ((p0p0is2acc2gyro0sensor2type) -> (! (((p0p0is2none0sensor2type) || (p0p0is2mag0sensor2type)) || (p0p0is2alt0sensor2type)))))) && (G ((p0p0is2none0sensor2type) -> (! (((p0p0is2alt0sensor2type) || (p0p0is2mag0sensor2type)) || (p0p0is2acc2gyro0sensor2type)))))) -> (((((G ((p0p0is2alt0sensor2type) -> ((((u0cs2a2g0f1dhigh1b) && (u0cs2alt0cs2in)) && (u0cs2mag0f1dhigh1b)) && ((u0sdi0sdi2in) && (u0spc0spc2in))))) && (G ((p0p0is2mag0sensor2type) -> ((((u0cs2a2g0f1dhigh1b) && (u0cs2alt0f1dhigh1b)) && (u0cs2mag0cs2in)) && ((u0sdi0sdi2in) && (u0spc0spc2in)))))) && (G ((p0p0is2acc2gyro0sensor2type) -> ((((u0cs2a2g0cs2in) && (u0cs2alt0f1dhigh1b)) && (u0cs2mag0f1dhigh1b)) && ((u0sdi0sdi2in) && (u0spc0spc2in)))))) && (G ((p0p0is2none0sensor2type) -> (((((u0cs2a2g0f1dhigh1b) && (u0cs2alt0f1dhigh1b)) && (u0cs2mag0f1dhigh1b)) && (u0spc0f1dhigh1b)) && (u0sdi0f1dhigh1b))))) && (G (((((u0cs2a2g2out0cs2a2g) && (u0cs2alt2out0cs2alt)) && (u0cs2mag2out0cs2mag)) && (u0sdi2out0sdi)) && (u0spc2out0spc))))))","total_time":305500,"automaton":{"is_built":true,"build_duration":782,"total_states":4,"state_based_status":"true","prune_automaton_duration":0,"pruned_state_based_status":"true","prune_total_states":4,"total_edges":7},"dependency":{"dependency_approach":"automaton","tested_dependencies":[],"total_duration":-1,"is_completed":true,"skipped_dependencies":true,"total_pair_state":-1},"unate":{"skipped_unate":true},"synthesis":{"model_checking_status":"UNKNOWN","independent_strategy":{"duration":304717,"realizability":"REALIZABLE","total_inputs":4,"total_outputs":25,"total_latches":0,"total_gates":26},"dependent_strategy":{"duration":-1,"total_inputs":-1,"total_outputs":-1,"total_latches":-1,"total_gates":-1}}}
