aag 218 7 3 4 208
2
4
6
8
10
12
14
16 315
18 375
20 437
62
157
0
247
22 16 19
24 17 21
26 25 23
28 5 27
30 18 20
32 17 31
34 33 23
36 5 35
38 2 36
40 3 28
42 41 39
44 14 35
46 12 44
48 13 35
50 49 47
52 5 51
54 3 52
56 10 54
58 11 43
60 59 57
62 8 61
64 16 30
66 19 21
68 16 66
70 25 69
72 4 71
74 5 65
76 75 73
78 6 68
80 7 66
82 81 79
84 4 83
86 75 85
88 2 87
90 3 77
92 91 89
94 14 66
96 15 65
98 97 95
100 12 99
102 13 66
104 103 101
106 4 105
108 75 107
110 2 65
112 3 109
114 113 111
116 10 115
118 11 93
120 119 117
122 17 20
124 4 65
126 5 122
128 127 125
130 2 124
132 3 129
134 133 131
136 12 96
138 5 136
140 139 125
142 3 141
144 143 111
146 10 145
148 11 135
150 149 147
152 8 151
154 9 121
156 155 153
158 18 21
160 19 20
162 161 159
164 16 163
166 123 165
168 4 167
170 17 67
172 171 165
174 16 162
176 6 175
178 7 173
180 179 177
182 4 181
184 2 182
186 3 168
188 187 185
190 14 173
192 12 190
194 13 173
196 195 193
198 4 197
200 3 198
202 10 200
204 11 189
206 205 203
208 16 158
210 5 208
212 17 30
214 213 209
216 5 215
218 2 216
220 3 210
222 221 219
224 14 215
226 12 224
228 13 215
230 229 227
232 5 231
234 3 232
236 10 234
238 11 223
240 239 237
242 8 241
244 9 207
246 245 243
248 16 31
250 17 161
252 251 249
254 4 253
256 17 66
258 6 256
260 7 65
262 261 259
264 4 263
266 2 264
268 3 254
270 269 267
272 14 65
274 12 272
276 13 65
278 277 275
280 4 279
282 3 280
284 10 282
286 11 271
288 287 285
290 25 249
292 5 291
294 2 74
296 3 292
298 297 295
300 5 279
302 3 300
304 10 302
306 11 299
308 307 305
310 8 309
312 9 289
314 313 311
316 16 20
318 4 317
320 75 319
322 16 21
324 17 162
326 325 323
328 213 323
330 6 329
332 7 327
334 333 331
336 4 335
338 75 337
340 2 339
342 3 321
344 343 341
346 14 327
348 97 347
350 12 349
352 13 327
354 353 351
356 4 355
358 75 357
360 3 359
362 361 111
364 10 363
366 11 345
368 367 365
370 8 65
372 9 369
374 373 371
376 16 160
378 4 376
380 75 379
382 17 163
384 383 377
386 171 249
388 6 387
390 7 385
392 391 389
394 4 393
396 75 395
398 2 397
400 3 381
402 401 399
404 14 385
406 97 405
408 12 407
410 13 385
412 411 409
414 4 413
416 75 415
418 3 417
420 419 111
422 10 421
424 11 403
426 425 423
428 11 124
430 429 147
432 8 431
434 9 427
436 435 433
i0 p0b02room29switch29toggled
i1 p0b02roomlight29off
i2 p0p0bright0outside29brightness
i3 p0b02roomlight29on
i4 p0b02room29empty
i5 p0b02room29somebody2enters
i6 p0b02room29somebody2leaves
o0 u02roomlight29light0f1d2roomlight29turn2on1b
o1 u02roomlight29light0f1d2roomlight29toggle1b
o2 u02roomlight29light0f1d2roomlight29turn2off1b
o3 u02roomlight29light02roomlight29light
{"is_completed":true,"output_vars":["u02roomlight29light0f1d2roomlight29turn2off1b","u02roomlight29light0f1d2roomlight29toggle1b","u02roomlight29light0f1d2roomlight29turn2on1b","u02roomlight29light02roomlight29light"],"input_vars":["p0p0bright0outside29brightness","p0b02room29somebody2leaves","p0b02room29somebody2enters","p0b02room29switch29toggled","p0b02room29empty","p0b02roomlight29off","p0b02roomlight29on"],"formula":"((G (! (((! (((u02roomlight29light0f1d2roomlight29toggle1b) && (! (u02roomlight29light02roomlight29light))) <-> ((u02roomlight29light02roomlight29light) && (! (u02roomlight29light0f1d2roomlight29toggle1b))))) && (! ((u02roomlight29light0f1d2roomlight29turn2off1b) || (u02roomlight29light0f1d2roomlight29turn2on1b)))) <-> ((! (((u02roomlight29light0f1d2roomlight29turn2off1b) && (! (u02roomlight29light0f1d2roomlight29turn2on1b))) <-> ((u02roomlight29light0f1d2roomlight29turn2on1b) && (! (u02roomlight29light0f1d2roomlight29turn2off1b))))) && (! ((u02roomlight29light0f1d2roomlight29toggle1b) || (u02roomlight29light02roomlight29light))))))) && (((((((G (! ((p0b02roomlight29on) <-> (p0b02roomlight29off)))) && (G (((u02roomlight29light0f1d2roomlight29turn2on1b) || ((u02roomlight29light0f1d2roomlight29toggle1b) && (p0b02roomlight29off))) -> (X (F (((u02roomlight29light0f1d2roomlight29turn2off1b) || (u02roomlight29light0f1d2roomlight29toggle1b)) R (p0b02roomlight29on))))))) && (G (((u02roomlight29light0f1d2roomlight29turn2off1b) || ((u02roomlight29light0f1d2roomlight29toggle1b) && (p0b02roomlight29on))) -> (X (F (((u02roomlight29light0f1d2roomlight29turn2on1b) || (u02roomlight29light0f1d2roomlight29toggle1b)) R (p0b02roomlight29off))))))) && (G ((p0b02room29empty) -> (! (p0b02room29switch29toggled))))) && (G ((p0b02room29somebody2enters) -> (((! (p0b02room29empty)) U (p0b02room29somebody2leaves)) || (G (! (p0b02room29empty))))))) && (G (((p0b02room29somebody2leaves) && (p0b02room29empty)) -> (((p0b02room29empty) U (p0b02room29somebody2enters)) || (G (p0b02room29empty)))))) -> (G ((p0p0bright0outside29brightness) -> (((p0b02room29switch29toggled) && (p0b02roomlight29off)) -> (X (F (((p0b02roomlight29on) U ((p0b02room29switch29toggled) || (p0b02room29empty))) || (G (p0b02roomlight29on))))))))))","total_time":54,"automaton":{"is_built":true,"build_duration":8,"total_states":13,"state_based_status":"true","prune_automaton_duration":0,"pruned_state_based_status":"true","prune_total_states":13,"total_edges":40},"dependency":{"dependency_approach":"automaton","tested_dependencies":[],"total_duration":-1,"is_completed":true,"skipped_dependencies":true,"total_pair_state":-1},"unate":{"skipped_unate":true},"synthesis":{"model_checking_status":"UNKNOWN","independent_strategy":{"duration":45,"realizability":"REALIZABLE","total_inputs":7,"total_outputs":4,"total_latches":3,"total_gates":208},"dependent_strategy":{"duration":-1,"total_inputs":-1,"total_outputs":-1,"total_latches":-1,"total_gates":-1}}}
