aag 1069 4 6 6 1059
2
4
6
8
10 1123
12 1429
14 1641
16 1869
18 2051
20 2139
44
169
204
427
777
814
22 18 20
24 16 21
26 17 23
28 27 25
30 14 29
32 15 23
34 33 31
36 12 29
38 13 35
40 39 37
42 4 41
44 2 42
46 19 20
48 16 46
50 15 48
52 18 21
54 17 52
56 47 53
58 17 57
60 14 58
62 15 54
64 63 61
66 12 65
68 13 50
70 69 67
72 14 54
74 51 73
76 13 75
78 10 76
80 11 71
82 81 79
84 19 21
86 16 84
88 17 21
90 89 87
92 14 88
94 15 91
96 95 93
98 12 97
100 13 72
102 10 100
104 11 98
106 105 103
108 8 107
110 9 83
112 111 109
114 11 68
116 115 103
118 17 84
120 14 118
122 12 120
124 11 122
126 125 103
128 8 127
130 9 117
132 131 129
134 4 133
136 5 113
138 137 135
140 12 72
142 10 68
144 11 140
146 145 143
148 15 86
150 149 73
152 12 151
154 11 152
156 8 154
158 9 147
160 159 157
162 5 161
164 2 162
166 3 139
168 167 165
170 14 84
172 63 171
174 15 84
176 12 174
178 13 173
180 179 177
182 17 46
184 14 182
186 15 21
188 187 185
190 12 189
192 13 94
194 193 191
196 10 195
198 11 181
200 199 197
202 4 201
204 3 202
206 16 52
208 183 207
210 14 206
212 15 182
214 213 211
216 12 215
218 13 209
220 219 217
222 14 209
224 15 58
226 225 223
228 55 25
230 14 229
232 213 231
234 12 233
236 13 227
238 237 235
240 10 239
242 11 221
244 243 241
246 15 52
248 14 24
250 213 249
252 12 251
254 13 246
256 255 253
258 59 207
260 15 259
262 261 185
264 55 87
266 14 265
268 15 206
270 269 267
272 12 271
274 13 263
276 275 273
278 10 277
280 11 257
282 281 279
284 13 268
286 285 217
288 225 185
290 12 266
292 13 289
294 293 291
296 10 295
298 11 287
300 299 297
302 6 301
304 7 283
306 305 303
308 8 307
310 9 245
312 311 309
314 15 209
316 13 314
318 12 248
320 13 212
322 321 319
324 10 323
326 11 316
328 327 325
330 14 86
332 12 330
334 285 333
336 317 333
338 10 337
340 11 335
342 341 339
344 321 333
346 10 345
348 11 284
350 349 347
352 6 351
354 7 343
356 355 353
358 8 357
360 9 329
362 361 359
364 4 363
366 5 313
368 367 365
370 12 212
372 13 184
374 373 371
376 63 185
378 13 377
380 379 371
382 10 381
384 11 375
386 385 383
388 13 62
390 389 371
392 247 185
394 13 393
396 10 394
398 11 391
400 399 397
402 10 378
404 11 370
406 405 403
408 6 407
410 7 401
412 411 409
414 8 413
416 9 387
418 417 415
420 5 419
422 2 420
424 3 369
426 425 423
428 119 25
430 15 429
432 431 171
434 12 433
436 13 91
438 437 435
440 17 19
442 14 440
444 187 443
446 12 445
448 13 433
450 449 447
452 10 451
454 11 439
456 455 453
458 15 19
460 459 31
462 269 185
464 12 463
466 13 461
468 467 465
470 16 19
472 119 471
474 14 429
476 15 473
478 477 475
480 27 87
482 441 207
484 14 483
486 15 481
488 487 485
490 12 489
492 13 479
494 493 491
496 10 495
498 11 469
500 499 497
502 27 471
504 15 503
506 505 31
508 183 87
510 14 509
512 269 511
514 12 513
516 13 507
518 517 515
520 16 23
522 119 521
524 15 523
526 525 475
528 15 29
530 529 485
532 12 531
534 13 527
536 535 533
538 10 537
540 11 519
542 541 539
544 6 543
546 7 501
548 547 545
550 8 549
552 9 457
554 553 551
556 14 259
558 175 557
560 261 31
562 12 561
564 13 559
566 565 563
568 16 57
570 441 25
572 14 571
574 15 568
576 575 573
578 213 93
580 12 579
582 13 577
584 583 581
586 10 585
588 11 567
590 589 587
592 459 557
594 12 259
596 13 593
598 597 595
600 51 573
602 89 207
604 14 603
606 213 605
608 12 607
610 13 601
612 611 609
614 10 613
616 11 599
618 617 615
620 59 25
622 14 621
624 261 623
626 12 625
628 597 627
630 583 609
632 10 631
634 11 629
636 635 633
638 6 637
640 7 619
642 641 639
644 8 643
646 9 591
648 647 645
650 4 649
652 5 555
654 653 651
656 27 569
658 15 657
660 659 249
662 15 229
664 663 223
666 12 665
668 13 661
670 669 667
672 183 25
674 15 673
676 675 231
678 14 52
680 15 265
682 681 679
684 12 683
686 13 677
688 687 685
690 10 689
692 11 671
694 693 691
696 441 569
698 14 673
700 15 697
702 701 699
704 247 223
706 12 705
708 13 703
710 709 707
712 183 471
714 15 713
716 715 231
718 59 87
720 15 719
722 721 679
724 12 723
726 13 717
728 727 725
730 10 729
732 11 711
734 733 731
736 659 699
738 13 737
740 739 707
742 183 521
744 15 743
746 745 231
748 13 747
750 749 725
752 10 751
754 11 741
756 755 753
758 6 757
760 7 735
762 761 759
764 8 763
766 9 695
768 767 765
770 5 769
772 2 770
774 3 655
776 775 773
778 149 93
780 15 118
782 781 171
784 12 783
786 13 779
788 787 785
790 119 207
792 441 87
794 14 793
796 15 791
798 797 795
800 12 799
802 13 118
804 803 801
806 10 805
808 11 789
810 809 807
812 5 811
814 2 812
816 15 26
818 817 61
820 269 249
822 12 821
824 13 819
826 825 823
828 15 571
830 829 485
832 13 831
834 833 447
836 10 835
838 11 827
840 839 837
842 6 245
844 7 841
846 845 843
848 15 603
850 849 679
852 315 331
854 12 853
856 13 851
858 857 855
860 187 121
862 13 861
864 863 37
866 10 865
868 11 859
870 869 867
872 7 871
874 8 872
876 9 847
878 877 875
880 13 796
882 12 474
884 13 120
886 885 883
888 10 887
890 11 880
892 891 889
894 7 893
896 15 88
898 175 121
900 12 899
902 13 896
904 903 901
906 15 793
908 907 93
910 269 121
912 12 911
914 13 909
916 915 913
918 10 917
920 11 905
922 921 919
924 255 901
926 907 73
928 269 331
930 12 929
932 13 927
934 933 931
936 10 935
938 11 925
940 939 937
942 6 941
944 7 923
946 945 943
948 8 947
950 9 894
952 951 949
954 4 953
956 5 879
958 957 955
960 213 73
962 12 961
964 13 780
966 965 963
968 55 471
970 15 969
972 15 509
974 12 972
976 13 970
978 977 975
980 10 979
982 11 967
984 983 981
986 6 147
988 7 985
990 989 987
992 431 605
994 797 171
996 12 995
998 13 993
1000 999 997
1002 175 443
1004 13 1003
1006 1005 37
1008 10 1007
1010 11 1001
1012 1011 1009
1014 15 440
1016 1015 171
1018 12 1017
1020 787 1019
1022 897 443
1024 13 1023
1026 1025 801
1028 10 1027
1030 11 1021
1032 1031 1029
1034 6 1033
1036 7 1013
1038 1037 1035
1040 8 1039
1042 9 991
1044 1043 1041
1046 59 521
1048 15 1047
1050 1049 31
1052 13 1051
1054 1053 37
1056 15 57
1058 1057 623
1060 13 1059
1062 1061 627
1064 10 1063
1066 11 1055
1068 1067 1065
1070 6 41
1072 7 1069
1074 1073 1071
1076 715 795
1078 27 207
1080 14 1079
1082 95 1081
1084 12 1083
1086 13 1077
1088 1087 1085
1090 15 46
1092 1091 623
1094 13 1093
1096 10 1094
1098 11 1089
1100 1099 1097
1102 7 1101
1104 1103 1071
1106 8 1105
1108 9 1075
1110 1109 1107
1112 4 1111
1114 5 1045
1116 1115 1113
1118 2 1117
1120 3 959
1122 1121 1119
1124 14 91
1126 971 1125
1128 14 481
1130 187 1129
1132 12 1131
1134 13 1127
1136 1135 1133
1138 575 267
1140 12 393
1142 13 1139
1144 1143 1141
1146 10 1145
1148 11 1137
1150 1149 1147
1152 89 471
1154 15 1153
1156 1155 1125
1158 13 1157
1160 1159 1133
1162 525 1125
1164 13 1163
1166 1165 447
1168 10 1167
1170 11 1161
1172 1171 1169
1174 6 1173
1176 7 1151
1178 1177 1175
1180 14 21
1182 529 1181
1184 12 1183
1186 857 1185
1188 14 26
1190 529 1189
1192 13 1191
1194 1193 37
1196 10 1195
1198 11 1187
1200 1199 1197
1202 487 605
1204 12 1203
1206 285 1205
1208 13 58
1210 1209 291
1212 10 1211
1214 11 1207
1216 1215 1213
1218 6 1217
1220 7 1201
1222 1221 1219
1224 8 1223
1226 9 1179
1228 1227 1225
1230 663 31
1232 13 1231
1234 1233 37
1236 89 521
1238 15 1237
1240 1239 699
1242 529 623
1244 12 1243
1246 13 1241
1248 1247 1245
1250 10 1249
1252 11 1235
1254 1253 1251
1256 95 31
1258 13 1257
1260 1259 37
1262 1239 573
1264 12 1191
1266 13 1263
1268 1267 1265
1270 10 1269
1272 11 1261
1274 1273 1271
1276 6 1275
1278 7 1255
1280 1279 1277
1282 903 177
1284 13 899
1286 1285 913
1288 10 1287
1290 11 1283
1292 1291 1289
1294 389 177
1296 12 268
1298 13 174
1300 1299 1297
1302 10 1301
1304 11 1295
1306 1305 1303
1308 6 1307
1310 7 1293
1312 1311 1309
1314 8 1313
1316 9 1281
1318 1317 1315
1320 4 1319
1322 5 1229
1324 1323 1321
1326 1091 331
1328 721 223
1330 12 1329
1332 13 1327
1334 1333 1331
1336 225 231
1338 13 1337
1340 1339 371
1342 10 1341
1344 11 1335
1346 1345 1343
1348 6 695
1350 7 1347
1352 1351 1349
1354 187 605
1356 675 73
1358 12 1357
1360 13 1355
1362 1361 1359
1364 487 31
1366 12 1365
1368 13 662
1370 1369 1367
1372 10 1371
1374 11 1363
1376 1375 1373
1378 787 153
1380 781 795
1382 12 1381
1384 10 1382
1386 11 1379
1388 1387 1385
1390 6 1389
1392 7 1377
1394 1393 1391
1396 8 1395
1398 9 1353
1400 1399 1397
1402 13 52
1404 1403 855
1406 255 627
1408 10 1407
1410 11 1405
1412 1411 1409
1414 7 1413
1416 8 1414
1418 4 1416
1420 5 1401
1422 1421 1419
1424 2 1423
1426 3 1325
1428 1427 1425
1430 183 569
1432 15 1431
1434 1433 223
1436 225 557
1438 12 1437
1440 13 1435
1442 1441 1439
1444 59 49
1446 15 1445
1448 1447 557
1450 13 1449
1452 1451 235
1454 10 1453
1456 11 1443
1458 1457 1455
1460 315 699
1462 12 1461
1464 1053 1463
1466 1057 699
1468 13 1467
1470 1469 627
1472 10 1471
1474 11 1465
1476 1475 1473
1478 39 1463
1480 33 573
1482 13 1481
1484 1483 37
1486 10 1485
1488 11 1479
1490 1489 1487
1492 6 1491
1494 7 1477
1496 1495 1493
1498 8 1497
1500 9 1459
1502 1501 1499
1504 187 31
1506 13 1505
1508 1507 37
1510 1267 37
1512 10 1511
1514 11 1509
1516 1515 1513
1518 7 1517
1520 1519 1277
1522 897 1181
1524 829 121
1526 12 1525
1528 13 1523
1530 1529 1527
1532 529 1081
1534 12 1533
1536 13 97
1538 1537 1535
1540 10 1539
1542 11 1531
1544 1543 1541
1546 179 901
1548 95 73
1550 13 1549
1552 1551 191
1554 10 1553
1556 11 1547
1558 1557 1555
1560 6 1559
1562 7 1545
1564 1563 1561
1566 8 1565
1568 9 1521
1570 1569 1567
1572 4 1571
1574 5 1503
1576 1575 1573
1578 6 387
1580 7 372
1582 1581 1579
1584 1091 511
1586 681 557
1588 12 1587
1590 13 1585
1592 1591 1589
1594 11 1593
1596 1595 1097
1598 15 621
1600 1599 557
1602 12 1601
1604 739 1603
1606 1049 623
1608 13 1607
1610 1609 725
1612 10 1611
1614 11 1605
1616 1615 1613
1618 6 1617
1620 7 1597
1622 1621 1619
1624 8 1623
1626 9 1583
1628 1627 1625
1630 4 1105
1632 5 1629
1634 1633 1631
1636 2 1635
1638 3 1577
1640 1639 1637
1642 315 249
1644 12 1643
1646 13 259
1648 1647 1645
1650 261 223
1652 13 1651
1654 1653 627
1656 10 1655
1658 11 1649
1660 1659 1657
1662 7 1661
1664 1663 843
1666 12 210
1668 13 182
1670 10 1668
1672 11 1666
1674 1673 1671
1676 7 1675
1678 1677 303
1680 8 1679
1682 9 1665
1684 1683 1681
1686 55 569
1688 15 1687
1690 1689 1181
1692 829 331
1694 12 1693
1696 13 1691
1698 1697 1695
1700 187 73
1702 13 1701
1704 1703 1245
1706 10 1705
1708 11 1699
1710 1709 1707
1712 55 49
1714 15 1713
1716 1715 171
1718 13 1717
1720 1719 177
1722 11 1721
1724 1723 1555
1726 6 1725
1728 7 1711
1730 1729 1727
1732 1049 185
1734 95 623
1736 12 1735
1738 13 1733
1740 1739 1737
1742 525 699
1744 13 1743
1746 1745 931
1748 10 1747
1750 11 1741
1752 1751 1749
1754 505 557
1756 13 1755
1758 1757 1245
1760 525 573
1762 315 605
1764 12 1763
1766 13 1761
1768 1767 1765
1770 10 1769
1772 11 1759
1774 1773 1771
1776 6 1775
1778 7 1753
1780 1779 1777
1782 8 1781
1784 9 1731
1786 1785 1783
1788 4 1787
1790 5 1685
1792 1791 1789
1794 441 49
1796 15 1795
1798 1797 331
1800 13 1799
1802 1801 1589
1804 12 148
1806 727 1805
1808 10 1807
1810 11 1803
1812 1811 1809
1814 663 557
1816 12 1815
1818 669 1817
1820 749 685
1822 10 1821
1824 11 1819
1826 1825 1823
1828 6 1827
1830 7 1813
1832 1831 1829
1834 1797 511
1836 63 223
1838 12 1837
1840 13 1835
1842 1841 1839
1844 11 1843
1846 1845 1809
1848 7 1847
1850 1849 759
1852 8 1851
1854 9 1833
1856 1855 1853
1858 4 1075
1860 5 1857
1862 1861 1859
1864 2 1863
1866 3 1793
1868 1867 1865
1870 487 1181
1872 12 1871
1874 255 1873
1876 261 61
1878 13 1877
1880 1879 273
1882 10 1881
1884 11 1875
1886 1885 1883
1888 7 1887
1890 1889 1219
1892 8 1891
1894 1683 1893
1896 10 318
1898 349 1897
1900 7 1899
1902 269 1181
1904 315 171
1906 12 1905
1908 13 1903
1910 1909 1907
1912 247 73
1914 487 623
1916 12 1915
1918 13 1913
1920 1919 1917
1922 10 1921
1924 11 1911
1926 1925 1923
1928 13 170
1930 1929 123
1932 95 185
1934 12 1933
1936 13 54
1938 1937 1935
1940 10 1939
1942 11 1931
1944 1943 1941
1946 6 1945
1948 7 1927
1950 1949 1947
1952 8 1951
1954 9 1900
1956 1955 1953
1958 4 1957
1960 5 1895
1962 1961 1959
1964 663 605
1966 13 1965
1968 1967 997
1970 797 121
1972 849 31
1974 12 1973
1976 13 1971
1978 1977 1975
1980 10 1979
1982 11 1969
1984 1983 1981
1986 6 811
1988 7 1985
1990 1989 1987
1992 15 24
1994 1993 605
1996 431 1125
1998 12 1997
2000 13 1995
2002 2001 1999
2004 15 1079
2006 2005 31
2008 12 2007
2010 803 2009
2012 10 2011
2014 11 2003
2016 2015 2013
2018 175 1125
2020 12 2019
2022 787 2021
2024 11 2023
2026 2025 807
2028 6 2027
2030 7 2017
2032 2031 2029
2034 8 2033
2036 9 1991
2038 2037 2035
2040 4 1414
2042 5 2039
2044 2043 2041
2046 2 2045
2048 3 1963
2050 2049 2047
2052 13 678
2054 2053 1297
2056 12 227
2058 10 2056
2060 11 2055
2062 2061 2059
2064 7 2063
2066 8 2064
2068 111 2067
2070 13 1090
2072 13 961
2074 10 2072
2076 11 2070
2078 2077 2075
2080 13 1432
2082 2073 319
2084 10 2083
2086 11 2080
2088 2087 2085
2090 6 2089
2092 7 2079
2094 2093 2091
2096 10 320
2098 7 2096
2100 2099 353
2102 8 2101
2104 9 2095
2106 2105 2103
2108 4 2107
2110 5 2069
2112 2111 2109
2114 373 963
2116 1715 185
2118 13 2117
2120 2119 371
2122 10 2121
2124 11 2115
2126 2125 2123
2128 9 2127
2130 2129 415
2132 5 2131
2134 2 2132
2136 3 2113
2138 2137 2135
i0 p0b0btn2min
i1 p0b0btn2sec
i2 p0p0eq0time0f1dzero1b
i3 p0b0btn2start2stop
o0 u0time0f1dzero1b
o1 u0time0f1dcountup0time0dt1b
o2 u0time0f1dinc2seconds0time1b
o3 u0time0f1dcountdown0time0dt1b
o4 u0time0time
o5 u0time0f1dinc2minutes0time1b
{"is_completed":true,"output_vars":["u0time0f1dcountup0time0dt1b","u0time0f1dcountdown0time0dt1b","u0time0f1dinc2seconds0time1b","u0time0f1dinc2minutes0time1b","u0time0f1dzero1b","u0time0time"],"input_vars":["p0p0eq0time0f1dzero1b","p0b0btn2start2stop","p0b0btn2sec","p0b0btn2min"],"formula":"(((((((G (! (((! (((u0time0f1dinc2minutes0time1b) && (! ((u0time0time) || (u0time0f1dcountdown0time0dt1b)))) <-> ((! (((u0time0time) && (! (u0time0f1dcountdown0time0dt1b))) <-> ((u0time0f1dcountdown0time0dt1b) && (! (u0time0time))))) && (! (u0time0f1dinc2minutes0time1b))))) && (! (((u0time0f1dcountup0time0dt1b) || (u0time0f1dinc2seconds0time1b)) || (u0time0f1dzero1b)))) <-> ((! (((u0time0f1dinc2seconds0time1b) && (! ((u0time0f1dzero1b) || (u0time0f1dcountup0time0dt1b)))) <-> ((! (((u0time0f1dzero1b) && (! (u0time0f1dcountup0time0dt1b))) <-> ((u0time0f1dcountup0time0dt1b) && (! (u0time0f1dzero1b))))) && (! (u0time0f1dinc2seconds0time1b))))) && (! (((u0time0f1dcountdown0time0dt1b) || (u0time0f1dinc2minutes0time1b)) || (u0time0time))))))) && (G (((p0b0btn2min) && (p0b0btn2sec)) <-> (u0time0f1dzero1b)))) && (G ((((! ((u0time0f1dcountup0time0dt1b) || (u0time0f1dcountdown0time0dt1b))) && ((! (p0b0btn2min)) && (X (p0b0btn2min)))) && (X (! (p0b0btn2sec)))) <-> (X (u0time0f1dinc2minutes0time1b))))) && (G ((((! ((u0time0f1dcountup0time0dt1b) || (u0time0f1dcountdown0time0dt1b))) && ((! (p0b0btn2sec)) && (X (p0b0btn2sec)))) && (X (! (p0b0btn2min)))) <-> (X (u0time0f1dinc2seconds0time1b))))) && (G ((p0p0eq0time0f1dzero1b) -> (((((u0time0time) && ((((! (p0b0btn2start2stop)) && (X (p0b0btn2start2stop))) && (! ((! (p0b0btn2min)) && (X (p0b0btn2min))))) && (! ((! (p0b0btn2sec)) && (X (p0b0btn2sec)))))) -> (X ((((u0time0f1dcountup0time0dt1b) && (! ((((! (p0b0btn2min)) && (X (p0b0btn2min))) || ((! (p0b0btn2sec)) && (X (p0b0btn2sec)))) || ((! (p0b0btn2start2stop)) && (X (p0b0btn2start2stop)))))) U (((p0b0btn2min) && (p0b0btn2sec)) || ((u0time0f1dcountup0time0dt1b) && ((((! (p0b0btn2min)) && (X (p0b0btn2min))) || ((! (p0b0btn2sec)) && (X (p0b0btn2sec)))) || ((! (p0b0btn2start2stop)) && (X (p0b0btn2start2stop))))))) || (G ((u0time0f1dcountup0time0dt1b) && (! ((((! (p0b0btn2min)) && (X (p0b0btn2min))) || ((! (p0b0btn2sec)) && (X (p0b0btn2sec)))) || ((! (p0b0btn2start2stop)) && (X (p0b0btn2start2stop)))))))))) U ((u0time0f1dinc2minutes0time1b) || (u0time0f1dinc2seconds0time1b))) || (G (((u0time0time) && ((((! (p0b0btn2start2stop)) && (X (p0b0btn2start2stop))) && (! ((! (p0b0btn2min)) && (X (p0b0btn2min))))) && (! ((! (p0b0btn2sec)) && (X (p0b0btn2sec)))))) -> (X ((((u0time0f1dcountup0time0dt1b) && (! ((((! (p0b0btn2min)) && (X (p0b0btn2min))) || ((! (p0b0btn2sec)) && (X (p0b0btn2sec)))) || ((! (p0b0btn2start2stop)) && (X (p0b0btn2start2stop)))))) U (((p0b0btn2min) && (p0b0btn2sec)) || ((u0time0f1dcountup0time0dt1b) && ((((! (p0b0btn2min)) && (X (p0b0btn2min))) || ((! (p0b0btn2sec)) && (X (p0b0btn2sec)))) || ((! (p0b0btn2start2stop)) && (X (p0b0btn2start2stop))))))) || (G ((u0time0f1dcountup0time0dt1b) && (! ((((! (p0b0btn2min)) && (X (p0b0btn2min))) || ((! (p0b0btn2sec)) && (X (p0b0btn2sec)))) || ((! (p0b0btn2start2stop)) && (X (p0b0btn2start2stop))))))))))))))) && (G (((u0time0f1dinc2minutes0time1b) || (u0time0f1dinc2seconds0time1b)) -> (((((! ((u0time0f1dcountup0time0dt1b) || (u0time0f1dcountdown0time0dt1b))) && ((((! (p0b0btn2start2stop)) && (X (p0b0btn2start2stop))) && (! ((! (p0b0btn2min)) && (X (p0b0btn2min))))) && (! ((! (p0b0btn2sec)) && (X (p0b0btn2sec)))))) -> (X ((((u0time0f1dcountdown0time0dt1b) && (! ((((! (p0b0btn2min)) && (X (p0b0btn2min))) || ((! (p0b0btn2sec)) && (X (p0b0btn2sec)))) || ((! (p0b0btn2start2stop)) && (X (p0b0btn2start2stop)))))) U (((p0b0btn2min) && (p0b0btn2sec)) || ((u0time0f1dcountdown0time0dt1b) && ((((! (p0b0btn2min)) && (X (p0b0btn2min))) || ((! (p0b0btn2sec)) && (X (p0b0btn2sec)))) || ((! (p0b0btn2start2stop)) && (X (p0b0btn2start2stop))))))) || (G ((u0time0f1dcountdown0time0dt1b) && (! ((((! (p0b0btn2min)) && (X (p0b0btn2min))) || ((! (p0b0btn2sec)) && (X (p0b0btn2sec)))) || ((! (p0b0btn2start2stop)) && (X (p0b0btn2start2stop)))))))))) U (X (p0p0eq0time0f1dzero1b))) || (G (((! ((u0time0f1dcountup0time0dt1b) || (u0time0f1dcountdown0time0dt1b))) && ((((! (p0b0btn2start2stop)) && (X (p0b0btn2start2stop))) && (! ((! (p0b0btn2min)) && (X (p0b0btn2min))))) && (! ((! (p0b0btn2sec)) && (X (p0b0btn2sec)))))) -> (X ((((u0time0f1dcountdown0time0dt1b) && (! ((((! (p0b0btn2min)) && (X (p0b0btn2min))) || ((! (p0b0btn2sec)) && (X (p0b0btn2sec)))) || ((! (p0b0btn2start2stop)) && (X (p0b0btn2start2stop)))))) U (((p0b0btn2min) && (p0b0btn2sec)) || ((u0time0f1dcountdown0time0dt1b) && ((((! (p0b0btn2min)) && (X (p0b0btn2min))) || ((! (p0b0btn2sec)) && (X (p0b0btn2sec)))) || ((! (p0b0btn2start2stop)) && (X (p0b0btn2start2stop))))))) || (G ((u0time0f1dcountdown0time0dt1b) && (! ((((! (p0b0btn2min)) && (X (p0b0btn2min))) || ((! (p0b0btn2sec)) && (X (p0b0btn2sec)))) || ((! (p0b0btn2start2stop)) && (X (p0b0btn2start2stop))))))))))))))) && (G (((! ((u0time0f1dcountup0time0dt1b) || (u0time0f1dcountdown0time0dt1b))) && ((((((! (p0b0btn2start2stop)) && (X (p0b0btn2start2stop))) && ((! (p0b0btn2min)) && (X (p0b0btn2min)))) && (X (! (p0b0btn2sec)))) && (X (X (! (p0b0btn2sec))))) || (((((! (p0b0btn2start2stop)) && (X (p0b0btn2start2stop))) && ((! (p0b0btn2sec)) && (X (p0b0btn2sec)))) && (X (! (p0b0btn2min)))) && (X (X (! (p0b0btn2min))))))) -> (X (X ((((u0time0f1dcountdown0time0dt1b) && (! ((((! (p0b0btn2min)) && (X (p0b0btn2min))) || ((! (p0b0btn2sec)) && (X (p0b0btn2sec)))) || ((! (p0b0btn2start2stop)) && (X (p0b0btn2start2stop)))))) U (((p0b0btn2min) && (p0b0btn2sec)) || ((u0time0f1dcountdown0time0dt1b) && ((((! (p0b0btn2min)) && (X (p0b0btn2min))) || ((! (p0b0btn2sec)) && (X (p0b0btn2sec)))) || ((! (p0b0btn2start2stop)) && (X (p0b0btn2start2stop))))))) || (G ((u0time0f1dcountdown0time0dt1b) && (! ((((! (p0b0btn2min)) && (X (p0b0btn2min))) || ((! (p0b0btn2sec)) && (X (p0b0btn2sec)))) || ((! (p0b0btn2start2stop)) && (X (p0b0btn2start2stop)))))))))))))","total_time":1486,"automaton":{"is_built":true,"build_duration":38,"total_states":183,"state_based_status":"true","prune_automaton_duration":0,"pruned_state_based_status":"true","prune_total_states":183,"total_edges":2518},"dependency":{"dependency_approach":"automaton","tested_dependencies":[],"total_duration":-1,"is_completed":true,"skipped_dependencies":true,"total_pair_state":-1},"unate":{"skipped_unate":true},"synthesis":{"model_checking_status":"UNKNOWN","independent_strategy":{"duration":1447,"realizability":"REALIZABLE","total_inputs":4,"total_outputs":6,"total_latches":6,"total_gates":1059},"dependent_strategy":{"duration":-1,"total_inputs":-1,"total_outputs":-1,"total_latches":-1,"total_gates":-1}}}
