aag 639 9 4 8 626
2
4
6
8
10
12
14
16
18
20 965
22 1047
24 1169
26 1279
101
0
213
323
381
447
581
771
28 16 18
30 15 29
32 12 30
34 13 30
36 10 34
38 11 32
40 39 37
42 4 41
44 2 42
46 4 38
48 2 46
50 26 48
52 27 44
54 53 51
56 24 52
58 25 55
60 59 57
62 24 48
64 59 63
66 22 65
68 23 61
70 69 67
72 4 36
74 2 72
76 24 74
78 25 48
80 79 77
82 27 48
84 24 82
86 25 44
88 87 85
90 22 89
92 23 81
94 93 91
96 20 95
98 21 71
100 99 97
102 12 29
104 13 29
106 10 104
108 11 102
110 109 107
112 9 111
114 9 41
116 7 114
118 5 116
120 2 118
122 3 112
124 123 121
126 27 125
128 6 112
130 3 128
132 131 121
134 4 114
136 119 135
138 2 137
140 123 139
142 26 141
144 27 133
146 145 143
148 24 147
150 25 126
152 151 149
154 23 153
156 9 36
158 4 156
160 119 159
162 2 161
164 123 163
166 27 165
168 9 38
170 4 168
172 119 171
174 2 173
176 131 175
178 123 175
180 26 179
182 27 177
184 183 181
186 24 185
188 25 166
190 189 187
192 131 163
194 27 193
196 24 194
198 25 144
200 199 197
202 22 201
204 23 191
206 205 203
208 20 207
210 21 154
212 211 209
214 4 40
216 5 117
218 217 215
220 2 219
222 3 113
224 223 221
226 26 49
228 27 225
230 229 227
232 3 129
234 233 221
236 26 140
238 27 235
240 239 237
242 24 241
244 25 231
246 245 243
248 22 64
250 23 247
252 251 249
254 8 39
256 9 40
258 257 255
260 4 259
262 217 261
264 2 263
266 223 265
268 27 267
270 269 227
272 8 37
274 257 273
276 4 275
278 217 277
280 2 279
282 233 281
284 223 281
286 26 285
288 27 283
290 289 287
292 24 291
294 25 271
296 295 293
298 26 45
300 239 299
302 233 265
304 27 303
306 24 304
308 25 301
310 309 307
312 22 311
314 23 297
316 315 313
318 20 317
320 21 253
322 321 319
324 26 74
326 25 324
328 8 36
330 7 328
332 5 330
334 333 73
336 2 335
338 26 336
340 7 36
342 5 340
344 343 73
346 2 345
348 24 346
350 25 338
352 351 349
354 22 353
356 23 326
358 357 355
360 27 74
362 361 339
364 25 363
366 27 346
368 24 366
370 22 368
372 23 364
374 373 371
376 20 375
378 21 359
380 379 377
382 7 38
384 6 38
386 4 384
388 5 382
390 389 387
392 2 391
394 3 108
396 395 393
398 27 397
400 6 108
402 389 47
404 2 403
406 3 400
408 407 405
410 27 409
412 24 410
414 25 398
416 415 413
418 25 410
420 22 418
422 23 417
424 423 421
426 395 405
428 26 427
430 411 429
432 24 431
434 25 409
436 22 434
438 23 432
440 439 437
442 20 441
444 21 425
446 445 443
448 7 41
450 4 448
452 2 450
454 7 168
456 455 385
458 4 457
460 389 459
462 2 461
464 395 463
466 26 465
468 27 452
470 469 467
472 2 340
474 5 448
476 475 43
478 2 477
480 3 111
482 481 479
484 26 483
486 27 472
488 487 485
490 24 489
492 25 471
494 493 491
496 5 454
498 497 459
500 2 499
502 407 501
504 26 503
506 2 386
508 407 507
510 27 509
512 511 505
514 24 513
516 25 504
518 517 515
520 22 519
522 23 495
524 523 521
526 27 465
528 527 505
530 6 106
532 3 530
534 533 347
536 6 36
538 331 537
540 4 539
542 343 541
544 2 543
546 3 106
548 547 545
550 26 549
552 27 535
554 553 551
556 24 555
558 25 529
560 559 557
562 2 458
564 407 563
566 27 565
568 24 566
570 22 568
572 23 561
574 573 571
576 20 575
578 21 525
580 579 577
582 6 39
584 7 40
586 585 583
588 4 587
590 5 383
592 591 589
594 2 593
596 3 109
598 597 595
600 6 40
602 7 275
604 603 601
606 4 605
608 591 607
610 2 609
612 597 611
614 26 613
616 27 599
618 617 615
620 5 449
622 621 589
624 2 623
626 3 401
628 627 625
630 26 482
632 27 629
634 633 631
636 24 635
638 25 619
640 639 637
642 9 39
644 643 273
646 644 7
648 5 647
650 649 607
652 2 651
654 627 653
656 26 655
658 27 408
660 659 657
662 7 37
664 663 601
666 4 665
668 5 341
670 669 667
672 2 671
674 627 673
676 274 7
678 5 677
680 679 607
682 2 681
684 627 683
686 26 685
688 27 675
690 689 687
692 24 691
694 25 661
696 695 693
698 22 697
700 23 641
702 701 699
704 27 613
706 705 657
708 6 111
710 2 476
712 3 709
714 713 711
716 8 40
718 643 717
720 7 719
722 721 601
724 4 723
726 621 725
728 2 727
730 3 110
732 731 729
734 26 733
736 27 715
738 737 735
740 24 739
742 25 707
744 743 741
746 669 607
748 2 747
750 627 749
752 27 751
754 24 752
756 25 408
758 757 755
760 22 759
762 23 745
764 763 761
766 20 765
768 21 703
770 769 767
772 8 38
774 6 41
776 7 772
778 777 775
780 4 779
782 475 781
784 2 783
786 481 785
788 8 111
790 8 41
792 7 790
794 6 772
796 383 795
798 4 797
800 5 792
802 801 799
804 2 803
806 3 788
808 807 805
810 26 809
812 27 787
814 813 811
816 157 791
818 7 817
820 819 775
822 4 821
824 475 823
826 2 825
828 3 708
830 829 827
832 27 831
834 24 832
836 25 815
838 837 835
840 6 788
842 6 790
844 449 843
846 4 845
848 475 847
850 2 849
852 3 840
854 853 851
856 777 385
858 4 857
860 5 776
862 861 859
864 2 863
866 829 865
868 26 867
870 27 855
872 871 869
874 829 405
876 27 875
878 877 869
880 24 879
882 25 873
884 883 881
886 22 885
888 23 839
890 889 887
892 475 859
894 2 893
896 481 895
898 7 258
900 5 898
902 901 799
904 2 903
906 853 905
908 26 907
910 27 897
912 911 909
914 25 913
916 915 557
918 793 775
920 4 919
922 475 921
924 2 923
926 829 925
928 801 921
930 2 929
932 829 931
934 26 933
936 27 927
938 937 935
940 389 859
942 2 941
944 829 943
946 27 945
948 24 946
950 25 939
952 951 949
954 22 953
956 23 917
958 957 955
960 20 959
962 21 891
964 963 961
966 4 898
968 2 966
970 27 968
972 2 448
974 27 972
976 24 974
978 25 970
980 979 977
982 2 792
984 4 454
986 119 985
988 2 987
990 26 988
992 27 982
994 993 991
996 2 454
998 26 996
1000 24 998
1002 25 995
1004 1003 1001
1006 22 1005
1008 23 981
1010 1009 1007
1012 2 984
1014 27 1012
1016 7 156
1018 4 1016
1020 2 1018
1022 26 1020
1024 24 1022
1026 25 1014
1028 1027 1025
1030 24 1014
1032 25 972
1034 1033 1031
1036 22 1035
1038 23 1029
1040 1039 1037
1042 20 1041
1044 21 1011
1046 1045 1043
1048 7 259
1050 1049 601
1052 4 1051
1054 621 1053
1056 2 1055
1058 731 1057
1060 4 456
1062 621 1061
1064 2 1063
1066 731 1065
1068 26 1067
1070 27 1059
1072 1071 1069
1074 713 749
1076 1074 27
1078 24 1077
1080 25 1073
1082 1081 1079
1084 7 115
1086 1085 601
1088 4 1087
1090 217 1089
1092 2 1091
1094 713 1093
1096 217 1061
1098 2 1097
1100 713 1099
1102 26 1101
1104 27 1095
1106 1105 1103
1108 2 387
1110 713 1109
1112 24 1111
1114 25 1107
1116 1115 1113
1118 22 1117
1120 23 1083
1122 1121 1119
1124 4 385
1126 621 1125
1128 2 1127
1130 731 1129
1132 27 1131
1134 1133 1103
1136 1134 25
1138 4 1086
1140 2 1139
1142 713 1141
1144 26 1095
1146 27 1143
1148 1147 1145
1150 27 1111
1152 24 1150
1154 25 1149
1156 1155 1153
1158 22 1157
1160 23 1137
1162 1161 1159
1164 20 1163
1166 21 1123
1168 1167 1165
1170 4 773
1172 5 793
1174 1173 1171
1176 2 1175
1178 3 789
1180 1179 1177
1182 26 1181
1184 27 482
1186 1185 1183
1188 24 937
1190 25 1187
1192 1191 1189
1194 4 791
1196 1173 1195
1198 2 1197
1200 3 841
1202 1201 1199
1204 26 866
1206 27 1203
1208 1207 1205
1210 24 878
1212 25 1209
1214 1213 1211
1216 22 1215
1218 23 1193
1220 1219 1217
1222 4 39
1224 621 1223
1226 2 1225
1228 731 1227
1230 5 777
1232 1231 1171
1234 2 1233
1236 1201 1235
1238 26 1237
1240 27 1229
1242 1241 1239
1244 4 340
1246 2 1244
1248 26 1247
1250 27 473
1252 1251 1249
1254 24 1253
1256 25 1243
1258 1257 1255
1260 27 944
1262 24 1260
1264 25 938
1266 1265 1263
1268 22 1267
1270 23 1259
1272 1271 1269
1274 20 1273
1276 21 1221
1278 1277 1275
i0 p0b02room29empty
i1 p0b02room29somebody2leaves
i2 p0b02room29somebody2enters
i3 p0b02timer29timeout
i4 p0b02roomlight29off
i5 p0b02roomlight29on
i6 p0b02room29switch29toggled
i7 p0b02room29bed29occupied
i8 p0b02room292room29empty
o0 u02timer29start2new2timer0f1d2timer29hour251b
o1 u02timer29start2new2timer0f1d2timer29min25231b
o2 u02timer29start2new2timer02timer29start2new2timer
o3 u02timer29start2new2timer0f1d2timer29hour241b
o4 u02roomlight29light0f1d2roomlight29turn2off1b
o5 u02roomlight29light0f1d2roomlight29turn2on1b
o6 u02roomlight29light02roomlight29light
o7 u02roomlight29light0f1d2roomlight29toggle1b
{"is_completed":true,"output_vars":["u02roomlight29light0f1d2roomlight29turn2off1b","u02roomlight29light0f1d2roomlight29toggle1b","u02roomlight29light0f1d2roomlight29turn2on1b","u02roomlight29light02roomlight29light","u02timer29start2new2timer0f1d2timer29hour251b","u02timer29start2new2timer0f1d2timer29hour241b","u02timer29start2new2timer0f1d2timer29min25231b","u02timer29start2new2timer02timer29start2new2timer"],"input_vars":["p0b02room292room29empty","p0b02room29bed29occupied","p0b02room29somebody2leaves","p0b02room29somebody2enters","p0b02room29switch29toggled","p0b02room29empty","p0b02roomlight29off","p0b02roomlight29on","p0b02timer29timeout"],"formula":"((G ((! (((! (((u02timer29start2new2timer0f1d2timer29hour241b) && (! (u02timer29start2new2timer02timer29start2new2timer))) <-> ((u02timer29start2new2timer02timer29start2new2timer) && (! (u02timer29start2new2timer0f1d2timer29hour241b))))) && (! ((u02timer29start2new2timer0f1d2timer29hour251b) || (u02timer29start2new2timer0f1d2timer29min25231b)))) <-> ((! (((u02timer29start2new2timer0f1d2timer29hour251b) && (! (u02timer29start2new2timer0f1d2timer29min25231b))) <-> ((u02timer29start2new2timer0f1d2timer29min25231b) && (! (u02timer29start2new2timer0f1d2timer29hour251b))))) && (! ((u02timer29start2new2timer0f1d2timer29hour241b) || (u02timer29start2new2timer02timer29start2new2timer)))))) && (! (((! (((u02roomlight29light0f1d2roomlight29toggle1b) && (! (u02roomlight29light02roomlight29light))) <-> ((u02roomlight29light02roomlight29light) && (! (u02roomlight29light0f1d2roomlight29toggle1b))))) && (! ((u02roomlight29light0f1d2roomlight29turn2off1b) || (u02roomlight29light0f1d2roomlight29turn2on1b)))) <-> ((! (((u02roomlight29light0f1d2roomlight29turn2off1b) && (! (u02roomlight29light0f1d2roomlight29turn2on1b))) <-> ((u02roomlight29light0f1d2roomlight29turn2on1b) && (! (u02roomlight29light0f1d2roomlight29turn2off1b))))) && (! ((u02roomlight29light0f1d2roomlight29toggle1b) || (u02roomlight29light02roomlight29light)))))))) && (((((((((((G ((u02timer29start2new2timer0f1d2timer29min25231b) -> (F (p0b02timer29timeout)))) && (G ((u02timer29start2new2timer0f1d2timer29hour241b) -> (F (p0b02timer29timeout))))) && (G ((u02timer29start2new2timer0f1d2timer29hour251b) -> (F (p0b02timer29timeout))))) && (G (! ((p0b02roomlight29on) <-> (p0b02roomlight29off))))) && (G (((u02roomlight29light0f1d2roomlight29turn2on1b) || ((u02roomlight29light0f1d2roomlight29toggle1b) && (p0b02roomlight29off))) -> (X (F (((u02roomlight29light0f1d2roomlight29turn2off1b) || (u02roomlight29light0f1d2roomlight29toggle1b)) R (p0b02roomlight29on))))))) && (G (((u02roomlight29light0f1d2roomlight29turn2off1b) || ((u02roomlight29light0f1d2roomlight29toggle1b) && (p0b02roomlight29on))) -> (X (F (((u02roomlight29light0f1d2roomlight29turn2on1b) || (u02roomlight29light0f1d2roomlight29toggle1b)) R (p0b02roomlight29off))))))) && (G ((p0b02room29empty) -> (! (p0b02room29switch29toggled))))) && (G ((p0b02room29somebody2enters) -> (((! (p0b02room29empty)) U (p0b02room29somebody2leaves)) || (G (! (p0b02room29empty))))))) && (G (((p0b02room29somebody2leaves) && (p0b02room29empty)) -> (((p0b02room29empty) U (p0b02room29somebody2enters)) || (G (p0b02room29empty)))))) && (G ((p0b02room29bed29occupied) -> (! (p0b02room292room29empty))))) -> (G (((p0b02room29somebody2leaves) && (p0b02room29empty)) -> ((u02timer29start2new2timer0f1d2timer29hour251b) && (F ((p0b02room29somebody2enters) || ((p0b02timer29timeout) && (F (((p0b02roomlight29off) U (p0b02room29somebody2enters)) || (G (p0b02roomlight29off))))))))))))","total_time":1156,"automaton":{"is_built":true,"build_duration":31,"total_states":17,"state_based_status":"true","prune_automaton_duration":0,"pruned_state_based_status":"true","prune_total_states":17,"total_edges":59},"dependency":{"dependency_approach":"automaton","tested_dependencies":[],"total_duration":-1,"is_completed":true,"skipped_dependencies":true,"total_pair_state":-1},"unate":{"skipped_unate":true},"synthesis":{"model_checking_status":"UNKNOWN","independent_strategy":{"duration":1124,"realizability":"REALIZABLE","total_inputs":9,"total_outputs":8,"total_latches":4,"total_gates":626},"dependent_strategy":{"duration":-1,"total_inputs":-1,"total_outputs":-1,"total_latches":-1,"total_gates":-1}}}
