aag 70 3 3 3 64
2
4
6
8 85
10 105
12 141
0
30
63
14 11 12
16 9 14
18 10 13
20 8 18
22 6 20
24 7 16
26 25 23
28 5 27
30 2 28
32 10 12
34 8 13
36 9 33
38 37 35
40 11 13
42 8 40
44 37 43
46 6 45
48 7 13
50 49 47
52 4 39
54 5 51
56 55 53
58 2 57
60 3 39
62 61 59
64 9 40
66 4 64
68 9 13
70 69 43
72 6 71
74 7 64
76 75 73
78 5 77
80 2 78
82 3 66
84 83 81
86 9 18
88 87 35
90 6 89
92 25 91
94 4 93
96 6 42
98 5 96
100 2 98
102 3 94
104 103 101
106 6 16
108 7 89
110 109 107
112 4 111
114 5 39
116 115 113
118 15 19
120 9 119
122 121 35
124 17 21
126 6 125
128 7 123
130 129 127
132 5 131
134 133 53
136 2 135
138 3 117
140 139 137
i0 p0p0off02alarm29intent
i1 p0p0on02alarm29intent
i2 p0b02alarm29alarm
o0 u02alarm29control02alarm29control
o1 u02alarm29control0f1d2alarm29turn2off1b
o2 u02alarm29control0f1d2alarm29turn2on1b
{"is_completed":true,"output_vars":["u02alarm29control0f1d2alarm29turn2off1b","u02alarm29control0f1d2alarm29turn2on1b","u02alarm29control02alarm29control"],"input_vars":["p0p0off02alarm29intent","p0p0on02alarm29intent","p0b02alarm29alarm"],"formula":"((G (! (((u02alarm29control0f1d2alarm29turn2on1b) && (! ((u02alarm29control0f1d2alarm29turn2off1b) || (u02alarm29control02alarm29control)))) <-> ((! (((u02alarm29control0f1d2alarm29turn2off1b) && (! (u02alarm29control02alarm29control))) <-> ((u02alarm29control02alarm29control) && (! (u02alarm29control0f1d2alarm29turn2off1b))))) && (! (u02alarm29control0f1d2alarm29turn2on1b)))))) && ((((G ((((u02alarm29control0f1d2alarm29turn2on1b) -> (X (p0b02alarm29alarm))) U (u02alarm29control0f1d2alarm29turn2off1b)) || (G ((u02alarm29control0f1d2alarm29turn2on1b) -> (X (p0b02alarm29alarm)))))) && (G ((((u02alarm29control0f1d2alarm29turn2off1b) -> (X (! (p0b02alarm29alarm)))) U (u02alarm29control0f1d2alarm29turn2on1b)) || (G ((u02alarm29control0f1d2alarm29turn2off1b) -> (X (! (p0b02alarm29alarm)))))))) && (G ((p0p0on02alarm29intent) <-> (! (p0p0off02alarm29intent))))) -> ((G ((p0p0on02alarm29intent) -> (F (((p0b02alarm29alarm) U (! (p0p0on02alarm29intent))) || (G (p0b02alarm29alarm)))))) && (G ((p0p0off02alarm29intent) -> (F (((! (p0b02alarm29alarm)) U (! (p0p0off02alarm29intent))) || (G (! (p0b02alarm29alarm))))))))))","total_time":7,"automaton":{"is_built":true,"build_duration":3,"total_states":11,"state_based_status":"true","prune_automaton_duration":0,"pruned_state_based_status":"true","prune_total_states":11,"total_edges":49},"dependency":{"dependency_approach":"automaton","tested_dependencies":[],"total_duration":-1,"is_completed":true,"skipped_dependencies":true,"total_pair_state":-1},"unate":{"skipped_unate":true},"synthesis":{"model_checking_status":"UNKNOWN","independent_strategy":{"duration":3,"realizability":"REALIZABLE","total_inputs":3,"total_outputs":3,"total_latches":3,"total_gates":64},"dependent_strategy":{"duration":-1,"total_inputs":-1,"total_outputs":-1,"total_latches":-1,"total_gates":-1}}}
