aag 11 5 0 3 6
2
4
6
8
10
23
22
0
12 8 10
14 13 7
16 4 12
18 5 15
20 19 17
22 20 3
i0 p0p0eqz0counter
i1 p0p0is2even0counter
i2 p0p0lt0counter0f1dfourty1b
i3 p0p0gt0counter0f1dsixteen1b
i4 p0p0lt0counter0f1dtwentyfour1b
o0 u0spc0f1dhigh1b
o1 u0spc0f1dlow1b
o2 u0spc0spc
{"is_completed":true,"output_vars":["u0spc0f1dlow1b","u0spc0f1dhigh1b","u0spc0spc"],"input_vars":["p0p0lt0counter0f1dtwentyfour1b","p0p0lt0counter0f1dfourty1b","p0p0gt0counter0f1dsixteen1b","p0p0is2even0counter","p0p0eqz0counter"],"formula":"(((G (! (((u0spc0f1dhigh1b) && (! ((u0spc0f1dlow1b) || (u0spc0spc)))) <-> ((! (((u0spc0f1dlow1b) && (! (u0spc0spc))) <-> ((u0spc0spc) && (! (u0spc0f1dlow1b))))) && (! (u0spc0f1dhigh1b)))))) && (G (((((! (p0p0is2even0counter)) && (p0p0lt0counter0f1dfourty1b)) || ((p0p0gt0counter0f1dsixteen1b) && (p0p0lt0counter0f1dtwentyfour1b))) || (p0p0eqz0counter)) <-> (u0spc0f1dhigh1b)))) && (G ((! ((((! (p0p0is2even0counter)) && (p0p0lt0counter0f1dfourty1b)) || ((p0p0gt0counter0f1dsixteen1b) && (p0p0lt0counter0f1dtwentyfour1b))) || (p0p0eqz0counter))) <-> (u0spc0f1dlow1b))))","total_time":1,"automaton":{"is_built":true,"build_duration":0,"total_states":1,"state_based_status":"true","prune_automaton_duration":0,"pruned_state_based_status":"true","prune_total_states":1,"total_edges":1},"dependency":{"dependency_approach":"automaton","tested_dependencies":[],"total_duration":-1,"is_completed":false,"skipped_dependencies":true,"total_pair_state":-1},"unate":{"skipped_unate":true},"synthesis":{"model_checking_status":"UNKNOWN","independent_strategy":{"duration":0,"realizability":"REALIZABLE","total_inputs":5,"total_outputs":3,"total_latches":0,"total_gates":6},"dependent_strategy":{"duration":-1,"total_inputs":-1,"total_outputs":-1,"total_latches":-1,"total_gates":-1}}}
