aag 336 7 3 7 326
2
4
6
8
10
12
14
16 415
18 547
20 673
111
0
0
179
271
319
0
22 18 20
24 16 22
26 18 21
28 19 20
30 16 28
32 17 26
34 33 31
36 8 25
38 9 35
40 39 37
42 14 41
44 15 25
46 45 43
48 21 19
50 16 21
52 17 49
54 53 51
56 9 55
58 57 37
60 14 25
62 15 59
64 63 61
66 12 65
68 13 47
70 69 67
72 6 25
74 7 41
76 75 73
78 14 77
80 45 79
82 7 59
84 83 73
86 15 85
88 87 61
90 12 89
92 13 81
94 93 91
96 4 95
98 5 71
100 99 97
102 4 25
104 99 103
106 2 105
108 3 101
110 109 107
112 16 26
114 17 22
116 115 113
118 11 117
120 17 18
122 121 113
124 11 123
126 8 124
128 9 118
130 129 127
132 7 131
134 14 132
136 11 30
138 7 136
140 15 138
142 12 140
144 13 134
146 145 143
148 11 114
150 121 51
152 11 151
154 8 152
156 9 148
158 157 155
160 7 159
162 14 160
164 13 162
166 165 143
168 4 167
170 5 147
172 171 169
174 2 173
176 3 147
178 177 175
180 16 19
182 17 23
184 183 181
186 10 25
188 11 185
190 189 187
192 11 19
194 193 187
196 8 195
198 9 191
200 199 197
202 7 201
204 203 73
206 14 205
208 45 207
210 16 20
212 11 211
214 213 187
216 7 215
218 217 73
220 15 219
222 221 61
224 12 223
226 13 209
228 227 225
230 11 23
232 231 187
234 17 19
236 235 31
238 11 237
240 239 187
242 8 241
244 9 233
246 245 243
248 7 247
250 249 73
252 14 251
254 45 253
256 13 255
258 257 225
260 4 259
262 5 229
264 263 261
266 2 265
268 3 229
270 269 267
272 17 27
274 273 51
276 9 275
278 14 276
280 17 48
282 281 31
284 9 283
286 15 284
288 12 286
290 13 278
292 291 289
294 7 276
296 14 294
298 7 284
300 15 298
302 12 300
304 13 296
306 305 303
308 4 307
310 5 293
312 311 309
314 2 310
316 3 313
318 317 315
320 10 48
322 11 275
324 323 321
326 213 321
328 8 327
330 9 325
332 331 329
334 6 211
336 7 333
338 337 335
340 14 339
342 10 280
344 11 283
346 345 343
348 6 283
350 7 347
352 351 349
354 15 353
356 12 354
358 13 340
360 359 357
362 14 336
364 15 350
366 12 364
368 13 362
370 369 367
372 4 371
374 5 361
376 375 373
378 8 212
380 157 379
382 7 381
384 383 335
386 14 385
388 8 344
390 9 136
392 391 389
394 7 393
396 395 349
398 15 397
400 12 398
402 13 386
404 403 401
406 4 405
408 375 407
410 2 409
412 3 377
414 413 411
416 29 27
418 17 417
420 419 31
422 16 417
424 53 423
426 10 425
428 11 421
430 429 427
432 11 28
434 433 427
436 8 435
438 9 431
440 439 437
442 6 30
444 7 441
446 445 443
448 14 447
450 45 449
452 16 23
454 53 453
456 10 455
458 11 55
460 459 457
462 6 55
464 7 461
466 465 463
468 15 467
470 469 61
472 12 471
474 13 451
476 475 473
478 445 73
480 14 479
482 45 481
484 465 73
486 15 485
488 487 61
490 12 489
492 13 483
494 493 491
496 4 495
498 5 477
500 499 497
502 239 457
504 8 503
506 245 505
508 7 507
510 509 443
512 14 511
514 45 513
516 213 457
518 8 517
520 9 215
522 521 519
524 7 523
526 525 463
528 15 527
530 529 61
532 12 531
534 13 515
536 535 533
538 4 537
540 499 539
542 2 541
544 3 501
546 545 543
548 115 423
550 17 20
552 551 423
554 10 553
556 11 549
558 557 555
560 121 423
562 11 561
564 563 427
566 8 565
568 9 559
570 569 567
572 7 571
574 573 443
576 14 575
578 45 577
580 7 455
582 581 463
584 15 583
586 585 61
588 12 587
590 13 579
592 591 589
594 573 73
596 14 595
598 45 597
600 581 73
602 15 601
604 603 61
606 12 605
608 13 599
610 609 607
612 4 611
614 5 593
616 615 613
618 115 31
620 121 453
622 11 621
624 623 187
626 8 625
628 9 619
630 629 627
632 7 631
634 633 443
636 14 635
638 45 637
640 11 455
642 641 187
644 8 643
646 9 455
648 647 645
650 7 649
652 651 463
654 15 653
656 655 61
658 12 657
660 13 639
662 661 659
664 4 663
666 615 665
668 2 667
670 3 617
672 671 669
i0 p0b02window29closed
i1 p0p02window29all2windows2closed02window29room
i2 p0b02window29opened
i3 p0b02timer29timeout
i4 p0p0too2high0room29co252level
i5 p0b02warnlight29off
i6 p0b02warnlight29on
o0 u02timer29start2new2timer0f1d2timer29hour241b
o1 u02timer29start2new2timer0f1d2timer29min25231b
o2 u02timer29start2new2timer0f1d2timer29hour251b
o3 u02warnlight29control0f1d2warnlight29turn2off1b
o4 u02warnlight29control0f1d2warnlight29turn2on1b
o5 u02timer29start2new2timer02timer29start2new2timer
o6 u02warnlight29control02warnlight29control
{"is_completed":true,"output_vars":["u02warnlight29control0f1d2warnlight29turn2off1b","u02warnlight29control0f1d2warnlight29turn2on1b","u02warnlight29control02warnlight29control","u02timer29start2new2timer0f1d2timer29hour251b","u02timer29start2new2timer0f1d2timer29hour241b","u02timer29start2new2timer0f1d2timer29min25231b","u02timer29start2new2timer02timer29start2new2timer"],"input_vars":["p0p0too2high0room29co252level","p0p02window29all2windows2closed02window29room","p0b02window29closed","p0b02window29opened","p0b02warnlight29off","p0b02warnlight29on","p0b02timer29timeout"],"formula":"((G ((! (((! (((u02timer29start2new2timer0f1d2timer29hour241b) && (! (u02timer29start2new2timer02timer29start2new2timer))) <-> ((u02timer29start2new2timer02timer29start2new2timer) && (! (u02timer29start2new2timer0f1d2timer29hour241b))))) && (! ((u02timer29start2new2timer0f1d2timer29hour251b) || (u02timer29start2new2timer0f1d2timer29min25231b)))) <-> ((! (((u02timer29start2new2timer0f1d2timer29hour251b) && (! (u02timer29start2new2timer0f1d2timer29min25231b))) <-> ((u02timer29start2new2timer0f1d2timer29min25231b) && (! (u02timer29start2new2timer0f1d2timer29hour251b))))) && (! ((u02timer29start2new2timer0f1d2timer29hour241b) || (u02timer29start2new2timer02timer29start2new2timer)))))) && (! (((u02warnlight29control0f1d2warnlight29turn2on1b) && (! ((u02warnlight29control0f1d2warnlight29turn2off1b) || (u02warnlight29control02warnlight29control)))) <-> ((! (((u02warnlight29control0f1d2warnlight29turn2off1b) && (! (u02warnlight29control02warnlight29control))) <-> ((u02warnlight29control02warnlight29control) && (! (u02warnlight29control0f1d2warnlight29turn2off1b))))) && (! (u02warnlight29control0f1d2warnlight29turn2on1b))))))) && ((((((((G ((u02timer29start2new2timer0f1d2timer29min25231b) -> (F (p0b02timer29timeout)))) && (G ((u02timer29start2new2timer0f1d2timer29hour241b) -> (F (p0b02timer29timeout))))) && (G ((u02timer29start2new2timer0f1d2timer29hour251b) -> (F (p0b02timer29timeout))))) && (G ((p0b02warnlight29on) <-> (! (p0b02warnlight29off))))) && (G ((((u02warnlight29control0f1d2warnlight29turn2on1b) -> (X (p0b02warnlight29on))) U (u02warnlight29control0f1d2warnlight29turn2off1b)) || (G ((u02warnlight29control0f1d2warnlight29turn2on1b) -> (X (p0b02warnlight29on))))))) && (G ((((u02warnlight29control0f1d2warnlight29turn2off1b) -> (X (p0b02warnlight29off))) U (u02warnlight29control0f1d2warnlight29turn2on1b)) || (G ((u02warnlight29control0f1d2warnlight29turn2off1b) -> (X (p0b02warnlight29off))))))) && (G ((p0b02window29opened) -> (((! (p0p02window29all2windows2closed02window29room)) U (p0b02window29closed)) || (G (! (p0p02window29all2windows2closed02window29room))))))) -> (G (((p0b02window29closed) && (p0p02window29all2windows2closed02window29room)) -> ((u02timer29start2new2timer0f1d2timer29hour241b) && (F ((p0b02window29opened) || ((p0b02timer29timeout) && (F (((((p0p0too2high0room29co252level) -> (X (p0b02warnlight29on))) && ((! (p0p0too2high0room29co252level)) -> (X (p0b02warnlight29off)))) U (p0b02window29opened)) || (G (((p0p0too2high0room29co252level) -> (X (p0b02warnlight29on))) && ((! (p0p0too2high0room29co252level)) -> (X (p0b02warnlight29off)))))))))))))))","total_time":58,"automaton":{"is_built":true,"build_duration":22,"total_states":17,"state_based_status":"true","prune_automaton_duration":0,"pruned_state_based_status":"true","prune_total_states":17,"total_edges":77},"dependency":{"dependency_approach":"automaton","tested_dependencies":[],"total_duration":-1,"is_completed":true,"skipped_dependencies":true,"total_pair_state":-1},"unate":{"skipped_unate":true},"synthesis":{"model_checking_status":"UNKNOWN","independent_strategy":{"duration":35,"realizability":"REALIZABLE","total_inputs":7,"total_outputs":7,"total_latches":3,"total_gates":326},"dependent_strategy":{"duration":-1,"total_inputs":-1,"total_outputs":-1,"total_latches":-1,"total_gates":-1}}}
