aag 77 3 3 3 71
2
4
6
8 105
10 131
12 155
39
0
59
14 10 13
16 8 14
18 9 11
20 19 17
22 9 13
24 23 17
26 10 12
28 4 27
30 5 25
32 31 29
34 6 33
36 7 21
38 37 35
40 8 11
42 9 14
44 43 41
46 11 12
48 9 46
50 49 41
52 5 51
54 6 52
56 7 45
58 57 55
60 47 15
62 8 61
64 43 63
66 23 63
68 2 67
70 3 65
72 71 69
74 8 46
76 9 61
78 77 75
80 4 79
82 5 73
84 83 81
86 8 27
88 49 87
90 2 27
92 3 89
94 93 91
96 5 95
98 97 29
100 6 99
102 7 85
104 103 101
106 2 65
108 3 67
110 109 107
112 4 67
114 5 111
116 115 113
118 2 89
120 3 27
122 121 119
124 5 123
126 6 124
128 7 117
130 129 127
132 11 13
134 8 132
136 49 135
138 4 134
140 5 137
142 141 139
144 2 42
146 5 144
148 147 29
150 6 149
152 7 143
154 153 151
i0 p0p0bright0outside29brightness
i1 p0b02shades29closed
i2 p0b02shades29open
o0 u02shades29ctrl0f1d2shades29move2to0f1d2shades29percent2423231b1b
o1 u02shades29ctrl02shades29ctrl
o2 u02shades29ctrl0f1d2shades29move2to0f1d2shades29percent231b1b
{"is_completed":true,"output_vars":["u02shades29ctrl0f1d2shades29move2to0f1d2shades29percent231b1b","u02shades29ctrl0f1d2shades29move2to0f1d2shades29percent2423231b1b","u02shades29ctrl02shades29ctrl"],"input_vars":["p0p0bright0outside29brightness","p0b02shades29closed","p0b02shades29open"],"formula":"((G (! (((u02shades29ctrl0f1d2shades29move2to0f1d2shades29percent2423231b1b) && (! ((u02shades29ctrl0f1d2shades29move2to0f1d2shades29percent231b1b) || (u02shades29ctrl02shades29ctrl)))) <-> ((! (((u02shades29ctrl0f1d2shades29move2to0f1d2shades29percent231b1b) && (! (u02shades29ctrl02shades29ctrl))) <-> ((u02shades29ctrl02shades29ctrl) && (! (u02shades29ctrl0f1d2shades29move2to0f1d2shades29percent231b1b))))) && (! (u02shades29ctrl0f1d2shades29move2to0f1d2shades29percent2423231b1b)))))) && ((((G (! ((p0b02shades29open) && (p0b02shades29closed)))) && (G ((u02shades29ctrl0f1d2shades29move2to0f1d2shades29percent2423231b1b) -> (F (((! (u02shades29ctrl0f1d2shades29move2to0f1d2shades29percent2423231b1b)) && (! (u02shades29ctrl02shades29ctrl))) R (p0b02shades29open)))))) && (G ((u02shades29ctrl0f1d2shades29move2to0f1d2shades29percent231b1b) -> (F (((! (u02shades29ctrl0f1d2shades29move2to0f1d2shades29percent231b1b)) && (! (u02shades29ctrl02shades29ctrl))) R (p0b02shades29closed)))))) -> (G ((p0p0bright0outside29brightness) -> (F (p0b02shades29closed))))))","total_time":6,"automaton":{"is_built":true,"build_duration":2,"total_states":9,"state_based_status":"true","prune_automaton_duration":0,"pruned_state_based_status":"true","prune_total_states":9,"total_edges":23},"dependency":{"dependency_approach":"automaton","tested_dependencies":[],"total_duration":-1,"is_completed":true,"skipped_dependencies":true,"total_pair_state":-1},"unate":{"skipped_unate":true},"synthesis":{"model_checking_status":"UNKNOWN","independent_strategy":{"duration":3,"realizability":"REALIZABLE","total_inputs":3,"total_outputs":3,"total_latches":3,"total_gates":71},"dependent_strategy":{"duration":-1,"total_inputs":-1,"total_outputs":-1,"total_latches":-1,"total_gates":-1}}}
