aag 307 4 5 6 298
2
4
6
8
10 403
12 485
14 549
16 611
18 614
42
149
170
0
291
308
20 16 18
22 14 19
24 15 21
26 25 23
28 12 19
30 13 27
32 31 29
34 10 19
36 11 33
38 37 35
40 4 39
42 2 40
44 17 18
46 16 19
48 14 46
50 15 44
52 51 49
54 12 48
56 13 53
58 57 55
60 12 46
62 13 48
64 63 61
66 10 65
68 11 59
70 69 67
72 13 22
74 17 19
76 15 74
78 77 49
80 14 74
82 15 46
84 83 81
86 12 85
88 13 79
90 89 87
92 10 91
94 11 72
96 95 93
98 8 97
100 9 71
102 101 99
104 10 54
106 11 62
108 107 105
110 8 94
112 9 109
114 113 111
116 4 115
118 5 103
120 119 117
122 13 50
124 10 62
126 11 122
128 127 125
130 12 80
132 63 131
134 10 133
136 8 134
138 9 129
140 139 137
142 5 141
144 2 142
146 3 121
148 147 145
150 12 74
152 13 82
154 153 151
156 15 19
158 13 156
160 159 131
162 10 161
164 11 155
166 165 163
168 4 167
170 3 168
172 157 81
174 13 173
176 175 151
178 10 177
180 11 173
182 181 179
184 13 24
186 185 29
188 12 79
190 13 85
192 191 189
194 10 193
196 11 187
198 197 195
200 8 199
202 9 183
204 203 201
206 15 17
208 207 81
210 13 209
212 211 61
214 12 156
216 73 215
218 10 217
220 11 213
222 221 219
224 13 206
226 225 61
228 157 49
230 12 229
232 73 231
234 10 233
236 11 227
238 237 235
240 8 239
242 9 223
244 243 241
246 4 245
248 5 205
250 249 247
252 83 23
254 12 253
256 13 229
258 257 255
260 10 254
262 11 259
264 263 261
266 25 49
268 13 267
270 269 255
272 10 60
274 11 271
276 275 273
278 8 277
280 9 265
282 281 279
284 5 283
286 2 284
288 3 251
290 289 287
292 12 76
294 13 80
296 295 293
298 175 293
300 10 299
302 11 297
304 303 301
306 5 305
308 2 306
310 77 23
312 13 311
314 313 131
316 12 173
318 257 317
320 10 319
322 11 315
324 323 321
326 6 97
328 7 325
330 329 327
332 8 331
334 203 333
336 257 151
338 12 311
340 159 339
342 10 341
344 11 337
346 345 343
348 13 46
350 349 151
352 12 22
354 159 353
356 10 355
358 11 351
360 359 357
362 6 361
364 7 347
366 365 363
368 197 35
370 8 369
372 9 367
374 373 371
376 4 375
378 5 335
380 379 377
382 11 46
384 383 261
386 6 265
388 7 385
390 389 387
392 9 391
394 393 137
396 5 395
398 2 396
400 3 381
402 401 399
404 45 47
406 15 405
408 407 23
410 13 409
412 411 231
414 313 255
416 10 415
418 11 413
420 419 417
422 6 39
424 7 421
426 425 423
428 8 427
430 101 429
432 159 151
434 6 167
436 7 433
438 437 435
440 8 439
442 373 441
444 4 443
446 5 431
448 447 445
450 175 29
452 10 451
454 11 19
456 455 453
458 11 74
460 459 301
462 6 305
464 7 461
466 465 463
468 8 467
470 9 457
472 471 469
474 4 427
476 5 473
478 477 475
480 2 479
482 3 449
484 483 481
486 51 23
488 13 487
490 489 61
492 73 61
494 10 493
496 11 491
498 497 495
500 207 23
502 13 501
504 503 61
506 11 505
508 507 235
510 6 509
512 7 499
514 513 511
516 4 515
518 5 100
520 519 517
522 13 19
524 523 151
526 10 525
528 459 527
530 303 527
532 6 531
534 7 529
536 535 533
538 8 537
540 471 539
542 5 541
544 2 542
546 3 521
548 547 545
550 207 49
552 13 551
554 553 353
556 349 231
558 10 557
560 11 555
562 561 559
564 6 71
566 7 563
568 567 565
570 9 569
572 571 333
574 5 573
576 575 117
578 407 49
580 13 579
582 581 61
584 63 255
586 10 585
588 11 583
590 589 587
592 275 587
594 6 593
596 7 591
598 597 595
600 8 599
602 5 600
604 603 475
606 2 605
608 3 577
610 609 607
612 5 138
614 2 612
i0 p0b0btn2min
i1 p0b0btn2sec
i2 p0p0eq0time0f1dzero1b
i3 p0b0btn2start2stop
o0 u0time0f1dzero1b
o1 u0time0f1dcountup0time0dt1b
o2 u0time0f1dinc2seconds0time1b
o3 u0time0f1dcountdown0time0dt1b
o4 u0time0time
o5 u0time0f1dinc2minutes0time1b
{"is_completed":true,"output_vars":["u0time0f1dcountup0time0dt1b","u0time0f1dcountdown0time0dt1b","u0time0f1dinc2seconds0time1b","u0time0f1dinc2minutes0time1b","u0time0f1dzero1b","u0time0time"],"input_vars":["p0p0eq0time0f1dzero1b","p0b0btn2start2stop","p0b0btn2sec","p0b0btn2min"],"formula":"(((((G (! (((! (((u0time0f1dinc2minutes0time1b) && (! ((u0time0time) || (u0time0f1dcountdown0time0dt1b)))) <-> ((! (((u0time0time) && (! (u0time0f1dcountdown0time0dt1b))) <-> ((u0time0f1dcountdown0time0dt1b) && (! (u0time0time))))) && (! (u0time0f1dinc2minutes0time1b))))) && (! (((u0time0f1dcountup0time0dt1b) || (u0time0f1dinc2seconds0time1b)) || (u0time0f1dzero1b)))) <-> ((! (((u0time0f1dinc2seconds0time1b) && (! ((u0time0f1dzero1b) || (u0time0f1dcountup0time0dt1b)))) <-> ((! (((u0time0f1dzero1b) && (! (u0time0f1dcountup0time0dt1b))) <-> ((u0time0f1dcountup0time0dt1b) && (! (u0time0f1dzero1b))))) && (! (u0time0f1dinc2seconds0time1b))))) && (! (((u0time0f1dcountdown0time0dt1b) || (u0time0f1dinc2minutes0time1b)) || (u0time0time))))))) && (G (((p0b0btn2min) && (p0b0btn2sec)) <-> (u0time0f1dzero1b)))) && (G ((((! ((u0time0f1dcountup0time0dt1b) || (u0time0f1dcountdown0time0dt1b))) && ((! (p0b0btn2min)) && (X (p0b0btn2min)))) && (X (! (p0b0btn2sec)))) <-> (X (u0time0f1dinc2minutes0time1b))))) && (G ((((! ((u0time0f1dcountup0time0dt1b) || (u0time0f1dcountdown0time0dt1b))) && ((! (p0b0btn2sec)) && (X (p0b0btn2sec)))) && (X (! (p0b0btn2min)))) <-> (X (u0time0f1dinc2seconds0time1b))))) && (G ((p0p0eq0time0f1dzero1b) -> (((((u0time0time) && ((((! (p0b0btn2start2stop)) && (X (p0b0btn2start2stop))) && (! ((! (p0b0btn2min)) && (X (p0b0btn2min))))) && (! ((! (p0b0btn2sec)) && (X (p0b0btn2sec)))))) -> (X ((((u0time0f1dcountup0time0dt1b) && (! ((((! (p0b0btn2min)) && (X (p0b0btn2min))) || ((! (p0b0btn2sec)) && (X (p0b0btn2sec)))) || ((! (p0b0btn2start2stop)) && (X (p0b0btn2start2stop)))))) U (((p0b0btn2min) && (p0b0btn2sec)) || ((u0time0f1dcountup0time0dt1b) && ((((! (p0b0btn2min)) && (X (p0b0btn2min))) || ((! (p0b0btn2sec)) && (X (p0b0btn2sec)))) || ((! (p0b0btn2start2stop)) && (X (p0b0btn2start2stop))))))) || (G ((u0time0f1dcountup0time0dt1b) && (! ((((! (p0b0btn2min)) && (X (p0b0btn2min))) || ((! (p0b0btn2sec)) && (X (p0b0btn2sec)))) || ((! (p0b0btn2start2stop)) && (X (p0b0btn2start2stop)))))))))) U ((u0time0f1dinc2minutes0time1b) || (u0time0f1dinc2seconds0time1b))) || (G (((u0time0time) && ((((! (p0b0btn2start2stop)) && (X (p0b0btn2start2stop))) && (! ((! (p0b0btn2min)) && (X (p0b0btn2min))))) && (! ((! (p0b0btn2sec)) && (X (p0b0btn2sec)))))) -> (X ((((u0time0f1dcountup0time0dt1b) && (! ((((! (p0b0btn2min)) && (X (p0b0btn2min))) || ((! (p0b0btn2sec)) && (X (p0b0btn2sec)))) || ((! (p0b0btn2start2stop)) && (X (p0b0btn2start2stop)))))) U (((p0b0btn2min) && (p0b0btn2sec)) || ((u0time0f1dcountup0time0dt1b) && ((((! (p0b0btn2min)) && (X (p0b0btn2min))) || ((! (p0b0btn2sec)) && (X (p0b0btn2sec)))) || ((! (p0b0btn2start2stop)) && (X (p0b0btn2start2stop))))))) || (G ((u0time0f1dcountup0time0dt1b) && (! ((((! (p0b0btn2min)) && (X (p0b0btn2min))) || ((! (p0b0btn2sec)) && (X (p0b0btn2sec)))) || ((! (p0b0btn2start2stop)) && (X (p0b0btn2start2stop)))))))))))))))","total_time":13,"automaton":{"is_built":true,"build_duration":7,"total_states":24,"state_based_status":"true","prune_automaton_duration":0,"pruned_state_based_status":"true","prune_total_states":24,"total_edges":172},"dependency":{"dependency_approach":"automaton","tested_dependencies":[],"total_duration":-1,"is_completed":true,"skipped_dependencies":true,"total_pair_state":-1},"unate":{"skipped_unate":true},"synthesis":{"model_checking_status":"UNKNOWN","independent_strategy":{"duration":5,"realizability":"REALIZABLE","total_inputs":4,"total_outputs":6,"total_latches":5,"total_gates":298},"dependent_strategy":{"duration":-1,"total_inputs":-1,"total_outputs":-1,"total_latches":-1,"total_gates":-1}}}
