aag 670 6 5 5 659
2
4
6
8
10
12
14 757
16 899
18 1079
20 1243
22 1341
113
329
503
0
555
24 20 22
26 18 25
28 19 21
30 29 27
32 21 23
34 20 23
36 18 34
38 19 32
40 39 37
42 16 41
44 17 31
46 45 43
48 29 37
50 16 38
52 17 49
54 53 51
56 14 55
58 15 47
60 59 57
62 6 61
64 12 62
66 11 64
68 8 64
70 9 66
72 71 69
74 19 23
76 19 34
78 16 76
80 17 74
82 81 79
84 18 32
86 77 85
88 17 87
90 14 88
92 15 83
94 93 91
96 6 95
98 13 96
100 11 98
102 8 98
104 9 100
106 105 103
108 4 107
110 5 73
112 111 109
114 18 23
116 19 25
118 117 115
120 16 119
122 17 25
124 123 121
126 14 119
128 15 125
130 129 127
132 117 85
134 21 22
136 135 35
138 19 137
140 139 85
142 16 141
144 17 133
146 145 143
148 19 134
150 149 37
152 16 151
154 89 153
156 14 155
158 15 147
160 159 157
162 139 115
164 16 163
166 89 165
168 14 167
170 159 169
172 6 171
174 7 161
176 175 173
178 12 177
180 13 131
182 181 179
184 6 131
186 175 185
188 12 187
190 181 189
192 10 191
194 11 183
196 195 193
198 123 143
200 15 199
202 201 157
204 18 21
206 117 205
208 17 207
210 209 143
212 15 211
214 213 157
216 2 215
218 3 203
220 219 217
222 201 169
224 213 169
226 2 225
228 3 223
230 229 227
232 6 231
234 7 221
236 235 233
238 12 237
240 181 239
242 10 241
244 195 243
246 8 245
248 9 197
250 249 247
252 16 138
254 17 116
256 255 253
258 77 115
260 16 259
262 17 84
264 263 261
266 14 265
268 15 257
270 269 267
272 14 262
274 93 273
276 6 275
278 7 271
280 279 277
282 12 131
284 13 281
286 285 283
288 279 185
290 13 289
292 291 283
294 10 293
296 11 287
298 297 295
300 81 253
302 15 301
304 303 169
306 7 305
308 307 97
310 13 309
312 311 283
314 10 313
316 297 315
318 8 317
320 9 299
322 321 319
324 4 323
326 5 251
328 327 325
330 18 137
332 17 330
334 333 43
336 75 85
338 16 337
340 53 339
342 14 341
344 15 335
346 345 343
348 345 57
350 6 349
352 7 347
354 353 351
356 12 355
358 12 352
360 10 358
362 11 356
364 363 361
366 15 42
368 367 343
370 17 36
372 371 43
374 15 373
376 375 343
378 2 377
380 3 369
382 381 379
384 367 57
386 375 57
388 2 387
390 3 385
392 391 389
394 6 393
396 7 383
398 397 395
400 12 399
402 10 400
404 363 403
406 8 405
408 9 365
410 409 407
412 39 115
414 16 413
416 17 26
418 417 415
420 117 37
422 16 28
424 17 421
426 425 423
428 14 427
430 15 419
432 431 429
434 149 27
436 29 115
438 16 437
440 17 435
442 441 439
444 425 121
446 14 445
448 15 443
450 449 447
452 6 451
454 7 433
456 455 453
458 13 457
460 13 454
462 10 460
464 11 458
466 465 463
468 441 415
470 15 469
472 471 57
474 53 121
476 14 475
478 449 477
480 6 479
482 7 473
484 483 481
486 13 485
488 10 486
490 465 489
492 8 491
494 9 467
496 495 493
498 4 497
500 5 411
502 501 499
504 17 76
506 505 143
508 15 507
510 509 169
512 6 511
514 7 131
516 515 513
518 12 517
520 181 519
522 10 131
524 11 521
526 525 523
528 8 521
530 9 527
532 531 529
534 515 481
536 13 535
538 537 283
540 11 539
542 541 523
544 8 539
546 9 543
548 547 545
550 4 549
552 5 533
554 553 551
556 75 37
558 16 557
560 333 559
562 16 421
564 17 23
566 565 563
568 14 567
570 15 561
572 571 569
574 29 331
576 17 575
578 577 559
580 15 579
582 581 127
584 2 583
586 3 573
588 587 585
590 333 51
592 17 151
594 593 51
596 14 595
598 15 591
600 599 597
602 45 51
604 15 603
606 605 597
608 2 607
610 3 601
612 611 609
614 6 613
616 7 589
618 617 615
620 12 619
622 12 616
624 10 622
626 11 620
628 627 625
630 139 37
632 16 631
634 505 633
636 16 49
638 565 637
640 14 639
642 15 635
644 643 641
646 17 557
648 647 563
650 15 649
652 651 127
654 2 653
656 3 645
658 657 655
660 16 36
662 17 41
664 663 51
666 14 665
668 15 660
670 669 667
672 15 41
674 673 57
676 2 675
678 3 671
680 679 677
682 6 681
684 7 659
686 685 683
688 12 687
690 10 688
692 627 691
694 8 693
696 9 629
698 697 695
700 417 43
702 29 85
704 16 703
706 425 705
708 14 707
710 15 701
712 711 709
714 14 504
716 6 714
718 7 713
720 719 717
722 13 721
724 13 718
726 10 724
728 11 722
730 729 727
732 441 43
734 15 733
736 735 343
738 7 737
740 13 738
742 10 740
744 729 743
746 8 745
748 9 731
750 749 747
752 4 751
754 5 699
756 755 753
758 149 115
760 16 759
762 17 141
764 763 761
766 14 765
768 509 767
770 89 143
772 15 771
774 773 157
776 2 775
778 3 769
780 779 777
782 81 143
784 15 783
786 785 169
788 6 787
790 7 781
792 791 789
794 12 793
796 12 790
798 10 796
800 11 794
802 801 799
804 16 133
806 505 805
808 763 165
810 14 809
812 15 807
814 813 811
816 139 205
818 17 817
820 819 143
822 15 821
824 823 157
826 2 825
828 3 815
830 829 827
832 823 169
834 2 833
836 829 835
838 6 837
840 7 831
842 841 839
844 12 843
846 10 844
848 801 847
850 8 849
852 9 803
854 853 851
856 16 116
858 53 857
860 14 859
862 431 861
864 45 439
866 15 865
868 867 477
870 6 869
872 7 863
874 873 871
876 13 875
878 13 872
880 10 878
882 11 876
884 883 881
886 883 489
888 8 887
890 9 885
892 891 889
894 4 893
896 5 855
898 897 895
900 17 703
902 901 261
904 17 32
906 905 661
908 14 907
910 15 903
912 911 909
914 149 85
916 17 915
918 917 261
920 16 114
922 901 921
924 14 923
926 15 919
928 927 925
930 2 929
932 3 913
934 933 931
936 15 141
938 937 169
940 6 939
942 7 935
944 943 941
946 12 945
948 181 947
950 943 185
952 12 951
954 181 953
956 10 955
958 11 949
960 959 957
962 123 165
964 15 963
966 965 641
968 139 27
970 17 969
972 971 121
974 15 973
976 975 127
978 2 977
980 3 967
982 981 979
984 565 121
986 14 985
988 965 987
990 3 989
992 991 979
994 6 993
996 7 983
998 997 995
1000 12 999
1002 181 1001
1004 10 1003
1006 959 1005
1008 8 1007
1010 9 961
1012 1011 1009
1014 901 661
1016 14 1015
1018 911 1017
1020 441 121
1022 15 1021
1024 1023 477
1026 6 1025
1028 7 1019
1030 1029 1027
1032 13 1031
1034 1033 283
1036 1029 185
1038 13 1037
1040 1039 283
1042 10 1041
1044 11 1035
1046 1045 1043
1048 17 119
1050 1049 637
1052 14 1051
1054 129 1053
1056 7 1055
1058 1057 185
1060 13 1059
1062 1061 283
1064 10 1063
1066 1045 1065
1068 8 1067
1070 9 1047
1072 1071 1069
1074 4 1073
1076 5 1013
1078 1077 1075
1080 149 331
1082 16 74
1084 17 1081
1086 1085 1083
1088 16 23
1090 17 759
1092 1091 1089
1094 14 1093
1096 15 1087
1098 1097 1095
1100 441 1083
1102 17 114
1104 1103 559
1106 14 1105
1108 15 1101
1110 1109 1107
1112 2 1111
1114 3 1099
1116 1115 1113
1118 735 57
1120 6 1119
1122 7 1117
1124 1123 1121
1126 12 1125
1128 12 1122
1130 10 1128
1132 11 1126
1134 1133 1131
1136 505 857
1138 15 1137
1140 1139 811
1142 819 253
1144 15 1143
1146 1145 157
1148 2 1147
1150 3 1141
1152 1151 1149
1154 17 148
1156 14 1154
1158 15 50
1160 1159 1157
1162 149 205
1164 17 1163
1166 15 1164
1168 2 1166
1170 3 1161
1172 1171 1169
1174 6 1173
1176 7 1153
1178 1177 1175
1180 12 1179
1182 10 1180
1184 1133 1183
1186 8 1185
1188 9 1135
1190 1189 1187
1192 263 43
1194 505 51
1196 14 1195
1198 15 1193
1200 1199 1197
1202 7 1201
1204 1203 717
1206 13 1205
1208 13 1202
1210 10 1208
1212 11 1206
1214 1213 1211
1216 441 661
1218 14 370
1220 15 1217
1222 1221 1219
1224 7 1223
1226 13 1224
1228 10 1226
1230 1213 1229
1232 8 1231
1234 9 1215
1236 1235 1233
1238 4 1237
1240 5 1191
1242 1241 1239
1244 16 148
1246 505 1245
1248 7 1247
1250 12 1248
1252 181 1251
1254 1249 185
1256 12 1255
1258 181 1257
1260 10 1259
1262 11 1253
1264 1263 1261
1266 10 180
1268 1263 1267
1270 8 1269
1272 9 1265
1274 1273 1271
1276 17 137
1278 1277 1245
1280 16 915
1282 371 1281
1284 14 1283
1286 15 1279
1288 1287 1285
1290 15 76
1292 1291 273
1294 6 1293
1296 7 1289
1298 1297 1295
1300 13 1299
1302 1301 283
1304 1297 185
1306 13 1305
1308 1307 283
1310 10 1309
1312 11 1303
1314 1313 1311
1316 16 87
1318 14 1316
1320 7 1318
1322 13 1320
1324 1323 283
1326 10 1325
1328 1313 1327
1330 8 1329
1332 9 1315
1334 1333 1331
1336 4 1335
1338 5 1275
1340 1339 1337
i0 p0p0gt0outside29temperature02room29temperature
i1 p0b02heating29off
i2 p0b02window29opened
i3 p0b02window29closed
i4 p0p02window29all2windows2closed02window29room
i5 p0b02heating29on
o0 u0music29ctrl0f1dplay0f1doverture1b1b
o1 u02heating29ctrl0f1d2heating29turn2on1b
o2 u02heating29ctrl0f1d2heating29turn2off1b
o3 u02heating29ctrl02heating29ctrl
o4 u0music29ctrl0music29ctrl
{"is_completed":true,"output_vars":["u0music29ctrl0f1dplay0f1doverture1b1b","u0music29ctrl0music29ctrl","u02heating29ctrl0f1d2heating29turn2off1b","u02heating29ctrl0f1d2heating29turn2on1b","u02heating29ctrl02heating29ctrl"],"input_vars":["p0p0gt0outside29temperature02room29temperature","p0p02window29all2windows2closed02window29room","p0b02heating29on","p0b02heating29off","p0b02window29closed","p0b02window29opened"],"formula":"((G ((! (((u02heating29ctrl0f1d2heating29turn2on1b) && (! ((u02heating29ctrl0f1d2heating29turn2off1b) || (u02heating29ctrl02heating29ctrl)))) <-> ((! (((u02heating29ctrl0f1d2heating29turn2off1b) && (! (u02heating29ctrl02heating29ctrl))) <-> ((u02heating29ctrl02heating29ctrl) && (! (u02heating29ctrl0f1d2heating29turn2off1b))))) && (! (u02heating29ctrl0f1d2heating29turn2on1b))))) && (! (((u0music29ctrl0music29ctrl) && (! (u0music29ctrl0f1dplay0f1doverture1b1b))) <-> ((u0music29ctrl0f1dplay0f1doverture1b1b) && (! (u0music29ctrl0music29ctrl))))))) && (((((G ((p0b02window29opened) -> (((! (p0p02window29all2windows2closed02window29room)) U (p0b02window29closed)) || (G (! (p0p02window29all2windows2closed02window29room)))))) && (G (! ((p0b02heating29off) <-> (p0b02heating29on))))) && (G ((u02heating29ctrl0f1d2heating29turn2on1b) -> (F ((u02heating29ctrl0f1d2heating29turn2off1b) R (p0b02heating29on)))))) && (G ((u02heating29ctrl0f1d2heating29turn2off1b) -> (F ((u02heating29ctrl0f1d2heating29turn2on1b) R (p0b02heating29off)))))) -> ((G ((p0p0gt0outside29temperature02room29temperature) -> (F (p0b02heating29off)))) && (G ((p0b02window29opened) -> ((u0music29ctrl0f1dplay0f1doverture1b1b) && (F (((p0b02heating29off) U ((p0b02window29closed) && (p0p02window29all2windows2closed02window29room))) || (G (p0b02heating29off))))))))))","total_time":55,"automaton":{"is_built":true,"build_duration":8,"total_states":15,"state_based_status":"true","prune_automaton_duration":0,"pruned_state_based_status":"true","prune_total_states":15,"total_edges":59},"dependency":{"dependency_approach":"automaton","tested_dependencies":[],"total_duration":-1,"is_completed":true,"skipped_dependencies":true,"total_pair_state":-1},"unate":{"skipped_unate":true},"synthesis":{"model_checking_status":"UNKNOWN","independent_strategy":{"duration":46,"realizability":"REALIZABLE","total_inputs":6,"total_outputs":5,"total_latches":5,"total_gates":659},"dependent_strategy":{"duration":-1,"total_inputs":-1,"total_outputs":-1,"total_latches":-1,"total_gates":-1}}}
