aag 24 2 2 3 20
2
4
6 31
8 49
17
20
0
10 6 8
12 4 7
14 5 11
16 15 13
18 6 9
20 4 18
22 5 18
24 5 9
26 2 24
28 3 22
30 29 27
32 4 11
34 5 7
36 35 33
38 7 8
40 5 38
42 41 33
44 2 43
46 3 37
48 47 45
i0 p0p0gt0outside29temperature0room29temperature
i1 p0b0room29heating29off
o0 u0room29heating29ctrl0f1dturn2off1b
o1 u0room29heating29ctrl0f1dturn2on1b
o2 u0room29heating29ctrl0room29heating29ctrl
{"is_completed":true,"output_vars":["u0room29heating29ctrl0f1dturn2on1b","u0room29heating29ctrl0f1dturn2off1b","u0room29heating29ctrl0room29heating29ctrl"],"input_vars":["p0p0gt0outside29temperature0room29temperature","p0b0room29heating29off"],"formula":"((G (! (((u0room29heating29ctrl0f1dturn2off1b) && (! ((u0room29heating29ctrl0f1dturn2on1b) || (u0room29heating29ctrl0room29heating29ctrl)))) <-> ((! (((u0room29heating29ctrl0f1dturn2on1b) && (! (u0room29heating29ctrl0room29heating29ctrl))) <-> ((u0room29heating29ctrl0room29heating29ctrl) && (! (u0room29heating29ctrl0f1dturn2on1b))))) && (! (u0room29heating29ctrl0f1dturn2off1b)))))) && ((G ((u0room29heating29ctrl0f1dturn2off1b) -> (F ((u0room29heating29ctrl0f1dturn2on1b) R (p0b0room29heating29off))))) -> (G ((p0p0gt0outside29temperature0room29temperature) -> (F (p0b0room29heating29off))))))","total_time":4,"automaton":{"is_built":true,"build_duration":1,"total_states":6,"state_based_status":"true","prune_automaton_duration":0,"pruned_state_based_status":"true","prune_total_states":6,"total_edges":14},"dependency":{"dependency_approach":"automaton","tested_dependencies":[],"total_duration":-1,"is_completed":false,"skipped_dependencies":true,"total_pair_state":-1},"unate":{"skipped_unate":true},"synthesis":{"model_checking_status":"UNKNOWN","independent_strategy":{"duration":2,"realizability":"REALIZABLE","total_inputs":2,"total_outputs":3,"total_latches":2,"total_gates":20},"dependent_strategy":{"duration":-1,"total_inputs":-1,"total_outputs":-1,"total_latches":-1,"total_gates":-1}}}
