aag 95 9 2 4 84
2
4
6
8
10
12
14
16
18
20 163
22 191
0
60
80
87
24 10 23
26 13 24
28 21 23
30 17 28
32 15 30
34 10 32
36 13 34
38 3 36
40 17 23
42 15 40
44 10 42
46 13 44
48 8 46
50 9 38
52 51 49
54 6 53
56 7 26
58 57 55
60 5 59
62 20 22
64 11 62
66 13 64
68 11 22
70 13 68
72 2 70
74 3 66
76 75 73
78 7 77
80 4 78
82 4 79
84 5 58
86 85 83
88 10 28
90 21 11
92 12 91
94 13 89
96 95 93
98 96 3
100 21 17
102 100 15
104 102 11
106 12 105
108 13 35
110 109 107
112 110 3
114 17 15
116 114 11
118 12 117
120 13 45
122 121 119
124 8 123
126 9 113
128 127 125
130 6 129
132 7 99
134 133 131
136 90 13
138 136 3
140 104 13
142 140 3
144 116 13
146 8 145
148 9 143
150 149 147
152 6 151
154 7 139
156 155 153
158 4 157
160 5 135
162 161 159
164 23 11
166 12 164
168 32 11
170 12 168
172 170 3
174 42 11
176 12 174
178 8 177
180 9 173
182 181 179
184 6 183
186 7 167
188 187 185
190 188 5
i0 p0b02room29somebody2enters
i1 p0b02c2m29ready
i2 p0b02room29empty
i3 p0b02room29somebody2leaves
i4 p0b02c2m29standby
i5 p0b02c2m29busy
i6 p0b02room29switch29toggled
i7 p0b02room29bed29occupied
i8 p0b02c2m29finished
o0 u02c2m29ctrl0f1d2c2m29turn2off1b
o1 u02c2m29ctrl0f1d2c2m29turn2on1b
o2 u02c2m29ctrl02c2m29ctrl
o3 u02c2m29ctrl0f1d2c2m29make2coffee1b
{"is_completed":true,"output_vars":["u02c2m29ctrl0f1d2c2m29turn2off1b","u02c2m29ctrl0f1d2c2m29make2coffee1b","u02c2m29ctrl0f1d2c2m29turn2on1b","u02c2m29ctrl02c2m29ctrl"],"input_vars":["p0b02room29bed29occupied","p0b02room29somebody2leaves","p0b02room29somebody2enters","p0b02room29switch29toggled","p0b02room29empty","p0b02c2m29finished","p0b02c2m29busy","p0b02c2m29standby","p0b02c2m29ready"],"formula":"((G (! (((! (((u02c2m29ctrl0f1d2c2m29make2coffee1b) && (! (u02c2m29ctrl02c2m29ctrl))) <-> ((u02c2m29ctrl02c2m29ctrl) && (! (u02c2m29ctrl0f1d2c2m29make2coffee1b))))) && (! ((u02c2m29ctrl0f1d2c2m29turn2off1b) || (u02c2m29ctrl0f1d2c2m29turn2on1b)))) <-> ((! (((u02c2m29ctrl0f1d2c2m29turn2off1b) && (! (u02c2m29ctrl0f1d2c2m29turn2on1b))) <-> ((u02c2m29ctrl0f1d2c2m29turn2on1b) && (! (u02c2m29ctrl0f1d2c2m29turn2off1b))))) && (! ((u02c2m29ctrl0f1d2c2m29make2coffee1b) || (u02c2m29ctrl02c2m29ctrl))))))) && ((((((((((((((G (((p0b02c2m29ready) || (p0b02c2m29standby)) || (p0b02c2m29busy))) && (G ((p0b02c2m29ready) -> ((! (p0b02c2m29standby)) && (! (p0b02c2m29busy)))))) && (G ((p0b02c2m29standby) -> ((! (p0b02c2m29busy)) && (! (p0b02c2m29ready)))))) && (G ((p0b02c2m29busy) -> ((! (p0b02c2m29ready)) && (! (p0b02c2m29standby)))))) && (G (((u02c2m29ctrl0f1d2c2m29turn2on1b) && (p0b02c2m29standby)) -> (X ((p0b02c2m29busy) U (((u02c2m29ctrl0f1d2c2m29make2coffee1b) || (u02c2m29ctrl0f1d2c2m29turn2off1b)) R (p0b02c2m29ready))))))) && (G (((u02c2m29ctrl0f1d2c2m29turn2off1b) && (p0b02c2m29ready)) -> (X ((p0b02c2m29busy) U ((u02c2m29ctrl0f1d2c2m29turn2on1b) R (p0b02c2m29standby))))))) && (G (((u02c2m29ctrl0f1d2c2m29make2coffee1b) && (p0b02c2m29ready)) -> (X ((p0b02c2m29busy) U ((p0b02c2m29finished) && (((u02c2m29ctrl0f1d2c2m29make2coffee1b) || (u02c2m29ctrl0f1d2c2m29turn2off1b)) R (p0b02c2m29ready)))))))) && (F ((p0b02c2m29standby) || (p0b02c2m29ready)))) && (G ((p0b02room29empty) -> (! (p0b02room29switch29toggled))))) && (G ((p0b02room29somebody2enters) -> (((! (p0b02room29empty)) U ((p0b02room29somebody2leaves) && (p0b02room29empty))) || (G (! (p0b02room29empty))))))) && (G (((p0b02room29somebody2leaves) && (p0b02room29empty)) -> (((p0b02room29empty) U (p0b02room29somebody2enters)) || (G (p0b02room29empty)))))) && (G ((p0b02room29bed29occupied) -> (! (p0b02room29empty))))) && ((((! (p0b02room29empty)) U ((p0b02room29somebody2leaves) && (p0b02room29empty))) || (G (! (p0b02room29empty)))) || (((p0b02room29empty) U (p0b02room29somebody2enters)) || (G (p0b02room29empty))))) -> (G ((p0b02room29somebody2enters) -> (F (((p0b02c2m29ready) U ((p0b02room29somebody2leaves) && (p0b02room29empty))) || (G (p0b02c2m29ready))))))))","total_time":39,"automaton":{"is_built":true,"build_duration":11,"total_states":17,"state_based_status":"true","prune_automaton_duration":0,"pruned_state_based_status":"true","prune_total_states":17,"total_edges":60},"dependency":{"dependency_approach":"automaton","tested_dependencies":[],"total_duration":-1,"is_completed":true,"skipped_dependencies":true,"total_pair_state":-1},"unate":{"skipped_unate":true},"synthesis":{"model_checking_status":"UNKNOWN","independent_strategy":{"duration":27,"realizability":"REALIZABLE","total_inputs":9,"total_outputs":4,"total_latches":2,"total_gates":84},"dependent_strategy":{"duration":-1,"total_inputs":-1,"total_outputs":-1,"total_latches":-1,"total_gates":-1}}}
