aag 25 4 2 5 19
2
4
6
8
10 41
12 51
29
0
28
1
0
14 6 8
16 12 15
18 4 15
20 2 18
22 13 20
24 10 22
26 11 16
28 27 25
30 18 13
32 18 3
34 32 13
36 10 35
38 11 31
40 39 37
42 31 17
44 19 13
46 10 45
48 11 43
50 49 47
i0 p0b0room29heating29off
i1 p0b0room29window29opened
i2 p0b0room29window29closed
i3 p0p0all2windows2closed0room
o0 u0room29heating29ctrl0f1dturn2off1b
o1 u0room29heating29ctrl0f1dturn2on1b
o2 u0room29heating29ctrl0room29heating29ctrl
o3 u0music29ctrl0f1dplay0f1doverture1b1b
o4 u0music29ctrl0music29ctrl
{"is_completed":true,"output_vars":["u0music29ctrl0f1dplay0f1doverture1b1b","u0music29ctrl0music29ctrl","u0room29heating29ctrl0f1dturn2on1b","u0room29heating29ctrl0f1dturn2off1b","u0room29heating29ctrl0room29heating29ctrl"],"input_vars":["p0p0all2windows2closed0room","p0b0room29window29closed","p0b0room29window29opened","p0b0room29heating29off"],"formula":"((G ((! (((u0room29heating29ctrl0f1dturn2off1b) && (! ((u0room29heating29ctrl0f1dturn2on1b) || (u0room29heating29ctrl0room29heating29ctrl)))) <-> ((! (((u0room29heating29ctrl0f1dturn2on1b) && (! (u0room29heating29ctrl0room29heating29ctrl))) <-> ((u0room29heating29ctrl0room29heating29ctrl) && (! (u0room29heating29ctrl0f1dturn2on1b))))) && (! (u0room29heating29ctrl0f1dturn2off1b))))) && (! (((u0music29ctrl0music29ctrl) && (! (u0music29ctrl0f1dplay0f1doverture1b1b))) <-> ((u0music29ctrl0f1dplay0f1doverture1b1b) && (! (u0music29ctrl0music29ctrl))))))) && ((G ((u0room29heating29ctrl0f1dturn2off1b) -> (F ((u0room29heating29ctrl0f1dturn2on1b) R (p0b0room29heating29off))))) -> (G ((p0b0room29window29opened) -> ((u0music29ctrl0f1dplay0f1doverture1b1b) && (F (((p0b0room29heating29off) U ((p0b0room29window29closed) && (p0p0all2windows2closed0room))) || (G (p0b0room29heating29off)))))))))","total_time":8,"automaton":{"is_built":true,"build_duration":3,"total_states":7,"state_based_status":"true","prune_automaton_duration":0,"pruned_state_based_status":"true","prune_total_states":7,"total_edges":19},"dependency":{"dependency_approach":"automaton","tested_dependencies":[],"total_duration":-1,"is_completed":false,"skipped_dependencies":true,"total_pair_state":-1},"unate":{"skipped_unate":true},"synthesis":{"model_checking_status":"UNKNOWN","independent_strategy":{"duration":4,"realizability":"REALIZABLE","total_inputs":4,"total_outputs":5,"total_latches":2,"total_gates":19},"dependent_strategy":{"duration":-1,"total_inputs":-1,"total_outputs":-1,"total_latches":-1,"total_gates":-1}}}
