aag 55 3 3 3 49
2
4
6
8 77
10 95
12 111
41
54
0
14 10 12
16 8 13
18 9 15
20 19 17
22 10 13
24 8 22
26 9 13
28 27 25
30 6 29
32 7 21
34 33 31
36 4 21
38 5 35
40 39 37
42 11 12
44 11 13
46 8 44
48 9 42
50 49 47
52 6 51
54 5 52
56 49 17
58 9 11
60 59 17
62 2 61
64 3 57
66 65 63
68 6 67
70 7 46
72 4 70
74 5 68
76 75 73
78 2 57
80 3 21
82 81 79
84 6 83
86 19 25
88 7 87
90 4 88
92 5 84
94 93 91
96 9 22
98 2 96
100 6 98
102 33 101
104 6 21
106 4 104
108 5 103
110 109 107
i0 p0p0gt0outside29temperature0room29temperature
i1 p0b0room29heating29off
i2 p0b0room29heating29on
o0 u0room29heating29ctrl0f1dturn2on1b
o1 u0room29heating29ctrl0f1dturn2off1b
o2 u0room29heating29ctrl0room29heating29ctrl
{"is_completed":true,"output_vars":["u0room29heating29ctrl0f1dturn2off1b","u0room29heating29ctrl0f1dturn2on1b","u0room29heating29ctrl0room29heating29ctrl"],"input_vars":["p0p0gt0outside29temperature0room29temperature","p0b0room29heating29on","p0b0room29heating29off"],"formula":"((G (! (((u0room29heating29ctrl0f1dturn2on1b) && (! ((u0room29heating29ctrl0f1dturn2off1b) || (u0room29heating29ctrl0room29heating29ctrl)))) <-> ((! (((u0room29heating29ctrl0f1dturn2off1b) && (! (u0room29heating29ctrl0room29heating29ctrl))) <-> ((u0room29heating29ctrl0room29heating29ctrl) && (! (u0room29heating29ctrl0f1dturn2off1b))))) && (! (u0room29heating29ctrl0f1dturn2on1b)))))) && ((G (((! ((p0b0room29heating29off) <-> (p0b0room29heating29on))) && ((u0room29heating29ctrl0f1dturn2on1b) -> (F ((u0room29heating29ctrl0f1dturn2off1b) R (p0b0room29heating29on))))) && ((u0room29heating29ctrl0f1dturn2off1b) -> (F ((u0room29heating29ctrl0f1dturn2on1b) R (p0b0room29heating29off)))))) -> (G ((p0p0gt0outside29temperature0room29temperature) -> (F (p0b0room29heating29off))))))","total_time":6,"automaton":{"is_built":true,"build_duration":2,"total_states":9,"state_based_status":"true","prune_automaton_duration":0,"pruned_state_based_status":"true","prune_total_states":9,"total_edges":23},"dependency":{"dependency_approach":"automaton","tested_dependencies":[],"total_duration":-1,"is_completed":false,"skipped_dependencies":true,"total_pair_state":-1},"unate":{"skipped_unate":true},"synthesis":{"model_checking_status":"UNKNOWN","independent_strategy":{"duration":3,"realizability":"REALIZABLE","total_inputs":3,"total_outputs":3,"total_latches":3,"total_gates":49},"dependent_strategy":{"duration":-1,"total_inputs":-1,"total_outputs":-1,"total_latches":-1,"total_gates":-1}}}
