aag 22 1 2 8 19
2
4 37
6 45
15
5
23
24
16
0
0
26
8 4 6
10 2 5
12 3 9
14 13 11
16 4 7
18 2 9
20 3 16
22 21 19
24 2 16
26 3 5
28 5 6
30 29 17
32 2 28
34 3 31
36 35 33
38 5 7
40 2 7
42 3 38
44 43 41
i0 p0b0in24
o0 u0a0f1dval241b
o1 u0b0f1dval251b
o2 u0c0val3
o3 u0a0f1dval251b
o4 u0b0f1dval241b
o5 u0a0a
o6 u0b0b
o7 u0c0c
{"is_completed":true,"output_vars":["u0c0c","u0c0val3","u0b0f1dval251b","u0b0f1dval241b","u0b0b","u0a0f1dval251b","u0a0f1dval241b","u0a0a"],"input_vars":["p0b0in24"],"formula":"((G (((! (((u0a0f1dval241b) && (! ((u0a0f1dval251b) || (u0a0a)))) <-> ((! (((u0a0f1dval251b) && (! (u0a0a))) <-> ((u0a0a) && (! (u0a0f1dval251b))))) && (! (u0a0f1dval241b))))) && (! (((u0b0f1dval241b) && (! ((u0b0f1dval251b) || (u0b0b)))) <-> ((! (((u0b0f1dval251b) && (! (u0b0b))) <-> ((u0b0b) && (! (u0b0f1dval251b))))) && (! (u0b0f1dval241b)))))) && (! (((u0c0val3) && (! (u0c0c))) <-> ((u0c0c) && (! (u0c0val3))))))) && ((G (((u0a0f1dval241b) && (u0b0f1dval251b)) -> (X (p0b0in24)))) -> ((((G ((p0b0in24) <-> (u0c0val3))) && (G (F (u0c0val3)))) && (G (F (u0a0f1dval251b)))) && (G (F (u0b0f1dval241b))))))","total_time":6,"automaton":{"is_built":true,"build_duration":3,"total_states":8,"state_based_status":"true","prune_automaton_duration":0,"pruned_state_based_status":"true","prune_total_states":8,"total_edges":20},"dependency":{"dependency_approach":"automaton","tested_dependencies":[],"total_duration":-1,"is_completed":false,"skipped_dependencies":true,"total_pair_state":-1},"unate":{"skipped_unate":true},"synthesis":{"model_checking_status":"UNKNOWN","independent_strategy":{"duration":3,"realizability":"REALIZABLE","total_inputs":1,"total_outputs":8,"total_latches":2,"total_gates":19},"dependent_strategy":{"duration":-1,"total_inputs":-1,"total_outputs":-1,"total_latches":-1,"total_gates":-1}}}
