aag 5 5 0 4 0
2
4
6
8
10
1
1
0
0
i0 p0b02c2m29failed
i1 p0b02time298am
i2 p0b02power29failed
i3 p0b02door29failed
i4 p0b02time296pm
o0 u02c2m29intent0f1dready1b
o1 u02power29intent0f1don1b
o2 u02c2m29intent02c2m29intent
o3 u02power29intent02power29intent
{"is_completed":true,"output_vars":["u02power29intent0f1don1b","u02power29intent02power29intent","u02c2m29intent0f1dready1b","u02c2m29intent02c2m29intent"],"input_vars":["p0b02time296pm","p0b02time298am","p0b02door29failed","p0b02c2m29failed","p0b02power29failed"],"formula":"((G ((! (((u02c2m29intent02c2m29intent) && (! (u02c2m29intent0f1dready1b))) <-> ((u02c2m29intent0f1dready1b) && (! (u02c2m29intent02c2m29intent))))) && (! (((u02power29intent02power29intent) && (! (u02power29intent0f1don1b))) <-> ((u02power29intent0f1don1b) && (! (u02power29intent02power29intent))))))) && (((G ((p0b02power29failed) -> (p0b02c2m29failed))) && (G ((p0b02power29failed) -> (p0b02door29failed)))) -> ((G ((! (p0b02c2m29failed)) -> ((p0b02time298am) -> (X (((u02c2m29intent0f1dready1b) U ((p0b02time296pm) || (p0b02c2m29failed))) || (G (u02c2m29intent0f1dready1b))))))) && (G ((! (p0b02c2m29failed)) -> ((u02c2m29intent0f1dready1b) -> (u02power29intent0f1don1b)))))))","total_time":5,"automaton":{"is_built":true,"build_duration":3,"total_states":5,"state_based_status":"true","prune_automaton_duration":0,"pruned_state_based_status":"true","prune_total_states":5,"total_edges":11},"dependency":{"dependency_approach":"automaton","tested_dependencies":[],"total_duration":-1,"is_completed":false,"skipped_dependencies":true,"total_pair_state":-1},"unate":{"skipped_unate":true},"synthesis":{"model_checking_status":"UNKNOWN","independent_strategy":{"duration":1,"realizability":"REALIZABLE","total_inputs":5,"total_outputs":4,"total_latches":0,"total_gates":0},"dependent_strategy":{"duration":-1,"total_inputs":-1,"total_outputs":-1,"total_latches":-1,"total_gates":-1}}}
