aag 39 4 2 9 33
2
4
6
8
10 75
12 79
25
32
54
54
55
63
66
0
56
14 11 13
16 10 13
18 8 16
20 9 14
22 21 19
24 22 7
26 8 17
28 9 12
30 29 27
32 7 31
34 12 11
36 10 12
38 15 37
40 8 39
42 9 35
44 43 41
46 6 45
48 7 19
50 49 47
52 4 51
54 2 52
56 51 5
58 2 50
60 3 57
62 61 59
64 9 16
66 7 64
68 11 9
70 6 44
72 7 69
74 73 71
76 6 40
78 67 77
i0 p0p0center0pos
i1 p0p0clicked0button
i2 p0p0left2most0pos
i3 p0p0right2most0pos
o0 u0pos0f1dadd0pos0vel1b
o1 u0pos0f1dsub0pos0vel1b
o2 u0score0f1dadd0score0f1done1b1b
o3 u0vel0f1dadd0vel0f1done1b1b
o4 u0score0f1dzero1b
o5 u0vel0f1done1b
o6 u0pos0pos
o7 u0score0score
o8 u0vel0vel
{"is_completed":true,"output_vars":["u0vel0f1dadd0vel0f1done1b1b","u0vel0f1done1b","u0vel0vel","u0score0f1dadd0score0f1done1b1b","u0score0f1dzero1b","u0score0score","u0pos0f1dsub0pos0vel1b","u0pos0f1dadd0pos0vel1b","u0pos0pos"],"input_vars":["p0p0right2most0pos","p0p0left2most0pos","p0p0clicked0button","p0p0center0pos"],"formula":"((G (((! (((u0pos0f1dadd0pos0vel1b) && (! ((u0pos0f1dsub0pos0vel1b) || (u0pos0pos)))) <-> ((! (((u0pos0f1dsub0pos0vel1b) && (! (u0pos0pos))) <-> ((u0pos0pos) && (! (u0pos0f1dsub0pos0vel1b))))) && (! (u0pos0f1dadd0pos0vel1b))))) && (! (((u0score0f1dzero1b) && (! ((u0score0f1dadd0score0f1done1b1b) || (u0score0score)))) <-> ((! (((u0score0f1dadd0score0f1done1b1b) && (! (u0score0score))) <-> ((u0score0score) && (! (u0score0f1dadd0score0f1done1b1b))))) && (! (u0score0f1dzero1b)))))) && (! (((u0vel0f1done1b) && (! ((u0vel0f1dadd0vel0f1done1b1b) || (u0vel0vel)))) <-> ((! (((u0vel0f1dadd0vel0f1done1b1b) && (! (u0vel0vel))) <-> ((u0vel0vel) && (! (u0vel0f1dadd0vel0f1done1b1b))))) && (! (u0vel0f1done1b))))))) && (((G ((u0pos0f1dadd0pos0vel1b) -> (X (! (p0p0left2most0pos))))) && (G ((u0pos0f1dsub0pos0vel1b) -> (X (! (p0p0right2most0pos)))))) -> (((((((G ((p0p0left2most0pos) -> (F (u0pos0f1dadd0pos0vel1b)))) && (G ((p0p0right2most0pos) -> (F (u0pos0f1dsub0pos0vel1b))))) && (G (((! (p0p0left2most0pos)) && (! (p0p0right2most0pos))) -> (F ((u0pos0f1dsub0pos0vel1b) || (u0pos0f1dadd0pos0vel1b)))))) && (G ((p0p0left2most0pos) -> (((! (u0pos0f1dsub0pos0vel1b)) U (p0p0right2most0pos)) || (G (! (u0pos0f1dsub0pos0vel1b))))))) && (G ((p0p0right2most0pos) -> (((! (u0pos0f1dadd0pos0vel1b)) U (p0p0left2most0pos)) || (G (! (u0pos0f1dadd0pos0vel1b))))))) && (G (((p0p0center0pos) && (p0p0clicked0button)) <-> ((u0score0f1dadd0score0f1done1b1b) && (u0vel0f1dadd0vel0f1done1b1b))))) && (G (((! (p0p0center0pos)) && (p0p0clicked0button)) <-> ((u0score0f1dzero1b) && (u0vel0f1done1b)))))))","total_time":39,"automaton":{"is_built":true,"build_duration":16,"total_states":44,"state_based_status":"true","prune_automaton_duration":0,"pruned_state_based_status":"true","prune_total_states":44,"total_edges":325},"dependency":{"dependency_approach":"automaton","tested_dependencies":[],"total_duration":-1,"is_completed":true,"skipped_dependencies":true,"total_pair_state":-1},"unate":{"skipped_unate":true},"synthesis":{"model_checking_status":"UNKNOWN","independent_strategy":{"duration":22,"realizability":"REALIZABLE","total_inputs":4,"total_outputs":9,"total_latches":2,"total_gates":33},"dependent_strategy":{"duration":-1,"total_inputs":-1,"total_outputs":-1,"total_latches":-1,"total_gates":-1}}}
