aag 3469 6 7 5 3456
2
4
6
8
10
12
14 2735
16 3665
18 4503
20 5371
22 6069
24 6763
26 6939
807
1319
1429
1624
1767
28 24 26
30 22 27
32 23 29
34 33 31
36 20 27
38 21 35
40 39 37
42 24 27
44 22 42
46 23 27
48 47 45
50 25 27
52 22 50
54 23 42
56 55 53
58 20 57
60 21 49
62 61 59
64 39 59
66 18 65
68 19 63
70 69 67
72 23 25
74 73 53
76 20 44
78 21 75
80 79 77
82 18 81
84 69 83
86 16 85
88 17 71
90 89 87
92 47 53
94 20 93
96 21 46
98 97 95
100 33 53
102 21 101
104 103 95
106 18 105
108 19 99
110 109 107
112 33 45
114 21 113
116 115 59
118 25 26
120 23 118
122 121 53
124 55 31
126 20 125
128 21 123
130 129 127
132 18 131
134 19 117
136 135 133
138 16 137
140 17 111
142 141 139
144 14 143
146 15 91
148 147 145
150 20 54
152 103 151
154 119 43
156 23 155
158 157 31
160 21 159
162 161 59
164 18 163
166 19 153
168 167 165
170 73 45
172 20 52
174 21 171
176 175 173
178 23 50
180 179 45
182 20 181
184 21 93
186 185 183
188 18 187
190 19 177
192 191 189
194 16 193
196 17 169
198 197 195
200 179 31
202 20 201
204 21 178
206 205 203
208 19 207
210 209 107
212 21 32
214 213 59
216 18 52
218 19 215
220 219 217
222 16 221
224 17 211
226 225 223
228 14 227
230 15 199
232 231 229
234 103 203
236 121 31
238 21 237
240 239 59
242 18 241
244 19 235
246 245 243
248 21 72
250 249 127
252 103 183
254 18 253
256 19 251
258 257 255
260 16 259
262 17 247
264 263 261
266 213 37
268 20 50
270 21 125
272 271 269
274 18 273
276 19 267
278 277 275
280 21 44
282 281 59
284 103 37
286 18 285
288 19 283
290 289 287
292 16 291
294 17 279
296 295 293
298 14 297
300 15 265
302 301 299
304 8 303
306 9 233
308 307 305
310 12 309
312 13 149
314 313 311
316 135 67
318 115 127
320 103 77
322 18 321
324 19 319
326 325 323
328 16 327
330 17 317
332 331 329
334 97 37
336 19 335
338 337 107
340 157 53
342 21 341
344 343 127
346 18 345
348 135 347
350 16 349
352 17 339
354 353 351
356 14 355
358 15 333
360 359 357
362 12 361
364 313 363
366 10 365
368 11 315
370 369 367
372 97 151
374 343 59
376 18 375
378 19 373
380 379 377
382 21 181
384 383 173
386 21 50
388 387 77
390 18 389
392 19 385
394 393 391
396 16 395
398 17 381
400 399 397
402 19 268
404 403 107
406 213 173
408 19 407
410 409 217
412 16 411
414 17 405
416 415 413
418 14 417
420 15 401
422 421 419
424 213 77
426 21 30
428 427 173
430 18 429
432 19 425
434 433 431
436 21 120
438 437 59
440 20 178
442 129 441
444 18 443
446 19 439
448 447 445
450 16 449
452 17 435
454 453 451
456 20 46
458 21 156
460 459 457
462 427 269
464 18 463
466 19 461
468 467 465
470 281 173
472 129 95
474 18 473
476 19 471
478 477 475
480 16 479
482 17 469
484 483 481
486 14 485
488 15 455
490 489 487
492 8 491
494 9 423
496 495 493
498 12 497
500 313 499
502 135 323
504 16 503
506 89 505
508 141 351
510 14 509
512 15 507
514 513 511
516 12 515
518 313 517
520 10 519
522 11 501
524 523 521
526 2 525
528 3 371
530 529 527
532 6 531
534 7 41
536 535 533
538 39 95
540 18 539
542 19 187
544 543 541
546 21 201
548 547 269
550 383 95
552 18 551
554 19 549
556 555 553
558 16 557
560 17 545
562 561 559
564 547 441
566 115 269
568 18 567
570 19 565
572 571 569
574 547 37
576 18 549
578 19 575
580 579 577
582 16 581
584 17 573
586 585 583
588 14 587
590 15 563
592 591 589
594 97 77
596 18 50
598 19 595
600 599 597
602 205 173
604 383 59
606 18 605
608 19 603
610 609 607
612 16 611
614 17 601
616 615 613
618 383 441
620 383 269
622 18 621
624 19 619
626 625 623
628 609 431
630 16 629
632 17 627
634 633 631
636 14 635
638 15 617
640 639 637
642 8 641
644 9 593
646 645 643
648 39 203
650 18 41
652 19 649
654 653 651
656 115 95
658 18 657
660 19 539
662 661 659
664 16 663
666 17 655
668 667 665
670 20 49
672 39 671
674 39 269
676 18 675
678 19 673
680 679 677
682 73 31
684 21 683
686 685 37
688 18 687
690 579 689
692 16 691
694 17 681
696 695 693
698 14 697
700 15 669
702 701 699
704 8 41
706 9 703
708 707 705
710 12 709
712 13 647
714 713 711
716 103 671
718 19 717
720 719 651
722 685 203
724 19 723
726 725 651
728 16 727
730 17 721
732 731 729
734 685 671
736 18 649
738 19 735
740 739 737
742 19 687
744 743 737
746 16 745
748 17 741
750 749 747
752 14 751
754 15 733
756 755 753
758 547 59
760 18 759
762 609 761
764 16 763
766 615 765
768 625 577
770 17 769
772 771 631
774 14 773
776 15 767
778 777 775
780 8 779
782 9 757
784 783 781
786 12 785
788 713 787
790 10 789
792 11 715
794 793 791
796 6 41
798 7 795
800 799 797
802 4 801
804 5 537
806 805 803
808 129 183
810 18 182
812 19 809
814 813 811
816 21 42
818 817 95
820 18 819
822 813 821
824 16 823
826 17 815
828 827 825
830 239 77
832 18 44
834 19 831
836 835 833
838 21 52
840 839 183
842 61 441
844 18 843
846 19 841
848 847 845
850 16 849
852 17 837
854 853 851
856 14 855
858 15 829
860 859 857
862 281 203
864 205 183
866 18 865
868 19 863
870 869 867
872 21 57
874 873 671
876 121 45
878 21 877
880 879 59
882 18 881
884 19 875
886 885 883
888 16 887
890 17 871
892 891 889
894 161 151
896 19 895
898 897 833
900 427 183
902 115 671
904 18 903
906 19 901
908 907 905
910 16 909
912 17 899
914 913 911
916 14 915
918 15 893
920 919 917
922 281 151
924 97 183
926 18 925
928 19 923
930 929 927
932 271 441
934 18 283
936 19 933
938 937 935
940 16 939
942 17 931
944 943 941
946 20 42
948 249 947
950 18 949
952 19 426
954 953 951
956 18 280
958 19 253
960 959 957
962 16 961
964 17 955
966 965 963
968 14 967
970 15 945
972 971 969
974 8 973
976 9 921
978 977 975
980 12 979
982 13 861
984 983 981
986 847 811
988 839 441
990 281 95
992 18 991
994 19 989
996 995 993
998 16 997
1000 17 987
1002 1001 999
1004 19 238
1006 1005 833
1008 18 619
1010 847 1009
1012 16 1011
1014 17 1007
1016 1015 1013
1018 14 1017
1020 15 1003
1022 1021 1019
1024 12 1023
1026 983 1025
1028 10 1027
1030 11 985
1032 1031 1029
1034 239 203
1036 18 181
1038 19 1035
1040 1039 1037
1042 343 671
1044 157 45
1046 21 1045
1048 1047 95
1050 18 1049
1052 19 1043
1054 1053 1051
1056 16 1055
1058 17 1041
1060 1059 1057
1062 39 947
1064 19 1063
1066 1065 833
1068 427 671
1070 19 1069
1072 1071 905
1074 16 1073
1076 17 1067
1078 1077 1075
1080 14 1079
1082 15 1061
1084 1083 1081
1086 427 95
1088 213 671
1090 18 1089
1092 19 1087
1094 1093 1091
1096 21 27
1098 1097 183
1100 61 127
1102 18 1101
1104 19 1099
1106 1105 1103
1108 16 1107
1110 17 1095
1112 1111 1109
1114 20 30
1116 547 1115
1118 213 947
1120 18 1119
1122 19 1117
1124 1123 1121
1126 61 77
1128 18 1127
1130 719 1129
1132 16 1131
1134 17 1125
1136 1135 1133
1138 14 1137
1140 15 1113
1142 1141 1139
1144 8 1143
1146 9 1085
1148 1147 1145
1150 12 1149
1152 983 1151
1154 847 993
1156 16 1155
1158 827 1157
1160 853 1013
1162 14 1161
1164 15 1159
1166 1165 1163
1168 12 1167
1170 983 1169
1172 10 1171
1174 11 1153
1176 1175 1173
1178 2 1177
1180 3 1033
1182 1181 1179
1184 6 1183
1186 18 76
1188 19 436
1190 1189 1187
1192 437 77
1194 21 54
1196 18 1194
1198 19 1193
1200 1199 1197
1202 16 1201
1204 17 1191
1206 1205 1203
1208 1199 1187
1210 16 1196
1212 17 1209
1214 1213 1211
1216 14 1215
1218 15 1207
1220 1219 1217
1222 281 947
1224 18 1223
1226 19 443
1228 1227 1225
1230 1195 441
1232 18 1231
1234 813 1233
1236 16 1235
1238 17 1229
1240 1239 1237
1242 129 77
1244 1195 77
1246 18 1245
1248 19 1243
1250 1249 1247
1252 839 671
1254 97 441
1256 18 1255
1258 19 1253
1260 1259 1257
1262 16 1261
1264 17 1251
1266 1265 1263
1268 14 1267
1270 15 1241
1272 1271 1269
1274 8 1273
1276 9 1221
1278 1277 1275
1280 19 76
1282 16 1280
1284 17 1186
1286 1285 1211
1288 14 1287
1290 15 1282
1292 1291 1289
1294 9 1293
1296 12 1294
1298 13 1279
1300 1299 1297
1302 12 1274
1304 1299 1303
1306 10 1305
1308 11 1301
1310 1309 1307
1312 7 1311
1314 4 1312
1316 5 1184
1318 1317 1315
1320 79 441
1322 383 947
1324 18 1323
1326 19 1321
1328 1327 1325
1330 79 183
1332 19 1331
1334 1333 1257
1336 16 1335
1338 17 1329
1340 1339 1337
1342 18 595
1344 19 81
1346 1345 1343
1348 387 671
1350 19 1349
1352 1351 1257
1354 16 1353
1356 17 1347
1358 1357 1355
1360 14 1359
1362 15 1341
1364 1363 1361
1366 8 1365
1368 13 1366
1370 10 1366
1372 11 1368
1374 1373 1371
1376 6 1375
1378 387 173
1380 18 1379
1382 19 204
1384 1383 1381
1386 18 386
1388 1383 1387
1390 16 1389
1392 17 1385
1394 1393 1391
1396 18 838
1398 609 1397
1400 16 1399
1402 17 1389
1404 1403 1401
1406 14 1405
1408 15 1395
1410 1409 1407
1412 8 1411
1414 13 1412
1416 10 1412
1418 11 1414
1420 1419 1417
1422 7 1421
1424 4 1422
1426 5 1376
1428 1427 1425
1430 18 1243
1432 19 54
1434 1433 1431
1436 16 1435
1438 17 288
1440 1439 1437
1442 1195 59
1444 839 151
1446 18 1445
1448 19 1443
1450 1449 1447
1452 437 947
1454 18 1453
1456 19 458
1458 1457 1455
1460 16 1459
1462 17 1451
1464 1463 1461
1466 14 1465
1468 15 1441
1470 1469 1467
1472 18 458
1474 289 1473
1476 817 151
1478 19 1477
1480 1479 1431
1482 16 1481
1484 17 1475
1486 1485 1483
1488 129 151
1490 18 1489
1492 1449 1491
1494 19 1046
1496 1495 1455
1498 16 1497
1500 17 1493
1502 1501 1499
1504 14 1503
1506 15 1487
1508 1507 1505
1510 8 1509
1512 9 1471
1514 1513 1511
1516 19 150
1518 839 77
1520 18 1519
1522 16 1520
1524 17 1516
1526 1525 1523
1528 18 150
1530 19 172
1532 1531 1529
1534 16 1456
1536 17 1533
1538 1537 1535
1540 14 1539
1542 15 1527
1544 1543 1541
1546 9 1545
1548 12 1546
1550 13 1515
1552 1551 1549
1554 16 1432
1556 17 476
1558 1557 1555
1560 1195 173
1562 19 1561
1564 1563 1529
1566 19 1194
1568 1567 1529
1570 16 1569
1572 17 1565
1574 1573 1571
1576 14 1575
1578 15 1559
1580 1579 1577
1582 18 1193
1584 1479 1583
1586 16 1585
1588 1485 1587
1590 437 151
1592 18 1591
1594 1449 1593
1596 17 1595
1598 1597 1499
1600 14 1599
1602 15 1589
1604 1603 1601
1606 8 1605
1608 9 1581
1610 1609 1607
1612 12 1611
1614 1551 1613
1616 10 1615
1618 11 1553
1620 1619 1617
1622 7 1621
1624 4 1622
1626 817 127
1628 343 269
1630 18 1629
1632 19 1627
1634 1633 1631
1636 817 59
1638 239 127
1640 18 1639
1642 19 1637
1644 1643 1641
1646 16 1645
1648 17 1635
1650 1649 1647
1652 239 95
1654 18 1653
1656 19 819
1658 1657 1655
1660 1047 173
1662 19 1661
1664 1663 1641
1666 16 1665
1668 17 1659
1670 1669 1667
1672 14 1671
1674 15 1651
1676 1675 1673
1678 8 1677
1680 9 41
1682 1681 1679
1684 12 41
1686 13 1683
1688 1687 1685
1690 10 1683
1692 11 1689
1694 1693 1691
1696 6 1695
1698 535 1697
1700 161 37
1702 1047 671
1704 18 1703
1706 19 1701
1708 1707 1705
1710 1047 37
1712 18 1711
1714 1707 1713
1716 16 1715
1718 17 1709
1720 1719 1717
1722 161 671
1724 115 37
1726 18 1725
1728 19 1723
1730 1729 1727
1732 16 1731
1734 17 1715
1736 1735 1733
1738 14 1737
1740 15 1721
1742 1741 1739
1744 8 1743
1746 1681 1745
1748 13 1747
1750 1749 1685
1752 10 1747
1754 11 1751
1756 1755 1753
1758 7 1757
1760 1759 797
1762 4 1761
1764 5 1699
1766 1765 1763
1768 239 1115
1770 19 1769
1772 1771 867
1774 19 78
1776 1775 821
1778 16 1777
1780 17 1773
1782 1781 1779
1784 161 95
1786 18 1785
1788 1707 1787
1790 115 203
1792 879 95
1794 18 1793
1796 19 1791
1798 1797 1795
1800 16 1799
1802 17 1789
1804 1803 1801
1806 14 1805
1808 15 1783
1810 1809 1807
1812 205 671
1814 18 1813
1816 725 1815
1818 813 1051
1820 16 1819
1822 17 1817
1824 1823 1821
1826 161 183
1828 61 203
1830 18 1829
1832 19 1827
1834 1833 1831
1836 847 905
1838 16 1837
1840 17 1835
1842 1841 1839
1844 14 1843
1846 15 1825
1848 1847 1845
1850 8 1849
1852 9 1811
1854 1853 1851
1856 817 1115
1858 19 1857
1860 1859 867
1862 185 151
1864 19 1863
1866 1865 883
1868 16 1867
1870 17 1861
1872 1871 1869
1874 879 37
1876 18 1875
1878 1797 1877
1880 16 1879
1882 17 1785
1884 1883 1881
1886 14 1885
1888 15 1873
1890 1889 1887
1892 185 203
1894 18 1893
1896 19 1223
1898 1897 1895
1900 427 59
1902 18 1901
1904 937 1903
1906 16 1905
1908 17 1899
1910 1909 1907
1912 427 441
1914 79 37
1916 18 1915
1918 19 1913
1920 1919 1917
1922 18 426
1924 245 1923
1926 16 1925
1928 17 1921
1930 1929 1927
1932 14 1931
1934 15 1911
1936 1935 1933
1938 8 1937
1940 9 1891
1942 1941 1939
1944 12 1943
1946 13 1855
1948 1947 1945
1950 18 440
1952 1859 1951
1954 379 935
1956 16 1955
1958 17 1953
1960 1959 1957
1962 61 269
1964 19 1963
1966 1965 1051
1968 213 183
1970 19 1969
1972 1971 883
1974 16 1973
1976 17 1967
1978 1977 1975
1980 14 1979
1982 15 1961
1984 1983 1981
1986 61 151
1988 685 127
1990 18 1989
1992 19 1987
1994 1993 1991
1996 16 1995
1998 1649 1997
2000 61 95
2002 19 2001
2004 2003 1655
2006 115 173
2008 19 2007
2010 2009 1641
2012 16 2011
2014 17 2005
2016 2015 2013
2018 14 2017
2020 15 1999
2022 2021 2019
2024 8 2023
2026 9 1985
2028 2027 2025
2030 1047 1115
2032 383 671
2034 18 2033
2036 19 2031
2038 2037 2035
2040 18 1637
2042 1053 2041
2044 16 2043
2046 17 2039
2048 2047 2045
2050 161 203
2052 19 2051
2054 2053 1727
2056 719 1051
2058 16 2057
2060 17 2055
2062 2061 2059
2064 14 2063
2066 15 2049
2068 2067 2065
2070 1047 127
2072 19 2071
2074 2073 651
2076 161 127
2078 18 2077
2080 1729 2079
2082 16 2081
2084 17 2075
2086 2085 2083
2088 1707 651
2090 18 1701
2092 19 41
2094 2093 2091
2096 16 2095
2098 17 2089
2100 2099 2097
2102 14 2101
2104 15 2087
2106 2105 2103
2108 8 2107
2110 9 2069
2112 2111 2109
2114 12 2113
2116 13 2029
2118 2117 2115
2120 10 2119
2122 11 1949
2124 2123 2121
2126 175 671
2128 18 2127
2130 725 2129
2132 129 173
2134 19 2133
2136 2135 1727
2138 16 2137
2140 17 2131
2142 2141 2139
2144 2093 1787
2146 19 1725
2148 2147 1877
2150 16 2149
2152 17 2145
2154 2153 2151
2156 14 2155
2158 15 2143
2160 2159 2157
2162 79 203
2164 19 2163
2166 2165 659
2168 16 2167
2170 1059 2169
2172 39 183
2174 383 203
2176 18 2175
2178 19 2173
2180 2179 2177
2182 1259 905
2184 16 2183
2186 17 2181
2188 2187 2185
2190 14 2189
2192 15 2171
2194 2193 2191
2196 8 2195
2198 9 2161
2200 2199 2197
2202 653 2129
2204 19 375
2206 2205 1727
2208 16 2207
2210 17 2203
2212 2211 2209
2214 15 2213
2216 2215 2157
2218 271 37
2220 19 2219
2222 2221 287
2224 1097 203
2226 1097 127
2228 18 2227
2230 19 2225
2232 2231 2229
2234 16 2233
2236 17 2223
2238 2237 2235
2240 19 201
2242 2241 287
2244 1097 1115
2246 18 2245
2248 19 285
2250 2249 2247
2252 16 2251
2254 17 2243
2256 2255 2253
2258 14 2257
2260 15 2239
2262 2261 2259
2264 8 2263
2266 9 2217
2268 2267 2265
2270 12 2269
2272 13 2201
2274 2273 2271
2276 879 457
2278 18 2277
2280 19 1829
2282 2281 2279
2284 175 127
2286 18 2285
2288 1449 2287
2290 16 2289
2292 17 2283
2294 2293 2291
2296 817 269
2298 19 2297
2300 2299 1051
2302 879 127
2304 18 2303
2306 19 1089
2308 2307 2305
2310 16 2309
2312 17 2301
2314 2313 2311
2316 14 2315
2318 15 2295
2320 2319 2317
2322 19 1101
2324 2323 1787
2326 17 2325
2328 2327 1647
2330 1657 1787
2332 135 1641
2334 16 2333
2336 17 2331
2338 2337 2335
2340 14 2339
2342 15 2329
2344 2343 2341
2346 8 2345
2348 9 2321
2350 2349 2347
2352 2249 1727
2354 16 2353
2356 2211 2355
2358 653 1727
2360 719 1727
2362 16 2361
2364 17 2359
2366 2365 2363
2368 14 2367
2370 15 2357
2372 2371 2369
2374 9 2373
2376 2375 705
2378 12 2377
2380 13 2351
2382 2381 2379
2384 10 2383
2386 11 2275
2388 2387 2385
2390 2 2389
2392 3 2125
2394 2393 2391
2396 6 2395
2398 535 2397
2400 343 947
2402 18 2401
2404 18 1561
2406 19 178
2408 2407 2405
2410 16 2409
2412 17 2402
2414 2413 2411
2416 1195 127
2418 39 457
2420 18 2419
2422 19 2417
2424 2423 2421
2426 873 77
2428 547 127
2430 18 2429
2432 19 2427
2434 2433 2431
2436 16 2435
2438 17 2425
2440 2439 2437
2442 14 2441
2444 15 2415
2446 2445 2443
2448 18 471
2450 19 248
2452 2451 2449
2454 129 269
2456 18 2455
2458 1189 2457
2460 16 2459
2462 17 2453
2464 2463 2461
2466 1457 1923
2468 129 457
2470 18 2469
2472 16 2470
2474 17 2467
2476 2475 2473
2478 14 2477
2480 15 2465
2482 2481 2479
2484 8 2483
2486 9 2447
2488 2487 2485
2490 343 151
2492 18 2491
2494 19 1245
2496 2495 2493
2498 2407 957
2500 16 2499
2502 17 2497
2504 2503 2501
2506 1531 107
2508 873 1115
2510 547 173
2512 18 2511
2514 19 2509
2516 2515 2513
2518 16 2517
2520 17 2507
2522 2521 2519
2524 14 2523
2526 15 2505
2528 2527 2525
2530 9 2529
2532 12 2530
2534 13 2489
2536 2535 2533
2538 271 1115
2540 39 151
2542 18 2541
2544 19 2539
2546 2545 2543
2548 185 457
2550 281 441
2552 18 2551
2554 19 2549
2556 2555 2553
2558 16 2557
2560 17 2547
2562 2561 2559
2564 185 173
2566 213 95
2568 18 2567
2570 19 2565
2572 2571 2569
2574 873 947
2576 547 95
2578 18 2577
2580 19 2575
2582 2581 2579
2584 16 2583
2586 17 2573
2588 2587 2585
2590 14 2589
2592 15 2563
2594 2593 2591
2596 18 1063
2598 1707 2597
2600 115 183
2602 18 2601
2604 679 2603
2606 16 2605
2608 17 2599
2610 2609 2607
2612 103 127
2614 18 267
2616 19 2613
2618 2617 2615
2620 679 1727
2622 16 2621
2624 17 2619
2626 2625 2623
2628 14 2627
2630 15 2611
2632 2631 2629
2634 8 2633
2636 9 2595
2638 2637 2635
2640 2073 2079
2642 1047 947
2644 161 77
2646 18 2645
2648 19 2643
2650 2649 2647
2652 16 2651
2654 17 2641
2656 2655 2653
2658 459 127
2660 343 37
2662 18 2661
2664 19 2659
2666 2665 2663
2668 16 2641
2670 17 2667
2672 2671 2669
2674 14 2673
2676 15 2657
2678 2677 2675
2680 1707 2079
2682 18 1827
2684 1729 2683
2686 16 2685
2688 17 2681
2690 2689 2687
2692 19 345
2694 2693 2663
2696 16 2089
2698 17 2695
2700 2699 2697
2702 14 2701
2704 15 2691
2706 2705 2703
2708 8 2707
2710 9 2679
2712 2711 2709
2714 12 2713
2716 13 2639
2718 2717 2715
2720 10 2719
2722 11 2537
2724 2723 2721
2726 7 2725
2728 2727 797
2730 4 2729
2732 5 2399
2734 2733 2731
2736 205 59
2738 18 2737
2740 19 382
2742 2741 2739
2744 19 27
2746 2745 1583
2748 16 2747
2750 17 2743
2752 2751 2749
2754 205 77
2756 18 2755
2758 1383 2757
2760 213 127
2762 18 2761
2764 1797 2763
2766 16 2765
2768 17 2759
2770 2769 2767
2772 14 2771
2774 15 2753
2776 2775 2773
2778 18 2565
2780 929 2779
2782 271 59
2784 19 2783
2786 2785 1397
2788 16 2787
2790 17 2781
2792 2791 2789
2794 205 151
2796 19 2795
2798 2797 1397
2800 2231 1491
2802 16 2801
2804 17 2799
2806 2805 2803
2808 14 2807
2810 15 2793
2812 2811 2809
2814 8 2813
2816 9 2777
2818 2817 2815
2820 18 58
2822 19 96
2824 2823 2821
2826 19 2175
2828 2827 1187
2830 16 2829
2832 17 2825
2834 2833 2831
2836 97 173
2838 18 2837
2840 1971 2839
2842 16 2841
2844 17 2756
2846 2845 2843
2848 14 2847
2850 15 2835
2852 2851 2849
2854 103 269
2856 879 151
2858 18 2857
2860 19 2855
2862 2861 2859
2864 18 1969
2866 257 2865
2868 16 2867
2870 17 2863
2872 2871 2869
2874 18 816
2876 19 2761
2878 2877 2875
2880 929 2615
2882 16 2881
2884 17 2879
2886 2885 2883
2888 14 2887
2890 15 2873
2892 2891 2889
2894 8 2893
2896 9 2853
2898 2897 2895
2900 12 2899
2902 13 2819
2904 2903 2901
2906 383 127
2908 18 2907
2910 19 102
2912 2911 2909
2914 459 183
2916 18 2915
2918 2147 2917
2920 16 2919
2922 17 2913
2924 2923 2921
2926 1345 2757
2928 213 203
2930 18 2929
2932 2147 2931
2934 16 2933
2936 17 2927
2938 2937 2935
2940 14 2939
2942 15 2925
2944 2943 2941
2946 103 457
2948 19 2947
2950 2949 2229
2952 185 441
2954 18 2953
2956 2147 2955
2958 16 2957
2960 17 2951
2962 2961 2959
2964 79 947
2966 185 77
2968 18 2967
2970 19 2965
2972 2971 2969
2974 185 269
2976 18 2975
2978 69 2977
2980 16 2979
2982 17 2973
2984 2983 2981
2986 14 2985
2988 15 2963
2990 2989 2987
2992 8 2991
2994 9 2945
2996 2995 2993
2998 2823 2757
3000 873 95
3002 19 3001
3004 16 3002
3006 17 2999
3008 3007 3005
3010 19 128
3012 3011 2757
3014 18 268
3016 543 3015
3018 16 3017
3020 17 3013
3022 3021 3019
3024 14 3023
3026 15 3009
3028 3027 3025
3030 185 1115
3032 18 3031
3034 379 3033
3036 271 95
3038 19 3037
3040 3039 1397
3042 16 3041
3044 17 3035
3046 3045 3043
3048 19 1489
3050 3049 391
3052 839 269
3054 18 3053
3056 2231 3055
3058 16 3057
3060 17 3051
3062 3061 3059
3064 14 3063
3066 15 3047
3068 3067 3065
3070 8 3069
3072 9 3029
3074 3073 3071
3076 12 3075
3078 13 2997
3080 3079 3077
3082 10 3081
3084 11 2905
3086 3085 3083
3088 18 603
3090 19 621
3092 3091 3089
3094 1097 671
3096 249 77
3098 18 3097
3100 19 3095
3102 3101 3099
3104 16 3103
3106 17 3093
3108 3107 3105
3110 2823 1343
3112 17 3111
3114 3113 2767
3116 14 3115
3118 15 3109
3120 3119 3117
3122 289 2779
3124 271 151
3126 18 128
3128 19 3125
3130 3129 3127
3132 16 3131
3134 17 3123
3136 3135 3133
3138 379 1397
3140 2231 133
3142 16 3141
3144 17 3139
3146 3145 3143
3148 14 3147
3150 15 3137
3152 3151 3149
3154 8 3153
3156 9 3121
3158 3157 3155
3160 18 172
3162 19 1255
3164 3163 3161
3166 19 181
3168 3167 2757
3170 16 3169
3172 17 3165
3174 3173 3171
3176 17 1342
3178 3177 2843
3180 14 3179
3182 15 3175
3184 3183 3181
3186 2451 957
3188 437 441
3190 18 3189
3192 19 1591
3194 3193 3191
3196 16 3195
3198 17 3187
3200 3199 3197
3202 459 151
3204 19 3203
3206 3205 957
3208 437 457
3210 18 3209
3212 19 280
3214 3213 3211
3216 16 3215
3218 17 3207
3220 3219 3217
3222 14 3221
3224 15 3201
3226 3225 3223
3228 8 3227
3230 9 3185
3232 3231 3229
3234 12 3233
3236 13 3159
3238 3237 3235
3240 103 441
3242 205 1115
3244 18 3243
3246 19 3241
3248 3247 3245
3250 19 903
3252 3251 2865
3254 16 3253
3256 17 3249
3258 3257 3255
3260 1797 2931
3262 16 3261
3264 1357 3263
3266 14 3265
3268 15 3259
3270 3269 3267
3272 343 457
3274 19 3273
3276 3275 3033
3278 3251 2955
3280 16 3279
3282 17 3277
3284 3283 3281
3286 2971 391
3288 61 173
3290 19 3289
3292 3291 2977
3294 16 3293
3296 17 3287
3298 3297 3295
3300 14 3299
3302 15 3285
3304 3303 3301
3306 8 3305
3308 9 3271
3310 3309 3307
3312 3247 1325
3314 719 1257
3316 16 3315
3318 17 3313
3320 3319 3317
3322 185 671
3324 97 269
3326 18 3325
3328 19 3323
3330 3329 3327
3332 16 3331
3334 1357 3333
3336 14 3335
3338 15 3321
3340 3339 3337
3342 679 2955
3344 16 3343
3346 2961 3345
3348 2745 2977
3350 16 3349
3352 2983 3351
3354 14 3353
3356 15 3347
3358 3357 3355
3360 8 3359
3362 9 3341
3364 3363 3361
3366 12 3365
3368 13 3311
3370 3369 3367
3372 10 3371
3374 11 3239
3376 3375 3373
3378 2 3377
3380 3 3087
3382 3381 3379
3384 6 3383
3386 535 3385
3388 1775 1325
3390 18 1043
3392 2249 3391
3394 16 3393
3396 17 3389
3398 3397 3395
3400 685 183
3402 19 3401
3404 3403 867
3406 18 1791
3408 19 2491
3410 3409 3407
3412 16 3411
3414 17 3405
3416 3415 3413
3418 14 3417
3420 15 3399
3422 3421 3419
3424 1517 2977
3426 1643 1529
3428 16 3427
3430 17 3425
3432 3431 3429
3434 383 457
3436 19 3435
3438 19 816
3440 3439 1397
3442 16 3441
3444 17 3436
3446 3445 3443
3448 14 3447
3450 15 3433
3452 3451 3449
3454 8 3453
3456 9 3423
3458 3457 3455
3460 599 1529
3462 427 947
3464 18 3463
3466 209 3465
3468 16 3467
3470 17 3461
3472 3471 3469
3474 387 203
3476 18 3475
3478 19 2551
3480 3479 3477
3482 343 173
3484 18 3289
3486 19 3483
3488 3487 3485
3490 16 3489
3492 17 3481
3494 3493 3491
3496 14 3495
3498 15 3473
3500 3499 3497
3502 9 3501
3504 3503 705
3506 12 3505
3508 13 3459
3510 3509 3507
3512 19 321
3514 3513 1325
3516 18 1723
3518 2249 3517
3520 16 3519
3522 17 3515
3524 3523 3521
3526 3403 3477
3528 17 3527
3530 3529 3413
3532 14 3531
3534 15 3525
3536 3535 3533
3538 97 947
3540 18 184
3542 19 3539
3544 3543 3541
3546 547 151
3548 18 3547
3550 69 3549
3552 16 3551
3554 17 3545
3556 3555 3553
3558 3437 597
3560 19 60
3562 3561 2449
3564 16 3563
3566 17 3559
3568 3567 3565
3570 14 3569
3572 15 3557
3574 3573 3571
3576 8 3575
3578 9 3537
3580 3579 3577
3582 18 923
3584 1449 3583
3586 16 3585
3588 17 598
3590 3589 3587
3592 3479 3015
3594 1567 2449
3596 16 3595
3598 17 3593
3600 3599 3597
3602 14 3601
3604 15 3591
3606 3605 3603
3608 3543 1197
3610 1643 3583
3612 16 3611
3614 17 3609
3616 3615 3613
3618 281 457
3620 19 3619
3622 3621 3015
3624 3439 2449
3626 16 3625
3628 17 3623
3630 3629 3627
3632 14 3631
3634 15 3617
3636 3635 3633
3638 8 3637
3640 9 3607
3642 3641 3639
3644 12 3643
3646 13 3581
3648 3647 3645
3650 10 3649
3652 11 3511
3654 3653 3651
3656 7 3655
3658 3657 797
3660 4 3659
3662 5 3387
3664 3663 3661
3666 3403 255
3668 249 183
3670 1047 203
3672 18 3671
3674 19 3669
3676 3675 3673
3678 16 3677
3680 17 3667
3682 3681 3679
3684 1345 1713
3686 847 651
3688 16 3687
3690 17 3685
3692 3691 3689
3694 14 3693
3696 15 3683
3698 3697 3695
3700 239 183
3702 19 3701
3704 3703 867
3706 437 183
3708 18 2297
3710 19 3707
3712 3711 3709
3714 16 3713
3716 17 3705
3718 3717 3715
3720 18 863
3722 1345 3721
3724 115 457
3726 18 3725
3728 16 3726
3730 17 3723
3732 3731 3729
3734 14 3733
3736 15 3719
3738 3737 3735
3740 8 3739
3742 9 3699
3744 3743 3741
3746 18 2173
3748 653 3747
3750 719 3673
3752 16 3751
3754 17 3749
3756 3755 3753
3758 103 947
3760 19 3759
3762 3761 2091
3764 427 37
3766 19 3765
3768 3767 651
3770 16 3769
3772 17 3763
3774 3773 3771
3776 14 3775
3778 15 3757
3780 3779 3777
3782 79 269
3784 19 3783
3786 3785 2859
3788 19 949
3790 3789 2865
3792 16 3791
3794 17 3787
3796 3795 3793
3798 929 1091
3800 16 3799
3802 2885 3801
3804 14 3803
3806 15 3797
3808 3807 3805
3810 8 3809
3812 9 3781
3814 3813 3811
3816 12 3815
3818 13 3745
3820 3819 3817
3822 343 183
3824 18 3823
3826 2179 3825
3828 1333 3673
3830 16 3829
3832 17 3827
3834 3833 3831
3836 18 27
3838 847 3837
3840 16 3839
3842 3691 3841
3844 14 3843
3846 15 3835
3848 3847 3845
3850 1833 811
3852 18 1963
3854 1333 3853
3856 16 3855
3858 17 3851
3860 3859 3857
3862 1345 1877
3864 813 659
3866 16 3865
3868 17 3863
3870 3869 3867
3872 14 3871
3874 15 3861
3876 3875 3873
3878 8 3877
3880 9 3849
3882 3881 3879
3884 679 2091
3886 18 2051
3888 3703 3887
3890 16 3889
3892 17 3885
3894 3893 3891
3896 129 947
3898 19 3897
3900 3899 2091
3902 239 37
3904 19 3903
3906 3905 651
3908 16 3907
3910 17 3901
3912 3911 3909
3914 14 3913
3916 15 3895
3918 3917 3915
3920 281 671
3922 18 3921
3924 2179 3923
3926 813 3709
3928 16 3927
3930 17 3925
3932 3931 3929
3934 1249 1713
3936 129 671
3938 19 3937
3940 3939 659
3942 16 3941
3944 17 3935
3946 3945 3943
3948 14 3947
3950 15 3933
3952 3951 3949
3954 8 3953
3956 9 3919
3958 3957 3955
3960 12 3959
3962 13 3883
3964 3963 3961
3966 10 3965
3968 11 3821
3970 3969 3967
3972 18 717
3974 1039 3973
3976 1047 269
3978 18 3977
3980 3711 3979
3982 16 3981
3984 17 3975
3986 3985 3983
3988 103 1115
3990 19 3989
3992 3991 1877
3994 17 3993
3996 3995 3689
3998 14 3997
4000 15 3987
4002 4001 3999
4004 1823 3983
4006 817 203
4008 18 4007
4010 3513 4009
4012 16 1726
4014 17 4011
4016 4015 4013
4018 14 4017
4020 15 4005
4022 4021 4019
4024 8 4023
4026 9 4003
4028 4027 4025
4030 18 673
4032 2053 4031
4034 1053 3979
4036 16 4035
4038 17 4033
4040 4039 4037
4042 18 3903
4044 2617 4043
4046 17 4045
4048 4047 3771
4050 14 4049
4052 15 4041
4054 4053 4051
4056 9 4055
4058 4057 3229
4060 12 4059
4062 13 4029
4064 4063 4061
4066 2053 3517
4068 17 4067
4070 4069 3929
4072 343 1115
4074 19 4073
4076 4075 1877
4078 1097 95
4080 18 4079
4082 1259 4081
4084 16 4083
4086 17 4077
4088 4087 4085
4090 14 4089
4092 15 4071
4094 4093 4091
4096 879 671
4098 18 4097
4100 653 4099
4102 813 3673
4104 16 4103
4106 17 4101
4108 4107 4105
4110 4075 1713
4112 3939 1727
4114 16 4113
4116 17 4111
4118 4117 4115
4120 14 4119
4122 15 4109
4124 4123 4121
4126 8 4125
4128 9 4095
4130 4129 4127
4132 343 203
4134 18 4133
4136 1707 4135
4138 18 1035
4140 907 4139
4142 16 4141
4144 17 4137
4146 4145 4143
4148 2693 4043
4150 1039 689
4152 16 4151
4154 17 4149
4156 4155 4153
4158 14 4157
4160 15 4147
4162 4161 4159
4164 18 3707
4166 2053 4165
4168 879 203
4170 18 4169
4172 847 4171
4174 16 4173
4176 17 4167
4178 4177 4175
4180 175 37
4182 18 4181
4184 813 4183
4186 16 4185
4188 4087 4187
4190 14 4189
4192 15 4179
4194 4193 4191
4196 8 4195
4198 9 4163
4200 4199 4197
4202 12 4201
4204 13 4131
4206 4205 4203
4208 10 4207
4210 11 4065
4212 4211 4209
4214 2 4213
4216 3 3971
4218 4217 4215
4220 6 4219
4222 535 4221
4224 1775 287
4226 3403 2663
4228 16 4227
4230 17 4225
4232 4231 4229
4234 1345 3747
4236 1771 737
4238 16 4237
4240 17 4235
4242 4241 4239
4244 14 4243
4246 15 4233
4248 4247 4245
4250 387 441
4252 18 4251
4254 839 59
4256 18 4255
4258 16 4256
4260 17 4252
4262 4261 4259
4264 1383 1923
4266 16 1530
4268 17 4265
4270 4269 4267
4272 14 4271
4274 15 4263
4276 4275 4273
4278 8 4277
4280 9 4249
4282 4281 4279
4284 39 1115
4286 19 4285
4288 4287 651
4290 16 3885
4292 17 4289
4294 4293 4291
4296 3761 737
4298 19 1639
4300 4299 651
4302 16 4301
4304 17 4297
4306 4305 4303
4308 14 4307
4310 15 4295
4312 4311 4309
4314 685 95
4316 19 4315
4318 4317 905
4320 679 2615
4322 16 4321
4324 17 4319
4326 4325 4323
4328 115 947
4330 18 4329
4332 2617 4331
4334 679 1091
4336 16 4335
4338 17 4333
4340 4339 4337
4342 14 4341
4344 15 4327
4346 4345 4343
4348 8 4347
4350 9 4313
4352 4351 4349
4354 12 4353
4356 13 4283
4358 4357 4355
4360 3513 651
4362 3403 2091
4364 16 4363
4366 17 4361
4368 4367 4365
4370 1345 737
4372 4299 737
4374 16 4373
4376 17 4371
4378 4377 4375
4380 14 4379
4382 15 4369
4384 4383 4381
4386 2495 597
4388 1383 761
4390 16 4389
4392 17 4387
4394 4393 4391
4396 1383 577
4398 17 4397
4400 4399 631
4402 14 4401
4404 15 4395
4406 4405 4403
4408 8 4407
4410 9 4385
4412 4411 4409
4414 19 1119
4416 4415 2091
4418 879 77
4420 19 4419
4422 4421 2079
4424 16 4423
4426 17 4417
4428 4427 4425
4430 19 1453
4432 4431 3887
4434 161 1115
4436 18 4435
4438 19 2303
4440 4439 4437
4442 16 4441
4444 17 4433
4446 4445 4443
4448 14 4447
4450 15 4429
4452 4451 4449
4454 599 3055
4456 16 1902
4458 17 4455
4460 4459 4457
4462 1531 431
4464 16 4463
4466 17 464
4468 4467 4465
4470 14 4469
4472 15 4461
4474 4473 4471
4476 8 4475
4478 9 4453
4480 4479 4477
4482 12 4481
4484 13 4413
4486 4485 4483
4488 10 4487
4490 11 4359
4492 4491 4489
4494 7 4493
4496 4495 797
4498 4 4497
4500 5 4223
4502 4501 4499
4504 205 457
4506 18 4505
4508 1897 4507
4510 19 57
4512 4511 2431
4514 16 4513
4516 17 4509
4518 4517 4515
4520 19 551
4522 4521 2579
4524 19 386
4526 4525 935
4528 16 4527
4530 17 4523
4532 4531 4529
4534 14 4533
4536 15 4519
4538 4537 4535
4540 249 457
4542 18 4541
4544 19 44
4546 4545 4543
4548 281 127
4550 18 4549
4552 4511 4551
4554 16 4553
4556 17 4547
4558 4557 4555
4560 4521 275
4562 427 203
4564 19 4563
4566 4565 2859
4568 16 4567
4570 17 4561
4572 4571 4569
4574 14 4573
4576 15 4559
4578 4577 4575
4580 8 4579
4582 9 4539
4584 4583 4581
4586 19 2077
4588 4587 2035
4590 2205 651
4592 16 4591
4594 17 4589
4596 4595 4593
4598 2093 2579
4600 19 759
4602 4601 1877
4604 16 4603
4606 17 4599
4608 4607 4605
4610 14 4609
4612 15 4597
4614 4613 4611
4616 661 651
4618 16 41
4620 17 4617
4622 4621 4619
4624 14 41
4626 15 4623
4628 4627 4625
4630 8 4629
4632 9 4615
4634 4633 4631
4636 12 4635
4638 13 4585
4640 4639 4637
4642 18 3435
4644 1633 4643
4646 19 52
4648 4647 1991
4650 16 4649
4652 17 4645
4654 4653 4651
4656 1657 2579
4658 387 151
4660 19 4659
4662 4661 4551
4664 16 4663
4666 17 4657
4668 4667 4665
4670 14 4669
4672 15 4655
4674 4673 4671
4676 175 457
4678 18 4677
4680 1859 4679
4682 4647 2305
4684 16 4683
4686 17 4681
4688 4687 4685
4690 2299 659
4692 3939 2305
4694 16 4693
4696 17 4691
4698 4697 4695
4700 14 4699
4702 15 4689
4704 4703 4701
4706 8 4705
4708 9 4675
4710 4709 4707
4712 18 178
4714 1859 4713
4716 17 4715
4718 4717 613
4720 1965 553
4722 1383 935
4724 16 4723
4726 17 4721
4728 4727 4725
4730 14 4729
4732 15 4719
4734 4733 4731
4736 249 441
4738 18 4737
4740 1859 4739
4742 609 2287
4744 16 4743
4746 17 4741
4748 4747 4745
4750 175 95
4752 18 4751
4754 1965 4753
4756 2451 2305
4758 16 4757
4760 17 4755
4762 4761 4759
4764 14 4763
4766 15 4749
4768 4767 4765
4770 8 4769
4772 9 4735
4774 4773 4771
4776 12 4775
4778 13 4711
4780 4779 4777
4782 10 4781
4784 11 4641
4786 4785 4783
4788 1633 4507
4790 1865 761
4792 16 4791
4794 17 4789
4796 4795 4793
4798 2003 4081
4800 4525 3583
4802 16 4801
4804 17 4799
4806 4805 4803
4808 14 4807
4810 15 4797
4812 4811 4809
4814 1859 4507
4816 873 151
4818 19 4817
4820 4819 883
4822 16 4821
4824 17 4815
4826 4825 4823
4828 61 457
4830 19 4829
4832 4831 275
4834 879 947
4836 18 4835
4838 4565 4837
4840 16 4839
4842 17 4833
4844 4843 4841
4846 14 4845
4848 15 4827
4850 4849 4847
4852 8 4851
4854 9 4813
4856 4855 4853
4858 4299 2035
4860 167 541
4862 16 4861
4864 17 4859
4866 4865 4863
4868 2093 4081
4870 4601 4099
4872 16 4871
4874 17 4869
4876 4875 4873
4878 14 4877
4880 15 4867
4882 4881 4879
4884 4317 651
4886 679 651
4888 16 4887
4890 17 4885
4892 4891 4889
4894 2093 4031
4896 16 4895
4898 17 41
4900 4899 4897
4902 14 4901
4904 15 4893
4906 4905 4903
4908 8 4907
4910 9 4883
4912 4911 4909
4914 12 4913
4916 13 4857
4918 4917 4915
4920 19 4549
4922 4921 4643
4924 4525 761
4926 16 4925
4928 17 4923
4930 4929 4927
4932 4661 3583
4934 16 4933
4936 4805 4935
4938 14 4937
4940 15 4931
4942 4941 4939
4944 281 1115
4946 19 4945
4948 4947 4679
4950 4525 2287
4952 16 4951
4954 17 4949
4956 4955 4953
4958 1965 659
4960 3939 4837
4962 16 4961
4964 17 4959
4966 4965 4963
4968 14 4967
4970 15 4957
4972 4971 4969
4974 8 4973
4976 9 4943
4978 4977 4975
4980 4947 4643
4982 18 63
4984 2451 4983
4986 16 4985
4988 17 4981
4990 4989 4987
4992 18 2001
4994 1965 4993
4996 18 1477
4998 2797 4997
5000 16 4999
5002 17 4995
5004 5003 5001
5006 14 5005
5008 15 4991
5010 5009 5007
5012 18 319
5014 2451 5013
5016 16 5015
5018 4955 5017
5020 249 151
5022 18 2643
5024 19 5021
5026 5025 5023
5028 16 5027
5030 4965 5029
5032 14 5031
5034 15 5019
5036 5035 5033
5038 8 5037
5040 9 5011
5042 5041 5039
5044 12 5043
5046 13 4979
5048 5047 5045
5050 10 5049
5052 11 4919
5054 5053 5051
5056 2 5055
5058 3 4787
5060 5059 5057
5062 6 5061
5064 18 207
5066 1093 5065
5068 427 127
5070 97 671
5072 18 5071
5074 19 5069
5076 5075 5073
5078 16 5077
5080 17 5067
5082 5081 5079
5084 18 670
5086 579 5085
5088 19 4737
5090 5089 4009
5092 16 5091
5094 17 5087
5096 5095 5093
5098 14 5097
5100 15 5083
5102 5101 5099
5104 249 37
5106 18 5105
5108 19 463
5110 5109 5107
5112 839 37
5114 1195 947
5116 18 5115
5118 19 5113
5120 5119 5117
5122 16 5121
5124 17 5111
5126 5125 5123
5128 459 947
5130 18 5129
5132 579 5131
5134 239 671
5136 19 5135
5138 5137 2969
5140 16 5139
5142 17 5133
5144 5143 5141
5146 14 5145
5148 15 5127
5150 5149 5147
5152 8 5151
5154 9 5103
5156 5155 5153
5158 1707 2177
5160 4587 1727
5162 16 5161
5164 17 5159
5166 5165 5163
5168 18 3765
5170 2093 5169
5172 19 4751
5174 5173 1713
5176 16 5175
5178 17 5171
5180 5179 5177
5182 14 5181
5184 15 5167
5186 5185 5183
5188 9 5187
5190 5189 705
5192 12 5191
5194 13 5157
5196 5195 5193
5198 18 202
5200 19 1711
5202 5201 5199
5204 879 1115
5206 19 5205
5208 5207 5013
5210 16 5209
5212 17 5203
5214 5213 5211
5216 281 37
5218 18 5217
5220 5201 5219
5222 175 269
5224 18 2071
5226 19 5223
5228 5227 5225
5230 16 5229
5232 17 5221
5234 5233 5231
5236 14 5235
5238 15 5215
5240 5239 5237
5242 2053 1877
5244 129 203
5246 19 5245
5248 5247 1713
5250 16 5249
5252 17 5243
5254 5253 5251
5256 2053 1713
5258 129 37
5260 19 5259
5262 5261 651
5264 16 5263
5266 17 5257
5268 5267 5265
5270 14 5269
5272 15 5255
5274 5273 5271
5276 8 5275
5278 9 5241
5280 5279 5277
5282 271 203
5284 19 5283
5286 5285 4713
5288 19 50
5290 5289 553
5292 16 5291
5294 17 5287
5296 5295 5293
5298 1097 269
5300 19 5299
5302 5301 553
5304 19 4251
5306 5305 553
5308 16 5307
5310 17 5303
5312 5311 5309
5314 14 5313
5316 15 5297
5318 5317 5315
5320 2053 2129
5322 2165 1727
5324 16 5323
5326 17 5321
5328 5327 5325
5330 79 671
5332 19 5331
5334 5333 1727
5336 16 5335
5338 2365 5337
5340 14 5339
5342 15 5329
5344 5343 5341
5346 8 5345
5348 9 5319
5350 5349 5347
5352 12 5351
5354 13 5281
5356 5355 5353
5358 10 5357
5360 11 5197
5362 5361 5359
5364 7 5363
5366 4 5364
5368 5 5062
5370 5369 5367
5372 18 126
5374 813 5373
5376 1039 4009
5378 16 5377
5380 17 5375
5382 5381 5379
5384 129 1115
5386 18 4945
5388 19 5385
5390 5389 5387
5392 4565 3327
5394 16 5393
5396 17 5391
5398 5397 5395
5400 14 5399
5402 15 5383
5404 5403 5401
5406 437 671
5408 18 5407
5410 813 5409
5412 2165 1831
5414 16 5413
5416 17 5411
5418 5417 5415
5420 5389 1727
5422 1333 845
5424 16 5423
5426 17 5421
5428 5427 5425
5430 14 5429
5432 15 5419
5434 5433 5431
5436 8 5435
5438 9 5405
5440 5439 5437
5442 19 1231
5444 5443 2821
5446 869 1187
5448 16 5447
5450 17 5445
5452 5451 5449
5454 1531 1187
5456 847 2839
5458 16 5457
5460 17 5455
5462 5461 5459
5464 14 5463
5466 15 5453
5468 5467 5465
5470 17 2494
5472 5471 4267
5474 16 3160
5476 14 5474
5478 15 5473
5480 5479 5477
5482 8 5481
5484 9 5469
5486 5485 5483
5488 12 5487
5490 13 5441
5492 5491 5489
5494 19 1629
5496 5495 4551
5498 1039 2917
5500 16 5499
5502 17 5497
5504 5503 5501
5506 4075 1187
5508 97 203
5510 18 5509
5512 3767 5511
5514 16 5513
5516 17 5507
5518 5517 5515
5520 14 5519
5522 15 5505
5524 5523 5521
5526 5495 4837
5528 5247 2917
5530 16 5529
5532 17 5527
5534 5533 5531
5536 4075 1247
5538 1351 5511
5540 16 5539
5542 17 5537
5544 5543 5541
5546 14 5545
5548 15 5535
5550 5549 5547
5552 8 5551
5554 9 5525
5556 5555 5553
5558 873 269
5560 19 5559
5562 5561 1187
5564 19 3053
5566 5565 1951
5568 16 5567
5570 17 5563
5572 5571 5569
5574 3487 1187
5576 205 269
5578 18 5577
5580 847 5579
5582 16 5581
5584 17 5575
5586 5585 5583
5588 14 5587
5590 15 5573
5592 5591 5589
5594 5561 1583
5596 5565 4165
5598 16 5597
5600 17 5595
5602 5601 5599
5604 847 5065
5606 16 5605
5608 5585 5607
5610 14 5609
5612 15 5603
5614 5613 5611
5616 8 5615
5618 9 5593
5620 5619 5617
5622 12 5621
5624 13 5557
5626 5625 5623
5628 10 5627
5630 11 5493
5632 5631 5629
5634 19 3823
5636 5635 5373
5638 1039 3709
5640 16 5639
5642 17 5637
5644 5643 5641
5646 18 1857
5648 1249 5647
5650 17 5649
5652 5651 5395
5654 14 5653
5656 15 5645
5658 5657 5655
5660 5635 5409
5662 17 5661
5664 5663 5415
5666 5427 3857
5668 14 5667
5670 15 5665
5672 5671 5669
5674 8 5673
5676 9 5659
5678 5677 5675
5680 16 868
5682 5451 5681
5684 17 1246
5686 5685 5459
5688 14 5687
5690 15 5683
5692 5691 5689
5694 9 5693
5696 5695 5483
5698 12 5697
5700 13 5679
5702 5701 5699
5704 343 441
5706 19 5705
5708 5707 4551
5710 1039 1233
5712 16 5711
5714 17 5709
5716 5715 5713
5718 3767 3327
5720 16 5719
5722 1265 5721
5724 14 5723
5726 15 5717
5728 5727 5725
5730 5707 1225
5732 5247 1233
5734 16 5733
5736 17 5731
5738 5737 5735
5740 1351 3327
5742 16 5741
5744 1265 5743
5746 14 5745
5748 15 5739
5750 5749 5747
5752 8 5751
5754 9 5729
5756 5755 5753
5758 1259 3327
5760 16 5759
5762 1265 5761
5764 14 5763
5766 5749 5765
5768 12 5767
5770 13 5757
5772 5771 5769
5774 10 5773
5776 11 5703
5778 5777 5775
5780 2 5779
5782 3 5633
5784 5783 5781
5786 6 5785
5788 477 1187
5790 18 2509
5792 19 1114
5794 5793 5791
5796 16 5795
5798 17 5789
5800 5799 5797
5802 18 1069
5804 869 5803
5806 879 173
5808 19 5807
5810 5809 5647
5812 16 5811
5814 17 5805
5816 5815 5813
5818 14 5817
5820 15 5801
5822 5821 5819
5824 5109 5409
5826 19 3475
5828 5827 3033
5830 16 5829
5832 17 5825
5834 5833 5831
5836 4565 2597
5838 19 1915
5840 5839 1343
5842 16 5841
5844 17 5837
5846 5845 5843
5848 14 5847
5850 15 5835
5852 5851 5849
5854 8 5853
5856 9 5823
5858 5857 5855
5860 427 77
5862 18 5861
5864 5793 5863
5866 16 5865
5868 5471 5867
5870 281 269
5872 18 5113
5874 19 5871
5876 5875 5873
5878 437 173
5880 817 173
5882 18 5881
5884 19 5879
5886 5885 5883
5888 16 5887
5890 17 5877
5892 5891 5889
5894 14 5893
5896 15 5869
5898 5897 5895
5900 2495 217
5902 1531 1923
5904 16 5903
5906 17 5901
5908 5907 5905
5910 3479 3055
5912 17 5911
5914 5913 4465
5916 14 5915
5918 15 5909
5920 5919 5917
5922 8 5921
5924 9 5899
5926 5925 5923
5928 12 5927
5930 13 5859
5932 5931 5929
5934 2037 1187
5936 437 1115
5938 19 5937
5940 5939 2647
5942 16 5941
5944 17 5935
5946 5945 5943
5948 19 3671
5950 5949 5873
5952 1189 5225
5954 16 5953
5956 17 5951
5958 5957 5955
5960 14 5959
5962 15 5947
5964 5963 5961
5966 2053 4837
5968 5247 2683
5970 16 5969
5972 17 5967
5974 5973 5971
5976 2053 2663
5978 17 5977
5980 5979 4115
5982 14 5981
5984 15 5975
5986 5985 5983
5988 8 5987
5990 9 5965
5992 5991 5989
5994 1531 957
5996 16 5995
5998 17 1858
6000 5999 5997
6002 18 94
6004 2299 6003
6006 16 934
6008 17 6005
6010 6009 6007
6012 14 6011
6014 15 6001
6016 6015 6013
6018 1047 183
6020 18 6019
6022 5247 6021
6024 16 6023
6026 5973 6025
6028 459 37
6030 18 6029
6032 2053 6031
6034 17 6033
6036 6035 4115
6038 14 6037
6040 15 6027
6042 6041 6039
6044 8 6043
6046 9 6017
6048 6047 6045
6050 12 6049
6052 13 5993
6054 6053 6051
6056 10 6055
6058 11 5933
6060 6059 6057
6062 7 6061
6064 4 6062
6066 5 5786
6068 6067 6065
6070 18 57
6072 1643 6071
6074 1479 1521
6076 16 6075
6078 17 6073
6080 6079 6077
6082 18 4817
6084 1433 6083
6086 19 5881
6088 6087 1447
6090 16 6089
6092 17 6085
6094 6093 6091
6096 14 6095
6098 15 6081
6100 6099 6097
6102 1479 3127
6104 16 6103
6106 6079 6105
6108 1433 2493
6110 1663 133
6112 16 6111
6114 17 6109
6116 6115 6113
6118 14 6117
6120 15 6107
6122 6121 6119
6124 8 6123
6126 9 6101
6128 6127 6125
6130 1517 6071
6132 3213 1521
6134 16 6133
6136 17 6131
6138 6137 6135
6140 18 54
6142 1567 1397
6144 16 6143
6146 17 6140
6148 6147 6145
6150 14 6149
6152 15 6139
6154 6153 6151
6156 2165 2859
6158 17 6157
6160 6159 3793
6162 15 6161
6164 6163 3805
6166 8 6165
6168 9 6155
6170 6169 6167
6172 12 6171
6174 13 6129
6176 6175 6173
6178 18 2783
6180 929 6179
6182 17 6181
6184 6183 1483
6186 1517 6083
6188 839 947
6190 18 6189
6192 1643 6191
6194 16 6193
6196 17 6187
6198 6197 6195
6200 14 6199
6202 15 6185
6204 6203 6201
6206 1479 1397
6208 16 6207
6210 6183 6209
6212 1517 2493
6214 1047 59
6216 19 6215
6218 6217 1491
6220 16 6219
6222 17 6213
6224 6223 6221
6226 14 6225
6228 15 6211
6230 6229 6227
6232 8 6231
6234 9 6205
6236 6235 6233
6238 19 2857
6240 6239 6179
6242 18 872
6244 2649 6243
6246 16 6245
6248 17 6241
6250 6249 6247
6252 19 946
6254 6253 6083
6256 1643 6083
6258 16 6257
6260 17 6255
6262 6261 6259
6264 14 6263
6266 15 6251
6268 6267 6265
6270 6253 2493
6272 6217 2493
6274 16 6273
6276 17 6271
6278 6277 6275
6280 14 6279
6282 6267 6281
6284 8 6283
6286 9 6269
6288 6287 6285
6290 12 6289
6292 13 6237
6294 6293 6291
6296 10 6295
6298 11 6177
6300 6299 6297
6302 1643 1397
6304 16 6303
6306 6079 6305
6308 1449 6083
6310 6087 4257
6312 16 6311
6314 17 6309
6316 6315 6313
6318 14 6317
6320 15 6307
6322 6321 6319
6324 1643 377
6326 1643 1431
6328 16 6327
6330 17 6325
6332 6331 6329
6334 1449 2493
6336 17 6335
6338 6337 6113
6340 14 6339
6342 15 6333
6344 6343 6341
6346 8 6345
6348 9 6323
6350 6349 6347
6352 1433 6071
6354 477 1397
6356 16 6355
6358 17 6353
6360 6359 6357
6362 1531 6141
6364 1567 217
6366 16 6365
6368 17 6363
6370 6369 6367
6372 14 6371
6374 15 6361
6376 6375 6373
6378 433 957
6380 447 3191
6382 16 6381
6384 17 6379
6386 6385 6383
6388 437 95
6390 18 6389
6392 3213 6391
6394 16 6393
6396 3219 6395
6398 14 6397
6400 15 6387
6402 6401 6399
6404 8 6403
6406 9 6377
6408 6407 6405
6410 12 6409
6412 13 6351
6414 6413 6411
6416 1643 6179
6418 17 6417
6420 6419 6305
6422 1643 4257
6424 16 6423
6426 6315 6425
6428 14 6427
6430 15 6421
6432 6431 6429
6434 1643 165
6436 17 6435
6438 6437 6329
6440 6217 133
6442 16 6441
6444 6337 6443
6446 14 6445
6448 15 6439
6450 6449 6447
6452 8 6451
6454 9 6433
6456 6455 6453
6458 6217 6243
6460 16 6459
6462 6419 6461
6464 16 6073
6466 6315 6465
6468 14 6467
6470 15 6463
6472 6471 6469
6474 343 77
6476 18 6475
6478 6217 6477
6480 16 6479
6482 6437 6481
6484 6217 347
6486 16 6485
6488 6337 6487
6490 14 6489
6492 15 6483
6494 6493 6491
6496 8 6495
6498 9 6473
6500 6499 6497
6502 12 6501
6504 13 6457
6506 6505 6503
6508 10 6507
6510 11 6415
6512 6511 6509
6514 2 6513
6516 3 6301
6518 6517 6515
6520 6 6519
6522 19 5115
6524 6523 347
6526 18 1627
6528 19 42
6530 6529 6527
6532 16 6531
6534 17 6525
6536 6535 6533
6538 18 2031
6540 6523 6539
6542 18 2575
6544 2037 6543
6546 16 6545
6548 17 6541
6550 6549 6547
6552 14 6551
6554 15 6537
6556 6555 6553
6558 271 173
6560 18 6559
6562 19 5129
6564 6563 6561
6566 1047 151
6568 19 6567
6570 6569 1795
6572 16 6571
6574 17 6565
6576 6575 6573
6578 18 5871
6580 3205 6579
6582 6087 1655
6584 16 6583
6586 17 6581
6588 6587 6585
6590 14 6589
6592 15 6577
6594 6593 6591
6596 8 6595
6598 9 6557
6600 6599 6597
6602 1517 377
6604 18 946
6606 4545 6605
6608 16 6607
6610 17 6603
6612 6611 6609
6614 459 77
6616 18 6615
6618 19 6615
6620 6619 6243
6622 16 6621
6624 17 6616
6626 6625 6623
6628 14 6627
6630 15 6613
6632 6631 6629
6634 9 6633
6636 6635 4349
6638 12 6637
6640 13 6601
6642 6641 6639
6644 3193 2079
6646 2649 5131
6648 16 6647
6650 17 6645
6652 6651 6649
6654 4431 6617
6656 2073 6477
6658 16 6657
6660 17 6655
6662 6661 6659
6664 14 6663
6666 15 6653
6668 6667 6665
6670 873 173
6672 18 6671
6674 1517 6673
6676 1479 1529
6678 16 6677
6680 17 6675
6682 6681 6679
6684 6087 1397
6686 16 6685
6688 1525 6687
6690 14 6689
6692 15 6683
6694 6693 6691
6696 8 6695
6698 9 6669
6700 6699 6697
6702 2649 2403
6704 16 6703
6706 6651 6705
6708 4431 6477
6710 17 6709
6712 6711 6659
6714 14 6713
6716 15 6707
6718 6717 6715
6720 1479 1447
6722 16 6721
6724 6681 6723
6726 1517 1397
6728 17 6727
6730 6729 6687
6732 14 6731
6734 15 6725
6736 6735 6733
6738 8 6737
6740 9 6719
6742 6741 6739
6744 12 6743
6746 13 6701
6748 6747 6745
6750 10 6749
6752 11 6643
6754 6753 6751
6756 7 6755
6758 4 6756
6760 5 6520
6762 6761 6759
6764 18 878
6766 18 436
6768 16 6766
6770 17 6764
6772 6771 6769
6774 3193 1583
6776 16 6775
6778 17 6766
6780 6779 6777
6782 14 6781
6784 15 6773
6786 6785 6783
6788 17 956
6790 16 1516
6792 14 6790
6794 15 6788
6796 6795 6793
6798 8 6797
6800 9 6787
6802 6801 6799
6804 16 1188
6806 6779 6805
6808 14 6807
6810 15 6778
6812 6811 6809
6814 9 6813
6816 12 6814
6818 13 6803
6820 6819 6817
6822 16 436
6824 6779 6823
6826 14 6825
6828 6811 6827
6830 9 6829
6832 16 1582
6834 6779 6833
6836 1189 1583
6838 16 6837
6840 6779 6839
6842 14 6841
6844 15 6835
6846 6845 6843
6848 9 6847
6850 12 6848
6852 13 6830
6854 6853 6851
6856 10 6855
6858 11 6821
6860 6859 6857
6862 6771 6833
6864 15 6863
6866 6865 6783
6868 9 6867
6870 6869 6799
6872 16 1186
6874 6779 6873
6876 15 6875
6878 6877 6809
6880 9 6879
6882 12 6880
6884 13 6871
6886 6885 6883
6888 10 6848
6890 11 6887
6892 6891 6889
6894 2 6893
6896 3 6861
6898 6897 6895
6900 6 6899
6902 535 6901
6904 1189 957
6906 17 6905
6908 6907 6823
6910 1517 6767
6912 16 6911
6914 17 1188
6916 6915 6913
6918 14 6917
6920 15 6909
6922 6921 6919
6924 9 6923
6926 13 6924
6928 11 6926
6930 7 6928
6932 6931 797
6934 4 6933
6936 5 6903
6938 6937 6935
i0 p0p0gt0outside29temperature0room29temperature
i1 p0b0room29heating29off
i2 p0b0room29heating29on
i3 p0b0room29window29opened
i4 p0b0room29window29closed
i5 p0p0all2windows2closed0room
o0 u0room29heating29ctrl0f1dturn2on1b
o1 u0room29heating29ctrl0f1dturn2off1b
o2 u0music29ctrl0f1dplay0f1doverture1b1b
o3 u0room29heating29ctrl0room29heating29ctrl
o4 u0music29ctrl0music29ctrl
{"is_completed":true,"output_vars":["u0music29ctrl0f1dplay0f1doverture1b1b","u0music29ctrl0music29ctrl","u0room29heating29ctrl0f1dturn2off1b","u0room29heating29ctrl0f1dturn2on1b","u0room29heating29ctrl0room29heating29ctrl"],"input_vars":["p0p0gt0outside29temperature0room29temperature","p0p0all2windows2closed0room","p0b0room29window29closed","p0b0room29window29opened","p0b0room29heating29on","p0b0room29heating29off"],"formula":"(((G ((! (((u0room29heating29ctrl0f1dturn2on1b) && (! ((u0room29heating29ctrl0f1dturn2off1b) || (u0room29heating29ctrl0room29heating29ctrl)))) <-> ((! (((u0room29heating29ctrl0f1dturn2off1b) && (! (u0room29heating29ctrl0room29heating29ctrl))) <-> ((u0room29heating29ctrl0room29heating29ctrl) && (! (u0room29heating29ctrl0f1dturn2off1b))))) && (! (u0room29heating29ctrl0f1dturn2on1b))))) && (! (((u0music29ctrl0music29ctrl) && (! (u0music29ctrl0f1dplay0f1doverture1b1b))) <-> ((u0music29ctrl0f1dplay0f1doverture1b1b) && (! (u0music29ctrl0music29ctrl))))))) && ((G (((! ((p0b0room29heating29off) <-> (p0b0room29heating29on))) && ((u0room29heating29ctrl0f1dturn2on1b) -> (F ((u0room29heating29ctrl0f1dturn2off1b) R (p0b0room29heating29on))))) && ((u0room29heating29ctrl0f1dturn2off1b) -> (F ((u0room29heating29ctrl0f1dturn2on1b) R (p0b0room29heating29off)))))) -> (G ((p0p0gt0outside29temperature0room29temperature) -> (F (p0b0room29heating29off)))))) && ((G ((((! ((p0b0room29heating29off) <-> (p0b0room29heating29on))) && ((u0room29heating29ctrl0f1dturn2on1b) -> (F ((u0room29heating29ctrl0f1dturn2off1b) R (p0b0room29heating29on))))) && ((u0room29heating29ctrl0f1dturn2off1b) -> (F ((u0room29heating29ctrl0f1dturn2on1b) R (p0b0room29heating29off))))) && ((p0b0room29window29opened) -> (((! (p0p0all2windows2closed0room)) U (p0b0room29window29closed)) || (G (! (p0p0all2windows2closed0room))))))) -> (G ((p0b0room29window29opened) -> ((u0music29ctrl0f1dplay0f1doverture1b1b) && (F (((p0b0room29heating29off) U ((p0b0room29window29closed) && (p0p0all2windows2closed0room))) || (G (p0b0room29heating29off)))))))))","total_time":506,"automaton":{"is_built":true,"build_duration":17,"total_states":51,"state_based_status":"true","prune_automaton_duration":0,"pruned_state_based_status":"true","prune_total_states":51,"total_edges":240},"dependency":{"dependency_approach":"automaton","tested_dependencies":[],"total_duration":-1,"is_completed":true,"skipped_dependencies":true,"total_pair_state":-1},"unate":{"skipped_unate":true},"synthesis":{"model_checking_status":"UNKNOWN","independent_strategy":{"duration":487,"realizability":"REALIZABLE","total_inputs":6,"total_outputs":5,"total_latches":7,"total_gates":3456},"dependent_strategy":{"duration":-1,"total_inputs":-1,"total_outputs":-1,"total_latches":-1,"total_gates":-1}}}
