aag 117 11 2 4 104
2
4
6
8
10
12
14
16
18
20
22
24 211
26 235
0
54
104
111
28 10 27
30 21 28
32 19 27
34 17 32
36 10 34
38 21 36
40 14 38
42 2 40
44 3 38
46 45 43
48 6 47
50 7 30
52 51 49
54 5 53
56 24 26
58 11 56
60 21 58
62 11 26
64 21 62
66 2 64
68 3 60
70 69 67
72 19 56
74 17 72
76 11 74
78 21 76
80 19 26
82 17 80
84 11 82
86 21 84
88 14 86
90 2 88
92 3 78
94 93 91
96 9 95
98 6 96
100 7 71
102 101 99
104 4 103
106 4 102
108 5 52
110 109 107
112 27 25
114 10 112
116 25 11
118 20 117
120 21 115
122 121 119
124 122 3
126 112 19
128 126 17
130 10 128
132 25 19
134 132 17
136 134 11
138 20 137
140 21 131
142 141 139
144 142 3
146 19 17
148 146 11
150 20 149
152 21 37
154 153 151
156 14 154
158 2 157
160 3 155
162 161 159
164 8 163
166 9 145
168 167 165
170 6 169
172 7 125
174 173 171
176 116 21
178 176 3
180 136 21
182 180 3
184 148 21
186 14 184
188 2 187
190 3 185
192 191 189
194 8 193
196 9 183
198 197 195
200 6 199
202 7 179
204 203 201
206 4 205
208 5 175
210 209 207
212 27 11
214 20 212
216 34 11
218 20 216
220 14 218
222 2 221
224 3 219
226 225 223
228 6 227
230 7 215
232 231 229
234 232 5
i0 p0b02room29somebody2enters
i1 p0b02c2m29ready
i2 p0b02room29empty
i3 p0b02room29somebody2leaves
i4 p0b02c2m29standby
i5 p0b02room29sombebody2enters
i6 p0b02room29sombebody2leaves
i7 p0b02room29switch29toggled
i8 p0b02room29bed29occupied
i9 p0b02c2m29busy
i10 p0b02c2m29finished
o0 u02c2m29ctrl0f1d2c2m29turn2off1b
o1 u02c2m29ctrl0f1d2c2m29turn2on1b
o2 u02c2m29ctrl02c2m29ctrl
o3 u02c2m29ctrl0f1d2c2m29make2coffee1b
{"is_completed":true,"output_vars":["u02c2m29ctrl0f1d2c2m29turn2off1b","u02c2m29ctrl0f1d2c2m29make2coffee1b","u02c2m29ctrl0f1d2c2m29turn2on1b","u02c2m29ctrl02c2m29ctrl"],"input_vars":["p0b02c2m29finished","p0b02c2m29busy","p0b02c2m29standby","p0b02c2m29ready","p0b02room29bed29occupied","p0b02room29sombebody2enters","p0b02room29somebody2leaves","p0b02room29sombebody2leaves","p0b02room29somebody2enters","p0b02room29switch29toggled","p0b02room29empty"],"formula":"((G (! (((! (((u02c2m29ctrl0f1d2c2m29make2coffee1b) && (! (u02c2m29ctrl02c2m29ctrl))) <-> ((u02c2m29ctrl02c2m29ctrl) && (! (u02c2m29ctrl0f1d2c2m29make2coffee1b))))) && (! ((u02c2m29ctrl0f1d2c2m29turn2off1b) || (u02c2m29ctrl0f1d2c2m29turn2on1b)))) <-> ((! (((u02c2m29ctrl0f1d2c2m29turn2off1b) && (! (u02c2m29ctrl0f1d2c2m29turn2on1b))) <-> ((u02c2m29ctrl0f1d2c2m29turn2on1b) && (! (u02c2m29ctrl0f1d2c2m29turn2off1b))))) && (! ((u02c2m29ctrl0f1d2c2m29make2coffee1b) || (u02c2m29ctrl02c2m29ctrl))))))) && ((((((((((((((G ((p0b02room29empty) -> (! (p0b02room29switch29toggled)))) && (G ((p0b02room29somebody2enters) -> (((! (p0b02room29empty)) U ((p0b02room29sombebody2leaves) && (p0b02room29empty))) || (G (! (p0b02room29empty))))))) && (G (((p0b02room29somebody2leaves) && (p0b02room29empty)) -> (((p0b02room29empty) U (p0b02room29sombebody2enters)) || (G (p0b02room29empty)))))) && (G ((p0b02room29bed29occupied) -> (! (p0b02room29empty))))) && ((((! (p0b02room29empty)) U ((p0b02room29sombebody2leaves) && (p0b02room29empty))) || (G (! (p0b02room29empty)))) || (((p0b02room29empty) U (p0b02room29sombebody2enters)) || (G (p0b02room29empty))))) && (G (((p0b02c2m29ready) || (p0b02c2m29standby)) || (p0b02c2m29busy)))) && (G ((p0b02c2m29ready) -> ((! (p0b02c2m29standby)) && (! (p0b02c2m29busy)))))) && (G ((p0b02c2m29standby) -> ((! (p0b02c2m29busy)) && (! (p0b02c2m29ready)))))) && (G ((p0b02c2m29busy) -> ((! (p0b02c2m29ready)) && (! (p0b02c2m29standby)))))) && (G (((u02c2m29ctrl0f1d2c2m29turn2on1b) && (p0b02c2m29standby)) -> (X ((p0b02c2m29busy) U (((u02c2m29ctrl0f1d2c2m29make2coffee1b) || (u02c2m29ctrl0f1d2c2m29turn2off1b)) R (p0b02c2m29ready))))))) && (G (((u02c2m29ctrl0f1d2c2m29turn2off1b) && (p0b02c2m29ready)) -> (X ((p0b02c2m29busy) U ((u02c2m29ctrl0f1d2c2m29turn2on1b) R (p0b02c2m29standby))))))) && (G (((u02c2m29ctrl0f1d2c2m29make2coffee1b) && (p0b02c2m29ready)) -> (X ((p0b02c2m29busy) U ((p0b02c2m29finished) && (((u02c2m29ctrl0f1d2c2m29make2coffee1b) || (u02c2m29ctrl0f1d2c2m29turn2off1b)) R (p0b02c2m29ready)))))))) && (F ((p0b02c2m29standby) || (p0b02c2m29ready)))) -> (G ((p0b02room29somebody2enters) -> (F (((p0b02c2m29ready) U ((p0b02room29somebody2leaves) && (p0b02room29empty))) || (G (p0b02c2m29ready))))))))","total_time":184,"automaton":{"is_built":true,"build_duration":24,"total_states":17,"state_based_status":"true","prune_automaton_duration":0,"pruned_state_based_status":"true","prune_total_states":17,"total_edges":60},"dependency":{"dependency_approach":"automaton","tested_dependencies":[],"total_duration":-1,"is_completed":true,"skipped_dependencies":true,"total_pair_state":-1},"unate":{"skipped_unate":true},"synthesis":{"model_checking_status":"UNKNOWN","independent_strategy":{"duration":159,"realizability":"REALIZABLE","total_inputs":11,"total_outputs":4,"total_latches":2,"total_gates":104},"dependent_strategy":{"duration":-1,"total_inputs":-1,"total_outputs":-1,"total_latches":-1,"total_gates":-1}}}
