aag 273 4 4 3 265
2
4
6
8
10 311
12 409
14 499
16 547
115
211
226
18 15 16
20 13 18
22 15 17
24 14 17
26 12 24
28 13 22
30 29 27
32 10 31
34 11 20
36 35 33
38 13 15
40 39 27
42 10 41
44 35 43
46 8 45
48 9 37
50 49 47
52 10 28
54 9 52
56 4 54
58 5 51
60 59 57
62 11 41
64 63 33
66 12 17
68 39 67
70 10 69
72 11 38
74 73 71
76 8 75
78 9 65
80 79 77
82 5 81
84 83 57
86 19 25
88 13 87
90 89 27
92 11 91
94 93 33
96 9 95
98 97 77
100 5 99
102 101 57
104 6 103
106 7 85
108 107 105
110 2 109
112 3 61
114 113 111
116 13 17
118 117 27
120 12 22
122 89 121
124 10 123
126 11 119
128 127 125
130 10 120
132 127 131
134 8 133
136 9 129
138 137 135
140 14 16
142 89 67
144 10 143
146 11 141
148 147 145
150 13 141
152 151 67
154 10 153
156 147 155
158 8 157
160 9 149
162 161 159
164 4 163
166 5 139
168 167 165
170 13 24
172 11 170
174 173 125
176 11 24
178 8 176
180 9 175
182 181 179
184 5 183
186 185 165
188 11 28
190 189 125
192 9 191
194 193 179
196 5 195
198 197 165
200 6 199
202 7 187
204 203 201
206 2 205
208 3 169
210 209 207
212 12 15
214 11 212
216 10 170
218 215 217
220 8 219
222 9 214
224 223 221
226 5 225
228 151 121
230 10 229
232 11 66
234 233 231
236 9 235
238 237 221
240 11 26
242 241 231
244 9 243
246 4 244
248 5 239
250 249 247
252 127 231
254 9 253
256 255 221
258 4 254
260 5 257
262 261 259
264 6 263
266 7 251
268 267 265
270 171 67
272 11 271
274 273 231
276 12 141
278 171 277
280 11 279
282 281 217
284 8 283
286 9 275
288 287 285
290 5 289
292 291 247
294 255 285
296 5 295
298 297 259
300 6 299
302 7 293
304 303 301
306 2 305
308 3 269
310 309 307
312 21 67
314 10 66
316 11 313
318 317 315
320 21 213
322 151 27
324 10 323
326 11 321
328 327 325
330 8 329
332 9 319
334 333 331
336 12 87
338 21 337
340 11 339
342 341 231
344 9 343
346 4 344
348 5 335
350 349 347
352 11 323
354 353 315
356 9 355
358 357 331
360 9 157
362 4 360
364 5 359
366 365 363
368 6 367
370 7 351
372 371 369
374 10 26
376 11 229
378 377 375
380 9 379
382 381 159
384 5 383
386 385 347
388 35 375
390 9 389
392 391 159
394 5 393
396 395 363
398 6 397
400 7 387
402 401 399
404 2 403
406 3 373
408 407 405
410 117 121
412 11 411
414 413 53
416 117 277
418 171 121
420 10 419
422 11 417
424 423 421
426 8 425
428 9 415
430 429 427
432 151 213
434 11 433
436 435 375
438 9 437
440 439 159
442 4 441
444 5 431
446 445 443
448 55 427
450 327 375
452 9 451
454 453 159
456 4 455
458 5 449
460 459 457
462 6 461
464 7 447
466 465 463
468 273 53
470 9 469
472 471 285
474 5 473
476 475 443
478 177 53
480 9 479
482 481 285
484 5 483
486 485 457
488 6 487
490 7 477
492 491 489
494 2 493
496 3 467
498 497 495
500 10 88
502 11 18
504 503 501
506 9 505
508 5 506
510 10 91
512 327 511
514 9 513
516 5 514
518 6 516
520 7 508
522 521 519
524 503 125
526 9 525
528 5 526
530 327 145
532 9 531
534 5 532
536 6 534
538 7 528
540 539 537
542 2 541
544 3 523
546 545 543
i0 p0p0enter2event0bottom
i1 p0p0exit2event0top
i2 p0p0enter2event0top
i3 p0p0exit2event0bottom
o0 u0steps0f1dmove2up1b
o1 u0steps0f1dmove2down1b
o2 u0steps0steps
{"is_completed":true,"output_vars":["u0steps0f1dmove2up1b","u0steps0f1dmove2down1b","u0steps0steps"],"input_vars":["p0p0exit2event0top","p0p0exit2event0bottom","p0p0enter2event0top","p0p0enter2event0bottom"],"formula":"((G (! (((u0steps0f1dmove2down1b) && (! ((u0steps0f1dmove2up1b) || (u0steps0steps)))) <-> ((! (((u0steps0f1dmove2up1b) && (! (u0steps0steps))) <-> ((u0steps0steps) && (! (u0steps0f1dmove2up1b))))) && (! (u0steps0f1dmove2down1b)))))) && (((G ((p0p0enter2event0bottom) -> ((G (F ((u0steps0f1dmove2up1b) && (((! (u0steps0f1dmove2down1b)) U (p0p0exit2event0top)) || (G (! (u0steps0f1dmove2down1b))))))) -> (F (p0p0exit2event0top))))) && (G ((p0p0enter2event0top) -> ((G (F ((u0steps0f1dmove2down1b) && (((! (u0steps0f1dmove2up1b)) U (p0p0exit2event0bottom)) || (G (! (u0steps0f1dmove2up1b))))))) -> (F (p0p0exit2event0bottom)))))) -> ((G ((p0p0enter2event0bottom) -> (F ((u0steps0f1dmove2up1b) U (p0p0exit2event0top))))) && (G ((p0p0enter2event0top) -> (F ((u0steps0f1dmove2down1b) U (p0p0exit2event0bottom))))))))","total_time":9,"automaton":{"is_built":true,"build_duration":4,"total_states":14,"state_based_status":"true","prune_automaton_duration":0,"pruned_state_based_status":"true","prune_total_states":14,"total_edges":50},"dependency":{"dependency_approach":"automaton","tested_dependencies":[],"total_duration":-1,"is_completed":false,"skipped_dependencies":true,"total_pair_state":-1},"unate":{"skipped_unate":true},"synthesis":{"model_checking_status":"UNKNOWN","independent_strategy":{"duration":4,"realizability":"REALIZABLE","total_inputs":4,"total_outputs":3,"total_latches":4,"total_gates":265},"dependent_strategy":{"duration":-1,"total_inputs":-1,"total_outputs":-1,"total_latches":-1,"total_gates":-1}}}
