aag 754 6 5 4 743
2
4
6
8
10
12
14 679
16 953
18 1161
20 1351
22 1509
115
285
0
421
24 21 23
26 18 24
28 19 22
30 29 27
32 20 23
34 18 32
36 16 34
38 17 31
40 39 37
42 18 23
44 19 24
46 45 43
48 45 35
50 16 49
52 17 47
54 53 51
56 14 55
58 15 41
60 59 57
62 8 61
64 7 62
66 21 22
68 19 66
70 69 35
72 16 71
74 39 73
76 67 33
78 18 77
80 45 79
82 16 81
84 53 83
86 14 85
88 15 75
90 89 87
92 11 91
94 8 92
96 7 94
98 2 96
100 3 64
102 101 99
104 12 96
106 2 104
108 101 107
110 4 109
112 5 103
114 113 111
116 20 22
118 18 116
120 16 117
122 17 119
124 123 121
126 14 125
128 15 119
130 129 127
132 19 77
134 16 132
136 17 32
138 137 135
140 18 66
142 19 20
144 143 141
146 18 21
148 16 146
150 17 145
152 151 149
154 14 153
156 15 139
158 157 155
160 8 159
162 9 131
164 163 161
166 19 23
168 167 27
170 16 169
172 17 23
174 173 171
176 14 175
178 15 23
180 179 177
182 8 131
184 9 181
186 185 183
188 6 187
190 7 165
192 191 189
194 19 32
196 16 194
198 17 34
200 199 197
202 17 194
204 14 202
206 15 201
208 207 205
210 10 131
212 11 209
214 213 211
216 8 215
218 163 217
220 195 43
222 17 221
224 223 171
226 14 169
228 15 225
230 229 227
232 11 231
234 233 211
236 9 235
238 237 183
240 6 239
242 7 219
244 243 241
246 2 245
248 3 193
250 249 247
252 16 23
254 223 253
256 15 255
258 257 177
260 9 259
262 261 183
264 6 263
266 191 265
268 12 245
270 13 131
272 271 269
274 2 273
276 3 267
278 277 275
280 4 279
282 5 251
284 283 281
286 45 141
288 19 76
290 289 147
292 16 291
294 17 287
296 295 293
298 17 68
300 299 135
302 14 301
304 15 297
306 305 303
308 8 307
310 29 141
312 69 79
314 16 313
316 17 311
318 317 315
320 14 319
322 15 311
324 323 321
326 9 325
328 6 326
330 7 308
332 331 329
334 167 141
336 17 335
338 337 293
340 133 27
342 16 341
344 317 343
346 14 345
348 15 339
350 349 347
352 11 351
354 8 352
356 19 33
358 357 141
360 29 79
362 16 361
364 17 359
366 365 363
368 17 361
370 369 315
372 14 371
374 15 367
376 375 373
378 11 377
380 9 378
382 6 380
384 7 354
386 385 383
388 2 387
390 3 333
392 391 389
394 16 311
396 365 395
398 15 397
400 399 321
402 9 401
404 6 402
406 331 405
408 12 387
410 2 408
412 3 407
414 413 411
416 4 415
418 5 393
420 419 417
422 19 21
424 423 43
426 69 27
428 16 427
430 17 425
432 431 429
434 19 117
436 435 27
438 16 437
440 17 77
442 441 439
444 14 443
446 15 433
448 447 445
450 8 449
452 133 43
454 17 453
456 455 37
458 69 43
460 195 27
462 16 461
464 17 459
466 465 463
468 14 467
470 15 457
472 471 469
474 9 473
476 6 474
478 7 450
480 479 477
482 17 49
484 483 463
486 16 24
488 17 461
490 489 487
492 14 491
494 15 485
496 495 493
498 11 497
500 8 498
502 17 356
504 503 73
506 16 78
508 199 507
510 14 509
512 15 505
514 513 511
516 11 515
518 9 516
520 6 518
522 7 500
524 523 521
526 17 44
528 15 526
530 11 528
532 8 530
534 9 530
536 6 534
538 7 532
540 539 537
542 12 541
544 13 525
546 545 543
548 2 547
550 3 481
552 551 549
554 18 117
556 29 555
558 16 28
560 17 557
562 561 559
564 16 453
566 17 313
568 567 565
570 14 569
572 15 563
574 573 571
576 8 575
578 19 25
580 579 555
582 19 116
584 583 35
586 16 585
588 17 581
590 589 587
592 16 221
594 465 593
596 14 595
598 15 591
600 599 597
602 9 601
604 6 602
606 7 576
608 607 605
610 18 20
612 357 79
614 16 613
616 17 611
618 617 615
620 16 77
622 17 613
624 623 621
626 14 625
628 15 619
630 629 627
632 11 631
634 8 632
636 167 555
638 19 67
640 639 147
642 16 641
644 17 637
646 645 643
648 617 439
650 14 649
652 15 647
654 653 651
656 11 655
658 9 656
660 6 658
662 7 634
664 663 661
666 12 665
668 2 666
670 3 609
672 671 669
674 4 673
676 5 553
678 677 675
680 143 27
682 289 79
684 16 683
686 17 681
688 687 685
690 639 35
692 133 141
694 16 693
696 17 691
698 697 695
700 14 699
702 15 689
704 703 701
706 8 705
708 163 707
710 357 555
712 16 711
714 17 117
716 715 713
718 639 555
720 435 147
722 16 721
724 17 719
726 725 723
728 14 727
730 15 717
732 731 729
734 9 733
736 735 183
738 6 737
740 7 709
742 741 739
744 16 166
746 173 745
748 17 166
750 749 197
752 14 751
754 15 747
756 755 753
758 11 757
760 759 211
762 8 761
764 163 763
766 18 22
768 435 43
770 16 769
772 17 767
774 773 771
776 16 637
778 173 777
780 14 779
782 15 775
784 783 781
786 11 785
788 787 211
790 9 789
792 791 183
794 6 793
796 7 765
798 797 795
800 17 169
802 801 487
804 17 24
806 805 171
808 14 807
810 15 803
812 811 809
814 11 813
816 815 211
818 8 817
820 163 819
822 15 175
824 823 227
826 11 825
828 827 211
830 9 829
832 831 183
834 6 833
836 7 821
838 837 835
840 12 839
842 13 799
844 843 841
846 2 845
848 3 743
850 849 847
852 16 554
854 489 853
856 435 141
858 16 857
860 17 585
862 861 859
864 14 863
866 15 855
868 867 865
870 8 869
872 163 871
874 579 43
876 17 875
878 877 315
880 583 555
882 133 555
884 16 883
886 17 881
888 887 885
890 14 889
892 15 879
894 893 891
896 9 895
898 897 183
900 6 899
902 7 873
904 903 901
906 15 491
908 907 809
910 11 909
912 911 211
914 8 913
916 163 915
918 877 771
920 15 919
922 921 781
924 11 923
926 925 211
928 9 927
930 929 183
932 6 931
934 7 917
936 935 933
938 12 937
940 271 939
942 2 941
944 3 905
946 945 943
948 4 947
950 5 851
952 951 949
954 195 79
956 17 955
958 957 315
960 143 147
962 17 961
964 963 853
966 14 965
968 15 959
970 969 967
972 8 971
974 16 66
976 299 975
978 583 141
980 17 979
982 981 975
984 14 983
986 15 977
988 987 985
990 9 989
992 6 990
994 7 972
996 995 993
998 18 76
1000 16 999
1002 589 1001
1004 17 999
1006 1005 621
1008 14 1007
1010 15 1003
1012 1011 1009
1014 11 1013
1016 8 1014
1018 16 119
1020 589 1019
1022 15 1021
1024 1023 127
1026 11 1025
1028 9 1026
1030 6 1028
1032 7 1016
1034 1033 1031
1036 579 147
1038 17 1037
1040 1039 615
1042 15 1041
1044 1043 627
1046 11 1045
1048 8 1046
1050 195 555
1052 17 1051
1054 1053 643
1056 15 1055
1058 1057 651
1060 11 1059
1062 9 1060
1064 6 1062
1066 7 1048
1068 1067 1065
1070 12 1069
1072 13 1035
1074 1073 1071
1076 2 1075
1078 3 997
1080 1079 1077
1082 167 35
1084 17 1083
1086 1085 315
1088 583 147
1090 17 1089
1092 1091 149
1094 14 1093
1096 15 1087
1098 1097 1095
1100 8 1099
1102 503 975
1104 981 315
1106 14 1105
1108 15 1103
1110 1109 1107
1112 9 1111
1114 6 1112
1116 7 1100
1118 1117 1115
1120 639 27
1122 17 1121
1124 1123 685
1126 195 141
1128 16 1127
1130 17 288
1132 1131 1129
1134 14 1133
1136 15 1125
1138 1137 1135
1140 11 1139
1142 8 1140
1144 7 1142
1146 1145 661
1148 12 1147
1150 2 1148
1152 3 1119
1154 1153 1151
1156 4 1155
1158 5 1081
1160 1159 1157
1162 143 43
1164 16 31
1166 17 1163
1168 1167 1165
1170 167 147
1172 16 1171
1174 963 1173
1176 14 1175
1178 15 1169
1180 1179 1177
1182 8 1181
1184 163 1183
1186 143 555
1188 579 35
1190 16 1189
1192 17 1187
1194 1193 1191
1196 16 1051
1198 465 1197
1200 14 1199
1202 15 1195
1204 1203 1201
1206 9 1205
1208 1207 183
1210 6 1209
1212 7 1185
1214 1213 1211
1216 199 463
1218 15 1217
1220 1219 493
1222 11 1221
1224 1223 211
1226 8 1225
1228 163 1227
1230 17 28
1232 1231 73
1234 15 1233
1236 1235 511
1238 11 1237
1240 1239 211
1242 9 1241
1244 1243 183
1246 6 1245
1248 7 1229
1250 1249 1247
1252 16 26
1254 17 26
1256 1255 487
1258 14 1257
1260 15 1252
1262 1261 1259
1264 11 1263
1266 1265 211
1268 8 1267
1270 163 1269
1272 9 210
1274 1273 183
1276 6 1275
1278 7 1271
1280 1279 1277
1282 12 1281
1284 13 1251
1286 1285 1283
1288 2 1287
1290 3 1215
1292 1291 1289
1294 357 27
1296 16 1295
1298 1167 1297
1300 17 291
1302 1301 1173
1304 14 1303
1306 15 1299
1308 1307 1305
1310 8 1309
1312 163 1311
1314 16 767
1316 1053 1315
1318 17 769
1320 1319 1173
1322 14 1321
1324 15 1317
1326 1325 1323
1328 9 1327
1330 1329 183
1332 6 1331
1334 7 1313
1336 1335 1333
1338 271 1283
1340 2 1339
1342 3 1337
1344 1343 1341
1346 4 1345
1348 5 1293
1350 1349 1347
1352 143 79
1354 16 1353
1356 317 1355
1358 14 71
1360 15 1357
1362 1361 1359
1364 8 1363
1366 163 1365
1368 16 979
1370 317 1369
1372 317 73
1374 14 1373
1376 15 1371
1378 1377 1375
1380 9 1379
1382 1381 183
1384 6 1383
1386 7 1367
1388 1387 1385
1390 317 363
1392 15 1391
1394 1393 373
1396 11 1395
1398 1397 211
1400 8 1399
1402 163 1401
1404 17 140
1406 1405 1369
1408 16 68
1410 317 1409
1412 14 1411
1414 15 1407
1416 1415 1413
1418 11 1417
1420 1419 211
1422 9 1421
1424 1423 183
1426 6 1425
1428 7 1403
1430 1429 1427
1432 579 79
1434 16 1433
1436 369 1435
1438 17 1433
1440 1439 315
1442 14 1441
1444 15 1437
1446 1445 1443
1448 11 1447
1450 1449 211
1452 8 1451
1454 163 1453
1456 9 1399
1458 1457 183
1460 6 1459
1462 7 1455
1464 1463 1461
1466 12 1465
1468 13 1431
1470 1469 1467
1472 2 1471
1474 3 1389
1476 1475 1473
1478 133 35
1480 17 1479
1482 1481 73
1484 14 1483
1486 1361 1485
1488 8 1487
1490 163 1489
1492 7 1491
1494 1493 1385
1496 271 1467
1498 2 1497
1500 3 1495
1502 1501 1499
1504 4 1503
1506 5 1477
1508 1507 1505
i0 p0b02room29empty
i1 p0b02room29somebody2enters
i2 p0b02roomlight29off
i3 p0b02roomlight29on
i4 p0b02room29switch29toggled
i5 p0b02room29somebody2leaves
o0 u02roomlight29light0f1d2roomlight29turn2on1b
o1 u02roomlight29light0f1d2roomlight29toggle1b
o2 u02roomlight29light0f1d2roomlight29turn2off1b
o3 u02roomlight29light02roomlight29light
{"is_completed":true,"output_vars":["u02roomlight29light0f1d2roomlight29turn2off1b","u02roomlight29light0f1d2roomlight29toggle1b","u02roomlight29light0f1d2roomlight29turn2on1b","u02roomlight29light02roomlight29light"],"input_vars":["p0b02roomlight29off","p0b02roomlight29on","p0b02room29somebody2leaves","p0b02room29somebody2enters","p0b02room29switch29toggled","p0b02room29empty"],"formula":"((G (! (((! (((u02roomlight29light0f1d2roomlight29toggle1b) && (! (u02roomlight29light02roomlight29light))) <-> ((u02roomlight29light02roomlight29light) && (! (u02roomlight29light0f1d2roomlight29toggle1b))))) && (! ((u02roomlight29light0f1d2roomlight29turn2off1b) || (u02roomlight29light0f1d2roomlight29turn2on1b)))) <-> ((! (((u02roomlight29light0f1d2roomlight29turn2off1b) && (! (u02roomlight29light0f1d2roomlight29turn2on1b))) <-> ((u02roomlight29light0f1d2roomlight29turn2on1b) && (! (u02roomlight29light0f1d2roomlight29turn2off1b))))) && (! ((u02roomlight29light0f1d2roomlight29toggle1b) || (u02roomlight29light02roomlight29light))))))) && (((((((G ((p0b02room29empty) -> (! (p0b02room29switch29toggled)))) && (G ((p0b02room29somebody2enters) -> (((! (p0b02room29empty)) U (p0b02room29somebody2leaves)) || (G (! (p0b02room29empty))))))) && (G (((p0b02room29somebody2leaves) && (p0b02room29empty)) -> (((p0b02room29empty) U (p0b02room29somebody2enters)) || (G (p0b02room29empty)))))) && (G (! ((p0b02roomlight29on) <-> (p0b02roomlight29off))))) && (G (((u02roomlight29light0f1d2roomlight29turn2on1b) || ((u02roomlight29light0f1d2roomlight29toggle1b) && (p0b02roomlight29off))) -> (X (F (((u02roomlight29light0f1d2roomlight29turn2off1b) || (u02roomlight29light0f1d2roomlight29toggle1b)) R (p0b02roomlight29on))))))) && (G (((u02roomlight29light0f1d2roomlight29turn2off1b) || ((u02roomlight29light0f1d2roomlight29toggle1b) && (p0b02roomlight29on))) -> (X (F (((u02roomlight29light0f1d2roomlight29turn2on1b) || (u02roomlight29light0f1d2roomlight29toggle1b)) R (p0b02roomlight29off))))))) -> ((G ((p0b02room29somebody2enters) -> (X (F (((p0b02roomlight29on) U (p0b02room29empty)) || (G (p0b02roomlight29on))))))) && (G ((p0b02room29empty) -> (X (F (p0b02roomlight29off))))))))","total_time":66,"automaton":{"is_built":true,"build_duration":6,"total_states":19,"state_based_status":"true","prune_automaton_duration":0,"pruned_state_based_status":"true","prune_total_states":19,"total_edges":85},"dependency":{"dependency_approach":"automaton","tested_dependencies":[],"total_duration":-1,"is_completed":true,"skipped_dependencies":true,"total_pair_state":-1},"unate":{"skipped_unate":true},"synthesis":{"model_checking_status":"UNKNOWN","independent_strategy":{"duration":59,"realizability":"REALIZABLE","total_inputs":6,"total_outputs":4,"total_latches":5,"total_gates":743},"dependent_strategy":{"duration":-1,"total_inputs":-1,"total_outputs":-1,"total_latches":-1,"total_gates":-1}}}
