aag 28 2 2 3 24
2
4
6 51
8 57
21
28
32
10 7 9
12 6 9
14 4 12
16 5 10
18 17 15
20 18 3
22 4 13
24 5 8
26 25 23
28 3 27
30 5 12
32 3 30
34 7 5
36 7 8
38 37 13
40 4 39
42 5 36
44 43 41
46 2 45
48 3 35
50 49 47
52 4 38
54 2 52
56 33 55
i0 p0p0left2most0pos
i1 p0p0right2most0pos
o0 u0pos0f1dadd0pos0vel1b
o1 u0pos0f1dsub0pos0vel1b
o2 u0pos0pos
{"is_completed":true,"output_vars":["u0pos0f1dsub0pos0vel1b","u0pos0f1dadd0pos0vel1b","u0pos0pos"],"input_vars":["p0p0right2most0pos","p0p0left2most0pos"],"formula":"((G (! (((u0pos0f1dadd0pos0vel1b) && (! ((u0pos0f1dsub0pos0vel1b) || (u0pos0pos)))) <-> ((! (((u0pos0f1dsub0pos0vel1b) && (! (u0pos0pos))) <-> ((u0pos0pos) && (! (u0pos0f1dsub0pos0vel1b))))) && (! (u0pos0f1dadd0pos0vel1b)))))) && (((G ((u0pos0f1dadd0pos0vel1b) -> (X (! (p0p0left2most0pos))))) && (G ((u0pos0f1dsub0pos0vel1b) -> (X (! (p0p0right2most0pos)))))) -> (((((G ((p0p0left2most0pos) -> (F (u0pos0f1dadd0pos0vel1b)))) && (G ((p0p0right2most0pos) -> (F (u0pos0f1dsub0pos0vel1b))))) && (G (((! (p0p0left2most0pos)) && (! (p0p0right2most0pos))) -> (F ((u0pos0f1dsub0pos0vel1b) || (u0pos0f1dadd0pos0vel1b)))))) && (G ((p0p0left2most0pos) -> (((! (u0pos0f1dsub0pos0vel1b)) U (p0p0right2most0pos)) || (G (! (u0pos0f1dsub0pos0vel1b))))))) && (G ((p0p0right2most0pos) -> (((! (u0pos0f1dadd0pos0vel1b)) U (p0p0left2most0pos)) || (G (! (u0pos0f1dadd0pos0vel1b)))))))))","total_time":8,"automaton":{"is_built":true,"build_duration":4,"total_states":44,"state_based_status":"true","prune_automaton_duration":0,"pruned_state_based_status":"true","prune_total_states":44,"total_edges":325},"dependency":{"dependency_approach":"automaton","tested_dependencies":[],"total_duration":-1,"is_completed":false,"skipped_dependencies":true,"total_pair_state":-1},"unate":{"skipped_unate":true},"synthesis":{"model_checking_status":"UNKNOWN","independent_strategy":{"duration":3,"realizability":"REALIZABLE","total_inputs":2,"total_outputs":3,"total_latches":2,"total_gates":24},"dependent_strategy":{"duration":-1,"total_inputs":-1,"total_outputs":-1,"total_latches":-1,"total_gates":-1}}}
