aag 64 3 3 3 58
2
4
6
8 85
10 111
12 129
49
48
0
14 10 13
16 8 10
18 9 15
20 19 17
22 20 5
24 10 12
26 8 25
28 19 27
30 12 11
32 8 31
34 19 33
36 2 35
38 3 29
40 39 37
42 40 5
44 6 43
46 7 23
48 47 45
50 11 13
52 9 50
54 53 33
56 2 32
58 3 55
60 59 57
62 60 5
64 31 15
66 8 65
68 9 14
70 69 67
72 2 71
74 3 31
76 75 73
78 76 5
80 6 79
82 7 63
84 83 81
86 25 9
88 2 55
90 3 87
92 91 89
94 8 24
96 4 94
98 5 93
100 99 97
102 50 3
104 102 5
106 6 105
108 7 101
110 109 107
112 8 12
114 9 51
116 115 113
118 9 24
120 3 118
122 121 5
124 6 123
126 7 117
128 127 125
i0 p0p0bright0outside29brightness
i1 p0b02shades29closed
i2 p0b02shades29open
o0 u02shades29ctrl0f1d2shades29move2to0f1d2shades29percent2423231b1b
o1 u02shades29ctrl0f1d2shades29move2to0f1d2shades29percent231b1b
o2 u02shades29ctrl02shades29ctrl
{"is_completed":true,"output_vars":["u02shades29ctrl0f1d2shades29move2to0f1d2shades29percent231b1b","u02shades29ctrl0f1d2shades29move2to0f1d2shades29percent2423231b1b","u02shades29ctrl02shades29ctrl"],"input_vars":["p0p0bright0outside29brightness","p0b02shades29closed","p0b02shades29open"],"formula":"((G (! (((u02shades29ctrl0f1d2shades29move2to0f1d2shades29percent2423231b1b) && (! ((u02shades29ctrl0f1d2shades29move2to0f1d2shades29percent231b1b) || (u02shades29ctrl02shades29ctrl)))) <-> ((! (((u02shades29ctrl0f1d2shades29move2to0f1d2shades29percent231b1b) && (! (u02shades29ctrl02shades29ctrl))) <-> ((u02shades29ctrl02shades29ctrl) && (! (u02shades29ctrl0f1d2shades29move2to0f1d2shades29percent231b1b))))) && (! (u02shades29ctrl0f1d2shades29move2to0f1d2shades29percent2423231b1b)))))) && ((((((G (! ((p0b02shades29open) && (p0b02shades29closed)))) && (G ((u02shades29ctrl0f1d2shades29move2to0f1d2shades29percent2423231b1b) -> (F (((! (u02shades29ctrl0f1d2shades29move2to0f1d2shades29percent2423231b1b)) && (! (u02shades29ctrl02shades29ctrl))) R (p0b02shades29open)))))) && (G ((u02shades29ctrl0f1d2shades29move2to0f1d2shades29percent231b1b) -> (F (((! (u02shades29ctrl0f1d2shades29move2to0f1d2shades29percent231b1b)) && (! (u02shades29ctrl02shades29ctrl))) R (p0b02shades29closed)))))) && (G (((p0b02shades29closed) && (! (u02shades29ctrl0f1d2shades29move2to0f1d2shades29percent2423231b1b))) -> (X (p0b02shades29closed))))) && (G (((p0b02shades29open) && (! (u02shades29ctrl0f1d2shades29move2to0f1d2shades29percent231b1b))) -> (X (p0b02shades29open))))) -> (G ((p0p0bright0outside29brightness) -> (F (p0b02shades29closed))))))","total_time":7,"automaton":{"is_built":true,"build_duration":2,"total_states":11,"state_based_status":"true","prune_automaton_duration":0,"pruned_state_based_status":"true","prune_total_states":11,"total_edges":29},"dependency":{"dependency_approach":"automaton","tested_dependencies":[],"total_duration":-1,"is_completed":true,"skipped_dependencies":true,"total_pair_state":-1},"unate":{"skipped_unate":true},"synthesis":{"model_checking_status":"UNKNOWN","independent_strategy":{"duration":4,"realizability":"REALIZABLE","total_inputs":3,"total_outputs":3,"total_latches":3,"total_gates":58},"dependent_strategy":{"duration":-1,"total_inputs":-1,"total_outputs":-1,"total_latches":-1,"total_gates":-1}}}
