aag 31 3 2 3 26
2
4
6
8 53
10 63
0
32
33
12 8 11
14 8 10
16 9 11
18 17 15
20 2 19
22 3 14
24 23 21
26 4 25
28 5 12
30 29 27
32 7 31
34 2 18
36 3 12
38 37 35
40 4 39
42 5 13
44 43 41
46 16 5
48 6 47
50 7 45
52 51 49
54 4 24
56 5 10
58 57 55
60 7 59
62 61 49
i0 p0b0env26outside26is26bright
i1 p0p0is26on0light26input
i2 p0p0is26off0light26input
o0 u0light26ctrl0f1ddo26turn2on1b
o1 u0light26ctrl0f1ddo26turn2off1b
o2 u0light26ctrl0light26ctrl
{"is_completed":true,"output_vars":["u0light26ctrl0f1ddo26turn2off1b","u0light26ctrl0f1ddo26turn2on1b","u0light26ctrl0light26ctrl"],"input_vars":["p0p0is26off0light26input","p0p0is26on0light26input","p0b0env26outside26is26bright"],"formula":"((G (! (((u0light26ctrl0f1ddo26turn2on1b) && (! ((u0light26ctrl0f1ddo26turn2off1b) || (u0light26ctrl0light26ctrl)))) <-> ((! (((u0light26ctrl0f1ddo26turn2off1b) && (! (u0light26ctrl0light26ctrl))) <-> ((u0light26ctrl0light26ctrl) && (! (u0light26ctrl0f1ddo26turn2off1b))))) && (! (u0light26ctrl0f1ddo26turn2on1b)))))) && (((((G ((u0light26ctrl0f1ddo26turn2on1b) -> (X (p0p0is26on0light26input)))) && (G ((u0light26ctrl0f1ddo26turn2off1b) -> (X (p0p0is26off0light26input))))) && (G ((u0light26ctrl0light26ctrl) -> (((p0p0is26on0light26input) <-> (X (p0p0is26on0light26input))) && ((p0p0is26off0light26input) <-> (X (p0p0is26off0light26input))))))) && (G (! ((p0p0is26on0light26input) && (p0p0is26off0light26input))))) -> (G ((p0b0env26outside26is26bright) -> (F (! (p0p0is26on0light26input)))))))","total_time":5,"automaton":{"is_built":true,"build_duration":2,"total_states":9,"state_based_status":"true","prune_automaton_duration":0,"pruned_state_based_status":"true","prune_total_states":9,"total_edges":23},"dependency":{"dependency_approach":"automaton","tested_dependencies":[],"total_duration":-1,"is_completed":false,"skipped_dependencies":true,"total_pair_state":-1},"unate":{"skipped_unate":true},"synthesis":{"model_checking_status":"UNKNOWN","independent_strategy":{"duration":2,"realizability":"REALIZABLE","total_inputs":3,"total_outputs":3,"total_latches":2,"total_gates":26},"dependent_strategy":{"duration":-1,"total_inputs":-1,"total_outputs":-1,"total_latches":-1,"total_gates":-1}}}
