aag 60 2 3 17 55
2
4
6 95
8 107
10 121
17
20
37
44
1
50
54
60
64
68
16
0
0
73
0
72
0
12 8 10
14 6 12
16 4 14
18 7 12
20 4 18
22 9 11
24 7 22
26 25 15
28 4 26
30 5 25
32 2 30
34 3 29
36 35 33
38 4 27
40 5 24
42 41 39
44 2 43
46 8 11
48 7 46
50 4 48
52 6 46
54 4 52
56 9 10
58 7 56
60 4 58
62 6 56
64 4 62
66 6 22
68 4 66
70 6 10
72 19 71
74 7 23
76 4 74
78 5 6
80 79 77
82 6 13
84 4 83
86 5 75
88 87 85
90 2 89
92 3 81
94 93 91
96 6 9
98 7 8
100 99 97
102 4 101
104 5 8
106 105 103
108 57 47
110 6 109
112 7 10
114 113 111
116 4 115
118 5 10
120 119 117
i0 p0p0on0start2init
i1 p0p0spi2finished0spi2response
o0 u0finished0f1dbot1b
o1 u0spi2control0f1dwrite2cmd0f1dreg71b1b
o2 u0spi2control0f1dwrite2cmd2none1b
o3 u0spi2control0f1dwrite2cmd0f1dreg241b1b
o4 u0reg2manager2cmd0f1dno2command1b
o5 u0spi2control0f1dwrite2cmd0f1dreg31b1b
o6 u0spi2control0f1dwrite2cmd0f1dreg41b1b
o7 u0spi2control0f1dwrite2cmd0f1dreg51b1b
o8 u0spi2control0f1dwrite2cmd0f1dreg61b1b
o9 u0spi2control0f1dwrite2cmd0f1dreg251b1b
o10 u0finished0f1dtop1b
o11 u0finished0finished
o12 u0reg2manager2cmd0reg2manager2cmd
o13 u0sensor2type0f1dmag1b
o14 u0sensor2type0sensor2type
o15 u0sensor2type0f1dacc2gyr1b
o16 u0spi2control0spi2control
{"is_completed":true,"output_vars":["u0spi2control0f1dwrite2cmd0f1dreg71b1b","u0spi2control0f1dwrite2cmd0f1dreg61b1b","u0spi2control0f1dwrite2cmd0f1dreg51b1b","u0spi2control0f1dwrite2cmd0f1dreg41b1b","u0spi2control0f1dwrite2cmd0f1dreg31b1b","u0spi2control0f1dwrite2cmd0f1dreg251b1b","u0spi2control0f1dwrite2cmd0f1dreg241b1b","u0spi2control0f1dwrite2cmd2none1b","u0spi2control0spi2control","u0sensor2type0f1dmag1b","u0sensor2type0f1dacc2gyr1b","u0sensor2type0sensor2type","u0reg2manager2cmd0f1dno2command1b","u0reg2manager2cmd0reg2manager2cmd","u0finished0f1dtop1b","u0finished0f1dbot1b","u0finished0finished"],"input_vars":["p0p0spi2finished0spi2response","p0p0on0start2init"],"formula":"((((((((((((((((G ((((! (((u0finished0f1dbot1b) && (! ((u0finished0f1dtop1b) || (u0finished0finished)))) <-> ((! (((u0finished0f1dtop1b) && (! (u0finished0finished))) <-> ((u0finished0finished) && (! (u0finished0f1dtop1b))))) && (! (u0finished0f1dbot1b))))) && (! (((u0reg2manager2cmd0reg2manager2cmd) && (! (u0reg2manager2cmd0f1dno2command1b))) <-> ((u0reg2manager2cmd0f1dno2command1b) && (! (u0reg2manager2cmd0reg2manager2cmd)))))) && (! (((u0sensor2type0f1dacc2gyr1b) && (! ((u0sensor2type0f1dmag1b) || (u0sensor2type0sensor2type)))) <-> ((! (((u0sensor2type0f1dmag1b) && (! (u0sensor2type0sensor2type))) <-> ((u0sensor2type0sensor2type) && (! (u0sensor2type0f1dmag1b))))) && (! (u0sensor2type0f1dacc2gyr1b)))))) && (! (((! (((! (((u0spi2control0f1dwrite2cmd0f1dreg251b1b) && (! (u0spi2control0f1dwrite2cmd0f1dreg61b1b))) <-> ((u0spi2control0f1dwrite2cmd0f1dreg61b1b) && (! (u0spi2control0f1dwrite2cmd0f1dreg251b1b))))) && (! ((u0spi2control0f1dwrite2cmd2none1b) || (u0spi2control0f1dwrite2cmd0f1dreg41b1b)))) <-> ((! (((u0spi2control0f1dwrite2cmd2none1b) && (! (u0spi2control0f1dwrite2cmd0f1dreg41b1b))) <-> ((u0spi2control0f1dwrite2cmd0f1dreg41b1b) && (! (u0spi2control0f1dwrite2cmd2none1b))))) && (! ((u0spi2control0f1dwrite2cmd0f1dreg251b1b) || (u0spi2control0f1dwrite2cmd0f1dreg61b1b)))))) && (! (((((u0spi2control0f1dwrite2cmd0f1dreg71b1b) || (u0spi2control0f1dwrite2cmd0f1dreg51b1b)) || (u0spi2control0f1dwrite2cmd0f1dreg31b1b)) || (u0spi2control0f1dwrite2cmd0f1dreg241b1b)) || (u0spi2control0spi2control)))) <-> ((! (((! (((u0spi2control0f1dwrite2cmd0f1dreg241b1b) && (! (u0spi2control0f1dwrite2cmd0f1dreg51b1b))) <-> ((u0spi2control0f1dwrite2cmd0f1dreg51b1b) && (! (u0spi2control0f1dwrite2cmd0f1dreg241b1b))))) && (! (((u0spi2control0spi2control) || (u0spi2control0f1dwrite2cmd0f1dreg31b1b)) || (u0spi2control0f1dwrite2cmd0f1dreg71b1b)))) <-> ((! (((u0spi2control0f1dwrite2cmd0f1dreg31b1b) && (! ((u0spi2control0f1dwrite2cmd0f1dreg71b1b) || (u0spi2control0spi2control)))) <-> ((! (((u0spi2control0f1dwrite2cmd0f1dreg71b1b) && (! (u0spi2control0spi2control))) <-> ((u0spi2control0spi2control) && (! (u0spi2control0f1dwrite2cmd0f1dreg71b1b))))) && (! (u0spi2control0f1dwrite2cmd0f1dreg31b1b))))) && (! ((u0spi2control0f1dwrite2cmd0f1dreg241b1b) || (u0spi2control0f1dwrite2cmd0f1dreg51b1b)))))) && (! ((((u0spi2control0f1dwrite2cmd0f1dreg61b1b) || (u0spi2control0f1dwrite2cmd0f1dreg41b1b)) || (u0spi2control0f1dwrite2cmd0f1dreg251b1b)) || (u0spi2control0f1dwrite2cmd2none1b)))))))) && ((p0p0on0start2init) R ((p0p0on0start2init) -> (u0spi2control0f1dwrite2cmd0f1dreg241b1b)))) && (((u0spi2control0f1dwrite2cmd2none1b) U (p0p0on0start2init)) || (G (u0spi2control0f1dwrite2cmd2none1b)))) && ((u0spi2control0f1dwrite2cmd0f1dreg71b1b) R (u0finished0f1dbot1b))) && (G ((((((((u0spi2control0f1dwrite2cmd2none1b) || (u0spi2control0f1dwrite2cmd0f1dreg241b1b)) || (u0spi2control0f1dwrite2cmd0f1dreg251b1b)) || (u0spi2control0f1dwrite2cmd0f1dreg31b1b)) || (u0spi2control0f1dwrite2cmd0f1dreg41b1b)) || (u0spi2control0f1dwrite2cmd0f1dreg51b1b)) || (u0spi2control0f1dwrite2cmd0f1dreg61b1b)) || (u0spi2control0f1dwrite2cmd0f1dreg71b1b)))) && (G ((u0spi2control0f1dwrite2cmd0f1dreg241b1b) -> (X ((p0p0spi2finished0spi2response) R (((p0p0spi2finished0spi2response) -> (u0spi2control0f1dwrite2cmd0f1dreg251b1b)) && ((! (p0p0spi2finished0spi2response)) -> (u0spi2control0f1dwrite2cmd2none1b)))))))) && (G ((u0spi2control0f1dwrite2cmd0f1dreg251b1b) -> (X ((p0p0spi2finished0spi2response) R (((p0p0spi2finished0spi2response) -> (u0spi2control0f1dwrite2cmd0f1dreg31b1b)) && ((! (p0p0spi2finished0spi2response)) -> (u0spi2control0f1dwrite2cmd2none1b)))))))) && (G ((u0spi2control0f1dwrite2cmd0f1dreg31b1b) -> (X ((p0p0spi2finished0spi2response) R (((p0p0spi2finished0spi2response) -> (u0spi2control0f1dwrite2cmd0f1dreg41b1b)) && ((! (p0p0spi2finished0spi2response)) -> (u0spi2control0f1dwrite2cmd2none1b)))))))) && (G ((u0spi2control0f1dwrite2cmd0f1dreg41b1b) -> (X ((p0p0spi2finished0spi2response) R (((p0p0spi2finished0spi2response) -> (u0spi2control0f1dwrite2cmd0f1dreg51b1b)) && ((! (p0p0spi2finished0spi2response)) -> (u0spi2control0f1dwrite2cmd2none1b)))))))) && (G ((u0spi2control0f1dwrite2cmd0f1dreg51b1b) -> (X ((p0p0spi2finished0spi2response) R (((p0p0spi2finished0spi2response) -> (u0spi2control0f1dwrite2cmd0f1dreg61b1b)) && ((! (p0p0spi2finished0spi2response)) -> (u0spi2control0f1dwrite2cmd2none1b)))))))) && (G ((u0spi2control0f1dwrite2cmd0f1dreg61b1b) -> (X ((p0p0spi2finished0spi2response) R (((p0p0spi2finished0spi2response) -> (u0spi2control0f1dwrite2cmd0f1dreg71b1b)) && ((! (p0p0spi2finished0spi2response)) -> (u0spi2control0f1dwrite2cmd2none1b)))))))) && (G ((u0spi2control0f1dwrite2cmd0f1dreg71b1b) -> (X ((p0p0spi2finished0spi2response) R ((((p0p0spi2finished0spi2response) -> (((p0p0on0start2init) R ((p0p0on0start2init) -> (u0spi2control0f1dwrite2cmd0f1dreg241b1b))) && (((u0spi2control0f1dwrite2cmd2none1b) U (p0p0on0start2init)) || (G (u0spi2control0f1dwrite2cmd2none1b))))) && ((! (p0p0spi2finished0spi2response)) -> (u0spi2control0f1dwrite2cmd2none1b))) && ((p0p0spi2finished0spi2response) <-> (u0finished0f1dtop1b)))))))) && (G ((u0finished0f1dtop1b) -> (X ((u0spi2control0f1dwrite2cmd0f1dreg71b1b) R (u0finished0f1dbot1b)))))) && (G (u0reg2manager2cmd0f1dno2command1b))) && (G (((((u0spi2control0f1dwrite2cmd0f1dreg241b1b) || (u0spi2control0f1dwrite2cmd0f1dreg251b1b)) || (u0spi2control0f1dwrite2cmd0f1dreg31b1b)) || (u0spi2control0f1dwrite2cmd0f1dreg41b1b)) -> (X ((p0p0spi2finished0spi2response) R (u0sensor2type0f1dacc2gyr1b)))))) && (G ((((u0spi2control0f1dwrite2cmd0f1dreg51b1b) || (u0spi2control0f1dwrite2cmd0f1dreg61b1b)) || (u0spi2control0f1dwrite2cmd0f1dreg71b1b)) -> (X ((p0p0spi2finished0spi2response) R (u0sensor2type0f1dmag1b))))))","total_time":9,"automaton":{"is_built":true,"build_duration":7,"total_states":8,"state_based_status":"true","prune_automaton_duration":0,"pruned_state_based_status":"true","prune_total_states":8,"total_edges":17},"dependency":{"dependency_approach":"automaton","tested_dependencies":[],"total_duration":-1,"is_completed":true,"skipped_dependencies":true,"total_pair_state":-1},"unate":{"skipped_unate":true},"synthesis":{"model_checking_status":"UNKNOWN","independent_strategy":{"duration":0,"realizability":"REALIZABLE","total_inputs":2,"total_outputs":17,"total_latches":3,"total_gates":55},"dependent_strategy":{"duration":-1,"total_inputs":-1,"total_outputs":-1,"total_latches":-1,"total_gates":-1}}}
