aag 10 3 1 3 6
2
4
6
8 21
0
10
11
10 3 9
12 3 8
14 7 12
16 4 14
18 5 11
20 19 17
i0 p0b02room29somebody2enters
i1 p0b02room29empty
i2 p0b02room29somebody2leaves
o0 u02roomlight29intend02roomlight29intend
o1 u02roomlight29intend0f1doff1b
o2 u02roomlight29intend0f1don1b
{"is_completed":true,"output_vars":["u02roomlight29intend0f1doff1b","u02roomlight29intend0f1don1b","u02roomlight29intend02roomlight29intend"],"input_vars":["p0b02room29somebody2leaves","p0b02room29empty","p0b02room29somebody2enters"],"formula":"((G (! (((u02roomlight29intend0f1don1b) && (! ((u02roomlight29intend0f1doff1b) || (u02roomlight29intend02roomlight29intend)))) <-> ((! (((u02roomlight29intend0f1doff1b) && (! (u02roomlight29intend02roomlight29intend))) <-> ((u02roomlight29intend02roomlight29intend) && (! (u02roomlight29intend0f1doff1b))))) && (! (u02roomlight29intend0f1don1b)))))) && ((((G ((((p0b02room29somebody2enters) -> (! (p0b02room29empty))) U ((p0b02room29empty) && (p0b02room29somebody2leaves))) || (G ((p0b02room29somebody2enters) -> (! (p0b02room29empty)))))) && (G ((((p0b02room29empty) -> (p0b02room29empty)) U (p0b02room29somebody2enters)) || (G ((p0b02room29empty) -> (p0b02room29empty)))))) && (G ((p0b02room29somebody2enters) -> (! (p0b02room29empty))))) -> ((G ((p0b02room29somebody2enters) -> (X (((u02roomlight29intend0f1don1b) U ((p0b02room29somebody2leaves) && (p0b02room29empty))) || (G (u02roomlight29intend0f1don1b)))))) && (G (((p0b02room29somebody2leaves) && (p0b02room29empty)) -> (X (((u02roomlight29intend0f1doff1b) U (p0b02room29somebody2enters)) || (G (u02roomlight29intend0f1doff1b)))))))))","total_time":5,"automaton":{"is_built":true,"build_duration":2,"total_states":7,"state_based_status":"true","prune_automaton_duration":0,"pruned_state_based_status":"true","prune_total_states":7,"total_edges":21},"dependency":{"dependency_approach":"automaton","tested_dependencies":[],"total_duration":-1,"is_completed":true,"skipped_dependencies":true,"total_pair_state":-1},"unate":{"skipped_unate":true},"synthesis":{"model_checking_status":"UNKNOWN","independent_strategy":{"duration":2,"realizability":"REALIZABLE","total_inputs":3,"total_outputs":3,"total_latches":1,"total_gates":6},"dependent_strategy":{"duration":-1,"total_inputs":-1,"total_outputs":-1,"total_latches":-1,"total_gates":-1}}}
