aag 949 7 5 4 937
2
4
6
8
10
12
14
16 989
18 1277
20 1507
22 1747
24 1899
183
499
0
733
26 22 24
28 20 27
30 21 25
32 18 30
34 19 28
36 35 33
38 23 25
40 22 25
42 23 24
44 43 41
46 20 45
48 21 38
50 49 47
52 21 22
54 18 52
56 19 51
58 57 55
60 16 59
62 17 37
64 63 61
66 10 65
68 9 66
70 20 25
72 19 70
74 73 33
76 21 43
78 18 76
80 19 46
82 81 79
84 16 83
86 17 75
88 87 85
90 10 89
92 9 90
94 4 92
96 5 68
98 97 95
100 19 42
102 101 79
104 16 103
106 17 34
108 107 105
110 15 109
112 13 110
114 10 112
116 9 114
118 5 116
120 21 27
122 18 120
124 35 123
126 21 23
128 127 47
130 19 129
132 131 79
134 16 133
136 17 125
138 137 135
140 15 139
142 13 140
144 10 142
146 9 144
148 73 123
150 57 79
152 16 151
154 17 149
156 155 153
158 15 157
160 13 158
162 10 160
164 9 162
166 4 164
168 5 146
170 169 167
172 6 171
174 7 118
176 175 173
178 2 177
180 3 99
182 181 179
184 20 26
186 18 184
188 16 185
190 17 187
192 191 189
194 21 26
196 20 23
198 21 42
200 199 197
202 18 201
204 19 194
206 205 203
208 20 38
210 21 45
212 211 209
214 18 38
216 19 213
218 217 215
220 16 219
222 17 207
224 223 221
226 10 225
228 11 193
230 229 227
232 21 40
234 233 209
236 18 25
238 19 235
240 239 237
242 77 209
244 18 243
246 19 25
248 247 245
250 16 249
252 17 241
254 253 251
256 10 193
258 11 255
260 259 257
262 8 261
264 9 231
266 265 263
268 20 42
270 195 269
272 21 24
274 273 197
276 18 275
278 19 271
280 279 277
282 18 208
284 217 283
286 16 285
288 17 281
290 289 287
292 10 291
294 229 293
296 217 237
298 77 71
300 19 299
302 301 245
304 16 303
306 17 297
308 307 305
310 11 309
312 311 257
314 8 313
316 9 295
318 317 315
320 4 319
322 5 267
324 323 321
326 121 209
328 18 327
330 205 329
332 18 28
334 247 333
336 16 335
338 17 331
340 339 337
342 14 193
344 15 341
346 345 343
348 12 193
350 13 347
352 351 349
354 10 353
356 229 355
358 53 209
360 121 71
362 18 361
364 19 359
366 365 363
368 49 29
370 18 369
372 247 371
374 16 373
376 17 367
378 377 375
380 15 379
382 381 343
384 13 383
386 385 349
388 11 387
390 389 257
392 8 391
394 9 357
396 395 393
398 4 193
400 5 397
402 401 399
404 239 283
406 16 405
408 15 406
410 409 343
412 13 411
414 413 349
416 10 415
418 229 417
420 49 71
422 18 421
424 239 423
426 31 209
428 19 427
430 429 215
432 16 431
434 17 425
436 435 433
438 15 437
440 439 343
442 13 441
444 443 349
446 11 445
448 447 257
450 8 449
452 9 419
454 453 451
456 18 271
458 19 268
460 459 457
462 17 461
464 463 287
466 15 465
468 467 343
470 13 469
472 471 349
474 10 473
476 229 475
478 9 477
480 479 451
482 4 481
484 5 455
486 485 483
488 6 487
490 7 403
492 491 489
494 2 493
496 3 325
498 497 495
500 121 185
502 20 40
504 195 503
506 18 505
508 19 501
510 509 507
512 199 47
514 18 513
516 205 515
518 16 517
520 17 511
522 521 519
524 10 523
526 273 269
528 18 527
530 19 234
532 531 529
534 19 527
536 535 515
538 16 537
540 17 533
542 541 539
544 11 543
546 8 544
548 9 524
550 549 547
552 18 502
554 509 553
556 21 44
558 19 556
560 559 515
562 16 561
564 17 555
566 565 563
568 10 567
570 19 212
572 571 529
574 101 515
576 16 575
578 17 573
580 579 577
582 11 581
584 8 582
586 9 568
588 587 585
590 4 589
592 5 551
594 593 591
596 195 47
598 18 597
600 509 599
602 18 198
604 205 603
606 16 605
608 17 601
610 609 607
612 15 611
614 13 612
616 10 614
618 19 358
620 619 457
622 21 39
624 18 622
626 535 625
628 16 627
630 17 621
632 631 629
634 15 633
636 13 634
638 11 636
640 8 638
642 9 616
644 643 641
646 5 645
648 18 500
650 19 29
652 651 649
654 17 653
656 655 519
658 15 657
660 13 658
662 10 660
664 623 269
666 18 665
668 531 667
670 273 47
672 623 47
674 18 673
676 19 671
678 677 675
680 16 679
682 17 669
684 683 681
686 15 685
688 13 686
690 11 688
692 8 690
694 9 662
696 695 693
698 18 70
700 651 699
702 17 701
704 703 519
706 15 705
708 13 706
710 10 708
712 9 710
714 713 693
716 4 715
718 5 697
720 719 717
722 6 721
724 7 646
726 725 723
728 2 727
730 3 595
732 731 729
734 557 29
736 623 197
738 18 737
740 19 735
742 741 739
744 273 71
746 18 671
748 19 745
750 749 747
752 16 751
754 17 743
756 755 753
758 10 757
760 21 41
762 761 47
764 18 42
766 19 763
768 767 765
770 18 46
772 535 771
774 16 773
776 17 769
778 777 775
780 11 779
782 8 780
784 9 758
786 785 783
788 18 213
790 749 789
792 20 44
794 18 793
796 19 505
798 797 795
800 16 799
802 17 791
804 803 801
806 10 805
808 205 765
810 19 198
812 811 771
814 16 813
816 17 809
818 817 815
820 11 819
822 8 820
824 9 806
826 825 823
828 4 827
830 5 787
832 831 829
834 19 27
836 835 599
838 811 123
840 16 839
842 17 837
844 843 841
846 15 845
848 13 846
850 10 848
852 429 553
854 18 48
856 239 855
858 16 857
860 17 853
862 861 859
864 15 863
866 13 864
868 11 866
870 8 868
872 9 850
874 873 871
876 5 875
878 77 29
880 18 879
882 835 881
884 121 503
886 18 885
888 19 126
890 889 887
892 16 891
894 17 883
896 895 893
898 15 897
900 13 898
902 10 900
904 429 423
906 17 905
908 907 433
910 15 909
912 13 910
914 11 912
916 8 914
918 9 902
920 919 917
922 233 197
924 18 735
926 19 923
928 927 925
930 19 327
932 931 215
934 16 933
936 17 929
938 937 935
940 15 939
942 13 940
944 10 942
946 233 29
948 19 947
950 949 363
952 835 245
954 16 953
956 17 951
958 957 955
960 15 959
962 13 960
964 11 962
966 8 964
968 9 944
970 969 967
972 4 971
974 5 921
976 975 973
978 6 977
980 7 876
982 981 979
984 2 983
986 3 833
988 987 985
990 53 47
992 18 991
994 81 993
996 127 71
998 127 29
1000 18 999
1002 19 997
1004 1003 1001
1006 16 1005
1008 17 995
1010 1009 1007
1012 10 1011
1014 229 1013
1016 205 553
1018 18 51
1020 19 120
1022 1021 1019
1024 16 1023
1026 17 1017
1028 1027 1025
1030 11 1029
1032 1031 257
1034 8 1033
1036 9 1015
1038 1037 1035
1040 19 999
1042 1041 993
1044 20 24
1046 18 185
1048 19 1045
1050 1049 1047
1052 16 1051
1054 17 1043
1056 1055 1053
1058 10 1057
1060 229 1059
1062 557 47
1064 19 1063
1066 1065 771
1068 31 269
1070 19 1069
1072 1071 1019
1074 16 1073
1076 17 1067
1078 1077 1075
1080 11 1079
1082 1081 257
1084 8 1083
1086 9 1061
1088 1087 1085
1090 4 1089
1092 5 1039
1094 1093 1091
1096 20 22
1098 18 1097
1100 531 1099
1102 623 29
1104 18 1103
1106 767 1105
1108 16 1107
1110 17 1101
1112 1111 1109
1114 15 1113
1116 1115 343
1118 13 1117
1120 1119 349
1122 10 1121
1124 229 1123
1126 19 946
1128 1127 1099
1130 557 503
1132 199 29
1134 18 1133
1136 19 1131
1138 1137 1135
1140 16 1139
1142 17 1129
1144 1143 1141
1146 15 1145
1148 1147 343
1150 13 1149
1152 1151 349
1154 11 1153
1156 1155 257
1158 8 1157
1160 9 1125
1162 1161 1159
1164 5 1163
1166 1165 399
1168 687 343
1170 13 1169
1172 1171 349
1174 10 1173
1176 229 1175
1178 1127 457
1180 17 1179
1182 1181 519
1184 15 1183
1186 1185 343
1188 13 1187
1190 1189 349
1192 11 1191
1194 1193 257
1196 8 1195
1198 9 1177
1200 1199 1197
1202 19 360
1204 1203 529
1206 195 197
1208 18 1207
1210 19 1103
1212 1211 1209
1214 16 1213
1216 17 1205
1218 1217 1215
1220 15 1219
1222 1221 343
1224 13 1223
1226 1225 349
1228 10 1227
1230 229 1229
1232 273 185
1234 19 1233
1236 1235 457
1238 17 1237
1240 1239 519
1242 15 1241
1244 1243 343
1246 13 1245
1248 1247 349
1250 11 1249
1252 1251 257
1254 8 1253
1256 9 1231
1258 1257 1255
1260 4 1259
1262 5 1201
1264 1263 1261
1266 6 1265
1268 7 1167
1270 1269 1267
1272 2 1271
1274 3 1095
1276 1275 1273
1278 195 793
1280 211 71
1282 18 1281
1284 19 1279
1286 1285 1283
1288 31 47
1290 19 1289
1292 1291 1019
1294 16 1293
1296 17 1287
1298 1297 1295
1300 10 1299
1302 229 1301
1304 273 503
1306 18 1305
1308 19 326
1310 1309 1307
1312 18 129
1314 1071 1313
1316 16 1315
1318 17 1311
1320 1319 1317
1322 11 1321
1324 1323 257
1326 8 1325
1328 9 1303
1330 1329 1327
1332 749 1283
1334 17 1333
1336 1335 801
1338 10 1337
1340 229 1339
1342 17 517
1344 1343 1025
1346 11 1345
1348 1347 257
1350 8 1349
1352 9 1341
1354 1353 1351
1356 4 1355
1358 5 1331
1360 1359 1357
1362 19 597
1364 1363 329
1366 53 29
1368 18 1367
1370 131 1369
1372 16 1371
1374 17 1365
1376 1375 1373
1378 15 1377
1380 1379 343
1382 13 1381
1384 1383 349
1386 11 1385
1388 1387 257
1390 8 1389
1392 395 1391
1394 5 1393
1396 1395 399
1398 18 210
1400 81 1399
1402 19 513
1404 1403 55
1406 16 1405
1408 17 1401
1410 1409 1407
1412 15 1411
1414 1413 343
1416 13 1415
1418 1417 349
1420 11 1419
1422 1421 257
1424 8 1423
1426 453 1425
1428 18 997
1430 19 512
1432 1431 1429
1434 557 269
1436 18 1435
1438 1065 1437
1440 16 1439
1442 17 1433
1444 1443 1441
1446 15 1445
1448 1447 343
1450 13 1449
1452 1451 349
1454 10 1453
1456 229 1455
1458 19 47
1460 1459 925
1462 19 243
1464 1463 1001
1466 16 1465
1468 17 1461
1470 1469 1467
1472 15 1471
1474 1473 343
1476 13 1475
1478 1477 349
1480 11 1479
1482 1481 257
1484 8 1483
1486 9 1457
1488 1487 1485
1490 4 1489
1492 5 1427
1494 1493 1491
1496 6 1495
1498 7 1397
1500 1499 1497
1502 2 1501
1504 3 1361
1506 1505 1503
1508 18 27
1510 19 998
1512 1511 1509
1514 557 71
1516 18 1515
1518 19 1097
1520 1519 1517
1522 16 1521
1524 17 1513
1526 1525 1523
1528 10 1527
1530 229 1529
1532 19 1062
1534 1533 1047
1536 20 39
1538 18 1537
1540 1049 1539
1542 16 1541
1544 17 1535
1546 1545 1543
1548 11 1547
1550 1549 257
1552 8 1551
1554 9 1531
1556 1555 1553
1558 19 39
1560 1559 1099
1562 211 197
1564 19 1563
1566 1565 1283
1568 16 1567
1570 17 1561
1572 1571 1569
1574 10 1573
1576 229 1575
1578 1533 1539
1580 623 209
1582 18 1581
1584 749 1583
1586 16 1585
1588 17 1579
1590 1589 1587
1592 11 1591
1594 1593 257
1596 8 1595
1598 9 1577
1600 1599 1597
1602 4 1601
1604 5 1557
1606 1605 1603
1608 19 128
1610 1609 363
1612 19 879
1614 1613 925
1616 16 1615
1618 17 1611
1620 1619 1617
1622 15 1621
1624 1623 343
1626 13 1625
1628 1627 349
1630 10 1629
1632 229 1631
1634 19 50
1636 1635 1047
1638 301 1001
1640 16 1639
1642 17 1637
1644 1643 1641
1646 15 1645
1648 1647 343
1650 13 1649
1652 1651 349
1654 11 1653
1656 1655 257
1658 8 1657
1660 9 1633
1662 1661 1659
1664 5 1663
1666 1665 399
1668 1609 1429
1670 557 197
1672 18 1671
1674 1613 1673
1676 16 1675
1678 17 1669
1680 1679 1677
1682 15 1681
1684 1683 343
1686 13 1685
1688 1687 349
1690 10 1689
1692 229 1691
1694 1635 925
1696 17 1695
1698 1697 1467
1700 15 1699
1702 1701 343
1704 13 1703
1706 1705 349
1708 11 1707
1710 1709 257
1712 8 1711
1714 9 1693
1716 1715 1713
1718 13 342
1720 1719 349
1722 11 1721
1724 1723 257
1726 8 1725
1728 479 1727
1730 4 1729
1732 5 1717
1734 1733 1731
1736 6 1735
1738 7 1667
1740 1739 1737
1742 2 1741
1744 3 1607
1746 1745 1743
1748 18 194
1750 19 242
1752 1751 1749
1754 1363 667
1756 16 1755
1758 17 1753
1760 1759 1757
1762 10 1761
1764 19 426
1766 1765 457
1768 17 1767
1770 1769 539
1772 11 1771
1774 8 1772
1776 9 1762
1778 1777 1775
1780 19 184
1782 1363 457
1784 16 1783
1786 17 1780
1788 1787 1785
1790 10 1789
1792 1309 457
1794 459 515
1796 16 1795
1798 17 1793
1800 1799 1797
1802 11 1801
1804 8 1802
1806 9 1790
1808 1807 1805
1810 4 1809
1812 5 1779
1814 1813 1811
1816 1751 457
1818 17 1817
1820 1819 629
1822 15 1821
1824 13 1822
1826 10 1824
1828 11 1824
1830 8 1828
1832 9 1826
1834 1833 1831
1836 5 1835
1838 1765 667
1840 17 1839
1842 1841 681
1844 15 1843
1846 13 1844
1848 10 1846
1850 11 1846
1852 8 1850
1854 9 1848
1856 1855 1853
1858 273 1097
1860 19 1859
1862 1861 1399
1864 1363 675
1866 16 1865
1868 17 1863
1870 1869 1867
1872 15 1871
1874 13 1872
1876 10 1874
1878 9 1876
1880 1879 1853
1882 4 1881
1884 5 1857
1886 1885 1883
1888 6 1887
1890 7 1836
1892 1891 1889
1894 2 1893
1896 3 1815
1898 1897 1895
i0 p0b02room29empty
i1 p0b02room29somebody2enters
i2 p0b02room29somebody2leaves
i3 p0b02roomlight29off
i4 p0b02roomlight29on
i5 p0b02room29switch29toggled
i6 p0b02room29bed29occupied
o0 u02roomlight29light0f1d2roomlight29turn2on1b
o1 u02roomlight29light0f1d2roomlight29toggle1b
o2 u02roomlight29light0f1d2roomlight29turn2off1b
o3 u02roomlight29light02roomlight29light
{"is_completed":true,"output_vars":["u02roomlight29light0f1d2roomlight29turn2off1b","u02roomlight29light0f1d2roomlight29toggle1b","u02roomlight29light0f1d2roomlight29turn2on1b","u02roomlight29light02roomlight29light"],"input_vars":["p0b02roomlight29off","p0b02roomlight29on","p0b02room29bed29occupied","p0b02room29somebody2leaves","p0b02room29somebody2enters","p0b02room29switch29toggled","p0b02room29empty"],"formula":"((G (! (((! (((u02roomlight29light0f1d2roomlight29toggle1b) && (! (u02roomlight29light02roomlight29light))) <-> ((u02roomlight29light02roomlight29light) && (! (u02roomlight29light0f1d2roomlight29toggle1b))))) && (! ((u02roomlight29light0f1d2roomlight29turn2off1b) || (u02roomlight29light0f1d2roomlight29turn2on1b)))) <-> ((! (((u02roomlight29light0f1d2roomlight29turn2off1b) && (! (u02roomlight29light0f1d2roomlight29turn2on1b))) <-> ((u02roomlight29light0f1d2roomlight29turn2on1b) && (! (u02roomlight29light0f1d2roomlight29turn2off1b))))) && (! ((u02roomlight29light0f1d2roomlight29toggle1b) || (u02roomlight29light02roomlight29light))))))) && (((((((((G ((p0b02room29empty) -> (! (p0b02room29switch29toggled)))) && (G ((p0b02room29somebody2enters) -> (((! (p0b02room29empty)) U ((p0b02room29somebody2leaves) && (p0b02room29empty))) || (G (! (p0b02room29empty))))))) && (G (((p0b02room29somebody2leaves) && (p0b02room29empty)) -> (((p0b02room29empty) U (p0b02room29somebody2enters)) || (G (p0b02room29empty)))))) && (G ((p0b02room29bed29occupied) -> (! (p0b02room29empty))))) && ((((! (p0b02room29empty)) U ((p0b02room29somebody2leaves) && (p0b02room29empty))) || (G (! (p0b02room29empty)))) || (((p0b02room29empty) U (p0b02room29somebody2enters)) || (G (p0b02room29empty))))) && (G (! ((p0b02roomlight29on) <-> (p0b02roomlight29off))))) && (G (((u02roomlight29light0f1d2roomlight29turn2on1b) || ((u02roomlight29light0f1d2roomlight29toggle1b) && (p0b02roomlight29off))) -> (X (F (((u02roomlight29light0f1d2roomlight29turn2off1b) || (u02roomlight29light0f1d2roomlight29toggle1b)) R (p0b02roomlight29on))))))) && (G (((u02roomlight29light0f1d2roomlight29turn2off1b) || ((u02roomlight29light0f1d2roomlight29toggle1b) && (p0b02roomlight29on))) -> (X (F (((u02roomlight29light0f1d2roomlight29turn2on1b) || (u02roomlight29light0f1d2roomlight29toggle1b)) R (p0b02roomlight29off))))))) -> ((G ((p0b02room29somebody2enters) -> (X (F (((p0b02roomlight29on) U (p0b02room29empty)) || (G (p0b02roomlight29on))))))) && (G ((p0b02room29empty) -> (X (F (p0b02roomlight29off))))))))","total_time":94,"automaton":{"is_built":true,"build_duration":8,"total_states":18,"state_based_status":"true","prune_automaton_duration":0,"pruned_state_based_status":"true","prune_total_states":18,"total_edges":76},"dependency":{"dependency_approach":"automaton","tested_dependencies":[],"total_duration":-1,"is_completed":true,"skipped_dependencies":true,"total_pair_state":-1},"unate":{"skipped_unate":true},"synthesis":{"model_checking_status":"UNKNOWN","independent_strategy":{"duration":85,"realizability":"REALIZABLE","total_inputs":7,"total_outputs":4,"total_latches":5,"total_gates":937},"dependent_strategy":{"duration":-1,"total_inputs":-1,"total_outputs":-1,"total_latches":-1,"total_gates":-1}}}
