aag 589 6 5 5 578
2
4
6
8
10
12
14 693
16 843
18 979
20 1107
22 1179
109
291
407
466
543
24 21 23
26 18 23
28 19 24
30 29 27
32 19 21
34 16 32
36 17 31
38 37 35
40 20 23
42 18 40
44 29 43
46 16 23
48 17 45
50 49 47
52 14 51
54 15 39
56 55 53
58 6 57
60 12 58
62 11 60
64 8 60
66 9 62
68 67 65
70 19 23
72 19 40
74 16 72
76 17 70
78 77 75
80 18 24
82 73 81
84 17 83
86 14 84
88 15 79
90 89 87
92 6 91
94 13 92
96 11 94
98 8 94
100 9 96
102 101 99
104 4 103
106 5 69
108 107 105
110 20 22
112 19 111
114 113 27
116 17 115
118 117 47
120 14 119
122 15 115
124 123 121
126 113 81
128 73 27
130 16 129
132 17 127
134 133 131
136 21 22
138 137 41
140 19 139
142 141 81
144 16 42
146 17 143
148 147 145
150 14 149
152 15 135
154 153 151
156 12 155
158 13 125
160 159 157
162 6 125
164 7 155
166 165 163
168 12 167
170 159 169
172 10 171
174 11 161
176 175 173
178 141 27
180 16 179
182 133 181
184 16 40
186 147 185
188 14 187
190 15 183
192 191 189
194 191 151
196 2 195
198 3 193
200 199 197
202 12 201
204 159 203
206 10 205
208 175 207
210 8 209
212 9 177
214 213 211
216 71 43
218 16 217
220 133 219
222 14 31
224 15 221
226 225 223
228 17 80
230 14 228
232 89 231
234 6 233
236 7 227
238 237 235
240 12 125
242 13 239
244 243 241
246 237 163
248 13 247
250 249 241
252 10 251
254 11 245
256 255 253
258 113 43
260 16 259
262 117 261
264 15 263
266 265 121
268 7 267
270 269 93
272 13 271
274 273 241
276 10 275
278 255 277
280 8 279
282 9 257
284 283 281
286 4 285
288 5 215
290 289 287
292 17 42
294 293 35
296 71 81
298 16 297
300 49 299
302 14 301
304 15 295
306 305 303
308 12 307
310 7 307
312 12 310
314 10 312
316 11 308
318 317 315
320 16 28
322 293 321
324 16 24
326 49 325
328 14 327
330 15 323
332 331 329
334 331 303
336 2 335
338 3 333
340 339 337
342 12 341
344 10 342
346 317 345
348 8 347
350 9 319
352 351 349
354 19 136
356 16 354
358 293 357
360 14 74
362 15 359
364 363 361
366 17 26
368 367 35
370 15 369
372 371 53
374 6 373
376 7 365
378 377 375
380 13 379
382 13 376
384 10 382
386 11 380
388 387 385
390 13 374
392 10 390
394 387 393
396 8 395
398 9 389
400 399 397
402 4 401
404 5 353
406 405 403
408 16 80
410 17 140
412 14 410
414 15 408
416 415 413
418 16 26
420 17 354
422 421 419
424 15 423
426 425 413
428 6 427
430 7 417
432 431 429
434 13 433
436 13 430
438 10 436
440 11 434
442 441 439
444 14 420
446 425 445
448 6 447
450 7 414
452 451 449
454 13 453
456 10 454
458 441 457
460 8 459
462 9 443
464 463 461
466 4 465
468 411 131
470 14 146
472 15 469
474 473 471
476 6 475
478 7 125
480 479 477
482 12 481
484 159 483
486 10 125
488 11 485
490 489 487
492 8 485
494 9 491
496 495 493
498 355 27
500 33 27
502 16 501
504 17 499
506 505 503
508 33 43
510 17 509
512 511 47
514 14 513
516 15 507
518 517 515
520 6 519
522 479 521
524 13 523
526 525 241
528 11 527
530 529 487
532 8 527
534 9 531
536 535 533
538 4 537
540 5 497
542 541 539
544 17 259
546 545 219
548 14 547
550 305 549
552 545 299
554 14 553
556 55 555
558 2 557
560 3 551
562 561 559
564 14 46
566 371 565
568 49 35
570 14 298
572 15 569
574 573 571
576 2 575
578 3 567
580 579 577
582 6 581
584 7 563
586 585 583
588 12 587
590 12 584
592 10 590
594 11 588
596 595 593
598 49 321
600 14 599
602 15 292
604 603 601
606 2 57
608 3 605
610 609 607
612 12 611
614 10 612
616 595 615
618 8 617
620 9 597
622 621 619
624 141 43
626 17 625
628 627 357
630 16 83
632 17 112
634 633 631
636 14 635
638 15 629
640 639 637
642 17 72
644 15 642
646 645 87
648 6 647
650 7 641
652 651 649
654 13 653
656 13 650
658 10 656
660 11 654
662 661 659
664 17 28
666 665 325
668 14 667
670 15 320
672 671 669
674 7 673
676 13 674
678 10 676
680 661 679
682 8 681
684 9 663
686 685 683
688 4 687
690 5 623
692 691 689
694 229 419
696 14 695
698 15 130
700 699 697
702 699 231
704 2 703
706 3 701
708 707 705
710 633 131
712 15 711
714 713 471
716 2 715
718 3 155
720 719 717
722 6 721
724 7 709
726 725 723
728 12 727
730 159 729
732 725 163
734 12 733
736 159 735
738 10 737
740 11 731
742 741 739
744 411 47
746 147 409
748 14 747
750 15 745
752 751 749
754 2 475
756 3 753
758 757 755
760 12 759
762 159 761
764 10 763
766 741 765
768 8 767
770 9 743
772 771 769
774 411 325
776 16 31
778 665 777
780 14 779
782 15 775
784 783 781
786 17 501
788 787 47
790 14 789
792 123 791
794 6 793
796 7 785
798 797 795
800 13 799
802 801 241
804 797 163
806 13 805
808 807 241
810 10 809
812 11 803
814 813 811
816 15 324
818 817 669
820 7 819
822 821 521
824 13 823
826 825 241
828 10 827
830 813 829
832 8 831
834 9 815
836 835 833
838 4 837
840 5 773
842 841 839
844 17 24
846 845 131
848 14 36
850 15 847
852 851 849
854 229 131
856 37 419
858 14 857
860 15 855
862 861 859
864 2 863
866 3 853
868 867 865
870 147 131
872 15 871
874 873 151
876 2 875
878 3 475
880 879 877
882 6 881
884 7 869
886 885 883
888 12 887
890 12 884
892 10 890
894 11 888
896 895 893
898 117 181
900 117 219
902 14 901
904 15 899
906 905 903
908 16 115
910 17 179
912 911 909
914 15 913
916 915 121
918 2 917
920 3 907
922 921 919
924 12 923
926 10 924
928 895 927
930 8 929
932 9 897
934 933 931
936 37 409
938 14 937
940 153 939
942 911 503
944 15 943
946 945 791
948 6 947
950 7 941
952 951 949
954 13 953
956 13 950
958 10 956
960 11 954
962 961 959
964 10 158
966 961 965
968 8 967
970 9 963
972 971 969
974 4 973
976 5 935
978 977 975
980 293 261
982 229 47
984 14 983
986 15 981
988 987 985
990 367 261
992 229 219
994 14 993
996 15 991
998 997 995
1000 2 999
1002 3 989
1004 1003 1001
1006 7 1005
1008 1007 375
1010 12 1009
1012 12 1006
1014 10 1012
1016 11 1010
1018 1017 1015
1020 411 219
1022 15 1021
1024 1023 749
1026 16 625
1028 147 1027
1030 15 1029
1032 1031 151
1034 2 1033
1036 3 1025
1038 1037 1035
1040 14 408
1042 671 1041
1044 229 357
1046 14 144
1048 15 1045
1050 1049 1047
1052 2 1051
1054 3 1043
1056 1055 1053
1058 6 1057
1060 7 1039
1062 1061 1059
1064 12 1063
1066 10 1064
1068 1017 1067
1070 8 1069
1072 9 1019
1074 1073 1071
1076 14 642
1078 15 410
1080 1079 1077
1082 7 1081
1084 1083 649
1086 13 1085
1088 13 1082
1090 10 1088
1092 11 1086
1094 1093 1091
1096 8 1092
1098 9 1095
1100 1099 1097
1102 4 1101
1104 5 1075
1106 1105 1103
1108 7 410
1110 12 1108
1112 159 1111
1114 1109 163
1116 12 1115
1118 159 1117
1120 10 1119
1122 11 1113
1124 1123 1121
1126 1123 965
1128 8 1127
1130 9 1125
1132 1131 1129
1134 421 185
1136 14 1135
1138 363 1137
1140 15 74
1142 6 1140
1144 7 1139
1146 1145 1143
1148 13 1147
1150 1149 241
1152 1145 163
1154 13 1153
1156 1155 241
1158 10 1157
1160 11 1151
1162 1161 1159
1164 10 240
1166 1161 1165
1168 8 1167
1170 9 1163
1172 1171 1169
1174 4 1173
1176 5 1133
1178 1177 1175
i0 p0p0gt0outside29temperature0room29temperature
i1 p0b0room29heating29off
i2 p0b0room29window29opened
i3 p0b0room29window29closed
i4 p0p0all2windows2closed0room
i5 p0b0room29heating29on
o0 u0music29ctrl0f1dplay0f1doverture1b1b
o1 u0room29heating29ctrl0f1dturn2on1b
o2 u0room29heating29ctrl0f1dturn2off1b
o3 u0room29heating29ctrl0room29heating29ctrl
o4 u0music29ctrl0music29ctrl
{"is_completed":true,"output_vars":["u0music29ctrl0f1dplay0f1doverture1b1b","u0music29ctrl0music29ctrl","u0room29heating29ctrl0f1dturn2off1b","u0room29heating29ctrl0f1dturn2on1b","u0room29heating29ctrl0room29heating29ctrl"],"input_vars":["p0p0gt0outside29temperature0room29temperature","p0p0all2windows2closed0room","p0b0room29heating29on","p0b0room29heating29off","p0b0room29window29closed","p0b0room29window29opened"],"formula":"((G ((! (((u0room29heating29ctrl0f1dturn2on1b) && (! ((u0room29heating29ctrl0f1dturn2off1b) || (u0room29heating29ctrl0room29heating29ctrl)))) <-> ((! (((u0room29heating29ctrl0f1dturn2off1b) && (! (u0room29heating29ctrl0room29heating29ctrl))) <-> ((u0room29heating29ctrl0room29heating29ctrl) && (! (u0room29heating29ctrl0f1dturn2off1b))))) && (! (u0room29heating29ctrl0f1dturn2on1b))))) && (! (((u0music29ctrl0music29ctrl) && (! (u0music29ctrl0f1dplay0f1doverture1b1b))) <-> ((u0music29ctrl0f1dplay0f1doverture1b1b) && (! (u0music29ctrl0music29ctrl))))))) && (((((G ((p0b0room29window29opened) -> (((! (p0p0all2windows2closed0room)) U (p0b0room29window29closed)) || (G (! (p0p0all2windows2closed0room)))))) && (G (! ((p0b0room29heating29off) <-> (p0b0room29heating29on))))) && (G ((u0room29heating29ctrl0f1dturn2on1b) -> (F ((u0room29heating29ctrl0f1dturn2off1b) R (p0b0room29heating29on)))))) && (G ((u0room29heating29ctrl0f1dturn2off1b) -> (F ((u0room29heating29ctrl0f1dturn2on1b) R (p0b0room29heating29off)))))) -> ((G ((p0b0room29window29opened) -> ((u0music29ctrl0f1dplay0f1doverture1b1b) && (F (((p0b0room29heating29off) U ((p0b0room29window29closed) && (p0p0all2windows2closed0room))) || (G (p0b0room29heating29off))))))) && (G ((p0p0gt0outside29temperature0room29temperature) -> (F (p0b0room29heating29off)))))))","total_time":58,"automaton":{"is_built":true,"build_duration":8,"total_states":15,"state_based_status":"true","prune_automaton_duration":0,"pruned_state_based_status":"true","prune_total_states":15,"total_edges":59},"dependency":{"dependency_approach":"automaton","tested_dependencies":[],"total_duration":-1,"is_completed":true,"skipped_dependencies":true,"total_pair_state":-1},"unate":{"skipped_unate":true},"synthesis":{"model_checking_status":"UNKNOWN","independent_strategy":{"duration":49,"realizability":"REALIZABLE","total_inputs":6,"total_outputs":5,"total_latches":5,"total_gates":578},"dependent_strategy":{"duration":-1,"total_inputs":-1,"total_outputs":-1,"total_latches":-1,"total_gates":-1}}}
