aag 187 4 5 5 178
2
4
6
8
10 287
12 295
14 339
16 359
18 375
79
114
146
185
219
20 17 19
22 15 20
24 13 22
26 10 24
28 5 26
30 14 20
32 13 30
34 11 32
36 4 34
38 8 36
40 9 28
42 41 39
44 3 43
46 16 19
48 14 46
50 13 48
52 10 50
54 5 52
56 17 18
58 15 56
60 13 58
62 11 60
64 4 62
66 8 64
68 9 54
70 69 67
72 2 71
74 6 72
76 7 44
78 77 75
80 10 32
82 12 30
84 11 82
86 4 84
88 5 80
90 89 87
92 10 82
94 15 46
96 13 94
98 11 96
100 4 98
102 5 92
104 103 101
106 8 105
108 9 91
110 109 107
112 2 111
114 7 112
116 10 96
118 12 94
120 11 118
122 4 120
124 5 116
126 125 123
128 10 118
130 11 50
132 4 130
134 5 128
136 135 133
138 8 137
140 9 127
142 141 139
144 3 143
146 6 144
148 12 22
150 11 148
152 4 150
154 9 152
156 9 86
158 2 156
160 3 154
162 161 159
164 9 122
166 12 48
168 11 166
170 4 168
172 9 170
174 2 172
176 3 164
178 177 175
180 6 179
182 7 163
184 183 181
186 10 148
188 5 186
190 8 188
192 8 102
194 2 192
196 3 190
198 197 195
200 8 134
202 10 166
204 5 202
206 8 204
208 2 206
210 3 200
212 211 209
214 6 213
216 7 199
218 217 215
220 11 24
222 5 220
224 221 187
226 5 225
228 8 226
230 9 222
232 231 229
234 221 81
236 5 235
238 221 93
240 5 239
242 8 240
244 9 236
246 245 243
248 2 247
250 3 233
252 251 249
254 221 117
256 5 255
258 221 129
260 5 259
262 8 260
264 9 256
266 265 263
268 221 203
270 5 269
272 8 270
274 231 273
276 2 275
278 3 267
280 279 277
282 6 281
284 7 253
286 285 283
288 4 220
290 8 222
292 9 288
294 293 291
296 8 288
298 155 297
300 237 289
302 9 301
304 303 243
306 2 305
308 3 299
310 309 307
312 23 49
314 13 313
316 11 314
318 4 316
320 8 318
322 165 321
324 9 220
326 325 273
328 2 327
330 3 323
332 331 329
334 6 333
336 7 311
338 337 335
340 103 289
342 8 341
344 9 88
346 345 343
348 2 347
350 3 220
352 351 329
354 6 353
356 7 348
358 357 355
360 8 100
362 157 361
364 2 363
366 173 297
368 2 367
370 6 368
372 7 364
374 373 371
i0 tx_0
i1 ty_0
i2 rx_0
i3 ry_0
o0 serve
o1 right
o2 left
o3 up
o4 down
{"is_completed":true,"output_vars":["serve","right","left","down","up"],"input_vars":["ty_0","tx_0","ry_0","rx_0"],"formula":"(((((true) && (! (rx_0))) || ((true) && (rx_0))) && (((true) && (! (ry_0))) || ((true) && (ry_0)))) -> (((true) && (((((((((! ((right) && (left))) && (! ((up) && (down)))) && (((true) && (! (rx_0))) -> (! (left)))) && (((true) && (rx_0)) -> (! (right)))) && (((true) && (! (ry_0))) -> (! (down)))) && (((true) && (ry_0)) -> (! (up)))) && ((serve) -> (((rx_0) <-> (tx_0)) && ((ry_0) <-> (ty_0))))) U ((((((((! ((right) && (left))) && (! ((up) && (down)))) && (((true) && (! (rx_0))) -> (! (left)))) && (((true) && (rx_0)) -> (! (right)))) && (((true) && (! (ry_0))) -> (! (down)))) && (((true) && (ry_0)) -> (! (up)))) && ((serve) -> (((rx_0) <-> (tx_0)) && ((ry_0) <-> (ty_0))))) && (! ((((((((((true) && (rx_0)) && (right)) -> (X ((true) && (rx_0)))) && ((((true) && (! (rx_0))) && (left)) -> (X ((true) && (! (rx_0)))))) && ((((true) && (! (rx_0))) && (right)) -> (X ((true) && (rx_0))))) && ((((true) && (rx_0)) && (left)) -> (X ((true) && (! (rx_0)))))) && ((((((true) && (! (rx_0))) && (! (left))) && (! (right))) -> (X ((true) && (! (rx_0))))) && (((((true) && (rx_0)) && (! (left))) && (! (right))) -> (X ((true) && (rx_0)))))) && ((((((((true) && (ry_0)) && (up)) -> (X ((true) && (ry_0)))) && ((((true) && (! (ry_0))) && (down)) -> (X ((true) && (! (ry_0)))))) && ((((true) && (! (ry_0))) && (up)) -> (X ((true) && (ry_0))))) && ((((true) && (ry_0)) && (down)) -> (X ((true) && (! (ry_0)))))) && ((((((true) && (! (ry_0))) && (! (down))) && (! (up))) -> (X ((true) && (! (ry_0))))) && (((((true) && (ry_0)) && (! (down))) && (! (up))) -> (X ((true) && (ry_0))))))) && (((G (((((true) && (! (tx_0))) && ((true) && (! (ty_0)))) && (! ((((true) && (! (rx_0))) && ((true) && (! (ry_0)))) && (serve)))) -> (X (((true) && (! (tx_0))) && ((true) && (! (ty_0))))))) && (G (((((true) && (! (tx_0))) && ((true) && (ty_0))) && (! ((((true) && (! (rx_0))) && ((true) && (ry_0))) && (serve)))) -> (X (((true) && (! (tx_0))) && ((true) && (ty_0))))))) && ((G (((((true) && (tx_0)) && ((true) && (! (ty_0)))) && (! ((((true) && (rx_0)) && ((true) && (! (ry_0)))) && (serve)))) -> (X (((true) && (tx_0)) && ((true) && (! (ty_0))))))) && (G (((((true) && (tx_0)) && ((true) && (ty_0))) && (! ((((true) && (rx_0)) && ((true) && (ry_0))) && (serve)))) -> (X (((true) && (tx_0)) && ((true) && (ty_0)))))))))))) || (G (((((((! ((right) && (left))) && (! ((up) && (down)))) && (((true) && (! (rx_0))) -> (! (left)))) && (((true) && (rx_0)) -> (! (right)))) && (((true) && (! (ry_0))) -> (! (down)))) && (((true) && (ry_0)) -> (! (up)))) && ((serve) -> (((rx_0) <-> (tx_0)) && ((ry_0) <-> (ty_0)))))))) && (((G ((((((((((true) && (rx_0)) && (right)) -> (X ((true) && (rx_0)))) && ((((true) && (! (rx_0))) && (left)) -> (X ((true) && (! (rx_0)))))) && ((((true) && (! (rx_0))) && (right)) -> (X ((true) && (rx_0))))) && ((((true) && (rx_0)) && (left)) -> (X ((true) && (! (rx_0)))))) && ((((((true) && (! (rx_0))) && (! (left))) && (! (right))) -> (X ((true) && (! (rx_0))))) && (((((true) && (rx_0)) && (! (left))) && (! (right))) -> (X ((true) && (rx_0)))))) && ((((((((true) && (ry_0)) && (up)) -> (X ((true) && (ry_0)))) && ((((true) && (! (ry_0))) && (down)) -> (X ((true) && (! (ry_0)))))) && ((((true) && (! (ry_0))) && (up)) -> (X ((true) && (ry_0))))) && ((((true) && (ry_0)) && (down)) -> (X ((true) && (! (ry_0)))))) && ((((((true) && (! (ry_0))) && (! (down))) && (! (up))) -> (X ((true) && (! (ry_0))))) && (((((true) && (ry_0)) && (! (down))) && (! (up))) -> (X ((true) && (ry_0))))))) && (((G (((((true) && (! (tx_0))) && ((true) && (! (ty_0)))) && (! ((((true) && (! (rx_0))) && ((true) && (! (ry_0)))) && (serve)))) -> (X (((true) && (! (tx_0))) && ((true) && (! (ty_0))))))) && (G (((((true) && (! (tx_0))) && ((true) && (ty_0))) && (! ((((true) && (! (rx_0))) && ((true) && (ry_0))) && (serve)))) -> (X (((true) && (! (tx_0))) && ((true) && (ty_0))))))) && ((G (((((true) && (tx_0)) && ((true) && (! (ty_0)))) && (! ((((true) && (rx_0)) && ((true) && (! (ry_0)))) && (serve)))) -> (X (((true) && (tx_0)) && ((true) && (! (ty_0))))))) && (G (((((true) && (tx_0)) && ((true) && (ty_0))) && (! ((((true) && (rx_0)) && ((true) && (ry_0))) && (serve)))) -> (X (((true) && (tx_0)) && ((true) && (ty_0)))))))))) && (true)) -> (((G ((((true) && (! (tx_0))) && ((true) && (! (ty_0)))) -> (F ((((true) && (! (rx_0))) && ((true) && (! (ry_0)))) && (serve))))) && (G ((((true) && (! (tx_0))) && ((true) && (ty_0))) -> (F ((((true) && (! (rx_0))) && ((true) && (ry_0))) && (serve)))))) && ((G ((((true) && (tx_0)) && ((true) && (! (ty_0)))) -> (F ((((true) && (rx_0)) && ((true) && (! (ry_0)))) && (serve))))) && (G ((((true) && (tx_0)) && ((true) && (ty_0))) -> (F ((((true) && (rx_0)) && ((true) && (ry_0))) && (serve))))))))))","total_time":797,"automaton":{"is_built":true,"build_duration":46,"total_states":209,"state_based_status":"true","prune_automaton_duration":0,"pruned_state_based_status":"true","prune_total_states":209,"total_edges":2645},"dependency":{"dependency_approach":"automaton","tested_dependencies":[],"total_duration":-1,"is_completed":true,"skipped_dependencies":true,"total_pair_state":-1},"unate":{"skipped_unate":true},"synthesis":{"model_checking_status":"UNKNOWN","independent_strategy":{"duration":749,"realizability":"REALIZABLE","total_inputs":4,"total_outputs":5,"total_latches":5,"total_gates":178},"dependent_strategy":{"duration":-1,"total_inputs":-1,"total_outputs":-1,"total_latches":-1,"total_gates":-1}}}
