aag 130 5 3 5 122
2
4
6
8
10
12 185
14 215
16 261
28
77
97
131
0
18 13 16
20 11 18
22 9 20
24 7 22
26 5 24
28 3 26
30 14 17
32 15 16
34 12 32
36 13 30
38 37 35
40 10 36
42 11 39
44 43 41
46 8 36
48 9 45
50 49 47
52 6 36
54 7 51
56 55 53
58 4 36
60 5 57
62 61 59
64 7 46
66 65 53
68 5 67
70 69 59
72 2 71
74 3 63
76 75 73
78 11 36
80 9 78
82 81 47
84 7 83
86 85 53
88 4 87
90 5 36
92 91 89
94 3 93
96 95 73
98 14 16
100 17 15
102 12 101
104 13 98
106 105 103
108 11 107
110 9 108
112 7 110
114 9 40
116 7 114
118 4 116
120 5 112
122 121 119
124 5 116
126 2 124
128 3 123
130 129 127
132 12 30
134 13 14
136 135 133
138 11 137
140 139 41
142 9 141
144 143 47
146 8 40
148 9 36
150 149 147
152 6 151
154 7 145
156 155 153
158 5 157
160 159 89
162 13 100
164 11 162
166 9 164
168 167 47
170 7 169
172 171 53
174 4 151
176 5 173
178 177 175
180 2 179
182 3 161
184 183 181
186 132 11
188 186 9
190 8 78
192 6 191
194 7 189
196 195 193
198 196 5
200 166 7
202 190 7
204 4 203
206 5 201
208 207 205
210 2 209
212 3 199
214 213 211
216 13 31
218 217 103
220 10 37
222 11 219
224 223 221
226 8 37
228 9 225
230 229 227
232 6 150
234 7 231
236 235 233
238 4 86
240 5 237
242 241 239
244 6 37
246 7 150
248 247 245
250 4 249
252 5 172
254 253 251
256 2 255
258 3 243
260 259 257
i0 x0
i1 x1
i2 x2
i3 x3
i4 x4
o0 y0
o1 y1
o2 y2
o3 y3
o4 y4
{"is_completed":true,"output_vars":["y4","y3","y2","y1","y0"],"input_vars":["x4","x3","x2","x1","x0"],"formula":"(((((((((((((((((G ((X (((((x0) || (x1)) || (x2)) || (x3)) || (x4))) -> ((((! (y1)) && (! (y2))) && (! (y3))) && (! (y4))))) && (G ((((((x0) || (x1)) || (x2)) || (x3)) || (x4)) -> (X (((((! (x0)) && (! (x1))) && (! (x2))) && (! (x3))) && (! (x4))))))) && (x0)) && (! (x1))) && (! (x2))) && (! (x3))) && (! (x4))) && (X (G (! (((((x0) && (! (x1))) && (! (x2))) && (! (x3))) && (! (x4))))))) && (G ((((((! (y0)) && (y1)) && (y2)) && (! (y3))) && (! (y4))) -> (F (((((x0) && (x1)) && (x2)) && (x3)) && (! (x4))))))) && (G ((((((y0) && (y1)) && (y2)) && (! (y3))) && (! (y4))) -> (F (((((! (x0)) && (! (x1))) && (! (x2))) && (! (x3))) && (x4)))))) && (G ((((((! (y0)) && (! (y1))) && (! (y2))) && (y3)) && (! (y4))) -> (((! (((((x0) && (! (x1))) && (! (x2))) && (! (x3))) && (x4))) U (((((y0) && (! (y1))) && (! (y2))) && (y3)) && (! (y4)))) || (G (! (((((x0) && (! (x1))) && (! (x2))) && (! (x3))) && (x4)))))))) && (G ((((((! (y0)) && (y1)) && (! (y2))) && (y3)) && (! (y4))) -> (((! (((((! (x0)) && (x1)) && (! (x2))) && (! (x3))) && (x4))) U (((((y0) && (y1)) && (! (y2))) && (y3)) && (! (y4)))) || (G (! (((((! (x0)) && (x1)) && (! (x2))) && (! (x3))) && (x4)))))))) && (G ((((((x0) && (x1)) && (x2)) && (x3)) && (! (x4))) -> (((! (((((x0) && (x1)) && (! (x2))) && (x3)) && (! (x4)))) U (((((! (y0)) && (y1)) && (y2)) && (! (y3))) && (! (y4)))) || (G (! (((((x0) && (x1)) && (! (x2))) && (x3)) && (! (x4))))))))) && (((! (((((x0) && (x1)) && (x2)) && (x3)) && (! (x4)))) U (((((! (y0)) && (y1)) && (y2)) && (! (y3))) && (! (y4)))) || (G (! (((((x0) && (x1)) && (x2)) && (x3)) && (! (x4))))))) && (G ((((((x0) && (x1)) && (! (x2))) && (x3)) && (! (x4))) -> ((! (((((y0) && (! (y1))) && (! (y2))) && (! (y3))) && (! (y4)))) U (((((y0) && (y1)) && (y2)) && (! (y3))) && (! (y4))))))) && (G ((((((! (x0)) && (! (x1))) && (x2)) && (x3)) && (! (x4))) -> ((! (((((y0) && (! (y1))) && (! (y2))) && (! (y3))) && (! (y4)))) U (((((y0) && (y1)) && (y2)) && (! (y3))) && (! (y4))))))) -> ((((((((((((((((((((((((((((((((((((((((((((((((((((G ((X (((((y0) || (y1)) || (y2)) || (y3)) || (y4))) -> ((((((((((x0) || (x1)) || (x2)) || (x3)) || (x4)) || (y0)) || (y1)) || (y2)) || (y3)) || (y4)))) && (G ((((((y0) || (y1)) || (y2)) || (y3)) || (y4)) -> (((((! (x0)) && (! (x1))) && (! (x2))) && (! (x3))) && (! (x4)))))) && (G ((((((x0) || (x1)) || (x2)) || (x3)) || (x4)) -> (X (((((y0) || (y1)) || (y2)) || (y3)) || (y4)))))) && (G ((((((y0) || (y1)) || (y2)) || (y3)) || (y4)) -> ((! (((((! (y0)) && (! (y1))) && (! (y2))) && (! (y3))) && (! (y4)))) U (((((! (y1)) && (! (y2))) && (! (y3))) && (! (y4))) && (y0)))))) && (G ((((((y0) && (! (y1))) && (! (y2))) && (! (y3))) && (! (y4))) -> (X (((((! (y0)) && (! (y1))) && (! (y2))) && (! (y3))) && (! (y4))))))) && (G ((((((! (x0)) && (! (x1))) && (! (x2))) && (x3)) && (! (x4))) -> ((! (((((y0) && (! (y1))) && (! (y2))) && (! (y3))) && (! (y4)))) U (((((! (y0)) && (! (y1))) && (y2)) && (y3)) && (! (y4))))))) && (G ((((((! (x0)) && (! (x1))) && (! (x2))) && (x3)) && (! (x4))) -> ((! (((((y0) && (! (y1))) && (! (y2))) && (! (y3))) && (! (y4)))) U (((((y0) && (! (y1))) && (y2)) && (y3)) && (! (y4))))))) && (G ((((((! (x0)) && (! (x1))) && (! (x2))) && (x3)) && (! (x4))) -> ((! (((((y0) && (! (y1))) && (! (y2))) && (! (y3))) && (! (y4)))) U (((((! (y0)) && (y1)) && (y2)) && (y3)) && (! (y4))))))) && (G ((((((! (x0)) && (! (x1))) && (! (x2))) && (x3)) && (! (x4))) -> ((! (((((y0) && (! (y1))) && (! (y2))) && (! (y3))) && (! (y4)))) U (((((y0) && (y1)) && (y2)) && (y3)) && (! (y4))))))) && (G ((((((! (x0)) && (! (x1))) && (! (x2))) && (x3)) && (! (x4))) -> ((! (((((y0) && (! (y1))) && (! (y2))) && (! (y3))) && (! (y4)))) U (((((! (y0)) && (! (y1))) && (! (y2))) && (! (y3))) && (y4)))))) && (G ((((((! (x0)) && (! (x1))) && (! (x2))) && (x3)) && (! (x4))) -> ((! (((((y0) && (! (y1))) && (! (y2))) && (! (y3))) && (! (y4)))) U (((((y0) && (! (y1))) && (! (y2))) && (! (y3))) && (y4)))))) && (G ((((((! (x0)) && (x1)) && (! (x2))) && (! (x3))) && (! (x4))) -> ((! (((((y0) && (! (y1))) && (! (y2))) && (! (y3))) && (! (y4)))) U (((((! (y0)) && (! (y1))) && (! (y2))) && (! (y3))) && (y4)))))) && (G ((((((! (x0)) && (x1)) && (! (x2))) && (! (x3))) && (! (x4))) -> ((! (((((y0) && (! (y1))) && (! (y2))) && (! (y3))) && (! (y4)))) U (((((! (y0)) && (y1)) && (! (y2))) && (! (y3))) && (y4)))))) && (G ((((((! (x0)) && (x1)) && (! (x2))) && (! (x3))) && (! (x4))) -> ((! (((((y0) && (! (y1))) && (! (y2))) && (! (y3))) && (! (y4)))) U (((((! (y0)) && (y1)) && (y2)) && (y3)) && (! (y4))))))) && (G ((((((! (x0)) && (x1)) && (! (x2))) && (! (x3))) && (! (x4))) -> ((! (((((y0) && (! (y1))) && (! (y2))) && (! (y3))) && (! (y4)))) U (((((y0) && (y1)) && (y2)) && (y3)) && (! (y4))))))) && (G ((((((! (x0)) && (x1)) && (! (x2))) && (! (x3))) && (! (x4))) -> ((! (((((y0) && (! (y1))) && (! (y2))) && (! (y3))) && (! (y4)))) U (((((! (y0)) && (! (y1))) && (! (y2))) && (! (y3))) && (y4)))))) && (G ((((((! (x0)) && (x1)) && (! (x2))) && (! (x3))) && (! (x4))) -> ((! (((((y0) && (! (y1))) && (! (y2))) && (! (y3))) && (! (y4)))) U (((((y0) && (! (y1))) && (! (y2))) && (! (y3))) && (y4)))))) && (G ((((((! (x0)) && (! (x1))) && (x2)) && (! (x3))) && (! (x4))) -> ((! (((((y0) && (! (y1))) && (! (y2))) && (! (y3))) && (! (y4)))) U (((((! (y0)) && (! (y1))) && (! (y2))) && (! (y3))) && (y4)))))) && (G ((((((! (x0)) && (! (x1))) && (x2)) && (! (x3))) && (! (x4))) -> ((! (((((y0) && (! (y1))) && (! (y2))) && (! (y3))) && (! (y4)))) U (((((y0) && (! (y1))) && (y2)) && (y3)) && (! (y4))))))) && (G ((((((! (x0)) && (! (x1))) && (x2)) && (! (x3))) && (! (x4))) -> ((! (((((y0) && (! (y1))) && (! (y2))) && (! (y3))) && (! (y4)))) U (((((y0) && (y1)) && (! (y2))) && (! (y3))) && (y4)))))) && (G ((((((! (x0)) && (! (x1))) && (x2)) && (! (x3))) && (! (x4))) -> ((! (((((y0) && (! (y1))) && (! (y2))) && (! (y3))) && (! (y4)))) U (((((y0) && (y1)) && (y2)) && (y3)) && (! (y4))))))) && (G ((((((! (x0)) && (! (x1))) && (x2)) && (! (x3))) && (! (x4))) -> ((! (((((y0) && (! (y1))) && (! (y2))) && (! (y3))) && (! (y4)))) U (((((! (y0)) && (! (y1))) && (! (y2))) && (! (y3))) && (y4)))))) && (G ((((((! (x0)) && (! (x1))) && (x2)) && (! (x3))) && (! (x4))) -> ((! (((((y0) && (! (y1))) && (! (y2))) && (! (y3))) && (! (y4)))) U (((((y0) && (! (y1))) && (! (y2))) && (! (y3))) && (y4)))))) && (G ((((((x0) && (! (x1))) && (! (x2))) && (x3)) && (! (x4))) -> ((! (((((y0) && (! (y1))) && (! (y2))) && (! (y3))) && (! (y4)))) U (((((! (y0)) && (! (y1))) && (! (y2))) && (! (y3))) && (y4)))))) && (G ((((((x0) && (! (x1))) && (! (x2))) && (x3)) && (! (x4))) -> ((! (((((y0) && (! (y1))) && (! (y2))) && (! (y3))) && (! (y4)))) U (((((y0) && (! (y1))) && (y2)) && (y3)) && (! (y4))))))) && (G ((((((x0) && (! (x1))) && (! (x2))) && (x3)) && (! (x4))) -> ((! (((((y0) && (! (y1))) && (! (y2))) && (! (y3))) && (! (y4)))) U (((((! (y0)) && (y1)) && (y2)) && (y3)) && (! (y4))))))) && (G ((((((x0) && (! (x1))) && (! (x2))) && (x3)) && (! (x4))) -> ((! (((((y0) && (! (y1))) && (! (y2))) && (! (y3))) && (! (y4)))) U (((((! (y0)) && (! (y1))) && (y2)) && (! (y3))) && (y4)))))) && (G ((((((x0) && (! (x1))) && (! (x2))) && (x3)) && (! (x4))) -> ((! (((((y0) && (! (y1))) && (! (y2))) && (! (y3))) && (! (y4)))) U (((((! (y0)) && (! (y1))) && (! (y2))) && (! (y3))) && (y4)))))) && (G ((((((x0) && (! (x1))) && (! (x2))) && (x3)) && (! (x4))) -> ((! (((((y0) && (! (y1))) && (! (y2))) && (! (y3))) && (! (y4)))) U (((((y0) && (! (y1))) && (! (y2))) && (! (y3))) && (y4)))))) && (G ((((((x0) && (x1)) && (x2)) && (! (x3))) && (! (x4))) -> ((! (((((y0) && (! (y1))) && (! (y2))) && (! (y3))) && (! (y4)))) U (((((! (y0)) && (! (y1))) && (! (y2))) && (! (y3))) && (y4)))))) && (G ((((((x0) && (x1)) && (x2)) && (! (x3))) && (! (x4))) -> ((! (((((y0) && (! (y1))) && (! (y2))) && (! (y3))) && (! (y4)))) U (((((y0) && (! (y1))) && (y2)) && (y3)) && (! (y4))))))) && (G ((((((x0) && (x1)) && (x2)) && (! (x3))) && (! (x4))) -> ((! (((((y0) && (! (y1))) && (! (y2))) && (! (y3))) && (! (y4)))) U (((((! (y0)) && (y1)) && (y2)) && (y3)) && (! (y4))))))) && (G ((((((x0) && (x1)) && (x2)) && (! (x3))) && (! (x4))) -> ((! (((((y0) && (! (y1))) && (! (y2))) && (! (y3))) && (! (y4)))) U (((((y0) && (y1)) && (y2)) && (y3)) && (! (y4))))))) && (G ((((((x0) && (x1)) && (x2)) && (! (x3))) && (! (x4))) -> ((! (((((y0) && (! (y1))) && (! (y2))) && (! (y3))) && (! (y4)))) U (((((! (y0)) && (! (y1))) && (! (y2))) && (! (y3))) && (y4)))))) && (G ((((((x0) && (x1)) && (x2)) && (! (x3))) && (! (x4))) -> ((! (((((y0) && (! (y1))) && (! (y2))) && (! (y3))) && (! (y4)))) U (((((y0) && (! (y1))) && (y2)) && (! (y3))) && (y4)))))) && ((((((x0) && (! (x1))) && (! (x2))) && (! (x3))) && (! (x4))) -> ((! (((((y0) && (! (y1))) && (! (y2))) && (! (y3))) && (! (y4)))) U (((((! (y0)) && (! (y1))) && (y2)) && (y3)) && (! (y4)))))) && ((((((x0) && (! (x1))) && (! (x2))) && (! (x3))) && (! (x4))) -> ((! (((((y0) && (! (y1))) && (! (y2))) && (! (y3))) && (! (y4)))) U (((((y0) && (! (y1))) && (y2)) && (y3)) && (! (y4)))))) && ((((((x0) && (! (x1))) && (! (x2))) && (! (x3))) && (! (x4))) -> ((! (((((y0) && (! (y1))) && (! (y2))) && (! (y3))) && (! (y4)))) U (((((! (y0)) && (y1)) && (y2)) && (y3)) && (! (y4)))))) && ((((((x0) && (! (x1))) && (! (x2))) && (! (x3))) && (! (x4))) -> ((! (((((y0) && (! (y1))) && (! (y2))) && (! (y3))) && (! (y4)))) U (((((y0) && (y1)) && (y2)) && (y3)) && (! (y4)))))) && ((((((x0) && (! (x1))) && (! (x2))) && (! (x3))) && (! (x4))) -> ((! (((((y0) && (! (y1))) && (! (y2))) && (! (y3))) && (! (y4)))) U (((((! (y0)) && (! (y1))) && (! (y2))) && (! (y3))) && (y4))))) && ((((((x0) && (! (x1))) && (! (x2))) && (! (x3))) && (! (x4))) -> ((! (((((y0) && (! (y1))) && (! (y2))) && (! (y3))) && (! (y4)))) U (((((y0) && (! (y1))) && (! (y2))) && (! (y3))) && (y4))))) && ((((((x0) && (! (x1))) && (! (x2))) && (! (x3))) && (! (x4))) -> ((! (((((y0) && (! (y1))) && (! (y2))) && (! (y3))) && (! (y4)))) U (((((y0) && (y1)) && (! (y2))) && (! (y3))) && (! (y4)))))) && (G ((((((x0) && (! (x1))) && (x2)) && (x3)) && (! (x4))) -> ((! (((((y0) && (! (y1))) && (! (y2))) && (! (y3))) && (! (y4)))) U (((((! (y0)) && (y1)) && (! (y2))) && (! (y3))) && (! (y4))))))) && (G ((((((! (x0)) && (x1)) && (x2)) && (x3)) && (! (x4))) -> ((! (((((y0) && (! (y1))) && (! (y2))) && (! (y3))) && (! (y4)))) U (((((y0) && (y1)) && (! (y2))) && (! (y3))) && (! (y4))))))) && (G ((((((x0) && (x1)) && (! (x2))) && (! (x3))) && (x4)) -> ((! (((((y0) && (! (y1))) && (! (y2))) && (! (y3))) && (! (y4)))) U (((((! (y0)) && (! (y1))) && (y2)) && (! (y3))) && (! (y4))))))) && (G ((((((x0) && (! (x1))) && (! (x2))) && (! (x3))) && (x4)) -> ((! (((((y0) && (! (y1))) && (! (y2))) && (! (y3))) && (! (y4)))) U (((((! (y0)) && (y1)) && (y2)) && (! (y3))) && (! (y4))))))) && (G ((((((! (y0)) && (y1)) && (y2)) && (! (y3))) && (! (y4))) -> ((X (! (((((! (y0)) && (y1)) && (y2)) && (! (y3))) && (! (y4))))) U (((((x0) && (x1)) && (x2)) && (x3)) && (! (x4))))))) && (G ((((((! (y0)) && (y1)) && (y2)) && (! (y3))) && (! (y4))) -> ((X (! (((((y0) && (y1)) && (y2)) && (! (y3))) && (! (y4))))) U (((((x0) && (x1)) && (x2)) && (x3)) && (! (x4))))))) && (G ((((((! (x0)) && (! (x1))) && (x2)) && (! (x3))) && (x4)) -> ((! (((((y0) && (! (y1))) && (! (y2))) && (! (y3))) && (! (y4)))) U (((((y0) && (! (y1))) && (y2)) && (! (y3))) && (! (y4))))))) && (G ((((((! (x0)) && (x1)) && (! (x2))) && (! (x3))) && (x4)) -> ((! (((((y0) && (! (y1))) && (! (y2))) && (! (y3))) && (! (y4)))) U (((((y0) && (y1)) && (y2)) && (! (y3))) && (! (y4))))))) && (G ((((((x0) && (x1)) && (! (x2))) && (x3)) && (! (x4))) -> ((! (((((y0) && (! (y1))) && (! (y2))) && (! (y3))) && (! (y4)))) U (((((y0) && (y1)) && (y2)) && (! (y3))) && (! (y4))))))) && (G ((((((y0) && (! (y1))) && (y2)) && (! (y3))) && (! (y4))) -> (((((((((((((((((((((((((((y0) && (! (y1))) && (! (y2))) && (! (y3))) && (! (y4))) || (((((! (y0)) && (y1)) && (! (y2))) && (! (y3))) && (! (y4)))) || (((((y0) && (y1)) && (! (y2))) && (! (y3))) && (! (y4)))) || (((((! (y0)) && (! (y1))) && (y2)) && (! (y3))) && (! (y4)))) || (((((y0) && (! (y1))) && (y2)) && (! (y3))) && (! (y4)))) || (((((! (y0)) && (y1)) && (y2)) && (! (y3))) && (! (y4)))) || (((((y0) && (y1)) && (y2)) && (! (y3))) && (! (y4)))) || (((((! (y0)) && (! (y1))) && (! (y2))) && (y3)) && (! (y4)))) || (((((y0) && (! (y1))) && (! (y2))) && (y3)) && (! (y4)))) || (((((! (y0)) && (y1)) && (! (y2))) && (y3)) && (! (y4)))) || (((((y0) && (y1)) && (! (y2))) && (y3)) && (! (y4)))) || (((((! (y0)) && (! (y1))) && (y2)) && (y3)) && (! (y4)))) || (((((y0) && (! (y1))) && (y2)) && (y3)) && (! (y4)))) || (((((! (y0)) && (y1)) && (y2)) && (y3)) && (! (y4)))) || (((((y0) && (y1)) && (y2)) && (y3)) && (! (y4)))) || (((((! (y0)) && (! (y1))) && (! (y2))) && (! (y3))) && (y4))) || (((((y0) && (! (y1))) && (! (y2))) && (! (y3))) && (y4))) || (((((! (y0)) && (y1)) && (! (y2))) && (! (y3))) && (y4))) || (((((y0) && (y1)) && (! (y2))) && (! (y3))) && (y4))) || (((((! (y0)) && (! (y1))) && (y2)) && (! (y3))) && (y4))) || (((((y0) && (! (y1))) && (y2)) && (! (y3))) && (y4))) U ((((((! (x0)) && (! (x1))) && (x2)) && (x3)) && (! (x4))) -> ((! (((((y0) && (! (y1))) && (! (y2))) && (! (y3))) && (! (y4)))) U (((((y0) && (y1)) && (y2)) && (! (y3))) && (! (y4)))))) || (G (((((((((((((((((((((((((y0) && (! (y1))) && (! (y2))) && (! (y3))) && (! (y4))) || (((((! (y0)) && (y1)) && (! (y2))) && (! (y3))) && (! (y4)))) || (((((y0) && (y1)) && (! (y2))) && (! (y3))) && (! (y4)))) || (((((! (y0)) && (! (y1))) && (y2)) && (! (y3))) && (! (y4)))) || (((((y0) && (! (y1))) && (y2)) && (! (y3))) && (! (y4)))) || (((((! (y0)) && (y1)) && (y2)) && (! (y3))) && (! (y4)))) || (((((y0) && (y1)) && (y2)) && (! (y3))) && (! (y4)))) || (((((! (y0)) && (! (y1))) && (! (y2))) && (y3)) && (! (y4)))) || (((((y0) && (! (y1))) && (! (y2))) && (y3)) && (! (y4)))) || (((((! (y0)) && (y1)) && (! (y2))) && (y3)) && (! (y4)))) || (((((y0) && (y1)) && (! (y2))) && (y3)) && (! (y4)))) || (((((! (y0)) && (! (y1))) && (y2)) && (y3)) && (! (y4)))) || (((((y0) && (! (y1))) && (y2)) && (y3)) && (! (y4)))) || (((((! (y0)) && (y1)) && (y2)) && (y3)) && (! (y4)))) || (((((y0) && (y1)) && (y2)) && (y3)) && (! (y4)))) || (((((! (y0)) && (! (y1))) && (! (y2))) && (! (y3))) && (y4))) || (((((y0) && (! (y1))) && (! (y2))) && (! (y3))) && (y4))) || (((((! (y0)) && (y1)) && (! (y2))) && (! (y3))) && (y4))) || (((((y0) && (y1)) && (! (y2))) && (! (y3))) && (y4))) || (((((! (y0)) && (! (y1))) && (y2)) && (! (y3))) && (y4))) || (((((y0) && (! (y1))) && (y2)) && (! (y3))) && (y4)))))))))","total_time":2136,"automaton":{"is_built":true,"build_duration":96,"total_states":597,"state_based_status":"true","prune_automaton_duration":0,"pruned_state_based_status":"true","prune_total_states":597,"total_edges":2690},"dependency":{"dependency_approach":"automaton","tested_dependencies":[],"total_duration":-1,"is_completed":true,"skipped_dependencies":true,"total_pair_state":-1},"unate":{"skipped_unate":true},"synthesis":{"model_checking_status":"UNKNOWN","independent_strategy":{"duration":2036,"realizability":"REALIZABLE","total_inputs":5,"total_outputs":5,"total_latches":3,"total_gates":122},"dependent_strategy":{"duration":-1,"total_inputs":-1,"total_outputs":-1,"total_latches":-1,"total_gates":-1}}}
