aag 12 2 2 2 8
2
4
6 20
8 24
15
12
10 6 9
12 7 8
14 13 11
16 7 9
18 5 16
20 2 18
22 4 16
24 2 22
i0 r_0
i1 try_0
o0 g_0
o1 ack_0
{"is_completed":true,"output_vars":["ack_0","g_0"],"input_vars":["try_0","r_0"],"formula":"((G (true)) && (G ((r_0) -> (((try_0) <-> (X (ack_0))) U (g_0)))))","total_time":1,"automaton":{"is_built":true,"build_duration":0,"total_states":3,"state_based_status":"true","prune_automaton_duration":0,"pruned_state_based_status":"true","prune_total_states":3,"total_edges":9},"dependency":{"dependency_approach":"automaton","tested_dependencies":[],"total_duration":-1,"is_completed":false,"skipped_dependencies":true,"total_pair_state":-1},"unate":{"skipped_unate":true},"synthesis":{"model_checking_status":"UNKNOWN","independent_strategy":{"duration":0,"realizability":"REALIZABLE","total_inputs":2,"total_outputs":2,"total_latches":2,"total_gates":8},"dependent_strategy":{"duration":-1,"total_inputs":-1,"total_outputs":-1,"total_latches":-1,"total_gates":-1}}}
