aag 68 2 3 2 63
2
4
6 103
8 133
10 136
43
77
12 6 9
14 7 8
16 15 13
18 4 17
20 5 12
22 21 19
24 8 11
26 9 11
28 6 26
30 7 24
32 31 29
34 5 33
36 35 19
38 2 37
40 3 23
42 41 39
44 6 25
46 6 24
48 7 9
50 49 47
52 4 51
54 5 45
56 55 53
58 9 10
60 59 25
62 6 61
64 7 25
66 65 63
68 5 67
70 69 53
72 2 71
74 3 57
76 75 73
78 7 11
80 79 47
82 8 10
84 6 82
86 4 85
88 5 81
90 89 87
92 7 26
94 93 47
96 5 95
98 2 96
100 3 91
102 101 99
104 7 82
106 105 47
108 6 83
110 7 27
112 111 109
114 4 113
116 5 107
118 117 115
120 6 58
122 105 121
124 5 123
126 125 87
128 2 127
130 3 119
132 131 129
134 111 13
136 5 135
i0 a
i1 b
o0 p0
o1 p1
{"is_completed":true,"output_vars":["p1","p0"],"input_vars":["b","a"],"formula":"((G ((p0) <-> (! (p1)))) && ((G ((F (a)) && (F (b)))) <-> (G (F (p0)))))","total_time":5,"automaton":{"is_built":true,"build_duration":2,"total_states":11,"state_based_status":"true","prune_automaton_duration":0,"pruned_state_based_status":"true","prune_total_states":11,"total_edges":35},"dependency":{"dependency_approach":"automaton","tested_dependencies":[],"total_duration":-1,"is_completed":false,"skipped_dependencies":true,"total_pair_state":-1},"unate":{"skipped_unate":true},"synthesis":{"model_checking_status":"UNKNOWN","independent_strategy":{"duration":3,"realizability":"REALIZABLE","total_inputs":2,"total_outputs":2,"total_latches":3,"total_gates":63},"dependent_strategy":{"duration":-1,"total_inputs":-1,"total_outputs":-1,"total_latches":-1,"total_gates":-1}}}
