aag 106 2 4 2 100
2
4
6 145
8 169
10 186
12 213
71
115
14 11 12
16 8 14
18 10 13
20 8 13
22 9 18
24 23 21
26 6 25
28 7 16
30 29 27
32 8 18
34 9 14
36 35 33
38 6 37
40 29 39
42 4 41
44 5 31
46 45 43
48 10 12
50 8 49
52 23 51
54 15 19
56 9 55
58 57 21
60 6 59
62 7 53
64 63 61
66 2 65
68 3 47
70 69 67
72 9 49
74 73 21
76 9 11
78 6 76
80 7 75
82 81 79
84 11 13
86 8 84
88 9 13
90 89 87
92 6 91
94 81 93
96 4 95
98 5 83
100 99 97
102 9 84
104 6 102
106 7 76
108 107 105
110 2 109
112 3 101
114 113 111
116 77 87
118 6 117
120 81 119
122 73 33
124 23 87
126 6 125
128 7 123
130 129 127
132 4 131
134 5 121
136 135 133
138 7 84
140 2 138
142 3 137
144 143 141
146 7 32
148 147 105
150 7 59
152 151 127
154 4 153
156 5 149
158 157 155
160 7 34
162 161 105
164 2 163
166 3 159
168 167 165
170 6 18
172 7 20
174 173 171
176 6 75
178 151 177
180 4 179
182 5 175
184 183 181
186 3 185
188 57 17
190 35 87
192 6 191
194 7 189
196 195 193
198 4 28
200 5 197
202 201 199
204 7 55
206 205 61
208 2 207
210 3 203
212 211 209
i0 a
i1 b
o0 p0
o1 p1
{"is_completed":true,"output_vars":["p1","p0"],"input_vars":["b","a"],"formula":"((G ((p0) <-> (! (p1)))) && ((F (G (((F (a)) || (G (F (b)))) || (F (G ((a) || (b))))))) <-> (G (F (p0)))))","total_time":6,"automaton":{"is_built":true,"build_duration":1,"total_states":10,"state_based_status":"true","prune_automaton_duration":0,"pruned_state_based_status":"true","prune_total_states":10,"total_edges":32},"dependency":{"dependency_approach":"automaton","tested_dependencies":[],"total_duration":-1,"is_completed":false,"skipped_dependencies":true,"total_pair_state":-1},"unate":{"skipped_unate":true},"synthesis":{"model_checking_status":"UNKNOWN","independent_strategy":{"duration":4,"realizability":"REALIZABLE","total_inputs":2,"total_outputs":2,"total_latches":4,"total_gates":100},"dependent_strategy":{"duration":-1,"total_inputs":-1,"total_outputs":-1,"total_latches":-1,"total_gates":-1}}}
