aag 455 3 5 3 447
2
4
6
8 471
10 615
12 727
14 845
16 911
0
191
381
18 14 17
20 15 16
22 12 20
24 13 18
26 25 23
28 21 19
30 12 17
32 13 29
34 33 31
36 10 35
38 11 27
40 39 37
42 15 17
44 12 42
46 33 45
48 8 47
50 9 41
52 51 49
54 12 29
56 25 55
58 11 57
60 59 37
62 25 45
64 10 63
66 11 32
68 67 65
70 8 69
72 9 61
74 73 71
76 6 75
78 7 53
80 79 77
82 12 18
84 13 20
86 85 83
88 10 87
90 11 24
92 91 89
94 10 84
96 11 63
98 97 95
100 8 99
102 9 93
104 103 101
106 11 18
108 107 89
110 8 90
112 9 109
114 113 111
116 6 115
118 7 105
120 119 117
122 4 121
124 5 81
126 125 123
128 10 30
130 85 45
132 8 131
134 9 128
136 135 133
138 11 82
140 139 129
142 10 44
144 11 84
146 145 143
148 8 147
150 9 141
152 151 149
154 6 153
156 7 137
158 157 155
160 10 82
162 11 44
164 163 95
166 8 165
168 9 160
170 169 167
172 9 82
174 6 172
176 7 171
178 177 175
180 4 179
182 5 159
184 183 181
186 2 185
188 3 127
190 189 187
192 13 15
194 193 31
196 13 42
198 10 196
200 11 195
202 201 199
204 197 83
206 8 205
208 9 203
210 209 207
212 193 45
214 11 213
216 215 199
218 197 31
220 193 83
222 10 221
224 11 219
226 225 223
228 8 227
230 9 217
232 231 229
234 6 233
236 7 211
238 237 235
240 14 16
242 12 241
244 193 243
246 13 17
248 247 45
250 10 249
252 11 245
254 253 251
256 10 17
258 11 221
260 259 257
262 8 261
264 9 255
266 265 263
268 11 15
270 269 251
272 13 241
274 273 31
276 10 275
278 201 277
280 8 279
282 9 271
284 283 281
286 6 285
288 7 267
290 289 287
292 4 291
294 5 239
296 295 293
298 10 272
300 11 241
302 301 299
304 247 83
306 8 305
308 9 303
310 309 307
312 12 15
314 273 313
316 11 315
318 317 299
320 273 83
322 10 321
324 11 17
326 325 323
328 8 327
330 9 319
332 331 329
334 6 333
336 7 311
338 337 335
340 273 45
342 10 341
344 301 343
346 11 321
348 347 257
350 8 349
352 9 345
354 353 351
356 317 343
358 8 275
360 9 357
362 361 359
364 6 363
366 7 355
368 367 365
370 4 369
372 5 339
374 373 371
376 2 375
378 3 297
380 379 377
382 197 23
384 11 383
386 385 65
388 11 87
390 389 65
392 8 391
394 9 387
396 395 393
398 10 219
400 301 399
402 10 195
404 11 275
406 405 403
408 8 407
410 9 401
412 411 409
414 6 413
416 7 397
418 417 415
420 11 35
422 421 257
424 325 277
426 8 425
428 9 423
430 429 427
432 6 431
434 4 432
436 5 419
438 437 435
440 193 23
442 11 441
444 443 143
446 9 445
448 447 393
450 301 257
452 9 451
454 453 359
456 6 455
458 7 449
460 459 457
462 5 461
464 463 435
466 2 465
468 3 439
470 469 467
472 10 131
474 91 473
476 11 272
478 477 399
480 8 479
482 9 475
484 483 481
486 67 89
488 347 199
490 8 489
492 9 487
494 493 491
496 6 495
498 7 485
500 499 497
502 273 23
504 11 503
506 505 95
508 33 83
510 25 31
512 10 511
514 11 509
516 515 513
518 8 517
520 9 507
522 521 519
524 247 23
526 11 525
528 527 89
530 8 66
532 9 529
534 533 531
536 6 535
538 7 523
540 539 537
542 4 541
544 5 501
546 545 543
548 10 47
550 11 196
552 551 549
554 9 553
556 555 481
558 10 509
560 11 192
562 561 559
564 10 246
566 259 565
568 8 567
570 9 563
572 571 569
574 6 573
576 7 557
578 577 575
580 11 20
582 581 95
584 9 583
586 585 519
588 11 22
590 589 89
592 8 144
594 9 591
596 595 593
598 6 597
600 7 587
602 601 599
604 4 603
606 5 579
608 607 605
610 2 609
612 3 547
614 613 611
616 85 31
618 11 617
620 619 161
622 10 192
624 163 623
626 8 625
628 9 621
630 629 627
632 11 511
634 633 143
636 10 213
638 633 637
640 8 639
642 9 635
644 643 641
646 6 645
648 7 631
650 649 647
652 619 637
654 8 653
656 9 30
658 657 655
660 421 637
662 8 661
664 643 663
666 6 665
668 7 659
670 669 667
672 4 671
674 5 651
676 675 673
678 633 323
680 11 249
682 681 223
684 8 683
686 9 679
688 687 685
690 421 343
692 9 691
694 693 427
696 6 695
698 7 689
700 699 697
702 301 277
704 9 703
706 705 359
708 353 359
710 6 709
712 7 707
714 713 711
716 4 715
718 5 701
720 719 717
722 2 721
724 3 677
726 725 723
728 10 205
730 11 42
732 8 730
734 9 728
736 735 733
738 10 42
740 67 739
742 11 246
744 743 129
746 8 745
748 9 741
750 749 747
752 6 751
754 7 737
756 755 753
758 10 305
760 201 143
762 8 761
764 9 758
766 765 763
768 67 565
770 10 18
772 477 771
774 8 773
776 9 769
778 777 775
780 6 779
782 7 767
784 783 781
786 4 785
788 5 757
790 789 787
792 97 161
794 8 793
796 9 88
798 797 795
800 8 142
802 9 472
804 803 801
806 6 805
808 7 799
810 809 807
812 581 89
814 421 513
816 8 815
818 9 813
820 819 817
822 589 95
824 9 823
826 825 593
828 6 827
830 7 821
832 831 829
834 4 833
836 5 811
838 837 835
840 2 839
842 3 791
844 843 841
846 8 82
848 9 144
850 849 847
852 10 24
854 8 852
856 9 770
858 857 855
860 6 859
862 7 851
864 863 861
866 8 770
868 9 580
870 869 867
872 589 161
874 9 873
876 6 874
878 7 871
880 879 877
882 4 881
884 5 865
886 885 883
888 139 853
890 8 889
892 869 891
894 7 893
896 895 877
898 6 168
900 4 898
902 5 897
904 903 901
906 2 905
908 3 887
910 909 907
i0 b
i1 c
i2 a
o0 p0
o1 p1
o2 p2
{"is_completed":true,"output_vars":["p2","p1","p0"],"input_vars":["c","b","a"],"formula":"((G (((((p0) && (! (p1))) && (! (p2))) || (((! (p0)) && (p1)) && (! (p2)))) || (((! (p0)) && (! (p1))) && (p2)))) && (((((F ((b) && (F (G (a))))) || (F ((c) && (F (G (! (a))))))) && (F (b))) && (F (c))) <-> ((G (F (p0))) || ((G (F (p2))) && (! (G (F (p1))))))))","total_time":41,"automaton":{"is_built":true,"build_duration":11,"total_states":66,"state_based_status":"true","prune_automaton_duration":0,"pruned_state_based_status":"true","prune_total_states":66,"total_edges":334},"dependency":{"dependency_approach":"automaton","tested_dependencies":[],"total_duration":-1,"is_completed":false,"skipped_dependencies":true,"total_pair_state":-1},"unate":{"skipped_unate":true},"synthesis":{"model_checking_status":"UNKNOWN","independent_strategy":{"duration":29,"realizability":"REALIZABLE","total_inputs":3,"total_outputs":3,"total_latches":5,"total_gates":447},"dependent_strategy":{"duration":-1,"total_inputs":-1,"total_outputs":-1,"total_latches":-1,"total_gates":-1}}}
