aag 9 5 0 12 4
2
4
6
8
10
1
1
1
16
4
0
18
0
0
0
2
3
12 11 9
14 6 13
16 5 14
18 5 15
i0 p0p0eq0xcoord0f1ddec0f1dsizex1b1b
i1 p0p0lt0f1dcoordcount0xcoord0ycoord1b0score
i2 p0p0on0gameover
i3 p0p0eq0f1dadd0xcoord0ycoord1b0f1ddec0f1dsizex1b1b
i4 p0p0eq0xcoord0ycoord
o0 u0bxcoord0xcoord
o1 u0bycoord0ycoord
o2 u0xcoord0f1dinc0xcoord1b
o3 u0actcolor0f1dredcolor1b
o4 u0actcolor0scorecolor
o5 u0actcolor0actcolor
o6 u0actcolor0f1dblackcolor1b
o7 u0bxcoord0bxcoord
o8 u0bycoord0bycoord
o9 u0xcoord0xcoord
o10 u0ycoord0f1dinc0ycoord1b
o11 u0ycoord0ycoord
{"is_completed":true,"output_vars":["u0ycoord0f1dinc0ycoord1b","u0ycoord0ycoord","u0xcoord0f1dinc0xcoord1b","u0xcoord0xcoord","u0bycoord0ycoord","u0bycoord0bycoord","u0bxcoord0xcoord","u0bxcoord0bxcoord","u0actcolor0f1dredcolor1b","u0actcolor0f1dblackcolor1b","u0actcolor0scorecolor","u0actcolor0actcolor"],"input_vars":["p0p0lt0f1dcoordcount0xcoord0ycoord1b0score","p0p0eq0f1dadd0xcoord0ycoord1b0f1ddec0f1dsizex1b1b","p0p0eq0xcoord0f1ddec0f1dsizex1b1b","p0p0eq0xcoord0ycoord","p0p0on0gameover"],"formula":"((((((((G (((((! (((! (((u0actcolor0f1dblackcolor1b) && (! (u0actcolor0actcolor))) <-> ((u0actcolor0actcolor) && (! (u0actcolor0f1dblackcolor1b))))) && (! ((u0actcolor0f1dredcolor1b) || (u0actcolor0scorecolor)))) <-> ((! (((u0actcolor0f1dredcolor1b) && (! (u0actcolor0scorecolor))) <-> ((u0actcolor0scorecolor) && (! (u0actcolor0f1dredcolor1b))))) && (! ((u0actcolor0f1dblackcolor1b) || (u0actcolor0actcolor)))))) && (! (((u0bxcoord0bxcoord) && (! (u0bxcoord0xcoord))) <-> ((u0bxcoord0xcoord) && (! (u0bxcoord0bxcoord)))))) && (! (((u0bycoord0bycoord) && (! (u0bycoord0ycoord))) <-> ((u0bycoord0ycoord) && (! (u0bycoord0bycoord)))))) && (! (((u0xcoord0xcoord) && (! (u0xcoord0f1dinc0xcoord1b))) <-> ((u0xcoord0f1dinc0xcoord1b) && (! (u0xcoord0xcoord)))))) && (! (((u0ycoord0ycoord) && (! (u0ycoord0f1dinc0ycoord1b))) <-> ((u0ycoord0f1dinc0ycoord1b) && (! (u0ycoord0ycoord))))))) && (G (u0bxcoord0xcoord))) && (G (u0bycoord0ycoord))) && (G (u0xcoord0f1dinc0xcoord1b))) && (G ((p0p0eq0xcoord0f1ddec0f1dsizex1b1b) <-> (u0ycoord0f1dinc0ycoord1b)))) && (G (((u0actcolor0scorecolor) || (u0actcolor0f1dredcolor1b)) || (u0actcolor0f1dblackcolor1b)))) && (G ((p0p0lt0f1dcoordcount0xcoord0ycoord1b0score) <-> (u0actcolor0scorecolor)))) && (G ((((p0p0on0gameover) && (! (p0p0lt0f1dcoordcount0xcoord0ycoord1b0score))) && ((p0p0eq0f1dadd0xcoord0ycoord1b0f1ddec0f1dsizex1b1b) || (p0p0eq0xcoord0ycoord))) <-> (u0actcolor0f1dredcolor1b))))","total_time":3,"automaton":{"is_built":true,"build_duration":2,"total_states":1,"state_based_status":"true","prune_automaton_duration":0,"pruned_state_based_status":"true","prune_total_states":1,"total_edges":1},"dependency":{"dependency_approach":"automaton","tested_dependencies":[],"total_duration":-1,"is_completed":true,"skipped_dependencies":true,"total_pair_state":-1},"unate":{"skipped_unate":true},"synthesis":{"model_checking_status":"UNKNOWN","independent_strategy":{"duration":0,"realizability":"REALIZABLE","total_inputs":5,"total_outputs":12,"total_latches":0,"total_gates":4},"dependent_strategy":{"duration":-1,"total_inputs":-1,"total_outputs":-1,"total_latches":-1,"total_gates":-1}}}
