aag 37 2 3 2 32
2
4
6 54
8 73
10 74
27
45
12 5 11
14 9 13
16 7 14
18 9 10
20 7 18
22 2 20
24 3 16
26 25 23
28 8 11
30 9 12
32 31 29
34 6 11
36 7 33
38 37 35
40 2 11
42 3 39
44 43 41
46 9 11
48 6 33
50 7 46
52 51 49
54 3 53
56 4 11
58 9 57
60 7 58
62 61 49
64 7 9
66 65 35
68 2 67
70 3 63
72 71 69
74 7 28
i0 a
i1 b
o0 p0
o1 p1
{"is_completed":true,"output_vars":["p1","p0"],"input_vars":["b","a"],"formula":"((G ((p0) <-> (! (p1)))) && (((F (a)) || (G (b))) <-> (G (F (p0)))))","total_time":4,"automaton":{"is_built":true,"build_duration":2,"total_states":10,"state_based_status":"true","prune_automaton_duration":0,"pruned_state_based_status":"true","prune_total_states":10,"total_edges":26},"dependency":{"dependency_approach":"automaton","tested_dependencies":[],"total_duration":-1,"is_completed":false,"skipped_dependencies":true,"total_pair_state":-1},"unate":{"skipped_unate":true},"synthesis":{"model_checking_status":"UNKNOWN","independent_strategy":{"duration":2,"realizability":"REALIZABLE","total_inputs":2,"total_outputs":2,"total_latches":3,"total_gates":32},"dependent_strategy":{"duration":-1,"total_inputs":-1,"total_outputs":-1,"total_latches":-1,"total_gates":-1}}}
