aag 110 2 4 2 104
2
4
6 153
8 179
10 196
12 221
79
123
14 11 12
16 10 13
18 15 17
20 8 19
22 9 14
24 23 21
26 11 13
28 8 26
30 9 19
32 31 29
34 6 33
36 7 25
38 37 35
40 8 16
42 23 41
44 6 43
46 7 20
48 47 45
50 4 49
52 5 39
54 53 51
56 10 12
58 8 57
60 9 16
62 61 59
64 8 13
66 31 65
68 6 67
70 7 63
72 71 69
74 2 73
76 3 55
78 77 75
80 9 13
82 81 29
84 9 26
86 85 41
88 6 87
90 7 83
92 91 89
94 9 57
96 95 29
98 6 83
100 7 97
102 101 99
104 4 103
106 5 93
108 107 105
110 9 11
112 6 84
114 7 110
116 115 113
118 2 117
120 3 109
122 121 119
124 95 65
126 85 65
128 6 127
130 7 125
132 131 129
134 6 16
136 7 127
138 137 135
140 4 139
142 5 133
144 143 141
146 7 26
148 2 146
150 3 145
152 151 149
154 31 41
156 7 155
158 157 129
160 6 64
162 157 161
164 4 163
166 5 159
168 167 165
170 7 22
172 171 113
174 2 173
176 3 169
178 177 175
180 7 33
182 181 69
184 111 29
186 6 185
188 181 187
190 4 189
192 5 183
194 193 191
196 3 195
198 8 14
200 7 198
202 6 60
204 201 203
206 4 205
208 5 200
210 209 207
212 7 19
214 213 69
216 2 215
218 3 211
220 219 217
i0 a
i1 b
o0 p0
o1 p1
{"is_completed":true,"output_vars":["p1","p0"],"input_vars":["b","a"],"formula":"((G ((p0) <-> (! (p1)))) && ((F (G ((((F (a)) || (G (F (b)))) || (F (G ((a) || (b))))) || (F (G (b)))))) <-> (G (F (p0)))))","total_time":6,"automaton":{"is_built":true,"build_duration":2,"total_states":10,"state_based_status":"true","prune_automaton_duration":0,"pruned_state_based_status":"true","prune_total_states":10,"total_edges":32},"dependency":{"dependency_approach":"automaton","tested_dependencies":[],"total_duration":-1,"is_completed":false,"skipped_dependencies":true,"total_pair_state":-1},"unate":{"skipped_unate":true},"synthesis":{"model_checking_status":"UNKNOWN","independent_strategy":{"duration":4,"realizability":"REALIZABLE","total_inputs":2,"total_outputs":2,"total_latches":4,"total_gates":104},"dependent_strategy":{"duration":-1,"total_inputs":-1,"total_outputs":-1,"total_latches":-1,"total_gates":-1}}}
