aag 83 3 3 2 77
2
4
6
8 114
10 143
12 166
47
83
14 8 11
16 10 13
18 11 13
20 8 18
22 9 16
24 23 21
26 4 25
28 5 14
30 29 27
32 9 10
34 33 15
36 6 35
38 7 31
40 39 37
42 2 35
44 3 41
46 45 43
48 8 17
50 11 12
52 51 17
54 8 53
56 9 17
58 57 55
60 4 59
62 5 49
64 63 61
66 8 16
68 9 11
70 69 67
72 6 71
74 7 65
76 75 73
78 2 71
80 3 77
82 81 79
84 10 12
86 8 85
88 9 13
90 89 87
92 8 13
94 9 85
96 95 93
98 4 97
100 5 91
102 101 99
104 9 18
106 5 104
108 6 106
110 7 103
112 111 109
114 3 113
116 9 84
118 117 87
120 33 87
122 4 121
124 5 119
126 125 123
128 8 84
130 4 129
132 6 130
134 7 127
136 135 133
138 2 129
140 3 137
142 141 139
144 9 19
146 8 50
148 117 147
150 4 149
152 5 144
154 153 151
156 145 87
158 5 157
160 6 158
162 7 155
164 163 161
166 3 165
i0 b
i1 a
i2 c
o0 p0
o1 p1
{"is_completed":true,"output_vars":["p1","p0"],"input_vars":["c","b","a"],"formula":"((G ((p0) <-> (! (p1)))) && (((G (F ((a) || (b)))) && (G (F ((b) || (c))))) <-> (G (F (p0)))))","total_time":6,"automaton":{"is_built":true,"build_duration":2,"total_states":11,"state_based_status":"true","prune_automaton_duration":0,"pruned_state_based_status":"true","prune_total_states":11,"total_edges":35},"dependency":{"dependency_approach":"automaton","tested_dependencies":[],"total_duration":-1,"is_completed":true,"skipped_dependencies":true,"total_pair_state":-1},"unate":{"skipped_unate":true},"synthesis":{"model_checking_status":"UNKNOWN","independent_strategy":{"duration":3,"realizability":"REALIZABLE","total_inputs":3,"total_outputs":2,"total_latches":3,"total_gates":77},"dependent_strategy":{"duration":-1,"total_inputs":-1,"total_outputs":-1,"total_latches":-1,"total_gates":-1}}}
