aag 78 3 3 2 72
2
4
6
8 125
10 151
12 156
57
91
14 10 12
16 10 13
18 8 16
20 9 15
22 21 19
24 8 13
26 6 24
28 7 23
30 29 27
32 4 24
34 5 31
36 35 33
38 11 12
40 9 38
42 41 19
44 7 43
46 45 27
48 5 47
50 49 33
52 2 51
54 3 37
56 55 53
58 11 13
60 8 58
62 6 20
64 7 60
66 65 63
68 4 20
70 5 67
72 71 69
74 9 13
76 75 61
78 7 77
80 79 63
82 5 81
84 83 69
86 2 85
88 3 73
90 89 87
92 21 61
94 39 17
96 9 95
98 6 96
100 7 93
102 101 99
104 4 96
106 5 103
108 107 105
110 97 61
112 7 111
114 113 99
116 5 115
118 117 105
120 2 119
122 3 109
124 123 121
126 21 25
128 6 127
130 4 127
132 5 128
134 133 131
136 75 19
138 7 137
140 139 129
142 5 141
144 143 131
146 2 145
148 3 135
150 149 147
152 7 18
154 5 152
156 3 154
i0 a
i1 b
i2 c
o0 p0
o1 p1
{"is_completed":true,"output_vars":["p1","p0"],"input_vars":["c","b","a"],"formula":"((G ((p0) <-> (! (p1)))) && ((G ((a) || (F ((b) || (c))))) <-> (G (F (p0)))))","total_time":4,"automaton":{"is_built":true,"build_duration":2,"total_states":10,"state_based_status":"true","prune_automaton_duration":0,"pruned_state_based_status":"true","prune_total_states":10,"total_edges":32},"dependency":{"dependency_approach":"automaton","tested_dependencies":[],"total_duration":-1,"is_completed":false,"skipped_dependencies":true,"total_pair_state":-1},"unate":{"skipped_unate":true},"synthesis":{"model_checking_status":"UNKNOWN","independent_strategy":{"duration":2,"realizability":"REALIZABLE","total_inputs":3,"total_outputs":2,"total_latches":3,"total_gates":72},"dependent_strategy":{"duration":-1,"total_inputs":-1,"total_outputs":-1,"total_latches":-1,"total_gates":-1}}}
