aag 34 3 2 2 29
2
4
6
8 27
10 69
27
53
12 9 11
14 6 12
16 4 12
18 5 14
20 19 17
22 2 12
24 3 21
26 25 23
28 8 10
30 8 11
32 9 10
34 33 31
36 6 35
38 7 29
40 39 37
42 4 35
44 5 41
46 45 43
48 2 35
50 3 47
52 51 49
54 6 32
56 39 55
58 4 32
60 5 57
62 61 59
64 2 32
66 3 63
68 67 65
i0 a
i1 b
i2 c
o0 p0
o1 p1
{"is_completed":true,"output_vars":["p1","p0"],"input_vars":["c","b","a"],"formula":"((G ((p0) <-> (! (p1)))) && ((G (((a) || (b)) || (c))) <-> (G (F (p0)))))","total_time":3,"automaton":{"is_built":true,"build_duration":1,"total_states":7,"state_based_status":"true","prune_automaton_duration":0,"pruned_state_based_status":"true","prune_total_states":7,"total_edges":18},"dependency":{"dependency_approach":"automaton","tested_dependencies":[],"total_duration":-1,"is_completed":false,"skipped_dependencies":true,"total_pair_state":-1},"unate":{"skipped_unate":true},"synthesis":{"model_checking_status":"UNKNOWN","independent_strategy":{"duration":1,"realizability":"REALIZABLE","total_inputs":3,"total_outputs":2,"total_latches":2,"total_gates":29},"dependent_strategy":{"duration":-1,"total_inputs":-1,"total_outputs":-1,"total_latches":-1,"total_gates":-1}}}
