aag 66 3 3 2 60
2
4
6
8 91
10 121
12 133
41
77
14 9 11
16 4 14
18 11 13
20 11 12
22 8 20
24 9 18
26 25 23
28 15 23
30 4 29
32 5 27
34 33 31
36 2 35
38 3 16
40 39 37
42 10 12
44 8 42
46 8 43
48 9 10
50 49 47
52 4 51
54 5 45
56 55 53
58 8 13
60 9 19
62 61 59
64 49 59
66 4 65
68 5 63
70 69 67
72 2 71
74 3 57
76 75 73
78 10 13
80 9 43
82 4 80
84 5 78
86 85 83
88 2 87
90 39 89
92 49 23
94 4 93
96 55 95
98 8 11
100 9 79
102 101 99
104 19 43
106 9 105
108 107 23
110 4 109
112 5 103
114 113 111
116 2 115
118 3 97
120 119 117
122 8 18
124 49 123
126 4 125
128 69 127
130 2 129
132 75 131
i0 b
i1 c
i2 a
o0 p0
o1 p1
{"is_completed":true,"output_vars":["p1","p0"],"input_vars":["c","b","a"],"formula":"((G ((p0) <-> (! (p1)))) && (((((G ((b) && (G (F (a))))) && (G ((c) || (G (F (! (a))))))) || (G (b))) || (G (c))) <-> (G (F (p0)))))","total_time":4,"automaton":{"is_built":true,"build_duration":2,"total_states":13,"state_based_status":"true","prune_automaton_duration":0,"pruned_state_based_status":"true","prune_total_states":13,"total_edges":45},"dependency":{"dependency_approach":"automaton","tested_dependencies":[],"total_duration":-1,"is_completed":false,"skipped_dependencies":true,"total_pair_state":-1},"unate":{"skipped_unate":true},"synthesis":{"model_checking_status":"UNKNOWN","independent_strategy":{"duration":2,"realizability":"REALIZABLE","total_inputs":3,"total_outputs":2,"total_latches":3,"total_gates":60},"dependent_strategy":{"duration":-1,"total_inputs":-1,"total_outputs":-1,"total_latches":-1,"total_gates":-1}}}
