aag 16 1 2 3 13
2
4 33
6 10
10
12
25
8 5 7
10 3 8
12 2 7
14 4 7
16 5 6
18 17 15
20 2 16
22 3 19
24 23 21
26 4 6
28 2 27
30 3 14
32 31 29
i0 a
o0 p0
o1 p1
o2 p2
{"is_completed":true,"output_vars":["p2","p1","p0"],"input_vars":["a"],"formula":"((G (((((p0) && (! (p1))) && (! (p2))) || (((! (p0)) && (p1)) && (! (p2)))) || (((! (p0)) && (! (p1))) && (p2)))) && ((F (G (! (a)))) <-> ((G (F (p0))) || ((G (F (p2))) && (! (G (F (p1))))))))","total_time":7,"automaton":{"is_built":true,"build_duration":4,"total_states":18,"state_based_status":"true","prune_automaton_duration":0,"pruned_state_based_status":"true","prune_total_states":18,"total_edges":55},"dependency":{"dependency_approach":"automaton","tested_dependencies":[],"total_duration":-1,"is_completed":false,"skipped_dependencies":true,"total_pair_state":-1},"unate":{"skipped_unate":true},"synthesis":{"model_checking_status":"UNKNOWN","independent_strategy":{"duration":2,"realizability":"REALIZABLE","total_inputs":1,"total_outputs":3,"total_latches":2,"total_gates":13},"dependent_strategy":{"duration":-1,"total_inputs":-1,"total_outputs":-1,"total_latches":-1,"total_gates":-1}}}
