aag 303 2 5 3 296
2
4
6 357
8 399
10 483
12 539
14 607
111
175
281
16 12 15
18 10 16
20 8 18
22 11 16
24 8 16
26 9 22
28 27 25
30 13 15
32 10 30
34 23 33
36 13 14
38 37 17
40 10 39
42 8 40
44 9 35
46 45 43
48 6 47
50 7 29
52 51 49
54 2 53
56 3 20
58 57 55
60 10 15
62 11 39
64 63 61
66 12 14
68 11 67
70 69 61
72 8 71
74 9 65
76 75 73
78 11 15
80 79 33
82 23 61
84 8 83
86 9 81
88 87 85
90 6 89
92 7 77
94 93 91
96 7 65
98 97 91
100 2 99
102 3 95
104 103 101
106 4 105
108 5 59
110 109 107
112 11 31
114 113 33
116 8 22
118 9 115
120 119 117
122 113 19
124 10 13
126 63 125
128 8 127
130 9 123
132 131 129
134 6 133
136 7 121
138 137 135
140 11 66
142 141 33
144 8 32
146 9 143
148 147 145
150 9 18
152 6 150
154 7 149
156 155 153
158 2 157
160 3 139
162 161 159
164 11 30
166 9 164
168 7 166
170 4 168
172 5 163
174 173 171
176 165 41
178 11 17
180 179 125
182 8 181
184 9 177
186 185 183
188 165 125
190 8 164
192 9 189
194 193 191
196 6 195
198 7 187
200 199 197
202 11 13
204 203 41
206 10 36
208 179 207
210 8 209
212 9 205
214 213 211
216 69 33
218 8 217
220 9 209
222 221 219
224 6 223
226 7 215
228 227 225
230 2 229
232 3 201
234 233 231
236 141 207
238 11 14
240 239 41
242 203 207
244 8 243
246 9 241
248 247 245
250 6 249
252 7 237
254 253 251
256 11 38
258 257 207
260 8 259
262 9 237
264 263 261
266 7 265
268 267 251
270 2 269
272 3 255
274 273 271
276 4 275
278 5 235
280 279 277
282 10 31
284 11 12
286 8 284
288 9 283
290 289 287
292 7 291
294 293 135
296 23 207
298 23 41
300 8 299
302 9 297
304 303 301
306 10 67
308 113 307
310 63 207
312 8 311
314 9 309
316 315 313
318 6 317
320 7 305
322 321 319
324 2 323
326 3 295
328 327 325
330 10 66
332 8 67
334 9 331
336 335 333
338 6 337
340 7 331
342 341 339
344 7 164
346 2 344
348 3 343
350 349 347
352 4 351
354 5 329
356 355 353
358 141 125
360 8 359
362 9 256
364 363 361
366 11 36
368 367 41
370 63 19
372 8 371
374 9 369
376 375 373
378 6 377
380 7 365
382 381 379
384 2 383
386 161 385
388 2 343
390 3 168
392 391 389
394 4 393
396 5 387
398 397 395
400 165 61
402 8 401
404 87 403
406 6 405
408 7 72
410 409 407
412 9 60
414 413 403
416 69 125
418 9 417
420 419 21
422 6 421
424 7 415
426 425 423
428 2 427
430 3 411
432 431 429
434 8 331
436 315 435
438 63 307
440 8 439
442 335 441
444 6 443
446 7 437
448 447 445
450 239 125
452 8 30
454 9 451
456 455 453
458 11 37
460 459 61
462 9 461
464 463 145
466 6 465
468 7 457
470 469 467
472 2 471
474 3 449
476 475 473
478 4 477
480 5 433
482 481 479
484 285 207
486 8 485
488 9 127
490 489 487
492 8 35
494 303 493
496 6 495
498 7 491
500 499 497
502 141 307
504 239 33
506 8 505
508 9 503
510 509 507
512 285 33
514 8 78
516 9 513
518 517 515
520 6 519
522 7 511
524 523 521
526 2 525
528 3 501
530 529 527
532 6 190
534 4 532
536 5 531
538 537 535
540 141 41
542 8 369
544 247 543
546 6 545
548 7 541
550 549 547
552 113 207
554 285 41
556 8 555
558 9 553
560 559 557
562 367 307
564 8 563
566 247 565
568 6 567
570 7 561
572 571 569
574 2 573
576 3 551
578 577 575
580 113 41
582 8 581
584 9 16
586 585 583
588 8 39
590 9 36
592 591 589
594 6 593
596 7 587
598 597 595
600 2 599
602 4 600
604 5 579
606 605 603
i0 a
i1 b
o0 p0
o1 p1
o2 p2
{"is_completed":true,"output_vars":["p2","p1","p0"],"input_vars":["b","a"],"formula":"((G (((((p0) && (! (p1))) && (! (p2))) || (((! (p0)) && (p1)) && (! (p2)))) || (((! (p0)) && (! (p1))) && (p2)))) && (((F (G (a))) || (G (F (b)))) <-> ((G (F (p0))) || ((G (F (p2))) && (! (G (F (p1))))))))","total_time":15,"automaton":{"is_built":true,"build_duration":5,"total_states":25,"state_based_status":"true","prune_automaton_duration":0,"pruned_state_based_status":"true","prune_total_states":25,"total_edges":80},"dependency":{"dependency_approach":"automaton","tested_dependencies":[],"total_duration":-1,"is_completed":false,"skipped_dependencies":true,"total_pair_state":-1},"unate":{"skipped_unate":true},"synthesis":{"model_checking_status":"UNKNOWN","independent_strategy":{"duration":9,"realizability":"REALIZABLE","total_inputs":2,"total_outputs":3,"total_latches":5,"total_gates":296},"dependent_strategy":{"duration":-1,"total_inputs":-1,"total_outputs":-1,"total_latches":-1,"total_gates":-1}}}
