aag 24 3 3 2 18
2
4
6
8 35
10 47
12 48
16
13
14 11 12
16 9 14
18 11 13
20 8 18
22 17 21
24 10 12
26 9 25
28 27 21
30 4 29
32 5 23
34 33 31
36 10 13
38 15 37
40 9 39
42 2 29
44 3 40
46 45 43
48 8 36
i0 b
i1 c
i2 a
o0 p0
o1 p1
{"is_completed":true,"output_vars":["p1","p0"],"input_vars":["c","b","a"],"formula":"((G ((p0) <-> (! (p1)))) && (((((F ((b) && (G (F (a))))) || (F ((c) && (G (F (! (a))))))) && (F (b))) && (F (c))) <-> (G (F (p0)))))","total_time":8,"automaton":{"is_built":true,"build_duration":4,"total_states":17,"state_based_status":"true","prune_automaton_duration":0,"pruned_state_based_status":"true","prune_total_states":17,"total_edges":59},"dependency":{"dependency_approach":"automaton","tested_dependencies":[],"total_duration":-1,"is_completed":false,"skipped_dependencies":true,"total_pair_state":-1},"unate":{"skipped_unate":true},"synthesis":{"model_checking_status":"UNKNOWN","independent_strategy":{"duration":3,"realizability":"REALIZABLE","total_inputs":3,"total_outputs":2,"total_latches":3,"total_gates":18},"dependent_strategy":{"duration":-1,"total_inputs":-1,"total_outputs":-1,"total_latches":-1,"total_gates":-1}}}
