aag 126 7 4 1 115
2
4
6
8
10
12
14
16 169
18 211
20 239
22 253
28
24 21 22
26 19 24
28 16 26
30 23 12
32 20 30
34 21 23
36 35 33
38 18 37
40 19 21
42 41 39
44 23 11
46 20 44
48 35 47
50 23 15
52 20 50
54 35 53
56 18 55
58 19 49
60 59 57
62 16 61
64 17 43
66 65 63
68 20 22
70 19 69
72 71 39
74 17 73
76 75 63
78 8 77
80 9 67
82 81 79
84 18 32
86 41 85
88 18 52
90 59 89
92 16 91
94 17 87
96 95 93
98 9 97
100 99 79
102 6 101
104 7 83
106 105 103
108 27 39
110 17 109
112 111 93
114 20 23
116 25 115
118 19 117
120 119 39
122 17 121
124 123 93
126 8 125
128 9 113
130 129 127
132 27 85
134 17 133
136 135 93
138 123 63
140 8 139
142 9 137
144 143 141
146 6 145
148 7 131
150 149 147
152 4 151
154 5 107
156 155 153
158 4 107
160 5 151
162 161 159
164 2 163
166 3 157
168 167 165
170 18 114
172 23 10
174 20 172
176 19 174
178 177 89
180 16 179
182 17 170
184 183 181
186 19 34
188 187 171
190 177 57
192 16 191
194 17 189
196 195 193
198 195 181
200 6 199
202 7 197
204 203 201
206 4 205
208 5 185
210 209 207
212 19 114
214 213 89
216 16 215
218 17 114
220 219 217
222 18 23
224 213 223
226 213 57
228 16 227
230 17 225
232 231 229
234 6 233
236 7 221
238 237 235
240 23 14
242 20 240
244 18 242
246 27 245
248 16 247
250 17 26
252 251 249
i0 p
i1 q
i2 r
i3 s
i4 u
i5 v
i6 w
o0 acc
{"is_completed":true,"output_vars":["acc"],"input_vars":["w","v","u","s","r","q","p"],"formula":"(((p) U ((q) && (X ((r) && (F ((s) && (X (F ((u) && (X (F ((v) && (X (F (w))))))))))))))) <-> (G (F (acc))))","total_time":12,"automaton":{"is_built":true,"build_duration":4,"total_states":33,"state_based_status":"true","prune_automaton_duration":0,"pruned_state_based_status":"true","prune_total_states":33,"total_edges":137},"dependency":{"dependency_approach":"automaton","tested_dependencies":[],"total_duration":-1,"is_completed":false,"skipped_dependencies":true,"total_pair_state":-1},"unate":{"skipped_unate":true},"synthesis":{"model_checking_status":"UNKNOWN","independent_strategy":{"duration":7,"realizability":"REALIZABLE","total_inputs":7,"total_outputs":1,"total_latches":4,"total_gates":115},"dependent_strategy":{"duration":-1,"total_inputs":-1,"total_outputs":-1,"total_latches":-1,"total_gates":-1}}}
