aag 47 4 3 1 40
2
4
6
8
10 69
12 83
14 95
18
16 13 14
18 10 16
20 15 6
22 12 20
24 17 23
26 15 9
28 12 26
30 13 15
32 31 29
34 10 33
36 11 25
38 37 35
40 10 28
42 37 41
44 4 43
46 5 39
48 47 45
50 12 21
52 11 51
54 53 35
56 53 41
58 4 57
60 5 55
62 61 59
64 2 63
66 3 49
68 67 65
70 12 15
72 11 70
74 73 41
76 73 35
78 4 77
80 5 75
82 81 79
84 15 8
86 12 84
88 17 87
90 10 89
92 11 16
94 93 91
i0 p
i1 q
i2 r
i3 s
o0 acc
{"is_completed":true,"output_vars":["acc"],"input_vars":["s","r","q","p"],"formula":"((F ((p) && (X (F ((q) && (X (F ((r) && (X (F (s))))))))))) <-> (G (F (acc))))","total_time":5,"automaton":{"is_built":true,"build_duration":2,"total_states":15,"state_based_status":"true","prune_automaton_duration":0,"pruned_state_based_status":"true","prune_total_states":15,"total_edges":39},"dependency":{"dependency_approach":"automaton","tested_dependencies":[],"total_duration":-1,"is_completed":false,"skipped_dependencies":true,"total_pair_state":-1},"unate":{"skipped_unate":true},"synthesis":{"model_checking_status":"UNKNOWN","independent_strategy":{"duration":2,"realizability":"REALIZABLE","total_inputs":4,"total_outputs":1,"total_latches":3,"total_gates":40},"dependent_strategy":{"duration":-1,"total_inputs":-1,"total_outputs":-1,"total_latches":-1,"total_gates":-1}}}
