aag 17 3 2 1 12
2
4
6
8 33
10 35
12
12 8 10
14 4 7
16 11 14
18 8 16
20 9 10
22 21 19
24 11 7
26 8 25
28 2 27
30 3 23
32 31 29
34 21 27
i0 q
i1 p
i2 r
o0 acc
{"is_completed":true,"output_vars":["acc"],"input_vars":["r","q","p"],"formula":"((F ((q) && (X ((p) U (r))))) <-> (G (F (acc))))","total_time":4,"automaton":{"is_built":true,"build_duration":1,"total_states":9,"state_based_status":"true","prune_automaton_duration":0,"pruned_state_based_status":"true","prune_total_states":9,"total_edges":26},"dependency":{"dependency_approach":"automaton","tested_dependencies":[],"total_duration":-1,"is_completed":false,"skipped_dependencies":true,"total_pair_state":-1},"unate":{"skipped_unate":true},"synthesis":{"model_checking_status":"UNKNOWN","independent_strategy":{"duration":2,"realizability":"REALIZABLE","total_inputs":3,"total_outputs":1,"total_latches":2,"total_gates":12},"dependent_strategy":{"duration":-1,"total_inputs":-1,"total_outputs":-1,"total_latches":-1,"total_gates":-1}}}
