aag 189 4 4 1 181
2
4
6
8
10 207
12 303
14 375
16 378
99
18 14 17
20 12 18
22 10 20
24 12 17
26 10 24
28 8 26
30 9 22
32 31 29
34 11 24
36 35 23
38 15 17
40 13 38
42 41 25
44 10 43
46 35 45
48 8 47
50 9 37
52 51 49
54 4 53
56 5 33
58 57 55
60 15 16
62 13 60
64 10 18
66 11 62
68 67 65
70 8 22
72 9 69
74 73 71
76 11 40
78 77 23
80 9 79
82 81 71
84 6 83
86 7 75
88 87 85
90 5 89
92 91 55
94 2 93
96 3 59
98 97 95
100 61 19
102 13 101
104 12 38
106 13 17
108 107 105
110 10 109
112 11 102
114 113 111
116 13 18
118 8 116
120 9 115
122 121 119
124 14 16
126 13 125
128 127 25
130 10 129
132 11 126
134 133 131
136 9 135
138 137 119
140 6 139
142 7 123
144 143 141
146 103 21
148 127 105
150 10 149
152 11 147
154 153 151
156 8 102
158 9 155
160 159 157
162 9 129
164 163 157
166 6 165
168 7 161
170 169 167
172 4 171
174 5 145
176 175 173
178 10 17
180 67 179
182 9 181
184 183 71
186 133 151
188 9 187
190 189 71
192 6 191
194 7 185
196 195 193
198 5 197
200 199 173
202 2 201
204 3 177
206 205 203
208 117 25
210 103 105
212 10 211
214 11 209
216 215 213
218 103 25
220 10 126
222 11 219
224 223 221
226 8 225
228 9 217
230 229 227
232 117 105
234 10 233
236 11 17
238 237 235
240 9 239
242 241 227
244 6 243
246 7 231
248 247 245
250 113 151
252 9 251
254 253 157
256 189 157
258 6 257
260 7 255
262 261 259
264 4 263
266 5 249
268 267 265
270 10 62
272 237 271
274 11 129
276 275 151
278 8 277
280 9 273
282 281 279
284 9 34
286 285 279
288 6 287
290 7 283
292 291 289
294 5 293
296 295 265
298 2 297
300 3 269
302 301 299
304 107 21
306 11 305
308 307 23
310 10 209
312 11 106
314 313 311
316 8 315
318 9 309
320 319 317
322 51 317
324 6 323
326 7 321
328 327 325
330 63 21
332 10 331
334 237 333
336 8 129
338 9 335
340 339 337
342 51 337
344 6 343
346 7 341
348 347 345
350 4 349
352 5 329
354 353 351
356 11 20
358 9 356
360 6 284
362 7 358
364 363 361
366 5 365
368 367 351
370 2 369
372 3 355
374 373 371
376 5 22
378 2 376
i0 p
i1 q
i2 r
i3 s
o0 acc
{"is_completed":true,"output_vars":["acc"],"input_vars":["s","r","q","p"],"formula":"(((G ((p) -> (F (q)))) && (G ((r) -> (F (s))))) <-> (G (F (acc))))","total_time":7,"automaton":{"is_built":true,"build_duration":2,"total_states":19,"state_based_status":"true","prune_automaton_duration":0,"pruned_state_based_status":"true","prune_total_states":19,"total_edges":99},"dependency":{"dependency_approach":"automaton","tested_dependencies":[],"total_duration":-1,"is_completed":false,"skipped_dependencies":true,"total_pair_state":-1},"unate":{"skipped_unate":true},"synthesis":{"model_checking_status":"UNKNOWN","independent_strategy":{"duration":5,"realizability":"REALIZABLE","total_inputs":4,"total_outputs":1,"total_latches":4,"total_gates":181},"dependent_strategy":{"duration":-1,"total_inputs":-1,"total_outputs":-1,"total_latches":-1,"total_gates":-1}}}
