aag 29 3 3 1 23
2
4
6
8 43
10 57
12 58
16
14 11 12
16 9 14
18 13 6
20 10 18
22 15 21
24 9 23
26 10 19
28 13 5
30 11 28
32 8 30
34 9 27
36 35 33
38 2 37
40 3 24
42 41 39
44 10 13
46 15 45
48 13 4
50 11 48
52 8 50
54 9 47
56 55 53
58 8 44
i0 p
i1 q
i2 r
o0 acc
{"is_completed":true,"output_vars":["acc"],"input_vars":["r","q","p"],"formula":"((F ((p) && (X ((q) && (X (F (r))))))) <-> (G (F (acc))))","total_time":5,"automaton":{"is_built":true,"build_duration":2,"total_states":12,"state_based_status":"true","prune_automaton_duration":0,"pruned_state_based_status":"true","prune_total_states":12,"total_edges":33},"dependency":{"dependency_approach":"automaton","tested_dependencies":[],"total_duration":-1,"is_completed":false,"skipped_dependencies":true,"total_pair_state":-1},"unate":{"skipped_unate":true},"synthesis":{"model_checking_status":"UNKNOWN","independent_strategy":{"duration":3,"realizability":"REALIZABLE","total_inputs":3,"total_outputs":1,"total_latches":3,"total_gates":23},"dependent_strategy":{"duration":-1,"total_inputs":-1,"total_outputs":-1,"total_latches":-1,"total_gates":-1}}}
