aag 48 8 1 16 39
2
4
6
8
10
12
14
16
18 56
22
31
37
57
0
56
33
32
22
23
73
83
32
84
92
97
20 6 15
22 2 20
24 7 15
26 2 24
28 3 5
30 29 27
32 2 14
34 3 4
36 35 33
38 15 16
40 6 38
42 25 41
44 2 42
46 2 38
48 3 16
50 49 47
52 18 51
54 19 45
56 55 53
58 4 8
60 9 15
62 4 60
64 5 15
66 65 63
68 2 67
70 3 59
72 71 69
74 8 15
76 4 74
78 2 76
80 3 58
82 81 79
84 2 15
86 12 14
88 11 86
90 4 88
92 3 90
94 3 91
96 95 33
i0 p0p0eqz0counter
i1 p0p0eqzi0prescaler
i2 p0p0do2read0read2control
i3 p0p0eq0counter0f1dthirtyfive1b
i4 p0p0is2even0counter
i5 p0p0lt0counter0f1dthirtyfour1b
i6 p0p0gt0counter0f1deighteen1b
i7 p0p0eq0counter0f1dthirtyfour1b
o0 u0counter0f1done1b
o1 u0counter0counter
o2 u0counter0f1dincmod0counter0f1dthirtysix1b1b
o3 u0cs0f1dhigh1b
o4 u0cs0cs
o5 u0cs0f1dlow1b
o6 u0prescaler0f1dinc0prescaler1b
o7 u0prescaler0prescaler
o8 u0read2address0f1dget2read2address0read2control1b
o9 u0read2address0read2address
o10 u0read2response0f1dwrap2data0temp2data0f1dbot1b1b
o11 u0read2response0f1dwrap2data0temp2data0f1dtop1b1b
o12 u0read2response0read2response
o13 u0temp2data0f1dzero1b
o14 u0temp2data0f1dcustom2set2bit0temp2data0sdo1b
o15 u0temp2data0temp2data
{"is_completed":true,"output_vars":["u0temp2data0f1dcustom2set2bit0temp2data0sdo1b","u0temp2data0f1dzero1b","u0temp2data0temp2data","u0read2response0f1dwrap2data0temp2data0f1dtop1b1b","u0read2response0f1dwrap2data0temp2data0f1dbot1b1b","u0read2response0read2response","u0read2address0f1dget2read2address0read2control1b","u0read2address0read2address","u0prescaler0f1dinc0prescaler1b","u0prescaler0prescaler","u0cs0f1dlow1b","u0cs0f1dhigh1b","u0cs0cs","u0counter0f1dincmod0counter0f1dthirtysix1b1b","u0counter0f1done1b","u0counter0counter"],"input_vars":["p0p0lt0counter0f1dthirtyfour1b","p0p0gt0counter0f1deighteen1b","p0p0eq0counter0f1dthirtyfour1b","p0p0eq0counter0f1dthirtyfive1b","p0p0is2even0counter","p0p0eqzi0prescaler","p0p0eqz0counter","p0p0do2read0read2control"],"formula":"((G ((((((! (((u0counter0f1done1b) && (! ((u0counter0f1dincmod0counter0f1dthirtysix1b1b) || (u0counter0counter)))) <-> ((! (((u0counter0f1dincmod0counter0f1dthirtysix1b1b) && (! (u0counter0counter))) <-> ((u0counter0counter) && (! (u0counter0f1dincmod0counter0f1dthirtysix1b1b))))) && (! (u0counter0f1done1b))))) && (! (((u0cs0f1dhigh1b) && (! ((u0cs0f1dlow1b) || (u0cs0cs)))) <-> ((! (((u0cs0f1dlow1b) && (! (u0cs0cs))) <-> ((u0cs0cs) && (! (u0cs0f1dlow1b))))) && (! (u0cs0f1dhigh1b)))))) && (! (((u0prescaler0prescaler) && (! (u0prescaler0f1dinc0prescaler1b))) <-> ((u0prescaler0f1dinc0prescaler1b) && (! (u0prescaler0prescaler)))))) && (! (((u0read2address0read2address) && (! (u0read2address0f1dget2read2address0read2control1b))) <-> ((u0read2address0f1dget2read2address0read2control1b) && (! (u0read2address0read2address)))))) && (! (((u0read2response0f1dwrap2data0temp2data0f1dbot1b1b) && (! ((u0read2response0f1dwrap2data0temp2data0f1dtop1b1b) || (u0read2response0read2response)))) <-> ((! (((u0read2response0f1dwrap2data0temp2data0f1dtop1b1b) && (! (u0read2response0read2response))) <-> ((u0read2response0read2response) && (! (u0read2response0f1dwrap2data0temp2data0f1dtop1b1b))))) && (! (u0read2response0f1dwrap2data0temp2data0f1dbot1b1b)))))) && (! (((u0temp2data0f1dzero1b) && (! ((u0temp2data0f1dcustom2set2bit0temp2data0sdo1b) || (u0temp2data0temp2data)))) <-> ((! (((u0temp2data0f1dcustom2set2bit0temp2data0sdo1b) && (! (u0temp2data0temp2data))) <-> ((u0temp2data0temp2data) && (! (u0temp2data0f1dcustom2set2bit0temp2data0sdo1b))))) && (! (u0temp2data0f1dzero1b))))))) && (((G (! ((p0p0eqz0counter) && (p0p0gt0counter0f1deighteen1b)))) && (G ((u0counter0f1done1b) -> (F (p0p0eq0counter0f1dthirtyfour1b))))) -> (((((((((((G (u0prescaler0f1dinc0prescaler1b)) && (G (((p0p0eqzi0prescaler) && (! (p0p0eqz0counter))) <-> (u0counter0f1dincmod0counter0f1dthirtysix1b1b)))) && (G (((p0p0do2read0read2control) && (p0p0eqz0counter)) <-> (u0read2address0f1dget2read2address0read2control1b)))) && (G (((p0p0do2read0read2control) && (p0p0eqz0counter)) -> ((u0cs0f1dlow1b) U (p0p0eq0counter0f1dthirtyfour1b))))) && (G (F (u0cs0f1dhigh1b)))) && (G (((p0p0eq0counter0f1dthirtyfive1b) && (p0p0eqzi0prescaler)) <-> (u0read2response0f1dwrap2data0temp2data0f1dtop1b1b)))) && (G ((! ((p0p0eq0counter0f1dthirtyfive1b) && (p0p0eqzi0prescaler))) <-> (u0read2response0f1dwrap2data0temp2data0f1dbot1b1b)))) && (G (((p0p0do2read0read2control) && (p0p0eqz0counter)) <-> (u0counter0f1done1b)))) && (G ((p0p0eqz0counter) -> (u0temp2data0f1dzero1b)))) && (G (((! (p0p0eqz0counter)) && (! ((((! (p0p0is2even0counter)) && (p0p0lt0counter0f1dthirtyfour1b)) && (p0p0gt0counter0f1deighteen1b)) && (p0p0eqzi0prescaler)))) -> (u0temp2data0temp2data)))) && (G (((((! (p0p0is2even0counter)) && (p0p0lt0counter0f1dthirtyfour1b)) && (p0p0gt0counter0f1deighteen1b)) && (p0p0eqzi0prescaler)) <-> (u0temp2data0f1dcustom2set2bit0temp2data0sdo1b))))))","total_time":904,"automaton":{"is_built":true,"build_duration":137,"total_states":7,"state_based_status":"true","prune_automaton_duration":0,"pruned_state_based_status":"true","prune_total_states":7,"total_edges":19},"dependency":{"dependency_approach":"automaton","tested_dependencies":[],"total_duration":-1,"is_completed":true,"skipped_dependencies":true,"total_pair_state":-1},"unate":{"skipped_unate":true},"synthesis":{"model_checking_status":"UNKNOWN","independent_strategy":{"duration":767,"realizability":"REALIZABLE","total_inputs":8,"total_outputs":16,"total_latches":1,"total_gates":39},"dependent_strategy":{"duration":-1,"total_inputs":-1,"total_outputs":-1,"total_latches":-1,"total_gates":-1}}}
