aag 29 2 3 1 24
2
4
6 39
8 57
10 58
14
12 9 10
14 7 12
16 8 10
18 9 11
20 6 18
22 7 17
24 23 21
26 15 21
28 4 25
30 5 27
32 31 29
34 2 33
36 3 25
38 37 35
40 8 11
42 13 41
44 7 43
46 4 44
48 5 25
50 49 47
52 2 25
54 3 51
56 55 53
58 6 40
i0 p
i1 q
o0 acc
{"is_completed":true,"output_vars":["acc"],"input_vars":["q","p"],"formula":"((((G (p)) -> (F (q))) && ((G (! (p))) -> (F (! (q))))) <-> (G (F (acc))))","total_time":4,"automaton":{"is_built":true,"build_duration":1,"total_states":9,"state_based_status":"true","prune_automaton_duration":0,"pruned_state_based_status":"true","prune_total_states":9,"total_edges":21},"dependency":{"dependency_approach":"automaton","tested_dependencies":[],"total_duration":-1,"is_completed":false,"skipped_dependencies":true,"total_pair_state":-1},"unate":{"skipped_unate":true},"synthesis":{"model_checking_status":"UNKNOWN","independent_strategy":{"duration":2,"realizability":"REALIZABLE","total_inputs":2,"total_outputs":1,"total_latches":3,"total_gates":24},"dependent_strategy":{"duration":-1,"total_inputs":-1,"total_outputs":-1,"total_latches":-1,"total_gates":-1}}}
