aag 23 2 3 1 18
2
4
6 33
8 45
10 46
14
12 9 10
14 7 12
16 9 11
18 6 16
20 15 19
22 8 10
24 7 23
26 25 19
28 4 27
30 5 21
32 31 29
34 8 11
36 13 35
38 7 37
40 2 27
42 3 38
44 43 41
46 6 34
i0 p_0
i1 p_1
o0 acc
{"is_completed":true,"output_vars":["acc"],"input_vars":["p_0","p_1"],"formula":"(((F (p_0)) && (F (p_1))) <-> (G (F (acc))))","total_time":4,"automaton":{"is_built":true,"build_duration":1,"total_states":10,"state_based_status":"true","prune_automaton_duration":0,"pruned_state_based_status":"true","prune_total_states":10,"total_edges":26},"dependency":{"dependency_approach":"automaton","tested_dependencies":[],"total_duration":-1,"is_completed":false,"skipped_dependencies":true,"total_pair_state":-1},"unate":{"skipped_unate":true},"synthesis":{"model_checking_status":"UNKNOWN","independent_strategy":{"duration":2,"realizability":"REALIZABLE","total_inputs":2,"total_outputs":1,"total_latches":3,"total_gates":18},"dependent_strategy":{"duration":-1,"total_inputs":-1,"total_outputs":-1,"total_latches":-1,"total_gates":-1}}}
