aag 17 2 2 1 13
2
4
6 19
8 35
10
10 6 8
12 8 7
14 4 13
16 5 6
18 17 15
20 6 9
22 13 21
24 4 23
26 5 11
28 27 25
30 2 23
32 3 29
34 33 31
i0 p_0
i1 p_1
o0 acc
{"is_completed":true,"output_vars":["acc"],"input_vars":["p_0","p_1"],"formula":"(((p_0) U (p_1)) <-> (G (F (acc))))","total_time":3,"automaton":{"is_built":true,"build_duration":0,"total_states":8,"state_based_status":"true","prune_automaton_duration":0,"pruned_state_based_status":"true","prune_total_states":8,"total_edges":21},"dependency":{"dependency_approach":"automaton","tested_dependencies":[],"total_duration":-1,"is_completed":false,"skipped_dependencies":true,"total_pair_state":-1},"unate":{"skipped_unate":true},"synthesis":{"model_checking_status":"UNKNOWN","independent_strategy":{"duration":2,"realizability":"REALIZABLE","total_inputs":2,"total_outputs":1,"total_latches":2,"total_gates":13},"dependent_strategy":{"duration":-1,"total_inputs":-1,"total_outputs":-1,"total_latches":-1,"total_gates":-1}}}
