aag 53 2 3 1 48
2
4
6 71
8 103
10 106
43
12 6 9
14 7 8
16 15 13
18 4 17
20 5 12
22 21 19
24 8 11
26 9 11
28 6 26
30 7 24
32 31 29
34 5 33
36 35 19
38 2 37
40 3 23
42 41 39
44 6 24
46 7 11
48 47 45
50 8 10
52 6 50
54 4 53
56 5 49
58 57 55
60 7 26
62 61 45
64 5 63
66 2 64
68 3 59
70 69 67
72 7 50
74 73 45
76 6 51
78 7 27
80 79 77
82 4 81
84 5 75
86 85 83
88 9 10
90 6 88
92 73 91
94 5 93
96 95 55
98 2 97
100 3 87
102 101 99
104 79 13
106 5 105
i0 p_0
i1 p_1
o0 acc
{"is_completed":true,"output_vars":["acc"],"input_vars":["p_0","p_1"],"formula":"(((G (F (p_0))) && (G (F (p_1)))) <-> (G (F (acc))))","total_time":5,"automaton":{"is_built":true,"build_duration":1,"total_states":11,"state_based_status":"true","prune_automaton_duration":0,"pruned_state_based_status":"true","prune_total_states":11,"total_edges":35},"dependency":{"dependency_approach":"automaton","tested_dependencies":[],"total_duration":-1,"is_completed":false,"skipped_dependencies":true,"total_pair_state":-1},"unate":{"skipped_unate":true},"synthesis":{"model_checking_status":"UNKNOWN","independent_strategy":{"duration":4,"realizability":"REALIZABLE","total_inputs":2,"total_outputs":1,"total_latches":3,"total_gates":48},"dependent_strategy":{"duration":-1,"total_inputs":-1,"total_outputs":-1,"total_latches":-1,"total_gates":-1}}}
