aag 60 2 3 4 55
2
4
6 105
8 116
10 121
45
65
68
75
12 9 10
14 8 11
16 6 14
18 7 12
20 19 17
22 13 15
24 6 23
26 19 25
28 2 27
30 3 21
32 31 29
34 2 12
36 3 18
38 37 35
40 4 39
42 5 33
44 43 41
46 9 11
48 6 46
50 2 48
52 7 23
54 53 49
56 2 55
58 37 57
60 4 59
62 5 50
64 63 61
66 7 14
68 4 66
70 4 34
72 5 39
74 73 71
76 6 9
78 67 77
80 8 10
82 7 81
84 83 25
86 2 85
88 3 79
90 89 87
92 6 81
94 19 93
96 3 95
98 97 29
100 4 99
102 5 91
104 103 101
106 7 9
108 7 46
110 2 108
112 3 106
114 113 111
116 4 115
118 5 16
120 119 69
i0 b_0
i1 b_1
o0 f_0
o1 serve
o2 up
o3 down
{"is_completed":true,"output_vars":["serve","down","up","f_0"],"input_vars":["b_0","b_1"],"formula":"(((((((! (b_0)) && (! (b_1))) && (G (((b_0) && (! (((true) && (! (f_0))) && (serve)))) -> (X (b_0))))) && (G (((b_1) && (! (((true) && (f_0)) && (serve)))) -> (X (b_1))))) && (G (((b_0) && (((true) && (! (f_0))) && (serve))) -> (X (! (b_0)))))) && (G (((b_1) && (((true) && (f_0)) && (serve))) -> (X (! (b_1)))))) -> ((((((G ((((((((((up) <-> (((true) && (! (f_0))) && (X ((true) && (f_0))))) && ((down) <-> (((true) && (f_0)) && (X ((true) && (! (f_0))))))) && (! ((up) && (down)))) && (((true) && (! (f_0))) -> (X (((true) && (! (f_0))) || ((true) && (f_0)))))) && (((true) && (f_0)) -> (X (((true) && (f_0)) || ((true) && (! (f_0))))))) && ((((true) && (! (f_0))) && (up)) -> (b_1))) && ((((true) && (f_0)) && (down)) -> ((b_0) || ((! (b_0)) && (! (b_1)))))) && ((((true) && (! (f_0))) && (serve)) -> (b_0))) && ((((true) && (f_0)) && (serve)) -> (b_1)))) && (true)) && (! (f_0))) && (G ((b_0) -> (F (((true) && (! (f_0))) && (serve)))))) && (G ((b_1) -> (F (((true) && (f_0)) && (serve)))))) && (! (F (G (((! (b_0)) && (! (b_1))) && (! ((true) && (! (f_0))))))))))","total_time":11,"automaton":{"is_built":true,"build_duration":4,"total_states":21,"state_based_status":"true","prune_automaton_duration":0,"pruned_state_based_status":"true","prune_total_states":21,"total_edges":92},"dependency":{"dependency_approach":"automaton","tested_dependencies":[],"total_duration":-1,"is_completed":true,"skipped_dependencies":true,"total_pair_state":-1},"unate":{"skipped_unate":true},"synthesis":{"model_checking_status":"UNKNOWN","independent_strategy":{"duration":6,"realizability":"REALIZABLE","total_inputs":2,"total_outputs":4,"total_latches":3,"total_gates":55},"dependent_strategy":{"duration":-1,"total_inputs":-1,"total_outputs":-1,"total_latches":-1,"total_gates":-1}}}
