aag 22 4 0 4 18
2
4
6
8
25
30
45
0
10 4 7
12 5 8
14 13 11
16 7 8
18 5 16
20 2 18
22 3 15
24 23 21
26 6 9
28 5 26
30 3 28
32 7 9
34 4 6
36 5 32
38 37 35
40 2 19
42 3 39
44 43 41
i0 p0p0isradarmode0gamemode
i1 p0p0isscoremode0gamemode
i2 p0p0iscockpitmode0gamemode
i3 p0p0on0gameover
o0 u0outpoint0scoreboardpoint
o1 u0outpoint0cockpitboardpoint
o2 u0outpoint0radarboardpoint
o3 u0outpoint0outpoint
{"is_completed":true,"output_vars":["u0outpoint0scoreboardpoint","u0outpoint0radarboardpoint","u0outpoint0outpoint","u0outpoint0cockpitboardpoint"],"input_vars":["p0p0on0gameover","p0p0isscoremode0gamemode","p0p0isradarmode0gamemode","p0p0iscockpitmode0gamemode"],"formula":"((G (! (((! (((u0outpoint0radarboardpoint) && (! (u0outpoint0cockpitboardpoint))) <-> ((u0outpoint0cockpitboardpoint) && (! (u0outpoint0radarboardpoint))))) && (! ((u0outpoint0scoreboardpoint) || (u0outpoint0outpoint)))) <-> ((! (((u0outpoint0scoreboardpoint) && (! (u0outpoint0outpoint))) <-> ((u0outpoint0outpoint) && (! (u0outpoint0scoreboardpoint))))) && (! ((u0outpoint0radarboardpoint) || (u0outpoint0cockpitboardpoint))))))) && ((((G (! ((p0p0isscoremode0gamemode) && (p0p0isradarmode0gamemode)))) && (G (! ((p0p0isradarmode0gamemode) && (p0p0iscockpitmode0gamemode))))) && (G (! ((p0p0iscockpitmode0gamemode) && (p0p0isscoremode0gamemode))))) -> (((G ((p0p0on0gameover) -> (u0outpoint0scoreboardpoint))) && (G ((! (p0p0on0gameover)) -> ((((p0p0isscoremode0gamemode) -> (u0outpoint0scoreboardpoint)) && ((p0p0isradarmode0gamemode) -> (u0outpoint0radarboardpoint))) && ((p0p0iscockpitmode0gamemode) -> (u0outpoint0cockpitboardpoint)))))) && (G (((u0outpoint0scoreboardpoint) || (u0outpoint0radarboardpoint)) || (u0outpoint0cockpitboardpoint))))))","total_time":4,"automaton":{"is_built":true,"build_duration":2,"total_states":4,"state_based_status":"true","prune_automaton_duration":0,"pruned_state_based_status":"true","prune_total_states":4,"total_edges":7},"dependency":{"dependency_approach":"automaton","tested_dependencies":[],"total_duration":-1,"is_completed":true,"skipped_dependencies":true,"total_pair_state":-1},"unate":{"skipped_unate":true},"synthesis":{"model_checking_status":"UNKNOWN","independent_strategy":{"duration":1,"realizability":"REALIZABLE","total_inputs":4,"total_outputs":4,"total_latches":0,"total_gates":18},"dependent_strategy":{"duration":-1,"total_inputs":-1,"total_outputs":-1,"total_latches":-1,"total_gates":-1}}}
