aag 13 2 2 6 9
2
4
6 3
8 5
10
0
14
0
23
26
10 2 4
12 4 8
14 3 12
16 5 7
18 2 16
20 3 13
22 21 19
24 5 6
26 2 24
i0 p0b0btn2min
i1 p0b0btn2sec
o0 u0time0f1dzero1b
o1 u0time0f1dcountup0time0dt1b
o2 u0time0f1dinc2seconds0time1b
o3 u0time0f1dcountdown0time0dt1b
o4 u0time0time
o5 u0time0f1dinc2minutes0time1b
{"is_completed":true,"output_vars":["u0time0f1dcountup0time0dt1b","u0time0f1dcountdown0time0dt1b","u0time0f1dinc2seconds0time1b","u0time0f1dinc2minutes0time1b","u0time0f1dzero1b","u0time0time"],"input_vars":["p0b0btn2sec","p0b0btn2min"],"formula":"((((G (! (((! (((u0time0f1dinc2minutes0time1b) && (! ((u0time0time) || (u0time0f1dcountdown0time0dt1b)))) <-> ((! (((u0time0time) && (! (u0time0f1dcountdown0time0dt1b))) <-> ((u0time0f1dcountdown0time0dt1b) && (! (u0time0time))))) && (! (u0time0f1dinc2minutes0time1b))))) && (! (((u0time0f1dcountup0time0dt1b) || (u0time0f1dinc2seconds0time1b)) || (u0time0f1dzero1b)))) <-> ((! (((u0time0f1dinc2seconds0time1b) && (! ((u0time0f1dzero1b) || (u0time0f1dcountup0time0dt1b)))) <-> ((! (((u0time0f1dzero1b) && (! (u0time0f1dcountup0time0dt1b))) <-> ((u0time0f1dcountup0time0dt1b) && (! (u0time0f1dzero1b))))) && (! (u0time0f1dinc2seconds0time1b))))) && (! (((u0time0f1dcountdown0time0dt1b) || (u0time0f1dinc2minutes0time1b)) || (u0time0time))))))) && (G (((p0b0btn2min) && (p0b0btn2sec)) <-> (u0time0f1dzero1b)))) && (G ((((! ((u0time0f1dcountup0time0dt1b) || (u0time0f1dcountdown0time0dt1b))) && ((! (p0b0btn2min)) && (X (p0b0btn2min)))) && (X (! (p0b0btn2sec)))) <-> (X (u0time0f1dinc2minutes0time1b))))) && (G ((((! ((u0time0f1dcountup0time0dt1b) || (u0time0f1dcountdown0time0dt1b))) && ((! (p0b0btn2sec)) && (X (p0b0btn2sec)))) && (X (! (p0b0btn2min)))) <-> (X (u0time0f1dinc2seconds0time1b)))))","total_time":5,"automaton":{"is_built":true,"build_duration":3,"total_states":7,"state_based_status":"true","prune_automaton_duration":0,"pruned_state_based_status":"true","prune_total_states":7,"total_edges":30},"dependency":{"dependency_approach":"automaton","tested_dependencies":[],"total_duration":-1,"is_completed":true,"skipped_dependencies":true,"total_pair_state":-1},"unate":{"skipped_unate":true},"synthesis":{"model_checking_status":"UNKNOWN","independent_strategy":{"duration":1,"realizability":"REALIZABLE","total_inputs":2,"total_outputs":6,"total_latches":2,"total_gates":9},"dependent_strategy":{"duration":-1,"total_inputs":-1,"total_outputs":-1,"total_latches":-1,"total_gates":-1}}}
