aag 1298 4 6 11 1288
2
4
6
8
10 1685
12 1953
14 2163
16 2311
18 2485
20 2597
469
653
725
750
780
35
784
1189
0
0
1425
22 18 20
24 16 21
26 17 23
28 27 25
30 14 29
32 15 23
34 33 31
36 16 23
38 17 21
40 39 37
42 19 21
44 16 42
46 39 45
48 14 47
50 15 41
52 51 49
54 17 42
56 55 37
58 15 57
60 59 49
62 12 61
64 13 53
66 65 63
68 8 67
70 9 35
72 71 69
74 17 19
76 75 45
78 14 77
80 15 47
82 81 79
84 18 21
86 19 20
88 87 85
90 16 84
92 17 89
94 93 91
96 15 95
98 12 96
100 13 83
102 101 99
104 14 84
106 15 86
108 107 105
110 55 25
112 15 111
114 113 49
116 12 115
118 13 109
120 119 117
122 10 121
124 11 103
126 125 123
128 14 42
130 81 129
132 15 90
134 12 132
136 13 131
138 137 135
140 16 86
142 17 84
144 14 142
146 15 140
148 147 145
150 13 149
152 151 117
154 10 153
156 11 139
158 157 155
160 8 159
162 9 127
164 163 161
166 6 165
168 7 73
170 169 167
172 16 89
174 15 172
176 175 31
178 12 177
180 13 112
182 181 179
184 15 142
186 185 79
188 15 84
190 189 79
192 12 191
194 13 187
196 195 193
198 10 197
200 11 183
202 201 199
204 175 49
206 12 205
208 181 207
210 185 129
212 133 129
214 12 213
216 13 211
218 217 215
220 10 219
222 11 209
224 223 221
226 8 225
228 9 203
230 229 227
232 15 42
234 13 232
236 235 135
238 10 214
240 11 237
242 241 239
244 6 243
246 7 231
248 247 245
250 4 249
252 5 171
254 253 251
256 55 91
258 93 25
260 14 259
262 15 257
264 263 261
266 143 45
268 143 25
270 14 269
272 15 267
274 273 271
276 12 275
278 13 265
280 279 277
282 15 44
284 283 271
286 93 37
288 93 45
290 14 289
292 15 287
294 293 291
296 12 295
298 13 285
300 299 297
302 10 301
304 11 281
306 305 303
308 14 267
310 263 309
312 283 309
314 12 313
316 13 311
318 317 315
320 15 36
322 321 309
324 12 323
326 13 313
328 327 325
330 10 329
332 11 319
334 333 331
336 8 335
338 9 307
340 339 337
342 17 86
344 343 45
346 14 345
348 15 54
350 349 347
352 12 184
354 13 351
356 355 353
358 15 24
360 359 309
362 12 361
364 13 104
366 365 363
368 10 367
370 11 357
372 371 369
374 14 44
376 349 375
378 13 377
380 13 144
382 381 363
384 10 383
386 11 378
388 387 385
390 8 389
392 9 373
394 393 391
396 6 395
398 7 341
400 399 397
402 12 270
404 13 262
406 405 403
408 189 347
410 12 409
412 13 374
414 413 411
416 10 415
418 11 407
420 419 417
422 12 308
424 405 423
426 133 375
428 12 427
430 413 429
432 10 431
434 11 425
436 435 433
438 8 437
440 9 421
442 441 439
444 13 348
446 10 428
448 11 444
450 449 447
452 6 451
454 7 443
456 455 453
458 4 457
460 5 401
462 461 459
464 2 463
466 3 255
468 467 465
470 343 91
472 14 471
474 15 342
476 475 473
478 15 92
480 479 473
482 12 481
484 13 477
486 485 483
488 14 342
490 12 478
492 13 488
494 493 491
496 14 90
498 475 497
500 13 499
502 10 500
504 11 495
506 505 503
508 6 507
510 7 487
512 511 509
514 12 472
516 185 489
518 12 517
520 493 519
522 10 521
524 11 514
526 525 523
528 7 527
530 4 528
532 5 513
534 533 531
536 185 473
538 189 497
540 12 539
542 13 537
544 543 541
546 479 489
548 12 547
550 13 539
552 551 549
554 10 553
556 11 545
558 557 555
560 185 497
562 12 561
564 13 472
566 565 563
568 13 496
570 569 549
572 10 571
574 11 567
576 575 573
578 8 577
580 9 559
582 581 579
584 12 188
586 13 517
588 587 585
590 10 568
592 11 589
594 593 591
596 493 353
598 11 597
600 599 591
602 8 601
604 9 595
606 605 603
608 6 607
610 7 583
612 611 609
614 12 90
616 13 184
618 617 519
620 10 619
622 11 614
624 623 621
626 12 496
628 10 518
630 11 626
632 631 629
634 8 633
636 9 625
638 637 635
640 7 639
642 4 640
644 5 613
646 645 643
648 2 647
650 3 535
652 651 649
654 10 150
656 11 149
658 657 655
660 6 654
662 7 659
664 663 661
666 12 149
668 11 666
670 7 668
672 4 670
674 5 665
676 675 673
678 14 38
680 349 679
682 12 681
684 13 678
686 685 683
688 10 380
690 11 687
692 691 689
694 14 54
696 13 694
698 11 696
700 699 689
702 6 701
704 7 693
706 705 703
708 12 678
710 11 708
712 7 710
714 4 712
716 5 707
718 717 715
720 2 719
722 3 677
724 723 721
726 12 80
728 217 727
730 16 19
732 55 731
734 15 733
736 735 145
738 12 737
740 181 739
742 10 741
744 11 729
746 745 743
748 7 747
750 4 748
752 12 42
754 13 132
756 755 753
758 15 21
760 759 129
762 143 141
764 15 763
766 12 764
768 13 761
770 769 767
772 10 771
774 11 757
776 775 773
778 6 777
780 5 778
782 6 35
784 4 782
786 8 487
788 343 173
790 15 789
792 791 105
794 735 31
796 12 795
798 13 793
800 799 797
802 759 79
804 93 141
806 15 805
808 807 473
810 12 809
812 13 803
814 813 811
816 10 815
818 11 801
820 819 817
822 14 95
824 791 823
826 27 731
828 15 827
830 829 31
832 12 831
834 13 825
836 835 833
838 75 25
840 14 839
842 15 29
844 843 841
846 13 845
848 847 811
850 10 849
852 11 837
854 853 851
856 8 855
858 9 821
860 859 857
862 6 861
864 7 786
866 865 863
868 807 31
870 27 45
872 15 871
874 12 872
876 13 869
878 877 875
880 75 37
882 15 881
884 883 105
886 15 19
888 887 105
890 12 889
892 13 885
894 893 891
896 10 895
898 11 879
900 899 897
902 873 473
904 12 903
906 877 905
908 883 823
910 829 823
912 12 911
914 13 909
916 915 913
918 10 917
920 11 907
922 921 919
924 8 923
926 9 901
928 927 925
930 15 89
932 931 31
934 13 933
936 935 833
938 13 35
940 939 913
942 10 941
944 11 937
946 945 943
948 6 947
950 7 929
952 951 949
954 4 953
956 5 867
958 957 955
960 93 731
962 15 961
964 963 695
966 75 173
968 14 74
970 15 967
972 971 969
974 12 973
976 13 965
978 977 975
980 27 173
982 15 981
984 983 969
986 14 257
988 349 987
990 12 989
992 13 985
994 993 991
996 10 995
998 11 979
1000 999 997
1002 75 91
1004 14 1003
1006 963 1005
1008 983 1005
1010 12 1009
1012 13 1007
1014 1013 1011
1016 15 26
1018 1017 1005
1020 12 1019
1022 13 1009
1024 1023 1021
1026 10 1025
1028 11 1015
1030 1029 1027
1032 8 1031
1034 9 1001
1036 1035 1033
1038 39 91
1040 14 1039
1042 293 1041
1044 883 31
1046 12 1045
1048 13 1043
1050 1049 1047
1052 33 79
1054 27 141
1056 15 1055
1058 1057 1005
1060 12 1059
1062 13 1053
1064 1063 1061
1066 10 1065
1068 11 1051
1070 1069 1067
1072 27 91
1074 14 1073
1076 293 1075
1078 12 35
1080 13 1077
1082 1081 1079
1084 33 841
1086 13 1085
1088 1087 1061
1090 10 1089
1092 11 1083
1094 1093 1091
1096 8 1095
1098 9 1071
1100 1099 1097
1102 6 1101
1104 7 1037
1106 1105 1103
1108 963 31
1110 33 969
1112 12 1111
1114 13 1109
1116 1115 1113
1118 33 1075
1120 887 1041
1122 12 1121
1124 13 1119
1126 1125 1123
1128 10 1127
1130 11 1117
1132 1131 1129
1134 33 1005
1136 12 1135
1138 1115 1137
1140 829 1075
1142 12 1141
1144 1125 1143
1146 10 1145
1148 11 1139
1150 1149 1147
1152 8 1151
1154 9 1133
1156 1155 1153
1158 293 31
1160 13 1159
1162 1161 1079
1164 939 1143
1166 10 1165
1168 11 1163
1170 1169 1167
1172 6 1171
1174 7 1157
1176 1175 1173
1178 4 1177
1180 5 1107
1182 1181 1179
1184 2 1183
1186 3 959
1188 1187 1185
1190 113 129
1192 12 1191
1194 769 1193
1196 769 63
1198 10 1197
1200 11 1195
1202 1201 1199
1204 14 21
1206 829 1205
1208 175 823
1210 12 1209
1212 13 1207
1214 1213 1211
1216 15 839
1218 1217 31
1220 12 1219
1222 493 1221
1224 10 1223
1226 11 1215
1228 1227 1225
1230 6 1229
1232 7 1203
1234 1233 1231
1236 15 471
1238 1237 129
1240 12 1239
1242 915 1241
1244 807 1205
1246 14 111
1248 1237 1247
1250 12 1249
1252 13 1245
1254 1253 1251
1256 10 1255
1258 11 1243
1260 1259 1257
1262 7 1261
1264 4 1262
1266 5 1235
1268 1267 1265
1270 883 375
1272 343 731
1274 15 1273
1276 1275 347
1278 12 1277
1280 13 1271
1282 1281 1279
1284 887 79
1286 59 1205
1288 12 1287
1290 13 1285
1292 1291 1289
1294 10 1293
1296 11 1283
1298 1297 1295
1300 33 375
1302 343 37
1304 15 1303
1306 1305 347
1308 12 1307
1310 13 1301
1312 1311 1309
1314 1063 1289
1316 10 1315
1318 11 1313
1320 1319 1317
1322 8 1321
1324 9 1299
1326 1325 1323
1328 887 271
1330 107 823
1332 12 1331
1334 13 1329
1336 1335 1333
1338 107 489
1340 13 1339
1342 1341 1221
1344 10 1343
1346 11 1337
1348 1347 1345
1350 829 271
1352 12 825
1354 13 1351
1356 1355 1353
1358 11 1357
1360 1359 1345
1362 8 1361
1364 9 1349
1366 1365 1363
1368 6 1367
1370 7 1327
1372 1371 1369
1374 107 347
1376 12 1375
1378 915 1377
1380 107 31
1382 13 1381
1384 1383 1251
1386 10 1385
1388 11 1379
1390 1389 1387
1392 791 347
1394 12 1393
1396 915 1395
1398 877 1251
1400 10 1399
1402 11 1397
1404 1403 1401
1406 8 1405
1408 9 1391
1410 1409 1407
1412 7 1411
1414 4 1412
1416 5 1373
1418 1417 1415
1420 2 1419
1422 3 1269
1424 1423 1421
1426 15 1039
1428 1427 497
1430 13 1429
1432 1431 541
1434 51 1041
1436 12 1435
1438 847 1437
1440 10 1439
1442 11 1433
1444 1443 1441
1446 9 1445
1448 445 353
1450 233 695
1452 12 1451
1454 119 1453
1456 10 1455
1458 11 1449
1460 1459 1457
1462 8 654
1464 9 1461
1466 1465 1463
1468 6 1467
1470 7 1446
1472 1471 1469
1474 1427 1247
1476 759 497
1478 12 1477
1480 13 1475
1482 1481 1479
1484 11 1483
1486 1485 1441
1488 8 747
1490 9 1487
1492 1491 1489
1494 13 42
1496 1495 1453
1498 10 1497
1500 449 1499
1502 9 1501
1504 6 1502
1506 7 1493
1508 1507 1505
1510 4 1509
1512 5 1473
1514 1513 1511
1516 263 489
1518 13 1517
1520 883 1075
1522 12 1521
1524 13 77
1526 1525 1523
1528 10 1527
1530 11 1518
1532 1531 1529
1534 9 1533
1536 1535 579
1538 1427 987
1540 14 24
1542 15 269
1544 1543 1541
1546 12 1545
1548 13 1539
1550 1549 1547
1552 15 345
1554 1553 261
1556 13 1555
1558 1557 1437
1560 10 1559
1562 11 1551
1564 1563 1561
1566 133 695
1568 12 44
1570 13 1567
1572 1571 1569
1574 327 767
1576 10 1575
1578 11 1573
1580 1579 1577
1582 8 1581
1584 9 1565
1586 1585 1583
1588 6 1587
1590 7 1537
1592 1591 1589
1594 15 38
1596 1595 695
1598 12 348
1600 13 1597
1602 1601 1599
1604 263 129
1606 349 969
1608 12 1607
1610 13 1605
1612 1611 1609
1614 10 1613
1616 11 1603
1618 1617 1615
1620 185 695
1622 349 497
1624 12 1623
1626 13 1621
1628 1627 1625
1630 1595 489
1632 12 1631
1634 405 1633
1636 10 1635
1638 11 1629
1640 1639 1637
1642 8 1641
1644 9 1619
1646 1645 1643
1648 931 823
1650 931 261
1652 12 1651
1654 13 1649
1656 1655 1653
1658 10 1657
1660 1169 1659
1662 8 35
1664 9 1661
1666 1665 1663
1668 6 1667
1670 7 1647
1672 1671 1669
1674 4 1673
1676 5 1593
1678 1677 1675
1680 2 1679
1682 3 1515
1684 1683 1681
1686 283 1247
1688 81 1247
1690 12 1689
1692 13 1687
1694 1693 1691
1696 185 1541
1698 12 1697
1700 485 1699
1702 10 1701
1704 11 1695
1706 1705 1703
1708 8 1203
1710 9 1707
1712 1711 1709
1714 349 489
1716 12 474
1718 13 1715
1720 1719 1717
1722 10 1452
1724 11 1721
1726 1725 1723
1728 8 507
1730 9 1727
1732 1731 1729
1734 6 1733
1736 7 1713
1738 1737 1735
1740 14 92
1742 1275 1741
1744 14 871
1746 107 1745
1748 12 1747
1750 13 1743
1752 1751 1749
1754 475 347
1756 12 1755
1758 151 1757
1760 10 1759
1762 11 1753
1764 1763 1761
1766 791 31
1768 12 1767
1770 915 1769
1772 97 841
1774 12 1773
1776 877 1775
1778 10 1777
1780 11 1771
1782 1781 1779
1784 8 1783
1786 9 1765
1788 1787 1785
1790 6 1446
1792 7 1789
1794 1793 1791
1796 4 1795
1798 5 1739
1800 1799 1797
1802 13 1307
1804 1803 1279
1806 791 261
1808 12 1807
1810 1341 1809
1812 10 1811
1814 11 1805
1816 1815 1813
1818 343 25
1820 14 1819
1822 33 1821
1824 293 1821
1826 12 1825
1828 13 1823
1830 1829 1827
1832 1087 1079
1834 10 1833
1836 11 1831
1838 1837 1835
1840 8 1839
1842 9 1817
1844 1843 1841
1846 263 497
1848 233 1247
1850 12 1849
1852 13 1847
1854 1853 1851
1856 843 79
1858 13 1857
1860 1859 1437
1862 10 1861
1864 11 1855
1866 1865 1863
1868 8 777
1870 9 1867
1872 1871 1869
1874 6 1873
1876 7 1845
1878 1877 1875
1880 14 26
1882 963 1881
1884 971 31
1886 12 1885
1888 13 1883
1890 1889 1887
1892 39 173
1894 15 1893
1896 1895 145
1898 1017 347
1900 12 1899
1902 13 1897
1904 1903 1901
1906 10 1905
1908 11 1891
1910 1909 1907
1912 1125 1887
1914 983 31
1916 15 1073
1918 1917 841
1920 12 1919
1922 13 1915
1924 1923 1921
1926 10 1925
1928 11 1913
1930 1929 1927
1932 8 1931
1934 9 1911
1936 1935 1933
1938 7 1937
1940 1939 1669
1942 4 1941
1944 5 1879
1946 1945 1943
1948 2 1947
1950 3 1801
1952 1951 1949
1954 569 563
1956 485 563
1958 10 1957
1960 11 1955
1962 1961 1959
1964 9 1963
1966 1275 49
1968 147 1741
1970 12 1969
1972 13 1967
1974 1973 1971
1976 10 1756
1978 11 1975
1980 1979 1977
1982 8 1229
1984 9 1981
1986 1985 1983
1988 6 1987
1990 7 1964
1992 1991 1989
1994 887 1741
1996 475 841
1998 12 1997
2000 13 1995
2002 2001 1999
2004 147 1745
2006 479 79
2008 12 2007
2010 13 2005
2012 2011 2009
2014 10 2013
2016 11 2003
2018 2017 2015
2020 1237 841
2022 12 2021
2024 915 2023
2026 11 2025
2028 2027 1779
2030 8 2029
2032 9 2019
2034 2033 2031
2036 7 2035
2038 2037 1505
2040 4 2039
2042 5 1993
2044 2043 2041
2046 185 1041
2048 12 1039
2050 13 2047
2052 2051 2049
2054 13 84
2056 2055 353
2058 10 2057
2060 11 2053
2062 2061 2059
2064 8 693
2066 9 2063
2068 2067 2065
2070 293 261
2072 12 2071
2074 1161 2073
2076 1275 261
2078 13 2077
2080 2079 1653
2082 10 2081
2084 11 2075
2086 2085 2083
2088 939 2073
2090 2079 1079
2092 10 2091
2094 11 2089
2096 2095 2093
2098 8 2097
2100 9 2087
2102 2101 2099
2104 6 2103
2106 7 2069
2108 2107 2105
2110 2001 1769
2112 765 49
2114 13 2113
2116 2115 2009
2118 10 2117
2120 11 2111
2122 2121 2119
2124 9 2123
2126 2125 1785
2128 1275 1745
2130 887 1745
2132 12 2131
2134 13 2129
2136 2135 2133
2138 11 2137
2140 2139 1761
2142 9 2141
2144 2143 1663
2146 6 2145
2148 7 2127
2150 2149 2147
2152 4 2151
2154 5 2109
2156 2155 2153
2158 2 2157
2160 3 2045
2162 2161 2159
2164 143 173
2166 15 2165
2168 2167 105
2170 12 2169
2172 1655 2171
2174 10 2173
2176 11 2169
2178 2177 2175
2180 8 659
2182 9 2179
2184 2183 2181
2186 7 2185
2188 2187 661
2190 671 1669
2192 4 2191
2194 5 2189
2196 2195 2193
2198 33 1541
2200 13 2199
2202 2201 1827
2204 51 1205
2206 12 2205
2208 1087 2207
2210 10 2209
2212 11 2203
2214 2213 2211
2216 9 2215
2218 2217 1323
2220 829 309
2222 931 1741
2224 12 2223
2226 13 2221
2228 2227 2225
2230 147 497
2232 12 77
2234 13 2231
2236 2235 2233
2238 10 2237
2240 11 2229
2242 2241 2239
2244 9 2243
2246 2245 1363
2248 6 2247
2250 7 2219
2252 2251 2249
2254 883 261
2256 13 2255
2258 2257 1827
2260 293 1205
2262 12 2261
2264 1115 2263
2266 10 2265
2268 11 2259
2270 2269 2267
2272 293 347
2274 12 2273
2276 2257 2275
2278 1305 1205
2280 12 2279
2282 1115 2281
2284 10 2283
2286 11 2277
2288 2287 2285
2290 8 2289
2292 9 2271
2294 2293 2291
2296 7 2295
2298 2297 1669
2300 4 2299
2302 5 2253
2304 2303 2301
2306 2 2305
2308 3 2197
2310 2309 2307
2312 97 473
2314 13 2313
2316 2315 2171
2318 10 2317
2320 11 539
2322 2321 2319
2324 9 2323
2326 12 111
2328 551 2327
2330 813 2171
2332 10 2331
2334 11 2329
2336 2335 2333
2338 9 2337
2340 2339 1869
2342 6 2341
2344 7 2324
2346 2345 2343
2348 189 1247
2350 12 758
2352 13 2349
2354 2353 2351
2356 843 497
2358 59 105
2360 12 2359
2362 13 2357
2364 2363 2361
2366 10 2365
2368 11 2355
2370 2369 2367
2372 9 2371
2374 2373 1489
2376 6 2324
2378 7 2375
2380 2379 2377
2382 4 2381
2384 5 2347
2386 2385 2383
2388 189 987
2390 759 1247
2392 12 2391
2394 13 2389
2396 2395 2393
2398 13 29
2400 2399 2171
2402 10 2401
2404 11 2397
2406 2405 2403
2408 1571 753
2410 759 49
2412 13 2411
2414 2413 767
2416 10 2415
2418 11 2409
2420 2419 2417
2422 8 2421
2424 9 2407
2426 2425 2423
2428 6 2427
2430 2107 2429
2432 759 1041
2434 12 2433
2436 2353 2435
2438 843 473
2440 51 105
2442 12 2441
2444 13 2439
2446 2445 2443
2448 10 2447
2450 11 2437
2452 2451 2449
2454 81 679
2456 12 2455
2458 217 2457
2460 11 2459
2462 2461 743
2464 8 2463
2466 9 2453
2468 2467 2465
2470 7 2469
2472 2471 2377
2474 4 2473
2476 5 2431
2478 2477 2475
2480 2 2479
2482 3 2387
2484 2483 2481
2486 107 1741
2488 12 342
2490 151 2489
2492 10 2491
2494 11 2487
2496 2495 2493
2498 807 823
2500 12 2499
2502 13 1331
2504 2503 2501
2506 2503 483
2508 10 2507
2510 11 2505
2512 2511 2509
2514 8 2513
2516 9 2497
2518 2517 2515
2520 10 118
2522 505 2521
2524 6 2523
2526 7 2519
2528 2527 2525
2530 147 823
2532 12 2531
2534 11 2532
2536 2535 523
2538 7 2537
2540 4 2538
2542 5 2529
2544 2543 2541
2546 133 489
2548 13 2547
2550 13 342
2552 2551 1353
2554 10 2553
2556 11 2548
2558 2557 2555
2560 9 2559
2562 2561 579
2564 11 492
2566 9 2564
2568 2567 603
2570 6 2569
2572 7 2563
2574 2573 2571
2576 12 488
2578 10 2576
2580 9 2578
2582 2581 635
2584 7 2583
2586 4 2584
2588 5 2575
2590 2589 2587
2592 2 2591
2594 3 2545
2596 2595 2593
i0 p0b0btn2start2stop
i1 p0b0btn2min
i2 p0b0btn2sec
i3 p0p0eq0time0f1dzero1b
o0 u0beep0p1dbf1b
o1 u0time0f1dcountdown0time0dt1b
o2 u0time0f1dcountup0time0dt1b
o3 u0time0f1dinc2minutes0time1b
o4 u0time0f1dinc2seconds0time1b
o5 u0dsp0f1ddisplay0time1b
o6 u0time0f1dzero1b
o7 u0beep0p1dbt1b
o8 u0beep0beep
o9 u0dsp0dsp
o10 u0time0time
{"is_completed":true,"output_vars":["u0time0f1dcountup0time0dt1b","u0time0f1dcountdown0time0dt1b","u0time0f1dinc2seconds0time1b","u0time0f1dinc2minutes0time1b","u0time0f1dzero1b","u0time0time","u0dsp0f1ddisplay0time1b","u0dsp0dsp","u0beep0p1dbf1b","u0beep0p1dbt1b","u0beep0beep"],"input_vars":["p0p0eq0time0f1dzero1b","p0b0btn2start2stop","p0b0btn2sec","p0b0btn2min"],"formula":"(((((((((((((((((G (((! (((u0beep0p1dbt1b) && (! ((u0beep0p1dbf1b) || (u0beep0beep)))) <-> ((! (((u0beep0p1dbf1b) && (! (u0beep0beep))) <-> ((u0beep0beep) && (! (u0beep0p1dbf1b))))) && (! (u0beep0p1dbt1b))))) && (! (((u0dsp0dsp) && (! (u0dsp0f1ddisplay0time1b))) <-> ((u0dsp0f1ddisplay0time1b) && (! (u0dsp0dsp)))))) && (! (((! (((u0time0f1dinc2minutes0time1b) && (! ((u0time0time) || (u0time0f1dcountdown0time0dt1b)))) <-> ((! (((u0time0time) && (! (u0time0f1dcountdown0time0dt1b))) <-> ((u0time0f1dcountdown0time0dt1b) && (! (u0time0time))))) && (! (u0time0f1dinc2minutes0time1b))))) && (! (((u0time0f1dcountup0time0dt1b) || (u0time0f1dinc2seconds0time1b)) || (u0time0f1dzero1b)))) <-> ((! (((u0time0f1dinc2seconds0time1b) && (! ((u0time0f1dzero1b) || (u0time0f1dcountup0time0dt1b)))) <-> ((! (((u0time0f1dzero1b) && (! (u0time0f1dcountup0time0dt1b))) <-> ((u0time0f1dcountup0time0dt1b) && (! (u0time0f1dzero1b))))) && (! (u0time0f1dinc2seconds0time1b))))) && (! (((u0time0f1dcountdown0time0dt1b) || (u0time0f1dinc2minutes0time1b)) || (u0time0time)))))))) && (! ((u0time0f1dcountup0time0dt1b) || (u0time0f1dcountdown0time0dt1b)))) && ((X ((u0time0f1dcountup0time0dt1b) || (u0time0f1dcountdown0time0dt1b))) -> ((((! (p0b0btn2start2stop)) && (X (p0b0btn2start2stop))) && (! ((! (p0b0btn2min)) && (X (p0b0btn2min))))) && (! ((! (p0b0btn2sec)) && (X (p0b0btn2sec))))))) && (! (u0time0f1dinc2seconds0time1b))) && (! (u0time0f1dinc2minutes0time1b))) && (u0beep0p1dbf1b)) && (G (((p0b0btn2min) && (p0b0btn2sec)) <-> (u0time0f1dzero1b)))) && (G ((((! ((u0time0f1dcountup0time0dt1b) || (u0time0f1dcountdown0time0dt1b))) && ((! (p0b0btn2min)) && (X (p0b0btn2min)))) && (X (! (p0b0btn2sec)))) <-> (X (u0time0f1dinc2minutes0time1b))))) && (G ((((! ((u0time0f1dcountup0time0dt1b) || (u0time0f1dcountdown0time0dt1b))) && ((! (p0b0btn2sec)) && (X (p0b0btn2sec)))) && (X (! (p0b0btn2min)))) <-> (X (u0time0f1dinc2seconds0time1b))))) && (G ((p0p0eq0time0f1dzero1b) -> (((((u0time0time) && ((((! (p0b0btn2start2stop)) && (X (p0b0btn2start2stop))) && (! ((! (p0b0btn2min)) && (X (p0b0btn2min))))) && (! ((! (p0b0btn2sec)) && (X (p0b0btn2sec)))))) -> (X ((((u0time0f1dcountup0time0dt1b) && (! ((((! (p0b0btn2min)) && (X (p0b0btn2min))) || ((! (p0b0btn2sec)) && (X (p0b0btn2sec)))) || ((! (p0b0btn2start2stop)) && (X (p0b0btn2start2stop)))))) U (((p0b0btn2min) && (p0b0btn2sec)) || ((u0time0f1dcountup0time0dt1b) && ((((! (p0b0btn2min)) && (X (p0b0btn2min))) || ((! (p0b0btn2sec)) && (X (p0b0btn2sec)))) || ((! (p0b0btn2start2stop)) && (X (p0b0btn2start2stop))))))) || (G ((u0time0f1dcountup0time0dt1b) && (! ((((! (p0b0btn2min)) && (X (p0b0btn2min))) || ((! (p0b0btn2sec)) && (X (p0b0btn2sec)))) || ((! (p0b0btn2start2stop)) && (X (p0b0btn2start2stop)))))))))) U ((u0time0f1dinc2minutes0time1b) || (u0time0f1dinc2seconds0time1b))) || (G (((u0time0time) && ((((! (p0b0btn2start2stop)) && (X (p0b0btn2start2stop))) && (! ((! (p0b0btn2min)) && (X (p0b0btn2min))))) && (! ((! (p0b0btn2sec)) && (X (p0b0btn2sec)))))) -> (X ((((u0time0f1dcountup0time0dt1b) && (! ((((! (p0b0btn2min)) && (X (p0b0btn2min))) || ((! (p0b0btn2sec)) && (X (p0b0btn2sec)))) || ((! (p0b0btn2start2stop)) && (X (p0b0btn2start2stop)))))) U (((p0b0btn2min) && (p0b0btn2sec)) || ((u0time0f1dcountup0time0dt1b) && ((((! (p0b0btn2min)) && (X (p0b0btn2min))) || ((! (p0b0btn2sec)) && (X (p0b0btn2sec)))) || ((! (p0b0btn2start2stop)) && (X (p0b0btn2start2stop))))))) || (G ((u0time0f1dcountup0time0dt1b) && (! ((((! (p0b0btn2min)) && (X (p0b0btn2min))) || ((! (p0b0btn2sec)) && (X (p0b0btn2sec)))) || ((! (p0b0btn2start2stop)) && (X (p0b0btn2start2stop))))))))))))))) && (G (((u0time0f1dinc2minutes0time1b) || (u0time0f1dinc2seconds0time1b)) -> (((((! ((u0time0f1dcountup0time0dt1b) || (u0time0f1dcountdown0time0dt1b))) && ((((! (p0b0btn2start2stop)) && (X (p0b0btn2start2stop))) && (! ((! (p0b0btn2min)) && (X (p0b0btn2min))))) && (! ((! (p0b0btn2sec)) && (X (p0b0btn2sec)))))) -> (X ((((u0time0f1dcountdown0time0dt1b) && (! ((((! (p0b0btn2min)) && (X (p0b0btn2min))) || ((! (p0b0btn2sec)) && (X (p0b0btn2sec)))) || ((! (p0b0btn2start2stop)) && (X (p0b0btn2start2stop)))))) U (((p0b0btn2min) && (p0b0btn2sec)) || ((u0time0f1dcountdown0time0dt1b) && ((((! (p0b0btn2min)) && (X (p0b0btn2min))) || ((! (p0b0btn2sec)) && (X (p0b0btn2sec)))) || ((! (p0b0btn2start2stop)) && (X (p0b0btn2start2stop))))))) || (G ((u0time0f1dcountdown0time0dt1b) && (! ((((! (p0b0btn2min)) && (X (p0b0btn2min))) || ((! (p0b0btn2sec)) && (X (p0b0btn2sec)))) || ((! (p0b0btn2start2stop)) && (X (p0b0btn2start2stop)))))))))) U (X (p0p0eq0time0f1dzero1b))) || (G (((! ((u0time0f1dcountup0time0dt1b) || (u0time0f1dcountdown0time0dt1b))) && ((((! (p0b0btn2start2stop)) && (X (p0b0btn2start2stop))) && (! ((! (p0b0btn2min)) && (X (p0b0btn2min))))) && (! ((! (p0b0btn2sec)) && (X (p0b0btn2sec)))))) -> (X ((((u0time0f1dcountdown0time0dt1b) && (! ((((! (p0b0btn2min)) && (X (p0b0btn2min))) || ((! (p0b0btn2sec)) && (X (p0b0btn2sec)))) || ((! (p0b0btn2start2stop)) && (X (p0b0btn2start2stop)))))) U (((p0b0btn2min) && (p0b0btn2sec)) || ((u0time0f1dcountdown0time0dt1b) && ((((! (p0b0btn2min)) && (X (p0b0btn2min))) || ((! (p0b0btn2sec)) && (X (p0b0btn2sec)))) || ((! (p0b0btn2start2stop)) && (X (p0b0btn2start2stop))))))) || (G ((u0time0f1dcountdown0time0dt1b) && (! ((((! (p0b0btn2min)) && (X (p0b0btn2min))) || ((! (p0b0btn2sec)) && (X (p0b0btn2sec)))) || ((! (p0b0btn2start2stop)) && (X (p0b0btn2start2stop))))))))))))))) && (G (((! ((u0time0f1dcountup0time0dt1b) || (u0time0f1dcountdown0time0dt1b))) && ((((((! (p0b0btn2start2stop)) && (X (p0b0btn2start2stop))) && ((! (p0b0btn2min)) && (X (p0b0btn2min)))) && (X (! (p0b0btn2sec)))) && (X (X (! (p0b0btn2sec))))) || (((((! (p0b0btn2start2stop)) && (X (p0b0btn2start2stop))) && ((! (p0b0btn2sec)) && (X (p0b0btn2sec)))) && (X (! (p0b0btn2min)))) && (X (X (! (p0b0btn2min))))))) -> (X (X ((((u0time0f1dcountdown0time0dt1b) && (! ((((! (p0b0btn2min)) && (X (p0b0btn2min))) || ((! (p0b0btn2sec)) && (X (p0b0btn2sec)))) || ((! (p0b0btn2start2stop)) && (X (p0b0btn2start2stop)))))) U (((p0b0btn2min) && (p0b0btn2sec)) || ((u0time0f1dcountdown0time0dt1b) && ((((! (p0b0btn2min)) && (X (p0b0btn2min))) || ((! (p0b0btn2sec)) && (X (p0b0btn2sec)))) || ((! (p0b0btn2start2stop)) && (X (p0b0btn2start2stop))))))) || (G ((u0time0f1dcountdown0time0dt1b) && (! ((((! (p0b0btn2min)) && (X (p0b0btn2min))) || ((! (p0b0btn2sec)) && (X (p0b0btn2sec)))) || ((! (p0b0btn2start2stop)) && (X (p0b0btn2start2stop))))))))))))) && (G (((((u0time0f1dcountup0time0dt1b) || (u0time0f1dcountdown0time0dt1b)) && ((((! (p0b0btn2min)) && (X (p0b0btn2min))) || ((! (p0b0btn2sec)) && (X (p0b0btn2sec)))) || ((! (p0b0btn2start2stop)) && (X (p0b0btn2start2stop))))) && (X (! ((p0b0btn2min) && (p0b0btn2sec))))) -> (X ((((u0time0time) && (! ((((! (p0b0btn2min)) && (X (p0b0btn2min))) || ((! (p0b0btn2sec)) && (X (p0b0btn2sec)))) || ((! (p0b0btn2start2stop)) && (X (p0b0btn2start2stop)))))) U (((p0b0btn2min) && (p0b0btn2sec)) || ((u0time0time) && ((((! (p0b0btn2min)) && (X (p0b0btn2min))) || ((! (p0b0btn2sec)) && (X (p0b0btn2sec)))) || ((! (p0b0btn2start2stop)) && (X (p0b0btn2start2stop))))))) || (G ((u0time0time) && (! ((((! (p0b0btn2min)) && (X (p0b0btn2min))) || ((! (p0b0btn2sec)) && (X (p0b0btn2sec)))) || ((! (p0b0btn2start2stop)) && (X (p0b0btn2start2stop)))))))))))) && (G (((X (! ((u0time0f1dcountup0time0dt1b) || (u0time0f1dcountdown0time0dt1b)))) && (X (X ((u0time0f1dcountup0time0dt1b) || (u0time0f1dcountdown0time0dt1b))))) -> (((X ((((! (p0b0btn2start2stop)) && (X (p0b0btn2start2stop))) && (! ((! (p0b0btn2min)) && (X (p0b0btn2min))))) && (! ((! (p0b0btn2sec)) && (X (p0b0btn2sec)))))) || (((((! (p0b0btn2start2stop)) && (X (p0b0btn2start2stop))) && ((! (p0b0btn2min)) && (X (p0b0btn2min)))) && (X (! (p0b0btn2sec)))) && (X (X (! (p0b0btn2sec)))))) || (((((! (p0b0btn2start2stop)) && (X (p0b0btn2start2stop))) && ((! (p0b0btn2sec)) && (X (p0b0btn2sec)))) && (X (! (p0b0btn2min)))) && (X (X (! (p0b0btn2min))))))))) && (G (u0dsp0f1ddisplay0time1b))) && (G (! ((u0beep0p1dbt1b) <-> (u0beep0p1dbf1b))))) && (G (((X ((u0time0f1dcountdown0time0dt1b) && (p0p0eq0time0f1dzero1b))) || ((((! (p0b0btn2min)) && (X (p0b0btn2min))) || ((! (p0b0btn2sec)) && (X (p0b0btn2sec)))) || ((! (p0b0btn2start2stop)) && (X (p0b0btn2start2stop))))) <-> (X (u0beep0p1dbt1b)))))","total_time":764,"automaton":{"is_built":true,"build_duration":360,"total_states":286,"state_based_status":"true","prune_automaton_duration":0,"pruned_state_based_status":"true","prune_total_states":286,"total_edges":4694},"dependency":{"dependency_approach":"automaton","tested_dependencies":[],"total_duration":-1,"is_completed":true,"skipped_dependencies":true,"total_pair_state":-1},"unate":{"skipped_unate":true},"synthesis":{"model_checking_status":"UNKNOWN","independent_strategy":{"duration":402,"realizability":"REALIZABLE","total_inputs":4,"total_outputs":11,"total_latches":6,"total_gates":1288},"dependent_strategy":{"duration":-1,"total_inputs":-1,"total_outputs":-1,"total_latches":-1,"total_gates":-1}}}
