aag 84 11 0 8 73
2
4
6
8
10
12
14
16
18
20
22
59
95
106
121
132
149
169
168
24 4 17
26 2 24
28 13 26
30 10 28
32 11 26
34 33 31
36 2 4
38 4 15
40 2 38
42 12 40
44 13 36
46 45 43
48 11 47
50 49 31
52 9 51
54 6 52
56 7 35
58 57 55
60 4 21
62 2 60
64 13 62
66 10 64
68 11 62
70 69 67
72 4 19
74 2 72
76 12 74
78 45 77
80 11 79
82 81 67
84 8 83
86 9 71
88 87 85
90 6 86
92 7 89
94 93 91
96 4 14
98 2 96
100 12 98
102 11 100
104 9 102
106 6 104
108 10 29
110 11 37
112 111 109
114 112 9
116 6 115
118 7 34
120 119 117
122 4 18
124 2 122
126 12 124
128 11 126
130 8 128
132 7 130
134 10 65
136 111 135
138 8 137
140 9 70
142 141 139
144 6 87
146 7 143
148 147 145
150 4 22
152 2 150
154 13 152
156 10 154
158 11 152
160 159 157
162 9 161
164 6 162
166 7 161
168 167 165
i0 p0p0in2range0first2counter
i1 p0p0in2range0second2counter
i2 p0p0first0selected
i3 p0p0second0selected
i4 p0p0button2pressed0down
i5 p0p0button2pressed0up
i6 p0p0in2range0f1dincrement0first2counter1b
i7 p0p0in2range0f1ddecrement0first2counter1b
i8 p0p0in2range0f1dincrement0second2counter1b
i9 p0p0in2range0f1ddecrement0second2counter1b
i10 p0p0button2pressed0switch
o0 u0first2counter0first2counter
o1 u0second2counter0second2counter
o2 u0first2counter0f1dincrement0first2counter1b
o3 u0first2counter0f1ddecrement0first2counter1b
o4 u0second2counter0f1dincrement0second2counter1b
o5 u0second2counter0f1ddecrement0second2counter1b
o6 u0selected0f1dtoggle0selected1b
o7 u0selected0selected
{"is_completed":true,"output_vars":["u0selected0f1dtoggle0selected1b","u0selected0selected","u0second2counter0f1dincrement0second2counter1b","u0second2counter0f1ddecrement0second2counter1b","u0second2counter0second2counter","u0first2counter0f1dincrement0first2counter1b","u0first2counter0f1ddecrement0first2counter1b","u0first2counter0first2counter"],"input_vars":["p0p0second0selected","p0p0in2range0f1dincrement0second2counter1b","p0p0in2range0f1dincrement0first2counter1b","p0p0in2range0f1ddecrement0second2counter1b","p0p0in2range0f1ddecrement0first2counter1b","p0p0in2range0second2counter","p0p0in2range0first2counter","p0p0first0selected","p0p0button2pressed0up","p0p0button2pressed0switch","p0p0button2pressed0down"],"formula":"((G (((! (((u0first2counter0f1ddecrement0first2counter1b) && (! ((u0first2counter0f1dincrement0first2counter1b) || (u0first2counter0first2counter)))) <-> ((! (((u0first2counter0f1dincrement0first2counter1b) && (! (u0first2counter0first2counter))) <-> ((u0first2counter0first2counter) && (! (u0first2counter0f1dincrement0first2counter1b))))) && (! (u0first2counter0f1ddecrement0first2counter1b))))) && (! (((u0second2counter0f1ddecrement0second2counter1b) && (! ((u0second2counter0f1dincrement0second2counter1b) || (u0second2counter0second2counter)))) <-> ((! (((u0second2counter0f1dincrement0second2counter1b) && (! (u0second2counter0second2counter))) <-> ((u0second2counter0second2counter) && (! (u0second2counter0f1dincrement0second2counter1b))))) && (! (u0second2counter0f1ddecrement0second2counter1b)))))) && (! (((u0selected0selected) && (! (u0selected0f1dtoggle0selected1b))) <-> ((u0selected0f1dtoggle0selected1b) && (! (u0selected0selected))))))) && (((((((((((p0p0in2range0first2counter) && (p0p0in2range0second2counter)) && (G (! ((p0p0first0selected) && (p0p0second0selected))))) && (G (! ((p0p0button2pressed0up) && (p0p0button2pressed0down))))) && (G (((p0p0in2range0first2counter) && (u0first2counter0first2counter)) -> (X (p0p0in2range0first2counter))))) && (G (((p0p0in2range0second2counter) && (u0second2counter0second2counter)) -> (X (p0p0in2range0second2counter))))) && (G (((p0p0in2range0f1dincrement0first2counter1b) && (u0first2counter0f1dincrement0first2counter1b)) -> (X (p0p0in2range0first2counter))))) && (G (((p0p0in2range0f1ddecrement0first2counter1b) && (u0first2counter0f1ddecrement0first2counter1b)) -> (X (p0p0in2range0first2counter))))) && (G (((p0p0in2range0f1dincrement0second2counter1b) && (u0second2counter0f1dincrement0second2counter1b)) -> (X (p0p0in2range0second2counter))))) && (G (((p0p0in2range0f1ddecrement0second2counter1b) && (u0second2counter0f1ddecrement0second2counter1b)) -> (X (p0p0in2range0second2counter))))) -> (((((G ((p0p0first0selected) -> ((((p0p0button2pressed0up) && (p0p0in2range0f1dincrement0first2counter1b)) <-> (u0first2counter0f1dincrement0first2counter1b)) && (((p0p0button2pressed0down) && (p0p0in2range0f1ddecrement0first2counter1b)) <-> (u0first2counter0f1ddecrement0first2counter1b))))) && (G ((p0p0second0selected) -> ((((p0p0button2pressed0up) && (p0p0in2range0f1dincrement0second2counter1b)) <-> (u0second2counter0f1dincrement0second2counter1b)) && (((p0p0button2pressed0down) && (p0p0in2range0f1ddecrement0second2counter1b)) <-> (u0second2counter0f1ddecrement0second2counter1b)))))) && (G ((p0p0button2pressed0switch) <-> (u0selected0f1dtoggle0selected1b)))) && (G (p0p0in2range0first2counter))) && (G (p0p0in2range0second2counter)))))","total_time":342,"automaton":{"is_built":true,"build_duration":183,"total_states":6,"state_based_status":"true","prune_automaton_duration":0,"pruned_state_based_status":"true","prune_total_states":6,"total_edges":13},"dependency":{"dependency_approach":"automaton","tested_dependencies":[],"total_duration":-1,"is_completed":true,"skipped_dependencies":true,"total_pair_state":-1},"unate":{"skipped_unate":true},"synthesis":{"model_checking_status":"UNKNOWN","independent_strategy":{"duration":158,"realizability":"REALIZABLE","total_inputs":11,"total_outputs":8,"total_latches":0,"total_gates":73},"dependent_strategy":{"duration":-1,"total_inputs":-1,"total_outputs":-1,"total_latches":-1,"total_gates":-1}}}
