aag 27 6 0 8 21
2
4
6
8
10
12
20
28
32
43
43
55
42
42
14 8 13
16 6 14
18 5 16
20 3 18
22 8 11
24 7 22
26 4 24
28 3 26
30 5 24
32 2 30
34 4 6
36 5 7
38 2 36
40 3 35
42 41 39
44 4 25
46 5 17
48 47 45
50 2 31
52 3 49
54 53 51
i0 p0p0isradarmode0gamemode
i1 p0p0isscoremode0gamemode
i2 p0p0iscockpitmode0gamemode
i3 p0p0eqz0prescaler
i4 p0p0gyronoise0gyroz
i5 p0p0gyronoise0gyrox
o0 u0internal2rotation0f1daddrotation0internal2rotation0f1dgyrocorrection1b0gyrox1b
o1 u0internal2rotation0f1dsubrotation0internal2rotation0f1dgyrocorrection1b0gyroz1b
o2 u0internal2rotation0f1daddrotation0internal2rotation0f1dgyrocorrection1b0gyroz1b
o3 u0prescaler0f1dincmod0prescaler0f1droationcaluclatorprescaler1b1b
o4 u0rotation0f1dscalerotation0internal2rotation1b
o5 u0internal2rotation0internal2rotation
o6 u0prescaler0prescaler
o7 u0rotation0rotation
{"is_completed":true,"output_vars":["u0rotation0f1dscalerotation0internal2rotation1b","u0rotation0rotation","u0prescaler0f1dincmod0prescaler0f1droationcaluclatorprescaler1b1b","u0prescaler0prescaler","u0internal2rotation0f1dsubrotation0internal2rotation0f1dgyrocorrection1b0gyroz1b","u0internal2rotation0f1daddrotation0internal2rotation0f1dgyrocorrection1b0gyroz1b","u0internal2rotation0f1daddrotation0internal2rotation0f1dgyrocorrection1b0gyrox1b","u0internal2rotation0internal2rotation"],"input_vars":["p0p0isscoremode0gamemode","p0p0isradarmode0gamemode","p0p0iscockpitmode0gamemode","p0p0gyronoise0gyroz","p0p0gyronoise0gyrox","p0p0eqz0prescaler"],"formula":"((G (((! (((! (((u0internal2rotation0f1daddrotation0internal2rotation0f1dgyrocorrection1b0gyroz1b) && (! (u0internal2rotation0internal2rotation))) <-> ((u0internal2rotation0internal2rotation) && (! (u0internal2rotation0f1daddrotation0internal2rotation0f1dgyrocorrection1b0gyroz1b))))) && (! ((u0internal2rotation0f1dsubrotation0internal2rotation0f1dgyrocorrection1b0gyroz1b) || (u0internal2rotation0f1daddrotation0internal2rotation0f1dgyrocorrection1b0gyrox1b)))) <-> ((! (((u0internal2rotation0f1dsubrotation0internal2rotation0f1dgyrocorrection1b0gyroz1b) && (! (u0internal2rotation0f1daddrotation0internal2rotation0f1dgyrocorrection1b0gyrox1b))) <-> ((u0internal2rotation0f1daddrotation0internal2rotation0f1dgyrocorrection1b0gyrox1b) && (! (u0internal2rotation0f1dsubrotation0internal2rotation0f1dgyrocorrection1b0gyroz1b))))) && (! ((u0internal2rotation0f1daddrotation0internal2rotation0f1dgyrocorrection1b0gyroz1b) || (u0internal2rotation0internal2rotation)))))) && (! (((u0prescaler0prescaler) && (! (u0prescaler0f1dincmod0prescaler0f1droationcaluclatorprescaler1b1b))) <-> ((u0prescaler0f1dincmod0prescaler0f1droationcaluclatorprescaler1b1b) && (! (u0prescaler0prescaler)))))) && (! (((u0rotation0rotation) && (! (u0rotation0f1dscalerotation0internal2rotation1b))) <-> ((u0rotation0f1dscalerotation0internal2rotation1b) && (! (u0rotation0rotation))))))) && ((((G (! ((p0p0isscoremode0gamemode) && (p0p0isradarmode0gamemode)))) && (G (! ((p0p0isradarmode0gamemode) && (p0p0iscockpitmode0gamemode))))) && (G (! ((p0p0iscockpitmode0gamemode) && (p0p0isscoremode0gamemode))))) -> (((((G (u0prescaler0f1dincmod0prescaler0f1droationcaluclatorprescaler1b1b)) && (G ((((p0p0eqz0prescaler) && (! (p0p0gyronoise0gyroz))) && (p0p0isscoremode0gamemode)) <-> (u0internal2rotation0f1dsubrotation0internal2rotation0f1dgyrocorrection1b0gyroz1b)))) && (G ((((p0p0eqz0prescaler) && (! (p0p0gyronoise0gyroz))) && (p0p0isradarmode0gamemode)) <-> (u0internal2rotation0f1daddrotation0internal2rotation0f1dgyrocorrection1b0gyroz1b)))) && (G ((((p0p0eqz0prescaler) && (! (p0p0gyronoise0gyrox))) && (p0p0iscockpitmode0gamemode)) <-> (u0internal2rotation0f1daddrotation0internal2rotation0f1dgyrocorrection1b0gyrox1b)))) && (G (u0rotation0f1dscalerotation0internal2rotation1b)))))","total_time":12,"automaton":{"is_built":true,"build_duration":9,"total_states":4,"state_based_status":"true","prune_automaton_duration":0,"pruned_state_based_status":"true","prune_total_states":4,"total_edges":7},"dependency":{"dependency_approach":"automaton","tested_dependencies":[],"total_duration":-1,"is_completed":true,"skipped_dependencies":true,"total_pair_state":-1},"unate":{"skipped_unate":true},"synthesis":{"model_checking_status":"UNKNOWN","independent_strategy":{"duration":2,"realizability":"REALIZABLE","total_inputs":6,"total_outputs":8,"total_latches":0,"total_gates":21},"dependent_strategy":{"duration":-1,"total_inputs":-1,"total_outputs":-1,"total_latches":-1,"total_gates":-1}}}
