aag 10 3 0 8 7
2
4
6
15
14
16
18
4
21
0
20
8 5 6
10 2 8
12 3 6
14 13 11
16 2 5
18 3 5
20 2 4
i0 p0p0gt0rpm0f1dcon5523231b
i1 p0p0lt0rpm0f1dcon32323231b
i2 p0p0lt0speed0f1dsub0target2speed0f1dmultp0f1dabs0steer1b0f1dcon248881b1b1b
o0 u0accel0f1dcon23p81b
o1 u0accel0f1dcon231b
o2 u0gear0f1dmin0f1dcon61b0f1dadd0gear0f1dcon241b1b1b
o3 u0gear0gear
o4 u0gear0f1dmax0f1dcon241b0f1dsub0gear0f1dcon241b1b1b
o5 u0steer0f1dsteering0angle0trackpos1b
o6 u0accel0accel
o7 u0steer0steer
{"is_completed":true,"output_vars":["u0steer0f1dsteering0angle0trackpos1b","u0steer0steer","u0gear0f1dmin0f1dcon61b0f1dadd0gear0f1dcon241b1b1b","u0gear0f1dmax0f1dcon241b0f1dsub0gear0f1dcon241b1b1b","u0gear0gear","u0accel0f1dcon23p81b","u0accel0f1dcon231b","u0accel0accel"],"input_vars":["p0p0lt0speed0f1dsub0target2speed0f1dmultp0f1dabs0steer1b0f1dcon248881b1b1b","p0p0lt0rpm0f1dcon32323231b","p0p0gt0rpm0f1dcon5523231b"],"formula":"((G (((! (((u0accel0f1dcon231b) && (! ((u0accel0f1dcon23p81b) || (u0accel0accel)))) <-> ((! (((u0accel0f1dcon23p81b) && (! (u0accel0accel))) <-> ((u0accel0accel) && (! (u0accel0f1dcon23p81b))))) && (! (u0accel0f1dcon231b))))) && (! (((u0gear0f1dmax0f1dcon241b0f1dsub0gear0f1dcon241b1b1b) && (! ((u0gear0f1dmin0f1dcon61b0f1dadd0gear0f1dcon241b1b1b) || (u0gear0gear)))) <-> ((! (((u0gear0f1dmin0f1dcon61b0f1dadd0gear0f1dcon241b1b1b) && (! (u0gear0gear))) <-> ((u0gear0gear) && (! (u0gear0f1dmin0f1dcon61b0f1dadd0gear0f1dcon241b1b1b))))) && (! (u0gear0f1dmax0f1dcon241b0f1dsub0gear0f1dcon241b1b1b)))))) && (! (((u0steer0steer) && (! (u0steer0f1dsteering0angle0trackpos1b))) <-> ((u0steer0f1dsteering0angle0trackpos1b) && (! (u0steer0steer))))))) && (((G (! ((p0p0gt0rpm0f1dcon5523231b) && (p0p0lt0rpm0f1dcon32323231b)))) && (G (! ((p0p0gt0rpm0f1dcon5523231b) && (p0p0lt0rpm0f1dcon32323231b))))) -> ((((((G (u0steer0f1dsteering0angle0trackpos1b)) && (G ((p0p0lt0speed0f1dsub0target2speed0f1dmultp0f1dabs0steer1b0f1dcon248881b1b1b) -> (u0accel0f1dcon23p81b)))) && (G ((! (p0p0lt0speed0f1dsub0target2speed0f1dmultp0f1dabs0steer1b0f1dcon248881b1b1b)) -> (u0accel0f1dcon231b)))) && (G ((p0p0gt0rpm0f1dcon5523231b) -> (u0gear0f1dmin0f1dcon61b0f1dadd0gear0f1dcon241b1b1b)))) && (G ((p0p0lt0rpm0f1dcon32323231b) -> (u0gear0f1dmax0f1dcon241b0f1dsub0gear0f1dcon241b1b1b)))) && (G (((! (p0p0gt0rpm0f1dcon5523231b)) && (! (p0p0lt0rpm0f1dcon32323231b))) -> (u0gear0gear))))))","total_time":6,"automaton":{"is_built":true,"build_duration":4,"total_states":4,"state_based_status":"true","prune_automaton_duration":0,"pruned_state_based_status":"true","prune_total_states":4,"total_edges":7},"dependency":{"dependency_approach":"automaton","tested_dependencies":[],"total_duration":-1,"is_completed":true,"skipped_dependencies":true,"total_pair_state":-1},"unate":{"skipped_unate":true},"synthesis":{"model_checking_status":"UNKNOWN","independent_strategy":{"duration":2,"realizability":"REALIZABLE","total_inputs":3,"total_outputs":8,"total_latches":0,"total_gates":7},"dependent_strategy":{"duration":-1,"total_inputs":-1,"total_outputs":-1,"total_latches":-1,"total_gates":-1}}}
