aag 206 2 6 37 198
2
4
6 323
8 337
10 357
12 383
14 409
16 413
49
60
101
116
0
126
136
144
148
158
166
174
180
186
192
198
204
210
218
222
226
232
0
236
240
246
250
254
258
262
266
270
274
278
282
286
290
18 14 16
20 12 17
22 13 19
24 23 21
26 10 17
28 11 25
30 29 27
32 8 17
34 9 31
36 35 33
38 6 17
40 7 37
42 41 39
44 4 17
46 5 43
48 47 45
50 14 17
52 12 50
54 10 52
56 8 54
58 6 56
60 4 58
62 13 15
64 11 62
66 9 64
68 7 66
70 4 68
72 47 71
74 15 16
76 75 51
78 13 77
80 79 21
82 11 81
84 83 27
86 9 85
88 87 33
90 7 89
92 91 39
94 5 93
96 2 94
98 3 73
100 99 97
102 15 17
104 13 102
106 11 104
108 9 106
110 7 108
112 5 110
114 113 71
116 2 115
118 13 74
120 11 118
122 9 120
124 7 122
126 4 124
128 13 50
130 10 128
132 8 130
134 6 132
136 4 134
138 11 128
140 9 138
142 7 140
144 4 142
146 7 56
148 4 146
150 12 102
152 10 150
154 9 152
156 7 154
158 4 156
160 11 52
162 8 160
164 6 162
166 4 164
168 10 104
170 9 168
172 6 170
174 4 172
176 8 138
178 6 176
180 4 178
182 8 106
184 7 182
186 4 184
188 8 152
190 7 188
192 4 190
194 8 168
196 6 194
198 4 196
200 9 130
202 6 200
204 4 202
206 9 160
208 6 206
210 4 208
212 11 150
214 8 212
216 7 214
218 4 216
220 6 182
222 4 220
224 7 176
226 4 224
228 9 212
230 7 228
232 4 230
234 7 132
236 4 234
238 6 188
240 4 238
242 9 54
244 6 242
246 4 244
248 7 162
250 4 248
252 6 214
254 4 252
256 7 170
258 4 256
260 6 108
262 4 260
264 6 154
266 4 264
268 7 242
270 4 268
272 7 194
274 4 272
276 7 200
278 4 276
280 7 206
282 4 280
284 6 228
286 4 284
288 6 140
290 4 288
292 129 21
294 11 293
296 295 27
298 9 297
300 299 33
302 7 301
304 4 302
306 5 38
308 307 305
310 111 39
312 4 40
314 5 311
316 315 313
318 2 317
320 3 309
322 321 319
324 9 17
326 6 324
328 7 32
330 329 327
332 4 331
334 5 32
336 335 333
338 11 17
340 8 338
342 9 26
344 343 341
346 6 345
348 7 26
350 349 347
352 4 351
354 5 26
356 355 353
358 13 17
360 10 358
362 11 20
364 363 361
366 8 365
368 9 20
370 369 367
372 6 371
374 7 20
376 375 373
378 4 377
380 5 20
382 381 379
384 129 151
386 10 385
388 11 50
390 389 387
392 8 391
394 9 50
396 395 393
398 6 397
400 7 50
402 401 399
404 4 403
406 5 50
408 407 405
410 5 124
412 411 61
i0 p0b0start
i1 p0b0wait
o0 u0finished0p1dbf1b
o1 u0out0f1dconst3251b
o2 u0out0f1dnone1b
o3 u0out0f1dconst241b
o4 u0finished0finished
o5 u0finished0p1dbt1b
o6 u0out0f1dconst2541b
o7 u0out0f1dconst2471b
o8 u0out0f1dconst3241b
o9 u0out0f1dconst2431b
o10 u0out0f1dconst2581b
o11 u0out0f1dconst61b
o12 u0out0f1dconst25231b
o13 u0out0f1dconst31b
o14 u0out0f1dconst2451b
o15 u0out0f1dconst81b
o16 u0out0f1dconst25251b
o17 u0out0f1dconst2561b
o18 u0out0f1dconst24241b
o19 u0out0f1dconst41b
o20 u0out0f1dconst2491b
o21 u0out0f1dconst91b
o22 u0out0out
o23 u0out0f1dconst2531b
o24 u0out0f1dconst2461b
o25 u0out0f1dconst3231b
o26 u0out0f1dconst2571b
o27 u0out0f1dconst24251b
o28 u0out0f1dconst51b
o29 u0out0f1dconst251b
o30 u0out0f1dconst2441b
o31 u0out0f1dconst2591b
o32 u0out0f1dconst71b
o33 u0out0f1dconst25241b
o34 u0out0f1dconst2551b
o35 u0out0f1dconst24231b
o36 u0out0f1dconst2481b
{"is_completed":true,"output_vars":["u0out0f1dnone1b","u0out0f1dconst91b","u0out0f1dconst81b","u0out0f1dconst71b","u0out0f1dconst61b","u0out0f1dconst51b","u0out0f1dconst41b","u0out0f1dconst3251b","u0out0f1dconst3241b","u0out0f1dconst3231b","u0out0f1dconst31b","u0out0f1dconst2591b","u0out0f1dconst2581b","u0out0f1dconst2571b","u0out0f1dconst2561b","u0out0f1dconst2551b","u0out0f1dconst2541b","u0out0f1dconst2531b","u0out0f1dconst25251b","u0out0f1dconst25241b","u0out0f1dconst25231b","u0out0f1dconst251b","u0out0f1dconst2491b","u0out0f1dconst2481b","u0out0f1dconst2471b","u0out0f1dconst2461b","u0out0f1dconst2451b","u0out0f1dconst2441b","u0out0f1dconst2431b","u0out0f1dconst24251b","u0out0f1dconst24241b","u0out0f1dconst24231b","u0out0f1dconst241b","u0out0out","u0finished0p1dbf1b","u0finished0p1dbt1b","u0finished0finished"],"input_vars":["p0b0wait","p0b0start"],"formula":"(((((((((((((((((((((((((((((((((((((G ((! (((u0finished0p1dbt1b) && (! ((u0finished0p1dbf1b) || (u0finished0finished)))) <-> ((! (((u0finished0p1dbf1b) && (! (u0finished0finished))) <-> ((u0finished0finished) && (! (u0finished0p1dbf1b))))) && (! (u0finished0p1dbt1b))))) && (! (((! (((! (((! (((! (((u0out0f1dconst2481b) && (! (u0out0f1dconst3251b))) <-> ((u0out0f1dconst3251b) && (! (u0out0f1dconst2481b))))) && (! ((u0out0f1dconst24231b) || (u0out0f1dconst2551b)))) <-> ((! (((u0out0f1dconst24231b) && (! (u0out0f1dconst2551b))) <-> ((u0out0f1dconst2551b) && (! (u0out0f1dconst24231b))))) && (! ((u0out0f1dconst2481b) || (u0out0f1dconst3251b)))))) && (! ((((u0out0f1dconst71b) || (u0out0f1dconst2591b)) || (u0out0f1dconst25241b)) || (u0out0f1dconst2441b)))) <-> ((! (((! (((u0out0f1dconst25241b) && (! (u0out0f1dconst71b))) <-> ((u0out0f1dconst71b) && (! (u0out0f1dconst25241b))))) && (! ((u0out0f1dconst2441b) || (u0out0f1dconst2591b)))) <-> ((! (((u0out0f1dconst2441b) && (! (u0out0f1dconst2591b))) <-> ((u0out0f1dconst2591b) && (! (u0out0f1dconst2441b))))) && (! ((u0out0f1dconst25241b) || (u0out0f1dconst71b)))))) && (! ((((u0out0f1dconst3251b) || (u0out0f1dconst2551b)) || (u0out0f1dconst2481b)) || (u0out0f1dconst24231b)))))) && (! (((((((((u0out0out) || (u0out0f1dconst24251b)) || (u0out0f1dconst2461b)) || (u0out0f1dconst251b)) || (u0out0f1dconst2531b)) || (u0out0f1dconst2571b)) || (u0out0f1dconst3231b)) || (u0out0f1dconst51b)) || (u0out0f1dconst91b)))) <-> ((! (((! (((! (((u0out0f1dconst251b) && (! (u0out0f1dconst51b))) <-> ((u0out0f1dconst51b) && (! (u0out0f1dconst251b))))) && (! ((u0out0f1dconst24251b) || (u0out0f1dconst2571b)))) <-> ((! (((u0out0f1dconst24251b) && (! (u0out0f1dconst2571b))) <-> ((u0out0f1dconst2571b) && (! (u0out0f1dconst24251b))))) && (! ((u0out0f1dconst251b) || (u0out0f1dconst51b)))))) && (! (((((u0out0f1dconst91b) || (u0out0f1dconst3231b)) || (u0out0f1dconst2531b)) || (u0out0f1dconst2461b)) || (u0out0out)))) <-> ((! (((! (((u0out0f1dconst2461b) && (! (u0out0f1dconst3231b))) <-> ((u0out0f1dconst3231b) && (! (u0out0f1dconst2461b))))) && (! (((u0out0out) || (u0out0f1dconst2531b)) || (u0out0f1dconst91b)))) <-> ((! (((u0out0f1dconst2531b) && (! ((u0out0f1dconst91b) || (u0out0out)))) <-> ((! (((u0out0f1dconst91b) && (! (u0out0out))) <-> ((u0out0out) && (! (u0out0f1dconst91b))))) && (! (u0out0f1dconst2531b))))) && (! ((u0out0f1dconst2461b) || (u0out0f1dconst3231b)))))) && (! ((((u0out0f1dconst51b) || (u0out0f1dconst2571b)) || (u0out0f1dconst251b)) || (u0out0f1dconst24251b)))))) && (! ((((((((u0out0f1dconst24231b) || (u0out0f1dconst2441b)) || (u0out0f1dconst2481b)) || (u0out0f1dconst25241b)) || (u0out0f1dconst2551b)) || (u0out0f1dconst2591b)) || (u0out0f1dconst3251b)) || (u0out0f1dconst71b)))))) && (! (((((((((((((((((u0out0f1dnone1b) || (u0out0f1dconst81b)) || (u0out0f1dconst61b)) || (u0out0f1dconst41b)) || (u0out0f1dconst3241b)) || (u0out0f1dconst31b)) || (u0out0f1dconst2581b)) || (u0out0f1dconst2561b)) || (u0out0f1dconst2541b)) || (u0out0f1dconst25251b)) || (u0out0f1dconst25231b)) || (u0out0f1dconst2491b)) || (u0out0f1dconst2471b)) || (u0out0f1dconst2451b)) || (u0out0f1dconst2431b)) || (u0out0f1dconst24241b)) || (u0out0f1dconst241b)))) <-> ((! (((! (((! (((! (((u0out0f1dconst2491b) && (! (u0out0f1dconst41b))) <-> ((u0out0f1dconst41b) && (! (u0out0f1dconst2491b))))) && (! ((u0out0f1dconst24241b) || (u0out0f1dconst2561b)))) <-> ((! (((u0out0f1dconst24241b) && (! (u0out0f1dconst2561b))) <-> ((u0out0f1dconst2561b) && (! (u0out0f1dconst24241b))))) && (! ((u0out0f1dconst2491b) || (u0out0f1dconst41b)))))) && (! ((((u0out0f1dconst81b) || (u0out0f1dconst31b)) || (u0out0f1dconst25251b)) || (u0out0f1dconst2451b)))) <-> ((! (((! (((u0out0f1dconst25251b) && (! (u0out0f1dconst81b))) <-> ((u0out0f1dconst81b) && (! (u0out0f1dconst25251b))))) && (! ((u0out0f1dconst2451b) || (u0out0f1dconst31b)))) <-> ((! (((u0out0f1dconst2451b) && (! (u0out0f1dconst31b))) <-> ((u0out0f1dconst31b) && (! (u0out0f1dconst2451b))))) && (! ((u0out0f1dconst25251b) || (u0out0f1dconst81b)))))) && (! ((((u0out0f1dconst41b) || (u0out0f1dconst2561b)) || (u0out0f1dconst2491b)) || (u0out0f1dconst24241b)))))) && (! (((((((((u0out0f1dconst241b) || (u0out0f1dconst2431b)) || (u0out0f1dconst2471b)) || (u0out0f1dconst25231b)) || (u0out0f1dconst2541b)) || (u0out0f1dconst2581b)) || (u0out0f1dconst3241b)) || (u0out0f1dconst61b)) || (u0out0f1dnone1b)))) <-> ((! (((! (((! (((u0out0f1dconst25231b) && (! (u0out0f1dconst61b))) <-> ((u0out0f1dconst61b) && (! (u0out0f1dconst25231b))))) && (! ((u0out0f1dconst2431b) || (u0out0f1dconst2581b)))) <-> ((! (((u0out0f1dconst2431b) && (! (u0out0f1dconst2581b))) <-> ((u0out0f1dconst2581b) && (! (u0out0f1dconst2431b))))) && (! ((u0out0f1dconst25231b) || (u0out0f1dconst61b)))))) && (! (((((u0out0f1dnone1b) || (u0out0f1dconst3241b)) || (u0out0f1dconst2541b)) || (u0out0f1dconst2471b)) || (u0out0f1dconst241b)))) <-> ((! (((! (((u0out0f1dconst2471b) && (! (u0out0f1dconst3241b))) <-> ((u0out0f1dconst3241b) && (! (u0out0f1dconst2471b))))) && (! (((u0out0f1dconst241b) || (u0out0f1dconst2541b)) || (u0out0f1dnone1b)))) <-> ((! (((u0out0f1dconst2541b) && (! ((u0out0f1dnone1b) || (u0out0f1dconst241b)))) <-> ((! (((u0out0f1dnone1b) && (! (u0out0f1dconst241b))) <-> ((u0out0f1dconst241b) && (! (u0out0f1dnone1b))))) && (! (u0out0f1dconst2541b))))) && (! ((u0out0f1dconst2471b) || (u0out0f1dconst3241b)))))) && (! ((((u0out0f1dconst61b) || (u0out0f1dconst2581b)) || (u0out0f1dconst25231b)) || (u0out0f1dconst2431b)))))) && (! ((((((((u0out0f1dconst24241b) || (u0out0f1dconst2451b)) || (u0out0f1dconst2491b)) || (u0out0f1dconst25251b)) || (u0out0f1dconst2561b)) || (u0out0f1dconst31b)) || (u0out0f1dconst41b)) || (u0out0f1dconst81b)))))) && (! (((((((((((((((((u0out0f1dconst91b) || (u0out0f1dconst71b)) || (u0out0f1dconst51b)) || (u0out0f1dconst3251b)) || (u0out0f1dconst3231b)) || (u0out0f1dconst2591b)) || (u0out0f1dconst2571b)) || (u0out0f1dconst2551b)) || (u0out0f1dconst2531b)) || (u0out0f1dconst25241b)) || (u0out0f1dconst251b)) || (u0out0f1dconst2481b)) || (u0out0f1dconst2461b)) || (u0out0f1dconst2441b)) || (u0out0f1dconst24251b)) || (u0out0f1dconst24231b)) || (u0out0out)))))))) && ((p0b0start) R ((p0b0start) -> (u0out0f1dconst241b)))) && (((u0out0f1dnone1b) U (p0b0start)) || (G (u0out0f1dnone1b)))) && ((u0out0f1dconst3251b) R (u0finished0p1dbf1b))) && (G ((u0out0f1dconst241b) -> (X ((p0b0wait) R (((p0b0wait) -> (u0out0f1dconst251b)) && ((! (p0b0wait)) -> (u0out0f1dnone1b)))))))) && (G ((u0out0f1dconst251b) -> (X ((p0b0wait) R (((p0b0wait) -> (u0out0f1dconst31b)) && ((! (p0b0wait)) -> (u0out0f1dnone1b)))))))) && (G ((u0out0f1dconst31b) -> (X ((p0b0wait) R (((p0b0wait) -> (u0out0f1dconst41b)) && ((! (p0b0wait)) -> (u0out0f1dnone1b)))))))) && (G ((u0out0f1dconst41b) -> (X ((p0b0wait) R (((p0b0wait) -> (u0out0f1dconst51b)) && ((! (p0b0wait)) -> (u0out0f1dnone1b)))))))) && (G ((u0out0f1dconst51b) -> (X ((p0b0wait) R (((p0b0wait) -> (u0out0f1dconst61b)) && ((! (p0b0wait)) -> (u0out0f1dnone1b)))))))) && (G ((u0out0f1dconst61b) -> (X ((p0b0wait) R (((p0b0wait) -> (u0out0f1dconst71b)) && ((! (p0b0wait)) -> (u0out0f1dnone1b)))))))) && (G ((u0out0f1dconst71b) -> (X ((p0b0wait) R (((p0b0wait) -> (u0out0f1dconst81b)) && ((! (p0b0wait)) -> (u0out0f1dnone1b)))))))) && (G ((u0out0f1dconst81b) -> (X ((p0b0wait) R (((p0b0wait) -> (u0out0f1dconst91b)) && ((! (p0b0wait)) -> (u0out0f1dnone1b)))))))) && (G ((u0out0f1dconst91b) -> (X ((p0b0wait) R (((p0b0wait) -> (u0out0f1dconst24231b)) && ((! (p0b0wait)) -> (u0out0f1dnone1b)))))))) && (G ((u0out0f1dconst24231b) -> (X ((p0b0wait) R (((p0b0wait) -> (u0out0f1dconst24241b)) && ((! (p0b0wait)) -> (u0out0f1dnone1b)))))))) && (G ((u0out0f1dconst24241b) -> (X ((p0b0wait) R (((p0b0wait) -> (u0out0f1dconst24251b)) && ((! (p0b0wait)) -> (u0out0f1dnone1b)))))))) && (G ((u0out0f1dconst24251b) -> (X ((p0b0wait) R (((p0b0wait) -> (u0out0f1dconst2431b)) && ((! (p0b0wait)) -> (u0out0f1dnone1b)))))))) && (G ((u0out0f1dconst2431b) -> (X ((p0b0wait) R (((p0b0wait) -> (u0out0f1dconst2441b)) && ((! (p0b0wait)) -> (u0out0f1dnone1b)))))))) && (G ((u0out0f1dconst2441b) -> (X ((p0b0wait) R (((p0b0wait) -> (u0out0f1dconst2451b)) && ((! (p0b0wait)) -> (u0out0f1dnone1b)))))))) && (G ((u0out0f1dconst2451b) -> (X ((p0b0wait) R (((p0b0wait) -> (u0out0f1dconst2461b)) && ((! (p0b0wait)) -> (u0out0f1dnone1b)))))))) && (G ((u0out0f1dconst2461b) -> (X ((p0b0wait) R (((p0b0wait) -> (u0out0f1dconst2471b)) && ((! (p0b0wait)) -> (u0out0f1dnone1b)))))))) && (G ((u0out0f1dconst2471b) -> (X ((p0b0wait) R (((p0b0wait) -> (u0out0f1dconst2481b)) && ((! (p0b0wait)) -> (u0out0f1dnone1b)))))))) && (G ((u0out0f1dconst2481b) -> (X ((p0b0wait) R (((p0b0wait) -> (u0out0f1dconst2491b)) && ((! (p0b0wait)) -> (u0out0f1dnone1b)))))))) && (G ((u0out0f1dconst2491b) -> (X ((p0b0wait) R (((p0b0wait) -> (u0out0f1dconst25231b)) && ((! (p0b0wait)) -> (u0out0f1dnone1b)))))))) && (G ((u0out0f1dconst25231b) -> (X ((p0b0wait) R (((p0b0wait) -> (u0out0f1dconst25241b)) && ((! (p0b0wait)) -> (u0out0f1dnone1b)))))))) && (G ((u0out0f1dconst25241b) -> (X ((p0b0wait) R (((p0b0wait) -> (u0out0f1dconst25251b)) && ((! (p0b0wait)) -> (u0out0f1dnone1b)))))))) && (G ((u0out0f1dconst25251b) -> (X ((p0b0wait) R (((p0b0wait) -> (u0out0f1dconst2531b)) && ((! (p0b0wait)) -> (u0out0f1dnone1b)))))))) && (G ((u0out0f1dconst2531b) -> (X ((p0b0wait) R (((p0b0wait) -> (u0out0f1dconst2541b)) && ((! (p0b0wait)) -> (u0out0f1dnone1b)))))))) && (G ((u0out0f1dconst2541b) -> (X ((p0b0wait) R (((p0b0wait) -> (u0out0f1dconst2551b)) && ((! (p0b0wait)) -> (u0out0f1dnone1b)))))))) && (G ((u0out0f1dconst2551b) -> (X ((p0b0wait) R (((p0b0wait) -> (u0out0f1dconst2561b)) && ((! (p0b0wait)) -> (u0out0f1dnone1b)))))))) && (G ((u0out0f1dconst2561b) -> (X ((p0b0wait) R (((p0b0wait) -> (u0out0f1dconst2571b)) && ((! (p0b0wait)) -> (u0out0f1dnone1b)))))))) && (G ((u0out0f1dconst2571b) -> (X ((p0b0wait) R (((p0b0wait) -> (u0out0f1dconst2581b)) && ((! (p0b0wait)) -> (u0out0f1dnone1b)))))))) && (G ((u0out0f1dconst2581b) -> (X ((p0b0wait) R (((p0b0wait) -> (u0out0f1dconst2591b)) && ((! (p0b0wait)) -> (u0out0f1dnone1b)))))))) && (G ((u0out0f1dconst2591b) -> (X ((p0b0wait) R (((p0b0wait) -> (u0out0f1dconst3231b)) && ((! (p0b0wait)) -> (u0out0f1dnone1b)))))))) && (G ((u0out0f1dconst3231b) -> (X ((p0b0wait) R (((p0b0wait) -> (u0out0f1dconst3241b)) && ((! (p0b0wait)) -> (u0out0f1dnone1b)))))))) && (G ((u0out0f1dconst3241b) -> (X ((p0b0wait) R (((p0b0wait) -> (u0out0f1dconst3251b)) && ((! (p0b0wait)) -> (u0out0f1dnone1b)))))))) && (G ((u0out0f1dconst3251b) -> (X ((p0b0wait) R ((((p0b0wait) -> (((p0b0start) R ((p0b0start) -> (u0out0f1dconst241b))) && (((u0out0f1dnone1b) U (p0b0start)) || (G (u0out0f1dnone1b))))) && ((! (p0b0wait)) -> (u0out0f1dnone1b))) && ((p0b0wait) <-> (u0finished0p1dbt1b)))))))) && (G ((u0finished0p1dbt1b) -> (X ((u0out0f1dconst3251b) R (u0finished0p1dbf1b))))))","total_time":37,"automaton":{"is_built":true,"build_duration":32,"total_states":33,"state_based_status":"true","prune_automaton_duration":0,"pruned_state_based_status":"true","prune_total_states":33,"total_edges":67},"dependency":{"dependency_approach":"automaton","tested_dependencies":[],"total_duration":-1,"is_completed":true,"skipped_dependencies":true,"total_pair_state":-1},"unate":{"skipped_unate":true},"synthesis":{"model_checking_status":"UNKNOWN","independent_strategy":{"duration":2,"realizability":"REALIZABLE","total_inputs":2,"total_outputs":37,"total_latches":6,"total_gates":198},"dependent_strategy":{"duration":-1,"total_inputs":-1,"total_outputs":-1,"total_latches":-1,"total_gates":-1}}}
