aag 15 3 1 6 11
2
4
6
8 6
10
12
14
18
25
31
10 2 5
12 3 4
14 2 6
16 6 9
18 3 16
20 2 7
22 3 17
24 23 21
26 2 4
28 3 5
30 29 27
i0 p0p0enter2event0bottom
i1 p0p0exit2event0top
i2 p0p0zero0users
o0 u0users0f1dinc0users1b
o1 u0users0f1ddec0users1b
o2 u0steps0f1dmove1b
o3 u0steps0f1dstop1b
o4 u0steps0steps
o5 u0users0users
{"is_completed":true,"output_vars":["u0users0f1dinc0users1b","u0users0f1ddec0users1b","u0users0users","u0steps0f1dstop1b","u0steps0f1dmove1b","u0steps0steps"],"input_vars":["p0p0zero0users","p0p0exit2event0top","p0p0enter2event0bottom"],"formula":"(((((G ((! (((u0steps0f1dmove1b) && (! ((u0steps0f1dstop1b) || (u0steps0steps)))) <-> ((! (((u0steps0f1dstop1b) && (! (u0steps0steps))) <-> ((u0steps0steps) && (! (u0steps0f1dstop1b))))) && (! (u0steps0f1dmove1b))))) && (! (((u0users0f1ddec0users1b) && (! ((u0users0f1dinc0users1b) || (u0users0users)))) <-> ((! (((u0users0f1dinc0users1b) && (! (u0users0users))) <-> ((u0users0users) && (! (u0users0f1dinc0users1b))))) && (! (u0users0f1ddec0users1b))))))) && (G (((p0p0enter2event0bottom) && (! (p0p0exit2event0top))) <-> (u0users0f1dinc0users1b)))) && (G (((p0p0exit2event0top) && (! (p0p0enter2event0bottom))) <-> (u0users0f1ddec0users1b)))) && (G (((p0p0zero0users) && (p0p0enter2event0bottom)) <-> (u0steps0f1dmove1b)))) && (G ((((! (p0p0zero0users)) && (X (p0p0zero0users))) && (X (! (p0p0enter2event0bottom)))) <-> (X (u0steps0f1dstop1b)))))","total_time":4,"automaton":{"is_built":true,"build_duration":2,"total_states":4,"state_based_status":"true","prune_automaton_duration":0,"pruned_state_based_status":"true","prune_total_states":4,"total_edges":10},"dependency":{"dependency_approach":"automaton","tested_dependencies":[],"total_duration":-1,"is_completed":true,"skipped_dependencies":true,"total_pair_state":-1},"unate":{"skipped_unate":true},"synthesis":{"model_checking_status":"UNKNOWN","independent_strategy":{"duration":1,"realizability":"REALIZABLE","total_inputs":3,"total_outputs":6,"total_latches":1,"total_gates":11},"dependent_strategy":{"duration":-1,"total_inputs":-1,"total_outputs":-1,"total_latches":-1,"total_gates":-1}}}
