aag 312 11 0 8 301
2
4
6
8
10
12
14
16
18
20
22
106
120
193
325
499
107
521
625
24 2 4
26 18 24
28 22 26
30 21 28
32 19 24
34 22 32
36 21 34
38 8 36
40 9 30
42 41 39
44 8 32
46 9 26
48 47 45
50 16 49
52 17 43
54 53 51
56 8 34
58 9 28
60 59 57
62 22 24
64 23 26
66 65 63
68 20 67
70 21 24
72 71 69
74 9 73
76 75 45
78 16 77
80 17 61
82 81 79
84 12 83
86 13 55
88 87 85
90 15 55
92 15 83
94 12 92
96 13 90
98 97 95
100 10 99
102 11 89
104 103 101
106 6 105
108 20 34
110 8 108
112 16 110
114 15 112
116 12 114
118 10 116
120 7 118
122 21 32
124 9 122
126 16 124
128 12 126
130 20 26
132 9 130
134 17 132
136 15 134
138 123 131
140 9 139
142 16 140
144 15 142
146 12 144
148 13 136
150 149 147
152 10 151
154 11 128
156 155 153
158 23 24
160 159 35
162 21 161
164 23 32
166 21 164
168 8 166
170 9 162
172 171 169
174 16 173
176 12 174
178 15 174
180 12 178
182 10 180
184 11 176
186 185 183
188 6 187
190 7 157
192 191 189
194 8 33
196 9 25
198 197 195
200 20 164
202 200 9
204 16 203
206 17 199
208 207 205
210 22 27
212 23 33
214 213 211
216 20 215
218 21 29
220 219 217
222 220 9
224 16 223
226 207 225
228 14 227
230 15 209
232 231 229
234 9 201
236 235 195
238 16 236
240 16 222
242 14 241
244 15 239
246 245 243
248 12 247
250 13 233
252 251 249
254 20 33
256 21 25
258 257 255
260 9 259
262 261 195
264 17 263
266 265 205
268 266 15
270 8 109
272 235 271
274 16 272
276 274 15
278 12 277
280 13 269
282 281 279
284 10 283
286 11 253
288 287 285
290 20 25
292 21 160
294 293 291
296 21 165
298 297 255
300 8 299
302 9 295
304 303 301
306 304 17
308 306 13
310 306 15
312 310 13
314 10 313
316 11 309
318 317 315
320 6 319
322 7 289
324 323 321
326 20 29
328 21 159
330 329 327
332 8 167
334 9 331
336 335 333
338 20 63
340 293 339
342 9 341
344 343 333
346 16 345
348 17 337
350 349 347
352 158 21
354 9 353
356 355 333
358 20 35
360 293 359
362 9 361
364 363 195
366 16 365
368 17 357
370 369 367
372 14 371
374 15 351
376 375 373
378 8 165
380 303 379
382 17 381
384 383 347
386 9 160
388 387 379
390 17 389
392 391 367
394 14 393
396 15 385
398 397 395
400 12 399
402 13 377
404 403 401
406 20 27
408 329 407
410 9 409
412 411 333
414 363 333
416 16 415
418 17 413
420 419 417
422 420 15
424 20 66
426 293 425
428 9 427
430 429 333
432 16 431
434 391 433
436 434 15
438 12 437
440 13 423
442 441 439
444 10 443
446 11 405
448 447 445
450 166 9
452 16 451
454 369 453
456 9 159
458 457 379
460 297 359
462 8 461
464 343 463
466 16 465
468 17 459
470 469 467
472 12 471
474 13 455
476 475 473
478 454 15
480 470 15
482 12 481
484 13 479
486 485 483
488 10 487
490 11 477
492 491 489
494 6 493
496 7 449
498 497 495
500 16 202
502 15 500
504 12 502
506 13 268
508 507 505
510 10 509
512 11 252
514 513 511
516 6 318
518 7 515
520 519 517
522 20 62
524 21 64
526 525 523
528 9 527
530 529 169
532 16 531
534 17 380
536 535 533
538 525 109
540 9 539
542 541 45
544 16 543
546 17 388
548 547 545
550 14 549
552 15 537
554 553 551
556 12 555
558 13 376
560 559 557
562 16 414
564 17 356
566 565 563
568 15 567
570 541 169
572 16 571
574 547 573
576 15 575
578 12 576
580 13 568
582 581 579
584 10 583
586 11 561
588 587 585
590 9 522
592 591 111
594 16 593
596 17 458
598 597 595
600 12 599
602 13 454
604 603 601
606 15 599
608 12 606
610 13 478
612 611 609
614 10 613
616 11 605
618 617 615
620 6 619
622 7 589
624 623 621
i0 p0p0in2range0first2counter
i1 p0p0in2range0second2counter
i2 p0p0button2pressed0switch
i3 p0p0first0selected
i4 p0p0button2pressed0up
i5 p0p0in2range0f1dincrement0first2counter1b
i6 p0p0button2pressed0down
i7 p0p0in2range0f1ddecrement0first2counter1b
i8 p0p0second0selected
i9 p0p0in2range0f1dincrement0second2counter1b
i10 p0p0in2range0f1ddecrement0second2counter1b
o0 u0selected0f1dtoggle0selected1b
o1 u0first2counter0f1dincrement0first2counter1b
o2 u0second2counter0f1dincrement0second2counter1b
o3 u0first2counter0f1ddecrement0first2counter1b
o4 u0second2counter0f1ddecrement0second2counter1b
o5 u0selected0selected
o6 u0first2counter0first2counter
o7 u0second2counter0second2counter
{"is_completed":true,"output_vars":["u0selected0f1dtoggle0selected1b","u0selected0selected","u0second2counter0f1dincrement0second2counter1b","u0second2counter0f1ddecrement0second2counter1b","u0second2counter0second2counter","u0first2counter0f1dincrement0first2counter1b","u0first2counter0f1ddecrement0first2counter1b","u0first2counter0first2counter"],"input_vars":["p0p0second0selected","p0p0in2range0f1dincrement0second2counter1b","p0p0in2range0f1dincrement0first2counter1b","p0p0in2range0f1ddecrement0second2counter1b","p0p0in2range0f1ddecrement0first2counter1b","p0p0in2range0second2counter","p0p0in2range0first2counter","p0p0first0selected","p0p0button2pressed0up","p0p0button2pressed0switch","p0p0button2pressed0down"],"formula":"((G (((! (((u0first2counter0f1ddecrement0first2counter1b) && (! ((u0first2counter0f1dincrement0first2counter1b) || (u0first2counter0first2counter)))) <-> ((! (((u0first2counter0f1dincrement0first2counter1b) && (! (u0first2counter0first2counter))) <-> ((u0first2counter0first2counter) && (! (u0first2counter0f1dincrement0first2counter1b))))) && (! (u0first2counter0f1ddecrement0first2counter1b))))) && (! (((u0second2counter0f1ddecrement0second2counter1b) && (! ((u0second2counter0f1dincrement0second2counter1b) || (u0second2counter0second2counter)))) <-> ((! (((u0second2counter0f1dincrement0second2counter1b) && (! (u0second2counter0second2counter))) <-> ((u0second2counter0second2counter) && (! (u0second2counter0f1dincrement0second2counter1b))))) && (! (u0second2counter0f1ddecrement0second2counter1b)))))) && (! (((u0selected0selected) && (! (u0selected0f1dtoggle0selected1b))) <-> ((u0selected0f1dtoggle0selected1b) && (! (u0selected0selected))))))) && (((((((((((((p0p0in2range0first2counter) && (p0p0in2range0second2counter)) && (G (! ((p0p0first0selected) && (p0p0second0selected))))) && (G (! ((p0p0button2pressed0up) && (p0p0button2pressed0down))))) && (G (((p0p0first0selected) && (u0selected0selected)) <-> (X (p0p0first0selected))))) && (G (((p0p0second0selected) && (u0selected0selected)) <-> (X (p0p0second0selected))))) && (G (((p0p0in2range0first2counter) && (u0first2counter0first2counter)) <-> (X (p0p0in2range0first2counter))))) && (G (((p0p0in2range0second2counter) && (u0second2counter0second2counter)) <-> (X (p0p0in2range0second2counter))))) && (G (((p0p0in2range0f1dincrement0first2counter1b) && (u0first2counter0f1dincrement0first2counter1b)) <-> (X (p0p0in2range0first2counter))))) && (G (((p0p0in2range0f1ddecrement0first2counter1b) && (u0first2counter0f1ddecrement0first2counter1b)) <-> (X (p0p0in2range0first2counter))))) && (G (((p0p0in2range0f1dincrement0second2counter1b) && (u0second2counter0f1dincrement0second2counter1b)) <-> (X (p0p0in2range0second2counter))))) && (G (((p0p0in2range0f1ddecrement0second2counter1b) && (u0second2counter0f1ddecrement0second2counter1b)) <-> (X (p0p0in2range0second2counter))))) -> (((((((G ((p0p0first0selected) -> ((((((p0p0button2pressed0up) && (p0p0in2range0f1dincrement0first2counter1b)) <-> (u0first2counter0f1dincrement0first2counter1b)) && (((p0p0button2pressed0down) && (p0p0in2range0f1ddecrement0first2counter1b)) <-> (u0first2counter0f1ddecrement0first2counter1b))) U (p0p0button2pressed0switch)) || (G ((((p0p0button2pressed0up) && (p0p0in2range0f1dincrement0first2counter1b)) <-> (u0first2counter0f1dincrement0first2counter1b)) && (((p0p0button2pressed0down) && (p0p0in2range0f1ddecrement0first2counter1b)) <-> (u0first2counter0f1ddecrement0first2counter1b))))))) && (G ((p0p0second0selected) -> ((((((p0p0button2pressed0up) && (p0p0in2range0f1dincrement0second2counter1b)) <-> (u0second2counter0f1dincrement0second2counter1b)) && (((p0p0button2pressed0down) && (p0p0in2range0f1ddecrement0second2counter1b)) <-> (u0second2counter0f1ddecrement0second2counter1b))) U (p0p0button2pressed0switch)) || (G ((((p0p0button2pressed0up) && (p0p0in2range0f1dincrement0second2counter1b)) <-> (u0second2counter0f1dincrement0second2counter1b)) && (((p0p0button2pressed0down) && (p0p0in2range0f1ddecrement0second2counter1b)) <-> (u0second2counter0f1ddecrement0second2counter1b)))))))) && (G ((p0p0button2pressed0switch) <-> (u0selected0f1dtoggle0selected1b)))) && (G (p0p0in2range0first2counter))) && (G (p0p0in2range0second2counter))) && (G (! ((u0first2counter0f1dincrement0first2counter1b) && (u0second2counter0f1dincrement0second2counter1b))))) && (G (! ((u0first2counter0f1ddecrement0first2counter1b) && (u0second2counter0f1ddecrement0second2counter1b)))))))","total_time":814,"automaton":{"is_built":true,"build_duration":412,"total_states":15,"state_based_status":"true","prune_automaton_duration":0,"pruned_state_based_status":"true","prune_total_states":15,"total_edges":44},"dependency":{"dependency_approach":"automaton","tested_dependencies":[],"total_duration":-1,"is_completed":true,"skipped_dependencies":true,"total_pair_state":-1},"unate":{"skipped_unate":true},"synthesis":{"model_checking_status":"UNKNOWN","independent_strategy":{"duration":401,"realizability":"REALIZABLE","total_inputs":11,"total_outputs":8,"total_latches":0,"total_gates":301},"dependent_strategy":{"duration":-1,"total_inputs":-1,"total_outputs":-1,"total_latches":-1,"total_gates":-1}}}
