UNREALIZABLE
aag 216 9 5 9 202
2
4
6
8
10
12
14
16
18
20 263
22 381
24 411
26 418
28 433
36
41
44
41
41
50
55
0
67
30 23 25
32 28 31
34 26 33
36 28 34
38 24 28
40 26 38
42 27 29
44 41 43
46 20 30
48 27 47
50 29 48
52 33 43
54 49 53
56 20 22
58 21 23
60 57 59
62 24 42
64 61 62
66 37 65
68 2 5
70 3 4
72 69 71
74 7 73
76 7 41
78 75 77
80 14 19
82 9 10
84 13 82
86 8 11
88 13 86
90 9 11
92 12 90
94 89 93
96 85 94
98 17 97
100 80 98
102 15 18
104 98 102
106 21 104
108 101 107
110 101 105
112 23 111
114 28 112
116 26 39
118 108 116
120 115 118
122 27 108
124 43 123
126 24 29
128 68 126
130 100 128
132 20 23
134 25 133
136 109 134
138 22 100
140 17 95
142 80 140
144 102 140
146 16 19
148 15 146
150 97 148
152 145 151
154 143 152
156 105 154
158 112 157
160 21 139
162 159 160
164 23 100
166 17 88
168 80 166
170 20 169
172 105 170
174 165 172
176 24 175
178 163 176
180 137 179
182 29 181
184 125 131
186 183 184
188 73 121
190 187 188
192 79 191
194 3 5
196 40 195
198 110 152
200 84 199
202 101 201
204 19 202
206 155 205
208 21 206
210 56 157
212 203 210
214 209 213
216 25 215
218 58 207
220 85 93
222 199 221
224 101 222
226 21 22
228 169 226
230 225 228
232 219 231
234 18 166
236 146 221
238 235 237
240 15 239
242 170 241
244 24 243
246 232 244
248 217 247
250 29 249
252 125 251
254 121 194
256 253 254
258 6 197
260 257 258
262 193 261
264 11 23
266 222 265
268 28 266
270 152 233
272 8 155
274 20 241
276 273 274
278 271 277
280 24 279
282 154 165
284 85 164
286 21 283
288 285 286
290 211 289
292 29 291
294 127 293
296 281 295
298 269 297
300 27 299
302 21 264
304 222 303
306 29 266
308 58 272
310 85 133
312 199 311
314 309 313
316 25 28
318 315 316
320 26 307
322 319 320
324 26 304
326 323 324
328 301 327
330 6 194
332 329 330
334 24 304
336 134 200
338 134 164
340 337 339
342 335 340
344 29 343
346 44 199
348 345 347
350 27 349
352 127 267
354 350 353
356 327 355
358 68 357
360 61 225
362 334 361
364 337 363
366 29 365
368 27 269
370 367 368
372 70 323
374 371 372
376 359 375
378 7 377
380 333 379
382 34 199
384 351 383
386 330 385
388 36 199
390 68 388
392 297 345
394 27 68
396 393 394
398 36 272
400 70 346
402 399 400
404 391 403
406 397 404
408 7 407
410 387 409
412 347 392
414 5 388
416 74 415
418 413 416
420 330 346
422 64 100
424 399 423
426 70 425
428 391 427
430 7 429
432 421 431
i0 u0counter0f1dinc0counter1b
i1 u0counter0f1ddec0counter1b
i2 u0counter0counter
i3 u0button2up0f1denable1b
i4 u0button2up0f1ddisable1b
i5 u0button2up0button2up
i6 u0button2down0f1denable1b
i7 u0button2down0f1ddisable1b
i8 u0button2down0button2down
l0 l0
l1 l1
l2 l2
l3 l3
l4 l4
o0 p0p0in2range0f1dinc0f1dinc0counter1b1b
o1 p0p0in2range0f1dinc0f1ddec0counter1b1b
o2 p0p0in2range0f1dinc0counter1b
o3 p0p0in2range0f1ddec0f1dinc0counter1b1b
o4 p0p0in2range0f1ddec0f1ddec0counter1b1b
o5 p0p0in2range0f1ddec0counter1b
o6 p0p0in2range0counter
o7 p0p0button2pressed0up
o8 p0p0button2pressed0down
