REALIZABLE
aag 1490 4 7 11 1479
2
4
6
8
10 1312
12 1714
14 2134
16 2414
18 2605
20 2843
22 2980
171
443
510
566
576
810
573
0
573
0
0
24 6 9
26 10 14
28 13 26
30 21 22
32 18 30
34 5 16
36 32 34
38 28 36
40 18 20
42 13 14
44 10 17
46 42 44
48 4 20
50 46 48
52 41 51
54 12 15
56 11 54
58 4 17
60 56 58
62 11 16
64 42 62
66 18 65
68 61 66
70 23 53
72 69 70
74 39 73
76 24 75
78 20 23
80 10 15
82 16 80
84 12 82
86 17 42
88 85 87
90 4 19
92 89 90
94 13 15
96 12 14
98 16 27
100 97 98
102 95 100
104 61 103
106 18 105
108 93 107
110 78 109
112 16 97
114 11 15
116 95 115
118 112 116
120 5 119
122 11 86
124 4 123
126 32 121
128 125 126
130 5 47
132 21 23
134 18 132
136 131 134
138 44 96
140 136 138
142 9 141
144 129 142
146 111 144
148 19 122
150 85 149
152 5 19
154 78 153
156 151 154
158 11 42
160 36 158
162 8 161
164 157 162
166 7 165
168 147 166
170 77 169
172 13 114
174 3 15
176 173 175
178 62 177
180 11 12
182 17 180
184 4 183
186 4 97
188 185 187
190 19 189
192 179 190
194 13 16
196 63 195
198 15 197
200 12 62
202 4 201
204 198 203
206 18 205
208 27 97
210 17 209
212 114 194
214 211 213
216 152 214
218 30 207
220 217 218
222 193 220
224 11 13
226 15 17
228 224 226
230 19 228
232 132 230
234 3 13
236 43 235
238 44 237
240 11 14
242 234 240
244 4 243
246 59 245
248 239 247
250 136 249
252 18 78
254 122 252
256 233 255
258 251 256
260 223 258
262 24 261
264 26 194
266 19 264
268 20 267
270 5 123
272 16 209
274 270 273
276 12 26
278 16 276
280 124 279
282 18 275
284 281 282
286 268 285
288 4 18
290 3 116
292 112 290
294 265 293
296 3 17
298 13 296
300 87 299
302 294 300
304 288 303
306 21 231
308 5 101
310 18 42
312 308 310
314 306 313
316 305 314
318 23 287
320 317 318
322 10 13
324 181 323
326 17 325
328 139 327
330 199 328
332 5 331
334 3 180
336 57 277
338 335 336
340 189 279
342 339 340
344 18 333
346 343 344
348 11 96
350 173 349
352 16 350
354 152 352
356 15 325
358 17 357
360 27 358
362 2 173
364 16 363
366 117 364
368 90 361
370 367 368
372 355 371
374 30 347
376 372 374
378 9 321
380 377 378
382 11 237
384 17 382
386 247 385
388 18 271
390 387 388
392 306 391
394 34 348
396 18 394
398 268 397
400 23 399
402 393 400
404 5 17
406 209 404
408 139 407
410 32 409
412 11 17
414 97 412
416 5 415
418 19 30
420 417 418
422 82 234
424 58 224
426 4 425
428 423 426
430 420 429
432 8 411
434 431 432
436 403 434
438 7 437
440 381 438
442 263 441
444 29 115
446 349 444
448 16 446
450 19 449
452 116 208
454 17 452
456 62 96
458 18 457
460 455 458
462 30 461
464 451 462
466 81 95
468 323 467
470 29 469
472 17 471
474 213 265
476 473 474
478 20 476
480 19 279
482 19 21
484 41 483
486 63 265
488 327 486
490 21 488
492 484 491
494 481 493
496 479 495
498 80 194
500 139 499
502 40 500
504 23 503
506 497 504
508 465 507
510 24 509
512 7 8
514 17 181
516 323 514
518 27 516
520 458 519
522 14 325
524 55 523
526 112 525
528 19 527
530 30 521
532 529 530
534 45 81
536 18 534
538 132 537
540 481 538
542 159 500
544 17 542
546 15 194
548 545 547
550 18 549
552 57 544
554 19 212
556 553 555
558 551 556
560 78 559
562 533 541
564 561 562
566 512 565
568 30 279
570 419 569
572 22 570
574 6 8
576 573 574
578 18 542
580 115 325
582 58 581
584 466 582
586 578 585
588 52 479
590 587 589
592 43 241
594 81 592
596 330 594
598 19 597
600 21 599
602 5 18
604 18 299
606 243 604
608 603 607
610 47 489
612 609 610
614 600 613
616 23 591
618 615 616
620 17 453
622 18 621
624 83 195
626 10 12
628 5 241
630 627 628
632 625 631
634 622 633
636 5 449
638 214 636
640 57 523
642 16 175
644 641 642
646 227 515
648 19 646
650 645 648
652 153 651
654 639 653
656 30 635
658 655 656
660 6 659
662 619 660
664 18 103
666 274 664
668 95 523
670 45 668
672 288 671
674 19 265
676 93 674
678 667 673
680 677 678
682 78 681
684 16 338
686 4 685
688 553 686
690 5 520
692 18 691
694 689 692
696 372 695
698 30 697
700 7 9
702 2 80
704 17 703
706 2 11
708 43 706
710 704 709
712 3 27
714 12 712
716 710 715
718 294 717
720 288 719
722 23 314
724 721 722
726 700 725
728 683 726
730 699 728
732 17 336
734 470 733
736 90 734
738 83 547
740 18 738
742 395 740
744 545 742
746 474 553
748 152 746
750 20 737
752 745 750
754 749 752
756 87 534
758 609 756
760 600 759
762 23 755
764 761 762
766 459 603
768 241 359
770 5 769
772 516 603
774 767 773
776 771 774
778 568 776
780 415 528
782 91 781
784 4 16
786 97 225
788 2 94
790 784 786
792 789 790
794 30 425
796 793 794
798 783 796
800 779 799
802 765 800
804 7 803
806 8 805
808 663 731
810 807 808
812 198 225
814 3 456
816 813 815
818 2 209
820 13 358
822 819 820
824 816 823
826 234 359
828 90 827
830 825 828
832 10 112
834 3 14
836 81 835
838 16 837
840 833 838
842 152 423
844 841 842
846 627 834
848 225 846
850 17 848
852 844 851
854 81 234
856 215 854
858 628 856
860 174 224
862 112 861
864 621 863
866 4 865
868 18 859
870 867 868
872 831 853
874 871 872
876 22 875
878 3 173
880 707 879
882 404 881
884 5 832
886 19 885
888 883 886
890 3 16
892 99 891
894 11 834
896 81 895
898 893 896
900 183 602
902 709 900
904 899 902
906 4 323
908 895 906
910 59 909
912 472 707
914 18 911
916 913 914
918 889 905
920 917 918
922 2 17
924 241 922
926 63 547
928 925 926
930 90 929
932 132 931
934 921 932
936 276 922
938 5 937
940 17 242
942 938 941
944 26 890
946 942 945
948 28 890
950 413 923
952 594 951
954 18 949
956 953 954
958 603 957
960 947 959
962 56 296
964 65 963
966 816 964
968 4 967
970 2 627
972 55 81
974 159 972
976 970 975
978 847 977
980 16 979
982 16 975
984 981 983
986 5 963
988 984 986
990 13 472
992 19 991
994 153 993
996 969 989
998 995 996
1000 961 999
1002 23 1001
1004 20 1003
1006 877 935
1008 1005 1006
1010 512 1009
1012 2 277
1014 324 1012
1016 855 1015
1018 17 1016
1020 5 863
1022 1019 1020
1024 241 854
1026 17 1024
1028 226 626
1030 1027 1029
1032 16 860
1034 457 1033
1036 4 1034
1038 1030 1036
1040 18 1039
1042 1023 1040
1044 173 890
1046 152 1045
1048 353 1046
1050 199 891
1052 361 1050
1054 1030 1052
1056 90 1055
1058 1043 1049
1060 1057 1058
1062 30 1061
1064 14 970
1066 184 1065
1068 103 1066
1070 209 970
1072 895 1071
1074 17 1073
1076 5 1075
1078 18 1069
1080 1077 1078
1082 15 296
1084 27 985
1086 112 173
1088 2 1086
1090 1083 1089
1092 1085 1090
1094 152 1092
1096 90 813
1098 17 177
1100 981 1099
1102 1096 1100
1104 78 1081
1106 1103 1104
1108 1095 1106
1110 172 922
1112 19 1111
1114 91 1113
1116 116 227
1118 4 1083
1120 1117 1118
1122 1115 1121
1124 5 949
1126 4 139
1128 1125 1127
1130 276 890
1132 5 1131
1134 278 1132
1136 2 264
1138 4 1136
1140 18 1139
1142 1129 1135
1144 1140 1142
1146 1123 1145
1148 132 1147
1150 700 1149
1152 1063 1150
1154 1109 1152
1156 2 232
1158 574 1157
1160 3 272
1162 5 1161
1164 15 235
1166 1087 1164
1168 1162 1167
1170 299 1168
1172 3 523
1174 364 1173
1176 323 466
1178 2 42
1180 17 1179
1182 1177 1180
1184 1175 1183
1186 4 1185
1188 18 1171
1190 1187 1188
1192 518 703
1194 83 1193
1196 4 1195
1198 324 1082
1200 1124 1199
1202 19 1201
1204 1197 1202
1206 78 1205
1208 1191 1206
1210 3 445
1212 707 1211
1214 16 1213
1216 236 326
1218 5 1217
1220 1215 1218
1222 87 455
1224 239 911
1226 1222 1224
1228 1221 1227
1230 18 1229
1232 12 98
1234 5 1233
1236 2 325
1238 17 861
1240 1237 1238
1242 1234 1241
1244 542 922
1246 4 195
1248 199 1246
1250 1245 1248
1252 1243 1251
1254 19 1253
1256 1231 1255
1258 132 1257
1260 175 335
1262 55 1261
1264 115 1262
1266 15 1236
1268 1265 1267
1270 784 1269
1272 641 890
1274 17 860
1276 5 1275
1278 1273 1276
1280 19 1279
1282 1271 1280
1284 5 279
1286 857 1284
1288 861 1286
1290 4 819
1292 1223 1290
1294 767 1293
1296 1289 1294
1298 30 1283
1300 1297 1298
1302 24 1209
1304 1301 1302
1306 1259 1304
1308 1155 1159
1310 1307 1308
1312 1011 1310
1314 291 487
1316 713 1179
1318 326 1316
1320 288 1315
1322 1319 1320
1324 325 922
1326 602 1325
1328 1215 1326
1330 41 1323
1332 1329 1330
1334 99 195
1336 115 1335
1338 891 1337
1340 55 1339
1342 647 1065
1344 235 467
1346 1342 1345
1348 1341 1347
1350 4 1349
1352 20 1169
1354 1351 1352
1356 1333 1355
1358 13 834
1360 475 1359
1362 468 922
1364 4 1361
1366 1363 1364
1368 1125 1367
1370 20 1369
1372 516 879
1374 1234 1373
1376 17 291
1378 1267 1376
1380 119 202
1382 1379 1380
1384 1375 1383
1386 21 1385
1388 1371 1387
1390 19 1389
1392 23 1357
1394 1391 1392
1396 97 706
1398 704 1397
1400 277 878
1402 1398 1401
1404 5 213
1406 1273 1404
1408 1403 1406
1410 96 706
1412 358 1411
1414 1211 1412
1416 526 970
1418 4 1415
1420 1417 1418
1422 418 1409
1424 1421 1422
1426 112 325
1428 174 181
1430 704 1429
1432 592 1430
1434 16 788
1436 4 1427
1438 1435 1436
1440 1433 1438
1442 5 1027
1444 32 1443
1446 1441 1444
1448 9 1447
1450 1425 1448
1452 1395 1450
1454 950 1334
1456 622 1454
1458 5 1457
1460 571 1459
1462 17 363
1464 1132 1463
1466 1275 1465
1468 482 1467
1470 241 298
1472 18 1471
1474 356 890
1476 815 1083
1478 1475 1476
1480 19 1478
1482 1473 1481
1484 78 1483
1486 5 1484
1488 17 714
1490 132 1131
1492 1489 1490
1494 602 1492
1496 23 1495
1498 1469 1496
1500 1487 1498
1502 8 1461
1504 1501 1502
1506 1453 1505
1508 6 1507
1510 457 938
1512 959 1511
1514 97 362
1516 116 712
1518 1515 1517
1520 16 1519
1522 986 1521
1524 977 1359
1526 784 1525
1528 1523 1527
1530 995 1528
1532 1513 1531
1534 20 1533
1536 45 297
1538 525 1537
1540 225 834
1542 906 1541
1544 59 1543
1546 1539 1545
1548 594 890
1550 270 707
1552 1549 1550
1554 18 1547
1556 1553 1554
1558 466 712
1560 17 925
1562 183 1561
1564 1559 1563
1566 833 1565
1568 5 1567
1570 225 226
1572 1536 1571
1574 926 1572
1576 4 1575
1578 1569 1577
1580 19 1579
1582 1557 1581
1584 21 1583
1586 1535 1585
1588 23 1587
1590 4 825
1592 420 1591
1594 235 406
1596 867 1595
1598 32 1597
1600 512 1599
1602 1593 1600
1604 1589 1602
1606 153 1097
1608 1045 1097
1610 1607 1609
1612 113 906
1614 705 1612
1616 3 357
1618 62 1616
1620 120 1619
1622 296 471
1624 1620 1623
1626 18 1615
1628 1625 1626
1630 1611 1629
1632 30 1631
1634 5 229
1636 199 279
1638 1572 1636
1640 1290 1639
1642 1083 1640
1644 482 1635
1646 1643 1644
1648 5 1083
1650 984 1648
1652 4 861
1654 1101 1652
1656 1651 1655
1658 19 20
1660 1657 1658
1662 4 1065
1664 514 1263
1666 547 1665
1668 1662 1667
1670 308 1343
1672 1669 1671
1674 20 1673
1676 4 1131
1678 3 94
1680 711 1137
1682 1679 1681
1684 1676 1683
1686 16 836
1688 87 1687
1690 5 63
1692 1689 1690
1694 1685 1693
1696 21 1695
1698 1675 1697
1700 18 1699
1702 23 1647
1704 1661 1702
1706 1701 1704
1708 700 1633
1710 1707 1708
1712 1605 1711
1714 1509 1712
1716 19 1137
1718 738 1716
1720 1222 1718
1722 154 1721
1724 5 1361
1726 473 1724
1728 78 1648
1730 1727 1728
1732 1723 1731
1734 647 1071
1736 103 890
1738 5 1737
1740 547 1738
1742 1735 1740
1744 516 895
1746 197 818
1748 1676 1747
1750 95 1745
1752 1748 1750
1754 18 1753
1756 1743 1754
1758 1733 1757
1760 5 195
1762 1325 1760
1764 470 514
1766 457 738
1768 1765 1766
1770 4 1769
1772 19 1763
1774 585 1772
1776 1771 1774
1778 130 1137
1780 514 1518
1782 16 707
1784 116 1782
1786 849 1784
1788 4 1787
1790 1781 1788
1792 18 1779
1794 1791 1792
1796 1777 1795
1798 132 1797
1800 4 1414
1802 322 835
1804 335 1803
1806 784 1805
1808 1045 1276
1810 449 1808
1812 1807 1811
1814 1801 1812
1816 19 1815
1818 581 789
1820 784 1819
1822 620 1025
1824 120 1823
1826 647 1803
1828 1263 1826
1830 4 1829
1832 1825 1831
1834 1821 1833
1836 18 1835
1838 1817 1837
1840 30 1839
1842 24 1759
1844 1799 1842
1846 1841 1844
1848 293 604
1850 603 1849
1852 301 835
1854 116 890
1856 323 1854
1858 5 1137
1860 1853 1858
1862 1857 1860
1864 1851 1863
1866 58 860
1868 19 1635
1870 1867 1868
1872 1121 1870
1874 132 1873
1876 1865 1874
1878 90 821
1880 1092 1878
1882 815 1648
1884 1716 1882
1886 1075 1748
1888 45 1181
1890 10 834
1892 1889 1891
1894 1162 1435
1896 1893 1894
1898 18 1887
1900 1897 1898
1902 1885 1901
1904 1881 1902
1906 78 1905
1908 17 1264
1910 625 855
1912 669 922
1914 277 1854
1916 1911 1915
1918 1913 1916
1920 1909 1918
1922 4 1921
1924 17 1017
1926 1034 1925
1928 5 1927
1930 1923 1929
1932 18 1931
1934 4 1051
1936 58 861
1938 1803 1936
1940 338 1938
1942 1935 1941
1944 1475 1943
1946 19 1945
1948 1933 1947
1950 447 1616
1952 17 1950
1954 1048 1953
1956 30 1955
1958 1949 1956
1960 700 1877
1962 1907 1960
1964 1959 1962
1966 335 847
1968 1397 1966
1970 17 1969
1972 1045 1971
1974 528 1972
1976 91 1975
1978 1867 1977
1980 328 1020
1982 276 784
1984 18 1983
1986 1981 1984
1988 1979 1987
1990 30 1989
1992 101 553
1994 5 1993
1996 784 971
1998 973 1996
2000 14 424
2002 19 2001
2004 1999 2002
2006 1995 2004
2008 85 288
2010 1411 1891
2012 547 602
2014 2010 2012
2016 1888 2014
2018 2009 2017
2020 2007 2018
2022 78 2021
2024 45 1690
2026 3 4
2028 17 2026
2030 897 2028
2032 132 2025
2034 2031 2032
2036 135 2035
2038 3 1334
2040 1565 2038
2042 4 2041
2044 17 243
2046 99 2045
2048 1124 2046
2050 18 2049
2052 2043 2050
2054 2037 2053
2056 512 2055
2058 1991 2056
2060 2023 2058
2062 90 1479
2064 404 834
2066 324 2064
2068 55 514
2070 2026 2068
2072 2067 2071
2074 1737 2072
2076 18 2075
2078 2 20
2080 269 2079
2082 2063 2081
2084 2077 2082
2086 19 2038
2088 1277 2086
2090 5 1915
2092 299 2090
2094 277 296
2096 4 1855
2098 2095 2096
2100 18 2099
2102 2093 2100
2104 21 2089
2106 2103 2104
2108 23 2085
2110 2107 2108
2112 351 890
2114 1443 1622
2116 2113 2115
2118 32 2117
2120 1045 1953
2122 418 2121
2124 574 2119
2126 2123 2124
2128 2111 2126
2130 1847 2129
2132 2061 2130
2134 1965 2132
2136 117 202
2138 1083 2136
2140 1115 2139
2142 1223 1541
2144 4 815
2146 499 2144
2148 2143 2146
2150 1125 2149
2152 18 2151
2154 132 2141
2156 2153 2154
2158 784 1177
2160 19 519
2162 1125 2159
2164 2160 2162
2166 288 336
2168 1340 2166
2170 584 847
2172 159 1161
2174 5 2173
2176 2171 2175
2178 18 2177
2180 2165 2169
2182 2179 2180
2184 78 2183
2186 1413 1427
2188 4 2187
2190 1280 2189
2192 17 580
2194 103 2193
2196 288 2195
2198 17 1025
2200 18 630
2202 2199 2200
2204 2197 2203
2206 2191 2204
2208 30 2207
2210 24 2157
2212 2185 2209
2214 2210 2212
2216 1337 1431
2218 4 2217
2220 888 2219
2222 756 815
2224 288 2223
2226 709 1559
2228 17 2227
2230 602 2229
2232 899 2230
2234 132 2225
2236 2221 2234
2238 2233 2236
2240 986 1085
2242 19 1361
2244 553 2242
2246 153 2245
2248 2241 2247
2250 297 545
2252 159 2251
2254 547 2253
2256 4 2255
2258 85 1161
2260 942 2258
2262 1140 2261
2264 2257 2262
2266 2249 2265
2268 78 2267
2270 844 1953
2272 29 514
2274 11 186
2276 789 2274
2278 59 2277
2280 2273 2279
2282 34 382
2284 18 2283
2286 2281 2284
2288 849 2068
2290 1747 2289
2292 527 2290
2294 90 2293
2296 30 2271
2298 2287 2295
2300 2296 2298
2302 512 2239
2304 2301 2302
2306 2269 2304
2308 30 1457
2310 1492 2087
2312 574 2311
2314 2309 2312
2316 1485 2314
2318 455 1036
2320 1621 2319
2322 1027 2321
2324 714 1036
2326 2323 2325
2328 18 2327
2330 1607 2120
2332 30 2331
2334 2329 2332
2336 17 668
2338 923 2337
2340 1662 2339
2342 3 1539
2344 664 2343
2346 289 2345
2348 101 891
2350 4 2349
2352 2341 2351
2354 2347 2352
2356 3 1426
2358 78 2356
2360 155 2359
2362 642 975
2364 4 87
2366 293 2364
2368 1112 2363
2370 2366 2368
2372 2361 2371
2374 2355 2372
2376 5 1274
2378 19 1465
2380 1641 2377
2382 2378 2380
2384 2090 2095
2386 17 1178
2388 1489 2387
2390 1131 1137
2392 2388 2390
2394 4 2393
2396 18 2385
2398 2395 2396
2400 2383 2399
2402 132 2401
2404 700 2375
2406 2403 2404
2408 2335 2406
2410 2215 2317
2412 2307 2410
2414 2409 2412
2416 3 394
2418 740 2417
2420 2253 2418
2422 1083 2113
2424 746 2422
2426 5 2425
2428 4 949
2430 735 2428
2432 19 2431
2434 2427 2432
2436 78 2421
2438 2435 2436
2440 528 2377
2442 30 777
2444 2441 2442
2446 132 2029
2448 1454 2446
2450 135 2449
2452 536 2144
2454 444 838
2456 45 602
2458 299 2456
2460 2455 2458
2462 2453 2461
2464 2451 2462
2466 2445 2465
2468 2439 2466
2470 8 2469
2472 18 201
2474 2337 2472
2476 1287 2474
2478 17 1951
2480 1404 2113
2482 2479 2480
2484 351 2028
2486 1607 2485
2488 2483 2486
2490 30 2477
2492 2489 2490
2494 18 2365
2496 949 2388
2498 2494 2497
2500 4 1116
2502 2378 2501
2504 132 2499
2506 2503 2504
2508 152 2356
2510 13 712
2512 404 2511
2514 17 523
2516 18 2515
2518 603 2517
2520 522 784
2522 2349 2521
2524 2513 2523
2526 2519 2524
2528 1087 1878
2530 78 2509
2532 2527 2530
2534 2529 2532
2536 2493 2507
2538 2535 2536
2540 9 2539
2542 2471 2541
2544 7 2543
2546 233 576
2548 25 2547
2550 517 2364
2552 353 2550
2554 418 2553
2556 637 2554
2558 19 2136
2560 500 620
2562 195 2561
2564 152 2563
2566 28 2494
2568 132 2559
2570 2567 2568
2572 2565 2570
2574 152 477
2576 309 1761
2578 2521 2576
2580 2516 2579
2582 78 2575
2584 2581 2582
2586 159 197
2588 455 2587
2590 583 2588
2592 32 2591
2594 9 2557
2596 2593 2594
2598 2573 2596
2600 2585 2598
2602 2549 2601
2604 2545 2603
2606 190 547
2608 1951 2606
2610 114 789
2612 631 2611
2614 112 2612
2616 1823 2615
2618 18 2617
2620 2 641
2622 16 2621
2624 974 1398
2626 152 2625
2628 2623 2626
2630 2609 2619
2632 2629 2630
2634 30 2633
2636 26 234
2638 197 2637
2640 184 1571
2642 2001 2639
2644 2640 2642
2646 1218 1315
2648 18 2645
2650 2647 2648
2652 600 2651
2654 412 1178
2656 949 2001
2658 2655 2656
2660 83 2658
2662 4 2661
2664 19 1727
2666 2663 2664
2668 578 1738
2670 1161 2655
2672 288 2670
2674 20 2673
2676 2669 2674
2678 2667 2676
2680 23 2653
2682 2679 2680
2684 2635 2683
2686 24 2685
2688 19 1952
2690 91 2689
2692 1942 2691
2694 1038 2166
2696 22 2695
2698 2693 2696
2700 21 2699
2702 90 229
2704 65 1427
2706 2702 2704
2708 16 789
2710 1013 1173
2712 2708 2711
2714 4 1541
2716 640 2714
2718 785 2717
2720 2713 2719
2722 18 1163
2724 2721 2722
2726 2707 2725
2728 23 2727
2730 2701 2729
2732 17 1013
2734 1260 2732
2736 815 2735
2738 288 2737
2740 1117 2702
2742 310 2064
2744 132 2743
2746 2741 2744
2748 2739 2746
2750 700 2749
2752 2731 2750
2754 225 847
2756 17 2755
2758 841 2757
2760 54 62
2762 2758 2761
2764 4 2763
2766 1977 2765
2768 2560 2637
2770 863 2769
2772 288 2771
2774 787 2708
2776 359 602
2778 2775 2776
2780 2773 2779
2782 2767 2780
2784 30 2783
2786 153 1717
2788 78 2787
2790 991 2788
2792 2427 2790
2794 4 597
2796 1455 1634
2798 19 2797
2800 2795 2798
2802 1687 2230
2804 85 949
2806 1765 2804
2808 288 2807
2810 132 2803
2812 2809 2810
2814 2801 2812
2816 466 2010
2818 2250 2816
2820 5 2819
2822 1180 2274
2824 4 1160
2826 252 2823
2828 2825 2826
2830 2821 2828
2832 2793 2831
2834 2815 2832
2836 2785 2834
2838 512 2837
2840 2687 2753
2842 2839 2840
2844 35 1179
2846 99 134
2848 2845 2846
2850 17 592
2852 1740 2851
2854 16 2711
2856 4 1888
2858 2855 2856
2860 18 2859
2862 2853 2860
2864 5 983
2866 2787 2865
2868 78 2867
2870 2863 2868
2872 713 2732
2874 18 2611
2876 1285 2874
2878 2873 2876
2880 357 784
2882 363 2880
2884 1941 2883
2886 2691 2884
2888 30 2879
2890 2887 2888
2892 700 2849
2894 2871 2892
2896 2891 2894
2898 34 95
2900 2817 2898
2902 941 2825
2904 2901 2902
2906 252 2905
2908 134 2659
2910 78 2027
2912 266 2910
2914 844 1971
2916 1033 2873
2918 4 2917
2920 407 2284
2922 2919 2920
2924 90 2758
2926 30 2915
2928 2925 2926
2930 2923 2928
2932 8 2913
2934 2909 2932
2936 2907 2934
2938 2931 2936
2940 1406 2625
2942 189 213
2944 1951 2942
2946 418 2945
2948 2941 2946
2950 2175 2670
2952 252 2951
2954 44 310
2956 949 2955
2958 23 484
2960 2957 2958
2962 16 2612
2964 32 2199
2966 2963 2964
2968 6 2961
2970 2967 2968
2972 2949 2970
2974 2953 2972
2976 575 2939
2978 2975 2976
2980 2897 2978
i0 p0p0eq0time0f1dzero1b
i1 p0b0btn2start2stop
i2 p0b0btn2sec
i3 p0b0btn2min
l0 l0
l1 l1
l2 l2
l3 l3
l4 l4
l5 l5
l6 l6
o0 u0time0f1dcountup0time0dt1b
o1 u0time0f1dcountdown0time0dt1b
o2 u0time0f1dinc2seconds0time1b
o3 u0time0f1dinc2minutes0time1b
o4 u0time0f1dzero1b
o5 u0time0time
o6 u0dsp0f1ddisplay0time1b
o7 u0dsp0dsp
o8 u0beep0p1dbf1b
o9 u0beep0p1dbt1b
o10 u0beep0beep
