UNREALIZABLE
aag 300 9 5 9 286
2
4
6
8
10
12
14
16
18
20 296
22 463
24 545
26 581
28 601
48
59
61
59
1
62
66
0
68
30 21 22
32 20 23
34 31 33
36 25 27
38 28 36
40 34 38
42 20 28
44 36 43
46 23 44
48 41 47
50 33 49
52 26 28
54 24 52
56 23 54
58 51 57
60 32 44
62 57 61
64 22 54
66 61 65
68 28 59
70 14 19
72 9 10
74 13 72
76 8 11
78 13 76
80 9 11
82 12 80
84 79 83
86 75 84
88 17 87
90 70 88
92 15 18
94 88 92
96 91 95
98 23 97
100 21 94
102 91 101
104 99 102
106 24 103
108 55 107
110 105 109
112 17 85
114 70 112
116 18 112
118 16 19
120 87 118
122 117 121
124 15 123
126 95 125
128 115 126
130 21 128
132 98 131
134 17 78
136 70 134
138 75 83
140 127 139
142 137 141
144 20 143
146 78 127
148 137 147
150 20 149
152 21 70
154 145 153
156 151 154
158 22 88
160 157 158
162 133 161
164 38 163
166 29 33
168 27 167
170 25 169
172 103 170
174 165 173
176 111 174
178 4 7
180 177 178
182 19 75
184 124 183
186 115 185
188 21 187
190 96 125
192 74 191
194 91 193
196 20 129
198 195 196
200 189 199
202 23 200
204 18 134
206 118 139
208 205 207
210 15 209
212 137 211
214 21 213
216 145 215
218 22 216
220 203 219
222 24 26
224 37 223
226 221 224
228 20 213
230 21 143
232 229 231
234 22 233
236 189 229
238 23 237
240 36 239
242 235 240
244 227 243
246 28 245
248 5 6
250 22 201
252 23 37
254 217 252
256 36 188
258 29 257
260 251 258
262 255 260
264 54 104
266 248 265
268 263 266
270 247 268
272 181 271
274 3 273
276 2 5
278 7 276
280 22 103
282 52 281
284 239 282
286 109 285
288 40 90
290 287 289
292 174 290
294 278 293
296 275 295
298 85 124
300 21 298
302 151 301
304 23 303
306 22 149
308 20 90
310 306 309
312 305 311
314 38 313
316 115 299
318 28 307
320 22 191
322 193 321
324 318 323
326 22 317
328 148 327
330 29 328
332 191 330
334 325 333
336 26 334
338 25 317
340 336 338
342 36 166
344 317 342
346 315 345
348 341 346
350 222 329
352 24 27
354 317 352
356 334 354
358 351 357
360 21 23
362 192 360
364 35 138
366 191 365
368 32 366
370 363 369
372 54 371
374 358 373
376 348 374
378 178 377
380 302 307
382 242 380
384 125 202
386 147 216
388 22 386
390 385 389
392 224 391
394 23 191
396 193 395
398 370 397
400 222 399
402 383 401
404 393 402
406 28 405
408 29 327
410 252 387
412 74 90
414 125 413
416 36 360
418 415 416
420 408 419
422 251 420
424 411 422
426 248 425
428 407 426
430 379 429
432 3 431
434 301 408
436 370 394
438 318 437
440 36 435
442 439 440
444 28 327
446 239 444
448 305 446
450 222 331
452 449 450
454 357 443
456 453 454
458 348 456
460 278 459
462 433 461
464 321 370
466 27 464
468 191 438
470 27 194
472 27 396
474 169 473
476 471 474
478 469 477
480 25 337
482 479 480
484 467 482
486 52 399
488 24 335
490 55 489
492 487 491
494 485 493
496 278 495
498 54 465
500 53 359
502 341 443
504 501 502
506 499 504
508 248 507
510 363 408
512 194 360
514 21 149
516 32 148
518 22 309
520 145 518
522 517 521
524 515 523
526 513 525
528 28 527
530 36 511
532 529 530
534 341 358
536 533 534
538 178 537
540 509 539
542 3 541
544 497 543
546 54 394
548 504 547
550 248 549
552 337 474
554 27 28
556 366 554
558 553 557
560 25 559
562 26 396
564 491 563
566 561 565
568 178 567
570 551 569
572 3 571
574 48 278
576 191 574
578 373 576
580 573 579
582 289 547
584 178 583
586 52 321
588 491 587
590 483 589
592 248 591
594 585 593
596 3 595
598 278 372
600 597 599
i0 u0counter0f1dinc0counter1b
i1 u0counter0f1ddec0counter1b
i2 u0counter0counter
i3 u0button2up0f1denable1b
i4 u0button2up0f1ddisable1b
i5 u0button2up0button2up
i6 u0button2down0f1denable1b
i7 u0button2down0f1ddisable1b
i8 u0button2down0button2down
l0 l0
l1 l1
l2 l2
l3 l3
l4 l4
o0 p0p0in2range0f1dinc0f1dinc0counter1b1b
o1 p0p0in2range0f1dinc0f1ddec0counter1b1b
o2 p0p0in2range0f1dinc0counter1b
o3 p0p0in2range0f1ddec0f1dinc0counter1b1b
o4 p0p0in2range0f1ddec0f1ddec0counter1b1b
o5 p0p0in2range0f1ddec0counter1b
o6 p0p0in2range0counter
o7 p0p0button2pressed0up
o8 p0p0button2pressed0down
