REALIZABLE
aag 157 4 4 6 149
2
4
6
8
10 239
12 274
14 286
16 314
129
163
166
187
196
0
18 3 5
20 9 18
22 7 20
24 10 23
26 12 25
28 3 11
30 6 28
32 13 31
34 15 33
36 10 12
38 7 10
40 29 39
42 13 41
44 37 43
46 35 45
48 27 47
50 11 23
52 12 50
54 10 13
56 4 54
58 15 57
60 53 58
62 49 60
64 9 14
66 7 12
68 21 66
70 53 69
72 41 64
74 70 72
76 63 75
78 16 77
80 11 13
82 5 23
84 81 83
86 62 84
88 2 11
90 2 4
92 19 91
94 5 6
96 92 95
98 89 97
100 12 99
102 3 12
104 101 103
106 6 105
108 51 107
110 57 108
112 5 10
114 8 112
116 13 115
118 104 117
120 14 119
122 110 120
124 87 123
126 17 125
128 79 127
130 12 14
132 8 14
134 88 132
136 131 135
138 70 137
140 16 139
142 14 44
144 140 142
146 14 56
148 15 84
150 61 149
152 37 81
154 23 152
156 151 154
158 147 157
160 17 159
162 145 161
164 15 17
166 80 164
168 14 109
170 24 34
172 169 171
174 17 173
176 45 58
178 80 132
180 177 179
182 16 181
184 63 182
186 175 185
188 121 150
190 17 189
192 79 183
194 145 192
196 191 194
198 7 26
200 6 29
202 113 200
204 13 203
206 29 204
208 199 207
210 15 209
212 14 38
214 211 213
216 16 215
218 13 110
220 3 23
222 10 221
224 7 222
226 83 225
228 12 227
230 14 229
232 219 230
234 17 149
236 233 234
238 217 237
240 37 69
242 223 241
244 15 205
246 243 244
248 140 247
250 221 229
252 102 227
254 251 253
256 14 55
258 255 256
260 13 112
262 12 93
264 261 263
266 15 265
268 53 266
270 17 269
272 259 270
274 249 273
276 60 253
278 81 101
280 14 279
282 277 281
284 17 283
286 183 285
288 39 132
290 152 288
292 15 54
294 94 292
296 291 295
298 16 297
300 5 278
302 65 257
304 301 303
306 15 19
308 36 306
310 17 309
312 305 310
314 299 313
i0 p0p0on0mag2finished
i1 p0p0on0init2finished
i2 p0p0on0gyr2finished
i3 p0p0on0acc2finished
l0 l0
l1 l1
l2 l2
l3 l3
o0 u0part2control0f1dno2cmd1b
o1 u0part2control0f1dmag2on1b
o2 u0part2control0f1dinit2on1b
o3 u0part2control0f1dgyr2on1b
o4 u0part2control0f1dacc2on1b
o5 u0part2control0part2control
