REALIZABLE
aag 1496 4 7 8 1485
2
4
6
8
10 1327
12 1724
14 2148
16 2430
18 2621
20 2861
22 2993
169
443
504
562
570
811
567
0
24 6 9
26 10 13
28 14 26
30 21 22
32 18 30
34 5 16
36 32 34
38 28 36
40 20 23
42 4 17
44 28 42
46 19 45
48 11 12
50 15 48
52 42 50
54 13 16
56 11 14
58 54 56
60 18 59
62 53 60
64 40 47
66 63 64
68 39 67
70 24 69
72 12 14
74 16 73
76 10 12
78 15 77
80 74 79
82 5 81
84 13 14
86 11 17
88 84 86
90 4 89
92 32 91
94 83 92
96 14 76
98 17 96
100 4 18
102 21 100
104 98 102
106 13 15
108 10 14
110 74 109
112 107 110
114 53 113
116 18 20
118 115 116
120 10 15
122 16 120
124 12 122
126 17 84
128 125 127
130 19 20
132 4 130
134 129 132
136 105 135
138 119 136
140 23 139
142 9 95
144 141 142
146 5 19
148 40 147
150 19 88
152 125 151
154 148 153
156 13 56
158 36 156
160 8 159
162 155 160
164 7 163
166 145 164
168 71 167
170 11 16
172 11 13
174 15 172
176 3 15
178 175 177
180 170 179
182 4 73
184 12 86
186 15 173
188 17 186
190 4 185
192 189 190
194 183 193
196 19 195
198 181 196
200 16 48
202 4 201
204 16 78
206 203 204
208 18 207
210 14 173
212 17 210
214 106 170
216 213 215
218 146 216
220 30 209
222 219 220
224 199 222
226 21 23
228 86 106
230 19 228
232 226 230
234 18 40
236 88 234
238 10 126
240 5 239
242 3 13
244 17 242
246 127 245
248 10 247
250 4 55
252 3 56
254 4 253
256 251 255
258 249 257
260 18 226
262 241 260
264 259 262
266 233 237
268 265 266
270 225 268
272 24 271
274 14 48
276 175 275
278 16 276
280 146 278
282 4 19
284 2 175
286 16 285
288 78 286
290 78 173
292 17 291
294 109 292
296 282 289
298 295 296
300 281 299
302 3 48
304 51 97
306 303 304
308 16 96
310 30 309
312 307 310
314 195 312
316 19 30
318 27 49
320 17 319
322 99 321
324 205 322
326 5 30
328 325 326
330 315 317
332 329 330
334 300 333
336 16 28
338 3 80
340 337 339
342 246 340
344 100 343
346 21 231
348 5 111
350 18 84
352 348 350
354 346 353
356 345 354
358 19 336
360 20 359
362 5 89
364 16 210
366 362 365
368 90 309
370 18 367
372 369 370
374 360 373
376 23 375
378 357 376
380 335 379
382 9 381
384 5 212
386 99 385
388 32 387
390 73 86
392 5 391
394 316 393
396 13 122
398 3 396
400 42 172
402 4 401
404 399 402
406 394 405
408 85 243
410 11 409
412 17 410
414 257 413
416 18 363
418 415 416
420 346 419
422 34 274
424 18 422
426 360 425
428 23 427
430 421 428
432 389 407
434 431 432
436 8 435
438 383 437
440 7 439
442 273 441
444 11 15
446 29 445
448 275 446
450 16 448
452 19 451
454 79 211
456 17 454
458 16 274
460 18 459
462 457 460
464 30 463
466 453 464
468 171 337
470 321 468
472 18 470
474 19 308
476 21 475
478 473 476
480 99 397
482 116 480
484 215 337
486 15 49
488 27 487
490 292 489
492 484 491
494 130 493
496 23 483
498 479 496
500 495 498
502 467 501
504 24 503
506 7 8
508 157 480
510 17 508
512 16 106
514 511 513
516 18 515
518 51 510
520 19 214
522 519 521
524 517 522
526 40 525
528 10 17
530 121 529
532 18 531
534 475 533
536 226 535
538 12 15
540 29 275
542 539 540
544 74 543
546 19 545
548 17 318
550 109 548
552 460 551
554 30 553
556 547 554
558 537 557
560 527 558
562 506 561
564 311 317
566 22 564
568 6 8
570 567 568
572 17 455
574 18 573
576 55 123
578 5 57
580 77 578
582 577 581
584 574 583
586 5 451
588 216 586
590 16 177
592 29 49
594 590 593
596 15 17
598 17 49
600 597 599
602 19 600
604 595 602
606 147 605
608 589 607
610 30 585
612 609 610
614 97 445
616 324 615
618 19 617
620 21 619
622 5 18
624 3 14
626 172 624
628 18 245
630 627 628
632 623 631
634 239 471
636 633 634
638 620 637
640 46 493
642 18 508
644 319 445
646 42 645
648 487 646
650 642 649
652 20 641
654 651 652
656 23 639
658 655 656
660 613 659
662 24 661
664 16 306
666 4 665
668 519 666
670 5 552
672 18 671
674 669 672
676 300 675
678 30 677
680 2 120
682 17 681
684 2 11
686 85 684
688 682 687
690 3 109
692 12 690
694 688 693
696 340 695
698 100 697
700 354 699
702 146 337
704 18 113
706 366 704
708 107 540
710 529 708
712 100 711
714 29 282
716 128 714
718 703 717
720 707 718
722 713 720
724 20 723
726 701 725
728 23 727
730 9 679
732 729 730
734 75 171
736 445 735
738 304 737
740 716 739
742 16 486
744 18 743
746 423 744
748 511 746
750 484 519
752 146 750
754 20 741
756 749 754
758 753 756
760 127 530
762 633 760
764 620 763
766 23 765
768 759 766
770 57 293
772 5 771
774 460 549
776 623 775
778 773 777
780 310 778
782 391 546
784 283 783
786 2 512
788 4 787
790 74 173
792 788 790
794 30 401
796 793 794
798 785 796
800 8 781
802 799 800
804 769 802
806 7 805
808 733 806
810 663 809
812 2 319
814 15 812
816 303 815
818 16 817
820 2 210
822 13 292
824 821 822
826 819 825
828 4 827
830 10 74
832 121 625
834 16 833
836 831 834
838 5 399
840 837 838
842 3 17
844 541 842
846 840 845
848 316 847
850 829 848
852 242 444
854 74 853
856 573 855
858 4 857
860 121 242
862 57 860
864 5 217
866 862 864
868 859 867
870 32 869
872 2 17
874 96 872
876 5 875
878 3 88
880 876 879
882 3 108
884 16 882
886 880 885
888 87 873
890 615 889
892 3 16
894 28 892
896 18 895
898 891 896
900 623 899
902 887 901
904 14 77
906 3 904
908 157 187
910 907 908
912 16 911
914 17 176
916 48 914
918 5 917
920 913 918
922 13 490
924 59 397
926 917 924
928 819 926
930 923 928
932 4 931
934 19 921
936 933 934
938 20 903
940 937 938
942 57 872
944 171 513
946 943 944
948 282 947
950 4 27
952 253 950
954 43 953
956 490 685
958 18 955
960 957 958
962 5 17
964 3 175
966 685 965
968 962 967
970 5 830
972 19 971
974 969 972
976 16 109
978 893 977
980 121 253
982 979 980
984 185 622
986 687 984
988 983 986
990 975 989
992 961 990
994 21 949
996 993 994
998 23 997
1000 941 998
1002 8 871
1004 851 1002
1006 1001 1004
1008 79 597
1010 4 915
1012 1009 1010
1014 174 872
1016 19 1015
1018 283 1017
1020 1013 1019
1022 5 895
1024 4 99
1026 1023 1025
1028 2 336
1030 4 1028
1032 18 1031
1034 3 308
1036 5 1035
1038 308 1036
1040 1027 1032
1042 1039 1040
1044 1021 1043
1046 226 1045
1048 2 904
1050 4 1049
1052 113 185
1054 1050 1052
1056 77 820
1058 253 1057
1060 17 1059
1062 5 1061
1064 18 1055
1066 1063 1064
1068 229 282
1070 2 77
1072 909 1070
1074 907 1073
1076 16 1075
1078 17 853
1080 179 1078
1082 1077 1081
1084 4 16
1086 290 1084
1088 1068 1087
1090 1082 1088
1092 74 175
1094 2 1092
1096 911 976
1098 915 1095
1100 1097 1098
1102 146 1100
1104 40 1103
1106 1067 1104
1108 1091 1106
1110 17 862
1112 528 538
1114 1111 1113
1116 295 1114
1118 4 1117
1120 16 964
1122 5 1121
1124 279 1122
1126 2 79
1128 1084 1127
1130 1125 1129
1132 1119 1130
1134 316 1133
1136 2 97
1138 318 1136
1140 861 1139
1142 17 1140
1144 5 855
1146 1143 1144
1148 13 176
1150 170 1148
1152 459 1151
1154 4 1152
1156 1114 1154
1158 32 1157
1160 1147 1158
1162 9 1161
1164 1135 1162
1166 1047 1164
1168 1109 1166
1170 7 1169
1172 1007 1170
1174 2 6
1176 232 1174
1178 25 1177
1180 461 623
1182 3 238
1184 5 309
1186 1151 1183
1188 1184 1186
1190 853 1188
1192 127 457
1194 4 821
1196 1193 1194
1198 1181 1197
1200 1191 1198
1202 177 303
1204 539 1203
1206 445 1204
1208 815 1207
1210 1084 1209
1212 593 892
1214 86 1148
1216 5 1215
1218 1213 1216
1220 19 1219
1222 1211 1220
1224 30 1201
1226 1223 1224
1228 3 447
1230 685 1229
1232 16 1231
1234 320 408
1236 5 1235
1238 1233 1236
1240 249 955
1242 1192 1240
1244 1239 1243
1246 18 1245
1248 12 976
1250 5 1249
1252 813 1078
1254 1250 1253
1256 508 872
1258 205 250
1260 1257 1258
1262 1255 1261
1264 19 1263
1266 1247 1265
1268 226 1267
1270 3 540
1272 286 1271
1274 2 84
1276 17 1275
1278 489 1276
1280 1273 1279
1282 4 1281
1284 210 892
1286 5 1285
1288 15 243
1290 791 1288
1292 1286 1291
1294 245 1292
1296 1283 1295
1298 18 1297
1300 550 681
1302 123 1301
1304 4 1303
1306 318 914
1308 1022 1307
1310 1305 1309
1312 19 1311
1314 1299 1313
1316 40 1315
1318 9 1227
1320 1269 1318
1322 1317 1320
1324 1179 1323
1326 1173 1325
1328 16 832
1330 127 1329
1332 5 171
1334 1331 1332
1336 4 1035
1338 688 1149
1340 1029 1336
1342 1339 1340
1344 1335 1343
1346 21 1345
1348 598 1205
1350 513 1349
1352 1050 1351
1354 601 1049
1356 348 1355
1358 1353 1357
1360 20 1359
1362 1347 1361
1364 18 1363
1366 17 685
1368 189 1367
1370 205 309
1372 1368 1370
1374 1194 1373
1376 915 1374
1378 231 283
1380 1377 1379
1382 131 1381
1384 4 1083
1386 5 915
1388 913 1386
1390 20 1389
1392 1385 1390
1394 1383 1393
1396 23 1395
1398 1365 1396
1400 7 9
1402 19 1087
1404 1123 1402
1406 75 950
1408 683 1406
1410 3 291
1412 170 1410
1414 82 1413
1416 3 490
1418 1414 1417
1420 18 1409
1422 1419 1420
1424 1405 1423
1426 30 1425
1428 1400 1427
1430 1399 1428
1432 459 876
1434 901 1433
1436 73 284
1438 79 690
1440 1437 1439
1442 16 1441
1444 918 1443
1446 4 922
1448 3 84
1450 1073 1449
1452 1084 1451
1454 19 1453
1456 1445 1454
1458 1447 1456
1460 1435 1459
1462 20 1461
1464 944 1368
1466 4 1465
1468 487 690
1470 17 943
1472 185 1471
1474 1469 1473
1476 831 1475
1478 5 1477
1480 1467 1479
1482 19 1481
1484 543 1366
1486 3 210
1488 950 1487
1490 43 1489
1492 1485 1491
1494 615 892
1496 362 685
1498 1495 1496
1500 18 1499
1502 1493 1500
1504 1483 1503
1506 21 1505
1508 1463 1507
1510 23 1509
1512 290 892
1514 274 892
1516 1513 1515
1518 825 1516
1520 4 1519
1522 394 1087
1524 1521 1522
1526 243 384
1528 859 1527
1530 32 1529
1532 506 1531
1534 1525 1532
1536 1511 1534
1538 734 888
1540 574 1538
1542 5 1541
1544 565 1543
1546 915 1516
1548 19 1547
1550 18 57
1552 244 1550
1554 40 1553
1556 1549 1554
1558 5 1556
1560 17 285
1562 1036 1561
1564 1215 1563
1566 19 1565
1568 17 692
1570 1035 1569
1572 622 1570
1574 1567 1573
1576 21 1575
1578 23 1559
1580 1577 1578
1582 8 1545
1584 1581 1582
1586 73 684
1588 682 1587
1590 97 964
1592 1588 1591
1594 5 215
1596 1213 1594
1598 1593 1596
1600 2 274
1602 292 1601
1604 1229 1602
1606 544 1070
1608 4 1605
1610 1607 1608
1612 316 1599
1614 1611 1612
1616 548 965
1618 1250 1617
1620 3 79
1622 17 1621
1624 815 1622
1626 81 202
1628 1625 1626
1630 1619 1629
1632 21 1631
1634 485 1449
1636 27 486
1638 872 1636
1640 4 1639
1642 1635 1640
1644 1023 1643
1646 20 1645
1648 1633 1647
1650 19 1649
1652 319 691
1654 1276 1652
1656 469 1621
1658 100 1655
1660 1657 1658
1662 17 812
1664 622 1663
1666 1233 1664
1668 117 1661
1670 1667 1668
1672 737 893
1674 539 1673
1676 49 1288
1678 1354 1677
1680 1675 1679
1682 4 1681
1684 20 1293
1686 1683 1684
1688 1671 1687
1690 23 1651
1692 1689 1690
1694 5 1111
1696 77 790
1698 49 176
1700 682 1699
1702 905 1700
1704 788 1697
1706 1703 1704
1708 32 1695
1710 1707 1708
1712 9 1711
1714 1615 1712
1716 1693 1714
1718 1585 1717
1720 6 1719
1722 1431 1537
1724 1721 1722
1726 529 1332
1728 3 42
1730 981 1728
1732 226 1727
1734 1731 1732
1736 261 1735
1738 3 734
1740 1475 1738
1742 4 1741
1744 17 627
1746 977 1745
1748 1022 1746
1750 18 1749
1752 1743 1750
1754 1737 1753
1756 111 519
1758 5 1757
1760 186 1084
1762 1071 1760
1764 42 156
1766 19 1765
1768 1763 1766
1770 1759 1768
1772 100 125
1774 529 1277
1776 883 1601
1778 513 622
1780 1774 1778
1782 1776 1780
1784 1773 1783
1786 1771 1784
1788 40 1787
1790 176 400
1792 303 1587
1794 907 1792
1796 17 1795
1798 1121 1797
1800 546 1798
1802 283 1801
1804 1791 1803
1806 322 1144
1808 96 1084
1810 18 1809
1812 1807 1810
1814 1805 1813
1816 30 1815
1818 8 1755
1820 1817 1818
1822 1789 1820
1824 339 628
1826 623 1825
1828 16 1620
1830 27 1828
1832 247 625
1834 5 1029
1836 1833 1834
1838 1831 1836
1840 1827 1839
1842 1013 1791
1844 1379 1842
1846 226 1845
1848 26 625
1850 42 853
1852 1849 1850
1854 306 1852
1856 1129 1855
1858 1513 1857
1860 449 1410
1862 17 1860
1864 1124 1863
1866 316 1859
1868 1865 1866
1870 1847 1869
1872 1841 1871
1874 16 77
1876 820 1874
1878 1336 1877
1880 1061 1878
1882 883 1775
1884 787 1286
1886 1883 1884
1888 18 1887
1890 1881 1888
1892 282 823
1894 1100 1892
1896 19 1029
1898 1386 1515
1900 1896 1898
1902 1895 1901
1904 1891 1902
1906 40 1905
1908 17 1141
1910 1152 1909
1912 5 1911
1914 97 1828
1916 577 861
1918 17 1206
1920 709 872
1922 1915 1917
1924 1921 1922
1926 1919 1924
1928 4 1927
1930 1913 1929
1932 32 1931
1934 9 1907
1936 1873 1934
1938 1933 1936
1940 1823 1939
1942 7 1941
1944 277 892
1946 1416 1695
1948 1945 1947
1950 32 1949
1952 1121 1863
1954 316 1953
1956 3 358
1958 4 1548
1960 113 892
1962 624 962
1964 318 1962
1966 3 4
1968 539 598
1970 1966 1968
1972 1965 1971
1974 1961 1972
1976 18 1975
1978 20 1957
1980 1977 1978
1982 1959 1980
1984 19 1738
1986 1217 1984
1988 5 1915
1990 245 1988
1992 97 842
1994 4 1993
1996 1829 1994
1998 18 1997
2000 1991 1998
2002 21 1987
2004 2001 2002
2006 23 1983
2008 2005 2006
2010 568 1955
2012 1951 2010
2014 2009 2012
2016 2 106
2018 645 2017
2020 1084 2019
2022 17 863
2024 455 2022
2026 82 2025
2028 601 1849
2030 1205 2028
2032 4 2031
2034 2027 2033
2036 2021 2035
2038 18 2037
2040 303 1849
2042 1084 2041
2044 4 1604
2046 451 1215
2048 1122 2046
2050 2043 2045
2052 2049 2050
2054 19 2053
2056 2039 2055
2058 30 2057
2060 5 55
2062 1663 2060
2064 17 592
2066 1637 2064
2068 459 743
2070 2067 2068
2072 4 2071
2074 19 649
2076 2063 2074
2078 2073 2076
2080 240 1029
2082 598 1440
2084 319 624
2086 16 685
2088 79 2086
2090 2085 2088
2092 4 2091
2094 2083 2092
2096 18 2081
2098 2095 2096
2100 2079 2099
2102 226 2101
2104 743 1192
2106 1896 2104
2108 148 2107
2110 5 491
2112 1635 2110
2114 40 1386
2116 2113 2114
2118 2109 2117
2120 601 1057
2122 5 1961
2124 513 2122
2126 2121 2124
2128 253 548
2130 107 2129
2132 1878 2130
2134 18 2133
2136 2127 2134
2138 2119 2137
2140 24 2103
2142 2139 2140
2144 2059 2142
2146 2015 2145
2148 1943 2146
2150 1988 1993
2152 18 2151
2154 19 1563
2156 5 1214
2158 1375 2157
2160 2154 2158
2162 2153 2161
2164 101 226
2166 226 1570
2168 17 1274
2170 1029 2169
2172 2166 2170
2174 2165 2173
2176 2163 2175
2178 3 1485
2180 113 2179
2182 5 2181
2184 17 708
2186 873 2185
2188 1049 2187
2190 16 821
2192 2189 2191
2194 4 2193
2196 2183 2195
2198 18 2197
2200 3 19
2202 1696 2200
2204 283 2203
2206 590 909
2208 4 127
2210 1015 2208
2212 339 2210
2214 2207 2212
2216 2205 2215
2218 2199 2217
2220 40 2219
2222 457 1154
2224 1415 2223
2226 1111 2225
2228 692 1154
2230 2227 2229
2232 18 2231
2234 1402 1952
2236 30 2235
2238 2233 2236
2240 1400 2177
2242 2239 2240
2244 2221 2242
2246 519 1635
2248 4 2247
2250 918 1097
2252 19 2251
2254 2249 2252
2256 511 843
2258 157 2257
2260 513 2259
2262 4 2261
2264 125 1285
2266 880 2264
2268 1032 2267
2270 2263 2268
2272 2255 2271
2274 40 2273
2276 19 840
2278 1863 2276
2280 1968 2085
2282 1877 2281
2284 545 2282
2286 282 2285
2288 11 182
2290 2017 2288
2292 43 2291
2294 2065 2293
2296 34 410
2298 18 2297
2300 2295 2298
2302 30 2287
2304 2301 2302
2306 2279 2304
2308 737 1701
2310 4 2309
2312 974 2311
2314 687 1469
2316 17 2315
2318 622 2317
2320 983 2318
2322 226 760
2324 1515 2322
2326 2165 2325
2328 2313 2327
2330 2321 2328
2332 506 2331
2334 2307 2332
2336 2275 2334
2338 1985 2166
2340 30 1541
2342 568 2339
2344 2341 2342
2346 1557 2344
2348 1603 1697
2350 4 2349
2352 316 1219
2354 2351 2352
2356 42 644
2358 4 112
2360 580 2023
2362 2357 2359
2364 2361 2362
2366 32 2365
2368 78 202
2370 915 2368
2372 1019 2371
2374 1193 1487
2376 4 1515
2378 397 2376
2380 2375 2378
2382 1023 2381
2384 18 2383
2386 226 2373
2388 2385 2386
2390 100 304
2392 1674 2390
2394 157 1285
2396 5 2395
2398 648 907
2400 18 2397
2402 2399 2400
2404 489 1084
2406 551 1023
2408 2405 2406
2410 19 2409
2412 2403 2411
2414 2393 2413
2416 40 2415
2418 24 2355
2420 2367 2418
2422 2389 2420
2424 2417 2422
2426 2347 2425
2428 2245 2426
2430 2337 2428
2432 915 1945
2434 750 2432
2436 5 2435
2438 147 1957
2440 741 2438
2442 2437 2441
2444 3 422
2446 744 2445
2448 2259 2446
2450 40 2449
2452 2443 2450
2454 546 2157
2456 30 779
2458 2455 2456
2460 19 1538
2462 1729 2460
2464 446 834
2466 5 529
2468 245 2466
2470 2465 2468
2472 530 2376
2474 18 2471
2476 2473 2474
2478 2463 2477
2480 226 2479
2482 2459 2481
2484 2453 2482
2486 8 2485
2488 823 1093
2490 4 2489
2492 2205 2491
2494 13 690
2496 962 2495
2498 18 2185
2500 597 2498
2502 623 2501
2504 541 1084
2506 2190 2505
2508 2497 2507
2510 2503 2508
2512 40 2493
2514 2511 2512
2516 18 2209
2518 895 2169
2520 1569 2518
2522 2516 2521
2524 4 1008
2526 2154 2525
2528 226 2523
2530 2527 2528
2532 201 1189
2534 2498 2532
2536 277 1728
2538 17 1861
2540 1594 1945
2542 2539 2540
2544 1402 2537
2546 2543 2544
2548 30 2535
2550 2547 2548
2552 2515 2531
2554 2551 2552
2556 9 2555
2558 2487 2557
2560 7 2559
2562 233 570
2564 25 2563
2566 549 2208
2568 279 2566
2570 316 2569
2572 587 2570
2574 28 2516
2576 480 572
2578 55 2577
2580 146 2579
2582 19 2368
2584 226 2575
2586 2583 2584
2588 2581 2586
2590 146 493
2592 349 2061
2594 2505 2592
2596 2500 2595
2598 40 2591
2600 2597 2598
2602 157 1874
2604 457 2603
2606 647 2604
2608 32 2607
2610 9 2573
2612 2609 2610
2614 2589 2612
2616 2601 2614
2618 2565 2617
2620 2561 2619
2622 156 872
2624 895 1765
2626 2623 2624
2628 123 2626
2630 4 2629
2632 19 2113
2634 2631 2632
2636 1285 2623
2638 100 2636
2640 642 2122
2642 20 2639
2644 2641 2642
2646 2635 2644
2648 26 624
2650 1874 2649
2652 1765 2651
2654 192 2652
2656 1236 1657
2658 18 2655
2660 2657 2658
2662 620 2661
2664 23 2663
2666 2647 2664
2668 444 2017
2670 16 2668
2672 1111 2671
2674 2361 2672
2676 32 857
2678 2674 2676
2680 513 1861
2682 196 2680
2684 908 1588
2686 16 592
2688 146 893
2690 2687 2688
2692 2685 2690
2694 2683 2693
2696 30 2695
2698 2679 2697
2700 2667 2698
2702 24 2701
2704 50 1084
2706 173 907
2708 17 2707
2710 837 2709
2712 4 2711
2714 2705 2713
2716 1803 2714
2718 2576 2649
2720 855 2719
2722 100 2721
2724 73 622
2726 1151 2724
2728 770 2726
2730 2723 2729
2732 2717 2730
2734 30 2733
2736 487 1776
2738 2256 2736
2740 5 2739
2742 1084 1486
2744 1276 2288
2746 234 2743
2748 2745 2746
2750 2741 2748
2752 1329 2318
2754 229 1539
2756 146 2755
2758 125 226
2760 895 2758
2762 2067 2760
2764 2165 2763
2766 283 2461
2768 616 2767
2770 2753 2757
2772 2765 2769
2774 2770 2772
2776 147 1897
2778 40 923
2780 2777 2778
2782 2437 2780
2784 8 2775
2786 2751 2784
2788 2735 2786
2790 2783 2788
2792 59 1068
2794 1697 2792
2796 1137 1271
2798 16 2797
2800 2017 2798
2802 4 883
2804 592 2802
2806 1085 2805
2808 2801 2807
2810 18 1287
2812 2809 2810
2814 20 2795
2816 2813 2814
2818 99 843
2820 1202 2819
2822 1515 2821
2824 100 2823
2826 350 1962
2828 1009 1068
2830 226 2827
2832 2829 2830
2834 2825 2832
2836 19 1862
2838 283 2837
2840 1856 2839
2842 1156 2390
2844 2841 2843
2846 21 2845
2848 22 2847
2850 2817 2835
2852 2849 2850
2854 9 2853
2856 7 2791
2858 2855 2856
2860 2703 2859
2862 1596 2685
2864 195 215
2866 1861 2864
2868 316 2863
2870 2867 2868
2872 32 2675
2874 2397 2636
2876 234 2875
2878 40 1956
2880 239 895
2882 260 2881
2884 2879 2883
2886 2873 2884
2888 2877 2886
2890 2871 2888
2892 24 2891
2894 260 2627
2896 358 1967
2898 34 107
2900 2737 2898
2902 879 2743
2904 2901 2902
2906 18 2905
2908 2897 2907
2910 40 2909
2912 1797 2276
2914 691 2819
2916 1151 2915
2918 4 2917
2920 385 2298
2922 2919 2920
2924 282 2710
2926 30 2925
2928 2913 2926
2930 2923 2928
2932 8 2895
2934 2911 2932
2936 2931 2934
2938 18 2669
2940 1185 2938
2942 2915 2940
2944 4 291
2946 286 2944
2948 1855 2947
2950 2839 2948
2952 30 2943
2954 2951 2952
2956 349 865
2958 2777 2956
2960 17 905
2962 2124 2961
2964 4 1774
2966 2799 2964
2968 18 2967
2970 2963 2968
2972 40 2959
2974 2971 2972
2976 35 1275
2978 260 977
2980 2977 2978
2982 9 2981
2984 2955 2982
2986 2975 2984
2988 7 2937
2990 2987 2988
2992 2893 2991
i0 p0p0eq0time0f1dzero1b
i1 p0b0btn2start2stop
i2 p0b0btn2sec
i3 p0b0btn2min
l0 l0
l1 l1
l2 l2
l3 l3
l4 l4
l5 l5
l6 l6
o0 u0time0f1dcountup0time0dt1b
o1 u0time0f1dcountdown0time0dt1b
o2 u0time0f1dinc2seconds0time1b
o3 u0time0f1dinc2minutes0time1b
o4 u0time0f1dzero1b
o5 u0time0time
o6 u0dsp0f1ddisplay0time1b
o7 u0dsp0dsp
