UNREALIZABLE
aag 228 9 5 9 214
2
4
6
8
10
12
14
16
18
20 236
22 369
24 405
26 443
28 457
35
35
47
35
35
0
63
73
82
30 23 25
32 26 28
34 31 32
36 20 30
38 26 37
40 28 39
42 27 36
44 29 43
46 41 45
48 26 30
50 21 48
52 20 22
54 24 52
56 27 31
58 55 56
60 51 59
62 45 60
64 28 50
66 26 29
68 24 66
70 52 68
72 65 71
74 25 27
76 28 74
78 69 77
80 21 22
82 79 80
84 3 4
86 2 5
88 85 87
90 34 88
92 7 91
94 8 11
96 13 94
98 7 86
100 64 98
102 9 10
104 13 102
106 101 104
108 9 11
110 12 108
112 97 111
114 107 112
116 93 115
118 15 16
120 19 118
122 15 17
124 18 122
126 14 17
128 19 126
130 125 129
132 121 130
134 23 133
136 20 134
138 48 136
140 27 133
142 60 140
144 139 143
146 121 125
148 138 147
150 21 128
152 48 151
154 149 152
156 24 133
158 53 156
160 21 124
162 17 161
164 158 162
166 22 131
168 23 120
170 167 169
172 25 171
174 54 147
176 27 175
178 173 176
180 165 178
182 155 181
184 28 145
186 182 184
188 28 183
190 144 188
192 129 161
194 43 193
196 29 195
198 89 197
200 115 198
202 86 133
204 70 96
206 202 204
208 201 207
210 187 209
212 191 210
214 117 213
216 3 5
218 34 217
220 197 216
222 189 220
224 6 219
226 223 224
228 215 227
230 105 111
232 34 97
234 230 232
236 229 235
238 6 216
240 186 238
242 104 240
244 75 134
246 29 245
248 21 23
250 158 249
252 137 251
254 27 253
256 133 152
258 28 257
260 255 258
262 247 261
264 65 262
266 47 133
268 98 266
270 98 262
272 64 133
274 267 273
276 7 84
278 275 276
280 269 279
282 271 280
284 265 283
286 238 275
288 247 273
290 286 289
292 28 238
294 131 136
296 120 248
298 74 297
300 133 298
302 295 300
304 156 176
306 251 304
308 149 303
310 307 308
312 292 311
314 291 313
316 285 314
318 110 317
320 141 257
322 28 321
324 37 140
326 66 133
328 175 326
330 325 329
332 323 330
334 98 333
336 187 286
338 21 166
340 133 339
342 173 341
344 26 343
346 29 325
348 345 346
350 28 157
352 341 350
354 35 276
356 353 354
358 349 356
360 335 359
362 337 360
364 96 363
366 243 365
368 319 366
370 187 265
372 238 371
374 265 278
376 271 375
378 373 376
380 110 379
382 269 287
384 102 383
386 100 147
388 134 246
390 286 388
392 387 391
394 359 392
396 241 394
398 94 397
400 385 399
402 13 401
404 381 403
406 264 358
408 63 238
410 266 408
412 407 411
414 110 413
416 73 202
418 82 84
420 275 418
422 417 421
424 7 423
426 174 424
428 411 427
430 94 429
432 387 411
434 279 432
436 102 435
438 431 437
440 13 439
442 415 441
444 145 292
446 98 272
448 445 447
450 231 449
452 425 445
454 96 453
456 451 455
i0 u0counter0f1dinc0counter1b
i1 u0counter0f1ddec0counter1b
i2 u0counter0counter
i3 u0button2up0f1denable1b
i4 u0button2up0f1ddisable1b
i5 u0button2up0button2up
i6 u0button2down0f1denable1b
i7 u0button2down0f1ddisable1b
i8 u0button2down0button2down
l0 l0
l1 l1
l2 l2
l3 l3
l4 l4
o0 p0p0in2range0f1dinc0f1dinc0counter1b1b
o1 p0p0in2range0f1dinc0f1ddec0counter1b1b
o2 p0p0in2range0f1dinc0counter1b
o3 p0p0in2range0f1ddec0f1dinc0counter1b1b
o4 p0p0in2range0f1ddec0f1ddec0counter1b1b
o5 p0p0in2range0f1ddec0counter1b
o6 p0p0in2range0counter
o7 p0p0button2pressed0up
o8 p0p0button2pressed0down
