UNREALIZABLE
aag 172 13 5 11 154
2
4
6
8
10
12
14
16
18
20
22
24
26
28 191
30 198
32 239
34 321
36 345
75
71
71
71
71
84
76
0
0
0
0
38 31 33
40 35 38
42 28 40
44 36 42
46 29 32
48 30 32
50 35 49
52 39 49
54 51 53
56 28 54
58 47 57
60 37 59
62 45 61
64 37 55
66 43 64
68 62 67
70 36 41
72 65 71
74 68 73
76 29 71
78 31 32
80 69 79
82 76 81
84 69 83
86 5 9
88 13 15
90 12 14
92 89 91
94 11 86
96 92 94
98 3 7
100 92 98
102 97 101
104 2 7
106 4 9
108 11 106
110 9 10
112 8 11
114 111 113
116 7 114
118 5 117
120 109 119
122 3 121
124 105 123
126 103 125
128 25 26
130 17 19
132 20 131
134 23 29
136 128 134
138 133 136
140 126 138
142 71 141
144 34 39
146 37 145
148 71 147
150 22 25
152 27 150
154 24 27
156 129 155
158 23 157
160 73 149
162 158 161
164 153 163
166 148 165
168 21 166
170 75 158
172 153 171
174 21 43
176 146 174
178 173 176
180 169 179
182 16 18
184 131 183
186 126 185
188 181 186
190 143 189
192 20 130
194 173 192
196 84 194
198 126 196
200 5 100
202 112 200
204 196 202
206 20 62
208 21 184
210 193 209
212 21 72
214 211 213
216 69 214
218 173 216
220 86 126
222 207 220
224 218 222
226 108 211
228 82 194
230 180 229
232 100 226
234 231 232
236 205 225
238 235 236
240 3 96
242 218 240
244 101 243
246 178 184
248 28 145
250 37 249
252 35 79
254 34 78
256 253 255
258 29 257
260 250 259
262 45 261
264 194 263
266 247 265
268 112 267
270 165 212
272 169 271
274 34 48
276 51 184
278 275 276
280 273 278
282 34 250
284 45 283
286 192 285
288 165 286
290 281 289
292 110 291
294 269 293
296 5 295
298 166 226
300 7 299
302 297 300
304 245 303
306 184 270
308 60 153
310 67 309
312 228 310
314 307 313
316 96 104
318 315 316
320 305 319
322 6 240
324 315 322
326 9 73
328 208 327
330 37 113
332 192 331
334 82 332
336 329 335
338 115 200
340 166 338
342 337 340
344 325 343
i0 u0window0f1denable2button0up1b
i1 u0window0f1denable2button0down1b
i2 u0window0f1ddisable2button0up1b
i3 u0window0f1ddisable2button0down1b
i4 u0window0window
i5 u0selected0f1dtoggle0selected1b
i6 u0selected0selected
i7 u0second2counter0f1dincrement0second2counter1b
i8 u0second2counter0f1ddecrement0second2counter1b
i9 u0second2counter0second2counter
i10 u0first2counter0f1dincrement0first2counter1b
i11 u0first2counter0f1ddecrement0first2counter1b
i12 u0first2counter0first2counter
l0 l0
l1 l1
l2 l2
l3 l3
l4 l4
o0 p0p0second0selected
o1 p0p0in2range0f1dincrement0second2counter1b
o2 p0p0in2range0f1dincrement0first2counter1b
o3 p0p0in2range0f1ddecrement0second2counter1b
o4 p0p0in2range0f1ddecrement0first2counter1b
o5 p0p0in2range0second2counter
o6 p0p0in2range0first2counter
o7 p0p0first0selected
o8 p0p0button2pressed0up
o9 p0p0button2pressed0switch
o10 p0p0button2pressed0down
