UNREALIZABLE
aag 51 8 3 6 40
2
4
6
8
10
12
14
16
18 93
20 98
22 102
26
28
33
34
0
0
24 20 23
26 18 24
28 19 23
30 19 21
32 25 31
34 21 28
36 9 11
38 8 10
40 37 39
42 7 41
44 6 37
46 12 16
48 13 17
50 14 49
52 15 48
54 45 47
56 51 53
58 54 56
60 43 58
62 2 5
64 60 62
66 3 4
68 60 66
70 65 69
72 24 70
74 21 23
76 30 65
78 75 77
80 13 40
82 7 81
84 69 82
86 19 71
88 85 86
90 79 89
92 73 91
94 69 91
96 28 95
98 71 96
100 33 71
102 97 100
i0 u0selected0f1dtoggle0selected1b
i1 u0selected0selected
i2 u0second2counter0f1dincrement0second2counter1b
i3 u0second2counter0f1ddecrement0second2counter1b
i4 u0second2counter0second2counter
i5 u0first2counter0f1dincrement0first2counter1b
i6 u0first2counter0f1ddecrement0first2counter1b
i7 u0first2counter0first2counter
l0 l0
l1 l1
l2 l2
o0 p0p0second0selected
o1 p0p0first0selected
o2 p0p0button2pressed0up
o3 p0p0button2pressed0switch
o4 p0p0button2pressed0down
o5 p0p0botton2pressed0switch
