REALIZABLE
aag 79 1 5 1 73
2
4 97
6 120
8 139
10 151
12 159
51
14 7 10
16 9 11
18 2 9
20 10 19
22 6 21
24 17 22
26 15 25
28 4 27
30 6 16
32 7 9
34 5 33
36 31 34
38 29 37
40 13 39
42 2 11
44 12 32
46 42 44
48 4 46
50 41 49
52 5 46
54 8 11
56 3 8
58 10 57
60 55 59
62 3 6
64 61 62
66 5 65
68 7 19
70 59 68
72 57 71
74 66 72
76 22 43
78 3 10
80 17 43
82 19 81
84 79 83
86 7 85
88 4 77
90 87 88
92 13 75
94 91 92
96 53 95
98 19 55
100 7 99
102 66 101
104 10 18
106 3 16
108 7 105
110 107 108
112 6 85
114 111 113
116 4 115
118 13 103
120 117 118
122 6 80
124 4 123
126 71 124
128 61 77
130 31 129
132 34 131
134 127 133
136 13 135
138 49 137
140 5 59
142 25 140
144 60 124
146 13 143
148 145 146
150 47 149
152 40 60
154 7 12
156 106 154
158 153 157
i0 r
l0 l0
l1 l1
l2 l2
l3 l3
l4 l4
o0 g
