UNREALIZABLE
aag 55 8 3 11 44
2
4
6
8
10
12
14
16
18 103
20 110
22 106
32
29
36
29
43
29
34
36
29
36
0
24 20 23
26 19 21
28 25 27
30 21 23
32 29 31
34 19 23
36 21 34
38 18 23
40 20 38
42 27 41
44 7 11
46 8 44
48 9 45
50 47 49
52 6 10
54 2 5
56 3 4
58 55 57
60 53 59
62 51 60
64 13 62
66 15 16
68 64 66
70 34 69
72 14 17
74 64 72
76 38 75
78 71 77
80 20 79
82 69 75
84 12 15
86 17 84
88 62 86
90 2 88
92 82 91
94 34 93
96 26 75
98 31 97
100 95 99
102 81 101
104 82 89
106 36 90
108 29 107
110 105 108
i0 u0selected0f1dtoggle0selected1b
i1 u0selected0selected
i2 u0second2counter0f1dincrement0second2counter1b
i3 u0second2counter0f1ddecrement0second2counter1b
i4 u0second2counter0second2counter
i5 u0first2counter0f1dincrement0first2counter1b
i6 u0first2counter0f1ddecrement0first2counter1b
i7 u0first2counter0first2counter
l0 l0
l1 l1
l2 l2
o0 p0p0second0selected
o1 p0p0in2range0f1dincrement0second2counter1b
o2 p0p0in2range0f1dincrement0first2counter1b
o3 p0p0in2range0f1ddecrement0second2counter1b
o4 p0p0in2range0f1ddecrement0first2counter1b
o5 p0p0in2range0second2counter
o6 p0p0in2range0first2counter
o7 p0p0first0selected
o8 p0p0button2pressed0up
o9 p0p0button2pressed0switch
o10 p0p0button2pressed0down
