UNREALIZABLE
aag 56 8 3 11 45
2
4
6
8
10
12
14
16
18 99
20 109
22 112
34
29
38
29
32
29
30
32
34
32
32
24 20 23
26 19 21
28 25 27
30 19 23
32 21 30
34 29 33
36 19 20
38 29 37
40 13 14
42 17 40
44 9 11
46 7 44
48 8 10
50 7 49
52 45 51
54 47 53
56 2 5
58 54 56
60 42 58
62 3 4
64 54 62
66 42 64
68 59 65
70 15 69
72 12 17
74 70 72
76 13 16
78 70 76
80 67 75
82 79 80
84 61 82
86 24 84
88 19 84
90 22 89
92 30 83
94 21 93
96 91 94
98 87 97
100 32 60
102 38 74
104 30 78
106 101 103
108 105 106
110 29 85
112 108 110
i0 u0selected0f1dtoggle0selected1b
i1 u0selected0selected
i2 u0second2counter0f1dincrement0second2counter1b
i3 u0second2counter0f1ddecrement0second2counter1b
i4 u0second2counter0second2counter
i5 u0first2counter0f1dincrement0first2counter1b
i6 u0first2counter0f1ddecrement0first2counter1b
i7 u0first2counter0first2counter
l0 l0
l1 l1
l2 l2
o0 p0p0second0selected
o1 p0p0in2range0f1dincrement0second2counter1b
o2 p0p0in2range0f1dincrement0first2counter1b
o3 p0p0in2range0f1ddecrement0second2counter1b
o4 p0p0in2range0f1ddecrement0first2counter1b
o5 p0p0in2range0second2counter
o6 p0p0in2range0first2counter
o7 p0p0first0selected
o8 p0p0button2pressed0up
o9 p0p0button2pressed0switch
o10 p0p0button2pressed0down
