REALIZABLE
aag 3293 7 8 8 3278
2
4
6
8
10
12
14
16 3391
18 4295
20 4957
22 5447
24 5865
26 6247
28 6475
30 6587
353
965
1517
1743
1825
2171
2513
2561
32 29 30
34 24 27
36 12 15
38 13 14
40 37 39
42 10 41
44 5 9
46 9 45
48 42 47
50 27 48
52 35 51
54 21 23
56 7 41
58 43 57
60 8 59
62 55 60
64 18 60
66 17 19
68 48 66
70 16 60
72 19 70
74 69 73
76 65 74
78 54 77
80 24 63
82 79 80
84 53 83
86 23 24
88 20 67
90 86 89
92 26 90
94 60 92
96 19 21
98 61 96
100 49 97
102 99 101
104 23 103
106 21 22
108 16 18
110 48 109
112 60 108
114 111 113
116 106 114
118 25 26
120 105 118
122 117 120
124 95 123
126 20 22
128 61 126
130 125 129
132 85 131
134 32 133
136 20 23
138 115 136
140 48 54
142 25 141
144 139 142
146 17 18
148 60 146
150 48 108
152 149 151
154 19 60
156 152 155
158 106 157
160 22 48
162 20 160
164 159 163
166 144 164
168 16 48
170 17 102
172 169 171
174 23 173
176 10 15
178 7 11
180 15 178
182 177 181
184 10 13
186 14 184
188 7 38
190 187 189
192 182 190
194 8 193
196 5 193
198 195 197
200 41 178
202 199 201
204 16 202
206 11 204
208 3 206
210 126 208
212 24 161
214 175 212
216 211 214
218 167 217
220 26 219
222 74 152
224 136 223
226 17 60
228 21 65
230 227 228
232 16 19
234 48 232
236 230 235
238 54 237
240 212 225
242 239 240
244 199 232
246 149 245
248 54 247
250 25 63
252 249 250
254 243 253
256 27 255
258 221 257
260 29 259
262 24 26
264 76 136
266 22 60
268 21 141
270 267 268
272 18 48
274 126 273
276 155 274
278 262 271
280 277 278
282 265 280
284 23 97
286 61 284
288 49 285
290 118 289
292 287 290
294 13 183
296 44 294
298 16 296
300 20 298
302 23 301
304 18 21
306 19 20
308 305 307
310 233 308
312 3 44
314 311 312
316 294 314
318 61 317
320 302 319
322 24 321
324 164 322
326 11 202
328 19 326
330 3 328
332 54 330
334 144 267
336 333 334
338 27 325
340 337 338
342 28 293
344 283 342
346 341 344
348 31 347
350 261 348
352 135 351
354 3 8
356 56 354
358 16 20
360 18 358
362 356 360
364 23 363
366 5 59
368 9 366
370 3 368
372 5 42
374 3 372
376 371 375
378 18 377
380 232 356
382 21 381
384 379 382
386 42 354
388 371 387
390 16 389
392 19 391
394 13 178
396 181 395
398 13 176
400 396 399
402 44 401
404 195 403
406 3 17
408 188 406
410 405 408
412 392 411
414 8 186
416 44 191
418 415 417
420 406 419
422 17 48
424 186 422
426 18 421
428 425 426
430 413 429
432 20 431
434 385 433
436 364 435
438 21 232
440 60 438
442 3 366
444 200 442
446 16 444
448 357 447
450 306 449
452 2 60
454 6 42
456 354 454
458 453 457
460 17 459
462 20 64
464 461 462
466 22 441
468 465 466
470 451 468
472 437 471
474 29 473
476 17 389
478 423 477
480 147 233
482 478 480
484 67 376
486 483 485
488 106 487
490 3 16
492 60 490
494 447 493
496 19 495
498 126 149
500 497 498
502 66 377
504 48 146
506 503 505
508 20 507
510 17 21
512 378 510
514 200 312
516 16 514
518 23 517
520 513 518
522 509 520
524 501 523
526 489 524
528 28 527
530 475 529
532 34 531
534 26 28
536 478 517
538 18 536
540 23 25
542 21 540
544 2 16
546 60 544
548 8 56
550 2 548
552 19 551
554 547 552
556 542 555
558 539 556
560 534 559
562 66 356
564 19 514
566 54 565
568 48 544
570 136 151
572 569 570
574 567 573
576 563 575
578 16 374
580 515 579
582 304 581
584 2 47
586 42 584
588 477 587
590 96 589
592 232 374
594 2 17
596 491 595
598 64 597
600 593 599
602 20 601
604 22 583
606 603 604
608 591 606
610 577 609
612 560 611
614 358 514
616 357 445
618 106 109
620 617 618
622 17 444
624 227 623
626 306 625
628 26 29
630 17 514
632 18 631
634 16 617
636 19 421
638 635 636
640 54 633
642 639 640
644 615 628
646 621 644
648 627 646
650 643 648
652 24 651
654 613 652
656 2 150
658 503 657
660 136 659
662 18 452
664 21 663
666 16 550
668 664 667
670 20 517
672 2 19
674 226 673
676 670 675
678 22 677
680 669 678
682 661 681
684 560 682
686 20 150
688 23 687
690 304 449
692 688 691
694 7 42
696 354 694
698 515 697
700 20 699
702 307 701
704 60 406
706 623 705
708 8 191
710 38 178
712 312 710
714 16 712
716 19 709
718 715 716
720 67 719
722 706 721
724 703 723
726 372 406
728 635 727
730 304 729
732 374 438
734 22 733
736 725 734
738 731 736
740 693 739
742 628 741
744 25 685
746 743 744
748 655 747
750 25 27
752 21 273
754 479 752
756 22 151
758 515 727
760 756 758
762 107 761
764 755 763
766 228 617
768 563 700
770 688 769
772 767 770
774 765 773
776 28 775
778 66 514
780 54 779
782 505 780
784 108 374
786 106 785
788 235 786
790 503 788
792 108 514
794 20 793
796 23 69
798 727 796
800 794 798
802 20 593
804 565 756
806 802 804
808 783 801
810 807 808
812 791 810
814 29 813
816 777 815
818 750 817
820 31 819
822 749 820
824 533 822
826 304 589
828 48 490
830 18 829
832 20 831
834 581 832
836 17 696
838 368 406
840 169 837
842 839 840
844 96 843
846 23 835
848 845 846
850 827 848
852 366 490
854 18 853
856 478 854
858 19 727
860 447 858
862 20 861
864 857 862
866 96 537
868 22 513
870 865 868
872 867 870
874 851 873
876 24 875
878 515 635
880 96 879
882 448 493
884 18 20
886 883 884
888 22 881
890 887 888
892 304 879
894 364 779
896 441 894
898 893 896
900 891 899
902 25 901
904 877 903
906 27 905
908 18 879
910 442 858
912 909 911
914 542 913
916 366 406
918 18 917
920 447 918
922 306 916
924 569 623
926 392 924
928 21 927
930 923 929
932 86 921
934 931 932
936 22 25
938 21 936
940 19 882
942 18 391
944 842 942
946 938 941
948 945 946
950 834 936
952 26 951
954 915 952
956 949 954
958 935 956
960 32 959
962 907 960
964 825 963
966 2 199
968 203 967
970 399 969
972 17 326
974 3 972
976 195 297
978 17 977
980 970 978
982 975 980
984 970 983
986 18 977
988 984 986
990 61 367
992 19 991
994 21 993
996 329 994
998 511 997
1000 989 999
1002 327 515
1004 9 374
1006 1002 1005
1008 481 1007
1010 306 975
1012 199 399
1014 16 1012
1016 697 1014
1018 884 1017
1020 1011 1019
1022 1009 1021
1024 23 1023
1026 1001 1024
1028 232 1007
1030 146 1012
1032 697 1030
1034 1029 1033
1036 126 1035
1038 22 96
1040 977 1038
1042 984 1040
1044 1037 1043
1046 1027 1044
1048 25 1047
1050 44 193
1052 61 1051
1054 16 1053
1056 66 1012
1058 1055 1057
1060 54 1059
1062 8 294
1064 193 201
1066 584 1064
1068 1063 1066
1070 4 42
1072 354 1070
1074 515 1073
1076 1069 1074
1078 16 1077
1080 3 402
1082 1079 1081
1084 306 1083
1086 375 1053
1088 16 1087
1090 47 200
1092 3 1090
1094 297 1093
1096 17 1094
1098 1089 1097
1100 884 1098
1102 1085 1101
1104 23 1103
1106 22 480
1108 727 1106
1110 1053 1108
1112 107 1111
1114 17 1077
1116 18 1114
1118 481 1080
1120 108 1095
1122 21 1119
1124 1121 1122
1126 1117 1124
1128 1113 1127
1130 1061 1129
1132 1105 1130
1134 24 1133
1136 1049 1135
1138 27 1137
1140 26 86
1142 17 1053
1144 309 1140
1146 1142 1144
1148 360 1007
1150 96 1054
1152 21 988
1154 23 1151
1156 1149 1154
1158 1153 1156
1160 697 1056
1162 22 1031
1164 1161 1162
1166 127 1165
1168 1102 1167
1170 118 1169
1172 1159 1170
1174 1147 1173
1176 1139 1174
1178 32 1177
1180 23 991
1182 361 1180
1184 97 1182
1186 19 126
1188 2 366
1190 458 1189
1192 11 356
1194 16 1192
1196 368 490
1198 1195 1197
1200 837 1190
1202 1198 1200
1204 1186 1203
1206 34 1185
1208 1205 1206
1210 17 991
1212 1015 1211
1214 16 21
1216 18 991
1218 21 1217
1220 1215 1219
1222 1213 1221
1224 18 1003
1226 16 331
1228 1225 1226
1230 17 1013
1232 20 1231
1234 1229 1232
1236 23 1223
1238 1235 1236
1240 793 993
1242 233 1241
1244 1162 1243
1246 107 1245
1248 19 1017
1250 981 1248
1252 18 1212
1254 21 1253
1256 1251 1254
1258 1247 1257
1260 24 1259
1262 1239 1260
1264 20 991
1266 108 991
1268 453 1189
1270 1073 1268
1272 17 1271
1274 18 1272
1276 1267 1275
1278 1265 1276
1280 936 1279
1282 17 1192
1284 542 1283
1286 839 1284
1288 1216 1286
1290 26 1289
1292 1281 1290
1294 1263 1292
1296 490 1090
1298 18 1296
1300 1275 1299
1302 136 1301
1304 4 452
1306 1091 1305
1308 4 354
1310 59 1308
1312 1189 1311
1314 1306 1312
1316 66 1315
1318 108 1271
1320 1317 1319
1322 106 1321
1324 16 1315
1326 406 1090
1328 1325 1327
1330 1186 1329
1332 750 1303
1334 1323 1331
1336 1332 1334
1338 29 1209
1340 1337 1338
1342 1295 1340
1344 359 1012
1346 208 884
1348 936 1345
1350 1347 1348
1352 17 306
1354 20 1052
1356 1353 1355
1358 1161 1357
1360 304 1006
1362 96 209
1364 981 1362
1366 86 1359
1368 1361 1366
1370 1365 1368
1372 1317 1357
1374 996 1299
1376 25 1373
1378 1375 1376
1380 884 1013
1382 306 1099
1384 304 1082
1386 96 1055
1388 22 1381
1390 1387 1388
1392 1383 1390
1394 1385 1392
1396 937 1395
1398 1371 1396
1400 1379 1398
1402 26 1351
1404 1401 1402
1406 18 1195
1408 715 1406
1410 1115 1408
1412 19 517
1414 1143 1412
1416 54 1415
1418 1411 1416
1420 106 1053
1422 1107 1421
1424 97 1012
1426 480 1425
1428 1423 1427
1430 1193 1268
1432 1311 1430
1434 713 1432
1436 66 136
1438 1435 1436
1440 1419 1429
1442 1439 1440
1444 34 1443
1446 371 1193
1448 458 1446
1450 369 415
1452 1448 1450
1454 16 1453
1456 983 1455
1458 96 1457
1460 481 1012
1462 108 1053
1464 1461 1463
1466 20 1465
1468 23 1467
1470 1459 1468
1472 297 1195
1474 1115 1472
1476 19 1475
1478 146 515
1480 1086 1478
1482 16 991
1484 20 1483
1486 307 1485
1488 22 1481
1490 1487 1488
1492 1477 1490
1494 146 1080
1496 106 1055
1498 1495 1496
1500 750 1499
1502 1493 1500
1504 1471 1502
1506 1445 1505
1508 1405 1506
1510 28 1509
1512 1343 1511
1514 31 1513
1516 1179 1515
1518 27 326
1520 35 1519
1522 299 973
1524 147 1523
1526 146 296
1528 1525 1527
1530 54 1529
1532 55 296
1534 24 1533
1536 1531 1534
1538 1521 1537
1540 126 297
1542 92 296
1544 136 327
1546 18 327
1548 19 297
1550 1547 1549
1552 54 1551
1554 18 1523
1556 106 329
1558 1555 1556
1560 118 1545
1562 1553 1560
1564 1559 1562
1566 1543 1565
1568 1541 1567
1570 1539 1569
1572 32 1571
1574 20 329
1576 1555 1574
1578 19 595
1580 23 1579
1582 326 1580
1584 137 1583
1586 1577 1585
1588 22 361
1590 296 1588
1592 25 1591
1594 1587 1592
1596 3 67
1598 54 1597
1600 296 1598
1602 297 510
1604 207 1211
1606 18 1605
1608 1574 1607
1610 1214 1551
1612 1603 1611
1614 1609 1612
1616 22 1615
1618 303 1617
1620 24 1601
1622 1619 1620
1624 27 1595
1626 1623 1624
1628 136 1529
1630 106 296
1632 126 1550
1634 54 326
1636 1631 1635
1638 1633 1636
1640 1629 1638
1642 262 1641
1644 22 327
1646 20 993
1648 359 1647
1650 21 1267
1652 329 1650
1654 1648 1653
1656 302 1527
1658 1655 1656
1660 118 1645
1662 1659 1660
1664 28 1663
1666 1643 1664
1668 1627 1666
1670 24 1180
1672 21 233
1674 359 1673
1676 1670 1674
1678 542 778
1680 27 1679
1682 1677 1680
1684 284 991
1686 22 991
1688 97 511
1690 1686 1689
1692 1685 1691
1694 232 991
1696 1692 1695
1698 1183 1697
1700 118 1699
1702 23 96
1704 1605 1702
1706 201 455
1708 18 1707
1710 704 1708
1712 176 1710
1714 147 326
1716 1713 1715
1718 106 1717
1720 88 491
1722 285 1721
1724 326 1723
1726 262 1725
1728 1705 1726
1730 1719 1728
1732 1683 1701
1734 1731 1732
1736 29 1735
1738 31 1737
1740 1669 1738
1742 1573 1741
1744 91 262
1746 32 1745
1748 199 1746
1750 297 1063
1752 1015 1750
1754 295 1187
1756 118 1755
1758 1753 1756
1760 66 1080
1762 326 1760
1764 542 1762
1766 147 542
1768 1751 1767
1770 1765 1769
1772 27 1771
1774 17 199
1776 34 136
1778 1774 1776
1780 199 262
1782 29 1781
1784 1779 1782
1786 1759 1784
1788 1773 1786
1790 27 1013
1792 34 884
1794 1791 1793
1796 1752 1795
1798 18 1751
1800 21 1799
1802 540 885
1804 1801 1802
1806 1753 1804
1808 1688 1802
1810 199 1809
1812 26 1811
1814 1807 1812
1816 1797 1815
1818 28 1817
1820 31 1789
1822 1819 1820
1824 1749 1823
1826 510 1180
1828 17 458
1830 1191 1829
1832 1038 1830
1834 71 579
1836 61 1189
1838 108 1837
1840 1834 1839
1842 20 1841
1844 24 1827
1846 1833 1844
1848 1843 1846
1850 1327 1695
1852 106 1851
1854 17 1191
1856 16 459
1858 1855 1857
1860 994 1858
1862 1180 1861
1864 884 1686
1866 25 1865
1868 1853 1866
1870 1863 1868
1872 1849 1871
1874 26 1873
1876 146 991
1878 21 779
1880 1877 1878
1882 18 1092
1884 517 1882
1886 839 1297
1888 19 1887
1890 1649 1885
1892 1889 1890
1894 1881 1893
1896 540 1895
1898 1186 1859
1900 1672 1686
1902 480 1264
1904 438 991
1906 1903 1905
1908 23 1907
1910 1687 1909
1912 1264 1910
1914 24 1901
1916 1899 1914
1918 1913 1916
1920 19 1192
1922 1487 1921
1924 21 1283
1926 1695 1883
1928 1924 1926
1930 1923 1929
1932 936 1931
1934 1897 1933
1936 1919 1934
1938 27 1937
1940 1875 1939
1942 29 1941
1944 18 1194
1946 1877 1945
1948 1283 1483
1950 20 1949
1952 1946 1951
1954 540 1953
1956 19 1092
1958 20 1957
1960 544 1090
1962 1193 1961
1964 994 1962
1966 22 24
1968 1959 1966
1970 1965 1968
1972 66 1191
1974 1217 1973
1976 1484 1974
1978 19 1835
1980 2 1216
1982 228 458
1984 1979 1982
1986 1981 1984
1988 86 1987
1990 1977 1988
1992 20 936
1994 1695 1834
1996 1992 1995
1998 534 1997
2000 1971 1998
2002 1955 2000
2004 1991 2002
2006 27 28
2008 21 992
2010 17 2008
2012 24 2011
2014 20 1283
2016 1877 2014
2018 200 584
2020 17 2018
2022 1193 2021
2024 21 2022
2026 23 2025
2028 2017 2026
2030 2012 2029
2032 1702 1830
2034 25 1685
2036 18 1949
2038 2009 2037
2040 22 2039
2042 1186 2023
2044 2034 2043
2046 2033 2044
2048 2041 2046
2050 2031 2049
2052 2006 2051
2054 31 2005
2056 2053 2054
2058 1943 2056
2060 86 1904
2062 227 727
2064 1857 2062
2066 304 2065
2068 23 2067
2070 16 1837
2072 109 991
2074 2071 2073
2076 20 2075
2078 2068 2077
2080 106 1974
2082 19 1963
2084 1883 2083
2086 126 2084
2088 25 2087
2090 2081 2088
2092 2079 2090
2094 2061 2093
2096 26 2095
2098 21 991
2100 2084 2099
2102 23 2101
2104 993 1297
2106 1672 2105
2108 19 1326
2110 20 2109
2112 1877 2110
2114 2025 2113
2116 2107 2115
2118 22 2117
2120 2103 2119
2122 24 2121
2124 2062 2071
2126 20 2125
2128 885 2127
2130 17 1837
2132 16 1191
2134 18 2131
2136 2133 2134
2138 2129 2137
2140 2011 2068
2142 2139 2140
2144 884 1855
2146 1218 2064
2148 306 1211
2150 2071 2148
2152 2145 2151
2154 2147 2152
2156 22 2155
2158 25 2143
2160 2157 2158
2162 2123 2161
2164 27 2163
2166 2097 2165
2168 32 2167
2170 2059 2169
2172 368 594
2174 1446 2173
2176 1702 2175
2178 48 406
2180 594 991
2182 2179 2181
2184 21 2182
2186 308 1275
2188 544 991
2190 829 2189
2192 8 1070
2194 2 372
2196 2193 2195
2198 2190 2196
2200 306 2198
2202 2185 2201
2204 2187 2202
2206 22 2204
2208 2177 2207
2210 750 2209
2212 27 991
2214 69 2199
2216 21 2215
2218 19 1272
2220 1484 2219
2222 2217 2221
2224 23 2223
2226 2012 2212
2228 2225 2226
2230 884 991
2232 490 2192
2234 19 423
2236 673 2235
2238 2181 2237
2240 2233 2238
2242 1268 2240
2244 18 1211
2246 20 2245
2248 2243 2246
2250 2182 2196
2252 304 2251
2254 1966 2231
2256 2253 2254
2258 2249 2256
2260 1352 1447
2262 304 370
2264 17 368
2266 2 368
2268 16 2266
2270 517 2269
2272 1283 2265
2274 2270 2272
2276 96 2275
2278 86 2263
2280 2261 2278
2282 2277 2280
2284 26 2259
2286 2283 2284
2288 2229 2287
2290 2211 2288
2292 26 540
2294 20 2219
2296 994 2190
2298 2295 2297
2300 2292 2299
2302 22 118
2304 544 992
2306 1211 2270
2308 20 2305
2310 2307 2308
2312 2099 2302
2314 2311 2312
2316 2301 2315
2318 2291 2316
2320 28 2319
2322 2 1266
2324 20 2323
2326 2307 2324
2328 1217 2174
2330 106 2329
2332 19 1483
2334 632 1483
2336 23 2335
2338 21 2336
2340 2333 2338
2342 262 2327
2344 2331 2341
2346 2342 2344
2348 136 1274
2350 136 2191
2352 25 2351
2354 2349 2352
2356 18 2178
2358 2 1876
2360 2357 2359
2362 1319 2360
2364 2219 2362
2366 106 2365
2368 22 2248
2370 2354 2367
2372 2369 2370
2374 89 1180
2376 1865 2375
2378 1446 2269
2380 126 2379
2382 24 1905
2384 2376 2382
2386 1909 2384
2388 2381 2386
2390 2373 2389
2392 27 2391
2394 305 2185
2396 1276 2395
2398 22 1647
2400 2397 2398
2402 18 54
2404 2379 2402
2406 118 2405
2408 2401 2406
2410 2347 2409
2412 2393 2410
2414 29 2413
2416 31 2321
2418 2415 2416
2420 515 2267
2422 1198 2420
2424 18 2423
2426 511 995
2428 2425 2427
2430 59 354
2432 443 2431
2434 66 2433
2436 368 2435
2438 485 2436
2440 20 1945
2442 2439 2440
2444 2429 2443
2446 779 2445
2448 540 2447
2450 1966 2222
2452 1319 2250
2454 20 2453
2456 86 2454
2458 88 370
2460 96 2423
2462 18 1950
2464 2459 2461
2466 2463 2464
2468 936 2467
2470 2451 2457
2472 2469 2470
2474 2449 2472
2476 27 2475
2478 360 370
2480 23 2479
2482 304 2423
2484 2009 2480
2486 2483 2484
2488 839 1948
2490 96 2489
2492 22 2491
2494 2455 2492
2496 25 2487
2498 2495 2496
2500 233 885
2502 1670 2500
2504 2499 2503
2506 26 2505
2508 2477 2507
2510 32 2509
2512 2419 2511
2514 750 1182
2516 262 2377
2518 26 991
2520 2034 2518
2522 2515 2521
2524 2517 2522
2526 28 2525
2528 1967 2013
2530 2518 2529
2532 1686 1688
2534 1183 2533
2536 118 2535
2538 2531 2537
2540 29 2539
2542 29 1911
2544 2533 2543
2546 34 2545
2548 2527 2541
2550 2547 2548
2552 31 2551
2554 1692 2213
2556 32 2555
2558 2528 2556
2560 2553 2559
2562 3 48
2564 7 2562
2566 367 455
2568 586 2567
2570 515 2565
2572 2569 2570
2574 146 2573
2576 11 548
2578 6 372
2580 1268 2579
2582 2577 2580
2584 66 2583
2586 454 584
2588 2565 2587
2590 232 2589
2592 66 991
2594 4 548
2596 369 2595
2598 2592 2596
2600 7 656
2602 54 2601
2604 2591 2602
2606 2599 2604
2608 2575 2606
2610 2585 2608
2612 19 829
2614 17 2581
2616 853 2612
2618 2615 2616
2620 457 1446
2622 1707 2621
2624 2569 2623
2626 17 2625
2628 5 1707
2630 1268 2629
2632 16 2631
2634 18 2633
2636 2627 2634
2638 20 2619
2640 2637 2638
2642 673 2333
2644 2627 2643
2646 21 831
2648 371 457
2650 2628 2649
2652 587 1193
2654 2651 2652
2656 510 2655
2658 2647 2657
2660 2645 2659
2662 2641 2661
2664 22 2663
2666 587 1074
2668 2565 2666
2670 2234 2669
2672 7 372
2674 108 2672
2676 20 2675
2678 1319 2676
2680 2671 2678
2682 23 2681
2684 2665 2683
2686 24 2611
2688 2685 2686
2690 309 2433
2692 5 548
2694 6 2192
2696 2693 2695
2698 3 2697
2700 2189 2699
2702 70 2701
2704 917 1855
2706 2703 2704
2708 884 2707
2710 354 2567
2712 453 2711
2714 16 2713
2716 375 2431
2718 17 2717
2720 2715 2719
2722 96 2721
2724 2691 2723
2726 2709 2724
2728 936 2727
2730 595 1216
2732 1189 2712
2734 705 2732
2736 2730 2735
2738 917 2431
2740 19 2739
2742 20 2741
2744 2737 2742
2746 2 2597
2748 2699 2747
2750 232 2749
2752 108 2713
2754 17 2433
2756 21 2755
2758 793 2756
2760 2751 2753
2762 2758 2760
2764 540 2745
2766 2763 2764
2768 2729 2767
2770 2689 2768
2772 27 2771
2774 16 2573
2776 1924 2775
2778 305 2777
2780 1946 2779
2782 1353 2778
2784 1432 2673
2786 2783 2784
2788 2781 2787
2790 86 2789
2792 2179 2630
2794 1578 2793
2796 2753 2795
2798 21 2797
2800 19 2433
2802 2738 2801
2804 20 2803
2806 517 2755
2808 304 2807
2810 540 2805
2812 2809 2810
2814 2799 2812
2816 510 2733
2818 19 447
2820 2703 2818
2822 2577 2673
2824 17 2823
2826 18 2825
2828 2775 2826
2830 2821 2829
2832 21 2831
2834 2681 2833
2836 936 2817
2838 2835 2836
2840 26 2815
2842 2791 2840
2844 2839 2842
2846 32 2845
2848 2773 2846
2850 357 2267
2852 16 2851
2854 19 2755
2856 2853 2854
2858 18 2582
2860 54 2857
2862 2859 2860
2864 12 194
2866 713 2595
2868 2865 2866
2870 14 966
2872 1828 2868
2874 2871 2872
2876 1268 2651
2878 16 457
2880 2876 2878
2882 19 136
2884 2875 2882
2886 2881 2884
2888 183 584
2890 12 2888
2892 188 1308
2894 1268 2893
2896 419 2894
2898 2891 2897
2900 2587 2898
2902 17 2901
2904 2853 2903
2906 136 2905
2908 667 2850
2910 126 2909
2912 2907 2911
2914 18 2913
2916 448 1268
2918 1186 2917
2920 549 2267
2922 232 2920
2924 233 2432
2926 106 2925
2928 2923 2926
2930 2919 2929
2932 2863 2930
2934 2887 2932
2936 2915 2934
2938 24 2937
2940 477 2876
2942 20 1578
2944 2941 2942
2946 705 918
2948 21 2947
2950 1193 2876
2952 1214 2951
2954 2949 2953
2956 584 694
2958 2623 2957
2960 16 2959
2962 17 2877
2964 19 2963
2966 2961 2964
2968 2955 2967
2970 2755 2961
2972 884 2971
2974 22 2945
2976 2969 2974
2978 2973 2976
2980 17 2959
2982 2643 2981
2984 1283 2963
2986 942 2984
2988 2983 2987
2990 136 2989
2992 146 2959
2994 780 2993
2996 25 2995
2998 2991 2996
3000 2979 2998
3002 2939 3001
3004 29 3003
3006 477 2181
3008 19 3007
3010 670 3009
3012 2993 3010
3014 505 1889
3016 2758 3014
3018 86 3017
3020 3013 3018
3022 2234 2806
3024 375 2587
3026 2648 3024
3028 18 1273
3030 3026 3028
3032 20 3023
3034 3031 3032
3036 17 372
3038 2627 3037
3040 752 3039
3042 936 3035
3044 3041 3042
3046 18 71
3048 3006 3046
3050 392 2189
3052 3038 3050
3054 21 3049
3056 3053 3054
3058 56 1308
3060 517 547
3062 227 3059
3064 3060 3062
3066 306 3065
3068 71 884
3070 2921 3068
3072 3067 3071
3074 3057 3072
3076 22 3075
3078 2244 3026
3080 4 60
3082 8 454
3084 3081 3083
3086 481 3084
3088 1430 3086
3090 3079 3089
3092 20 3091
3094 3 3085
3096 1268 3095
3098 515 3096
3100 19 2173
3102 3099 3100
3104 21 3103
3106 18 2717
3108 3104 3107
3110 1352 2716
3112 3093 3111
3114 3109 3112
3116 23 3115
3118 25 3117
3120 3077 3119
3122 3045 3121
3124 3021 3123
3126 28 3125
3128 3005 3127
3130 27 3129
3132 1214 2655
3134 2949 3133
3136 7 568
3138 19 3137
3140 2627 3138
3142 3135 3141
3144 16 2581
3146 2237 3145
3148 8 366
3150 17 3148
3152 18 705
3154 3151 3152
3156 2700 3154
3158 20 3147
3160 3157 3158
3162 22 3161
3164 3143 3162
3166 18 2433
3168 21 3166
3170 23 3169
3172 16 2717
3174 17 2713
3176 3173 3175
3178 96 3177
3180 2704 3137
3182 19 3181
3184 6 150
3186 2357 3185
3188 3183 3186
3190 20 3189
3192 3170 3179
3194 3191 3192
3196 3165 3195
3198 24 3197
3200 2612 2963
3202 2946 3137
3204 3201 3203
3206 20 3205
3208 942 3038
3210 369 1305
3212 16 3211
3214 2431 2693
3216 1210 3214
3218 19 3217
3220 3213 3218
3222 3209 3221
3224 21 3223
3226 3207 3225
3228 540 3227
3230 3154 3213
3232 16 3215
3234 19 227
3236 3233 3234
3238 3231 3237
3240 938 3239
3242 60 672
3244 369 3243
3246 2748 3244
3248 17 3247
3250 20 3173
3252 936 3250
3254 3249 3252
3256 534 3241
3258 3255 3256
3260 3199 3258
3262 3229 3260
3264 490 991
3266 19 3264
3268 20 2595
3270 2420 3268
3272 89 3271
3274 3267 3273
3276 146 3099
3278 2269 3277
3280 3104 3278
3282 3275 3281
3284 22 3283
3286 149 3265
3288 3273 3286
3290 232 3099
3292 3 64
3294 66 2899
3296 2267 2431
3298 443 3296
3300 16 3299
3302 2730 3301
3304 54 3293
3306 3291 3304
3308 3295 3303
3310 3306 3308
3312 3289 3311
3314 3285 3312
3316 18 3299
3318 2189 3316
3320 126 2755
3322 3318 3320
3324 24 3323
3326 3315 3324
3328 2629 3081
3330 490 3329
3332 2854 3331
3334 18 2269
3336 494 3334
3338 2984 3336
3340 21 3333
3342 3339 3340
3344 697 1268
3346 1005 3344
3348 884 3347
3350 17 616
3352 2267 3350
3354 2 416
3356 16 3355
3358 2868 3356
3360 306 3359
3362 3353 3360
3364 936 3349
3366 3363 3364
3368 3343 3366
3370 304 2917
3372 540 2801
3374 3371 3372
3376 2973 3374
3378 628 3369
3380 3377 3378
3382 3327 3380
3384 31 3383
3386 3263 3384
3388 3131 3386
3390 2849 3389
3392 19 623
3394 202 2579
3396 19 967
3398 1775 3396
3400 3395 3398
3402 3392 3401
3404 1051 1063
3406 3 3405
3408 967 3407
3410 18 3409
3412 21 3411
3414 3403 3412
3416 2 977
3418 3407 3417
3420 3 1751
3422 967 3421
3424 108 3422
3426 23 3419
3428 3425 3426
3430 55 3429
3432 3415 3431
3434 118 3433
3436 17 969
3438 3 405
3440 401 3438
3442 967 3441
3444 16 3443
3446 89 97
3448 623 3446
3450 3437 3448
3452 3445 3450
3454 17 3443
3456 1750 3083
3458 2579 3457
3460 196 1706
3462 3459 3461
3464 2 3463
3466 3 199
3468 1071 3466
3470 3465 3469
3472 16 3471
3474 201 3472
3476 96 3455
3478 3475 3476
3480 3453 3479
3482 1140 3481
3484 3435 3483
3486 16 199
3488 18 3455
3490 3487 3488
3492 17 3423
3494 19 205
3496 3493 3494
3498 20 3497
3500 3491 3498
3502 19 3487
3504 155 3503
3506 4 456
3508 16 3507
3510 3417 3421
3512 17 3510
3514 3509 3513
3516 3505 3515
3518 17 3419
3520 18 3519
3522 3475 3520
3524 21 3517
3526 3523 3524
3528 3501 3527
3530 22 3529
3532 3485 3531
3534 2579 3466
3536 1067 3535
3538 146 3536
3540 1091 2695
3542 3462 3540
3544 3 3543
3546 3465 3545
3548 17 3547
3550 3502 3549
3552 108 968
3554 3539 3553
3556 3551 3554
3558 106 3557
3560 3436 3471
3562 2 2192
3564 3444 3563
3566 18 3565
3568 3561 3566
3570 3 3460
3572 19 979
3574 3571 3572
3576 3473 3574
3578 21 3569
3580 3577 3578
3582 23 3501
3584 3581 3582
3586 244 445
3588 146 3546
3590 967 3395
3592 147 3590
3594 3589 3593
3596 126 3587
3598 3595 3596
3600 24 3599
3602 3559 3600
3604 3585 3602
3606 967 3439
3608 96 3606
3610 304 976
3612 66 976
3614 3417 3467
3616 481 3614
3618 3613 3617
3620 20 3619
3622 295 2579
3624 354 3623
3626 2 3405
3628 357 360
3630 1081 3628
3632 3625 3630
3634 3627 3632
3636 936 3611
3638 3609 3636
3640 3635 3638
3642 3621 3640
3644 551 3459
3646 232 3645
3648 3411 3519
3650 3647 3648
3652 21 3651
3654 1352 3409
3656 88 3511
3658 3655 3657
3660 3653 3658
3662 540 3661
3664 27 3643
3666 3663 3664
3668 3605 3666
3670 3533 3669
3672 32 3671
3674 1750 3095
3676 16 3675
3678 184 189
3680 396 3679
3682 312 3681
3684 4 184
3686 455 3684
3688 5 3678
3690 181 3689
3692 3687 3690
3694 354 3693
3696 2889 3683
3698 3695 3696
3700 3465 3698
3702 17 3701
3704 3677 3703
3706 884 3705
3708 294 584
3710 515 3544
3712 3709 3711
3714 16 3713
3716 3 202
3718 357 3717
3720 3417 3718
3722 13 3721
3724 17 3722
3726 3715 3725
3728 306 3727
3730 23 34
3732 18 3571
3734 3422 3732
3736 19 3437
3738 3677 3736
3740 21 3735
3742 3739 3740
3744 3730 3743
3746 3707 3744
3748 3729 3746
3750 443 977
3752 1305 3750
3754 108 3753
3756 16 3607
3758 979 3757
3760 2711 3759
3762 19 3761
3764 146 3674
3766 20 3755
3768 3765 3766
3770 3763 3768
3772 27 1966
3774 438 3752
3776 1672 3419
3778 3772 3775
3780 3777 3778
3782 3771 3780
3784 16 977
3786 3493 3785
3788 23 987
3790 884 3789
3792 3787 3790
3794 3083 3719
3796 3 3795
3798 415 3796
3800 2 976
3802 146 3801
3804 3799 3802
3806 2 3786
3808 19 3797
3810 3807 3808
3812 108 3423
3814 22 3813
3816 3805 3814
3818 3811 3816
3820 108 3511
3822 232 3721
3824 16 23
3826 3789 3825
3828 66 3699
3830 3821 3827
3832 3829 3830
3834 3823 3832
3836 21 3835
3838 3819 3836
3840 551 3709
3842 3563 3840
3844 1073 3795
3846 3842 3844
3848 17 3847
3850 3 977
3852 3627 3851
3854 16 3853
3856 3785 3855
3858 3849 3856
3860 306 3859
3862 262 3793
3864 3861 3862
3866 3839 3864
3868 373 966
3870 3545 3869
3872 16 3871
3874 1071 3544
3876 967 3875
3878 17 3877
3880 19 3879
3882 565 3881
3884 3873 3883
3886 18 1775
3888 3876 3886
3890 21 3889
3892 3885 3890
3894 3437 3873
3896 18 3895
3898 232 515
3900 3877 3898
3902 357 968
3904 66 3903
3906 22 3905
3908 3901 3906
3910 3897 3908
3912 107 3911
3914 3893 3913
3916 18 3902
3918 147 3917
3920 3879 3919
3922 17 3871
3924 3502 3923
3926 3921 3925
3928 136 3927
3930 146 3871
3932 54 245
3934 1763 3932
3936 3931 3934
3938 3929 3937
3940 3915 3938
3942 27 3941
3944 18 403
3946 3084 3944
3948 3422 3946
3950 147 3949
3952 3879 3951
3954 3398 3875
3956 21 3955
3958 3953 3956
3960 3149 3438
3962 3396 3961
3964 233 3963
3966 16 3722
3968 3847 3966
3970 3965 3969
3972 354 1064
3974 2566 3972
3976 18 1081
3978 3417 3976
3980 3975 3978
3982 20 3981
3984 3971 3982
3986 22 3985
3988 3959 3986
3990 3519 3873
3992 884 3991
3994 304 3760
3996 19 3419
3998 23 3997
4000 3995 3998
4002 3993 4000
4004 3989 4003
4006 26 4005
4008 3943 4007
4010 25 4009
4012 29 3783
4014 3749 4012
4016 3867 4014
4018 4011 4016
4020 20 3489
4022 358 3463
4024 4021 4023
4026 17 3615
4028 19 4027
4030 3565 4028
4032 4025 4031
4034 304 3615
4036 96 3607
4038 23 4035
4040 4037 4038
4042 4033 4040
4044 3536 3886
4046 204 2195
4048 19 4047
4050 3549 4048
4052 21 4045
4054 4051 4052
4056 3405 4026
4058 18 4057
4060 357 375
4062 3784 4060
4064 4058 4063
4066 3590 3736
4068 20 4067
4070 4065 4068
4072 22 4071
4074 4055 4072
4076 4043 4075
4078 24 4077
4080 3445 3883
4082 3441 3709
4084 17 4083
4086 18 4047
4088 4085 4086
4090 20 4089
4092 4081 4090
4094 695 3406
4096 3625 4095
4098 3975 4096
4100 3465 4098
4102 17 4101
4104 3919 4103
4106 4 550
4108 3404 4107
4110 510 4109
4112 1214 3149
4114 3409 4112
4116 305 4111
4118 4115 4116
4120 4105 4119
4122 23 4121
4124 4093 4122
4126 2695 3466
4128 3842 4127
4130 17 4129
4132 3757 4131
4134 20 673
4136 4133 4134
4138 21 4059
4140 4115 4139
4142 490 3405
4144 19 3852
4146 233 4145
4148 544 3457
4150 4143 4149
4152 4147 4150
4154 4141 4153
4156 306 3416
4158 22 4157
4160 4137 4158
4162 4155 4160
4164 4125 4163
4166 25 4165
4168 4079 4167
4170 26 4169
4172 66 4101
4174 968 1051
4176 146 4175
4178 106 3445
4180 4177 4178
4182 4173 4180
4184 967 4096
4186 146 4184
4188 108 4100
4190 1067 4096
4192 16 4175
4194 19 4190
4196 4193 4194
4198 4187 4189
4200 4197 4198
4202 126 4201
4204 3788 3811
4206 137 4205
4208 3083 3716
4210 481 3417
4212 4209 4210
4214 20 3613
4216 4213 4214
4218 4189 4216
4220 4207 4219
4222 25 4183
4224 4203 4222
4226 4221 4224
4228 695 4126
4230 967 4229
4232 481 4231
4234 18 3854
4236 4233 4235
4238 4173 4236
4240 21 4239
4242 3627 3844
4244 16 4243
4246 4147 4245
4248 146 3753
4250 20 3425
4252 4249 4250
4254 4247 4252
4256 4241 4255
4258 1966 4257
4260 66 4185
4262 3931 4261
4264 20 4263
4266 146 4191
4268 66 4083
4270 4267 4269
4272 21 4271
4274 4193 4273
4276 4265 4274
4278 86 4277
4280 27 4227
4282 4259 4279
4284 4280 4282
4286 28 4285
4288 4171 4286
4290 31 4019
4292 4289 4290
4294 3673 4293
4296 1299 2359
4298 3350 3541
4300 21 4299
4302 305 4301
4304 4296 4303
4306 2189 4299
4308 18 4307
4310 1093 1268
4312 66 4311
4314 3 2597
4316 200 4314
4318 16 4316
4320 20 4319
4322 4313 4320
4324 4309 4322
4326 22 4305
4328 4325 4326
4330 2 3541
4332 2563 4331
4334 17 4333
4336 18 1297
4338 569 4336
4340 4335 4338
4342 16 4333
4344 3100 4343
4346 54 4341
4348 4345 4346
4350 24 2351
4352 4349 4350
4354 4329 4352
4356 367 2431
4358 16 4357
4360 61 443
4362 355 4361
4364 2651 4363
4366 4358 4365
4368 2173 4367
4370 96 4369
4372 108 2430
4374 88 4373
4376 3299 4374
4378 885 2718
4380 540 4379
4382 4377 4380
4384 4371 4382
4386 18 3297
4388 21 1197
4390 706 4388
4392 305 4391
4394 4387 4393
4396 457 4363
4398 108 4397
4400 18 2264
4402 4399 4401
4404 20 853
4406 3296 4404
4408 885 4407
4410 4402 4409
4412 4395 4411
4414 936 4413
4416 27 4385
4418 4415 4416
4420 4355 4418
4422 3392 4343
4424 1878 4423
4426 442 2576
4428 16 4426
4430 18 4429
4432 4424 4431
4434 375 4427
4436 387 4434
4438 17 4437
4440 2181 4439
4442 4433 4440
4444 307 4425
4446 1140 4445
4448 4443 4446
4450 23 3299
4452 55 4451
4454 146 2717
4456 21 4455
4458 2189 4317
4460 19 4459
4462 4456 4461
4464 4453 4463
4466 20 2190
4468 72 2581
4470 108 4333
4472 21 2265
4474 4469 4472
4476 4471 4474
4478 22 4467
4480 4477 4478
4482 4465 4481
4484 118 4483
4486 4449 4485
4488 4421 4486
4490 32 4489
4492 698 3299
4494 375 4493
4496 481 4495
4498 17 3297
4500 19 4498
4502 4497 4501
4504 136 4503
4506 2673 4334
4508 19 4506
4510 2189 2357
4512 4509 4510
4514 106 4513
4516 727 2711
4518 2269 4516
4520 19 4519
4522 4387 4521
4524 54 4523
4526 2615 3173
4528 19 4526
4530 109 126
4532 2859 4530
4534 4529 4532
4536 2673 2717
4538 4331 4537
4540 360 4539
4542 750 4541
4544 4525 4542
4546 4535 4544
4548 4505 4546
4550 4515 4548
4552 494 839
4554 3317 4552
4556 54 4555
4558 2244 3540
4560 19 1297
4562 569 4560
4564 2265 4562
4566 136 4565
4568 4559 4566
4570 108 4365
4572 2850 3083
4574 146 4573
4576 1958 2305
4578 4575 4576
4580 4571 4578
4582 232 1307
4584 2323 4583
4586 4303 4584
4588 22 4581
4590 4587 4588
4592 262 4569
4594 4557 4592
4596 4591 4594
4598 481 2581
4600 106 4599
4602 4509 4600
4604 515 3563
4606 4060 4604
4608 146 4607
4610 3250 4609
4612 2585 4610
4614 18 4527
4616 19 2562
4618 2395 4617
4620 4615 4618
4622 4613 4621
4624 23 4623
4626 453 4434
4628 232 4627
4630 369 1311
4632 146 4631
4634 126 4373
4636 4633 4634
4638 4629 4636
4640 4603 4639
4642 4625 4640
4644 34 4643
4646 369 2696
4648 544 4647
4650 17 4573
4652 4649 4651
4654 304 4653
4656 232 3297
4658 4 662
4660 17 4659
4662 4397 4660
4664 494 4663
4666 20 4665
4668 22 4657
4670 4655 4668
4672 4667 4670
4674 17 1431
4676 727 4675
4678 2332 4676
4680 16 1307
4682 18 2182
4684 4681 4682
4686 4679 4685
4688 20 4687
4690 1406 4507
4692 2180 2567
4694 19 4693
4696 4649 4694
4698 4691 4697
4700 21 4699
4702 4689 4701
4704 23 4703
4706 4673 4705
4708 118 4707
4710 4551 4597
4712 4645 4710
4714 4709 4712
4716 28 4715
4718 369 3095
4720 1197 4719
4722 306 4721
4724 2756 3317
4726 361 4725
4728 4630 4727
4730 1268 4315
4732 17 884
4734 4730 4732
4736 4723 4735
4738 4729 4736
4740 3772 4739
4742 917 4675
4744 1406 4742
4746 20 4745
4748 305 4747
4750 4561 4746
4752 17 4607
4754 4751 4753
4756 23 4749
4758 4755 4756
4760 16 4607
4762 4676 4761
4764 19 4763
4766 21 1327
4768 853 1195
4770 4766 4768
4772 97 4771
4774 2323 4773
4776 4765 4774
4778 18 4760
4780 146 1092
4782 1921 4781
4784 802 4782
4786 2305 4784
4788 4779 4786
4790 22 4789
4792 4777 4790
4794 750 4793
4796 4759 4794
4798 16 3097
4800 106 4742
4802 4799 4800
4804 54 4721
4806 126 1193
4808 4718 4806
4810 17 3299
4812 136 4761
4814 4811 4812
4816 18 4809
4818 4805 4816
4820 4815 4818
4822 4803 4820
4824 60 594
4826 20 4825
4828 17 1313
4830 4 708
4832 70 4831
4834 4826 4833
4836 4829 4834
4838 3265 4766
4840 22 4839
4842 4837 4840
4844 4451 4843
4846 19 4845
4848 118 4847
4850 4823 4848
4852 232 4731
4854 2109 3730
4856 1981 4854
4858 379 4856
4860 4853 4858
4862 1777 4861
4864 1268 4060
4866 358 4865
4868 20 2893
4870 226 4868
4872 885 4871
4874 4867 4872
4876 108 4730
4878 14 3681
4880 3868 4878
4882 14 4536
4884 146 4883
4886 4881 4884
4888 4875 4877
4890 4887 4888
4892 4863 4891
4894 493 3151
4896 19 4895
4898 149 4387
4900 2265 4899
4902 4897 4901
4904 20 3293
4906 3047 4904
4908 4827 4907
4910 137 4908
4912 4903 4911
4914 146 2713
4916 4373 4915
4918 4521 4916
4920 106 4919
4922 232 2712
4924 66 2871
4926 4883 4924
4928 3046 4499
4930 54 4923
4932 4927 4930
4934 4929 4932
4936 262 4921
4938 4935 4936
4940 4913 4938
4942 4741 4893
4944 4851 4941
4946 4942 4944
4948 4797 4946
4950 29 4949
4952 31 4951
4954 4717 4952
4956 4491 4955
4958 357 371
4960 71 4958
4962 20 155
4964 4960 4962
4966 230 4958
4968 4965 4967
4970 22 4969
4972 21 4825
4974 168 2649
4976 4972 4975
4978 97 4977
4980 369 1189
4982 3508 4980
4984 233 3243
4986 4983 4985
4988 4979 4987
4990 3 4403
4992 453 1197
4994 19 4993
4996 4909 4995
4998 4991 4996
5000 4989 4999
5002 23 5001
5004 4971 5003
5006 750 5005
5008 443 1193
5010 858 5009
5012 4979 5011
5014 540 5013
5016 19 3509
5018 2649 5016
5020 373 2431
5022 108 5021
5024 355 1978
5026 1711 5023
5028 5019 5026
5030 5025 5028
5032 938 5031
5034 5015 5033
5036 2801 4993
5038 20 5037
5040 5035 5039
5042 579 1921
5044 1992 5043
5046 16 5021
5048 96 5047
5050 97 727
5052 86 5051
5054 885 5052
5056 5049 5054
5058 26 5045
5060 5057 5058
5062 5041 5060
5064 1776 5042
5066 146 5009
5068 2755 3037
5070 19 5069
5072 106 1957
5074 5067 5072
5076 5071 5074
5078 858 1297
5080 18 4768
5082 5068 5080
5084 5079 5083
5086 126 5085
5088 146 5021
5090 829 1961
5092 698 5090
5094 2818 5093
5096 54 5089
5098 5095 5096
5100 5077 5099
5102 5087 5100
5104 34 5103
5106 32 5065
5108 5105 5106
5110 5063 5108
5112 5007 5110
5114 21 515
5116 97 5115
5118 232 1837
5120 4854 5117
5122 5119 5120
5124 17 2894
5126 5016 5125
5128 8 710
5130 2433 5129
5132 2871 5131
5134 146 587
5136 5133 5134
5138 20 3730
5140 1839 5138
5142 5127 5140
5144 5137 5142
5146 108 4361
5148 2305 5147
5150 21 5149
5152 2 4830
5154 1268 4831
5156 16 306
5158 5153 5156
5160 5155 5158
5162 884 2717
5164 1352 4361
5166 2302 5163
5168 5165 5166
5170 5161 5168
5172 5151 5170
5174 1268 3507
5176 16 5175
5178 4781 5177
5180 22 308
5182 5179 5180
5184 17 23
5186 309 5184
5188 5175 5186
5190 750 5189
5192 2230 5175
5194 17 453
5196 5192 5195
5198 705 3265
5200 3168 5199
5202 2292 3243
5204 5197 5202
5206 5201 5204
5208 5191 5207
5210 5183 5209
5212 663 4972
5214 4657 5212
5216 19 5199
5218 20 5217
5220 4898 5218
5222 5215 5221
5224 3772 5223
5226 66 5133
5228 232 3058
5230 54 5229
5232 663 5230
5234 2189 5232
5236 5227 5234
5238 547 4829
5240 19 5239
5242 22 3302
5244 23 2269
5246 1980 5244
5248 20 5241
5250 5247 5248
5252 5243 5250
5254 17 1004
5256 3059 5255
5258 19 5257
5260 596 3059
5262 1216 5261
5264 106 5263
5266 5259 5264
5268 5237 5267
5270 5253 5268
5272 262 5271
5274 5123 5173
5276 5145 5274
5278 5225 5276
5280 5211 5278
5282 5273 5280
5284 29 5283
5286 309 389
5288 5193 5287
5290 5184 5289
5292 477 3037
5294 19 5293
5296 21 2731
5298 3267 5296
5300 5295 5298
5302 1649 5025
5304 839 3318
5306 19 3080
5308 5302 5307
5310 5305 5308
5312 5301 5311
5314 22 5313
5316 519 5315
5318 5291 5317
5320 27 5319
5322 19 4959
5324 5090 5323
5326 233 5325
5328 136 5327
5330 54 65
5332 4960 5330
5334 26 5333
5336 5329 5334
5338 24 5337
5340 18 5176
5342 1197 4811
5344 18 5343
5346 802 5341
5348 5345 5346
5350 235 4773
5352 5071 5350
5354 5349 5353
5356 1966 5355
5358 5339 5357
5360 5321 5359
5362 2269 3233
5364 4811 5362
5366 18 5365
5368 21 452
5370 16 5368
5372 995 5371
5374 5367 5373
5376 17 4357
5378 4964 5377
5380 22 5379
5382 5375 5380
5384 136 150
5386 18 5292
5388 705 4694
5390 5362 5388
5392 54 5387
5394 5391 5392
5396 118 5385
5398 5395 5396
5400 5383 5398
5402 3265 5114
5404 5295 5402
5406 1266 2652
5408 20 5407
5410 477 565
5412 5408 5410
5414 5405 5413
5416 22 5415
5418 664 5259
5420 484 696
5422 226 672
5424 5408 5423
5426 5421 5424
5428 5419 5427
5430 23 5429
5432 5417 5431
5434 750 5433
5436 5401 5435
5438 5361 5436
5440 28 5439
5442 31 5285
5444 5441 5442
5446 5113 5445
5448 2270 5377
5450 19 5449
5452 670 2755
5454 5451 5452
5456 21 456
5458 995 5457
5460 2181 3167
5462 5459 5460
5464 22 5463
5466 5455 5464
5468 2332 2891
5470 2336 5469
5472 137 5471
5474 794 1877
5476 5451 5474
5478 5473 5477
5480 24 5467
5482 5479 5480
5484 1268 2265
5486 448 5484
5488 2402 5487
5490 19 4359
5492 4833 5490
5494 445 3296
5496 5492 5494
5498 18 3344
5500 126 5499
5502 5497 5500
5504 635 1273
5506 3334 5504
5508 106 2241
5510 5507 5508
5512 25 5489
5514 5503 5512
5516 5511 5514
5518 5483 5517
5520 26 5519
5522 18 1432
5524 2333 5523
5526 2395 5525
5528 2 395
5530 1030 5528
5532 2189 2593
5534 5531 5532
5536 1922 5534
5538 23 5537
5540 5527 5538
5542 306 5486
5544 2247 3301
5546 22 305
5548 5543 5546
5550 5545 5548
5552 24 5541
5554 5551 5552
5556 884 2182
5558 727 2131
5560 306 1432
5562 5558 5560
5564 1433 2592
5566 21 2362
5568 5565 5566
5570 22 5557
5572 5563 5570
5574 5569 5572
5576 136 1838
5578 2354 5577
5580 5575 5578
5582 5555 5581
5584 27 5583
5586 5521 5585
5588 29 5587
5590 1197 2189
5592 4499 5590
5594 18 5593
5596 2 992
5598 5011 5597
5600 126 5598
5602 5595 5600
5604 1855 5244
5606 285 5605
5608 18 3264
5610 657 1695
5612 5609 5610
5614 1973 5612
5616 2360 5614
5618 20 5617
5620 5607 5619
5622 146 4310
5624 2190 2854
5626 587 5008
5628 108 5626
5630 5623 5629
5632 5625 5630
5634 106 5633
5636 24 5603
5638 5635 5636
5640 5621 5638
5642 544 3085
5644 96 4107
5646 5643 5644
5648 4466 4781
5650 5565 5648
5652 579 2071
5654 304 5652
5656 540 5647
5658 5655 5656
5660 5651 5658
5662 1188 4899
5664 1647 2943
5666 5663 5665
5668 4499 5643
5670 18 5669
5672 992 2131
5674 4992 5672
5676 21 5675
5678 5671 5676
5680 936 5667
5682 5679 5680
5684 534 5661
5686 5683 5684
5688 5641 5686
5690 510 1956
5692 2224 5691
5694 3319 5673
5696 20 5695
5698 109 1314
5700 21 481
5702 2263 5701
5704 5699 5703
5706 22 5705
5708 5697 5706
5710 24 5693
5712 5709 5710
5714 568 1992
5716 936 2204
5718 481 3345
5720 20 657
5722 5719 5720
5724 540 5458
5726 5723 5724
5728 2006 5715
5730 5727 5728
5732 5717 5730
5734 5713 5732
5736 31 5689
5738 5735 5736
5740 5589 5738
5742 18 1315
5744 232 2667
5746 3006 5745
5748 5743 5746
5750 126 5748
5752 227 1980
5754 5598 5753
5756 21 5755
5758 2480 5757
5760 1240 2181
5762 5217 5761
5764 106 5763
5766 25 5765
5768 5759 5766
5770 5751 5768
5772 20 1317
5774 18 3265
5776 1314 5774
5778 96 517
5780 1211 5778
5782 86 5781
5784 5777 5782
5786 5773 5784
5788 5771 5787
5790 26 5789
5792 698 1210
5794 4562 5793
5796 2338 5795
5798 16 4311
5800 306 4742
5802 146 5627
5804 21 2435
5806 5803 5804
5808 5801 5807
5810 5799 5809
5812 1073 1482
5814 20 2946
5816 5813 5814
5818 22 5817
5820 5811 5818
5822 136 5749
5824 5797 5823
5826 5821 5824
5828 24 5827
5830 1855 2189
5832 884 5831
5834 2133 2267
5836 96 5835
5838 5833 5837
5840 936 5839
5842 232 4981
5844 21 5843
5846 5753 5844
5848 2324 2439
5850 540 5847
5852 5849 5850
5854 5841 5853
5856 5829 5854
5858 27 5857
5860 5791 5859
5862 32 5861
5864 5741 5863
5866 1074 2019
5868 17 5867
5870 5774 5869
5872 631 2181
5874 392 5872
5876 5871 5875
5878 106 5877
5880 706 4436
5882 858 5881
5884 2233 4429
5886 5872 5884
5888 18 5887
5890 126 5883
5892 5889 5890
5894 355 2063
5896 829 5895
5898 19 5897
5900 54 4455
5902 4296 5900
5904 5899 5902
5906 5879 5905
5908 5893 5906
5910 34 5909
5912 19 2717
5914 2563 5913
5916 2083 5914
5918 1776 5916
5920 387 4315
5922 2500 5921
5924 1218 5653
5926 5923 5925
5928 86 5927
5930 786 5913
5932 1839 5930
5934 624 5932
5936 136 990
5938 126 5916
5940 3107 5330
5942 5884 5940
5944 4439 5942
5946 25 5937
5948 5935 5946
5950 5939 5948
5952 5945 5950
5954 26 5929
5956 5953 5954
5958 286 375
5960 96 4359
5962 5558 5960
5964 23 5959
5966 5963 5964
5968 22 3169
5970 146 4362
5972 366 672
5974 794 5973
5976 4995 5974
5978 5971 5976
5980 18 370
5982 305 5115
5984 5981 5983
5986 1981 3243
5988 5984 5986
5990 5968 5989
5992 5979 5990
5994 136 5146
5996 750 5995
5998 5967 5996
6000 1913 5998
6002 5993 6000
6004 32 5919
6006 5957 6004
6008 6003 6006
6010 5911 6008
6012 17 4981
6014 18 3060
6016 6013 6014
6018 1412 5484
6020 6017 6019
6022 126 6021
6024 1267 3317
6026 66 1837
6028 106 6027
6030 3301 6028
6032 6024 6030
6034 1483 2360
6036 20 6035
6038 23 993
6040 4675 6038
6042 137 6041
6044 6037 6043
6046 25 6023
6048 6033 6046
6050 6045 6048
6052 477 993
6054 2435 6053
6056 108 5867
6058 1878 6057
6060 6055 6058
6062 579 2800
6064 20 6063
6066 6024 6064
6068 1966 6061
6070 6067 6068
6072 1877 1886
6074 4826 6072
6076 86 5989
6078 6075 6076
6080 534 6079
6082 6051 6080
6084 6071 6082
6086 547 4975
6088 461 6086
6090 4906 6089
6092 5369 6091
6094 3772 6093
6096 1776 2592
6098 34 1900
6100 29 6097
6102 6099 6100
6104 6095 6102
6106 1283 2021
6108 18 6106
6110 1195 2238
6112 54 6109
6114 6111 6112
6116 4825 5590
6118 18 6117
6120 20 6027
6122 497 6120
6124 6119 6122
6126 66 1431
6128 21 1839
6130 6127 6128
6132 22 6131
6134 6125 6132
6136 24 6115
6138 6135 6136
6140 147 1269
6142 1283 6141
6144 106 6143
6146 1186 6107
6148 19 617
6150 21 1981
6152 4995 6150
6154 6149 6152
6156 8 5718
6158 5665 6157
6160 23 6155
6162 6159 6160
6164 25 6147
6166 6145 6164
6168 6163 6166
6170 6139 6169
6172 2006 6171
6174 6105 6173
6176 136 2073
6178 993 6088
6180 304 6087
6182 22 6181
6184 6179 6183
6186 18 1448
6188 5492 5895
6190 20 6187
6192 6189 6190
6194 137 6193
6196 6185 6194
6198 25 6177
6200 6197 6198
6202 18 5873
6204 2427 5609
6206 6203 6204
6208 3060 5377
6210 19 6209
6212 2323 5452
6214 6211 6212
6216 86 6207
6218 6215 6216
6220 1877 5981
6222 6154 6220
6224 670 839
6226 1981 6224
6228 6211 6226
6230 1966 6229
6232 6223 6230
6234 6219 6233
6236 6201 6234
6238 26 6237
6240 6175 6239
6242 31 6085
6244 6241 6242
6246 6011 6245
6248 66 3562
6250 5114 6249
6252 1299 6250
6254 146 4605
6256 2110 4429
6258 6255 6256
6260 22 6253
6262 6259 6260
6264 19 2189
6266 5255 6264
6268 594 2192
6270 4336 6269
6272 54 6271
6274 6267 6272
6276 24 6275
6278 6263 6276
6280 371 1305
6282 438 6281
6284 540 2459
6286 6283 6284
6288 6014 6224
6290 306 1197
6292 5982 6291
6294 6289 6292
6296 936 6295
6298 6287 6297
6300 6279 6298
6302 27 6301
6304 96 4426
6306 2479 6305
6308 540 6307
6310 544 2192
6312 5052 6310
6314 26 6313
6316 6309 6314
6318 6303 6317
6320 18 1071
6322 547 839
6324 106 118
6326 6321 6324
6328 6323 6326
6330 6319 6329
6332 32 6331
6334 5373 6024
6336 146 1304
6338 6224 6337
6340 22 6339
6342 6335 6340
6344 2755 6269
6346 54 6345
6348 1180 3447
6350 6347 6349
6352 6343 6350
6354 25 6353
6356 1958 5345
6358 1695 6250
6360 1966 6359
6362 6357 6360
6364 2324 6072
6366 86 5985
6368 6365 6366
6370 534 6369
6372 6363 6370
6374 6355 6372
6376 2593 4455
6378 2323 6376
6380 54 6379
6382 2180 5973
6384 3173 6383
6386 20 6385
6388 21 457
6390 5255 6388
6392 305 6391
6394 1839 6393
6396 22 4905
6398 6395 6396
6400 6381 6387
6402 6399 6400
6404 262 6403
6406 2942 5152
6408 96 2232
6410 6407 6409
6412 2302 6411
6414 1776 1876
6416 29 6415
6418 6413 6416
6420 6405 6418
6422 2741 3265
6424 3169 6422
6426 2012 6424
6428 1967 6427
6430 1839 5302
6432 19 6345
6434 5298 6433
6436 22 6431
6438 6435 6436
6440 6429 6439
6442 1483 6433
6444 307 6443
6446 97 2433
6448 936 6447
6450 6445 6448
6452 3167 6393
6454 1487 2435
6456 2620 6454
6458 6453 6457
6460 540 6459
6462 6451 6461
6464 6441 6462
6466 2006 6465
6468 31 6421
6470 6375 6468
6472 6467 6470
6474 6333 6473
6476 19 5198
6478 705 2190
6480 918 6478
6482 6477 6481
6484 4393 6483
6486 20 2432
6488 23 6487
6490 6485 6488
6492 2563 4455
6494 4320 6492
6496 4456 5914
6498 22 6497
6500 6495 6498
6502 34 6491
6504 6501 6502
6506 2741 3293
6508 3170 6506
6510 785 6506
6512 20 6511
6514 2431 5913
6516 21 6515
6518 5968 6517
6520 6513 6518
6522 6509 6521
6524 750 6523
6526 5198 6448
6528 21 5921
6530 2805 3170
6532 6529 6530
6534 25 6527
6536 6533 6534
6538 90 2433
6540 26 6539
6542 6537 6540
6544 32 6525
6546 6543 6544
6548 6505 6546
6550 832 6479
6552 23 6517
6554 6551 6552
6556 599 4617
6558 20 6557
6560 1672 2717
6562 22 6561
6564 6559 6562
6566 24 6565
6568 6555 6566
6570 579 2431
6572 1992 6571
6574 936 5700
6576 452 6574
6578 6573 6577
6580 6569 6578
6582 31 534
6584 6581 6582
6586 6549 6585
i0 hready
i1 hlock_0
i2 hlock_1
i3 hbusreq_0
i4 hbusreq_1
i5 hburst_0
i6 hburst_1
l0 l0
l1 l1
l2 l2
l3 l3
l4 l4
l5 l5
l6 l6
l7 l7
o0 busreq
o1 decide
o2 locked
o3 start
o4 hmastlock
o5 hgrant_0
o6 hgrant_1
o7 hmaster_0
