REALIZABLE
aag 62 5 4 1 53
2
4
6
8
10
12 101
14 120
16 123
18 124
78
20 15 17
22 3 8
24 18 23
26 20 24
28 6 10
30 23 28
32 14 19
34 16 32
36 30 34
38 27 37
40 5 16
42 31 32
44 3 12
46 2 12
48 9 47
50 19 45
52 49 50
54 43 53
56 40 55
58 12 19
60 17 58
62 21 61
64 18 48
66 5 63
68 65 66
70 57 69
72 15 19
74 40 72
76 38 75
78 71 76
80 32 45
82 8 58
84 3 19
86 13 85
88 25 86
90 83 89
92 15 91
94 81 93
96 4 60
98 95 96
100 70 99
102 42 52
104 40 73
106 103 104
108 18 21
110 4 109
112 17 94
114 5 113
116 111 115
118 97 107
120 117 118
122 75 97
124 5 39
i0 busreq
i1 decide
i2 locked
i3 hready
i4 incr
l0 l0
l1 l1
l2 l2
l3 l3
o0 ready1
