REALIZABLE
aag 34 2 3 21 29
2
4
6 62
8 67
10 69
16
22
32
36
40
42
46
0
1
0
40
32
22
36
16
48
27
0
48
49
0
12 8 10
14 2 12
16 7 14
18 2 6
20 9 18
22 10 20
24 9 11
26 2 25
28 13 26
30 10 19
32 28 30
34 6 28
36 8 34
38 8 19
40 28 38
42 6 24
44 17 43
46 29 44
48 6 14
50 4 12
52 19 43
54 51 53
56 4 24
58 7 27
60 57 58
62 55 61
64 21 39
66 43 64
68 31 35
i0 p0p0spi2finished0spi2response
i1 p0p0on0start2mod
l0 l0
l1 l1
l2 l2
o0 u0spi2control0f1dread2cmd0f1dreg61b1b
o1 u0spi2control0f1dread2cmd0f1dreg51b1b
o2 u0spi2control0f1dread2cmd0f1dreg41b1b
o3 u0spi2control0f1dread2cmd0f1dreg31b1b
o4 u0spi2control0f1dread2cmd0f1dreg251b1b
o5 u0spi2control0f1dread2cmd0f1dreg241b1b
o6 u0spi2control0f1dread2cmd2none1b
o7 u0spi2control0spi2control
o8 u0sensor2type0f1dmy2sensor2type1b
o9 u0sensor2type0sensor2type
o10 u0reg2manager2cmd0f1dset2register0f1dmodule2type1b0f1dzero1b0spi2response1b
o11 u0reg2manager2cmd0f1dset2register0f1dmodule2type1b0f1dtwo1b0spi2response1b
o12 u0reg2manager2cmd0f1dset2register0f1dmodule2type1b0f1dthree1b0spi2response1b
o13 u0reg2manager2cmd0f1dset2register0f1dmodule2type1b0f1done1b0spi2response1b
o14 u0reg2manager2cmd0f1dset2register0f1dmodule2type1b0f1dfour1b0spi2response1b
o15 u0reg2manager2cmd0f1dset2register0f1dmodule2type1b0f1dfive1b0spi2response1b
o16 u0reg2manager2cmd0f1dno2command1b
o17 u0reg2manager2cmd0reg2manager2cmd
o18 u0finished0f1dtop1b
o19 u0finished0f1dbot1b
o20 u0finished0finished
