REALIZABLE
aag 50 4 4 1 42
2
4
6
8
10 69
12 80
14 92
16 100
32
18 11 16
20 10 14
22 4 8
24 14 22
26 21 25
28 13 26
30 3 19
32 28 30
34 13 15
36 2 34
38 10 17
40 36 38
42 7 11
44 16 34
46 43 44
48 6 20
50 14 49
52 43 50
54 12 53
56 6 13
58 27 56
60 17 59
62 55 60
64 47 63
66 3 65
68 41 67
70 16 37
72 10 51
74 12 73
76 3 59
78 75 76
80 71 79
82 11 15
84 49 83
86 12 85
88 3 17
90 29 88
92 87 90
94 18 34
96 38 86
98 95 97
100 3 99
i0 decide
i1 locked
i2 hready
i3 burst4
l0 l0
l1 l1
l2 l2
l3 l3
o0 ready2
