REALIZABLE
aag 464 5 5 6 454
2
4
6
8
10
12 621
14 747
16 850
18 919
20 929
137
289
319
400
435
451
22 19 20
24 15 17
26 9 11
28 7 26
30 2 28
32 5 31
34 3 4
36 22 24
38 35 36
40 33 38
42 5 30
44 14 17
46 42 44
48 9 12
50 11 13
52 49 51
54 2 44
56 52 54
58 7 12
60 9 13
62 59 61
64 15 43
66 35 64
68 63 66
70 5 12
72 12 34
74 71 73
76 2 6
78 13 77
80 74 79
82 14 43
84 81 82
86 3 15
88 85 87
90 69 88
92 16 91
94 2 10
96 43 95
98 12 15
100 15 26
102 99 101
104 97 103
106 17 105
108 93 107
110 18 57
112 47 110
114 109 112
116 13 15
118 16 116
120 76 118
122 16 117
124 42 122
126 19 57
128 121 126
130 125 128
132 21 131
134 115 132
136 41 135
138 17 18
140 20 138
142 8 11
144 5 143
146 13 14
148 145 146
150 70 142
152 15 151
154 6 11
156 143 155
158 5 156
160 152 159
162 149 161
164 140 163
166 7 143
168 5 167
170 63 169
172 14 16
174 171 172
176 16 98
178 7 8
180 4 11
182 178 180
184 6 9
186 180 184
188 183 187
190 29 176
192 188 190
194 17 99
196 87 194
198 119 197
200 4 199
202 19 21
204 193 202
206 175 204
208 201 206
210 11 12
212 61 172
214 7 13
216 25 173
218 215 216
220 213 219
222 211 221
224 24 52
226 18 225
228 223 226
230 4 7
232 143 230
234 12 233
236 170 234
238 5 7
240 9 239
242 50 241
244 237 243
246 15 245
248 5 26
250 188 249
252 12 251
254 214 233
256 253 255
258 14 257
260 247 259
262 16 261
264 5 60
266 6 265
268 239 267
270 9 44
272 269 270
274 24 63
276 19 275
278 273 276
280 263 278
282 20 281
284 209 229
286 283 284
288 165 287
290 199 202
292 7 270
294 102 147
296 10 294
298 16 166
300 297 298
302 293 301
304 22 303
306 12 14
308 138 307
310 5 157
312 20 308
314 311 312
316 291 315
318 305 316
320 18 118
322 138 146
324 21 323
326 321 324
328 5 184
330 6 13
332 329 330
334 8 13
336 333 335
338 7 150
340 336 339
342 14 341
344 183 210
346 145 167
348 15 346
350 117 349
352 344 351
354 343 353
356 176 345
358 19 357
360 122 358
362 354 360
364 326 363
366 17 293
368 14 267
370 179 368
372 194 371
374 366 373
376 142 238
378 295 377
380 16 167
382 378 380
384 375 383
386 19 385
388 15 138
390 5 154
392 9 388
394 390 392
396 20 395
398 387 396
400 365 399
402 16 19
404 355 402
406 16 147
408 18 195
410 407 408
412 405 411
414 21 413
416 154 306
418 339 417
420 402 419
422 19 372
424 308 310
426 102 424
428 421 427
430 423 428
432 20 431
434 415 433
436 326 411
438 359 436
440 150 388
442 345 402
444 379 442
446 441 445
448 20 447
450 439 449
452 48 238
454 4 9
456 13 455
458 2 8
460 456 459
462 15 461
464 7 82
466 307 465
468 73 230
470 81 469
472 467 470
474 463 473
476 16 453
478 475 476
480 3 8
482 12 480
484 95 143
486 13 485
488 483 487
490 241 488
492 95 181
494 14 143
496 493 494
498 307 497
500 491 499
502 13 239
504 335 503
506 43 391
508 12 95
510 181 508
512 506 510
514 504 513
516 15 515
518 501 517
520 17 519
522 479 521
524 18 523
526 7 142
528 78 527
530 239 344
532 453 531
534 4 28
536 533 535
538 529 537
540 15 539
542 5 527
544 306 542
546 8 238
548 331 457
550 14 547
552 549 550
554 545 553
556 541 554
558 16 557
560 14 489
562 196 561
564 19 563
566 559 564
568 525 567
570 21 569
572 13 506
574 35 572
576 24 73
578 575 576
580 9 10
582 239 580
584 13 582
586 15 585
588 336 586
590 147 589
592 233 543
594 16 593
596 591 594
598 44 547
600 172 533
602 19 599
604 601 602
606 597 604
608 579 606
610 13 390
612 142 308
614 611 612
616 609 615
618 20 617
620 571 619
622 9 32
624 58 623
626 456 481
628 625 627
630 15 628
632 75 623
634 467 633
636 16 631
638 635 636
640 215 457
642 623 641
644 64 155
646 117 645
648 643 647
650 9 629
652 14 53
654 651 652
656 17 649
658 655 656
660 639 659
662 18 661
664 9 154
666 95 665
668 146 667
670 184 306
672 669 671
674 196 672
676 3 330
678 15 535
680 117 679
682 377 581
684 234 683
686 677 685
688 681 686
690 151 231
692 555 690
694 689 693
696 16 695
698 675 697
700 19 699
702 663 701
704 21 703
706 13 377
708 99 707
710 140 187
712 709 710
714 17 178
716 25 715
718 35 152
720 573 718
722 717 721
724 346 706
726 685 725
728 14 727
730 5 580
732 641 731
734 351 733
736 729 735
738 16 737
740 22 723
742 739 740
744 713 743
746 705 744
748 6 150
750 333 749
752 172 751
754 366 673
756 155 583
758 249 757
760 504 759
762 16 218
764 761 762
766 126 753
768 755 766
770 765 768
772 116 480
774 98 239
776 73 331
778 329 776
780 14 779
782 773 775
784 781 782
786 16 785
788 48 239
790 487 789
792 44 791
794 155 508
796 13 241
798 24 795
800 797 798
802 18 793
804 801 802
806 787 804
808 771 807
810 21 809
812 8 610
814 187 813
816 388 815
818 391 665
820 322 819
822 152 611
824 369 823
826 17 825
828 586 749
830 12 757
832 14 813
834 831 832
836 829 835
838 16 837
840 19 827
842 839 840
844 20 821
846 817 844
848 843 846
850 811 849
852 4 331
854 122 852
856 679 854
858 19 857
860 122 858
862 12 459
864 499 863
866 98 155
868 493 866
870 865 869
872 17 871
874 172 471
876 77 504
878 16 462
880 877 878
882 18 875
884 881 882
886 873 884
888 306 408
890 861 889
892 887 890
894 21 43
896 893 894
898 4 382
900 4 717
902 25 293
904 901 902
906 67 905
908 19 301
910 899 908
912 907 910
914 425 913
916 20 915
918 897 917
920 899 901
922 22 921
924 21 859
926 887 924
928 923 927
i0 allready
i1 hbusreq_0
i2 hbusreq_1
i3 hbusreq_2
i4 hbusreq_3
l0 l0
l1 l1
l2 l2
l3 l3
l4 l4
o0 decide
o1 busreq
o2 hgrant_0
o3 hgrant_1
o4 hgrant_2
o5 hgrant_3
