REALIZABLE
aag 60 3 4 1 53
2
4
6
8 55
10 68
12 98
14 121
32
16 8 11
18 13 14
20 16 18
22 9 11
24 13 22
26 2 15
28 24 26
30 21 29
32 2 31
34 3 13
36 8 10
38 34 36
40 3 12
42 22 40
44 39 43
46 6 45
48 7 8
50 47 49
52 15 51
54 30 53
56 9 10
58 17 57
60 5 59
62 48 60
64 49 61
66 15 63
68 65 66
70 4 59
72 13 70
74 12 60
76 73 75
78 6 77
80 4 56
82 12 80
84 13 81
86 7 85
88 83 86
90 79 89
92 3 91
94 2 65
96 93 95
98 15 97
100 3 20
102 7 14
104 24 102
106 86 96
108 6 35
110 70 108
112 47 111
114 107 112
116 15 115
118 101 105
120 117 118
i0 finished_0
i1 finished_1
i2 finished_2
l0 l0
l1 l1
l2 l2
l3 l3
o0 allfinished
