UNREALIZABLE
aag 132 3 5 3 124
2
4
6
8 152
10 204
12 227
14 249
16 265
44
67
89
18 11 12
20 10 13
22 19 21
24 9 23
26 15 25
28 11 13
30 8 13
32 29 31
34 14 33
36 9 18
38 14 36
40 35 39
42 27 40
44 17 43
46 15 16
48 8 23
50 9 19
52 49 51
54 46 52
56 31 37
58 15 56
60 14 53
62 17 59
64 61 62
66 55 65
68 9 13
70 10 69
72 9 70
74 31 73
76 46 75
78 60 75
80 21 26
82 69 80
84 79 83
86 17 85
88 77 87
90 4 7
92 16 80
94 17 35
96 59 94
98 83 96
100 93 99
102 45 101
104 15 49
106 13 14
108 24 106
110 17 109
112 105 110
114 57 107
116 17 115
118 87 117
120 112 119
122 103 121
124 90 123
126 15 32
128 94 127
130 93 129
132 7 131
134 93 118
136 25 130
138 135 137
140 14 16
142 6 141
144 139 142
146 133 145
148 5 147
150 125 149
152 3 151
154 16 82
156 5 7
158 117 156
160 155 158
162 141 161
164 2 163
166 139 145
168 4 167
170 15 71
172 94 171
174 99 173
176 113 175
178 6 47
180 118 178
182 177 180
184 9 28
186 110 185
188 121 186
190 46 81
192 7 191
194 189 192
196 5 183
198 195 196
200 3 199
202 169 200
204 165 203
206 2 17
208 156 206
210 114 208
212 47 173
214 90 213
216 7 44
218 5 217
220 101 218
222 215 221
224 3 223
226 211 225
228 18 58
230 107 229
232 208 231
234 28 46
236 113 235
238 90 237
240 121 235
242 5 241
244 239 243
246 3 245
248 233 247
250 46 164
252 5 65
254 91 253
256 29 46
258 177 257
260 3 255
262 259 260
264 251 263
i0 g_0
i1 g_1
i2 g_2
l0 l0
l1 l1
l2 l2
l3 l3
l4 l4
o0 r_0
o1 r_1
o2 r_2
