REALIZABLE
aag 133 9 9 8 115
2
4
6
8
10
12
14
16
18
20 198
22 204
24 217
26 227
28 238
30 247
32 256
34 265
36 266
85
98
119
134
159
171
187
195
38 23 25
40 27 38
42 29 31
44 40 42
46 35 37
48 34 36
50 21 33
52 47 50
54 49 52
56 44 54
58 3 37
60 34 58
62 57 60
64 36 57
66 2 65
68 4 66
70 21 37
72 32 70
74 55 73
76 3 44
78 75 76
80 36 78
82 69 81
84 63 82
86 6 65
88 2 87
90 32 37
92 3 91
94 79 93
96 57 95
98 89 97
100 30 58
102 30 70
104 31 75
106 103 105
108 29 107
110 40 108
112 100 111
114 8 66
116 79 115
118 113 116
120 21 40
122 28 37
124 121 122
126 3 125
128 111 126
130 10 65
132 2 131
134 129 133
136 26 38
138 70 136
140 26 58
142 109 123
144 120 143
146 139 145
148 3 147
150 141 149
152 139 151
154 12 65
156 2 154
158 153 157
160 14 66
162 21 23
164 24 58
166 163 164
168 161 167
170 149 168
172 162 164
174 149 173
176 3 22
178 20 37
180 176 178
182 16 66
184 181 183
186 174 184
188 70 176
190 18 66
192 189 191
194 174 192
196 67 179
198 191 197
200 184 192
202 16 190
204 201 203
206 161 203
208 14 16
210 18 208
212 65 210
214 207 213
216 165 215
218 155 213
220 154 210
222 2 221
224 219 222
226 141 225
228 10 220
230 2 228
232 131 222
234 3 123
236 231 235
238 233 236
240 8 228
242 115 231
244 241 243
246 101 245
248 88 241
250 6 240
252 2 250
254 93 249
256 253 254
258 4 250
260 69 253
262 259 261
264 61 263
266 83 263
i0 upd
i1 in_0
i2 in_1
i3 in_2
i4 in_3
i5 in_4
i6 in_5
i7 in_6
i8 in_7
l0 l0
l1 l1
l2 l2
l3 l3
l4 l4
l5 l5
l6 l6
l7 l7
l8 l8
o0 out_0
o1 out_1
o2 out_2
o3 out_3
o4 out_4
o5 out_5
o6 out_6
o7 out_7
