REALIZABLE
aag 71 3 4 1 64
2
4
6
8 109
10 117
12 140
14 142
81
16 8 15
18 7 9
20 15 18
22 10 21
24 6 15
26 5 16
28 24 27
30 22 29
32 12 30
34 16 32
36 4 6
38 16 37
40 11 39
42 14 37
44 10 43
46 13 41
48 45 46
50 2 49
52 4 15
54 22 52
56 41 55
58 31 56
60 10 18
62 7 16
64 19 63
66 9 52
68 11 67
70 65 68
72 13 61
74 71 72
76 58 74
78 51 76
80 35 79
82 13 42
84 12 58
86 83 85
88 23 86
90 25 27
92 10 91
94 11 64
96 93 95
98 75 96
100 89 98
102 2 101
104 3 33
106 77 104
108 103 107
110 12 56
112 50 111
114 3 99
116 113 115
118 35 50
120 37 94
122 4 62
124 5 28
126 123 125
128 10 127
130 121 129
132 12 131
134 64 82
136 3 135
138 133 136
140 119 139
142 2 87
i0 ws
i1 goup
i2 godown
l0 l0
l1 l1
l2 l2
l3 l3
o0 ss
