REALIZABLE
aag 95 9 3 9 83
2
4
6
8
10
12
14
16
18
20 165
22 191
24 114
40
76
75
116
118
108
172
168
155
26 6 23
28 14 21
30 12 14
32 29 31
34 24 26
36 33 34
38 19 36
40 16 38
42 22 24
44 18 43
46 22 25
48 37 47
50 20 30
52 49 50
54 43 53
56 7 24
58 13 28
60 57 58
62 19 43
64 61 62
66 55 65
68 17 67
70 16 43
72 39 70
74 69 73
76 44 74
78 6 46
80 33 78
82 26 28
84 37 83
86 81 84
88 19 87
90 18 52
92 8 90
94 89 93
96 26 95
98 3 97
100 9 81
102 88 100
104 2 103
106 17 105
108 99 106
110 3 40
112 73 111
114 95 112
116 109 114
118 43 115
120 21 30
122 57 120
124 54 123
126 10 43
128 125 126
130 55 129
132 4 40
134 130 132
136 19 124
138 10 52
140 44 139
142 137 141
144 4 128
146 49 120
148 68 147
150 142 148
152 145 150
154 135 153
156 18 131
158 65 157
160 17 159
162 73 133
164 161 162
166 71 142
168 133 167
170 154 169
172 165 170
174 9 90
176 23 29
178 7 19
180 25 178
182 33 180
184 177 182
186 175 185
188 17 187
190 111 189
i0 p0p0in2range0f1dinc0f1dinc0counter1b1b
i1 p0p0in2range0f1dinc0f1ddec0counter1b1b
i2 p0p0in2range0f1dinc0counter1b
i3 p0p0in2range0f1ddec0f1dinc0counter1b1b
i4 p0p0in2range0f1ddec0f1ddec0counter1b1b
i5 p0p0in2range0f1ddec0counter1b
i6 p0p0in2range0counter
i7 p0p0button2pressed0up
i8 p0p0button2pressed0down
l0 l0
l1 l1
l2 l2
o0 u0counter0f1dinc0counter1b
o1 u0counter0f1ddec0counter1b
o2 u0counter0counter
o3 u0button2up0f1denable1b
o4 u0button2up0f1ddisable1b
o5 u0button2up0button2up
o6 u0button2down0f1denable1b
o7 u0button2down0f1ddisable1b
o8 u0button2down0button2down
