REALIZABLE
aag 3640 13 8 11 3619
2
4
6
8
10
12
14
16
18
20
22
24
26
28 4067
30 4887
32 5539
34 6007
36 6477
38 6883
40 7205
42 7281
1207
1428
1721
0
2251
2769
3091
1431
0
0
0
44 9 11
46 6 44
48 13 14
50 43 48
52 41 42
54 48 52
56 28 34
58 33 34
60 57 59
62 37 39
64 24 62
66 20 62
68 32 35
70 62 69
72 67 71
74 19 73
76 64 75
78 21 37
80 39 78
82 29 34
84 31 32
86 83 84
88 80 86
90 25 62
92 89 90
94 77 93
96 60 95
98 54 96
100 51 99
102 33 35
104 36 103
106 19 21
108 30 68
110 38 108
112 37 111
114 106 113
116 105 114
118 24 117
120 30 33
122 31 69
124 28 33
126 29 32
128 31 34
130 127 128
132 125 130
134 122 133
136 121 135
138 39 137
140 39 103
142 31 33
144 35 142
146 30 57
148 33 146
150 32 34
152 30 150
154 38 153
156 149 154
158 145 156
160 141 159
162 36 161
164 139 162
166 28 35
168 30 166
170 33 38
172 169 170
174 37 172
176 28 150
178 30 176
180 62 179
182 18 175
184 181 182
186 165 184
188 21 39
190 19 36
192 188 190
194 60 122
196 30 124
198 35 120
200 197 199
202 195 200
204 192 203
206 40 205
208 118 206
210 187 208
212 20 181
214 36 39
216 38 148
218 104 217
220 215 219
222 139 221
224 175 212
226 223 224
228 25 40
230 30 151
232 167 230
234 38 143
236 233 234
238 30 39
240 176 238
242 37 241
244 237 242
246 21 245
248 36 149
250 31 39
252 29 150
254 33 56
256 253 255
258 250 257
260 248 259
262 246 261
264 228 263
266 227 264
268 21 25
270 35 126
272 31 38
274 270 272
276 37 274
278 38 168
280 33 278
282 37 280
284 277 283
286 62 144
288 284 287
290 36 38
292 30 58
294 31 257
296 293 295
298 290 297
300 25 299
302 288 300
304 269 303
306 31 68
308 29 35
310 33 308
312 29 30
314 35 312
316 121 315
318 311 317
320 307 319
322 38 321
324 37 38
326 31 35
328 37 327
330 31 57
332 59 330
334 125 332
336 30 35
338 126 336
340 335 339
342 328 340
344 325 343
346 323 345
348 32 309
350 57 348
352 255 351
354 272 353
356 170 232
358 59 69
360 30 359
362 28 39
364 360 362
366 39 122
368 60 366
370 365 369
372 36 357
374 355 372
376 370 374
378 21 377
380 347 378
382 305 381
384 31 271
386 125 384
388 361 387
390 38 389
392 150 250
394 103 312
396 151 394
398 39 396
400 393 399
402 31 359
404 39 402
406 400 405
408 391 406
410 78 409
412 32 166
414 272 412
416 35 38
418 121 313
420 416 419
422 415 421
424 36 423
426 31 56
428 395 427
430 149 214
432 428 430
434 425 433
436 106 435
438 19 437
440 411 438
442 18 289
444 82 120
446 36 444
448 38 446
450 18 448
452 24 451
454 443 452
456 441 454
458 41 383
460 457 458
462 211 267
464 461 462
466 43 465
468 101 467
470 33 82
472 31 58
474 471 473
476 18 475
478 64 477
480 34 196
482 151 481
484 167 482
486 66 485
488 33 312
490 80 473
492 489 490
494 487 493
496 25 495
498 479 497
500 12 15
502 52 62
504 500 502
506 498 504
508 43 500
510 29 152
512 38 510
514 29 33
516 31 514
518 39 516
520 34 518
522 513 521
524 250 270
526 522 525
528 24 41
530 18 37
532 528 530
534 80 528
536 533 535
538 527 537
540 24 40
542 34 143
544 39 542
546 179 544
548 530 546
550 39 150
552 239 551
554 19 78
556 30 256
558 553 554
560 557 558
562 549 561
564 540 563
566 83 167
568 33 566
570 250 568
572 311 571
574 36 573
576 30 567
578 358 576
580 324 578
582 252 324
584 581 583
586 575 584
588 37 546
590 20 589
592 586 590
594 30 82
596 39 594
598 29 550
600 597 599
602 37 601
604 21 603
606 56 142
608 214 606
610 581 609
612 604 610
614 228 613
616 593 614
618 539 565
620 617 618
622 25 41
624 78 523
626 33 36
628 272 626
630 566 628
632 625 631
634 21 513
636 37 521
638 525 636
640 37 167
642 639 640
644 31 167
646 83 644
648 197 324
650 647 648
652 146 358
654 290 652
656 20 651
658 655 656
660 643 658
662 635 661
664 632 663
666 622 665
668 620 667
670 508 669
672 507 671
674 469 672
676 46 675
678 8 11
680 7 678
682 126 128
684 481 683
686 290 685
688 25 686
690 35 39
692 143 331
694 550 692
696 36 695
698 33 690
700 37 699
702 173 700
704 697 703
706 687 705
708 18 707
710 691 708
712 152 192
714 554 645
716 172 714
718 713 717
720 711 718
722 24 721
724 689 723
726 33 166
728 38 727
730 32 167
732 728 731
734 37 577
736 732 734
738 39 56
740 36 738
742 32 740
744 737 743
746 32 330
748 745 747
750 268 748
752 20 25
754 174 752
756 40 755
758 751 756
760 724 758
762 56 84
764 481 763
766 106 324
768 765 766
770 24 769
772 290 762
774 38 426
776 481 775
778 393 776
780 37 779
782 773 781
784 18 783
786 392 554
788 770 787
790 785 788
792 41 790
794 20 37
796 778 794
798 28 392
800 21 799
802 775 800
804 797 803
806 365 805
808 36 775
810 807 809
812 622 811
814 793 813
816 761 814
818 508 816
820 30 412
822 39 821
824 37 823
826 140 824
828 626 774
830 827 829
832 622 831
834 607 750
836 724 835
838 40 837
840 833 839
842 50 841
844 19 24
846 52 500
848 845 846
850 42 528
852 18 850
854 48 852
856 849 855
858 37 798
860 857 858
862 819 861
864 843 862
866 680 865
868 9 10
870 7 868
872 21 36
874 402 515
876 39 875
878 179 445
880 876 878
882 124 336
884 28 31
886 38 150
888 885 886
890 38 883
892 889 890
894 881 893
896 872 895
898 39 153
900 517 898
902 37 900
904 293 313
906 31 103
908 127 906
910 904 909
912 324 911
914 21 903
916 913 914
918 35 518
920 37 919
922 31 126
924 148 309
926 923 925
928 38 927
930 920 929
932 36 889
934 20 933
936 931 934
938 917 937
940 897 939
942 25 941
944 147 192
946 131 944
948 384 515
950 231 949
952 62 951
954 57 360
956 253 906
958 955 957
960 290 959
962 82 142
964 109 963
966 36 965
968 953 967
970 961 968
972 83 232
974 131 973
976 324 975
978 18 977
980 970 978
982 69 515
984 644 983
986 39 985
988 360 567
990 38 989
992 271 334
994 990 993
996 78 987
998 995 996
1000 19 998
1002 21 190
1004 35 170
1006 1002 1004
1008 24 1007
1010 24 31
1012 1009 1011
1014 947 1013
1016 1001 1014
1018 981 1016
1020 41 1019
1022 943 1020
1024 18 24
1026 37 887
1028 358 923
1030 39 1029
1032 1026 1031
1034 36 154
1036 214 607
1038 1035 1037
1040 1005 1039
1042 1033 1041
1044 1024 1043
1046 140 543
1048 37 1046
1050 38 152
1052 36 1050
1054 752 1053
1056 1049 1054
1058 140 693
1060 32 37
1062 417 1060
1064 63 1063
1066 273 1065
1068 1027 1067
1070 30 126
1072 39 1070
1074 1059 1073
1076 1069 1074
1078 36 1051
1080 198 290
1082 1078 1081
1084 695 1083
1086 1077 1084
1088 268 1087
1090 31 82
1092 39 1090
1094 365 1093
1096 78 1095
1098 844 1007
1100 1097 1098
1102 40 1057
1104 1101 1102
1106 1089 1104
1108 1045 1106
1110 1023 1109
1112 508 1111
1114 821 963
1116 21 844
1118 1115 1116
1120 103 543
1122 1024 1120
1124 1119 1123
1126 63 291
1128 1125 1127
1130 20 1049
1132 28 1052
1134 1130 1133
1136 271 403
1138 62 1137
1140 21 1139
1142 38 327
1144 122 471
1146 1142 1145
1148 121 169
1150 83 1149
1152 36 1151
1154 595 1146
1156 1152 1154
1158 1140 1157
1160 25 1135
1162 1159 1160
1164 1129 1163
1166 40 1165
1168 285 1024
1170 41 1168
1172 38 292
1174 28 1172
1176 36 1175
1178 275 920
1180 622 1177
1182 1179 1180
1184 1171 1183
1186 1167 1184
1188 50 1187
1190 39 530
1192 850 1190
1194 500 1192
1196 472 1194
1198 1189 1197
1200 1113 1198
1202 870 1201
1204 677 1203
1206 867 1204
1208 40 1024
1210 32 36
1212 405 775
1214 1210 1213
1216 1208 1214
1218 622 740
1220 801 1218
1222 1217 1221
1224 508 1223
1226 293 683
1228 42 622
1230 62 1228
1232 1227 1230
1234 31 253
1236 147 1235
1238 59 1237
1240 1192 1239
1242 1233 1241
1244 48 1243
1246 62 178
1248 848 1246
1250 317 471
1252 351 906
1254 1251 1253
1256 324 1255
1258 38 130
1260 32 278
1262 1259 1261
1264 36 1263
1266 449 1265
1268 953 1266
1270 1257 1268
1272 18 1271
1274 438 999
1276 528 1275
1278 1273 1276
1280 273 733
1282 271 1281
1284 39 445
1286 123 1148
1288 473 1284
1290 1287 1288
1292 36 1291
1294 1283 1292
1296 898 963
1298 37 1297
1300 21 1299
1302 21 38
1304 418 957
1306 1302 1305
1308 1301 1307
1310 1295 1309
1312 29 38
1314 29 359
1316 31 1315
1318 1312 1316
1320 292 1312
1322 1319 1321
1324 37 1323
1326 38 1287
1328 39 147
1330 699 1329
1332 36 1091
1334 1331 1332
1336 36 1335
1338 1327 1336
1340 20 1325
1342 1339 1340
1344 622 1311
1346 1343 1344
1348 39 1028
1350 358 1234
1352 156 1351
1354 36 1349
1356 1353 1354
1358 150 324
1360 589 1359
1362 1357 1360
1364 18 1363
1366 1002 1095
1368 561 1008
1370 1367 1368
1372 1365 1370
1374 40 1373
1376 36 1093
1378 399 1376
1380 217 1378
1382 599 1069
1384 1381 1383
1386 268 1385
1388 363 899
1390 763 1389
1392 550 1391
1394 37 1392
1396 20 448
1398 25 1397
1400 39 1091
1402 361 1400
1404 214 1403
1406 20 1405
1408 1398 1406
1410 1395 1408
1412 1387 1411
1414 1374 1412
1416 1279 1347
1418 1415 1416
1420 50 1419
1422 1245 1249
1424 1225 1422
1426 1421 1424
1428 870 1427
1430 42 503
1432 45 1431
1434 97 502
1436 467 1435
1438 13 1437
1440 14 1430
1442 49 1441
1444 1439 1443
1446 15 1430
1448 501 1447
1450 43 669
1452 41 499
1454 42 1453
1456 12 1455
1458 1451 1456
1460 1449 1459
1462 44 1461
1464 1445 1462
1466 1433 1465
1468 6 1467
1470 8 1430
1472 679 1471
1474 858 1228
1476 43 840
1478 762 1192
1480 1475 1479
1482 502 1480
1484 1475 1483
1486 1477 1484
1488 13 1487
1490 1443 1489
1492 43 817
1494 1483 1493
1496 12 1495
1498 1449 1497
1500 11 1499
1502 1491 1500
1504 1473 1503
1506 9 1430
1508 869 1507
1510 179 473
1512 18 1511
1514 64 1513
1516 25 180
1518 1515 1517
1520 52 1519
1522 57 122
1524 231 313
1526 471 1525
1528 1523 1527
1530 39 1529
1532 893 1531
1534 872 1533
1536 741 938
1538 1535 1537
1540 25 1539
1542 1020 1541
1544 38 1028
1546 39 874
1548 36 1547
1550 1545 1548
1552 1033 1551
1554 1024 1553
1556 1106 1555
1558 43 1557
1560 1543 1558
1562 1521 1561
1564 12 1563
1566 1449 1565
1568 502 1242
1570 29 886
1572 1002 1571
1574 1005 1091
1576 1572 1575
1578 38 684
1580 36 1579
1582 1031 1580
1584 39 179
1586 103 1584
1588 1026 1587
1590 18 1589
1592 1583 1590
1594 127 336
1596 38 1594
1598 365 1597
1600 1002 1599
1602 24 1601
1604 30 353
1606 125 128
1608 1605 1607
1610 39 554
1612 1609 1610
1614 1577 1602
1616 1613 1614
1618 1593 1616
1620 40 1619
1622 1146 1605
1624 1378 1623
1626 1077 1625
1628 268 1627
1630 32 146
1632 957 1631
1634 62 1633
1636 1133 1635
1638 1408 1636
1640 1629 1639
1642 1620 1640
1644 623 1277
1646 977 1268
1648 1024 1647
1650 1645 1649
1652 127 146
1654 123 1653
1656 290 1655
1658 31 59
1660 1312 1658
1662 1321 1661
1664 920 1662
1666 1335 1657
1668 1665 1666
1670 752 1669
1672 418 909
1674 38 1673
1676 37 901
1678 1675 1676
1680 358 644
1682 38 125
1684 273 1683
1686 731 1685
1688 1681 1687
1690 1292 1688
1692 268 1679
1694 1691 1692
1696 1671 1695
1698 1650 1696
1700 43 1643
1702 1699 1700
1704 1569 1703
1706 13 1705
1708 1443 1707
1710 10 1567
1712 1709 1710
1714 1509 1713
1716 7 1715
1718 1505 1716
1720 1469 1719
1722 607 821
1724 38 1723
1726 799 1725
1728 872 1727
1730 102 312
1732 39 606
1734 1731 1733
1736 38 962
1738 1734 1737
1740 37 1739
1742 278 1210
1744 741 1743
1746 1741 1744
1748 28 404
1750 37 1748
1752 416 1070
1754 1737 1753
1756 37 1755
1758 1751 1757
1760 1746 1758
1762 829 1760
1764 20 1763
1766 1729 1765
1768 622 1767
1770 125 358
1772 214 747
1774 1770 1772
1776 20 1774
1778 283 687
1780 1777 1778
1782 228 1781
1784 1769 1783
1786 508 1785
1788 66 167
1790 1731 1789
1792 35 90
1794 846 1792
1796 1791 1794
1798 1787 1797
1800 66 1236
1802 81 1801
1804 852 1803
1806 80 108
1808 502 844
1810 1807 1808
1812 1805 1811
1814 19 1806
1816 75 1815
1818 21 1237
1820 1190 1819
1822 1816 1821
1824 1813 1823
1826 143 427
1828 80 147
1830 1826 1828
1832 1801 1831
1834 1228 1833
1836 38 132
1838 1321 1837
1840 1261 1838
1842 197 337
1844 239 739
1846 1842 1845
1848 1840 1847
1850 21 1849
1852 36 1851
1854 127 644
1856 973 1855
1858 38 1857
1860 20 1859
1862 728 1827
1864 120 309
1866 39 1864
1868 799 1867
1870 607 1731
1872 78 1870
1874 1863 1872
1876 1868 1874
1878 622 1877
1880 1861 1878
1882 1853 1880
1884 39 57
1886 543 1884
1888 36 1887
1890 39 1888
1892 1265 1891
1894 37 1858
1896 62 230
1898 309 906
1900 515 1898
1902 62 1900
1904 1897 1903
1906 1895 1904
1908 1892 1906
1910 449 1908
1912 18 1911
1914 1610 1900
1916 360 566
1918 324 1916
1920 1682 1827
1922 399 1921
1924 37 1923
1926 214 1236
1928 1919 1927
1930 1925 1928
1932 106 1931
1934 41 1915
1936 1933 1934
1938 1913 1936
1940 623 1939
1942 36 1841
1944 1891 1943
1946 30 348
1948 57 1946
1950 1905 1949
1952 1944 1951
1954 752 1953
1956 1941 1955
1958 214 692
1960 103 1525
1962 1958 1961
1964 985 1151
1966 731 906
1968 1964 1967
1970 324 1969
1972 471 727
1974 230 1972
1976 62 957
1978 1975 1976
1980 1971 1979
1982 1963 1980
1984 268 1983
1986 85 358
1988 192 1986
1990 179 955
1992 553 1990
1994 37 1992
1996 230 727
1998 102 884
2000 1997 1999
2002 324 2001
2004 1995 2003
2006 106 2005
2008 1989 2007
2010 1026 1047
2012 1583 2011
2014 18 2013
2016 40 2015
2018 2008 2016
2020 229 2019
2022 1349 2011
2024 752 2023
2026 1985 2025
2028 2021 2026
2030 1957 2029
2032 43 1883
2034 2031 2032
2036 1825 1835
2038 2035 2036
2040 13 2039
2042 1443 2041
2044 11 1447
2046 1798 2044
2048 2043 2046
2050 1473 2049
2052 18 444
2054 62 475
2056 1228 2054
2058 502 2053
2060 2057 2058
2062 280 532
2064 43 2063
2066 40 1116
2068 1394 2066
2070 86 167
2072 511 2071
2074 62 2073
2076 1208 2074
2078 2064 2077
2080 2069 2078
2082 38 682
2084 312 550
2086 2083 2085
2088 872 2087
2090 36 600
2092 2083 2090
2094 272 310
2096 37 2095
2098 20 2097
2100 2093 2098
2102 2089 2101
2104 622 2103
2106 37 313
2108 1027 2107
2110 597 2109
2112 1079 2111
2114 21 2113
2116 85 1770
2118 290 2116
2120 583 590
2122 2119 2120
2124 228 2115
2126 2123 2124
2128 2080 2105
2130 2127 2128
2132 2061 2131
2134 12 2133
2136 1449 2135
2138 313 403
2140 898 2138
2142 145 1282
2144 2141 2143
2146 36 2145
2148 37 1296
2150 233 957
2152 324 2151
2154 2149 2153
2156 2147 2154
2158 268 2157
2160 973 1253
2162 38 2161
2164 638 898
2166 242 2165
2168 2163 2166
2170 127 360
2172 129 2171
2174 38 2173
2176 39 109
2178 28 2176
2180 36 2179
2182 2175 2180
2184 752 2183
2186 2169 2184
2188 2159 2187
2190 1650 2188
2192 887 1176
2194 1349 2192
2196 752 1359
2198 2075 2196
2200 2195 2198
2202 36 177
2204 407 2202
2206 57 317
2208 403 2207
2210 290 2209
2212 39 1071
2214 29 906
2216 2212 2215
2218 1065 2217
2220 268 2219
2222 2211 2220
2224 2205 2222
2226 2201 2225
2228 1620 2226
2230 43 2229
2232 2191 2230
2234 1569 2233
2236 13 2235
2238 1443 2237
2240 10 2137
2242 2239 2240
2244 1509 2243
2246 7 2245
2248 2051 2246
2250 1469 2249
2252 59 567
2254 52 76
2256 2252 2254
2258 66 2252
2260 330 982
2262 59 576
2264 2261 2263
2266 80 2265
2268 2259 2267
2270 1228 2269
2272 69 312
2274 59 2272
2276 553 2275
2278 728 1144
2280 1173 2279
2282 37 2277
2284 2280 2282
2286 38 1149
2288 566 2176
2290 2287 2289
2292 102 1312
2294 18 2293
2296 2290 2294
2298 531 2297
2300 2285 2299
2302 293 1681
2304 324 2303
2306 37 401
2308 38 68
2310 31 309
2312 313 2311
2314 2308 2313
2316 39 418
2318 567 2316
2320 2315 2319
2322 36 2321
2324 2305 2307
2326 2323 2324
2328 106 2327
2330 528 2301
2332 2329 2330
2334 125 2310
2336 151 2334
2338 2212 2337
2340 925 2338
2342 415 2341
2344 21 2343
2346 134 728
2348 2287 2347
2350 2345 2348
2352 36 2351
2354 36 2288
2356 2285 2355
2358 20 2357
2360 127 315
2362 553 2360
2364 78 2279
2366 2363 2364
2368 2359 2367
2370 2353 2368
2372 622 2371
2374 83 1060
2376 1585 2374
2378 39 293
2380 197 2261
2382 2378 2380
2384 36 155
2386 447 2385
2388 36 726
2390 2386 2389
2392 2383 2391
2394 2377 2393
2396 18 2395
2398 141 167
2400 2381 2399
2402 36 2401
2404 114 2403
2406 540 2405
2408 2397 2406
2410 39 682
2412 872 2410
2414 20 2400
2416 925 2415
2418 36 2417
2420 21 1070
2422 2376 2421
2424 228 2413
2426 2423 2424
2428 2419 2426
2430 43 2429
2432 2333 2430
2434 2409 2432
2436 2373 2434
2438 2257 2271
2440 2437 2438
2442 46 2441
2444 1231 2255
2446 85 567
2448 21 35
2450 77 2448
2452 884 2451
2454 2447 2453
2456 2445 2455
2458 597 1838
2460 36 2459
2462 20 2091
2464 2461 2463
2466 471 1862
2468 1175 2467
2470 39 318
2472 37 393
2474 2471 2472
2476 2468 2474
2478 2465 2477
2480 1868 2467
2482 78 2481
2484 2479 2483
2486 25 2485
2488 553 2117
2490 2468 2489
2492 37 2491
2494 36 601
2496 427 471
2498 290 2497
2500 2495 2499
2502 2493 2500
2504 18 2503
2506 1350 1682
2508 1175 2411
2510 2507 2508
2512 2307 2510
2514 36 2411
2516 106 2515
2518 2513 2516
2520 2505 2519
2522 24 2521
2524 2487 2523
2526 41 2525
2528 214 726
2530 281 2010
2532 2529 2531
2534 20 2532
2536 925 1970
2538 30 2528
2540 21 2539
2542 1979 2540
2544 2537 2542
2546 228 2535
2548 2545 2546
2550 687 2532
2552 1208 2551
2554 2004 2529
2556 2066 2555
2558 2549 2553
2560 2557 2558
2562 2527 2560
2564 43 2563
2566 2457 2565
2568 680 2567
2570 2443 2569
2572 48 2571
2574 36 512
2576 794 1227
2578 1685 2576
2580 2575 2579
2582 41 43
2584 25 2582
2586 46 500
2588 2584 2586
2590 2581 2588
2592 228 2574
2594 2105 2593
2596 508 2595
2598 326 514
2600 62 2598
2602 2323 2601
2604 1325 2602
2606 106 2605
2608 1863 2290
2610 36 2609
2612 85 2311
2614 231 2612
2616 313 2614
2618 39 2616
2620 37 1662
2622 2619 2620
2624 18 2611
2626 2623 2624
2628 24 2607
2630 2627 2628
2632 153 1999
2634 38 271
2636 36 2634
2638 2632 2636
2640 36 595
2642 2338 2640
2644 242 1319
2646 2639 2643
2648 2645 2646
2650 268 2649
2652 129 517
2654 1148 2652
2656 38 2655
2658 1336 2657
2660 752 1325
2662 2659 2660
2664 2651 2663
2666 2631 2664
2668 41 2667
2670 272 1973
2672 279 2671
2674 1094 2672
2676 1002 2675
2678 1065 1571
2680 39 1961
2682 1899 2680
2684 2678 2683
2686 351 471
2688 250 2687
2690 120 566
2692 38 2690
2694 109 2378
2696 1661 2693
2698 2695 2696
2700 2689 2699
2702 36 2701
2704 2685 2703
2706 18 2705
2708 540 1613
2710 2677 2708
2712 2707 2710
2714 349 569
2716 30 2714
2718 1967 2717
2720 1302 2719
2722 235 417
2724 167 397
2726 2723 2724
2728 20 2695
2730 2727 2728
2732 399 2689
2734 2731 2732
2736 2721 2734
2738 36 2737
2740 20 1391
2742 21 1401
2744 2421 2743
2746 2741 2744
2748 2678 2747
2750 228 2749
2752 2739 2750
2754 50 2753
2756 2713 2754
2758 2669 2756
2760 1245 2597
2762 2759 2760
2764 870 2763
2766 2591 2765
2768 2573 2766
2770 21 84
2772 1792 2771
2774 77 2773
2776 54 308
2778 2775 2776
2780 30 740
2782 1758 2781
2784 1116 2783
2786 1747 1865
2788 268 2787
2790 845 1761
2792 2789 2790
2794 41 2785
2796 2793 2794
2798 311 1525
2800 1958 2799
2802 268 2801
2804 753 1025
2806 1775 2805
2808 2803 2807
2810 283 2809
2812 125 1988
2814 844 2813
2816 2811 2815
2818 40 2817
2820 50 2819
2822 2797 2820
2824 2779 2823
2826 1798 2824
2828 680 2827
2830 36 2292
2832 1116 2830
2834 37 1571
2836 525 2834
2838 31 308
2840 311 2839
2842 290 2840
2844 268 2598
2846 402 566
2848 214 2847
2850 845 2845
2852 2843 2850
2854 2837 2852
2856 2849 2854
2858 40 2833
2860 2857 2858
2862 36 281
2864 21 2095
2866 525 1844
2868 2799 2867
2870 387 2868
2872 2862 2864
2874 2871 2872
2876 36 235
2878 2841 2876
2880 154 167
2882 2166 2881
2884 20 1081
2886 2879 2884
2888 2883 2886
2890 963 1389
2892 728 1947
2894 2891 2893
2896 78 2895
2898 25 2875
2900 2897 2898
2902 2889 2900
2904 38 885
2906 83 626
2908 2904 2906
2910 2355 2909
2912 2883 2910
2914 1024 2913
2916 214 337
2918 2312 2916
2920 62 402
2922 1081 2919
2924 2921 2922
2926 1116 2925
2928 1751 2926
2930 324 412
2932 1116 2930
2934 41 2933
2936 2929 2934
2938 2903 2936
2940 2915 2938
2942 50 2861
2944 2941 2942
2946 29 872
2948 2120 2831
2950 1133 2948
2952 40 43
2954 25 2952
2956 2947 2954
2958 2115 2956
2960 2951 2958
2962 43 2081
2964 33 37
2966 596 2964
2968 852 2966
2970 2057 2969
2972 2961 2970
2974 2963 2972
2976 500 2975
2978 2945 2977
2980 870 2979
2982 471 644
2984 1865 2983
2986 38 2985
2988 325 643
2990 2987 2989
2992 1081 2991
2994 20 2993
2996 632 2995
2998 622 2997
3000 620 2999
3002 508 3001
3004 844 2947
3006 268 1734
3008 584 3006
3010 587 3005
3012 3009 3010
3014 40 3013
3016 39 473
3018 2275 3016
3020 37 3019
3022 85 647
3024 319 3022
3026 38 3025
3028 3020 3027
3030 279 2864
3032 2869 3030
3034 79 3033
3036 25 3029
3038 3035 3036
3040 1151 2599
3042 290 3041
3044 24 3043
3046 290 1594
3048 752 2831
3050 3047 3048
3052 3045 3051
3054 2921 3021
3056 2987 3055
3058 2355 3057
3060 3053 3058
3062 845 3039
3064 3061 3062
3066 1116 1120
3068 650 3066
3070 41 3069
3072 2927 3070
3074 3065 3072
3076 50 3015
3078 3075 3076
3080 507 2779
3082 3079 3080
3084 3003 3082
3086 46 3085
3088 2829 2981
3090 3087 3088
3092 34 1071
3094 80 3092
3096 313 542
3098 66 3096
3100 3095 3099
3102 18 3101
3104 75 3103
3106 850 3105
3108 66 474
3110 80 143
3112 955 3110
3114 3109 3113
3116 1228 3115
3118 37 950
3120 325 3119
3122 313 416
3124 1662 3123
3126 3121 3124
3128 36 739
3130 545 3128
3132 103 309
3134 2904 3132
3136 3130 3135
3138 21 3137
3140 3127 3138
3142 775 1887
3144 36 3143
3146 20 3145
3148 38 1071
3150 974 3148
3152 3121 3151
3154 3146 3153
3156 18 3141
3158 3155 3156
3160 418 1886
3162 230 515
3164 143 645
3166 3163 3164
3168 416 3166
3170 36 3169
3172 3161 3170
3174 38 1916
3176 39 984
3178 37 3177
3180 1837 3175
3182 3178 3180
3184 106 3173
3186 3183 3184
3188 3159 3187
3190 24 3189
3192 39 885
3194 85 3192
3196 955 3194
3198 1259 3197
3200 78 3199
3202 35 419
3204 369 1844
3206 3203 3205
3208 38 195
3210 872 3209
3212 3207 3210
3214 1142 3203
3216 923 3214
3218 3130 3217
3220 155 3121
3222 3219 3221
3224 20 3223
3226 21 324
3228 2274 3226
3230 3201 3229
3232 3213 3230
3234 3225 3232
3236 25 3235
3238 3191 3237
3240 41 3239
3242 108 324
3244 37 598
3246 3243 3245
3248 106 3247
3250 105 291
3252 37 545
3254 279 2309
3256 3252 3254
3258 20 3250
3260 3257 3258
3262 24 3261
3264 845 3263
3266 184 219
3268 102 190
3270 1143 3268
3272 3267 3271
3274 21 3273
3276 3249 3265
3278 3275 3276
3280 290 594
3282 316 324
3284 3164 3282
3286 198 214
3288 268 3287
3290 603 3288
3292 3285 3290
3294 102 290
3296 2196 3295
3298 589 3296
3300 3293 3299
3302 3281 3301
3304 40 3303
3306 3279 3304
3308 43 3307
3310 3241 3308
3312 3107 3117
3314 3311 3312
3316 13 3315
3318 1443 3317
3320 1091 3108
3322 3095 3321
3324 18 3323
3326 24 1816
3328 3325 3326
3330 600 1788
3332 80 253
3334 925 3332
3336 25 3331
3338 3335 3336
3340 52 3339
3342 3329 3340
3344 295 1284
3346 157 3345
3348 1235 3346
3350 36 3349
3352 39 907
3354 231 3352
3356 37 3355
3358 3253 3357
3360 599 3359
3362 21 3361
3364 730 1302
3366 1990 3364
3368 3363 3367
3370 3351 3369
3372 20 2383
3374 795 3373
3376 2612 3163
3378 290 3377
3380 695 2309
3382 2834 3380
3384 3379 3383
3386 3375 3384
3388 3371 3387
3390 25 3389
3392 18 20
3394 242 3254
3396 3250 3395
3398 18 3396
3400 3393 3399
3402 39 296
3404 36 159
3406 3403 3404
3408 1359 3407
3410 590 3408
3412 3401 3411
3414 29 3247
3416 36 368
3418 1081 3417
3420 3415 3418
3422 106 3421
3424 3413 3423
3426 24 3425
3428 3391 3427
3430 40 3429
3432 37 899
3434 1999 3433
3436 324 2614
3438 3435 3437
3440 3146 3281
3442 3439 3440
3444 36 1846
3446 290 885
3448 2273 3446
3450 25 3449
3452 3445 3450
3454 753 3453
3456 1947 3208
3458 445 1855
3460 822 3458
3462 78 3457
3464 3461 3462
3466 3455 3465
3468 3443 3466
3470 1753 2862
3472 114 3471
3474 406 571
3476 1322 3474
3478 554 3477
3480 18 1257
3482 20 3480
3484 39 2633
3486 37 3484
3488 449 3145
3490 3487 3488
3492 3482 3490
3494 944 1235
3496 24 3495
3498 307 1312
3500 37 3499
3502 898 1999
3504 3500 3503
3506 18 21
3508 38 1659
3510 316 3508
3512 3130 3511
3514 3505 3506
3516 3513 3514
3518 3473 3496
3520 3517 3518
3522 3479 3520
3524 3493 3522
3526 41 3469
3528 3525 3526
3530 43 3529
3532 3431 3530
3534 3343 3533
3536 12 3535
3538 1449 3537
3540 44 3539
3542 3319 3540
3544 1433 3543
3546 6 3545
3548 309 313
3550 66 3548
3552 109 313
3554 80 145
3556 3552 3554
3558 3551 3557
3560 1228 3559
3562 30 1962
3564 3245 3563
3566 106 3565
3568 127 3553
3570 766 3568
3572 58 3226
3574 20 1582
3576 417 545
3578 794 3577
3580 3573 3579
3582 3575 3580
3584 18 3583
3586 24 3571
3588 3567 3586
3590 3585 3588
3592 2931 3243
3594 283 3592
3596 1395 3594
3598 687 3596
3600 20 3599
3602 687 1963
3604 21 3603
3606 31 731
3608 1682 3606
3610 599 1597
3612 3609 3610
3614 78 3613
3616 25 1777
3618 3615 3616
3620 3605 3618
3622 3601 3620
3624 40 3591
3626 3623 3624
3628 38 481
3630 517 3628
3632 554 3345
3634 3631 3632
3636 821 2723
3638 1888 3637
3640 315 517
3642 38 3641
3644 337 489
3646 39 3645
3648 3643 3647
3650 37 3649
3652 62 3023
3654 731 3652
3656 3651 3655
3658 3639 3656
3660 3392 3659
3662 783 3506
3664 30 742
3666 106 3664
3668 24 3667
3670 3635 3668
3672 3663 3670
3674 3661 3672
3676 20 829
3678 1744 3676
3680 1751 3678
3682 238 1527
3684 872 1733
3686 3683 3684
3688 1726 3686
3690 311 473
3692 38 3691
3694 238 731
3696 78 3695
3698 571 3696
3700 3693 3698
3702 3681 3701
3704 3689 3702
3706 125 1594
3708 39 3707
3710 38 963
3712 315 3710
3714 794 3709
3716 3713 3714
3718 25 3717
3720 3705 3718
3722 41 3675
3724 3721 3722
3726 43 3725
3728 3627 3726
3730 1812 3561
3732 3729 3730
3734 12 3733
3736 1449 3735
3738 850 1823
3740 69 146
3742 131 1228
3744 3741 3742
3746 1803 3744
3748 214 685
3750 84 567
3752 339 3751
3754 62 3753
3756 24 1919
3758 3749 3755
3760 3756 3758
3762 1025 3761
3764 1913 3763
3766 25 827
3768 36 1392
3770 1943 3766
3772 3769 3770
3774 3765 3773
3776 21 3775
3778 1906 1944
3780 453 3779
3782 20 3781
3784 3777 3783
3786 41 3785
3788 883 2847
3790 3226 3789
3792 78 1631
3794 2691 3352
3796 3792 3794
3798 228 3797
3800 2025 3798
3802 3791 3800
3804 141 251
3806 36 3804
3808 105 3807
3810 2085 3809
3812 38 1999
3814 397 3812
3816 62 763
3818 200 3816
3820 106 3815
3822 3819 3820
3824 3811 3822
3826 20 530
3828 698 3826
3830 2013 3506
3832 540 3829
3834 3825 3832
3836 3831 3834
3838 3803 3837
3840 3787 3838
3842 43 3841
3844 3739 3747
3846 3843 3844
3848 13 3847
3850 1443 3849
3852 11 3737
3854 3851 3852
3856 1473 3855
3858 284 2601
3860 21 277
3862 283 3860
3864 19 3863
3866 3859 3865
3868 24 3867
3870 102 272
3872 488 690
3874 799 3871
3876 3873 3874
3878 872 3877
3880 418 645
3882 38 3881
3884 3432 3883
3886 363 3884
3888 2355 3295
3890 3887 3888
3892 20 3891
3894 25 3879
3896 3893 3894
3898 3869 3897
3900 2582 3899
3902 25 962
3904 502 3903
3906 36 877
3908 543 3906
3910 923 2378
3912 1065 3911
3914 20 3913
3916 3909 3914
3918 1137 3906
3920 21 1067
3922 188 1315
3924 3921 3923
3926 3919 3925
3928 25 3917
3930 3927 3928
3932 1129 2952
3934 3931 3932
3936 3901 3905
3938 3935 3936
3940 13 3939
3942 1443 3941
3944 878 1230
3946 293 1237
3948 20 3947
3950 180 850
3952 3949 3950
3954 521 1753
3956 190 3955
3958 2601 3957
3960 21 3959
3962 39 966
3964 36 2308
3966 1947 3964
3968 3963 3967
3970 3392 3969
3972 3961 3971
3974 24 3973
3976 41 3975
3978 1378 1754
3980 2111 3979
3982 21 3981
3984 2949 3983
3986 25 3985
3988 1002 1401
3990 3711 3988
3992 510 1610
3994 214 427
3996 1987 3994
3998 20 3997
4000 2075 3998
4002 961 4000
4004 21 525
4006 1215 4004
4008 18 4003
4010 4007 4008
4012 540 3993
4014 3991 4012
4016 4011 4014
4018 3987 4017
4020 3977 4018
4022 526 2096
4024 3131 4023
4026 20 4025
4028 635 873
4030 133 2212
4032 36 2635
4034 4031 4032
4036 4029 4035
4038 622 4037
4040 4027 4038
4042 2064 4041
4044 4021 4042
4046 1809 3945
4048 3953 4046
4050 4045 4048
4052 12 4051
4054 1449 4053
4056 10 3943
4058 4055 4056
4060 1509 4059
4062 7 4061
4064 3857 4062
4066 3547 4065
4068 1230 3947
4070 83 1658
4072 1828 4071
4074 20 2966
4076 4073 4075
4078 852 4077
4080 21 1583
4082 18 1027
4084 39 1227
4086 18 4084
4088 4083 4087
4090 4080 4089
4092 28 360
4094 214 4092
4096 30 413
4098 38 907
4100 36 4098
4102 4097 4100
4104 328 3194
4106 557 4104
4108 4095 4103
4110 4107 4108
4112 106 4111
4114 1634 3392
4116 540 4115
4118 4113 4116
4120 4091 4118
4122 416 2106
4124 3881 4122
4126 20 4125
4128 2495 4126
4130 3863 4129
4132 275 1073
4134 872 4133
4136 622 2601
4138 4135 4136
4140 4131 4138
4142 1266 2165
4144 21 3480
4146 4142 4144
4148 370 3170
4150 37 415
4152 525 1321
4154 4150 4152
4156 106 4155
4158 4149 4156
4160 285 3392
4162 528 4161
4164 4159 4162
4166 4147 4164
4168 83 403
4170 80 4169
4172 2139 4170
4174 110 2946
4176 20 1403
4178 795 4177
4180 1586 4179
4182 398 872
4184 228 4175
4186 4183 4184
4188 4173 4186
4190 4181 4188
4192 43 4141
4194 4191 4192
4196 4121 4194
4198 4167 4196
4200 4069 4079
4202 4199 4200
4204 500 4203
4206 636 1261
4208 1319 4206
4210 3471 4209
4212 214 1145
4214 1524 4212
4216 4211 4215
4218 1116 4217
4220 20 4142
4222 977 1024
4224 4220 4222
4226 125 956
4228 898 4227
4230 36 1280
4232 4229 4230
4234 29 1658
4236 2263 4235
4238 38 4237
4240 519 4239
4242 37 4241
4244 4233 4243
4246 268 4245
4248 36 690
4250 109 4248
4252 752 4251
4254 290 1287
4256 37 4235
4258 925 4256
4260 63 4259
4262 38 594
4264 3177 4263
4266 4261 4264
4268 4252 4255
4270 4267 4268
4272 4219 4271
4274 4225 4247
4276 4272 4274
4278 2582 4277
4280 20 1240
4282 1589 3392
4284 1583 4282
4286 82 121
4288 1610 4286
4290 1013 4289
4292 3991 4290
4294 4285 4292
4296 3710 3741
4298 872 1401
4300 4297 4298
4302 20 3280
4304 25 4303
4306 4171 4304
4308 4301 4306
4310 4181 4308
4312 2952 4311
4314 4295 4312
4316 4069 4281
4318 4315 4316
4320 4279 4318
4322 48 4321
4324 4205 4323
4326 870 4325
4328 76 1237
4330 21 286
4332 859 4331
4334 1807 4332
4336 25 4335
4338 4329 4337
4340 54 4339
4342 366 1972
4344 125 1827
4346 3628 4345
4348 1285 4347
4350 4343 4349
4352 554 4351
4354 1913 3507
4356 627 777
4358 62 1680
4360 21 4359
4362 4357 4360
4364 4355 4363
4366 3668 4353
4368 4365 4366
4370 238 412
4372 919 4371
4374 794 4373
4376 1398 4375
4378 366 566
4380 39 988
4382 1921 4381
4384 4379 4382
4386 37 4385
4388 449 3665
4390 4387 4388
4392 21 4391
4394 4376 4393
4396 2582 4395
4398 4369 4396
4400 21 1815
4402 52 4328
4404 4401 4402
4406 1228 1806
4408 594 1230
4410 20 2013
4412 3573 4411
4414 1024 4413
4416 982 1884
4418 733 4417
4420 37 1235
4422 4419 4420
4424 3563 4423
4426 1116 4425
4428 4415 4427
4430 2952 4429
4432 1972 2286
4434 4417 4433
4436 37 4435
4438 3563 4437
4440 21 4438
4442 70 1238
4444 20 695
4446 795 4445
4448 3592 4443
4450 4447 4448
4452 2954 4451
4454 4441 4452
4456 4407 4409
4458 4405 4456
4460 4455 4458
4462 4431 4460
4464 4399 4462
4466 500 4465
4468 4341 4467
4470 680 4469
4472 20 3408
4474 151 3256
4476 219 4475
4478 18 4476
4480 3393 4479
4482 4473 4481
4484 106 368
4486 106 215
4488 105 4486
4490 4485 4489
4492 39 765
4494 37 1753
4496 4493 4494
4498 4491 4497
4500 24 4499
4502 4483 4500
4504 30 727
4506 234 4505
4508 242 4507
4510 1082 2411
4512 4509 4511
4514 268 4513
4516 1054 3397
4518 2952 4517
4520 4515 4518
4522 4503 4520
4524 62 397
4526 2612 4524
4528 83 142
4530 38 4529
4532 3167 4530
4534 59 238
4536 351 4534
4538 4533 4537
4540 36 4539
4542 87 648
4544 2715 4542
4546 268 4527
4548 4545 4546
4550 4541 4548
4552 38 4093
4554 1607 4552
4556 3130 4555
4558 37 1999
4560 3151 4558
4562 752 4557
4564 4561 4562
4566 38 403
4568 885 4566
4570 156 554
4572 4568 4570
4574 20 1887
4576 200 3148
4578 37 4577
4580 37 1252
4582 4579 4581
4584 18 4574
4586 4582 4584
4588 1266 4586
4590 1888 3135
4592 330 515
4594 324 577
4596 4593 4594
4598 4591 4597
4600 3506 4599
4602 106 424
4604 3496 4573
4606 4603 4604
4608 4601 4606
4610 4589 4608
4612 2582 4551
4614 4565 4612
4616 4611 4614
4618 4523 4617
4620 48 4619
4622 37 2311
4624 1997 4622
4626 63 4625
4628 1904 4627
4630 1142 2207
4632 21 4630
4634 79 4633
4636 4629 4635
4638 734 1865
4640 1146 4638
4642 290 543
4644 1904 4643
4646 4641 4644
4648 20 4647
4650 4637 4649
4652 1024 4651
4654 39 950
4656 3500 4655
4658 1653 1826
4660 290 4659
4662 752 4661
4664 4657 4662
4666 57 2613
4668 2176 4667
4670 2109 2671
4672 4669 4670
4674 1235 3569
4676 290 4675
4678 268 433
4680 4673 4678
4682 4677 4680
4684 1901 4524
4686 324 361
4688 2931 4687
4690 2337 4689
4692 1116 4685
4694 3471 4692
4696 4691 4694
4698 4665 4683
4700 4697 4698
4702 4653 4700
4704 2582 4703
4706 66 3097
4708 60 80
4710 4707 4709
4712 853 2255
4714 4711 4713
4716 70 143
4718 67 4717
4720 1228 3549
4722 4719 4720
4724 4407 4723
4726 4715 4724
4728 4705 4726
4730 500 4729
4732 80 3097
4734 66 682
4736 4733 4735
4738 1024 4737
4740 64 106
4742 306 4740
4744 90 3093
4746 73 4744
4748 4743 4747
4750 4739 4748
4752 54 4751
4754 2387 2398
4756 752 4755
4758 3596 4756
4760 20 4477
4762 139 1078
4764 3395 4763
4766 18 4764
4768 3393 4767
4770 4761 4769
4772 106 2906
4774 3352 4772
4776 1013 4775
4778 3249 4776
4780 4771 4778
4782 149 1078
4784 37 279
4786 599 4784
4788 4783 4787
4790 268 4789
4792 40 508
4794 4791 4792
4796 4759 4794
4798 4781 4796
4800 4753 4799
4802 4621 4800
4804 4731 4802
4806 46 4805
4808 1397 1908
4810 18 4809
4812 1936 4811
4814 62 308
4816 2009 4815
4818 690 4080
4820 2014 4819
4822 40 4821
4824 4817 4822
4826 4813 4825
4828 24 4827
4830 324 1723
4832 2931 4831
4834 4438 4832
4836 21 4835
4838 21 687
4840 707 4839
4842 228 4841
4844 4837 4842
4846 1863 2293
4848 3695 4846
4850 4379 4848
4852 78 4851
4854 445 607
4856 3683 4854
4858 872 4857
4860 290 4855
4862 25 4861
4864 269 4863
4866 4859 4865
4868 41 4376
4870 4853 4868
4872 4866 4870
4874 50 680
4876 4873 4874
4878 4845 4876
4880 4829 4878
4882 4327 4881
4884 4807 4882
4886 4471 4884
4888 1273 3393
4890 1257 4220
4892 24 4891
4894 4889 4892
4896 103 683
4898 290 4897
4900 418 2652
4902 38 4901
4904 37 2614
4906 325 4905
4908 4903 4907
4910 4252 4899
4912 4909 4910
4914 1661 4206
4916 38 194
4918 1145 2680
4920 3470 4917
4922 4919 4920
4924 4915 4923
4926 268 4925
4928 4913 4927
4930 1645 4928
4932 4895 4930
4934 1621 4933
4936 20 1027
4938 38 3946
4940 1548 4939
4942 4936 4941
4944 39 4287
4946 21 4945
4948 1066 4946
4950 653 957
4952 38 4951
4954 1059 4953
4956 872 4955
4958 228 4949
4960 4957 4958
4962 4943 4960
4964 43 4963
4966 4935 4964
4968 178 1230
4970 1241 4969
4972 4967 4970
4974 48 4973
4976 1859 3121
4978 955 4100
4980 752 1335
4982 4979 4980
4984 4977 4982
4986 636 4239
4988 38 109
4990 489 4988
4992 1899 4990
4994 293 1949
4996 143 1400
4998 4994 4996
5000 36 4993
5002 4999 5000
5004 4987 5003
5006 268 5005
5008 519 4208
5010 166 4506
5012 123 2316
5014 36 5013
5016 5011 5014
5018 106 5017
5020 5009 5018
5022 970 3482
5024 2601 3968
5026 3506 5025
5028 24 5027
5030 5021 5028
5032 5023 5030
5034 2582 4985
5036 5007 5034
5038 5033 5036
5040 1247 2055
5042 20 5041
5044 80 1227
5046 5043 5045
5048 852 5047
5050 1551 4282
5052 955 4566
5054 18 36
5056 1403 5054
5058 5053 5056
5060 1635 5059
5062 3506 5061
5064 1607 1949
5066 1610 5065
5068 1602 5067
5070 5051 5068
5072 5063 5070
5074 38 87
5076 3203 5074
5078 872 5077
5080 104 5074
5082 4936 5081
5084 5079 5083
5086 877 5085
5088 25 4183
5090 4949 5088
5092 5087 5090
5094 2952 5093
5096 5073 5094
5098 4969 5049
5100 5097 5098
5102 5039 5100
5104 500 5103
5106 4975 5105
5108 870 5107
5110 1228 4333
5112 1479 5111
5114 287 744
5116 268 5115
5118 704 752
5120 40 5119
5122 5117 5120
5124 723 5122
5126 324 1871
5128 83 2964
5130 3192 5128
5132 447 609
5134 5131 5132
5136 5127 5134
5138 21 5137
5140 449 5139
5142 25 5141
5144 794 918
5146 1024 5144
5148 41 5147
5150 5143 5148
5152 43 5151
5154 5125 5152
5156 5112 5155
5158 48 5157
5160 76 3097
5162 4337 5161
5164 846 5163
5166 109 3642
5168 120 1884
5170 571 5169
5172 5167 5170
5174 78 5173
5176 4866 5175
5178 199 3642
5180 399 5179
5182 37 5181
5184 3655 5183
5186 106 5185
5188 3496 5187
5190 1749 3648
5192 794 5191
5194 21 3657
5196 3639 5193
5198 5195 5196
5200 18 5199
5202 5188 5201
5204 41 5177
5206 5203 5204
5208 18 3257
5210 115 5209
5212 3250 5211
5214 561 5213
5216 540 5215
5218 2293 3871
5220 699 5218
5222 37 5221
5224 687 4447
5226 5223 5224
5228 287 4838
5230 2931 3287
5232 3245 5230
5234 5228 5232
5236 228 5227
5238 5235 5236
5240 5217 5239
5242 5207 5240
5244 508 5243
5246 5165 5245
5248 5159 5246
5250 680 5249
5252 87 489
5254 4708 5252
5256 2259 5255
5258 1228 5257
5260 56 143
5262 21 3096
5264 269 5261
5266 5263 5264
5268 2254 5266
5270 1889 3358
5272 989 3710
5274 36 5273
5276 38 2839
5278 579 5276
5280 37 5279
5282 5275 5281
5284 20 5271
5286 5283 5284
5288 18 5287
5290 128 1682
5292 39 341
5294 112 5291
5296 5293 5294
5298 21 5297
5300 5289 5299
5302 177 4529
5304 1328 5302
5306 190 422
5308 5305 5306
5310 154 3640
5312 37 3485
5314 5311 5312
5316 3506 4643
5318 1891 5316
5320 5315 5318
5322 5309 5321
5324 5301 5322
5326 528 5325
5328 20 164
5330 4475 4481
5332 5329 5330
5334 1572 4897
5336 540 561
5338 110 554
5340 5336 5339
5342 5335 5340
5344 5333 5342
5346 234 4097
5348 3360 5347
5350 3287 4510
5352 21 5351
5354 5349 5352
5356 242 2309
5358 1035 5357
5360 3375 5358
5362 228 5361
5364 5355 5362
5366 482 3130
5368 513 2280
5370 3178 5368
5372 20 5367
5374 5371 5372
5376 320 4530
5378 3359 5377
5380 2212 4227
5382 21 1687
5384 5381 5382
5386 79 5385
5388 5379 5387
5390 622 5375
5392 5389 5390
5394 43 5365
5396 5393 5394
5398 5345 5396
5400 5327 5398
5402 5259 5269
5404 5401 5402
5406 500 5405
5408 474 1091
5410 66 5409
5412 4709 5411
5414 1024 5413
5416 4743 5415
5418 54 5417
5420 188 1148
5422 135 5420
5424 1091 4552
5426 4574 5425
5428 2215 4093
5430 1302 5429
5432 5423 5431
5434 5427 5432
5436 36 5435
5438 1319 1947
5440 78 5439
5442 513 2095
5444 3503 5442
5446 794 5445
5448 622 5441
5450 5447 5448
5452 5437 5450
5454 2384 3403
5456 590 5455
5458 4769 5457
5460 36 3805
5462 203 5460
5464 3415 5463
5466 106 5465
5468 540 5467
5470 5459 5468
5472 1235 3644
5474 290 5473
5476 38 988
5478 332 2634
5480 5477 5479
5482 3359 5480
5484 20 5475
5486 5483 5484
5488 2312 4686
5490 3487 5489
5492 4635 5490
5494 5487 5493
5496 18 5495
5498 37 5292
5500 361 993
5502 324 5501
5504 4215 5499
5506 5503 5504
5508 106 5507
5510 528 5497
5512 5509 5510
5514 21 2515
5516 1053 5515
5518 1383 5517
5520 228 5519
5522 50 5521
5524 5453 5522
5526 5471 5524
5528 5513 5526
5530 5419 5529
5532 5407 5530
5534 46 5533
5536 5251 5535
5538 5109 5536
5540 4251 4661
5542 2621 5540
5544 20 5543
5546 38 5473
5548 36 1391
5550 5547 5548
5552 3860 5551
5554 2584 5545
5556 5553 5554
5558 1230 1239
5560 692 1842
5562 290 5561
5564 21 1284
5566 214 4177
5568 37 547
5570 2954 5565
5572 5563 5570
5574 5569 5572
5576 5567 5574
5578 2582 5146
5580 5559 5579
5582 5577 5580
5584 5557 5582
5586 48 5585
5588 21 5040
5590 1240 5589
5592 898 957
5594 2640 5592
5596 4677 5595
5598 916 5596
5600 20 4260
5602 5540 5600
5604 622 5599
5606 5603 5604
5608 549 4083
5610 21 1550
5612 3575 5609
5614 5611 5612
5616 1577 5336
5618 5615 5616
5620 200 333
5622 290 5621
5624 5569 5623
5626 4179 5624
5628 131 156
5630 2742 5629
5632 79 5631
5634 600 1069
5636 5633 5635
5638 228 5627
5640 5637 5638
5642 1270 3392
5644 970 4144
5646 427 944
5648 420 1002
5650 528 5647
5652 5649 5650
5654 1001 5652
5656 5645 5654
5658 5643 5656
5660 43 5641
5662 5607 5660
5664 5619 5662
5666 5659 5664
5668 5559 5591
5670 5667 5668
5672 500 5671
5674 5587 5673
5676 868 5675
5678 500 678
5680 37 154
5682 56 5680
5684 773 5145
5686 5683 5684
5688 18 5687
5690 770 5689
5692 449 775
5694 20 5682
5696 5692 5695
5698 3766 5696
5700 2582 5699
5702 5691 5700
5704 38 58
5706 2106 5704
5708 5228 5707
5710 1997 3607
5712 324 5711
5714 4443 5713
5716 5224 5714
5718 25 5709
5720 5717 5718
5722 30 78
5724 531 5723
5726 24 5704
5728 5725 5726
5730 5721 5729
5732 2952 5731
5734 1475 4409
5736 5703 5734
5738 5733 5736
5740 5678 5739
5742 48 678
5744 827 4861
5746 5139 5744
5748 2584 5747
5750 5117 5119
5752 724 5750
5754 2952 5753
5756 5112 5749
5758 5755 5756
5760 5742 5759
5762 5741 5761
5764 5677 5762
5766 7 5765
5768 59 83
5770 1230 5769
5772 1842 5770
5774 1192 5409
5776 192 685
5778 36 4529
5780 4630 5778
5782 38 949
5784 4994 5782
5786 3356 5785
5788 5781 5787
5790 3392 5789
5792 1317 2171
5794 38 5793
5796 920 5795
5798 3506 5367
5800 5797 5798
5802 39 3459
5804 153 234
5806 3132 5804
5808 5803 5807
5810 554 5809
5812 528 5811
5814 5801 5812
5816 5791 5814
5818 18 5454
5820 549 5336
5822 5819 5820
5824 5817 5823
5826 5777 5825
5828 188 429
5830 4634 5829
5832 38 1949
5834 1251 4593
5836 5833 5834
5838 272 982
5840 37 5839
5842 5837 5840
5844 5831 5843
5846 324 1317
5848 4994 5846
5850 218 4574
5852 795 5851
5854 3487 5849
5856 5853 5854
5858 622 5857
5860 5845 5858
5862 2387 3403
5864 590 3592
5866 5863 5864
5868 2387 3345
5870 604 5869
5872 5867 5871
5874 228 5873
5876 43 5861
5878 5875 5876
5880 5827 5878
5882 5773 5775
5884 5881 5882
5886 500 5885
5888 90 5409
5890 1025 1807
5892 5889 5890
5894 1024 2055
5896 4707 5894
5898 54 5893
5900 5897 5898
5902 228 5456
5904 37 2598
5906 1891 5905
5908 18 5907
5910 3393 5909
5912 1856 3148
5914 3356 5913
5916 20 1892
5918 5915 5916
5920 5911 5919
5922 1921 5803
5924 554 5923
5926 3495 5925
5928 5921 5926
5930 24 5929
5932 179 256
5934 3130 5932
5936 234 2687
5938 3178 3871
5940 5937 5938
5942 752 5935
5944 5941 5942
5946 4345 5680
5948 255 923
5950 1034 5948
5952 331 1152
5954 37 1842
5956 4593 5954
5958 39 5957
5960 5953 5958
5962 268 5947
5964 5951 5962
5966 5961 5964
5968 5945 5967
5970 5931 5968
5972 41 5971
5974 1261 5634
5976 102 238
5978 1039 5977
5980 5975 5979
5982 268 5981
5984 116 5231
5986 562 5985
5988 3265 5986
5990 40 5983
5992 5989 5990
5994 5973 5993
5996 50 5903
5998 5995 5996
6000 5887 5901
6002 5999 6000
6004 46 6003
6006 5767 6005
6008 1965 3226
6010 20 686
6012 80 1235
6014 1975 6012
6016 3261 6015
6018 6011 6016
6020 3605 6009
6022 6018 6020
6024 25 6023
6026 2021 6025
6028 1892 1895
6030 271 3652
6032 1897 6031
6034 6028 6032
6036 2805 6035
6038 21 6030
6040 451 6039
6042 1933 6040
6044 24 6043
6046 696 1262
6048 128 362
6050 37 6049
6052 4382 6050
6054 268 6047
6056 6053 6054
6058 41 6057
6060 6037 6058
6062 6045 6060
6064 50 678
6066 6063 6064
6068 6027 6066
6070 1228 2771
6072 3097 6070
6074 180 6072
6076 4403 6075
6078 326 4707
6080 4329 6078
6082 5742 6081
6084 6077 6082
6086 21 143
6088 1580 3804
6090 4123 6089
6092 6086 6091
6094 6018 6093
6096 2954 6095
6098 106 1992
6100 38 3254
6102 18 1049
6104 6101 6102
6106 115 6105
6108 6099 6106
6110 24 3250
6112 6109 6110
6114 2952 6112
6116 473 990
6118 1888 6117
6120 3656 6119
6122 18 6121
6124 5188 6123
6126 752 3658
6128 4371 5172
6130 37 6129
6132 290 1659
6134 4097 6132
6136 268 6135
6138 3445 6136
6140 6131 6138
6142 2582 6127
6144 6141 6142
6146 6125 6144
6148 2254 3097
6150 6075 6149
6152 6115 6150
6154 6097 6152
6156 6147 6154
6158 5678 6157
6160 6069 6085
6162 6159 6160
6164 7 6163
6166 1266 1335
6168 4582 6166
6170 20 6169
6172 25 957
6174 3644 6172
6176 5548 6174
6178 753 6177
6180 6171 6179
6182 1169 6181
6184 2582 6183
6186 189 3921
6188 1528 3906
6190 6187 6189
6192 1026 1393
6194 1583 2575
6196 6193 6194
6198 20 6197
6200 2954 6191
6202 6199 6200
6204 1233 6203
6206 6185 6204
6208 48 6207
6210 685 1194
6212 500 4968
6214 1002 1115
6216 40 6215
6218 1367 6216
6220 5059 6218
6222 229 6221
6224 1547 1580
6226 25 1027
6228 6225 6226
6230 269 6229
6232 1152 3208
6234 6187 6233
6236 2205 6234
6238 6231 6237
6240 6223 6239
6242 284 3967
6244 1024 6243
6246 84 740
6248 290 909
6250 1653 6248
6252 6247 6251
6254 268 6253
6256 36 1884
6258 1266 6257
6260 640 1234
6262 752 6261
6264 4579 6262
6266 6258 6264
6268 1002 2314
6270 528 6269
6272 623 6271
6274 6255 6273
6276 6245 6274
6278 6267 6276
6280 508 6279
6282 6241 6280
6284 6211 6213
6286 6283 6284
6288 6209 6286
6290 870 6289
6292 154 248
6294 1037 6293
6296 20 3871
6298 6295 6296
6300 872 3347
6302 1027 6299
6304 6301 6302
6306 228 6305
6308 31 6256
6310 2601 6309
6312 425 6310
6314 4095 6312
6316 1116 6315
6318 250 2714
6320 38 177
6322 5792 6320
6324 6319 6323
6326 794 6325
6328 3880 4098
6330 78 6329
6332 4372 6330
6334 154 3166
6336 39 957
6338 3741 6336
6340 6335 6339
6342 872 6341
6344 1398 6333
6346 6343 6344
6348 6327 6346
6350 145 3882
6352 4907 6351
6354 2634 5620
6356 36 6355
6358 21 6357
6360 6353 6358
6362 3130 6355
6364 20 3885
6366 6363 6364
6368 1024 6367
6370 6361 6368
6372 2934 6317
6374 6349 6372
6376 6371 6374
6378 18 3409
6380 40 1008
6382 5777 6380
6384 6379 6382
6386 508 6307
6388 6385 6386
6390 6377 6388
6392 25 54
6394 1195 6393
6396 37 2410
6398 6395 6396
6400 21 6295
6402 78 1051
6404 6401 6403
6406 4473 6404
6408 228 6407
6410 36 3215
6412 38 2617
6414 899 6413
6416 189 6415
6418 4907 6417
6420 6411 6419
6422 1024 6421
6424 248 5592
6426 290 5253
6428 2096 4372
6430 268 6427
6432 6425 6430
6434 6429 6432
6436 39 6319
6438 4583 6437
6440 752 773
6442 449 6440
6444 6439 6442
6446 434 5905
6448 1116 6447
6450 41 6435
6452 6445 6450
6454 6449 6452
6456 6423 6454
6458 220 4082
6460 6380 6459
6462 50 6461
6464 6409 6462
6466 6457 6464
6468 6391 6399
6470 6467 6468
6472 46 6471
6474 6165 6473
6476 6291 6474
6478 21 1981
6480 358 1685
6482 794 1047
6484 6481 6482
6486 3605 6485
6488 3575 6486
6490 6479 6488
6492 25 6491
6494 2021 6493
6496 1751 1930
6498 1116 6497
6500 1266 3445
6502 39 1652
6504 1733 6503
6506 4846 6504
6508 37 6507
6510 6500 6509
6512 268 6511
6514 62 3645
6516 449 6515
6518 1751 6516
6520 6028 6518
6522 2805 6521
6524 41 6499
6526 6513 6524
6528 6523 6526
6530 43 6529
6532 6495 6530
6534 6076 6533
6536 5678 6535
6538 1230 1832
6540 169 875
6542 324 6541
6544 1979 6543
6546 6089 6544
6548 268 6547
6550 752 2013
6552 40 6113
6554 6549 6551
6556 6552 6554
6558 752 1911
6560 4848 6049
6562 37 6561
6564 6500 6563
6566 268 6565
6568 6559 6567
6570 1941 6568
6572 43 6557
6574 6571 6572
6576 6149 6539
6578 6575 6576
6580 5742 6579
6582 6537 6581
6584 7 6583
6586 1771 2723
6588 824 6587
6590 36 1585
6592 6335 6590
6594 268 6589
6596 6593 6594
6598 215 447
6600 4123 6598
6602 3355 6600
6604 752 6603
6606 390 640
6608 425 3665
6610 6607 6608
6612 21 6611
6614 844 6613
6616 328 2263
6618 1332 2171
6620 6617 6619
6622 38 6621
6624 20 5907
6626 1024 6623
6628 6625 6626
6630 2582 6605
6632 6597 6630
6634 6629 6632
6636 6615 6634
6638 52 3093
6640 2775 6638
6642 118 3267
6644 5461 6293
6646 246 6644
6648 163 212
6650 5713 6648
6652 25 6647
6654 6651 6652
6656 2952 6643
6658 6655 6656
6660 6637 6641
6662 6659 6660
6664 500 6663
6666 60 76
6668 2771 4744
6670 6667 6669
6672 54 6671
6674 5145 5283
6676 18 6675
6678 361 2335
6680 766 6679
6682 528 6681
6684 4603 6682
6686 6677 6684
6688 3124 3356
6690 154 2640
6692 6689 6691
6694 20 6693
6696 290 3167
6698 824 2839
6700 323 6698
6702 6697 6701
6704 21 6703
6706 622 6695
6708 6705 6706
6710 175 6648
6712 2411 4782
6714 246 6713
6716 228 6715
6718 6711 6716
6720 50 211
6722 6687 6709
6724 6719 6722
6726 6720 6724
6728 6673 6727
6730 6665 6728
6732 46 6731
6734 3480 4142
6736 106 995
6738 2989 6736
6740 24 6739
6742 437 6735
6744 6740 6742
6746 909 3569
6748 38 6747
6750 1291 6749
6752 36 6751
6754 2154 6753
6756 268 6755
6758 1975 4568
6760 638 6759
6762 6166 6761
6764 752 6763
6766 541 6757
6768 6765 6766
6770 6745 6768
6772 1375 6771
6774 257 3446
6776 4179 6775
6778 6193 6776
6780 253 1026
6782 1523 1631
6784 3628 6782
6786 1378 6785
6788 21 6781
6790 6787 6788
6792 228 6791
6794 6779 6792
6796 50 6795
6798 6773 6796
6800 3963 6734
6802 947 4603
6804 6740 6802
6806 6801 6804
6808 36 1531
6810 6749 6808
6812 1298 3457
6814 268 6813
6816 6811 6814
6818 889 1321
6820 638 6818
6822 6258 6821
6824 752 6823
6826 6817 6825
6828 6807 6826
6830 41 6829
6832 39 685
6834 103 1114
6836 36 6835
6838 6833 6837
6840 4486 6839
6842 4089 6225
6844 540 6841
6846 6843 6844
6848 195 4552
6850 36 6849
6852 683 1026
6854 21 6853
6856 6851 6854
6858 1581 4936
6860 228 6859
6862 6857 6860
6864 508 6863
6866 6847 6864
6868 6831 6866
6870 504 1518
6872 1245 6871
6874 6799 6872
6876 6869 6874
6878 870 6877
6880 6733 6879
6882 6585 6880
6884 554 5976
6886 24 6885
6888 718 6886
6890 709 6888
6892 698 2106
6894 4838 6893
6896 749 6894
6898 5225 6897
6900 25 6899
6902 6891 6901
6904 5120 6903
6906 43 4863
6908 453 6906
6910 2953 6909
6912 6905 6911
6914 1480 6913
6916 5742 6915
6918 752 4442
6920 25 794
6922 359 6920
6924 5276 6922
6926 6919 6925
6928 6903 6926
6930 2952 6929
6932 451 790
6934 775 4493
6936 78 6935
6938 779 794
6940 36 5693
6942 25 6939
6944 6941 6942
6946 6937 6944
6948 2582 6947
6950 6933 6948
6952 1479 4409
6954 6951 6952
6956 6931 6954
6958 5678 6957
6960 6917 6959
6962 7 6961
6964 1038 3361
6966 3862 6965
6968 20 4765
6970 228 6967
6972 6969 6970
6974 79 622
6976 4626 6974
6978 2193 6976
6980 565 6979
6982 6973 6980
6984 50 6983
6986 846 5261
6988 2775 6986
6990 854 2054
6992 60 6392
6994 4719 6992
6996 2671 3707
6998 324 6997
7000 4838 6999
7002 747 1917
7004 290 7003
7006 543 650
7008 20 7007
7010 7005 7008
7012 25 7001
7014 7011 7012
7016 2636 5949
7018 7007 7017
7020 1024 7019
7022 3070 7021
7024 7015 7022
7026 188 260
7028 3122 6086
7030 3805 5778
7032 242 284
7034 20 7031
7036 7033 7034
7038 3363 7029
7040 7037 7038
7042 6691 7027
7044 7041 7042
7046 228 7045
7048 4763 5208
7050 205 5340
7052 7049 7050
7054 508 7053
7056 7025 7054
7058 7047 7056
7060 6991 6995
7062 6989 7060
7064 6985 7062
7066 7059 7064
7068 46 7067
7070 3432 4903
7072 20 4899
7074 1335 7072
7076 7071 7074
7078 3209 3806
7080 3860 6247
7082 7079 7080
7084 622 7077
7086 7083 7084
7088 39 1226
7090 1065 7089
7092 20 7091
7094 337 1235
7096 3906 7095
7098 7092 7097
7100 775 875
7102 36 7101
7104 3921 5565
7106 7103 7105
7108 228 7107
7110 7099 7108
7112 1171 7087
7114 7111 7112
7116 50 7115
7118 1194 1227
7120 963 1071
7122 36 7121
7124 3807 7123
7126 145 5276
7128 1917 7126
7130 7125 7129
7132 3862 7131
7134 1142 1251
7136 3128 7135
7138 129 904
7140 38 7139
7142 3432 7141
7144 20 7137
7146 7143 7144
7148 7133 7147
7150 622 7149
7152 3963 6242
7154 18 7153
7156 39 6214
7158 6270 7157
7160 7155 7158
7162 31 4955
7164 397 872
7166 7163 7164
7168 3906 5473
7170 7092 7169
7172 597 6402
7174 25 7173
7176 7167 7174
7178 7171 7176
7180 1025 1117
7182 1394 7181
7184 6223 7183
7186 7179 7184
7188 508 7151
7190 7161 7188
7192 7187 7190
7194 6213 7119
7196 7117 7194
7198 7193 7196
7200 870 7199
7202 7069 7201
7204 6963 7202
7206 21 2967
7208 2954 7207
7210 591 7208
7212 2057 7211
7214 46 7213
7216 1230 1511
7218 290 7121
7220 1140 7219
7222 1130 2575
7224 25 7223
7226 7221 7224
7228 1129 7227
7230 2952 7229
7232 7217 7231
7234 870 7233
7236 7215 7235
7238 48 7237
7240 4085 5864
7242 7208 7241
7244 5773 7243
7246 46 7245
7248 511 5770
7250 62 1125
7252 1406 1635
7254 25 1141
7256 7253 7254
7258 7251 7257
7260 2952 7259
7262 7249 7261
7264 870 7263
7266 2952 6920
7268 5219 7266
7270 1475 7269
7272 680 7271
7274 7247 7273
7276 7265 7274
7278 500 7277
7280 7239 7279
i0 p0p02spec29gt02spec29outside29temperature02spec292room29temperature
i1 p0b02spec292c2m29finished
i2 p0b02spec292c2m29busy
i3 p0b02spec292c2m29standby
i4 p0b02spec292c2m29ready
i5 p0b02spec292heating29on
i6 p0b02spec292heating29off
i7 p0b02spec292room29bed29occupied
i8 p0b02spec292room29somebody2leaves
i9 p0b02spec292room29somebody2enters
i10 p0b02spec292room29switch29toggled
i11 p0b02spec292room29empty
i12 p0b02spec292timer29timeout
l0 l0
l1 l1
l2 l2
l3 l3
l4 l4
l5 l5
l6 l6
l7 l7
o0 u02spec292c2m29ctrl0f1d2spec292c2m29turn2off1b
o1 u02spec292c2m29ctrl0f1d2spec292c2m29make2coffee1b
o2 u02spec292c2m29ctrl0f1d2spec292c2m29turn2on1b
o3 u02spec292c2m29ctrl02spec292c2m29ctrl
o4 u02spec292heating29ctrl0f1d2spec292heating29turn2off1b
o5 u02spec292heating29ctrl0f1d2spec292heating29turn2on1b
o6 u02spec292heating29ctrl02spec292heating29ctrl
o7 u02spec292timer29start2new2timer0f1d2spec292timer29hour251b
o8 u02spec292timer29start2new2timer0f1d2spec292timer29hour241b
o9 u02spec292timer29start2new2timer0f1d2spec292timer29min25231b
o10 u02spec292timer29start2new2timer02spec292timer29start2new2timer
