REALIZABLE
aag 524 7 5 8 512
2
4
6
8
10
12
14
16 682
18 793
20 917
22 1001
24 1048
205
0
281
354
495
507
0
545
26 11 12
28 21 23
30 20 22
32 18 23
34 31 33
36 29 34
38 18 30
40 17 21
42 29 41
44 19 43
46 16 44
48 39 47
50 18 21
52 22 50
54 48 53
56 37 54
58 25 56
60 25 57
62 21 22
64 20 23
66 63 65
68 17 19
70 67 69
72 16 32
74 17 22
76 18 74
78 53 77
80 73 78
82 70 80
84 19 31
86 41 85
88 33 86
90 24 89
92 83 90
94 61 93
96 4 94
98 14 90
100 96 98
102 59 101
104 24 88
106 3 105
108 3 5
110 25 108
112 65 110
114 56 112
116 106 115
118 8 117
120 103 118
122 25 33
124 85 122
126 5 125
128 58 126
130 105 129
132 97 130
134 9 133
136 105 134
138 121 137
140 26 139
142 28 68
144 25 142
146 9 145
148 10 13
150 30 68
152 14 150
154 110 152
156 110 142
158 155 157
160 8 158
162 147 148
164 161 162
166 2 8
168 13 166
170 10 168
172 37 39
174 14 172
176 85 174
178 16 31
180 29 68
182 179 181
184 4 182
186 177 184
188 58 186
190 170 188
192 5 25
194 85 172
196 170 192
198 194 196
200 165 199
202 191 200
204 141 202
206 15 173
208 25 47
210 195 208
212 78 210
214 20 72
216 45 215
218 83 216
220 90 219
222 25 49
224 5 223
226 221 224
228 212 226
230 207 228
232 101 231
234 166 233
236 90 134
238 235 237
240 148 239
242 15 24
244 41 242
246 89 244
248 218 246
250 14 31
252 70 87
254 15 25
256 252 254
258 208 257
260 173 258
262 251 260
264 36 262
266 249 265
268 4 267
270 95 226
272 269 271
274 12 166
276 11 274
278 273 276
280 241 279
282 11 104
284 27 283
286 15 48
288 253 286
290 60 289
292 82 242
294 93 293
296 249 295
298 4 297
300 291 298
302 2 227
304 301 302
306 118 305
308 12 135
310 307 308
312 285 311
314 10 104
316 149 315
318 54 250
320 60 319
322 5 91
324 321 322
326 15 89
328 24 327
330 96 328
332 2 189
334 325 332
336 331 334
338 106 158
340 8 339
342 337 340
344 25 143
346 134 345
348 13 343
350 347 348
352 317 351
354 313 353
356 4 105
358 45 326
360 15 17
362 50 360
364 24 362
366 209 365
368 358 366
370 73 151
372 288 370
374 25 372
376 15 260
378 375 377
380 369 378
382 25 35
384 99 369
386 15 71
388 385 387
390 383 389
392 381 391
394 356 393
396 24 217
398 15 44
400 396 399
402 92 401
404 15 35
406 25 405
408 177 406
410 214 242
412 396 411
414 403 413
416 409 414
418 5 417
420 395 419
422 168 421
424 317 423
426 261 384
428 15 427
430 105 429
432 4 431
434 14 36
436 25 435
438 207 436
440 5 413
442 439 440
444 274 443
446 433 444
448 285 447
450 425 449
452 19 63
454 18 65
456 453 455
458 379 457
460 249 293
462 459 460
464 8 108
466 463 464
468 5 411
470 17 23
472 19 41
474 471 472
476 254 475
478 80 476
480 468 479
482 4 380
484 9 481
486 483 484
488 467 487
490 105 167
492 488 490
494 451 493
496 257 365
498 5 497
500 276 498
502 183 286
504 198 502
506 501 505
508 98 440
510 192 434
512 369 511
514 377 512
516 509 514
518 276 517
520 27 149
522 489 521
524 378 407
526 409 525
528 90 216
530 82 528
532 468 531
534 527 532
536 4 393
538 170 535
540 537 538
542 519 523
544 541 542
546 223 255
548 16 547
550 22 398
552 3 550
554 90 553
556 126 555
558 549 556
560 4 401
562 373 547
564 24 398
566 4 565
568 2 567
570 365 560
572 569 570
574 563 572
576 9 559
578 575 576
580 15 46
582 175 581
584 192 583
586 327 397
588 546 586
590 4 589
592 2 591
594 585 592
596 3 357
598 65 471
600 19 599
602 16 29
604 18 603
606 66 604
608 601 607
610 14 609
612 360 457
614 25 613
616 611 614
618 143 363
620 92 618
622 617 621
624 5 623
626 596 625
628 8 627
630 595 628
632 579 631
634 12 633
636 285 635
638 14 84
640 581 639
642 192 641
644 592 643
646 5 24
648 84 471
650 14 89
652 219 650
654 359 653
656 18 361
658 655 656
660 649 659
662 646 661
664 14 52
666 616 665
668 596 667
670 663 668
672 8 645
674 671 672
676 579 675
678 13 677
680 317 679
682 637 681
684 401 531
686 383 684
688 4 687
690 646 655
692 15 72
694 15 19
696 66 694
698 603 696
700 5 639
702 693 700
704 699 702
706 436 704
708 691 707
710 689 708
712 2 711
714 24 28
716 638 714
718 365 717
720 436 454
722 246 604
724 718 721
726 723 724
728 108 727
730 8 729
732 713 730
734 400 601
736 25 78
738 18 736
740 735 739
742 5 741
744 9 743
746 689 744
748 148 747
750 733 748
752 129 742
754 25 38
756 397 755
758 4 757
760 695 758
762 9 761
764 753 762
766 369 560
768 263 766
770 5 259
772 384 770
774 2 769
776 773 774
778 8 777
780 125 717
782 529 780
784 108 783
786 778 785
788 26 765
790 787 788
792 751 791
794 366 384
796 4 795
798 229 743
800 9 799
802 8 427
804 797 803
806 801 804
808 2 807
810 609 736
812 755 811
814 75 813
816 735 815
818 5 817
820 762 819
822 3 9
824 531 717
826 812 824
828 108 827
830 823 829
832 821 831
834 809 833
836 26 835
838 19 598
840 607 736
842 839 840
844 735 843
846 5 845
848 689 847
850 3 849
852 4 211
854 93 852
856 398 852
858 855 857
860 5 213
862 735 860
864 2 858
866 863 864
868 851 867
870 9 869
872 457 650
874 20 73
876 326 874
878 24 873
880 877 878
882 25 31
884 601 882
886 665 884
888 108 887
890 881 888
892 258 503
894 5 893
896 389 894
898 182 254
900 369 899
902 859 900
904 2 897
906 903 904
908 891 907
910 8 909
912 871 911
914 148 913
916 837 915
918 765 823
920 453 840
922 14 46
924 5 551
926 923 924
928 193 927
930 921 929
932 106 223
934 401 932
936 109 935
938 931 937
940 919 939
942 62 656
944 124 943
946 718 945
948 108 947
950 778 949
952 26 941
954 951 952
956 22 212
958 929 957
960 855 937
962 959 960
964 919 963
966 565 757
968 536 967
970 503 665
972 208 970
974 5 684
976 973 974
978 2 977
980 969 978
982 153 944
984 23 175
986 825 985
988 983 987
990 108 989
992 8 991
994 981 992
996 148 965
998 995 996
1000 955 999
1002 2 565
1004 601 646
1006 217 1004
1008 923 1006
1010 759 1009
1012 1003 1011
1014 9 1013
1016 108 945
1018 401 1016
1020 557 1018
1022 499 565
1024 2 1023
1026 149 1025
1028 25 971
1030 5 403
1032 1029 1030
1034 568 1033
1036 27 155
1038 1035 1036
1040 1027 1039
1042 8 1021
1044 1041 1042
1046 521 1015
1048 1045 1046
i0 p0b02room29somebody2leaves
i1 p0b02room29somebody2enters
i2 p0b02room29switch29toggled
i3 p0b02room29empty
i4 p0b02roomlight29off
i5 p0b02roomlight29on
i6 p0b02timer29timeout
l0 l0
l1 l1
l2 l2
l3 l3
l4 l4
o0 u02roomlight29light0f1d2roomlight29turn2off1b
o1 u02roomlight29light0f1d2roomlight29toggle1b
o2 u02roomlight29light0f1d2roomlight29turn2on1b
o3 u02roomlight29light02roomlight29light
o4 u02timer29start2new2timer0f1d2timer29hour251b
o5 u02timer29start2new2timer0f1d2timer29hour241b
o6 u02timer29start2new2timer0f1d2timer29min25231b
o7 u02timer29start2new2timer02timer29start2new2timer
