REALIZABLE
aag 935 14 6 6 915
2
4
6
8
10
12
14
16
18
20
22
24
26
28
30 920
32 1318
34 1607
36 1782
38 1852
40 1871
425
428
0
480
606
613
42 19 24
44 12 27
46 2 44
48 43 46
50 26 28
52 18 51
54 12 52
56 25 51
58 19 25
60 44 58
62 55 61
64 12 56
66 62 64
68 55 67
70 2 69
72 49 71
74 31 73
76 2 30
78 19 20
80 24 78
82 13 27
84 81 82
86 21 25
88 84 87
90 76 88
92 33 91
94 75 92
96 13 52
98 13 56
100 19 98
102 97 101
104 20 103
106 21 51
108 13 106
110 105 109
112 30 111
114 2 31
116 51 81
118 20 116
120 12 118
122 12 106
124 24 122
126 31 125
128 121 126
130 114 129
132 32 131
134 113 132
136 35 135
138 95 136
140 31 33
142 103 140
144 30 33
146 24 108
148 105 147
150 144 149
152 143 151
154 13 29
156 3 81
158 154 156
160 2 111
162 159 161
164 30 102
166 32 165
168 163 166
170 152 169
172 34 171
174 36 139
176 173 174
178 39 41
180 2 63
182 2 122
184 181 183
186 30 184
188 13 26
190 2 189
192 33 116
194 190 192
196 145 195
198 187 197
200 72 199
202 31 195
204 201 203
206 35 205
208 43 82
210 30 208
212 2 210
214 92 213
216 131 214
218 32 213
220 72 184
222 31 221
224 218 223
226 217 225
228 34 227
230 207 229
232 37 231
234 177 178
236 233 234
238 43 154
240 20 238
242 2 149
244 21 24
246 154 244
248 243 247
250 113 248
252 33 251
254 31 149
256 102 255
258 32 257
260 35 259
262 253 260
264 241 262
266 34 152
268 18 24
270 21 268
272 158 271
274 163 273
276 30 274
278 255 277
280 32 279
282 266 281
284 20 100
286 51 270
288 13 286
290 285 289
292 2 291
294 273 293
296 30 32
298 34 296
300 295 298
302 282 301
304 265 303
306 37 305
308 38 41
310 21 33
312 98 310
314 105 313
316 33 96
318 20 96
320 147 319
322 32 321
324 317 323
326 314 324
328 34 327
330 32 35
332 111 330
334 329 333
336 103 191
338 28 336
340 103 339
342 31 341
344 30 241
346 248 344
348 33 35
350 343 348
352 347 350
354 36 334
356 353 354
358 308 357
360 307 358
362 237 361
364 39 40
366 32 34
368 36 366
370 40 369
372 365 371
374 35 326
376 19 32
378 51 79
380 13 378
382 377 380
384 99 383
386 34 384
388 36 387
390 375 388
392 33 34
394 148 392
396 35 384
398 395 397
400 111 398
402 37 400
404 391 403
406 39 404
408 35 149
410 334 409
412 37 411
414 36 398
416 38 415
418 413 416
420 407 419
422 373 420
424 362 423
426 40 420
428 362 427
430 28 82
432 156 430
434 25 108
436 432 435
438 31 436
440 348 438
442 298 432
444 441 443
446 37 445
448 30 88
450 31 208
452 449 451
454 36 348
456 432 454
458 453 456
460 38 459
462 447 460
464 339 439
466 368 465
468 31 37
470 348 468
472 116 470
474 39 473
476 467 474
478 463 477
480 41 478
482 88 144
484 32 84
486 30 484
488 483 487
490 35 488
492 33 209
494 145 449
496 493 495
498 34 497
500 491 499
502 37 501
504 211 483
506 35 505
508 36 483
510 507 508
512 503 511
514 38 513
516 35 497
518 34 504
520 517 519
522 36 521
524 34 489
526 37 507
528 525 526
530 523 529
532 39 531
534 515 533
536 40 535
538 392 453
540 46 81
542 31 540
544 87 542
546 32 545
548 31 48
550 92 549
552 547 551
554 487 553
556 35 555
558 539 557
560 36 559
562 218 543
564 215 563
566 34 545
568 565 566
570 48 296
572 144 540
574 35 571
576 573 574
578 37 577
580 569 578
582 561 581
584 39 583
586 35 485
588 89 366
590 30 36
592 469 591
594 38 593
596 493 594
598 587 596
600 589 598
602 41 601
604 585 602
606 537 605
608 479 604
610 373 535
612 609 611
614 38 40
616 26 238
618 35 296
620 616 618
622 2 82
624 79 622
626 31 625
628 348 627
630 621 629
632 26 149
634 2 380
636 30 635
638 617 636
640 633 638
642 631 641
644 88 624
646 30 632
648 645 647
650 392 649
652 18 622
654 330 652
656 643 655
658 651 656
660 614 659
662 26 30
664 364 662
666 387 664
668 375 666
670 335 662
672 2 146
674 3 104
676 18 154
678 154 269
680 268 430
682 679 681
684 21 683
686 677 685
688 674 686
690 2 96
692 30 691
694 21 76
696 693 695
698 673 697
700 689 698
702 105 435
704 3 703
706 677 704
708 31 691
710 707 708
712 348 701
714 711 712
716 671 715
718 308 717
720 32 129
722 4 209
724 5 617
726 723 725
728 4 89
730 5 633
732 729 731
734 727 733
736 30 734
738 3 12
740 57 119
742 738 741
744 31 743
746 71 183
748 744 746
750 720 749
752 737 750
754 71 744
756 30 645
758 675 756
760 755 759
762 35 761
764 331 763
766 753 765
768 144 732
770 140 726
772 34 771
774 271 380
776 285 775
778 3 777
780 686 778
782 161 781
784 32 783
786 297 785
788 101 692
790 707 788
792 787 791
794 769 772
796 793 794
798 178 797
800 767 798
802 36 669
804 661 802
806 719 804
808 801 806
810 400 664
812 614 662
814 411 812
816 653 705
818 30 817
820 106 269
822 119 821
824 738 823
826 746 825
828 31 827
830 819 829
832 366 831
834 181 743
836 618 835
838 184 744
840 30 625
842 779 840
844 129 392
846 839 844
848 843 846
850 3 287
852 192 850
854 196 853
856 186 825
858 35 855
860 857 858
862 837 861
864 849 862
866 833 864
868 178 867
870 31 735
872 4 30
874 103 872
876 330 875
878 871 876
880 636 781
882 31 733
884 32 881
886 883 884
888 4 111
890 150 888
892 772 891
894 887 892
896 30 889
898 31 243
900 689 898
902 897 901
904 348 903
906 308 905
908 879 906
910 895 908
912 37 811
914 815 912
916 869 914
918 911 916
920 809 919
922 4 380
924 5 100
926 20 924
928 923 927
930 32 928
932 3 321
934 344 932
936 18 703
938 103 937
940 2 938
942 3 380
944 273 942
946 18 944
948 941 947
950 31 949
952 33 146
954 290 953
956 76 955
958 33 957
960 935 958
962 951 960
964 35 931
966 963 964
968 4 96
970 925 969
972 392 971
974 366 435
976 929 974
978 973 977
980 967 978
982 308 981
984 692 947
986 32 380
988 273 986
990 297 989
992 985 991
994 27 929
996 26 100
998 20 996
1000 995 999
1002 435 1001
1004 144 1002
1006 27 971
1008 997 1007
1010 140 1009
1012 34 1011
1014 993 1012
1016 1005 1014
1018 24 29
1020 188 1018
1022 319 1021
1024 242 1022
1026 30 1025
1028 933 1026
1030 12 26
1032 29 1030
1034 18 1032
1036 122 268
1038 61 1037
1040 114 1039
1042 3 54
1044 31 1043
1046 1035 1044
1048 1041 1046
1050 33 1049
1052 1029 1050
1054 378 738
1056 31 1055
1058 18 44
1060 67 1037
1062 1059 1060
1064 20 1063
1066 2 1065
1068 1056 1067
1070 30 1000
1072 720 1069
1074 1071 1072
1076 35 1053
1078 1075 1076
1080 178 1017
1082 1079 1080
1084 983 1083
1086 36 1085
1088 32 337
1090 377 1089
1092 190 938
1094 1091 1093
1096 271 624
1098 999 1097
1100 160 1098
1102 33 943
1104 1101 1102
1106 1095 1105
1108 35 1107
1110 100 987
1112 17 1111
1114 16 324
1116 34 1115
1118 1113 1116
1120 320 987
1122 16 1120
1124 17 285
1126 35 1125
1128 1123 1126
1130 37 1129
1132 1119 1130
1134 614 1133
1136 20 1100
1138 673 933
1140 1137 1138
1142 392 1140
1144 1134 1143
1146 1109 1144
1148 15 1110
1150 35 1149
1152 100 311
1154 17 1152
1156 16 382
1158 34 1157
1160 1155 1158
1162 1151 1161
1164 35 325
1166 14 1164
1168 36 1163
1170 1167 1168
1172 15 34
1174 285 1172
1176 15 1153
1178 35 382
1180 14 1179
1182 1177 1181
1184 14 1120
1186 34 1185
1188 1183 1187
1190 1175 1189
1192 37 1191
1194 364 1171
1196 1193 1194
1198 2 1063
1200 1043 1199
1202 618 1201
1204 165 1027
1206 943 1205
1208 20 1201
1210 126 1209
1212 392 1211
1214 1207 1212
1216 44 820
1218 1065 1217
1220 1037 1218
1222 2 1221
1224 30 1055
1226 1223 1224
1228 2 998
1230 378 635
1232 626 1231
1234 1229 1232
1236 348 1235
1238 1227 1236
1240 185 1218
1242 1056 1241
1244 940 1021
1246 3 96
1248 30 1247
1250 1245 1248
1252 366 1243
1254 1251 1252
1256 1203 1215
1258 1239 1255
1260 1256 1258
1262 178 1261
1264 31 999
1266 995 1264
1268 30 970
1270 32 1269
1272 1267 1270
1274 144 929
1276 3 240
1278 140 1277
1280 321 1278
1282 35 1281
1284 1275 1282
1286 1273 1284
1288 30 945
1290 293 1288
1292 31 1003
1294 32 1291
1296 1293 1294
1298 435 1274
1300 1012 1299
1302 1297 1300
1304 308 1287
1306 1303 1304
1308 1135 1307
1310 1263 1308
1312 37 1311
1314 1147 1197
1316 1087 1314
1318 1313 1316
1320 287 385
1322 16 1320
1324 289 1153
1326 17 1325
1328 1323 1327
1330 34 1329
1332 315 1150
1334 364 1333
1336 1331 1334
1338 147 645
1340 19 35
1342 367 1341
1344 1339 1342
1346 1025 1344
1348 35 377
1350 1096 1348
1352 614 1351
1354 1347 1352
1356 20 70
1358 115 127
1360 1357 1359
1362 32 1361
1364 289 927
1366 999 1364
1368 30 1366
1370 1362 1369
1372 127 1045
1374 70 245
1376 1373 1375
1378 33 696
1380 3 952
1382 1379 1381
1384 1377 1383
1386 35 1385
1388 1371 1386
1390 147 927
1392 30 1390
1394 289 925
1396 997 1394
1398 31 1396
1400 1393 1399
1402 392 1401
1404 1366 1402
1406 2 288
1408 30 246
1410 3 684
1412 1277 1411
1414 1409 1413
1416 366 1407
1418 1415 1416
1420 1405 1419
1422 1389 1420
1424 178 1423
1426 330 1365
1428 4 25
1430 937 1429
1432 328 1430
1434 21 436
1436 1277 1435
1438 697 1436
1440 2 936
1442 247 1413
1444 31 1443
1446 1441 1444
1448 348 1439
1450 1447 1448
1452 308 1427
1454 1433 1452
1456 1451 1454
1458 36 1337
1460 1355 1458
1462 1457 1460
1464 1425 1462
1466 30 289
1468 77 1467
1470 271 634
1472 1469 1471
1474 66 1356
1476 126 1475
1478 392 1473
1480 1477 1478
1482 287 747
1484 1373 1483
1486 1441 1469
1488 366 1485
1490 1487 1488
1492 1061 1202
1494 2 822
1496 348 851
1498 1495 1496
1500 1264 1498
1502 1037 1475
1504 35 144
1506 1503 1504
1508 1481 1501
1510 1493 1507
1512 1508 1510
1514 1491 1512
1516 178 1515
1518 327 937
1520 1116 1518
1522 17 955
1524 32 777
1526 953 1525
1528 16 149
1530 1526 1528
1532 1523 1531
1534 35 1533
1536 1521 1535
1538 614 1537
1540 14 1527
1542 15 311
1544 774 1542
1546 1541 1545
1548 34 1547
1550 1176 1320
1552 14 288
1554 1551 1553
1556 35 1555
1558 1549 1557
1560 364 1559
1562 367 1403
1564 1264 1390
1566 32 1565
1568 77 345
1570 1471 1569
1572 1411 1570
1574 1566 1573
1576 1563 1575
1578 673 1436
1580 140 1579
1582 875 1397
1584 1566 1582
1586 30 1365
1588 35 1587
1590 1581 1588
1592 1585 1590
1594 308 1593
1596 1577 1594
1598 1539 1561
1600 1597 1598
1602 1517 1600
1604 37 1603
1606 1465 1605
1608 15 1519
1610 14 314
1612 1609 1611
1614 35 1613
1616 385 1323
1618 34 1616
1620 388 1619
1622 1615 1620
1624 366 777
1626 15 1325
1628 1173 1625
1630 1627 1628
1632 954 1172
1634 37 1633
1636 1631 1634
1638 39 1637
1640 1623 1638
1642 310 329
1644 16 1643
1646 412 1644
1648 191 1178
1650 285 1140
1652 392 1651
1654 35 1325
1656 1649 1655
1658 1653 1656
1660 36 1659
1662 38 1647
1664 1661 1662
1666 1641 1665
1668 40 1667
1670 287 999
1672 114 1671
1674 694 1032
1676 1673 1675
1678 33 1677
1680 70 662
1682 35 1681
1684 1679 1682
1686 941 1041
1688 720 1687
1690 144 292
1692 26 33
1694 130 1692
1696 34 1691
1698 1695 1696
1700 1689 1698
1702 1685 1701
1704 37 1703
1706 34 889
1708 153 1706
1710 897 1362
1712 958 1041
1714 136 1713
1716 1711 1714
1718 366 1409
1720 272 1718
1722 36 1721
1724 1709 1722
1726 1717 1724
1728 39 1727
1730 1705 1728
1732 328 889
1734 36 1733
1736 5 332
1738 349 1737
1740 43 272
1742 31 1741
1744 941 1742
1746 1568 1745
1748 958 1747
1750 1739 1749
1752 1734 1751
1754 470 1276
1756 145 259
1758 34 255
1760 5 111
1762 1759 1760
1764 1757 1762
1766 37 1755
1768 301 1766
1770 1709 1768
1772 1765 1770
1774 38 1773
1776 1753 1774
1778 41 1731
1780 1777 1778
1782 1669 1781
1784 263 283
1786 37 1785
1788 3 247
1790 35 1789
1792 153 1790
1794 1737 1793
1796 1734 1794
1798 1787 1797
1800 308 1799
1802 367 414
1804 1526 1617
1806 329 1804
1808 412 1807
1810 38 1803
1812 1809 1810
1814 1164 1610
1816 1619 1815
1818 36 1817
1820 37 366
1822 1552 1820
1824 39 1823
1826 1819 1824
1828 1813 1827
1830 40 1829
1832 258 274
1834 266 1833
1836 111 296
1838 35 553
1840 1837 1838
1842 36 1841
1844 1835 1842
1846 178 581
1848 1845 1846
1850 1831 1849
1852 1801 1850
1854 4 36
1856 308 1854
1858 335 1856
1860 191 1802
1862 413 1861
1864 614 1863
1866 364 405
1868 1859 1867
1870 1865 1868
i0 p0p0between0t29pm70t29pm8
i1 p0p0between0t29am50t29am2423
i2 p0p0bright0outside29brightness
i3 p0b0bed29exit
i4 p0b0bed29enter
i5 p0b0alarm
i6 p0b0t29sunday
i7 p0b0t29saturday
i8 p0b0room29somebody2leaves
i9 p0b0room29somebody2enters
i10 p0b0switch29toggled
i11 p0b0room29empty
i12 p0b0room29shades29closed
i13 p0b0room29shades29open
l0 l0
l1 l1
l2 l2
l3 l3
l4 l4
l5 l5
o0 u0alarm29control0f1dturn2off1b
o1 u0alarm29control0f1dturn2on1b
o2 u0alarm29control0alarm29control
o3 u0room29shades29ctrl0f1dmove2to0f1dpercent231b1b
o4 u0room29shades29ctrl0f1dmove2to0f1dpercent2423231b1b
o5 u0room29shades29ctrl0room29shades29ctrl
