REALIZABLE
aag 607 10 6 4 591
2
4
6
8
10
12
14
16
18
20
22 519
24 737
26 937
28 1075
30 1179
32 1215
164
0
170
0
34 17 20
36 33 34
38 19 36
40 7 9
42 26 29
44 22 42
46 25 29
48 24 28
50 26 49
52 23 50
54 47 52
56 26 48
58 23 56
60 55 59
62 45 60
64 24 29
66 25 28
68 65 67
70 23 27
72 69 70
74 27 64
76 23 75
78 27 49
80 22 78
82 22 69
84 26 82
86 81 85
88 77 86
90 31 89
92 73 90
94 27 46
96 22 94
98 57 97
100 92 98
102 62 100
104 23 30
106 64 104
108 103 107
110 40 109
112 26 28
114 27 68
116 30 115
118 113 116
120 23 118
122 101 121
124 6 123
126 111 125
128 12 127
130 8 13
132 57 92
134 55 81
136 132 134
138 130 136
140 23 46
142 22 74
144 141 143
146 31 85
148 144 146
150 23 74
152 30 151
154 9 13
156 153 154
158 149 156
160 139 159
162 129 160
164 38 163
166 29 31
168 32 167
170 165 169
172 17 169
174 35 173
176 6 8
178 24 26
180 49 113
182 179 181
184 30 182
186 122 185
188 176 187
190 12 189
192 7 8
194 65 183
196 95 104
198 60 196
200 194 198
202 192 200
204 13 203
206 191 205
208 9 12
210 7 31
212 27 82
214 141 213
216 210 215
218 104 195
220 7 219
222 25 27
224 166 222
226 23 224
228 6 227
230 26 64
232 23 231
234 26 66
236 232 235
238 60 213
240 31 239
242 237 240
244 121 185
246 243 244
248 228 246
250 221 249
252 217 251
254 208 253
256 31 145
258 23 24
260 27 258
262 30 260
264 257 263
266 6 265
268 199 257
270 7 67
272 269 270
274 267 273
276 154 275
278 33 277
280 255 278
282 207 280
284 7 166
286 225 285
288 12 287
290 26 140
292 151 291
294 9 293
296 288 295
298 13 166
300 178 210
302 298 301
304 155 303
306 6 166
308 261 306
310 259 284
312 9 309
314 311 312
316 305 315
318 297 317
320 32 319
322 20 321
324 283 322
326 175 325
328 20 168
330 223 298
332 223 306
334 285 333
336 12 335
338 32 337
340 9 210
342 96 340
344 222 306
346 343 345
348 13 347
350 331 338
352 349 350
354 79 179
356 86 355
358 30 40
360 356 358
362 73 340
364 232 362
366 31 135
368 31 57
370 134 368
372 93 370
374 6 119
376 185 374
378 104 180
380 6 378
382 377 381
384 367 383
386 373 384
388 12 365
390 361 388
392 387 390
394 116 236
396 28 70
398 31 397
400 76 398
402 9 401
404 395 402
406 192 379
408 241 406
410 121 176
412 243 410
414 405 409
416 413 414
418 13 417
420 33 393
422 419 420
424 353 423
426 21 425
428 16 329
430 427 428
432 327 431
434 19 433
436 17 21
438 288 338
440 13 224
442 343 441
444 32 443
446 439 445
448 244 367
450 8 228
452 448 450
454 227 448
456 6 455
458 25 44
460 30 458
462 244 461
464 7 463
466 95 236
468 22 182
470 210 469
472 467 470
474 9 473
476 465 474
478 457 476
480 12 453
482 479 480
484 8 448
486 223 398
488 134 486
490 22 30
492 179 490
494 197 493
496 244 495
498 13 489
500 497 498
502 131 501
504 485 503
506 33 505
508 483 506
510 446 509
512 436 511
514 18 169
516 513 514
518 435 517
520 53 65
522 31 81
524 27 47
526 522 525
528 93 527
530 521 529
532 31 58
534 369 533
536 73 535
538 23 354
540 67 539
542 536 541
544 531 543
546 244 544
548 192 546
550 24 468
552 30 550
554 29 100
556 40 199
558 553 556
560 555 558
562 6 9
564 268 562
566 201 450
568 565 567
570 561 568
572 549 570
574 13 573
576 137 201
578 27 577
580 264 579
582 40 581
584 238 545
586 562 584
588 190 587
590 583 588
592 575 591
594 33 593
596 9 25
598 45 292
600 340 599
602 333 601
604 12 603
606 563 604
608 9 23
610 6 179
612 609 610
614 330 613
616 607 615
618 597 617
620 32 619
622 19 34
624 621 622
626 595 624
628 16 21
630 19 628
632 8 438
634 99 535
636 30 98
638 192 637
640 635 638
642 373 640
644 59 75
646 13 301
648 644 646
650 131 649
652 643 651
654 176 185
656 225 654
658 137 656
660 397 644
662 31 661
664 59 65
666 30 665
668 7 667
670 663 668
672 371 374
674 9 671
676 673 674
678 12 677
680 659 678
682 33 653
684 681 682
686 633 685
688 630 687
690 18 436
692 9 229
694 22 522
696 461 695
698 222 490
700 696 699
702 7 700
704 692 703
706 193 448
708 705 706
710 12 709
712 236 398
714 152 645
716 713 715
718 9 717
720 192 226
722 13 721
724 719 722
726 33 725
728 711 726
730 439 729
732 690 731
734 689 733
736 627 734
738 115 235
740 59 355
742 30 741
744 738 742
746 7 527
748 745 746
750 50 90
752 59 228
754 751 752
756 749 755
758 154 757
760 7 635
762 30 81
764 739 762
766 760 765
768 6 100
770 130 767
772 769 770
774 119 373
776 367 654
778 774 776
780 22 234
782 233 781
784 210 261
786 783 784
788 6 775
790 7 26
792 666 790
794 787 793
796 789 794
798 9 797
800 12 779
802 799 800
804 33 759
806 773 804
808 803 806
810 633 809
812 630 811
814 547 654
816 73 235
818 358 817
820 185 585
822 562 821
824 143 539
826 31 825
828 40 826
830 12 819
832 829 830
834 815 832
836 823 834
838 176 247
840 192 577
842 7 356
844 6 24
846 599 844
848 530 847
850 843 848
852 73 291
854 271 468
856 852 855
858 30 857
860 13 859
862 851 860
864 131 863
866 839 841
868 865 866
870 837 869
872 33 871
874 26 310
876 333 875
878 208 877
880 13 210
882 331 881
884 40 43
886 193 609
888 885 886
890 231 889
892 883 891
894 32 893
896 879 894
898 622 897
900 873 898
902 229 484
904 40 738
906 697 904
908 903 907
910 13 909
912 399 494
914 7 913
916 208 915
918 457 916
920 911 919
922 33 921
924 346 444
926 9 438
928 925 927
930 923 928
932 690 931
934 813 933
936 901 934
938 347 444
940 6 13
942 485 700
944 940 943
946 31 468
948 7 699
950 947 948
952 692 941
954 951 952
956 945 955
958 33 957
960 939 959
962 690 961
964 185 562
966 137 964
968 6 547
970 30 234
972 263 971
974 7 972
976 827 974
978 9 977
980 969 979
982 967 981
984 12 983
986 53 184
988 154 263
990 987 988
992 849 990
994 185 243
996 228 994
998 7 185
1000 544 998
1002 997 1001
1004 130 1003
1006 36 993
1008 1005 1006
1010 985 1008
1012 6 765
1014 98 1012
1016 99 760
1018 1015 1017
1020 13 1019
1022 12 369
1024 376 1022
1026 8 1025
1028 1021 1026
1030 33 1029
1032 633 1031
1034 28 355
1036 495 1034
1038 28 536
1040 1037 1039
1042 7 1041
1044 208 1043
1046 769 1044
1048 31 63
1050 745 947
1052 1049 1050
1054 6 1053
1056 181 784
1058 154 1057
1060 1037 1058
1062 1055 1060
1064 628 1063
1066 1047 1064
1068 1033 1066
1070 1011 1069
1072 19 1071
1074 963 1073
1076 226 503
1078 508 1077
1080 446 1079
1082 690 1081
1084 90 562
1086 762 852
1088 151 210
1090 551 1088
1092 1087 1091
1094 9 459
1096 1093 1094
1098 1085 1097
1100 13 1099
1102 40 743
1104 528 1102
1106 176 775
1108 133 964
1110 12 1105
1112 1109 1110
1114 1107 1112
1116 33 1101
1118 1115 1116
1120 927 1119
1122 93 1012
1124 7 775
1126 130 1123
1128 1125 1126
1130 630 1129
1132 1121 1130
1134 107 972
1136 79 1135
1138 543 1137
1140 7 1139
1142 969 1141
1144 208 1143
1146 13 545
1148 820 1147
1150 176 1149
1152 562 750
1154 192 995
1156 53 781
1158 210 1157
1160 987 1159
1162 9 1161
1164 1153 1163
1166 1155 1164
1168 13 1167
1170 1145 1169
1172 1151 1170
1174 38 1173
1176 1083 1133
1178 1175 1176
1180 94 104
1182 533 1181
1184 33 130
1186 1183 1184
1188 445 1187
1190 630 1189
1192 9 140
1194 330 1193
1196 605 1195
1198 32 1197
1200 155 885
1202 200 1201
1204 120 130
1206 1203 1205
1208 33 1207
1210 1199 1209
1212 622 1211
1214 1191 1213
i0 p0b02room292room29empty
i1 p0b02room29bed29occupied
i2 p0b02room29somebody2leaves
i3 p0b02room29somebody2enters
i4 p0b02room29switch29toggled
i5 p0b02room29empty
i6 p0b02c2m29finished
i7 p0b02c2m29busy
i8 p0b02c2m29standby
i9 p0b02c2m29ready
l0 l0
l1 l1
l2 l2
l3 l3
l4 l4
l5 l5
o0 u02c2m29ctrl0f1d2c2m29turn2off1b
o1 u02c2m29ctrl0f1d2c2m29make2coffee1b
o2 u02c2m29ctrl0f1d2c2m29turn2on1b
o3 u02c2m29ctrl02c2m29ctrl
