REALIZABLE
aag 1629 4 7 11 1618
2
4
6
8
10 1671
12 2045
14 2405
16 2664
18 2856
20 3108
22 3259
221
465
520
568
574
795
571
0
1211
1216
0
24 6 9
26 20 23
28 5 18
30 12 14
32 11 16
34 30 32
36 28 34
38 12 17
40 11 18
42 39 40
44 10 17
46 12 44
48 43 47
50 13 14
52 18 51
54 10 15
56 12 15
58 17 57
60 55 58
62 52 60
64 16 31
66 15 17
68 65 67
70 4 49
72 68 70
74 63 72
76 37 75
78 26 77
80 21 22
82 10 12
84 14 82
86 16 84
88 28 80
90 86 88
92 79 91
94 24 93
96 4 20
98 87 96
100 16 83
102 14 100
104 11 14
106 103 105
108 18 107
110 13 17
112 19 67
114 111 112
116 15 16
118 33 117
120 114 118
122 109 121
124 11 13
126 13 15
128 17 127
130 125 128
132 18 130
134 98 133
136 123 134
138 4 21
140 16 126
142 10 18
144 140 142
146 138 144
148 20 28
150 102 148
152 147 151
154 137 152
156 23 155
158 17 18
160 30 158
162 11 160
164 4 162
166 10 13
168 14 166
170 30 45
172 169 171
174 16 173
176 18 174
178 5 176
180 165 179
182 80 181
184 9 183
186 157 184
188 14 26
190 16 166
192 18 190
194 14 192
196 5 195
198 17 19
200 11 198
202 12 200
204 191 203
206 188 205
208 197 206
210 36 80
212 8 211
214 209 212
216 7 215
218 187 216
220 95 219
222 7 8
224 4 145
226 203 224
228 15 82
230 11 15
232 128 231
234 3 19
236 233 234
238 228 236
240 226 239
242 18 140
244 5 201
246 243 244
248 30 44
250 18 248
252 246 251
254 80 253
256 241 254
258 55 105
260 16 19
262 167 260
264 258 262
266 188 264
268 21 23
270 110 230
272 19 271
274 14 38
276 18 275
278 143 277
280 3 4
282 18 280
284 278 283
286 11 12
288 117 280
290 286 288
292 285 291
294 268 273
296 293 294
298 257 267
300 297 298
302 222 301
304 11 50
306 13 259
308 16 306
310 305 309
312 18 311
314 16 231
316 167 287
318 17 316
320 19 319
322 315 320
324 313 323
326 4 325
328 31 167
330 16 329
332 320 331
334 280 332
336 327 335
338 127 314
340 19 338
342 158 317
344 341 343
346 5 344
348 177 346
350 336 349
352 21 351
354 22 281
356 126 200
358 20 356
360 22 359
362 355 361
364 353 363
366 7 9
368 5 20
370 86 368
372 19 85
374 199 373
376 20 278
378 374 376
380 30 33
382 18 380
384 357 383
386 21 385
388 3 18
390 39 331
392 388 391
394 117 392
396 138 394
398 23 371
400 387 398
402 379 400
404 397 402
406 366 405
408 365 406
410 26 162
412 35 47
414 282 413
416 250 281
418 23 357
420 415 417
422 418 420
424 21 423
426 411 425
428 31 127
430 119 428
432 18 430
434 114 201
436 339 434
438 5 437
440 433 438
442 2 19
444 32 50
446 443 444
448 230 260
450 4 449
452 447 450
454 441 453
456 22 455
458 24 427
460 457 458
462 303 461
464 409 462
466 18 85
468 31 318
470 33 469
472 268 466
474 470 472
476 57 342
478 55 316
480 260 479
482 338 480
484 477 483
486 22 485
488 21 487
490 20 357
492 22 491
494 15 110
496 18 117
498 41 497
500 495 499
502 12 258
504 16 503
506 19 258
508 505 506
510 23 501
512 509 510
514 493 513
516 489 515
518 475 517
520 24 519
522 16 287
524 19 117
526 522 524
528 21 527
530 127 342
532 528 531
534 492 533
536 142 171
538 23 536
540 27 539
542 14 286
544 17 543
546 117 545
548 18 191
550 495 548
552 547 550
554 10 14
556 58 555
558 315 557
560 20 559
562 553 560
564 541 563
566 535 565
568 222 567
570 22 490
572 6 8
574 571 572
576 159 467
578 470 577
580 12 259
582 39 167
584 581 582
586 18 585
588 280 586
590 418 589
592 579 590
594 27 593
596 55 543
598 16 597
600 279 495
602 599 600
604 509 603
606 368 604
608 275 508
610 18 557
612 599 610
614 96 613
616 609 614
618 607 617
620 595 618
622 101 117
624 307 623
626 19 624
628 447 477
630 627 628
632 4 631
634 314 316
636 18 635
638 431 636
640 477 638
642 100 125
644 524 643
646 249 644
648 5 647
650 641 648
652 80 633
654 651 652
656 621 655
658 24 657
660 354 358
662 80 165
664 347 662
666 336 664
668 139 387
670 51 125
672 229 670
674 18 673
676 18 523
678 675 677
680 275 679
682 273 681
684 4 393
686 683 684
688 669 687
690 4 123
692 18 547
694 5 374
696 693 694
698 691 697
700 20 699
702 23 689
704 701 702
706 9 661
708 667 706
710 705 708
712 39 45
714 55 713
716 51 100
718 57 716
720 715 719
722 18 721
724 201 527
726 723 724
728 5 727
730 19 45
732 2 116
734 111 730
736 733 734
738 717 736
740 145 531
742 739 740
744 4 743
746 80 745
748 729 746
750 85 314
752 19 751
754 557 752
756 64 307
758 127 544
760 757 759
762 18 761
764 755 763
766 20 765
768 161 537
770 590 768
772 27 771
774 19 96
776 111 315
778 555 777
780 774 779
782 767 781
784 773 782
786 8 749
788 785 786
790 7 789
792 711 790
794 659 793
796 2 18
798 86 796
800 368 799
802 2 11
804 160 802
806 86 442
808 805 807
810 800 808
812 97 811
814 17 672
816 10 127
818 64 816
820 19 819
822 815 820
824 11 56
826 39 67
828 45 826
830 825 829
832 118 831
834 18 833
836 3 195
838 835 836
840 823 838
842 17 673
844 100 555
846 843 845
848 128 466
850 847 849
852 2 537
854 851 852
856 841 855
858 4 857
860 23 813
862 859 860
864 5 357
866 380 796
868 864 867
870 13 258
872 67 111
874 871 873
876 388 643
878 875 876
880 116 125
882 112 881
884 310 882
886 259 318
888 2 191
890 674 888
892 887 890
894 879 885
896 893 894
898 4 897
900 869 899
902 268 901
904 270 774
906 22 905
908 5 345
910 3 5
912 179 911
914 909 912
916 64 259
918 320 917
920 38 230
922 307 921
924 18 923
926 919 925
928 280 927
930 15 342
932 175 931
934 2 4
936 177 934
938 933 936
940 21 929
942 939 940
944 914 942
946 906 945
948 9 863
950 903 947
952 948 950
954 11 495
956 41 955
958 805 957
960 5 959
962 31 42
964 428 523
966 962 965
968 4 967
970 38 104
972 3 970
974 116 124
976 543 975
978 19 977
980 973 979
982 968 980
984 268 961
986 983 984
988 3 756
990 2 16
992 231 817
994 990 993
996 4 712
998 995 996
1000 989 998
1002 5 85
1004 911 1003
1006 559 1005
1008 19 1007
1010 1001 1008
1012 26 551
1014 1011 1012
1016 260 580
1018 2 5
1020 245 1019
1022 44 429
1024 719 1023
1026 388 1025
1028 66 166
1030 35 1029
1032 796 1031
1034 1017 1021
1036 1033 1034
1038 1027 1036
1040 19 33
1042 41 1041
1044 1031 1042
1046 227 935
1048 1045 1047
1050 80 1039
1052 1049 1050
1054 8 571
1056 987 1054
1058 1015 1056
1060 1053 1058
1062 7 1061
1064 953 1062
1066 571 1064
1068 43 305
1070 969 1069
1072 21 975
1074 1071 1072
1076 23 572
1078 491 1076
1080 1075 1078
1082 5 467
1084 14 316
1086 990 1084
1088 1082 1086
1090 158 824
1092 18 444
1094 4 1093
1096 265 1094
1098 18 639
1100 5 1099
1102 434 483
1104 1100 1103
1106 3 1097
1108 1105 1106
1110 807 1091
1112 1089 1110
1114 1109 1112
1116 80 1115
1118 258 523
1120 4 38
1122 19 1121
1124 1118 1122
1126 3 275
1128 45 622
1130 1126 1128
1132 4 1130
1134 128 803
1136 17 428
1138 1018 1136
1140 32 51
1142 1135 1141
1144 1139 1142
1146 18 1145
1148 1133 1146
1150 1125 1149
1152 26 1151
1154 16 124
1156 51 318
1158 57 1156
1160 1155 1159
1162 388 1161
1164 281 969
1166 15 124
1168 16 1167
1170 85 1168
1172 434 1171
1174 1165 1173
1176 1163 1174
1178 83 829
1180 643 1179
1182 19 1180
1184 48 1183
1186 3 1185
1188 471 796
1190 442 1180
1192 5 1189
1194 1191 1192
1196 1187 1194
1198 268 1177
1200 1197 1198
1202 1153 1201
1204 1117 1202
1206 24 1205
1208 1081 1207
1210 1067 1208
1212 6 570
1214 1065 1213
1216 1208 1214
1218 45 129
1220 1040 1218
1222 328 1220
1224 158 875
1226 1223 1225
1228 280 1227
1230 116 286
1232 258 827
1234 1231 1233
1236 18 1235
1238 233 644
1240 5 1237
1242 1239 1240
1244 328 340
1246 17 317
1248 14 1246
1250 18 1248
1252 1245 1251
1254 934 1253
1256 21 1019
1258 1229 1256
1260 1243 1255
1262 1258 1260
1264 492 1263
1266 280 481
1268 125 231
1270 550 1268
1272 1266 1271
1274 100 1167
1276 67 1275
1278 18 1277
1280 41 1279
1282 381 1281
1284 19 478
1286 1283 1285
1288 934 1287
1290 21 1289
1292 3 357
1294 260 317
1296 1292 1295
1298 587 1296
1300 1194 1299
1302 1273 1301
1304 1290 1302
1306 125 1136
1308 466 1307
1310 820 1247
1312 280 1309
1314 1311 1312
1316 258 1246
1318 375 1317
1320 3 467
1322 3 128
1324 1321 1323
1326 1319 1325
1328 796 964
1330 270 442
1332 5 1331
1334 1329 1332
1336 1327 1334
1338 229 827
1340 819 1339
1342 47 1341
1344 19 1343
1346 18 1231
1348 1307 1346
1350 2 1349
1352 1345 1350
1354 4 1352
1356 20 1315
1358 1337 1356
1360 1355 1358
1362 23 1361
1364 1305 1362
1366 1265 1365
1368 24 1367
1370 19 339
1372 19 554
1374 1371 1373
1376 110 259
1378 544 672
1380 1377 1379
1382 1375 1380
1384 235 1131
1386 1383 1385
1388 40 832
1390 543 1338
1392 1375 1391
1394 116 166
1396 18 1395
1398 1393 1397
1400 1389 1399
1402 2 1401
1404 1387 1403
1406 4 1405
1408 1370 1377
1410 622 1218
1412 279 1411
1414 1409 1413
1416 910 1415
1418 338 372
1420 357 1419
1422 145 1018
1424 1420 1422
1426 20 1425
1428 1417 1426
1430 1407 1428
1432 21 935
1434 19 503
1436 11 1434
1438 21 1437
1440 1280 1438
1442 1433 1441
1444 199 1437
1446 35 921
1448 1281 1446
1450 1444 1449
1452 280 1451
1454 3 587
1456 1221 1454
1458 911 961
1460 1457 1459
1462 1443 1461
1464 1453 1462
1466 1431 1465
1468 23 1467
1470 202 934
1472 1255 1471
1474 19 444
1476 203 1475
1478 18 1230
1480 543 871
1482 158 1481
1484 30 198
1486 1479 1485
1488 1483 1486
1490 1476 1488
1492 280 1491
1494 1472 1493
1496 58 105
1498 429 1496
1500 18 1498
1502 1479 1501
1504 581 1168
1506 16 1505
1508 1023 1507
1510 19 1509
1512 5 1502
1514 1511 1512
1516 22 1256
1518 1515 1516
1520 1494 1518
1522 8 1521
1524 1469 1522
1526 495 1375
1528 921 1526
1530 18 881
1532 1307 1530
1534 2 1533
1536 1529 1534
1538 100 105
1540 19 1539
1542 1126 1540
1544 388 1377
1546 55 57
1548 100 1546
1550 1544 1549
1552 1543 1551
1554 1537 1552
1556 4 1555
1558 125 556
1560 975 1559
1562 388 1561
1564 83 116
1566 19 1565
1568 1218 1566
1570 2 1569
1572 975 1499
1574 18 1572
1576 1570 1575
1578 19 83
1580 15 1578
1582 753 1581
1584 3 872
1586 1583 1584
1588 5 1563
1590 1587 1588
1592 1577 1590
1594 20 1593
1596 1557 1594
1598 19 1547
1600 145 1599
1602 3 66
1604 1601 1603
1606 4 799
1608 1605 1606
1610 86 388
1612 5 1611
1614 21 1613
1616 1609 1614
1618 23 1617
1620 1597 1618
1622 347 911
1624 1339 1346
1626 3 1371
1628 1625 1626
1630 1623 1629
1632 19 887
1634 1395 1632
1636 3 1635
1638 167 259
1640 676 1639
1642 1636 1641
1644 2 333
1646 158 168
1648 1644 1647
1650 4 1649
1652 1643 1650
1654 1631 1653
1656 80 1655
1658 22 904
1660 9 1659
1662 1657 1660
1664 1621 1662
1666 7 1665
1668 1525 1666
1670 1369 1669
1672 1245 1488
1674 280 1673
1676 1472 1675
1678 2 250
1680 246 1679
1682 21 1681
1684 1494 1682
1686 1676 1684
1688 492 1687
1690 372 1446
1692 838 1691
1694 1403 1693
1696 4 1695
1698 102 125
1700 1377 1699
1702 234 1701
1704 5 145
1706 1569 1704
1708 911 1707
1710 62 1602
1712 1703 1711
1714 1709 1712
1716 20 1715
1718 1697 1716
1720 57 1219
1722 975 1721
1724 1436 1722
1726 163 1279
1728 1725 1726
1730 280 1729
1732 956 1018
1734 19 141
1736 33 45
1738 1734 1737
1740 962 1722
1742 163 910
1744 1739 1742
1746 1741 1744
1748 1733 1747
1750 1443 1748
1752 1731 1750
1754 23 1753
1756 1719 1754
1758 1689 1757
1760 222 1759
1762 32 428
1764 1159 1763
1766 18 1765
1768 17 1029
1770 825 1768
1772 1566 1771
1774 1767 1773
1776 3 1775
1778 1155 1580
1780 2 1779
1782 579 1780
1784 1777 1783
1786 138 1785
1788 65 131
1790 499 1789
1792 609 1791
1794 2 1793
1796 3 1230
1798 389 1797
1800 16 671
1802 44 50
1804 18 1803
1806 1801 1804
1808 1799 1807
1810 4 1809
1812 1795 1810
1814 3 86
1816 14 110
1818 388 1816
1820 1815 1819
1822 1334 1820
1824 20 1823
1826 1813 1824
1828 5 21
1830 2 1185
1832 234 634
1834 307 504
1836 582 1544
1838 1835 1836
1840 1833 1839
1842 1831 1840
1844 1828 1843
1846 23 1827
1848 1845 1846
1850 1787 1848
1852 236 1835
1854 439 911
1856 388 1232
1858 1853 1857
1860 1855 1858
1862 1249 1734
1864 310 636
1866 1863 1865
1868 280 1867
1870 18 1480
1872 159 1871
1874 831 1873
1876 19 469
1878 625 1876
1880 934 1879
1882 1875 1880
1884 21 1861
1886 1869 1883
1888 1884 1886
1890 492 1889
1892 9 1891
1894 1851 1892
1896 52 1768
1898 543 1896
1900 31 1167
1902 1540 1900
1904 1899 1903
1906 3 1905
1908 368 1907
1910 3 1169
1912 1897 1910
1914 1331 1828
1916 1913 1914
1918 1909 1917
1920 23 1919
1922 910 1646
1924 5 1923
1926 492 1924
1928 8 1927
1930 1921 1928
1932 6 1931
1934 1895 1932
1936 19 65
1938 815 1936
1940 18 880
1942 1225 1941
1944 1939 1942
1946 3 1945
1948 1537 1947
1950 96 1949
1952 382 1815
1954 5 1953
1956 4 883
1958 681 1956
1960 281 1959
1962 18 1722
1964 61 524
1966 1963 1965
1968 3 243
1970 1967 1968
1972 1961 1971
1974 21 1955
1976 1973 1974
1978 1171 1769
1980 388 1979
1982 2 1421
1984 83 314
1986 429 1985
1988 796 1987
1990 1983 1989
1992 1126 1566
1994 368 1993
1996 1981 1994
1998 1990 1996
2000 23 1999
2002 1951 2000
2004 1977 2002
2006 660 1019
2008 361 2007
2010 906 2009
2012 3 341
2014 16 286
2016 18 2014
2018 496 1639
2020 2017 2019
2022 2012 2020
2024 913 2023
2026 796 1802
2028 4 2027
2030 1245 2028
2032 21 2031
2034 2025 2032
2036 2010 2035
2038 366 2037
2040 2005 2038
2042 1761 2041
2044 1935 2042
2046 389 1911
2048 64 871
2050 271 2049
2052 18 2051
2054 2047 2053
2056 1331 2055
2058 138 2057
2060 1914 2055
2062 114 635
2064 111 1549
2066 18 1233
2068 2065 2066
2070 3 2063
2072 2069 2070
2074 368 2073
2076 96 2072
2078 23 2075
2080 2077 2078
2082 2061 2080
2084 2059 2082
2086 125 1564
2088 19 2087
2090 85 232
2092 2088 2091
2094 3 2092
2096 3 1640
2098 2095 2097
2100 5 2098
2102 4 2099
2104 80 2101
2106 2103 2104
2108 8 2007
2110 2107 2108
2112 2085 2110
2114 2 1251
2116 1225 1292
2118 2115 2117
2120 1094 1245
2122 2119 2120
2124 443 481
2126 647 2125
2128 433 477
2130 2127 2128
2132 5 2131
2134 80 2123
2136 2133 2134
2138 17 1084
2140 644 2139
2142 1279 2141
2144 280 2143
2146 579 864
2148 911 2147
2150 251 2047
2152 1839 2150
2154 2149 2153
2156 2145 2155
2158 1290 2156
2160 500 971
2162 2 509
2164 2161 2162
2166 826 1530
2168 112 502
2170 3 2167
2172 2169 2170
2174 2165 2173
2176 5 2175
2178 19 1341
2180 2 2017
2182 849 2180
2184 2179 2182
2186 58 125
2188 3 2187
2190 820 2188
2192 69 388
2194 2191 2193
2196 2185 2194
2198 4 2197
2200 2177 2199
2202 20 2201
2204 23 2159
2206 2203 2204
2208 1660 2137
2210 2207 2208
2212 6 2113
2214 2211 2212
2216 325 934
2218 875 1734
2220 307 1119
2222 18 2221
2224 2219 2223
2226 280 2225
2228 172 388
2230 975 1391
2232 234 2230
2234 2229 2233
2236 915 2234
2238 165 2227
2240 2217 2238
2242 2237 2240
2244 21 2243
2246 2009 2245
2248 4 682
2250 39 1699
2252 388 2251
2254 2249 2253
2256 281 2255
2258 280 1599
2260 63 2258
2262 433 1965
2264 2260 2262
2266 2257 2265
2268 21 2267
2270 281 691
2272 496 1497
2274 19 717
2276 843 2274
2278 3 2273
2280 2277 2278
2282 20 2281
2284 2271 2282
2286 849 2012
2288 18 1549
2290 1499 2288
2292 1570 2291
2294 2287 2293
2296 368 2295
2298 23 2297
2300 2285 2298
2302 2269 2300
2304 366 2247
2306 2303 2304
2308 1339 1583
2310 549 2309
2312 1389 2311
2314 934 2313
2316 103 1029
2318 18 2317
2320 329 730
2322 2319 2321
2324 3 2323
2326 2 553
2328 755 2326
2330 2325 2329
2332 5 2331
2334 815 1370
2336 280 2335
2338 835 2336
2340 20 2339
2342 2315 2340
2344 2333 2342
2346 10 116
2348 169 1434
2350 2347 2348
2352 1283 2351
2354 280 2353
2356 1741 2047
2358 5 537
2360 911 2359
2362 1331 2361
2364 2357 2362
2366 1443 2365
2368 2355 2366
2370 23 2369
2372 2345 2370
2374 1179 1565
2376 388 2375
2378 243 527
2380 2 2379
2382 714 796
2384 5 2383
2386 2381 2384
2388 2095 2386
2390 2377 2388
2392 1676 2391
2394 80 2393
2396 1659 2395
2398 2373 2396
2400 222 2399
2402 2307 2401
2404 2215 2402
2406 808 1907
2408 96 2407
2410 867 1612
2412 1913 2410
2414 1910 1963
2416 4 867
2418 2415 2416
2420 21 2413
2422 2419 2420
2424 272 1699
2426 52 1169
2428 3 2427
2430 2425 2428
2432 368 2431
2434 1990 2432
2436 23 2435
2438 2409 2436
2440 2423 2438
2442 234 2231
2444 5 2443
2446 177 2444
2448 309 1817
2450 282 2449
2452 80 2451
2454 327 2452
2456 2447 2454
2458 1660 2457
2460 2441 2458
2462 105 1722
2464 18 2463
2466 191 1578
2468 2465 2467
2470 4 2469
2472 5 1679
2474 718 796
2476 127 2015
2478 388 2477
2480 2472 2479
2482 2475 2480
2484 3 1510
2486 2482 2485
2488 80 2471
2490 2487 2488
2492 193 1570
2494 43 693
2496 1582 2494
2498 3 2497
2500 2493 2499
2502 368 2501
2504 127 1381
2506 1395 2505
2508 774 2507
2510 1603 2348
2512 158 597
2514 191 577
2516 2513 2514
2518 138 2511
2520 2517 2518
2522 19 955
2524 1454 2523
2526 161 802
2528 1828 2527
2530 2525 2528
2532 96 496
2534 817 2532
2536 23 2535
2538 2509 2536
2540 2521 2531
2542 2538 2540
2544 2503 2542
2546 8 2491
2548 2545 2546
2550 2461 2549
2552 7 2551
2554 635 1379
2556 19 2555
2558 531 1479
2560 2557 2558
2562 280 2561
2564 1099 1860
2566 80 1255
2568 2563 2566
2570 2565 2568
2572 357 1288
2574 2187 2347
2576 550 2575
2578 1266 2577
2580 1331 1611
2582 2472 2580
2584 2579 2583
2586 2573 2584
2588 21 2587
2590 170 1579
2592 1005 2590
2594 20 2593
2596 320 845
2598 133 2597
2600 3 2599
2602 4 1353
2604 2601 2602
2606 2594 2605
2608 23 2607
2610 2589 2608
2612 24 2571
2614 2611 2612
2616 1391 1479
2618 2093 2616
2620 280 2619
2622 80 1923
2624 2621 2622
2626 368 1906
2628 545 1549
2630 18 2629
2632 3 273
2634 1815 2633
2636 96 2631
2638 2635 2636
2640 21 1912
2642 139 2641
2644 4 1331
2646 395 2644
2648 2643 2647
2650 23 2639
2652 2627 2650
2654 2649 2652
2656 572 661
2658 2625 2656
2660 2655 2658
2662 2615 2661
2664 2553 2662
2666 586 1742
2668 2361 2667
2670 41 2349
2672 4 2671
2674 268 2669
2676 2673 2674
2678 2 765
2680 16 104
2682 388 495
2684 2681 2682
2686 234 751
2688 993 2686
2690 2685 2689
2692 2679 2690
2694 5 2693
2696 45 382
2698 2694 2697
2700 1539 1769
2702 1320 2700
2704 2 678
2706 1527 2704
2708 4 2703
2710 2707 2708
2712 2699 2711
2714 26 2713
2716 528 723
2718 139 2717
2720 19 39
2722 2347 2720
2724 925 2723
2726 2465 2724
2728 4 2727
2730 2719 2729
2732 492 2731
2734 222 2677
2736 2733 2734
2738 2715 2736
2740 1157 1873
2742 1877 2741
2744 449 2743
2746 4 2745
2748 484 1100
2750 21 2749
2752 2747 2750
2754 360 2753
2756 1082 1183
2758 21 251
2760 1779 2758
2762 1829 2761
2764 2757 2763
2766 466 1801
2768 483 2767
2770 2349 2768
2772 368 2771
2774 23 775
2776 99 2774
2778 2765 2776
2780 2773 2778
2782 2755 2781
2784 24 2783
2786 492 2621
2788 397 2639
2790 356 1432
2792 23 2791
2794 2788 2792
2796 572 2787
2798 2795 2796
2800 231 1136
2802 1566 2801
2804 466 1572
2806 2803 2805
2808 96 2807
2810 357 797
2812 1957 2810
2814 277 2813
2816 21 2815
2818 23 801
2820 2817 2818
2822 2809 2820
2824 18 2449
2826 163 1245
2828 2825 2826
2830 138 2829
2832 5 931
2834 1019 2833
2836 2 1370
2838 21 2837
2840 2233 2838
2842 2835 2840
2844 2010 2831
2846 2843 2844
2848 2823 2847
2850 366 2849
2852 2799 2851
2854 2739 2852
2856 2785 2854
2858 23 2789
2860 492 2620
2862 8 2861
2864 2859 2862
2866 963 2632
2868 2149 2867
2870 18 1378
2872 4 1611
2874 193 357
2876 2872 2874
2878 2871 2876
2880 21 2879
2882 2869 2880
2884 759 1801
2886 388 2885
2888 2 605
2890 234 1118
2892 779 2890
2894 368 2893
2896 2887 2894
2898 2889 2896
2900 234 759
2902 846 2900
2904 819 1559
2906 2 1043
2908 2905 2906
2910 1611 2903
2912 2909 2910
2914 96 2913
2916 23 2899
2918 2915 2916
2920 2883 2918
2922 229 829
2924 638 2923
2926 128 1434
2928 2925 2927
2930 3 2929
2932 651 911
2934 2931 2933
2936 15 262
2938 1093 2937
2940 2114 2938
2942 1985 2091
2944 234 2943
2946 55 829
2948 388 1763
2950 2947 2948
2952 4 2951
2954 2945 2952
2956 2941 2954
2958 80 2957
2960 2935 2958
2962 9 2961
2964 2921 2962
2966 2865 2965
2968 6 2967
2970 502 1040
2972 1389 2971
2974 934 2973
2976 2695 2975
2978 20 2977
2980 96 2721
2982 537 2980
2984 1435 2982
2986 1325 2984
2988 2513 2876
2990 768 864
2992 2867 2990
2994 21 2993
2996 2989 2994
2998 23 2987
3000 2997 2998
3002 2979 3000
3004 729 911
3006 10 1136
3008 2088 3007
3010 3 717
3012 2923 3010
3014 235 3013
3016 3009 3015
3018 3005 3017
3020 1445 2801
3022 495 2087
3024 2188 3022
3026 235 3025
3028 3021 3027
3030 145 1476
3032 2114 3030
3034 4 3033
3036 3029 3034
3038 80 3037
3040 3019 3038
3042 222 3041
3044 3003 3042
3046 358 2010
3048 138 1601
3050 388 1828
3052 274 3050
3054 85 132
3056 577 3055
3058 19 921
3060 2701 3058
3062 280 3061
3064 3057 3062
3066 233 1540
3068 1941 3055
3070 3067 3068
3072 934 3071
3074 20 1613
3076 3065 3074
3078 3073 3076
3080 3049 3053
3082 3079 3080
3084 23 3083
3086 2095 2835
3088 1636 2223
3090 1644 2825
3092 4 3091
3094 3089 3092
3096 80 3087
3098 3095 3096
3100 366 3047
3102 3099 3100
3104 3085 3102
3106 3045 3105
3108 2969 3106
3110 438 1099
3112 911 3111
3114 638 1233
3116 3 483
3118 2927 3116
3120 3115 3118
3122 3113 3121
3124 752 2091
3126 1237 3125
3128 3 3127
3130 281 451
3132 1093 3131
3134 3129 3132
3136 80 3135
3138 3123 3136
3140 1611 2758
3142 805 1815
3144 2594 3142
3146 23 3141
3148 3145 3146
3150 3139 3149
3152 24 3151
3154 43 889
3156 696 3154
3158 807 3157
3160 26 3159
3162 268 804
3164 3 23
3166 369 3164
3168 2696 3166
3170 248 388
3172 234 1505
3174 3007 3172
3176 2 200
3178 3171 3177
3180 3175 3178
3182 2482 3180
3184 51 3020
3186 1502 3185
3188 3 3187
3190 224 1471
3192 3189 3190
3194 80 3183
3196 3193 3194
3198 8 3163
3200 3169 3198
3202 3161 3200
3204 3197 3202
3206 5 1421
3208 808 2872
3210 881 1137
3212 1815 3210
3214 28 3213
3216 3207 3209
3218 3215 3216
3220 20 3219
3222 21 2410
3224 138 1953
3226 23 3225
3228 3223 3226
3230 3221 3228
3232 917 1632
3234 169 2222
3236 3233 3235
3238 280 3237
3240 21 2445
3242 2217 3240
3244 3239 3242
3246 491 906
3248 3245 3246
3250 9 3231
3252 3249 3250
3254 7 3253
3256 3205 3254
3258 3153 3257
i0 p0p0eq0time0f1dzero1b
i1 p0b0btn2start2stop
i2 p0b0btn2sec
i3 p0b0btn2min
l0 l0
l1 l1
l2 l2
l3 l3
l4 l4
l5 l5
l6 l6
o0 u0time0f1dcountup0time0dt1b
o1 u0time0f1dcountdown0time0dt1b
o2 u0time0f1dinc2seconds0time1b
o3 u0time0f1dinc2minutes0time1b
o4 u0time0f1dzero1b
o5 u0time0time
o6 u0dsp0f1ddisplay0time1b
o7 u0dsp0dsp
o8 u0beep0p1dbf1b
o9 u0beep0p1dbt1b
o10 u0beep0beep
