REALIZABLE
aag 537 8 5 8 524
2
4
6
8
10
12
14
16
18 762
20 871
22 943
24 1019
26 1075
235
0
327
450
582
598
0
633
28 12 15
30 19 23
32 21 25
34 30 32
36 27 34
38 11 37
40 28 39
42 18 25
44 22 24
46 19 44
48 21 46
50 43 49
52 22 51
54 18 23
56 53 55
58 20 23
60 21 22
62 59 61
64 21 23
66 18 64
68 62 67
70 18 68
72 55 65
74 33 47
76 24 64
78 19 76
80 25 70
82 79 81
84 74 82
86 72 84
88 25 62
90 87 89
92 71 91
94 56 93
96 53 95
98 33 96
100 7 27
102 98 100
104 25 30
106 99 105
108 6 27
110 107 108
112 16 75
114 17 54
116 113 115
118 110 116
120 103 119
122 4 121
124 24 66
126 5 100
128 16 126
130 124 128
132 10 131
134 123 132
136 40 135
138 13 14
140 17 27
142 101 141
144 4 143
146 107 144
148 22 25
150 31 62
152 19 151
154 24 152
156 20 154
158 149 157
160 19 64
162 158 161
164 61 163
166 35 47
168 125 166
170 165 168
172 16 47
174 69 172
176 171 174
178 77 105
180 16 45
182 178 180
184 158 183
186 115 184
188 17 24
190 187 188
192 177 191
194 126 193
196 10 195
198 147 196
200 25 69
202 115 201
204 20 203
206 35 205
208 100 207
210 7 11
212 26 45
214 18 58
216 61 215
218 212 216
220 159 218
222 11 221
224 211 223
226 209 225
228 111 226
230 138 199
232 229 230
234 137 233
236 10 138
238 17 26
240 214 238
242 212 217
244 241 242
246 17 95
248 55 85
250 27 248
252 247 250
254 245 253
256 6 255
258 25 151
260 72 259
262 26 261
264 27 106
266 263 265
268 249 264
270 7 219
272 269 270
274 267 272
276 257 275
278 4 277
280 34 126
282 279 281
284 236 283
286 52 140
288 27 287
290 46 288
292 7 290
294 225 293
296 67 112
298 35 297
300 100 299
302 243 251
304 6 303
306 16 304
308 301 307
310 4 309
312 5 7
314 37 291
316 312 315
318 10 317
320 311 318
322 28 295
324 321 322
326 285 325
328 26 44
330 12 328
332 29 331
334 4 10
336 42 64
338 115 337
340 288 338
342 169 340
344 100 343
346 10 109
348 213 346
350 345 348
352 335 351
354 6 269
356 141 354
358 119 357
360 24 59
362 238 361
364 219 363
366 359 364
368 264 297
370 7 213
372 369 370
374 4 373
376 367 374
378 353 377
380 6 267
382 98 108
384 7 329
386 314 384
388 11 387
390 383 388
392 381 390
394 15 393
396 379 394
398 333 397
400 13 328
402 139 401
404 209 384
406 11 405
408 381 406
410 35 100
412 192 410
414 348 413
416 335 415
418 51 59
420 17 71
422 419 420
424 16 83
426 27 425
428 297 426
430 423 428
432 219 241
434 6 432
436 431 434
438 4 437
440 273 438
442 417 441
444 14 409
446 443 444
448 403 447
450 399 449
452 29 139
454 328 452
456 11 329
458 56 140
460 24 65
462 31 460
464 71 462
466 259 465
468 7 466
470 458 469
472 163 238
474 7 161
476 472 475
478 471 477
480 456 478
482 43 201
484 458 482
486 27 296
488 384 487
490 363 488
492 165 181
494 26 493
496 473 495
498 384 496
500 491 499
502 485 501
504 6 329
506 5 505
508 453 506
510 503 508
512 11 453
514 17 86
516 99 515
518 100 516
520 160 238
522 262 521
524 87 420
526 517 525
528 108 527
530 28 523
532 519 530
534 529 532
536 221 521
538 17 94
540 16 96
542 79 482
544 465 542
546 16 545
548 541 546
550 539 549
552 27 551
554 245 536
556 553 554
558 504 556
560 288 550
562 218 536
564 561 563
566 7 565
568 138 559
570 567 568
572 535 571
574 4 573
576 511 513
578 575 576
580 481 579
582 455 581
584 241 287
586 236 585
588 27 337
590 114 588
592 40 590
594 587 593
596 4 7
598 595 596
600 479 512
602 138 557
604 27 526
606 536 605
608 28 607
610 603 609
612 334 611
614 16 336
616 26 615
618 361 616
620 472 618
622 485 621
624 10 312
626 453 624
628 623 626
630 601 629
632 613 630
634 6 456
636 341 634
638 496 636
640 7 26
642 18 45
644 77 643
646 17 645
648 16 105
650 261 648
652 647 651
654 640 653
656 17 154
658 19 88
660 100 659
662 657 660
664 177 662
666 506 655
668 665 666
670 338 428
672 364 504
674 671 672
676 4 489
678 675 676
680 10 679
682 669 680
684 26 187
686 18 59
688 17 687
690 467 688
692 152 690
694 27 259
696 141 695
698 693 697
700 685 699
702 210 701
704 639 703
706 683 704
708 15 707
710 333 709
712 337 541
714 108 713
716 540 588
718 384 717
720 4 715
722 719 720
724 105 433
726 16 171
728 482 688
730 27 729
732 727 730
734 725 733
736 7 735
738 506 737
740 10 739
742 723 740
744 43 690
746 297 697
748 745 746
750 685 749
752 210 751
754 639 753
756 743 754
758 14 757
760 403 759
762 711 761
764 218 492
766 6 764
768 288 712
770 496 769
772 7 771
774 767 773
776 334 775
778 26 215
780 158 778
782 17 20
784 45 782
786 780 784
788 291 787
790 210 789
792 183 785
794 365 793
796 426 615
798 62 542
800 420 799
802 175 801
804 796 802
806 795 805
808 624 807
810 791 809
812 777 810
814 138 813
816 17 155
818 73 816
820 796 819
822 365 765
824 821 823
826 7 825
828 6 590
830 767 829
832 827 830
834 4 833
836 27 421
838 27 201
840 361 838
842 837 841
844 547 843
846 795 845
848 312 847
850 10 849
852 835 850
854 218 493
856 384 855
858 204 243
860 856 858
862 225 861
864 383 862
866 28 865
868 853 866
870 815 869
872 354 781
874 100 467
876 11 875
878 873 876
880 6 585
882 111 881
884 773 882
886 4 885
888 26 185
890 157 838
892 177 890
894 889 893
896 312 895
898 10 897
900 887 898
902 138 879
904 901 902
906 191 890
908 425 888
910 192 908
912 907 911
914 312 913
916 27 525
918 113 916
920 495 919
922 7 921
924 305 923
926 4 925
928 10 915
930 927 928
932 205 874
934 11 933
936 305 934
938 28 937
940 931 938
942 905 941
944 247 588
946 496 945
948 7 947
950 882 949
952 4 951
954 27 461
956 177 954
958 241 616
960 312 959
962 957 960
964 953 963
966 138 965
968 17 90
970 647 796
972 969 970
974 855 973
976 7 975
978 305 829
980 977 978
982 4 981
984 191 954
986 88 546
988 26 157
990 987 988
992 312 991
994 985 992
996 983 995
998 28 997
1000 967 999
1002 10 1001
1004 504 955
1006 873 1004
1008 100 464
1010 76 640
1012 1009 1011
1014 1007 1012
1016 512 1015
1018 1003 1017
1020 84 916
1022 219 1021
1024 6 1023
1026 426 969
1028 856 1027
1030 1025 1029
1032 28 1031
1034 289 498
1036 247 768
1038 219 889
1040 1037 1038
1042 6 1041
1044 1035 1043
1046 138 1045
1048 1033 1047
1050 334 1049
1052 179 640
1054 1007 1053
1056 512 1055
1058 13 124
1060 77 81
1062 27 817
1064 1061 1062
1066 619 1065
1068 626 1059
1070 1067 1068
1072 1057 1071
1074 1051 1072
i0 p0b02room29bed29occupied
i1 p0b02room29somebody2leaves
i2 p0b02room29somebody2enters
i3 p0b02room29switch29toggled
i4 p0b02room29empty
i5 p0b02roomlight29off
i6 p0b02roomlight29on
i7 p0b02timer29timeout
l0 l0
l1 l1
l2 l2
l3 l3
l4 l4
o0 u02roomlight29light0f1d2roomlight29turn2off1b
o1 u02roomlight29light0f1d2roomlight29toggle1b
o2 u02roomlight29light0f1d2roomlight29turn2on1b
o3 u02roomlight29light02roomlight29light
o4 u02timer29start2new2timer0f1d2timer29hour251b
o5 u02timer29start2new2timer0f1d2timer29hour241b
o6 u02timer29start2new2timer0f1d2timer29min25231b
o7 u02timer29start2new2timer02timer29start2new2timer
