REALIZABLE
aag 42 4 3 3 35
2
4
6
8
10 76
12 83
14 84
68
66
50
16 3 4
18 2 5
20 6 9
22 11 20
24 7 8
26 21 25
28 11 13
30 27 28
32 15 30
34 12 15
36 27 34
38 23 37
40 33 38
42 18 41
44 17 43
46 14 30
48 37 47
50 45 49
52 10 15
54 27 53
56 48 54
58 24 28
60 18 59
62 56 60
64 45 56
66 63 64
68 51 67
70 16 24
72 53 70
74 47 72
76 43 75
78 48 57
80 16 79
82 63 81
84 18 79
i0 p0b02plug29intent29off
i1 p0b02plug29intent29on
i2 p0b02plug29off
i3 p0b02plug29on
l0 l0
l1 l1
l2 l2
o0 u02plug29ctrl0f1d2plug29coff1b
o1 u02plug29ctrl0f1d2plug29con1b
o2 u02plug29ctrl02plug29ctrl
