REALIZABLE
aag 41 10 3 4 28
2
4
6
8
10
12
14
16
18
20
22 80
24 82
26 78
42
72
77
70
28 23 25
30 19 20
32 18 21
34 31 33
36 15 35
38 27 36
40 18 28
42 38 40
44 24 27
46 29 45
48 23 27
50 15 49
52 47 51
54 30 52
56 14 30
58 29 49
60 57 59
62 39 60
64 22 27
66 24 64
68 63 67
70 44 68
72 54 71
74 55 64
76 63 75
78 36 69
80 77 79
82 35 52
i0 p0p0bright0outside29brightness
i1 p0b02room29bed29occupied
i2 p0b02room29sombebody2enters
i3 p0b02room29somebody2leaves
i4 p0b02room29sombebody2leaves
i5 p0b02room29somebody2enters
i6 p0b02room29switch29toggled
i7 p0b02room29empty
i8 p0b02roomlight29off
i9 p0b02roomlight29on
l0 l0
l1 l1
l2 l2
o0 u02roomlight29light0f1d2roomlight29turn2off1b
o1 u02roomlight29light0f1d2roomlight29toggle1b
o2 u02roomlight29light0f1d2roomlight29turn2on1b
o3 u02roomlight29light02roomlight29light
