REALIZABLE
aag 100 8 4 4 88
2
4
6
8
10
12
14
16
18 145
20 165
22 201
24 108
82
0
86
81
26 14 17
28 15 16
30 27 29
32 19 21
34 23 32
36 31 34
38 18 28
40 19 31
42 20 31
44 41 43
46 23 45
48 38 46
50 21 22
52 38 50
54 49 53
56 37 54
58 7 12
60 8 59
62 7 22
64 45 63
66 13 41
68 65 66
70 9 69
72 61 71
74 57 73
76 25 75
78 24 34
80 77 79
82 36 80
84 18 25
86 74 84
88 27 41
90 46 89
92 42 91
94 53 93
96 6 95
98 53 97
100 25 99
102 31 78
104 101 103
106 9 12
108 105 106
110 50 89
112 91 111
114 6 113
116 94 115
118 60 117
120 78 119
122 109 120
124 9 68
126 71 112
128 13 127
130 40 112
132 54 131
134 70 133
136 97 129
138 135 136
140 125 139
142 25 141
144 123 143
146 47 131
148 58 147
150 43 65
152 13 151
154 149 153
156 9 155
158 119 157
160 25 159
162 60 102
164 161 163
166 94 112
168 13 115
170 167 168
172 45 91
174 170 172
176 18 110
178 49 177
180 131 178
182 7 181
184 115 183
186 12 185
188 9 175
190 187 188
192 8 97
194 171 192
196 25 195
198 191 196
200 163 199
i0 p0b02room292room29empty
i1 p0b02room29bed29occupied
i2 p0b02room29somebody2leaves
i3 p0b02room29somebody2enters
i4 p0b02room29switch29toggled
i5 p0b02room29empty
i6 p0b02roomlight29off
i7 p0b02roomlight29on
l0 l0
l1 l1
l2 l2
l3 l3
o0 u02roomlight29light0f1d2roomlight29turn2off1b
o1 u02roomlight29light0f1d2roomlight29toggle1b
o2 u02roomlight29light0f1d2roomlight29turn2on1b
o3 u02roomlight29light02roomlight29light
