REALIZABLE
aag 158 8 4 4 146
2
4
6
8
10
12
14
16
18 259
20 277
22 305
24 317
38
104
196
211
26 21 23
28 19 26
30 25 28
32 14 17
34 13 32
36 11 34
38 30 36
40 15 16
42 22 24
44 24 28
46 20 22
48 18 27
50 47 48
52 25 50
54 45 53
56 43 54
58 19 46
60 25 58
62 24 56
64 61 63
66 18 26
68 25 66
70 9 67
72 59 70
74 22 25
76 72 74
78 69 77
80 64 78
82 9 44
84 43 83
86 78 84
88 29 80
90 72 89
92 20 90
94 10 86
96 93 94
98 81 97
100 13 99
102 40 56
104 100 102
106 10 43
108 9 19
110 25 71
112 21 25
114 43 113
116 111 115
118 55 117
120 109 118
122 31 121
124 13 17
126 123 124
128 43 127
130 14 107
132 129 130
134 17 43
136 12 107
138 8 62
140 8 50
142 53 83
144 111 142
146 141 145
148 139 147
150 6 149
152 108 112
154 7 84
156 153 154
158 151 157
160 136 158
162 11 12
164 90 154
166 55 158
168 8 166
170 6 43
172 69 170
174 169 172
176 165 175
178 162 177
180 162 166
182 179 181
184 161 182
186 57 185
188 16 101
190 187 188
192 15 135
194 191 192
196 133 195
198 36 120
200 13 118
202 31 43
204 186 202
206 201 205
208 40 207
210 199 209
212 13 85
214 16 213
216 161 214
218 135 217
220 15 219
222 16 42
224 7 117
226 142 150
228 225 227
230 169 228
232 136 230
234 86 99
236 93 235
238 29 236
240 106 238
242 53 88
244 11 243
246 13 245
248 241 246
250 233 249
252 17 251
254 14 223
256 253 254
258 221 257
260 13 237
262 178 231
264 261 263
266 40 265
268 13 239
270 181 263
272 269 270
274 32 273
276 267 275
278 32 183
280 83 93
282 11 65
284 10 281
286 283 285
288 281 286
290 97 289
292 34 291
294 13 283
296 92 294
298 179 297
300 40 299
302 279 293
304 301 302
306 83 283
308 13 307
310 181 309
312 40 311
314 34 287
316 313 315
i0 p0p0bright0outside29brightness
i1 p0b02room29bed29occupied
i2 p0b02room29somebody2leaves
i3 p0b02room29somebody2enters
i4 p0b02room29switch29toggled
i5 p0b02room29empty
i6 p0b02roomlight29off
i7 p0b02roomlight29on
l0 l0
l1 l1
l2 l2
l3 l3
o0 u02roomlight29light0f1d2roomlight29turn2off1b
o1 u02roomlight29light0f1d2roomlight29toggle1b
o2 u02roomlight29light0f1d2roomlight29turn2on1b
o3 u02roomlight29light02roomlight29light
