REALIZABLE
aag 454 7 5 8 442
2
4
6
8
10
12
14
16 538
18 674
20 749
22 842
24 908
0
0
226
270
307
322
334
388
26 19 20
28 5 6
30 4 7
32 29 31
34 11 33
36 15 33
38 35 37
40 3 39
42 11 28
44 14 42
46 8 44
48 40 47
50 14 34
52 8 50
54 2 52
56 4 54
58 49 57
60 10 36
62 8 33
64 14 62
66 51 65
68 61 66
70 16 69
72 59 70
74 37 63
76 48 75
78 40 77
80 45 61
82 10 62
84 80 83
86 2 85
88 80 87
90 79 88
92 9 50
94 37 93
96 83 94
98 2 97
100 91 99
102 17 100
104 73 103
106 26 105
108 16 46
110 17 52
112 4 110
114 109 113
116 19 114
118 27 117
120 107 119
122 9 36
124 10 122
126 20 124
128 66 83
130 20 129
132 16 20
134 34 132
136 131 135
138 127 136
140 3 82
142 41 141
144 139 143
146 21 52
148 114 146
150 18 149
152 145 150
154 22 153
156 121 154
158 3 95
160 114 159
162 20 74
164 18 163
166 20 52
168 165 167
170 23 169
172 161 170
174 17 21
176 43 96
178 174 177
180 19 23
182 48 180
184 178 182
186 173 185
188 157 186
190 25 189
192 19 21
194 22 192
196 17 194
198 47 196
200 24 199
202 18 175
204 21 100
206 3 17
208 75 206
210 205 209
212 202 211
214 17 46
216 192 214
218 23 217
220 107 218
222 213 220
224 200 223
226 191 225
228 23 193
230 194 214
232 15 28
234 4 97
236 67 235
238 233 237
240 70 239
242 20 240
244 215 241
246 19 110
248 27 247
250 245 249
252 18 21
254 108 252
256 23 255
258 251 256
260 23 243
262 259 260
264 24 231
266 263 264
268 229 266
270 227 269
272 24 180
274 242 272
276 75 174
278 239 276
280 243 279
282 19 281
284 240 252
286 22 285
288 283 286
290 17 239
292 119 178
294 291 293
296 118 165
298 295 297
300 23 299
302 25 301
304 289 302
306 275 305
308 112 300
310 195 229
312 4 52
314 2 16
316 311 314
318 312 316
320 309 319
322 25 321
324 46 203
326 288 324
328 108 228
330 25 329
332 327 330
334 267 333
336 200 259
338 4 92
340 2 338
342 53 123
344 2 343
346 3 8
348 97 346
350 345 349
352 14 351
354 125 353
356 44 346
358 341 357
360 354 358
362 16 361
364 52 362
366 279 365
368 192 367
370 27 253
372 245 371
374 22 373
376 369 374
378 193 364
380 279 300
382 379 380
384 25 383
386 377 384
388 337 387
390 229 263
392 17 338
394 3 16
396 52 394
398 109 397
400 40 313
402 399 401
404 53 235
406 93 313
408 405 406
410 55 409
412 17 411
414 403 413
416 26 393
418 414 416
420 17 163
422 405 420
424 18 398
426 423 424
428 419 427
430 391 428
432 53 341
434 17 432
436 43 409
438 70 437
440 53 393
442 439 440
444 20 443
446 435 444
448 21 415
450 19 449
452 447 450
454 3 407
456 55 341
458 455 456
460 17 459
462 55 461
464 439 462
466 21 465
468 18 127
470 17 20
472 407 470
474 167 468
476 473 474
478 467 476
480 22 479
482 453 480
484 431 483
486 25 485
488 354 406
490 2 489
492 141 491
494 16 493
496 461 495
498 21 497
500 180 445
502 499 500
504 196 458
506 3 124
508 159 354
510 507 509
512 17 511
514 16 432
516 21 515
518 513 516
520 18 23
522 132 351
524 343 470
526 520 525
528 523 526
530 519 528
532 24 505
534 531 532
536 503 534
538 487 537
540 57 99
542 75 541
544 357 543
546 77 544
548 70 547
550 17 89
552 20 551
554 549 552
556 103 554
558 17 545
560 75 314
562 177 560
564 559 563
566 21 564
568 19 567
570 557 568
572 18 139
574 22 573
576 79 543
578 70 577
580 17 86
582 17 454
584 581 583
586 579 584
588 252 587
590 574 589
592 571 590
594 99 564
596 20 595
598 41 99
600 174 599
602 180 601
604 597 602
606 160 564
608 163 607
610 21 92
612 520 611
614 609 612
616 605 615
618 593 616
620 25 619
622 194 580
624 236 490
626 507 625
628 99 626
630 70 629
632 21 631
634 16 82
636 581 635
638 632 636
640 555 639
642 19 641
644 20 395
646 62 644
648 18 123
650 253 649
652 647 651
654 96 512
656 16 90
658 21 657
660 655 658
662 523 652
664 661 662
666 23 665
668 643 666
670 24 623
672 669 670
674 621 673
676 10 351
678 456 677
680 17 679
682 194 680
684 360 470
686 132 488
688 685 687
690 339 689
692 632 681
694 691 693
696 19 695
698 17 629
700 363 699
702 21 701
704 652 703
706 23 705
708 697 706
710 683 709
712 24 711
714 495 681
716 252 715
718 21 350
720 19 719
722 688 720
724 574 723
726 717 724
728 19 511
730 114 651
732 354 730
734 193 733
736 729 734
738 174 355
740 23 739
742 737 740
744 25 743
746 727 744
748 713 747
750 20 215
752 55 750
754 507 752
756 23 249
758 755 756
760 111 365
762 520 761
764 102 355
766 583 765
768 79 626
770 16 769
772 766 771
774 21 773
776 18 136
778 775 776
780 50 132
782 34 372
784 19 783
786 55 401
788 21 343
790 397 788
792 787 790
794 781 793
796 784 794
798 22 797
800 779 798
802 25 759
804 763 802
806 801 804
808 47 699
810 41 677
812 17 811
814 21 813
816 809 814
818 18 647
820 817 818
822 81 767
824 129 314
826 823 825
828 21 827
830 784 829
832 23 831
834 821 832
836 194 822
838 24 837
840 835 838
842 807 841
844 21 50
846 772 844
848 468 847
850 50 346
852 215 850
854 21 852
856 19 855
858 473 856
860 22 859
862 849 860
864 27 731
866 23 852
868 865 866
870 25 869
872 863 870
874 16 407
876 814 875
878 520 647
880 163 878
882 877 880
884 406 851
886 71 884
888 21 825
890 887 888
892 20 338
894 473 893
896 891 894
898 180 897
900 196 885
902 24 901
904 899 902
906 883 904
908 873 907
i0 p0b0timeout
i1 p0b0room29light29off
i2 p0b0room29light29on
i3 p0b0room29somebody2leaves
i4 p0b0room29somebody2enters
i5 p0b0switch29toggled
i6 p0b0room29empty
l0 l0
l1 l1
l2 l2
l3 l3
l4 l4
o0 u0system29start2new2timer0f1dmin25231b
o1 u0system29start2new2timer0f1dhour241b
o2 u0system29start2new2timer0f1dhour251b
o3 u0system29start2new2timer0system29start2new2timer
o4 u0room29light0f1dturn2off1b
o5 u0room29light0f1dtoggle1b
o6 u0room29light0f1dturn2on1b
o7 u0room29light0room29light
