REALIZABLE
aag 336 6 6 4 324
2
4
6
8
10
12
14 403
16 482
18 559
20 621
22 669
24 673
265
271
277
0
26 20 22
28 9 11
30 12 28
32 3 4
34 30 32
36 18 34
38 15 36
40 26 38
42 17 40
44 2 5
46 30 44
48 18 46
50 20 49
52 15 48
54 19 46
56 14 54
58 21 57
60 53 58
62 16 22
64 51 62
66 61 64
68 25 43
70 67 68
72 19 34
74 14 72
76 13 32
78 13 44
80 77 79
82 9 10
84 81 82
86 2 84
88 8 11
90 76 88
92 87 91
94 15 19
96 93 94
98 39 53
100 97 98
102 2 23
104 101 102
106 75 105
108 21 107
110 19 84
112 37 49
114 111 112
116 35 114
118 14 84
120 78 88
122 35 121
124 94 123
126 20 119
128 125 126
130 4 22
132 117 130
134 128 132
136 21 23
138 18 84
140 14 138
142 37 111
144 15 143
146 141 145
148 27 137
150 147 148
152 135 151
154 109 152
156 16 155
158 15 21
160 21 37
162 111 160
164 159 163
166 85 121
168 18 87
170 167 168
172 18 123
174 19 167
176 2 174
178 173 177
180 91 121
182 19 181
184 35 183
186 178 185
188 171 187
190 18 90
192 37 191
194 55 183
196 192 194
198 139 187
200 15 199
202 196 200
204 189 202
206 165 205
208 4 118
210 20 209
212 22 211
214 207 212
216 18 181
218 92 121
220 19 219
222 217 221
224 15 223
226 20 225
228 110 226
230 14 216
232 141 231
234 219 233
236 84 165
238 235 236
240 229 239
242 23 241
244 215 243
246 17 245
248 157 247
250 70 248
252 47 73
254 19 252
256 15 136
258 17 24
260 256 258
262 254 260
264 251 263
266 54 260
268 25 71
270 267 269
272 72 260
274 25 249
276 273 275
278 23 161
280 94 181
282 136 191
284 252 282
286 257 285
288 281 287
290 279 289
292 14 188
294 75 293
296 55 295
298 49 217
300 4 110
302 183 301
304 15 298
306 302 304
308 20 307
310 297 308
312 291 311
314 14 194
316 114 315
318 21 317
320 293 318
322 18 320
324 175 298
326 15 325
328 145 327
330 92 329
332 2 14
334 195 332
336 331 335
338 20 337
340 22 339
342 323 340
344 313 343
346 16 345
348 112 187
350 14 349
352 192 302
354 14 353
356 351 355
358 187 357
360 91 254
362 15 169
364 361 362
366 359 365
368 21 367
370 167 233
372 15 197
374 371 373
376 20 375
378 369 377
380 22 379
382 94 278
384 325 382
386 225 232
388 203 386
390 136 389
392 17 385
394 391 392
396 381 394
398 347 397
400 25 399
402 263 401
404 39 75
406 58 404
408 235 406
410 8 372
412 20 411
414 351 412
416 409 415
418 16 417
420 14 179
422 21 125
424 421 422
426 91 173
428 15 427
430 20 191
432 429 430
434 425 433
436 17 435
438 419 437
440 22 439
442 101 142
444 20 443
446 112 444
448 21 235
450 15 117
452 448 451
454 447 453
456 17 455
458 192 221
460 15 459
462 235 335
464 81 463
466 461 465
468 20 467
470 165 223
472 16 471
474 469 472
476 457 475
478 23 477
480 25 479
482 441 480
484 159 161
486 203 485
488 209 232
490 171 489
492 20 53
494 429 492
496 491 494
498 487 497
500 22 499
502 47 180
504 458 502
506 158 505
508 14 115
510 23 509
512 100 510
514 137 513
516 507 515
518 501 517
520 17 519
522 98 231
524 75 522
526 37 136
528 525 526
530 20 23
532 190 530
534 12 350
536 444 535
538 14 190
540 60 539
542 145 540
544 22 543
546 537 544
548 16 533
550 529 548
552 547 550
554 25 553
556 521 554
558 267 557
560 2 158
562 195 560
564 325 332
566 21 565
568 223 314
570 373 492
572 569 570
574 567 573
576 22 563
578 575 576
580 136 522
582 281 530
584 17 583
586 581 584
588 579 586
590 23 462
592 14 185
594 22 57
596 593 594
598 591 597
600 226 599
602 22 448
604 601 603
606 53 605
608 9 326
610 288 609
612 16 611
614 607 612
616 589 615
618 25 617
620 267 619
622 327 593
624 26 623
626 15 173
628 301 626
630 293 629
632 20 631
634 278 633
636 22 320
638 16 625
640 637 638
642 635 640
644 98 128
646 21 355
648 201 646
650 22 645
652 649 650
654 115 530
656 136 138
658 17 657
660 655 658
662 653 660
664 25 663
666 643 664
668 267 667
670 40 70
672 273 671
i0 p0p0standby02c2m29intend
i1 p0p0ready02c2m29intend
i2 p0b02c2m29finished
i3 p0b02c2m29busy
i4 p0b02c2m29standby
i5 p0b02c2m29ready
l0 l0
l1 l1
l2 l2
l3 l3
l4 l4
l5 l5
o0 u02c2m29ctrl0f1d2c2m29turn2off1b
o1 u02c2m29ctrl0f1d2c2m29make2coffee1b
o2 u02c2m29ctrl0f1d2c2m29turn2on1b
o3 u02c2m29ctrl02c2m29ctrl
