REALIZABLE
aag 1289 8 6 8 1275
2
4
6
8
10
12
14
16
18 1221
20 1561
22 1929
24 2249
26 2455
28 2579
337
0
471
557
771
0
0
783
30 13 14
32 4 9
34 10 32
36 22 34
38 21 37
40 7 9
42 10 33
44 41 42
46 19 23
48 25 46
50 45 48
52 23 24
54 9 11
56 33 55
58 11 16
60 57 59
62 18 60
64 19 34
66 63 65
68 10 40
70 66 69
72 52 71
74 8 11
76 35 75
78 52 77
80 38 51
82 79 80
84 73 82
86 25 45
88 22 54
90 24 89
92 11 90
94 24 93
96 67 94
98 93 97
100 20 87
102 98 100
104 27 85
106 103 104
108 20 22
110 86 108
112 17 18
114 6 34
116 112 114
118 36 117
120 21 118
122 27 111
124 121 122
126 106 124
128 17 19
130 114 128
132 18 34
134 131 133
136 69 75
138 18 137
140 134 139
142 24 108
144 26 142
146 141 144
148 127 147
150 29 149
152 16 64
154 7 64
156 153 155
158 19 156
160 78 158
162 23 157
164 35 137
166 117 165
168 22 167
170 25 76
172 22 25
174 11 19
176 25 174
178 173 177
180 171 178
182 169 181
184 25 163
186 183 184
188 20 161
190 187 188
192 65 75
194 52 193
196 18 22
198 35 69
200 196 199
202 22 43
204 55 202
206 201 205
208 25 207
210 50 55
212 21 211
214 209 212
216 195 214
218 27 28
220 217 218
222 191 220
224 151 223
226 30 225
228 12 15
230 34 119
232 25 230
234 53 233
236 52 134
238 20 237
240 235 238
242 19 52
244 60 242
246 18 68
248 66 247
250 22 249
252 5 68
254 19 252
256 35 255
258 23 257
260 251 259
262 25 261
264 37 245
266 263 264
268 21 267
270 241 269
272 218 271
274 51 205
276 21 275
278 9 276
280 11 25
282 25 204
284 23 25
286 199 284
288 283 287
290 97 288
292 20 291
294 281 292
296 21 72
298 27 279
300 297 298
302 295 300
304 65 201
306 24 305
308 34 284
310 307 309
312 20 311
314 22 24
316 132 314
318 233 317
320 21 319
322 26 29
324 321 322
326 313 324
328 29 303
330 327 328
332 273 331
334 228 333
336 227 335
338 6 11
340 198 339
342 19 341
344 23 342
346 24 345
348 156 346
350 23 341
352 25 351
354 20 353
356 349 354
358 284 341
360 317 359
362 21 361
364 26 363
366 357 364
368 29 125
370 367 368
372 18 52
374 341 372
376 20 375
378 157 284
380 376 379
382 314 341
384 21 285
386 21 133
388 385 387
390 383 389
392 218 391
394 381 392
396 371 395
398 30 397
400 6 74
402 284 400
404 11 22
406 401 405
408 24 174
410 407 408
412 404 411
414 403 413
416 21 415
418 403 411
420 20 419
422 26 421
424 417 422
426 8 108
428 280 426
430 18 23
432 11 430
434 21 433
436 53 74
438 434 436
440 27 429
442 439 440
444 29 443
446 425 444
448 314 400
450 434 449
452 175 401
454 52 453
456 280 431
458 20 457
460 455 458
462 218 451
464 461 462
466 447 465
468 228 467
470 399 469
472 216 390
474 77 158
476 52 475
478 376 476
480 20 182
482 473 481
484 479 482
486 218 485
488 175 207
490 346 489
492 354 491
494 363 493
496 26 495
498 29 107
500 497 498
502 487 501
504 30 503
506 266 450
508 315 460
510 241 508
512 507 511
514 218 513
516 18 43
518 314 516
520 414 519
522 233 520
524 21 523
526 322 421
528 313 526
530 525 528
532 27 29
534 277 532
536 293 534
538 297 536
540 228 531
542 539 540
544 515 542
546 143 218
548 28 547
550 229 548
552 31 551
554 545 552
556 505 555
558 112 214
560 129 167
562 22 560
564 25 59
566 134 564
568 180 567
570 563 569
572 477 571
574 20 573
576 217 559
578 575 576
580 546 578
582 16 137
584 35 583
586 29 585
588 146 586
590 33 41
592 16 591
594 59 593
596 35 594
598 18 45
600 596 599
602 284 601
604 11 128
606 99 605
608 20 603
610 607 608
612 55 595
614 41 612
616 7 34
618 75 617
620 17 619
622 615 621
624 253 622
626 18 625
628 63 584
630 627 628
632 52 631
634 39 121
636 48 597
638 635 637
640 633 638
642 532 611
644 641 642
646 589 645
648 581 646
650 30 649
652 21 52
654 5 11
656 33 655
658 16 657
660 35 40
662 6 32
664 6 654
666 663 665
668 661 666
670 9 669
672 18 659
674 670 672
676 16 252
678 675 677
680 652 679
682 90 115
684 20 683
686 115 253
688 23 687
690 560 688
692 37 691
694 25 693
696 24 112
698 695 697
700 684 699
702 17 34
704 9 595
706 703 705
708 278 707
710 532 681
712 709 710
714 701 712
716 230 305
718 25 717
720 238 719
722 55 663
724 17 723
726 46 724
728 24 37
730 727 728
732 131 172
734 675 732
736 255 284
738 134 736
740 21 731
742 739 740
744 735 742
746 218 721
748 745 746
750 196 676
752 65 751
754 24 753
756 309 755
758 20 757
760 324 759
762 228 749
764 761 762
766 715 764
768 549 766
770 651 769
772 552 767
774 27 579
776 28 775
778 30 777
780 646 778
782 773 781
784 10 41
786 17 43
788 785 786
790 9 788
792 615 791
794 196 792
796 19 22
798 622 796
800 113 785
802 7 18
804 702 802
806 801 805
808 10 789
810 807 809
812 6 595
814 811 813
816 23 814
818 795 799
820 817 818
822 20 821
824 7 57
826 612 825
828 791 827
830 430 829
832 46 625
834 21 23
836 43 807
838 21 837
840 835 839
842 831 841
844 833 842
846 823 845
848 24 847
850 25 806
852 384 851
854 595 617
856 805 855
858 20 23
860 857 858
862 10 624
864 46 863
866 17 664
868 69 867
870 516 869
872 25 155
874 871 872
876 285 875
878 20 876
880 853 861
882 879 880
884 865 882
886 849 885
888 532 887
890 7 702
892 655 891
894 128 893
896 155 895
898 139 896
900 22 899
902 19 869
904 24 903
906 871 904
908 315 907
910 901 909
912 18 654
914 23 913
916 869 914
918 877 917
920 911 919
922 21 921
924 583 791
926 19 925
928 314 927
930 627 928
932 22 68
934 257 932
936 25 935
938 917 936
940 23 617
942 904 940
944 939 943
946 931 944
948 20 947
950 923 949
952 322 951
954 33 338
956 891 955
958 62 957
960 22 959
962 4 11
964 75 963
966 41 964
968 113 967
970 960 969
972 18 623
974 16 619
976 791 975
978 19 977
980 23 979
982 973 980
984 971 983
986 25 985
988 60 893
990 975 989
992 19 991
994 52 993
996 11 32
998 617 997
1000 16 32
1002 35 1001
1004 19 1003
1006 999 1004
1008 247 1007
1010 994 1008
1012 987 1011
1014 20 1013
1016 19 829
1018 75 940
1020 47 1019
1022 1017 1021
1024 19 793
1026 18 826
1028 960 1027
1030 1025 1028
1032 1023 1031
1034 25 1033
1036 22 69
1038 47 941
1040 615 989
1042 19 1041
1044 18 965
1046 1039 1045
1048 1043 1046
1050 1037 1049
1052 24 1051
1054 1035 1053
1056 21 1055
1058 1015 1057
1060 218 1059
1062 889 953
1064 1061 1062
1066 30 1065
1068 22 857
1070 19 863
1072 25 859
1074 1071 1072
1076 806 858
1078 1075 1077
1080 1069 1079
1082 21 314
1084 814 1082
1086 837 858
1088 55 800
1090 834 1089
1092 959 1090
1094 62 893
1096 113 619
1098 108 1097
1100 1095 1098
1102 1087 1093
1104 1101 1102
1106 24 1105
1108 532 1085
1110 1107 1108
1112 1081 1110
1114 627 896
1116 22 1115
1118 909 1117
1120 17 68
1122 813 1121
1124 339 1122
1126 516 1125
1128 1122 1127
1130 834 1129
1132 853 1131
1134 1119 1133
1136 23 516
1138 345 1137
1140 1129 1139
1142 936 1141
1144 19 1123
1146 1039 1145
1148 22 139
1150 1017 1148
1152 1147 1151
1154 24 1153
1156 20 1143
1158 1155 1156
1160 1135 1159
1162 26 1161
1164 29 1163
1166 960 1089
1168 1021 1025
1170 1167 1169
1172 25 1171
1174 994 1127
1176 1173 1175
1178 20 1177
1180 246 703
1182 1125 1181
1184 22 1183
1186 993 1021
1188 1185 1187
1190 24 1189
1192 797 1167
1194 979 1193
1196 23 927
1198 973 1196
1200 1195 1199
1202 25 1201
1204 1191 1203
1206 21 1205
1208 1179 1207
1210 27 1209
1212 1165 1211
1214 1113 1213
1216 228 1215
1218 552 1217
1220 1067 1219
1222 590 796
1224 5 74
1226 659 1225
1228 19 1227
1230 723 1229
1232 23 153
1234 1231 1232
1236 725 1001
1238 196 661
1240 1236 1238
1242 25 1223
1244 1241 1242
1246 1235 1244
1248 242 1237
1250 376 1249
1252 1247 1250
1254 53 383
1256 18 32
1258 23 1257
1260 19 32
1262 175 1261
1264 617 1263
1266 707 1264
1268 1258 1267
1270 1255 1269
1272 179 903
1274 49 1273
1276 670 789
1278 1275 1276
1280 389 1279
1282 1271 1280
1284 1253 1283
1286 28 1285
1288 25 805
1290 22 1288
1292 199 1290
1294 25 1293
1296 46 687
1298 1294 1297
1300 36 805
1302 24 1301
1304 21 1303
1306 670 834
1308 1305 1307
1310 1299 1309
1312 22 45
1314 113 1312
1316 25 689
1318 1315 1316
1320 684 1319
1322 532 1321
1324 1311 1322
1326 343 599
1328 23 1327
1330 16 1328
1332 16 1263
1334 22 1332
1336 201 1335
1338 1331 1336
1340 21 1339
1342 65 1138
1344 129 1343
1346 22 1229
1348 670 1346
1350 1345 1349
1352 20 1351
1354 24 1341
1356 1353 1354
1358 108 1327
1360 21 1314
1362 129 350
1364 25 1361
1366 1363 1364
1368 1359 1366
1370 29 1369
1372 1357 1370
1374 26 1373
1376 30 1325
1378 1287 1376
1380 1375 1378
1382 35 1225
1384 6 1383
1386 69 1385
1388 19 1387
1390 25 1386
1392 285 1391
1394 1389 1393
1396 22 1383
1398 666 825
1400 657 703
1402 65 1401
1404 1399 1403
1406 23 1404
1408 24 1397
1410 1407 1408
1412 532 1395
1414 1411 1412
1416 703 1385
1418 16 68
1420 19 1418
1422 22 1421
1424 1416 1422
1426 1258 1401
1428 24 1427
1430 1425 1428
1432 18 1399
1434 1400 1432
1436 1346 1435
1438 16 1399
1440 8 866
1442 1439 1441
1444 913 1258
1446 1442 1444
1448 25 1437
1450 1447 1448
1452 1431 1451
1454 218 1453
1456 18 667
1458 18 591
1460 24 1459
1462 1333 1460
1464 1457 1462
1466 53 1465
1468 1331 1467
1470 22 1404
1472 1416 1419
1474 19 1120
1476 23 1475
1478 1473 1476
1480 25 1471
1482 1479 1480
1484 322 1469
1486 1483 1484
1488 21 1415
1490 1455 1488
1492 1487 1490
1494 1393 1407
1496 24 1402
1498 532 1497
1500 1495 1498
1502 372 1387
1504 52 1228
1506 196 1443
1508 66 1226
1510 23 1509
1512 796 1399
1514 1507 1513
1516 1511 1514
1518 25 1517
1520 1503 1505
1522 1519 1520
1524 218 1523
1526 22 1327
1528 25 247
1530 1121 1528
1532 1527 1530
1534 1385 1532
1536 704 796
1538 24 1137
1540 1433 1538
1542 1389 1540
1544 1537 1542
1546 322 1545
1548 1535 1546
1550 20 1501
1552 1549 1550
1554 1525 1552
1556 228 1493
1558 1555 1556
1560 1381 1559
1562 666 1421
1564 284 1563
1566 25 665
1568 33 963
1570 6 1569
1572 174 1571
1574 1312 1566
1576 1573 1574
1578 20 1577
1580 19 667
1582 1045 1258
1584 23 654
1586 1583 1585
1588 1581 1587
1590 590 1385
1592 18 1591
1594 686 867
1596 19 1595
1598 11 1591
1600 16 1598
1602 19 1600
1604 1597 1603
1606 22 1593
1608 1604 1606
1610 24 1589
1612 1609 1610
1614 1565 1578
1616 1613 1614
1618 196 1591
1620 669 1618
1622 595 665
1624 867 1623
1626 351 431
1628 1625 1627
1630 17 654
1632 16 1569
1634 1631 1633
1636 796 1635
1638 24 1637
1640 1629 1638
1642 1621 1640
1644 5 1120
1646 666 1645
1648 1476 1647
1650 805 1591
1652 55 1650
1654 22 1652
1656 25 1649
1658 1655 1656
1660 1643 1659
1662 21 1661
1664 322 1663
1666 1617 1664
1668 23 1650
1670 657 1036
1672 21 1671
1674 1669 1672
1676 805 1383
1678 858 1677
1680 997 1225
1682 663 1680
1684 5 54
1686 658 1685
1688 1682 1687
1690 22 1261
1692 1688 1690
1694 20 1692
1696 24 1679
1698 1695 1696
1700 1675 1698
1702 431 859
1704 669 1702
1706 858 1652
1708 1705 1707
1710 25 1709
1712 1701 1711
1714 532 1713
1716 1631 1687
1718 1385 1716
1720 19 1719
1722 1593 1721
1724 1290 1723
1726 18 1683
1728 153 1727
1730 1604 1728
1732 284 1731
1734 1445 1583
1736 19 1689
1738 1735 1737
1740 22 1181
1742 1646 1740
1744 24 1743
1746 1739 1744
1748 1725 1747
1750 1733 1748
1752 21 1751
1754 69 1720
1756 1735 1755
1758 1288 1591
1760 285 1759
1762 1757 1761
1764 1457 1737
1766 52 1765
1768 1763 1767
1770 20 1769
1772 1753 1771
1774 218 1773
1776 1667 1715
1778 1775 1776
1780 228 1779
1782 45 940
1784 19 1782
1786 1313 1785
1788 1288 1787
1790 10 1692
1792 75 590
1794 617 1793
1796 23 1795
1798 24 1797
1800 1791 1798
1802 1789 1801
1804 21 1803
1806 18 1625
1808 19 665
1810 45 1808
1812 25 1811
1814 1807 1812
1816 285 1815
1818 1783 1817
1820 663 964
1822 24 1585
1824 1820 1822
1826 20 1825
1828 1819 1826
1830 1805 1829
1832 532 1831
1834 342 1625
1836 18 1570
1838 247 1837
1840 1835 1838
1842 284 1841
1844 1817 1843
1846 196 1793
1848 1640 1847
1850 1845 1849
1852 21 1851
1854 1587 1835
1856 1422 1795
1858 24 1857
1860 1855 1858
1862 1578 1843
1864 1861 1862
1866 322 1865
1868 1853 1866
1870 1290 1793
1872 1737 1820
1874 47 285
1876 1873 1875
1878 52 1839
1880 20 1879
1882 1871 1880
1884 1877 1882
1886 18 1794
1888 22 1887
1890 475 1888
1892 1755 1890
1894 54 593
1896 174 1895
1898 1582 1897
1900 1597 1898
1902 25 1901
1904 1893 1902
1906 1258 1820
1908 1036 1571
1910 24 1907
1912 1909 1910
1914 21 1913
1916 1905 1914
1918 218 1885
1920 1917 1918
1922 1833 1921
1924 1869 1922
1926 30 1925
1928 1781 1927
1930 11 967
1932 19 1931
1934 16 965
1936 621 1935
1938 867 1601
1940 18 1939
1942 1936 1941
1944 18 1942
1946 1933 1945
1948 22 1947
1950 19 1937
1952 23 1045
1954 1951 1952
1956 25 1955
1958 1949 1956
1960 69 955
1962 372 1961
1964 1631 1936
1966 242 1965
1968 20 1963
1970 1967 1968
1972 1959 1970
1974 22 1942
1976 621 1603
1978 25 1977
1980 1957 1979
1982 1975 1981
1984 895 1954
1986 24 1961
1988 805 1986
1990 53 1989
1992 1985 1991
1994 21 1993
1996 1983 1994
1998 218 1997
2000 1973 1998
2002 18 1930
2004 314 2003
2006 1951 2004
2008 1603 2006
2010 1476 1961
2012 1181 2010
2014 285 1567
2016 2013 2015
2018 52 913
2020 19 1961
2022 2018 2021
2024 322 2023
2026 2017 2024
2028 2009 2026
2030 11 590
2032 1288 2031
2034 22 890
2036 2032 2035
2038 196 1965
2040 809 997
2042 1476 2040
2044 796 965
2046 24 2045
2048 2043 2046
2050 2039 2048
2052 532 2037
2054 2051 2052
2056 2029 2055
2058 20 2057
2060 285 2033
2062 2011 2061
2064 57 967
2066 22 2064
2068 19 202
2070 2067 2069
2072 1633 2071
2074 24 1329
2076 24 1622
2078 2075 2077
2080 22 1044
2082 2073 2081
2084 2079 2082
2086 322 2063
2088 2085 2086
2090 314 2040
2092 52 1946
2094 75 956
2096 179 2095
2098 2091 2097
2100 2093 2098
2102 532 2101
2104 2089 2103
2106 21 2105
2108 2001 2059
2110 2107 2108
2112 228 2111
2114 112 1312
2116 1566 2115
2118 22 1681
2120 1822 2119
2122 532 2121
2124 2117 2122
2126 22 65
2128 893 2126
2130 957 2128
2132 23 1681
2134 47 2133
2136 891 2133
2138 2135 2137
2140 2131 2139
2142 25 2141
2144 52 803
2146 893 2144
2148 2143 2147
2150 218 2149
2152 342 1623
2154 913 2153
2156 350 2155
2158 20 1566
2160 2117 2159
2162 2157 2161
2164 322 2163
2166 2018 2153
2168 128 2064
2170 314 2169
2172 1599 2170
2174 2167 2173
2176 2164 2174
2178 20 2125
2180 2151 2178
2182 2177 2180
2184 25 956
2186 2128 2185
2188 52 1598
2190 19 664
2192 25 2190
2194 2187 2193
2196 2189 2194
2198 532 2197
2200 11 1618
2202 1633 2068
2204 2201 2203
2206 2079 2204
2208 2164 2207
2210 174 1717
2212 2018 2211
2214 314 665
2216 22 1940
2218 19 1441
2220 1601 2218
2222 2135 2221
2224 2118 2210
2226 25 2225
2228 2223 2226
2230 2217 2228
2232 218 2215
2234 2213 2232
2236 2231 2234
2238 21 2199
2240 2209 2238
2242 2237 2240
2244 30 2183
2246 2243 2244
2248 2113 2247
2250 1007 1257
2252 284 2251
2254 18 1894
2256 591 2255
2258 172 2256
2260 805 1005
2262 52 2261
2264 2253 2263
2266 2259 2264
2268 20 2267
2270 4 1510
2272 24 2035
2274 2271 2272
2276 18 999
2278 198 593
2280 19 2279
2282 284 2277
2284 2281 2282
2286 18 2279
2288 172 1005
2290 2287 2288
2292 21 2291
2294 2285 2292
2296 2275 2294
2298 2269 2297
2300 218 2299
2302 2070 2074
2304 891 1475
2306 1294 2304
2308 21 2303
2310 2307 2308
2312 517 1476
2314 686 2280
2316 22 1459
2318 2315 2316
2320 2313 2319
2322 24 2321
2324 20 1533
2326 2323 2324
2328 26 2327
2330 2311 2328
2332 1002 1261
2334 94 2333
2336 289 1037
2338 20 2335
2340 2337 2338
2342 22 616
2344 52 2256
2346 48 616
2348 21 2347
2350 2343 2348
2352 2345 2350
2354 2341 2353
2356 27 2355
2358 29 2357
2360 2331 2358
2362 2301 2361
2364 228 2363
2366 355 1359
2368 346 2067
2370 1345 2368
2372 2367 2371
2374 18 590
2376 202 2375
2378 2074 2377
2380 617 1313
2382 352 2380
2384 21 2383
2386 2379 2384
2388 2373 2387
2390 322 2389
2392 52 2064
2394 119 2348
2396 2393 2394
2398 24 998
2400 2381 2399
2402 20 2401
2404 532 2397
2406 2403 2404
2408 284 999
2410 25 118
2412 163 2409
2414 376 2411
2416 2412 2414
2418 54 1005
2420 19 2418
2422 686 2279
2424 2421 2422
2426 22 2425
2428 1258 2315
2430 2427 2429
2432 25 2431
2434 1952 2251
2436 24 2435
2438 2433 2437
2440 21 383
2442 2439 2440
2444 218 2417
2446 2443 2444
2448 2391 2407
2450 2447 2448
2452 30 2451
2454 2365 2453
2456 6 1684
2458 518 2456
2460 26 2459
2462 1181 1421
2464 858 1420
2466 21 284
2468 2465 2467
2470 2463 2469
2472 54 142
2474 19 593
2476 2472 2474
2478 2460 2477
2480 2471 2478
2482 2332 2472
2484 2255 2457
2486 652 2485
2488 27 2483
2490 2487 2488
2492 29 2481
2494 2491 2492
2496 1258 2418
2498 703 932
2500 2497 2499
2502 24 2501
2504 280 1898
2506 173 2505
2508 22 2255
2510 2421 2508
2512 2507 2511
2514 21 2513
2516 2503 2514
2518 1181 2421
2520 52 2519
2522 172 2485
2524 25 2496
2526 20 2523
2528 2525 2526
2530 2521 2528
2532 218 2531
2534 2517 2532
2536 2495 2535
2538 228 2537
2540 2190 2472
2542 2460 2541
2544 6 652
2546 143 2545
2548 29 1684
2550 2547 2548
2552 323 2551
2554 2543 2553
2556 52 2418
2558 2514 2557
2560 89 1685
2562 25 2561
2564 54 242
2566 20 2565
2568 2563 2566
2570 218 2569
2572 2559 2570
2574 2555 2573
2576 30 2575
2578 2539 2577
i0 p0p0bright0outside29brightness
i1 p0b02room29somebody2leaves
i2 p0b02room29somebody2enters
i3 p0b02room29switch29toggled
i4 p0b02room29empty
i5 p0b02roomlight29off
i6 p0b02roomlight29on
i7 p0b02timer29timeout
l0 l0
l1 l1
l2 l2
l3 l3
l4 l4
l5 l5
o0 u02roomlight29light0f1d2roomlight29turn2off1b
o1 u02roomlight29light0f1d2roomlight29toggle1b
o2 u02roomlight29light0f1d2roomlight29turn2on1b
o3 u02roomlight29light02roomlight29light
o4 u02timer29start2new2timer0f1d2timer29hour251b
o5 u02timer29start2new2timer0f1d2timer29hour241b
o6 u02timer29start2new2timer0f1d2timer29min25231b
o7 u02timer29start2new2timer02timer29start2new2timer
