UNREALIZABLE
aag 128 13 4 8 111
2
4
6
8
10
12
14
16
18
20
22
24
26
28 196
30 240
32 252
34 256
39
39
47
58
0
39
0
62
36 31 33
38 34 37
40 34 36
42 29 31
44 35 42
46 41 45
48 30 35
50 33 48
52 35 37
54 45 52
56 46 55
58 51 57
60 29 33
62 54 61
64 19 20
66 23 64
68 25 26
70 28 33
72 31 71
74 51 73
76 68 75
78 24 27
80 69 79
82 41 49
84 51 83
86 29 81
88 84 86
90 77 89
92 66 91
94 21 24
96 62 94
98 18 21
100 23 98
102 19 21
104 22 102
106 101 105
108 54 68
110 90 109
112 97 107
114 111 112
116 47 107
118 67 117
120 57 68
122 82 120
124 57 78
126 51 124
128 123 127
130 119 129
132 40 107
134 66 84
136 133 135
138 68 137
140 131 139
142 7 121
144 14 17
146 11 12
148 144 147
150 143 149
152 141 150
154 93 115
156 153 154
158 10 13
160 7 159
162 144 161
164 121 163
166 2 5
168 3 4
170 167 169
172 7 8
174 6 9
176 173 175
178 158 177
180 146 177
182 179 181
184 15 16
186 145 185
188 171 187
190 183 188
192 165 190
194 157 192
196 39 195
198 109 125
200 100 199
202 140 201
204 147 185
206 203 205
208 26 51
210 66 209
212 105 211
214 199 213
216 201 215
218 21 45
220 199 218
222 82 221
224 175 222
226 217 225
228 207 227
230 214 223
232 144 158
234 231 233
236 202 234
238 190 237
240 229 238
242 24 146
244 174 242
246 179 245
248 144 171
250 247 248
252 130 250
254 178 248
256 138 254
i0 u0tv29ctrl0f1dturn2on1b
i1 u0tv29ctrl0tv29ctrl
i2 u0radio29ctrl0f1dturn2on1b
i3 u0radio29ctrl0radio29ctrl
i4 u02c2m29intend0f1dready1b
i5 u02c2m29intend02c2m29intend
i6 u02c2m29ctrl0f1d2c2m29make2coffee1b
i7 u02c2m29ctrl02c2m29ctrl
i8 u02shades29intend0f1dopen1b
i9 u02shades29intend0f1dclosed1b
i10 u02shades29intend02shades29intend
i11 u02timer329start2new2timer0f1d2timer329min25231b
i12 u02timer329start2new2timer02timer329start2new2timer
l0 l0
l1 l1
l2 l2
l3 l3
o0 p0p02time29between02time29am502time29am2423
o1 p0p0asleep0partner
o2 p0p0bright0outside29brightness
o3 p0b02time29sunday
o4 p0b02time29saturday
o5 p0b0wakeup
o6 p0b0bed29occupied
o7 p0b02timer329timeout
