UNREALIZABLE
aag 81 7 4 10 70
2
4
6
8
10
12
14
16 131
18 137
20 159
22 162
34
0
0
0
39
49
50
53
55
50
24 16 21
26 23 25
28 17 18
30 26 29
32 17 20
34 30 32
36 19 21
38 22 37
40 22 36
42 17 21
44 18 23
46 43 44
48 41 47
50 24 44
52 31 41
54 27 41
56 8 11
58 9 10
60 57 59
62 3 7
64 4 62
66 2 6
68 63 67
70 5 68
72 65 71
74 61 73
76 12 15
78 74 76
80 7 58
82 65 80
84 78 83
86 13 14
88 74 86
90 85 89
92 40 90
94 16 20
96 91 94
98 79 89
100 17 99
102 97 101
104 89 102
106 18 105
108 17 88
110 11 69
112 17 78
114 20 112
116 111 114
118 94 99
120 23 109
122 119 120
124 117 122
126 45 125
128 107 127
130 93 129
132 40 91
134 23 103
136 133 135
138 40 84
140 20 85
142 16 99
144 141 142
146 18 113
148 145 146
150 19 115
152 97 150
154 23 149
156 153 154
158 139 157
160 55 78
162 136 160
i0 u02shades29intend0f1dclosed1b
i1 u02shades29intend0f1dopen1b
i2 u02shades29intend02shades29intend
i3 u02roomlight29intend0f1doff1b
i4 u02roomlight29intend02roomlight29intend
i5 u02timer2429start2new2timer0f1d2timer2429hour251b
i6 u02timer2429start2new2timer02timer2429start2new2timer
l0 l0
l1 l1
l2 l2
l3 l3
o0 p0p0bright0outside29brightness
o1 p0b0bed29exit
o2 p0b02time29sunday
o3 p0b02time29saturday
o4 p0b02time29am6323
o5 p0b02timer2429timeout
o6 p0b0bed29occupied
o7 p0b02room29somebody2leaves
o8 p0b02room29empty
o9 p0b02room29somebody2enters
