REALIZABLE
aag 23 9 2 13 12
2
4
6
8
10
12
14
16
18
20 42
22 47
25
0
25
0
25
0
30
32
0
0
25
0
0
24 20 22
26 13 20
28 14 26
30 25 29
32 23 28
34 15 26
36 13 21
38 14 36
40 35 39
42 23 41
44 22 36
46 33 45
i0 p0p0between0t29am50t29am2423
i1 p0p0asleep0partner
i2 p0b0t29sunday
i3 p0b0t29saturday
i4 p0b0wakeup
i5 p0b0timeout
i6 p0b0cm29ready
i7 p0b0cm29busy
i8 p0b0cm29standby
l0 l0
l1 l1
o0 u0tv29ctrl0f1dturn2on1b
o1 u0tv29ctrl0tv29ctrl
o2 u0room29shades29ctrl0f1dmove2to0f1dpercent2423231b1b
o3 u0room29shades29ctrl0room29shades29ctrl
o4 u0radio29ctrl0f1dturn2on1b
o5 u0radio29ctrl0radio29ctrl
o6 u0system29start2new2timer0f1dmin25231b
o7 u0system29start2new2timer0f1dhour251b
o8 u0system29start2new2timer0system29start2new2timer
o9 u0cm29ctrl0f1dturn2off1b
o10 u0cm29ctrl0f1dmake2coffee1b
o11 u0cm29ctrl0f1dturn2on1b
o12 u0cm29ctrl0cm29ctrl
