UNREALIZABLE
aag 74 13 3 11 58
2
4
6
8
10
12
14
16
18
20
22
24
26
28 127
30 138
32 148
41
43
43
43
43
46
46
0
0
0
0
34 31 32
36 28 31
38 33 37
40 35 39
42 30 32
44 31 33
46 29 44
48 9 11
50 17 19
52 20 50
54 21 51
56 53 55
58 24 26
60 16 18
62 13 15
64 12 14
66 25 27
68 23 66
70 22 67
72 59 61
74 63 65
76 72 74
78 69 71
80 76 78
82 57 80
84 48 82
86 4 84
88 45 86
90 8 10
92 5 49
94 91 92
96 82 94
98 87 97
100 9 29
102 99 100
104 89 103
106 3 105
108 5 84
110 29 108
112 2 110
114 7 43
116 113 114
118 107 116
120 3 110
122 6 43
124 121 122
126 119 125
128 41 108
130 2 128
132 3 99
134 38 132
136 131 135
138 7 137
140 3 128
142 6 141
144 34 132
146 7 145
148 143 147
i0 u0window0f1denable2button0up1b
i1 u0window0f1denable2button0down1b
i2 u0window0f1ddisable2button0up1b
i3 u0window0f1ddisable2button0down1b
i4 u0window0window
i5 u0selected0f1dtoggle0selected1b
i6 u0selected0selected
i7 u0second2counter0f1dincrement0second2counter1b
i8 u0second2counter0f1ddecrement0second2counter1b
i9 u0second2counter0second2counter
i10 u0first2counter0f1dincrement0first2counter1b
i11 u0first2counter0f1ddecrement0first2counter1b
i12 u0first2counter0first2counter
l0 l0
l1 l1
l2 l2
o0 p0p0second0selected
o1 p0p0in2range0f1dincrement0second2counter1b
o2 p0p0in2range0f1dincrement0first2counter1b
o3 p0p0in2range0f1ddecrement0second2counter1b
o4 p0p0in2range0f1ddecrement0first2counter1b
o5 p0p0in2range0second2counter
o6 p0p0in2range0first2counter
o7 p0p0first0selected
o8 p0p0button2pressed0up
o9 p0p0button2pressed0switch
o10 p0p0button2pressed0down
