UNREALIZABLE
aag 688 8 7 8 673
2
4
6
8
10
12
14
16
18 689
20 923
22 1081
24 1211
26 1311
28 1369
30 1376
43
107
173
179
43
0
207
228
32 27 29
34 30 32
36 23 29
38 24 37
40 34 39
42 30 41
44 23 24
46 18 23
48 45 47
50 21 25
52 19 22
54 47 53
56 50 55
58 19 20
60 25 58
62 57 61
64 48 62
66 36 64
68 40 67
70 29 65
72 28 50
74 53 72
76 71 75
78 27 77
80 19 23
82 20 24
84 26 28
86 31 82
88 84 86
90 81 88
92 26 29
94 19 21
96 44 94
98 92 96
100 31 99
102 91 100
104 79 102
106 69 105
108 20 25
110 23 108
112 48 109
114 111 113
116 19 115
118 44 95
120 40 119
122 117 120
124 40 123
126 24 59
128 109 127
130 80 128
132 22 129
134 28 131
136 133 134
138 23 50
140 29 139
142 55 82
144 97 143
146 62 144
148 140 147
150 27 137
152 149 150
154 25 57
156 21 23
158 28 59
160 157 158
162 38 161
164 155 163
166 26 165
168 31 167
170 153 168
172 125 171
174 31 57
176 171 174
178 123 177
180 28 114
182 119 140
184 181 183
186 27 185
188 21 24
190 52 188
192 29 191
194 28 82
196 52 194
198 193 197
200 26 199
202 187 201
204 31 203
206 121 205
208 18 22
210 72 208
212 67 211
214 27 213
216 20 23
218 21 22
220 217 219
222 84 126
224 221 222
226 215 225
228 31 227
230 3 6
232 13 15
234 10 232
236 12 14
238 11 233
240 237 238
242 235 241
244 17 243
246 11 16
248 232 246
250 15 249
252 244 250
254 5 252
256 9 254
258 230 256
260 245 249
262 4 9
264 261 262
266 3 264
268 7 266
270 5 261
272 9 270
274 2 272
276 7 274
278 269 277
280 8 270
282 3 280
284 7 282
286 278 285
288 249 253
290 287 289
292 243 290
294 259 293
296 22 295
298 230 272
300 285 299
302 278 300
304 233 303
306 19 304
308 18 303
310 251 308
312 307 311
314 251 313
316 303 315
318 23 316
320 20 297
322 319 320
324 17 234
326 249 325
328 287 327
330 5 327
332 9 330
334 230 332
336 329 335
338 52 337
340 21 339
342 18 296
344 80 295
346 18 337
348 23 346
350 345 349
352 343 350
354 340 352
356 25 323
358 355 356
360 251 303
362 22 360
364 7 19
366 267 283
368 265 281
370 331 369
372 281 326
374 370 373
376 367 375
378 267 377
380 364 379
382 347 381
384 156 383
386 23 337
388 20 386
390 363 389
392 385 390
394 24 393
396 92 395
398 359 396
400 19 279
402 19 301
404 401 403
406 251 405
408 233 298
410 329 409
412 18 411
414 23 413
416 407 414
418 18 408
420 251 367
422 257 421
424 405 423
426 233 274
428 3 374
430 427 429
432 7 431
434 18 432
436 22 435
438 419 425
440 436 438
442 20 417
444 441 442
446 156 360
448 218 411
450 24 447
452 449 450
454 445 452
456 216 305
458 18 304
460 407 459
462 156 460
464 457 463
466 48 465
468 108 361
470 22 311
472 461 471
474 22 313
476 50 473
478 475 476
480 469 479
482 467 480
484 455 482
486 28 485
488 26 487
490 308 370
492 254 282
494 5 405
496 493 494
498 491 497
500 23 499
502 208 289
504 303 502
506 20 505
508 339 506
510 501 508
512 23 94
514 409 512
516 218 317
518 289 298
520 269 300
522 233 521
524 277 523
526 2 256
528 17 527
530 421 528
532 525 531
534 18 156
536 519 534
538 533 536
540 515 539
542 511 540
544 517 542
546 24 545
548 14 298
550 291 549
552 512 551
554 18 258
556 251 274
558 281 420
560 493 559
562 3 560
564 308 563
566 557 564
568 287 430
570 335 569
572 19 571
574 555 567
576 573 574
578 216 577
580 20 52
582 521 580
584 25 343
586 218 380
588 553 583
590 587 588
592 584 590
594 579 592
596 29 595
598 547 596
600 27 28
602 233 474
604 82 350
606 603 604
608 22 303
610 387 609
612 303 610
614 297 613
616 25 614
618 51 617
620 18 571
622 23 425
624 621 622
626 22 413
628 307 626
630 21 625
632 629 630
634 619 633
636 22 314
638 188 387
640 637 638
642 600 641
644 607 642
646 635 644
648 599 647
650 489 648
652 399 651
654 31 653
656 23 400
658 333 656
660 339 659
662 21 661
664 20 217
666 18 665
668 295 666
670 20 362
672 669 671
674 663 672
676 25 675
678 60 386
680 24 464
682 34 679
684 681 682
686 677 684
688 655 687
690 44 303
692 21 475
694 400 525
696 311 695
698 23 697
700 692 699
702 20 609
704 312 702
706 25 705
708 701 706
710 691 709
712 34 711
714 275 429
716 364 715
718 459 717
720 156 719
722 216 304
724 24 609
726 723 724
728 721 726
730 26 729
732 480 730
734 10 334
736 299 329
738 433 736
740 7 11
742 739 740
744 735 743
746 58 745
748 23 747
750 21 716
752 378 427
754 7 753
756 58 523
758 754 756
760 470 751
762 759 760
764 749 763
766 251 287
768 259 767
770 18 216
772 513 771
774 769 773
776 19 220
778 408 776
780 775 779
782 765 780
784 25 783
786 218 361
788 251 298
790 300 767
792 19 791
794 5 789
796 792 794
798 278 299
800 18 799
802 797 801
804 414 803
806 20 475
808 805 806
810 253 714
812 18 791
814 811 812
816 156 403
818 695 816
820 815 818
822 24 787
824 821 822
826 809 824
828 785 827
830 27 829
832 29 733
834 831 832
836 614 692
838 20 343
840 473 838
842 837 841
844 24 843
846 216 303
848 25 847
850 335 755
852 18 851
854 23 797
856 853 854
858 22 404
860 435 858
862 21 861
864 857 862
866 671 848
868 865 866
870 845 869
872 600 871
874 154 303
876 111 875
878 216 294
880 312 878
882 877 881
884 218 233
886 287 884
888 156 303
890 23 269
892 404 890
894 285 523
896 18 895
898 626 897
900 797 898
902 20 893
904 901 902
906 887 889
908 905 906
910 24 909
912 84 883
914 911 912
916 31 915
918 873 916
920 835 918
922 713 921
924 512 522
926 669 925
928 25 927
930 118 303
932 929 931
934 34 933
936 56 337
938 218 337
940 496 767
942 897 941
944 664 943
946 277 409
948 770 947
950 939 949
952 945 950
954 24 953
956 28 937
958 955 956
960 96 408
962 154 295
964 29 961
966 963 964
968 26 967
970 959 968
972 24 339
974 352 972
976 28 127
978 208 754
980 23 940
982 46 525
984 979 983
986 981 984
988 21 987
990 404 419
992 218 991
994 847 993
996 989 994
998 619 996
1000 975 976
1002 999 1000
1004 327 561
1006 279 1005
1008 255 1006
1010 46 799
1012 1009 1010
1014 376 656
1016 21 1015
1018 297 1016
1020 1013 1018
1022 252 980
1024 755 946
1026 46 1025
1028 838 1027
1030 1023 1028
1032 1021 1031
1034 24 1033
1036 19 737
1038 557 563
1040 1036 1038
1042 299 565
1044 1041 1042
1046 216 1045
1048 80 292
1050 52 408
1052 1049 1051
1054 21 1053
1056 277 299
1058 580 1057
1060 233 1058
1062 1055 1061
1064 584 1062
1066 1047 1064
1068 29 1067
1070 1035 1068
1072 1003 1071
1074 27 1073
1076 971 1075
1078 31 1077
1080 935 1079
1082 679 931
1084 702 1082
1086 80 739
1088 340 1087
1090 25 1089
1092 1085 1090
1094 691 1093
1096 34 1095
1098 23 990
1100 347 403
1102 436 1100
1104 20 1099
1106 1103 1104
1108 889 1107
1110 24 1109
1112 875 1111
1114 26 1113
1116 126 611
1118 272 412
1120 858 1119
1122 23 403
1124 459 1122
1126 21 1125
1128 1121 1126
1130 847 1129
1132 25 1131
1134 1117 1133
1136 27 1135
1138 1115 1137
1140 28 1139
1142 1036 1123
1144 19 799
1146 23 1145
1148 347 1146
1150 21 1149
1152 1142 1150
1154 610 1153
1156 24 1155
1158 937 1157
1160 26 1159
1162 308 1007
1164 1037 1163
1166 156 1165
1168 327 800
1170 793 1169
1172 216 1171
1174 24 1173
1176 1167 1174
1178 19 1007
1180 287 494
1182 799 1181
1184 1178 1182
1186 555 1185
1188 216 1187
1190 25 1153
1192 1189 1190
1194 1177 1193
1196 20 338
1198 1195 1197
1200 27 1199
1202 1161 1201
1204 29 1203
1206 1141 1205
1208 31 1207
1210 1097 1209
1212 50 327
1214 1142 1212
1216 1082 1215
1218 34 1217
1220 18 1006
1222 1181 1221
1224 156 1223
1226 278 789
1228 23 1227
1230 1011 1229
1232 972 1230
1234 189 1233
1236 1225 1235
1238 273 582
1240 216 1227
1242 1179 1240
1244 401 573
1246 218 1245
1248 25 1239
1250 1243 1248
1252 1247 1250
1254 29 1237
1256 1253 1254
1258 401 459
1260 156 1259
1262 994 1261
1264 25 1263
1266 126 386
1268 1265 1267
1270 28 1269
1272 1257 1271
1274 27 1273
1276 347 1244
1278 156 1277
1280 389 1279
1282 24 1281
1284 937 1283
1286 29 1285
1288 309 1145
1290 22 801
1292 1289 1290
1294 287 1292
1296 23 418
1298 1295 1297
1300 194 1299
1302 1287 1301
1304 26 1303
1306 1275 1305
1308 31 1307
1310 1219 1309
1312 138 400
1314 931 1313
1316 34 1315
1318 46 334
1320 1293 1319
1322 82 1321
1324 56 303
1326 24 218
1328 298 1326
1330 1325 1329
1332 1323 1330
1334 84 1333
1336 335 858
1338 1150 1337
1340 848 1339
1342 725 976
1344 1341 1342
1346 156 1182
1348 216 1289
1350 1347 1349
1352 24 1351
1354 25 1058
1356 1353 1355
1358 29 1357
1360 1345 1359
1362 27 1361
1364 1335 1363
1366 31 1365
1368 1317 1367
1370 46 287
1372 22 800
1374 1371 1373
1376 88 1375
i0 u0system29start2new2timer0f1dmin25231b
i1 u0system29start2new2timer0f1dhour241b
i2 u0system29start2new2timer0f1dhour251b
i3 u0system29start2new2timer0system29start2new2timer
i4 u0room29light0f1dturn2off1b
i5 u0room29light0f1dtoggle1b
i6 u0room29light0f1dturn2on1b
i7 u0room29light0room29light
l0 l0
l1 l1
l2 l2
l3 l3
l4 l4
l5 l5
l6 l6
o0 p0p0bright0outside29brightness
o1 p0b0timeout
o2 p0b0room29light29off
o3 p0b0room29light29on
o4 p0b0room29somebody2leaves
o5 p0b0room29somebody2enters
o6 p0b0switch29toggled
o7 p0b0room29empty
