REALIZABLE
aag 211 10 5 6 196
2
4
6
8
10
12
14
16
18
20
22 263
24 335
26 397
28 417
30 423
119
153
161
213
219
0
32 25 27
34 13 21
36 22 34
38 33 37
40 22 32
42 34 41
44 28 39
46 42 44
48 31 47
50 14 34
52 15 21
54 2 52
56 51 55
58 23 24
60 57 58
62 3 60
64 26 62
66 12 14
68 23 67
70 32 68
72 65 71
74 29 73
76 12 52
78 22 76
80 33 79
82 28 81
84 50 82
86 48 85
88 75 86
90 48 89
92 14 23
94 29 30
96 24 26
98 94 97
100 35 53
102 98 101
104 25 26
106 2 13
108 101 107
110 104 109
112 79 111
114 102 113
116 92 114
118 91 117
120 22 25
122 20 106
124 120 122
126 21 106
128 22 24
130 126 128
132 125 131
134 27 133
136 23 122
138 37 137
140 104 139
142 135 141
144 29 143
146 47 145
148 31 147
150 36 98
152 149 151
154 88 145
156 37 98
158 117 156
160 155 159
162 22 101
164 24 162
166 27 164
168 71 167
170 12 54
172 169 171
174 20 67
176 40 174
178 173 177
180 2 179
182 20 68
184 2 182
186 163 185
188 104 187
190 24 101
192 26 190
194 63 192
196 189 195
198 29 196
200 181 198
202 28 53
204 127 202
206 43 204
208 201 207
210 31 208
212 103 211
214 98 100
216 31 209
218 215 217
220 22 57
222 4 35
224 5 77
226 223 225
228 23 226
230 32 221
232 229 230
234 31 82
236 233 234
238 29 31
240 4 190
242 22 240
244 25 182
246 120 226
248 61 245
250 243 248
252 247 250
254 26 253
256 178 255
258 238 257
260 115 237
262 259 260
264 18 101
266 27 265
268 93 126
270 110 269
272 267 271
274 94 273
276 27 240
278 16 101
280 26 278
282 3 50
284 22 55
286 283 284
288 4 76
290 23 289
292 32 287
294 291 292
296 277 281
298 295 296
300 28 299
302 28 31
304 67 107
306 2 304
308 182 307
310 22 288
312 309 311
314 104 313
316 25 304
318 186 316
320 165 319
322 27 321
324 31 65
326 315 324
328 323 326
330 303 329
332 301 331
334 275 333
336 16 24
338 26 337
340 101 338
342 5 101
344 290 343
346 25 285
348 345 346
350 191 349
352 101 221
354 350 352
356 241 355
358 27 357
360 28 341
362 359 360
364 306 321
366 125 365
368 27 367
370 79 137
372 25 371
374 22 342
376 373 375
378 21 376
380 197 378
382 29 381
384 369 382
386 31 363
388 385 386
390 102 111
392 33 267
394 390 392
396 389 395
398 27 351
400 341 399
402 302 401
404 114 268
406 27 130
408 26 377
410 407 409
412 238 411
414 405 413
416 403 414
418 96 302
420 278 418
422 391 421
i0 p0p02time29between02time29pm702time29pm8
i1 p0p02time29between02time29am502time29am2423
i2 p0p0bright0outside29brightness
i3 p0b0bed29exit
i4 p0b0bed29enter
i5 p0b02shades29closed
i6 p0b02shades29open
i7 p0b02time29sunday
i8 p0b02time29saturday
i9 p0b02alarm29alarm
l0 l0
l1 l1
l2 l2
l3 l3
l4 l4
o0 u02shades29ctrl0f1d2shades29move2to0f1d2shades29percent231b1b
o1 u02shades29ctrl0f1d2shades29move2to0f1d2shades29percent2423231b1b
o2 u02shades29ctrl02shades29ctrl
o3 u02alarm29control0f1d2alarm29turn2off1b
o4 u02alarm29control0f1d2alarm29turn2on1b
o5 u02alarm29control02alarm29control
