REALIZABLE
aag 66 11 4 4 51
2
4
6
8
10
12
14
16
18
20
22
24 104
26 127
28 84
30 133
40
98
103
0
32 19 21
34 22 32
36 25 34
38 28 31
40 36 38
42 18 21
44 23 42
46 24 34
48 45 47
50 26 49
52 25 27
54 19 20
56 23 54
58 35 57
60 52 59
62 51 61
64 29 31
66 63 64
68 25 44
70 35 69
72 26 71
74 29 72
76 47 69
78 29 69
80 77 79
82 75 81
84 31 83
86 26 36
88 37 69
90 87 89
92 31 41
94 91 92
96 85 95
98 66 96
100 29 30
102 96 101
104 69 103
106 38 72
108 24 27
110 44 108
112 25 56
114 111 113
116 76 114
118 100 117
120 53 71
122 118 120
124 67 107
126 123 124
128 61 87
130 38 129
132 119 131
i0 p0b02room29bed29occupied
i1 p0b02room29sombebody2enters
i2 p0b02room29somebody2leaves
i3 p0b02room29sombebody2leaves
i4 p0b02room29somebody2enters
i5 p0b02room29switch29toggled
i6 p0b02room29empty
i7 p0b02c2m29finished
i8 p0b02c2m29busy
i9 p0b02c2m29standby
i10 p0b02c2m29ready
l0 l0
l1 l1
l2 l2
l3 l3
o0 u02c2m29ctrl0f1d2c2m29turn2off1b
o1 u02c2m29ctrl0f1d2c2m29make2coffee1b
o2 u02c2m29ctrl0f1d2c2m29turn2on1b
o3 u02c2m29ctrl02c2m29ctrl
