REALIZABLE
aag 100 5 4 3 91
2
4
6
8
10
12 149
14 171
16 193
18 201
117
120
0
20 2 5
22 7 9
24 10 22
26 20 24
28 8 11
30 7 20
32 28 30
34 27 33
36 3 4
38 24 36
40 34 39
42 15 17
44 18 42
46 41 44
48 28 36
50 7 48
52 27 51
54 15 35
56 25 29
58 5 57
60 34 58
62 49 61
64 51 63
66 39 65
68 33 66
70 55 69
72 52 71
74 12 73
76 35 74
78 15 26
80 14 38
82 79 81
84 65 82
86 34 51
88 84 86
90 13 89
92 41 90
94 16 93
96 77 94
98 15 41
100 34 99
102 13 101
104 12 27
106 80 104
108 17 107
110 103 108
112 19 111
114 97 112
116 47 115
118 18 43
120 116 119
122 13 32
124 44 123
126 62 124
128 62 99
130 13 129
132 75 131
134 16 133
136 12 15
138 17 137
140 62 91
142 138 141
144 19 143
146 135 144
148 127 147
150 44 67
152 68 103
154 123 138
156 153 154
158 66 104
160 13 84
162 16 159
164 161 162
166 157 165
168 19 167
170 151 169
172 44 50
174 52 55
176 12 175
178 39 52
180 130 179
182 177 181
184 16 183
186 87 154
188 185 187
190 19 189
192 173 191
194 2 46
196 35 188
198 114 196
200 195 199
i0 p0b02lamp29intent29off
i1 p0b02lamp29intent29on
i2 p0b02lamp29poweroff
i3 p0b02lamp29off
i4 p0b02lamp29on
l0 l0
l1 l1
l2 l2
l3 l3
o0 u02lamp29ctrl0f1d2lamp29coff1b
o1 u02lamp29ctrl0f1d2lamp29con1b
o2 u02lamp29ctrl02lamp29ctrl
