REALIZABLE
aag 68 4 4 3 60
2
4
6
8
10 133
12 135
14 110
16 136
107
117
0
18 10 13
20 15 19
22 13 20
24 16 23
26 5 25
28 13 14
30 9 11
32 29 31
34 6 33
36 15 34
38 9 10
40 20 39
42 29 41
44 7 43
46 23 30
48 44 46
50 37 49
52 25 50
54 9 14
56 31 55
58 6 57
60 45 59
62 33 44
64 31 62
66 17 61
68 65 66
70 52 69
72 27 71
74 3 73
76 4 25
78 16 52
80 28 39
82 34 81
84 17 83
86 49 84
88 79 87
90 5 89
92 77 91
94 2 93
96 2 5
98 6 17
100 96 98
102 54 100
104 75 103
106 95 104
108 2 26
110 61 108
112 51 110
114 76 106
116 113 115
118 6 78
120 17 59
122 63 120
124 119 123
126 4 125
128 27 127
130 3 129
132 95 131
134 103 115
136 70 132
i0 p0p0closed02shades29intent
i1 p0p0opened02shades29intent
i2 p0b02shades29closed
i3 p0b02shades29open
l0 l0
l1 l1
l2 l2
l3 l3
o0 u02shades29ctrl0f1d2shades29move2to0f1d2shades29percent231b1b
o1 u02shades29ctrl0f1d2shades29move2to0f1d2shades29percent2423231b1b
o2 u02shades29ctrl02shades29ctrl
