UNREALIZABLE
aag 33 3 3 2 27
2
4
6
8 42
10 53
12 67
21
22
14 8 13
16 10 14
18 11 15
20 17 19
22 9 10
24 3 6
26 9 24
28 5 26
30 8 20
32 3 31
34 4 7
36 32 34
38 10 30
40 29 39
42 37 40
44 2 7
46 27 45
48 5 22
50 47 48
52 37 51
54 21 44
56 6 32
58 55 57
60 5 59
62 22 34
64 45 62
66 61 65
i0 u02device29ctrl0f1d2device29move2to0f1d2device29percent231b1b
i1 u02device29ctrl0f1d2device29move2to0f1d2device29percent2423231b1b
i2 u02device29ctrl02device29ctrl
l0 l0
l1 l1
l2 l2
o0 p0b02device29closed
o1 p0b02device29open
