REALIZABLE
aag 13 6 0 19 7
2
4
6
8
10
12
13
12
13
12
16
13
18
22
12
24
22
12
24
26
27
12
13
1
0
14 6 8
16 12 14
18 12 15
20 2 4
22 13 20
24 13 21
26 10 12
i0 p0p0hitcoord0xcoord0ycoord0f1dgetenemyradius0enemies0f1ddec0counter1b1b0f1dgetenemyangle0enemies0f1ddec0counter1b1b0rotation
i1 p0p0lt0f1dgetenemyradius0enemies0f1ddec0counter1b1b0tmpdist
i2 p0p0eq0ycoord0f1dhairliney1b
i3 p0p0eq0xcoord0f1dhairlinex1b
i4 p0p0eq0xcoord0f1ddec2size2x1b
i5 p0p0eqz0counter
o0 u0bycoord0bycoord
o1 u0bycoord0ycoord
o2 u0bxcoord0bxcoord
o3 u0bxcoord0xcoord
o4 u0color0f1dwhitecolor1b
o5 u0color0color
o6 u0color0tmpcolor
o7 u0tmpcolor0f1dgetenemycolor0enemies0f1ddec0counter1b1b
o8 u0tmpcolor0f1dblackcolor1b
o9 u0tmpcolor0tmpcolor
o10 u0tmpdist0f1dgetenemyradius0enemies0f1ddec0counter1b1b
o11 u0tmpdist0f1dstartradius1b
o12 u0tmpdist0tmpdist
o13 u0ycoord0f1dinc2coord0ycoord1b
o14 u0ycoord0ycoord
o15 u0xcoord0f1dinc2coord0xcoord1b
o16 u0xcoord0xcoord
o17 u0counter0f1dincmod0counter0f1dinc0f1denemycount1b1b1b
o18 u0counter0counter
