REALIZABLE
aag 200 14 5 6 181
2
4
6
8
10
12
14
16
18
20
22
24
26
28
30 212
32 284
34 363
36 387
38 401
112
0
110
138
136
0
40 33 37
42 34 40
44 32 37
46 35 44
48 43 47
50 31 37
52 48 51
54 41 52
56 38 54
58 15 29
60 38 55
62 35 50
64 30 42
66 39 63
68 65 66
70 61 69
72 48 70
74 15 72
76 59 75
78 33 36
80 35 78
82 48 81
84 30 83
86 30 39
88 39 40
90 87 89
92 85 91
94 38 51
96 29 95
98 93 96
100 77 99
102 14 56
104 101 103
106 16 105
108 17 72
110 107 109
112 57 111
114 29 39
116 53 114
118 28 71
120 28 39
122 3 120
124 119 123
126 117 124
128 17 127
130 14 17
132 103 131
134 129 133
136 101 135
138 57 137
140 34 37
142 2 140
144 30 143
146 60 144
148 2 40
150 31 39
152 148 150
154 95 153
156 15 155
158 147 156
160 119 158
162 3 33
164 32 36
166 7 164
168 35 167
170 163 168
172 143 150
174 171 172
176 7 44
178 140 177
180 7 36
182 165 181
184 35 183
186 37 149
188 35 187
190 32 181
192 188 191
194 47 193
196 185 195
198 30 179
200 197 198
202 114 175
204 201 202
206 119 205
208 17 207
210 133 209
212 161 211
214 20 36
216 34 215
218 194 217
220 30 219
222 91 221
224 23 35
226 37 224
228 94 227
230 29 229
232 223 230
234 77 233
236 17 29
238 21 164
240 79 177
242 239 240
244 34 243
246 183 244
248 172 189
250 247 248
252 23 83
254 21 33
256 35 254
258 38 50
260 257 258
262 253 260
264 35 191
266 41 216
268 86 265
270 267 268
272 263 271
274 251 272
276 236 275
278 130 230
280 103 279
282 277 281
284 235 283
286 28 40
288 124 286
290 48 227
292 30 291
294 35 253
296 50 295
298 293 297
300 29 38
302 299 300
304 182 245
306 20 33
308 34 36
310 307 308
312 30 311
314 305 312
316 3 140
318 34 238
320 31 319
322 149 168
324 317 320
326 323 324
328 315 327
330 114 329
332 303 331
334 289 332
336 130 335
338 120 160
340 228 299
342 153 341
344 58 343
346 82 170
348 245 267
350 177 349
352 347 351
354 58 86
356 353 354
358 339 357
360 345 358
362 337 360
364 35 164
366 245 365
368 354 367
370 32 120
372 124 370
374 39 313
376 321 374
378 52 114
380 377 378
382 373 381
384 130 383
386 369 385
388 20 376
390 147 389
392 58 391
394 61 377
396 14 236
398 395 396
400 393 399
i0 p0p02time29between0p1db02time29pm71b02time29pm8
i1 p0p02time29between0p1db02time29am231b02time29am2423
i2 p0p02time29between0p1db02time29am51b02time29am2423
i3 p0p0bright0outside29brightness
i4 p0b0bed29exit
i5 p0b0bed29enter
i6 p0b02shades29closed
i7 p0b02shades29open
i8 p0b02time29am7
i9 p0b02time29sunday
i10 p0b02time29saturday
i11 p0b02time29am23
i12 p0b02time29am5
i13 p0b02alarm29alarm
l0 l0
l1 l1
l2 l2
l3 l3
l4 l4
o0 u02shades29ctrl0f1d2shades29move2to0f1d2shades29percent231b1b
o1 u02shades29ctrl0f1d2shades29move2to0f1d2shades29percent2423231b1b
o2 u02shades29ctrl02shades29ctrl
o3 u02alarm29control0f1d2alarm29turn2off1b
o4 u02alarm29control0f1d2alarm29turn2on1b
o5 u02alarm29control02alarm29control
