UNREALIZABLE
aag 126 8 4 8 114
2
4
6
8
10
12
14
16
18 196
20 225
22 243
24 253
0
30
0
0
53
45
50
53
26 21 23
28 19 26
30 25 28
32 24 26
34 19 20
36 22 35
38 23 34
40 37 39
42 25 41
44 33 43
46 18 26
48 25 47
50 40 48
52 44 51
54 19 21
56 15 17
58 13 56
60 10 58
62 12 57
64 14 16
66 11 65
68 59 66
70 63 68
72 61 71
74 7 73
76 5 74
78 5 6
80 9 78
82 73 80
84 4 74
86 60 78
88 85 87
90 9 89
92 60 90
94 59 76
96 8 94
98 83 97
100 93 98
102 3 101
104 10 76
106 8 104
108 91 107
110 3 109
112 2 9
114 76 112
116 111 115
118 103 116
120 76 119
122 23 121
124 54 122
126 103 111
128 77 127
130 46 129
132 24 131
134 125 132
136 5 127
138 23 136
140 7 71
142 90 141
144 97 143
146 3 145
148 94 112
150 147 149
152 23 151
154 22 128
156 104 112
158 103 157
160 23 159
162 155 161
164 153 162
166 18 20
168 22 119
170 18 168
172 167 171
174 139 173
176 165 174
178 76 168
180 153 179
182 54 181
184 22 137
186 34 123
188 185 186
190 183 189
192 177 190
194 25 193
196 135 195
198 32 128
200 21 170
202 9 200
204 139 155
206 166 205
208 21 162
210 20 126
212 169 210
214 19 213
216 209 214
218 203 207
220 217 218
222 25 221
224 199 223
226 18 198
228 115 169
230 34 229
232 28 117
234 201 233
236 231 234
238 177 236
240 25 239
242 227 241
244 32 120
246 55 167
248 25 247
250 178 248
252 245 251
i0 u02roomlight29light0f1d2roomlight29turn2off1b
i1 u02roomlight29light0f1d2roomlight29toggle1b
i2 u02roomlight29light0f1d2roomlight29turn2on1b
i3 u02roomlight29light02roomlight29light
i4 u02timer29start2new2timer0f1d2timer29hour251b
i5 u02timer29start2new2timer0f1d2timer29hour241b
i6 u02timer29start2new2timer0f1d2timer29min25231b
i7 u02timer29start2new2timer02timer29start2new2timer
l0 l0
l1 l1
l2 l2
l3 l3
o0 p0b02room2light29off
o1 p0b02room29somebody2leaves
o2 p0b02room29somebody2enters
o3 p0b02room29switch29toggled
o4 p0b02room29empty
o5 p0b02roomlight29off
o6 p0b02roomlight29on
o7 p0b02timer29timeout
