UNREALIZABLE
aag 304 9 5 9 290
2
4
6
8
10
12
14
16
18
20 332
22 495
24 573
26 595
28 608
56
61
67
73
61
56
79
0
88
30 26 28
32 23 26
34 22 27
36 33 35
38 29 36
40 25 39
42 31 40
44 23 28
46 26 29
48 45 47
50 20 23
52 25 51
54 48 53
56 43 55
58 22 24
60 30 58
62 24 45
64 31 62
66 54 65
68 27 29
70 24 68
72 43 71
74 50 68
76 25 75
78 65 77
80 21 22
82 26 81
84 51 82
86 29 85
88 64 87
90 5 7
92 8 11
94 13 92
96 10 13
98 11 12
100 97 99
102 9 101
104 95 103
106 19 105
108 14 17
110 106 108
112 17 18
114 15 112
116 105 114
118 21 116
120 111 119
122 75 121
124 25 123
126 27 116
128 22 26
130 28 129
132 111 130
134 127 132
136 29 120
138 47 137
140 8 110
142 94 112
144 19 102
146 16 144
148 143 147
150 15 149
152 141 151
154 9 98
156 95 155
158 112 157
160 16 106
162 159 161
164 15 163
166 117 165
168 111 166
170 157 169
172 152 171
174 21 173
176 110 175
178 117 177
180 32 179
182 108 144
184 20 117
186 183 184
188 21 111
190 128 187
192 189 190
194 139 193
196 181 194
198 135 197
200 84 110
202 24 201
204 199 202
206 125 205
208 90 207
210 61 91
212 2 211
214 209 212
216 61 90
218 102 167
220 141 219
222 80 221
224 10 167
226 111 225
228 19 226
230 174 229
232 23 230
234 20 153
236 223 235
238 233 236
240 26 239
242 139 241
244 24 135
246 243 244
248 5 6
250 40 137
252 10 182
254 20 253
256 227 254
258 231 257
260 36 52
262 259 260
264 251 263
266 27 121
268 20 22
270 220 268
272 23 258
274 26 153
276 83 275
278 271 277
280 273 278
282 28 267
284 281 282
286 265 285
288 247 248
290 287 288
292 6 60
294 225 253
296 183 219
298 21 297
300 294 299
302 22 169
304 300 302
306 197 304
308 27 28
310 22 308
312 198 311
314 24 307
316 313 314
318 7 125
320 317 318
322 4 293
324 321 322
326 3 217
328 291 326
330 325 328
332 215 331
334 2 90
336 169 310
338 300 336
340 21 23
342 297 341
344 294 343
346 26 345
348 8 169
350 23 348
352 22 170
354 351 353
356 27 355
358 26 169
360 357 359
362 29 347
364 361 362
366 339 365
368 44 169
370 344 368
372 366 371
374 24 373
376 29 354
378 69 377
380 27 51
382 170 380
384 379 383
386 22 297
388 294 387
390 169 388
392 28 391
394 25 393
396 385 394
398 375 397
400 334 399
402 24 248
404 44 345
406 46 239
408 366 405
410 407 408
412 402 411
414 165 253
416 340 415
418 353 417
420 27 419
422 379 421
424 393 423
426 23 379
428 20 26
430 167 428
432 275 431
434 427 433
436 425 435
438 25 248
440 437 438
442 4 7
444 30 389
446 25 445
448 51 169
450 68 448
452 353 450
454 359 388
456 351 358
458 29 457
460 455 459
462 453 461
464 38 156
466 446 465
468 463 466
470 29 200
472 29 169
474 357 472
476 347 474
478 371 471
480 477 478
482 24 481
484 469 483
486 442 485
488 413 441
490 487 488
492 3 491
494 401 493
496 24 49
498 345 496
500 301 310
502 369 501
504 475 502
506 24 499
508 505 506
510 469 509
512 334 511
514 448 464
516 445 515
518 25 517
520 201 344
522 46 521
524 337 405
526 523 524
528 24 527
530 519 529
532 442 531
534 308 390
536 227 340
538 27 353
540 537 538
542 32 349
544 128 294
546 29 543
548 545 546
550 541 548
552 446 535
554 551 552
556 347 357
558 29 557
560 24 339
562 559 560
564 248 555
566 563 564
568 533 567
570 3 569
572 513 571
574 499 519
576 334 575
578 169 442
580 58 134
582 578 580
584 402 505
586 438 463
588 583 585
590 587 588
592 3 591
594 577 593
596 368 402
598 26 471
600 62 599
602 43 601
604 578 603
606 597 605
608 3 607
i0 u0counter0f1dinc0counter1b
i1 u0counter0f1ddec0counter1b
i2 u0counter0counter
i3 u0button2up0f1denable1b
i4 u0button2up0f1ddisable1b
i5 u0button2up0button2up
i6 u0button2down0f1denable1b
i7 u0button2down0f1ddisable1b
i8 u0button2down0button2down
l0 l0
l1 l1
l2 l2
l3 l3
l4 l4
o0 p0p0in2range0f1dinc0f1dinc0counter1b1b
o1 p0p0in2range0f1dinc0f1ddec0counter1b1b
o2 p0p0in2range0f1dinc0counter1b
o3 p0p0in2range0f1ddec0f1dinc0counter1b1b
o4 p0p0in2range0f1ddec0f1ddec0counter1b1b
o5 p0p0in2range0f1ddec0counter1b
o6 p0p0in2range0counter
o7 p0p0button2pressed0up
o8 p0p0button2pressed0down
