UNREALIZABLE
aag 270 6 5 4 259
2
4
6
8
10
12
14 289
16 375
18 449
20 515
22 541
60
59
78
77
24 20 23
26 14 17
28 19 23
30 26 28
32 21 31
34 25 33
36 14 16
38 18 23
40 37 38
42 15 17
44 19 22
46 42 44
48 41 47
50 21 49
52 15 16
54 19 24
56 53 54
58 51 57
60 35 58
62 18 43
64 24 63
66 19 27
68 18 53
70 22 67
72 69 70
74 32 73
76 65 75
78 60 76
80 4 7
82 9 10
84 13 82
86 9 11
88 12 86
90 8 11
92 13 90
94 89 93
96 85 94
98 3 80
100 97 98
102 2 7
104 5 97
106 102 104
108 88 106
110 101 109
112 5 84
114 6 112
116 80 95
118 115 117
120 3 119
122 3 6
124 104 122
126 101 125
128 95 127
130 102 112
132 129 131
134 9 133
136 121 135
138 110 136
140 16 139
142 92 127
144 107 125
146 143 144
148 140 147
150 17 137
152 15 151
154 149 152
156 121 131
158 16 157
160 14 159
162 155 161
164 28 163
166 95 106
168 129 167
170 16 169
172 85 89
174 127 173
176 17 174
178 17 142
180 5 173
182 121 167
184 17 183
186 180 184
188 179 187
190 177 188
192 17 133
194 171 193
196 190 194
198 14 196
200 17 128
202 15 131
204 201 202
206 23 205
208 199 206
210 17 169
212 159 211
214 15 213
216 107 129
218 8 217
220 14 218
222 215 221
224 22 223
226 18 225
228 209 226
230 36 218
232 26 157
234 15 197
236 44 233
238 231 236
240 235 238
242 229 241
244 165 242
246 21 245
248 149 179
250 15 249
252 42 218
254 102 180
256 143 255
258 148 257
260 17 111
262 259 261
264 143 211
266 262 264
268 14 267
270 253 269
272 217 271
274 251 273
276 19 275
278 43 157
280 24 279
282 253 280
284 55 283
286 277 285
288 247 287
290 16 127
292 188 291
294 15 293
296 36 183
298 19 297
300 295 298
302 14 249
304 107 175
306 16 305
308 132 306
310 190 309
312 15 311
314 18 313
316 3 18
318 179 316
320 315 319
322 303 321
324 23 301
326 323 324
328 16 100
330 185 329
332 14 331
334 251 333
336 44 335
338 101 141
340 14 339
342 17 145
344 182 343
346 15 345
348 341 347
350 18 22
352 349 350
354 327 353
356 337 354
358 21 357
360 42 139
362 62 183
364 233 291
366 19 365
368 363 367
370 361 368
372 24 371
374 359 373
376 17 256
378 16 219
380 377 379
382 329 381
384 14 383
386 314 385
388 15 263
390 101 168
392 36 391
394 19 393
396 389 394
398 387 397
400 23 399
402 16 145
404 14 403
406 266 404
408 15 382
410 19 409
412 407 410
414 15 390
416 14 146
418 18 417
420 415 418
422 22 421
424 413 422
426 21 401
428 425 426
430 259 270
432 54 431
434 4 174
436 42 434
438 18 437
440 361 390
442 24 438
444 441 442
446 433 445
448 429 446
450 4 232
452 19 451
454 307 452
456 437 454
458 43 217
460 438 459
462 24 457
464 461 462
466 15 317
468 305 466
470 190 468
472 16 217
474 19 473
476 17 106
478 18 477
480 14 479
482 475 480
484 471 483
486 23 485
488 201 307
490 404 489
492 477 491
494 19 493
496 217 343
498 15 497
500 14 435
502 18 501
504 499 502
506 495 505
508 22 507
510 487 509
512 21 511
514 465 513
516 177 403
518 66 517
520 68 145
522 519 521
524 22 523
526 14 517
528 52 128
530 527 529
532 38 531
534 525 533
536 21 535
538 64 342
540 537 539
i0 u02device29lamp29ctrl0f1d2device29off1b
i1 u02device29lamp29ctrl0f1d2device29on1b
i2 u02device29lamp29ctrl02device29lamp29ctrl
i3 u02device29plug29ctrl0f1d2device29off1b
i4 u02device29plug29ctrl0f1d2device29on1b
i5 u02device29plug29ctrl02device29plug29ctrl
l0 l0
l1 l1
l2 l2
l3 l3
l4 l4
o0 p0b02device29lamp29off
o1 p0b02device29lamp29on
o2 p0b02device29plug29off
o3 p0b02device29plug29on
