REALIZABLE
aag 155 9 4 4 142
2
4
6
8
10
12
14
16
18
20 279
22 295
24 301
26 310
116
170
215
231
28 11 23
30 22 26
32 20 23
34 27 32
36 31 35
38 20 36
40 25 39
42 21 27
44 22 42
46 24 45
48 41 47
50 29 48
52 20 26
54 23 43
56 11 55
58 53 56
60 25 59
62 53 54
64 45 63
66 24 27
68 64 66
70 29 68
72 65 66
74 61 73
76 71 74
78 9 77
80 33 66
82 28 43
84 10 65
86 25 83
88 85 86
90 81 89
92 25 30
94 69 93
96 91 94
98 78 97
100 24 26
102 79 101
104 13 15
106 19 104
108 99 106
110 103 108
112 16 101
114 51 112
116 110 114
118 51 101
120 12 78
122 10 36
124 25 123
126 23 124
128 120 127
130 21 56
132 124 131
134 71 133
136 13 134
138 78 136
140 129 139
142 17 18
144 77 127
146 90 145
148 15 147
150 8 11
152 8 25
154 34 152
156 102 155
158 13 14
160 151 158
162 156 160
164 149 163
166 142 165
168 141 166
170 118 168
172 19 101
174 14 101
176 150 156
178 9 25
180 26 178
182 28 180
184 177 183
186 78 184
188 48 158
190 187 188
192 174 191
194 15 118
196 140 194
198 193 197
200 18 199
202 173 201
204 17 203
206 16 19
208 104 206
210 113 209
212 111 211
214 205 213
216 15 50
218 191 217
220 142 219
222 12 147
224 139 223
226 48 208
228 225 226
230 221 229
232 146 152
234 129 135
236 9 235
238 8 49
240 237 239
242 233 241
244 15 243
246 159 175
248 13 155
250 187 248
252 247 251
254 189 245
256 253 254
258 18 257
260 173 259
262 17 261
264 113 207
266 99 121
268 233 266
270 15 269
272 19 271
274 253 272
276 265 275
278 263 277
280 15 128
282 9 90
284 104 283
286 147 284
288 163 287
290 281 288
292 206 291
294 167 293
296 15 206
298 225 296
300 169 299
302 158 185
304 95 104
306 303 305
308 143 207
310 307 309
i0 p0p0bright0outside29brightness
i1 p0b02room292room29empty
i2 p0b02room29bed29occupied
i3 p0b02room29somebody2leaves
i4 p0b02room29somebody2enters
i5 p0b02room29switch29toggled
i6 p0b02room29empty
i7 p0b02roomlight29off
i8 p0b02roomlight29on
l0 l0
l1 l1
l2 l2
l3 l3
o0 u02roomlight29light0f1d2roomlight29turn2off1b
o1 u02roomlight29light0f1d2roomlight29toggle1b
o2 u02roomlight29light0f1d2roomlight29turn2on1b
o3 u02roomlight29light02roomlight29light
