REALIZABLE
aag 813 8 6 4 799
2
4
6
8
10
12
14
16
18 659
20 939
22 1195
24 1347
26 1509
28 1627
154
246
308
0
30 22 29
32 18 25
34 4 8
36 2 8
38 20 37
40 35 38
42 9 21
44 4 42
46 41 45
48 32 47
50 30 48
52 9 20
54 4 9
56 53 55
58 19 57
60 23 29
62 25 60
64 58 62
66 26 65
68 51 66
70 13 15
72 16 70
74 41 43
76 25 28
78 18 76
80 75 78
82 3 4
84 8 82
86 21 85
88 18 24
90 86 88
92 19 21
94 19 37
96 93 95
98 87 97
100 18 37
102 53 100
104 25 103
106 99 104
108 91 107
110 2 21
112 18 111
114 2 25
116 93 114
118 113 116
120 8 118
122 29 121
124 109 122
126 81 125
128 22 127
130 19 20
132 24 29
134 23 132
136 130 134
138 5 8
140 2 4
142 55 141
144 139 142
146 136 145
148 27 147
150 129 148
152 69 72
154 151 152
156 20 138
158 18 157
160 37 158
162 25 161
164 26 60
166 55 83
168 39 166
170 19 169
172 164 171
174 162 172
176 18 168
178 25 96
180 177 179
182 26 30
184 21 138
186 37 185
188 25 186
190 182 189
192 181 190
194 19 24
196 20 83
198 55 196
200 8 110
202 199 201
204 194 203
206 121 205
208 29 207
210 36 76
212 22 211
214 209 212
216 131 187
218 24 217
220 18 199
222 4 98
224 29 221
226 223 224
228 133 227
230 219 229
232 78 187
234 23 233
236 231 234
238 27 215
240 237 238
242 175 193
244 241 242
246 72 245
248 26 28
250 73 248
252 75 131
254 145 253
256 24 255
258 229 257
260 233 259
262 23 261
264 108 205
266 30 265
268 79 211
270 3 8
272 158 270
274 22 269
276 273 274
278 27 277
280 267 278
282 263 280
284 19 185
286 270 284
288 162 287
290 164 289
292 56 139
294 100 292
296 25 294
298 181 297
300 182 299
302 72 291
304 301 302
306 283 304
308 251 307
310 8 140
312 19 311
314 87 312
316 2 9
318 101 196
320 53 319
322 18 311
324 317 322
326 320 324
328 25 327
330 315 328
332 37 196
334 142 333
336 21 167
338 194 337
340 335 338
342 29 341
344 91 342
346 331 344
348 20 35
350 271 317
352 348 350
354 37 284
356 353 354
358 3 197
360 100 359
362 24 103
364 361 362
366 357 364
368 2 138
370 85 369
372 185 370
374 25 372
376 28 375
378 367 376
380 347 379
382 22 381
384 4 350
386 21 141
388 32 387
390 384 388
392 198 364
394 23 28
396 391 394
398 393 396
400 21 166
402 196 369
404 401 403
406 55 369
408 196 406
410 18 409
412 25 411
414 405 412
416 322 333
418 24 417
420 83 369
422 407 421
424 20 422
426 19 157
428 425 426
430 141 428
432 418 431
434 60 415
436 433 434
438 399 437
440 383 438
442 27 441
444 157 370
446 271 348
448 406 447
450 2 449
452 444 451
454 24 453
456 18 337
458 24 457
460 19 25
462 25 334
464 461 463
466 403 465
468 455 459
470 467 468
472 182 471
474 24 56
476 83 101
478 474 476
480 18 348
482 5 480
484 328 483
486 444 484
488 164 479
490 487 488
492 70 491
494 473 492
496 443 494
498 16 251
500 497 498
502 12 15
504 248 503
506 54 92
508 13 14
510 27 508
512 62 510
514 506 512
516 22 78
518 310 516
520 27 519
522 293 460
524 21 24
526 141 524
528 350 526
530 523 529
532 295 394
534 531 532
536 201 425
538 88 537
540 2 35
542 271 541
544 21 543
546 39 545
548 18 547
550 25 400
552 25 52
554 33 553
556 551 554
558 549 557
560 4 52
562 194 561
564 370 562
566 201 564
568 539 567
570 559 568
572 30 571
574 143 333
576 401 574
578 88 577
580 24 312
582 21 384
584 157 580
586 583 584
588 18 52
590 4 588
592 25 591
594 4 351
596 369 595
598 20 597
600 19 337
602 599 600
604 592 603
606 60 579
608 587 606
610 605 608
612 520 535
614 611 612
616 573 614
618 19 453
620 323 619
622 20 25
624 461 623
626 620 625
628 164 627
630 42 82
632 284 631
634 25 384
636 461 635
638 633 637
640 194 449
642 182 641
644 639 642
646 502 645
648 629 646
650 617 648
652 17 505
654 515 652
656 651 654
658 501 657
660 9 140
662 333 661
664 145 662
666 349 665
668 25 667
670 20 596
672 18 453
674 24 670
676 673 674
678 669 677
680 461 679
682 394 681
684 21 385
686 24 271
688 89 687
690 370 689
692 28 685
694 690 692
696 19 358
698 76 273
700 697 698
702 22 695
704 701 702
706 683 705
708 507 589
710 201 370
712 524 710
714 708 713
716 363 715
718 83 194
720 119 719
722 717 720
724 29 723
726 707 725
728 25 97
730 421 728
732 18 197
734 563 733
736 731 734
738 139 141
740 55 130
742 24 739
744 741 742
746 60 745
748 737 746
750 727 749
752 27 751
754 18 41
756 595 754
758 589 757
760 24 759
762 19 197
764 25 763
766 295 764
768 761 767
770 30 769
772 369 661
774 157 772
776 361 774
778 134 777
780 20 739
782 112 781
784 62 287
786 783 784
788 26 779
790 787 788
792 771 790
794 72 793
796 753 794
798 591 717
800 30 799
802 194 560
804 29 803
806 25 92
808 596 806
810 804 809
812 47 460
814 97 187
816 712 815
818 28 813
820 817 818
822 23 811
824 821 822
826 801 825
828 27 827
830 182 623
832 58 830
834 829 833
836 508 835
838 45 428
840 583 754
842 132 841
844 839 842
846 33 463
848 49 847
850 34 110
852 24 851
854 28 853
856 849 854
858 18 671
860 21 422
862 19 861
864 561 862
866 25 29
868 859 866
870 865 868
872 845 857
874 871 872
876 23 875
878 410 861
880 583 762
882 24 881
884 879 882
886 20 542
888 862 887
890 18 43
892 353 890
894 25 893
896 889 894
898 885 897
900 30 899
902 359 516
904 27 903
906 901 904
908 877 906
910 57 88
912 24 444
914 851 913
916 19 915
918 911 917
920 30 919
922 32 60
924 780 922
926 68 925
928 921 926
930 502 929
932 909 930
934 837 933
936 17 935
938 797 937
940 88 685
942 599 940
944 32 886
946 809 945
948 943 946
950 30 949
952 394 460
954 137 953
956 384 955
958 394 689
960 93 583
962 541 958
964 961 962
966 957 965
968 951 966
970 27 969
972 92 143
974 195 973
976 182 975
978 452 976
980 971 979
982 508 981
984 19 450
986 20 143
988 18 986
990 985 989
992 62 991
994 24 369
996 89 995
998 453 997
1000 684 739
1002 35 196
1004 1001 1003
1006 18 1005
1008 25 815
1010 1007 1008
1012 30 999
1014 1011 1012
1016 993 1015
1018 26 1017
1020 2 547
1022 32 887
1024 1021 1022
1026 86 369
1028 24 221
1030 554 1027
1032 1029 1030
1034 194 711
1036 29 1035
1038 1033 1036
1040 1025 1038
1042 78 372
1044 22 1043
1046 1041 1044
1048 24 200
1050 637 664
1052 394 1049
1054 1051 1052
1056 19 987
1058 1001 1056
1060 18 45
1062 1003 1060
1064 1059 1063
1066 24 1065
1068 593 1067
1070 20 773
1072 1027 1071
1074 460 1073
1076 60 1075
1078 1069 1076
1080 27 1055
1082 1047 1080
1084 1079 1082
1086 1019 1085
1088 502 1087
1090 515 983
1092 1089 1090
1094 17 1093
1096 88 582
1098 2 480
1100 92 773
1102 1099 1101
1104 330 1102
1106 342 1097
1108 1105 1106
1110 88 348
1112 447 1001
1114 194 1113
1116 20 385
1118 545 1117
1120 18 1119
1122 374 1121
1124 83 684
1126 88 1124
1128 28 1111
1130 1127 1128
1132 1115 1130
1134 1123 1132
1136 22 1109
1138 1135 1136
1140 19 403
1142 631 1140
1144 412 1143
1146 387 1117
1148 19 1147
1150 418 1149
1152 1145 1151
1154 60 1153
1156 1071 1099
1158 24 1157
1160 372 388
1162 1159 1161
1164 394 1163
1166 1155 1165
1168 1139 1166
1170 27 1169
1172 30 195
1174 637 1141
1176 631 912
1178 1175 1177
1180 1172 1179
1182 60 484
1184 619 1182
1186 1181 1185
1188 26 1187
1190 1171 1189
1192 72 1191
1194 1095 1193
1196 512 1100
1198 25 973
1200 30 1199
1202 455 1200
1204 20 310
1206 922 1204
1208 26 1207
1210 1203 1208
1212 88 1000
1214 580 780
1216 25 1103
1218 773 1216
1220 60 1215
1222 1213 1220
1224 1219 1222
1226 21 690
1228 28 635
1230 1227 1228
1232 24 1125
1234 409 589
1236 1101 1234
1238 1232 1236
1240 25 1099
1242 985 1240
1244 29 1239
1246 1243 1244
1248 22 1247
1250 1225 1231
1252 1249 1250
1254 520 1253
1256 502 1211
1258 1255 1256
1260 983 1197
1262 1259 1260
1264 17 1263
1266 25 621
1268 87 430
1270 60 273
1272 1269 1270
1274 63 1273
1276 1267 1275
1278 635 913
1280 729 1172
1282 1279 1280
1284 26 1283
1286 1277 1284
1288 24 320
1290 464 1289
1292 28 1291
1294 574 708
1296 132 1295
1298 866 1236
1300 23 1297
1302 1299 1300
1304 1293 1302
1306 322 887
1308 554 635
1310 809 1308
1312 1307 1311
1314 29 565
1316 1097 1314
1318 1313 1316
1320 313 1121
1322 76 1321
1324 84 88
1326 354 474
1328 22 1325
1330 1327 1328
1332 31 1331
1334 1319 1333
1336 1323 1334
1338 27 1305
1340 1337 1338
1342 72 1341
1344 1287 1342
1346 1265 1345
1348 353 862
1350 35 271
1352 21 1350
1354 158 1353
1356 1349 1355
1358 25 1357
1360 26 1359
1362 1275 1360
1364 348 460
1366 185 423
1368 18 691
1370 1367 1368
1372 1365 1371
1374 182 1373
1376 269 1350
1378 361 1376
1380 99 580
1382 18 1353
1384 887 1382
1386 407 622
1388 554 1387
1390 809 1388
1392 1385 1391
1394 1097 1381
1396 1393 1394
1398 29 1397
1400 1379 1399
1402 22 1401
1404 5 232
1406 18 292
1408 284 577
1410 24 1407
1412 1409 1410
1414 1387 1413
1416 29 1415
1418 1405 1417
1420 23 1419
1422 1403 1421
1424 27 1423
1426 1363 1375
1428 1425 1426
1430 72 1429
1432 368 1232
1434 21 32
1436 271 1434
1438 1433 1437
1440 29 1439
1442 78 368
1444 22 1443
1446 1441 1444
1448 19 1366
1450 637 1449
1452 5 1048
1454 1451 1453
1456 28 1455
1458 284 973
1460 53 732
1462 1459 1461
1464 24 1463
1466 29 130
1468 85 1466
1470 133 1469
1472 1465 1471
1474 23 1473
1476 1457 1474
1478 1447 1477
1480 27 1479
1482 159 784
1484 285 295
1486 25 1485
1488 673 1349
1490 24 1489
1492 30 1487
1494 1491 1492
1496 26 1483
1498 1495 1496
1500 502 1499
1502 1481 1500
1504 983 1503
1506 17 1505
1508 1431 1507
1510 460 1000
1512 2 640
1514 1511 1513
1516 182 1515
1518 88 1070
1520 1127 1217
1522 1519 1520
1524 30 1523
1526 60 1214
1528 952 1005
1530 697 958
1532 1124 1530
1534 1527 1533
1536 1529 1534
1538 1525 1536
1540 27 1539
1542 1517 1541
1544 508 1543
1546 450 997
1548 44 460
1550 1547 1549
1552 30 1551
1554 560 922
1556 26 1555
1558 1553 1556
1560 132 560
1562 81 1561
1564 22 1563
1566 662 1007
1568 25 1567
1570 817 1569
1572 394 1571
1574 27 1565
1576 1573 1574
1578 502 1559
1580 1577 1578
1582 1545 1581
1584 17 1583
1586 32 663
1588 911 1587
1590 30 1589
1592 2 64
1594 1556 1593
1596 1591 1594
1598 25 49
1600 394 1289
1602 1599 1600
1604 804 1520
1606 19 75
1608 76 361
1610 1607 1608
1612 1333 1611
1614 1605 1612
1616 27 1527
1618 1603 1616
1620 1615 1618
1622 72 1597
1624 1621 1622
1626 1585 1625
i0 p0b02room29somebody2leaves
i1 p0b02room29somebody2enters
i2 p0b02room29switch29toggled
i3 p0b02room29empty
i4 p0b02c2m29finished
i5 p0b02c2m29busy
i6 p0b02c2m29standby
i7 p0b02c2m29ready
l0 l0
l1 l1
l2 l2
l3 l3
l4 l4
l5 l5
o0 u02c2m29ctrl0f1d2c2m29turn2off1b
o1 u02c2m29ctrl0f1d2c2m29make2coffee1b
o2 u02c2m29ctrl0f1d2c2m29turn2on1b
o3 u02c2m29ctrl02c2m29ctrl
