REALIZABLE
aag 30 4 3 3 23
2
4
6
8
10 55
12 56
14 61
33
42
0
16 9 13
18 7 17
20 9 11
22 19 20
24 15 23
26 11 14
28 13 26
30 19 28
32 25 31
34 6 8
36 13 35
38 26 36
40 14 39
42 32 41
44 8 30
46 10 36
48 11 18
50 15 47
52 49 50
54 45 53
56 17 33
58 16 24
60 39 59
i0 p0p0bright0outside29brightness
i1 p0b0room29screen29lowered
i2 p0b0room29shades29closed
i3 p0b0room29shades29open
l0 l0
l1 l1
l2 l2
o0 u0room29shades29ctrl0f1dmove2to0f1dpercent231b1b
o1 u0room29shades29ctrl0f1dmove2to0f1dpercent2423231b1b
o2 u0room29shades29ctrl0room29shades29ctrl
