REALIZABLE
aag 575 6 6 7 563
2
4
6
8
10
12
14 743
16 861
18 947
20 1033
22 1107
24 1151
427
459
501
513
583
595
0
26 14 16
28 5 7
30 8 28
32 14 30
34 2 32
36 27 35
38 10 36
40 17 34
42 18 41
44 10 34
46 3 7
48 8 46
50 15 48
52 6 9
54 3 52
56 14 54
58 51 57
60 4 59
62 17 60
64 15 16
66 4 54
68 64 66
70 45 69
72 63 70
74 42 73
76 39 74
78 20 77
80 18 20
82 2 16
84 32 82
86 80 84
88 78 87
90 11 18
92 15 17
94 5 92
96 54 94
98 90 96
100 14 52
102 5 100
104 17 102
106 10 105
108 5 15
110 15 54
112 33 111
114 16 113
116 109 114
118 17 66
120 106 119
122 117 120
124 52 108
126 33 125
128 2 9
130 47 129
132 94 131
134 127 133
136 18 134
138 122 136
140 14 48
142 4 140
144 17 142
146 41 145
148 2 4
150 52 149
152 64 150
154 97 153
156 146 154
158 90 157
160 109 158
162 21 139
164 161 162
166 108 128
168 6 166
170 16 168
172 41 171
174 10 173
176 16 127
178 48 176
180 6 8
182 94 181
184 145 183
186 179 184
188 10 187
190 153 179
192 17 32
194 145 193
196 17 140
198 3 5
200 7 198
202 92 149
204 181 202
206 201 204
208 194 207
210 4 209
212 15 30
214 103 213
216 17 215
218 2 216
220 8 218
222 197 221
224 211 222
226 190 194
228 224 226
230 11 229
232 175 189
234 231 232
236 19 235
238 99 164
240 237 238
242 89 241
244 19 20
246 8 60
248 244 246
250 11 59
252 217 250
254 82 215
256 10 254
258 253 257
260 244 259
262 23 25
264 249 262
266 261 264
268 243 266
270 92 150
272 27 271
274 11 272
276 18 275
278 28 129
280 150 199
282 279 281
284 92 283
286 6 284
288 11 287
290 35 125
292 10 115
294 291 292
296 36 289
298 295 296
300 276 299
302 21 23
304 24 302
306 10 19
308 2 104
310 306 308
312 11 19
314 178 312
316 311 315
318 119 153
320 312 319
322 176 306
324 321 323
326 304 324
328 316 326
330 301 328
332 11 170
334 19 21
336 332 334
338 213 247
340 17 339
342 10 340
344 18 342
346 2 102
348 171 347
350 306 349
352 19 220
354 10 352
356 351 355
358 345 356
360 21 359
362 11 17
364 215 363
366 251 365
368 18 21
370 367 368
372 361 371
374 22 25
376 5 50
378 103 377
380 217 378
382 19 381
384 26 66
386 380 385
388 312 387
390 33 143
392 16 391
394 97 393
396 90 395
398 10 134
400 18 398
402 389 401
404 397 402
406 54 64
408 197 407
410 90 409
412 383 411
414 404 412
416 20 415
418 337 374
420 417 418
422 372 420
424 331 423
426 269 424
428 175 315
430 334 429
432 21 98
434 261 433
436 431 434
438 262 437
440 99 316
442 304 441
444 3 104
446 377 445
448 306 447
450 411 449
452 20 374
454 451 452
456 443 455
458 439 456
460 373 374
462 16 102
464 219 463
466 306 465
468 404 467
470 452 469
472 18 294
474 324 473
476 304 475
478 246 306
480 78 479
482 224 407
484 312 483
486 19 188
488 164 487
490 485 488
492 262 481
494 491 492
496 471 477
498 495 496
500 461 498
502 336 374
504 173 334
506 87 505
508 11 262
510 507 508
512 503 511
514 339 368
516 21 352
518 515 517
520 20 391
522 245 521
524 16 376
526 19 525
528 341 526
530 523 529
532 518 531
534 374 533
536 17 18
538 20 536
540 246 538
542 21 195
544 335 543
546 95 208
548 7 547
550 19 179
552 549 550
554 545 553
556 339 380
558 525 557
560 244 559
562 87 541
564 561 562
566 555 564
568 25 567
570 19 393
572 21 24
574 43 572
576 571 574
578 569 577
580 23 579
582 535 581
584 374 532
586 37 571
588 302 587
590 263 589
592 569 591
594 585 593
596 4 342
598 100 149
600 597 599
602 244 601
604 10 16
606 60 604
608 599 607
610 18 609
612 312 346
614 351 613
616 611 614
618 21 617
620 10 154
622 143 620
624 97 194
626 11 624
628 80 623
630 627 628
632 374 631
634 619 632
636 603 634
638 312 559
640 57 213
642 306 641
644 217 642
646 66 272
648 11 85
650 647 648
652 10 69
654 63 652
656 18 651
658 655 656
660 645 659
662 639 660
664 20 663
666 29 49
668 92 667
670 193 285
672 113 671
674 10 407
676 669 674
678 673 676
680 11 69
682 179 680
684 670 682
686 334 679
688 685 686
690 171 680
692 193 690
694 624 652
696 368 693
698 695 696
700 262 699
702 689 700
704 665 702
706 27 66
708 16 142
710 707 709
712 306 710
714 153 445
716 712 714
718 169 272
720 10 718
722 36 288
724 721 723
726 18 725
728 309 312
730 179 318
732 728 730
734 717 733
736 727 734
738 304 737
740 637 739
742 705 740
744 141 667
746 209 745
748 652 747
750 127 191
752 113 750
754 11 133
756 753 754
758 749 757
760 334 759
762 276 646
764 61 525
766 306 765
768 312 598
770 105 768
772 20 771
774 763 772
776 767 774
778 5 196
780 605 779
782 621 781
784 18 333
786 21 784
788 783 786
790 777 789
792 761 790
794 262 793
796 709 728
798 751 796
800 97 719
802 295 800
804 18 803
806 713 799
808 805 806
810 304 809
812 11 255
814 378 812
816 63 385
818 10 816
820 18 815
822 819 820
824 613 823
826 21 825
828 63 380
830 312 829
832 4 409
834 10 833
836 97 115
838 690 836
840 18 835
842 839 840
844 446 816
846 642 845
848 831 843
850 847 848
852 20 851
854 374 827
856 853 854
858 811 857
860 795 858
862 39 275
864 18 863
866 445 570
868 313 867
870 85 105
872 710 870
874 11 873
876 869 875
878 865 877
880 304 879
882 11 709
884 18 883
886 10 194
888 884 887
890 312 817
892 20 449
894 889 891
896 892 894
898 61 219
900 90 899
902 21 613
904 353 902
906 901 904
908 345 906
910 897 909
912 374 911
914 3 462
916 557 915
918 306 917
920 88 919
922 10 145
924 41 922
926 753 924
928 11 407
930 208 928
932 19 931
934 927 932
936 21 159
938 935 936
940 921 939
942 262 941
944 881 913
946 943 944
948 211 690
950 184 225
952 10 190
954 951 952
956 334 949
958 955 956
960 379 604
962 253 961
964 244 963
966 20 74
968 368 832
970 4 244
972 56 970
974 969 973
976 965 974
978 967 976
980 959 978
982 262 981
984 15 66
986 45 985
988 536 987
990 11 710
992 19 123
994 991 992
996 989 995
998 304 997
1000 61 343
1002 18 597
1004 1001 1002
1006 21 337
1008 355 1006
1010 1005 1008
1012 19 817
1014 411 885
1016 193 652
1018 709 1016
1020 1015 1019
1022 892 1013
1024 1021 1022
1026 374 1025
1028 1011 1026
1030 983 999
1032 1029 1030
1034 197 836
1036 11 1035
1038 399 1037
1040 18 1039
1042 383 1041
1044 20 1043
1046 18 215
1048 614 1047
1050 353 1048
1052 21 1051
1054 1045 1053
1056 374 1055
1058 168 536
1060 106 177
1062 16 291
1064 11 309
1066 1063 1064
1068 19 1061
1070 1067 1068
1072 473 1059
1074 1071 1072
1076 304 1075
1078 751 779
1080 10 1079
1082 35 167
1084 362 1083
1086 19 1085
1088 1081 1086
1090 10 96
1092 784 1091
1094 21 1093
1096 1089 1094
1098 87 965
1100 1097 1098
1102 262 1101
1104 1057 1077
1106 1103 1104
1108 99 315
1110 147 306
1112 1108 1111
1114 21 1113
1116 10 557
1118 244 813
1120 1117 1118
1122 1115 1121
1124 262 1123
1126 519 596
1128 11 172
1130 80 923
1132 1129 1130
1134 1127 1133
1136 374 1135
1138 306 708
1140 90 173
1142 1139 1141
1144 1108 1142
1146 304 1145
1148 1125 1147
1150 1137 1148
i0 p0p0is26open0shutter26input
i1 p0p0is26closed0shutter26input
i2 p0p0is26off0light26input
i3 p0p0is26on0light26input
i4 p0b0user26is26sleeping
i5 p0b0env26outside26is26bright
l0 l0
l1 l1
l2 l2
l3 l3
l4 l4
l5 l5
o0 u0shutter26ctrl0f1ddo26stop1b
o1 u0shutter26ctrl0f1ddo26open1b
o2 u0shutter26ctrl0f1ddo26close1b
o3 u0shutter26ctrl0shutter26ctrl
o4 u0light26ctrl0f1ddo26turn2off1b
o5 u0light26ctrl0f1ddo26turn2on1b
o6 u0light26ctrl0light26ctrl
