REALIZABLE
aag 103 10 4 7 89
2
4
6
8
10
12
14
16
18
20
22 105
24 153
26 196
28 206
40
44
0
44
40
43
0
30 22 29
32 24 30
34 11 32
36 26 34
38 3 19
40 36 38
42 26 28
44 41 43
46 18 21
48 13 46
50 43 49
52 27 32
54 43 53
56 35 54
58 16 56
60 30 59
62 14 61
64 26 33
66 22 25
68 28 67
70 27 69
72 28 70
74 65 73
76 58 69
78 15 77
80 74 78
82 16 80
84 26 29
86 23 25
88 84 87
90 23 89
92 17 43
94 91 92
96 15 95
98 83 96
100 48 63
102 99 100
104 51 103
106 71 89
108 14 107
110 81 109
112 17 25
114 84 112
116 48 115
118 111 116
120 18 59
122 47 121
124 13 122
126 50 125
128 13 19
130 20 29
132 57 130
134 23 84
136 25 29
138 27 137
140 135 139
142 37 140
144 21 143
146 133 145
148 128 147
150 127 149
152 119 150
154 75 94
156 54 106
158 76 157
160 14 155
162 159 160
164 78 115
166 21 163
168 165 166
170 123 169
172 20 54
174 74 139
176 173 175
178 19 177
180 12 179
182 10 24
184 21 30
186 183 184
188 133 187
190 26 189
192 128 191
194 181 193
196 171 194
198 15 154
200 157 199
202 15 136
204 48 203
206 201 204
i0 p0p0bright0outside29brightness
i1 p0b02time29sunday
i2 p0b02time29saturday
i3 p0b02time29am6323
i4 p0b0bed29exit
i5 p0b0bed29occupied
i6 p0b02timer2429timeout
i7 p0b02room29somebody2leaves
i8 p0b02room29empty
i9 p0b02room29somebody2enters
l0 l0
l1 l1
l2 l2
l3 l3
o0 u02shades29intend0f1dclosed1b
o1 u02shades29intend0f1dopen1b
o2 u02shades29intend02shades29intend
o3 u02roomlight29intend0f1doff1b
o4 u02roomlight29intend02roomlight29intend
o5 u02timer2429start2new2timer0f1d2timer2429hour251b
o6 u02timer2429start2new2timer02timer2429start2new2timer
