REALIZABLE
aag 89 7 4 4 78
2
4
6
8
10
12
14
16 152
18 170
20 175
22 179
120
0
0
119
24 19 21
26 22 25
28 5 7
30 8 28
32 22 24
34 10 14
36 12 35
38 11 14
40 13 39
42 37 41
44 32 42
46 12 15
48 10 46
50 15 17
52 10 13
54 51 52
56 49 55
58 11 51
60 12 58
62 56 61
64 18 63
66 23 65
68 17 21
70 19 69
72 57 71
74 19 73
76 18 21
78 75 77
80 66 78
82 45 81
84 30 83
86 16 35
88 40 87
90 47 89
92 19 91
94 84 93
96 71 77
98 23 97
100 30 99
102 32 91
104 20 92
106 73 105
108 23 107
110 103 109
112 21 23
114 100 113
116 111 114
118 95 117
120 27 118
122 22 86
124 5 6
126 9 124
128 99 126
130 101 129
132 123 131
134 4 7
136 9 134
138 34 113
140 16 19
142 139 140
144 136 143
146 133 145
148 49 59
150 147 148
152 27 151
154 62 68
156 20 42
158 19 157
160 155 158
162 66 161
164 45 163
166 129 137
168 101 166
170 165 169
172 165 167
174 85 173
176 111 167
178 117 177
i0 p0b0cm29finished
i1 p0b0cm29busy
i2 p0b0cm29standby
i3 p0b0cm29ready
i4 p0b0room29somebody2leaves
i5 p0b0room29empty
i6 p0b0room29somebody2enters
l0 l0
l1 l1
l2 l2
l3 l3
o0 u0cm29ctrl0f1dturn2off1b
o1 u0cm29ctrl0f1dmake2coffee1b
o2 u0cm29ctrl0f1dturn2on1b
o3 u0cm29ctrl0cm29ctrl
