UNREALIZABLE
aag 65 4 4 5 57
2
4
6
8
10 85
12 113
14 128
16 130
29
0
0
34
32
18 13 15
20 10 17
22 19 20
24 16 19
26 11 25
28 23 27
30 12 14
32 22 31
34 29 33
36 5 7
38 17 31
40 11 38
42 14 40
44 21 43
46 26 39
48 33 47
50 2 48
52 9 51
54 45 53
56 3 8
58 9 20
60 27 59
62 2 9
64 57 63
66 61 64
68 55 67
70 36 69
72 3 9
74 7 72
76 32 74
78 21 27
80 37 77
82 79 80
84 71 83
86 23 41
88 74 87
90 37 89
92 33 87
94 56 92
96 19 45
98 62 96
100 5 95
102 99 100
104 91 103
106 37 72
108 5 106
110 92 108
112 105 111
114 4 6
116 56 96
118 62 87
120 117 119
122 36 121
124 49 106
126 123 125
128 115 127
130 46 84
i0 u02roomlight29light0f1d2roomlight29turn2off1b
i1 u02roomlight29light0f1d2roomlight29toggle1b
i2 u02roomlight29light0f1d2roomlight29turn2on1b
i3 u02roomlight29light02roomlight29light
l0 l0
l1 l1
l2 l2
l3 l3
o0 p0p0toggle02roomlight29intent
o1 p0p0off02roomlight29intent
o2 p0p0on02roomlight29intent
o3 p0b02roomlight29off
o4 p0b02roomlight29on
