REALIZABLE
aag 151 5 4 4 142
2
4
6
8
10
12 235
14 253
16 281
18 302
190
0
231
0
20 8 11
22 7 20
24 5 22
26 16 18
28 14 27
30 19 24
32 28 31
34 17 33
36 24 35
38 17 18
40 24 38
42 15 41
44 12 33
46 43 44
48 37 47
50 9 10
52 7 50
54 5 52
56 25 55
58 13 57
60 37 58
62 2 61
64 16 57
66 18 54
68 15 67
70 65 68
72 28 55
74 41 72
76 12 75
78 71 76
80 62 79
82 5 6
84 50 82
86 4 22
88 4 52
90 87 89
92 85 90
94 18 93
96 20 82
98 85 97
100 87 98
102 26 101
104 95 103
106 89 98
108 104 107
110 28 109
112 6 105
114 17 19
116 96 115
118 15 117
120 113 118
122 111 121
124 62 122
126 81 125
128 49 127
130 9 16
132 93 131
134 16 86
136 104 135
138 91 136
140 113 139
142 132 140
144 19 132
146 4 144
148 90 97
150 18 149
152 147 151
154 14 153
156 19 101
158 145 157
160 155 159
162 143 160
164 39 103
166 14 107
168 165 166
170 16 84
172 109 171
174 15 18
176 173 174
178 13 169
180 177 178
182 163 180
184 12 123
186 3 185
188 183 186
190 129 189
192 113 150
194 157 193
196 74 195
198 111 197
200 147 199
202 38 86
204 18 170
206 15 203
208 205 206
210 12 209
212 201 210
214 103 145
216 15 215
218 14 142
220 217 219
222 13 221
224 213 223
226 128 224
228 47 188
230 227 229
232 3 224
234 81 233
236 155 194
238 13 237
240 15 115
242 12 240
244 149 242
246 197 245
248 239 246
250 3 249
252 227 251
254 15 170
256 9 32
258 141 256
260 12 255
262 259 260
264 87 139
266 14 16
268 265 266
270 15 141
272 13 269
274 271 272
276 3 263
278 275 276
280 227 279
282 111 241
284 12 93
286 283 284
288 95 147
290 14 289
292 15 137
294 291 293
296 13 295
298 3 287
300 297 298
302 126 301
i0 p0p0toggle02roomlight29intent
i1 p0p0off02roomlight29intent
i2 p0p0on02roomlight29intent
i3 p0b02roomlight29off
i4 p0b02roomlight29on
l0 l0
l1 l1
l2 l2
l3 l3
o0 u02roomlight29light0f1d2roomlight29turn2off1b
o1 u02roomlight29light0f1d2roomlight29toggle1b
o2 u02roomlight29light0f1d2roomlight29turn2on1b
o3 u02roomlight29light02roomlight29light
