REALIZABLE
aag 98 6 4 4 88
2
4
6
8
10
12
14 141
16 161
18 197
20 104
78
0
82
77
22 2 5
24 3 4
26 23 25
28 15 17
30 19 28
32 27 30
34 14 24
36 15 27
38 16 27
40 37 39
42 19 41
44 34 42
46 17 18
48 34 46
50 45 49
52 33 50
54 7 12
56 8 55
58 7 18
60 41 59
62 13 37
64 61 62
66 9 65
68 57 67
70 53 69
72 21 71
74 20 30
76 73 75
78 32 76
80 14 21
82 70 80
84 23 37
86 42 85
88 38 87
90 49 89
92 6 91
94 49 93
96 21 95
98 27 74
100 97 99
102 9 12
104 101 102
106 46 85
108 87 107
110 6 109
112 90 111
114 56 113
116 74 115
118 105 116
120 9 64
122 67 108
124 13 123
126 36 108
128 50 127
130 66 129
132 93 125
134 131 132
136 121 135
138 21 137
140 119 139
142 43 127
144 54 143
146 39 61
148 13 147
150 145 149
152 9 151
154 115 153
156 21 155
158 56 98
160 157 159
162 90 108
164 13 111
166 163 164
168 41 87
170 166 168
172 14 106
174 45 173
176 127 174
178 7 177
180 111 179
182 12 181
184 9 171
186 183 184
188 8 93
190 167 188
192 21 191
194 187 192
196 159 195
i0 p0b0room29light29off
i1 p0b0room29light29on
i2 p0b0room29somebody2leaves
i3 p0b0room29somebody2enters
i4 p0b0switch29toggled
i5 p0b0room29empty
l0 l0
l1 l1
l2 l2
l3 l3
o0 u0room29light0f1dturn2off1b
o1 u0room29light0f1dtoggle1b
o2 u0room29light0f1dturn2on1b
o3 u0room29light0room29light
