REALIZABLE
aag 153 7 4 4 142
2
4
6
8
10
12
14
16 275
18 291
20 297
22 306
112
166
211
227
24 7 19
26 18 22
28 16 19
30 23 28
32 27 31
34 16 32
36 21 35
38 17 23
40 18 38
42 20 41
44 37 43
46 25 44
48 16 22
50 19 39
52 7 51
54 49 52
56 21 55
58 49 50
60 41 59
62 20 23
64 60 62
66 25 64
68 61 62
70 57 69
72 67 70
74 5 73
76 29 62
78 24 39
80 6 61
82 21 79
84 81 82
86 77 85
88 21 26
90 65 89
92 87 90
94 74 93
96 20 22
98 75 97
100 9 11
102 15 100
104 95 102
106 99 104
108 12 97
110 47 108
112 106 110
114 47 97
116 8 74
118 6 32
120 21 119
122 19 120
124 116 123
126 17 52
128 120 127
130 67 129
132 9 130
134 74 132
136 125 135
138 13 14
140 73 123
142 86 141
144 11 143
146 4 7
148 4 21
150 30 148
152 98 151
154 9 10
156 147 154
158 152 156
160 145 159
162 138 161
164 137 162
166 114 164
168 15 97
170 10 97
172 146 152
174 5 21
176 22 174
178 24 176
180 173 179
182 74 180
184 44 154
186 183 184
188 170 187
190 11 114
192 136 190
194 189 193
196 14 195
198 169 197
200 13 199
202 12 15
204 100 202
206 109 205
208 107 207
210 201 209
212 11 46
214 187 213
216 138 215
218 8 143
220 135 219
222 44 204
224 221 222
226 217 225
228 142 148
230 125 131
232 5 231
234 4 45
236 233 235
238 229 237
240 11 239
242 155 171
244 9 151
246 183 244
248 243 247
250 185 241
252 249 250
254 14 253
256 169 255
258 13 257
260 109 203
262 95 117
264 229 262
266 11 265
268 15 267
270 249 268
272 261 271
274 259 273
276 11 124
278 5 86
280 100 279
282 143 280
284 159 283
286 277 284
288 202 287
290 163 289
292 11 202
294 221 292
296 165 295
298 154 181
300 91 100
302 299 301
304 139 203
306 303 305
i0 p0p0bright0outside29brightness
i1 p0b02room29somebody2leaves
i2 p0b02room29somebody2enters
i3 p0b02room29switch29toggled
i4 p0b02room29empty
i5 p0b02roomlight29off
i6 p0b02roomlight29on
l0 l0
l1 l1
l2 l2
l3 l3
o0 u02roomlight29light0f1d2roomlight29turn2off1b
o1 u02roomlight29light0f1d2roomlight29toggle1b
o2 u02roomlight29light0f1d2roomlight29turn2on1b
o3 u02roomlight29light02roomlight29light
