REALIZABLE
aag 1251 4 7 6 1240
2
4
6
8
10 1233
12 1623
14 1853
16 2065
18 2278
20 2453
22 2503
143
499
573
618
624
887
24 7 8
26 4 16
28 12 18
30 10 28
32 14 30
34 21 32
36 26 34
38 17 20
40 12 14
42 10 19
44 40 42
46 38 44
48 37 47
50 23 49
52 5 21
54 17 22
56 52 54
58 11 19
60 40 58
62 56 60
64 51 63
66 24 65
68 13 15
70 58 68
72 20 70
74 5 73
76 13 14
78 11 76
80 20 79
82 12 19
84 13 18
86 12 15
88 11 87
90 85 88
92 83 90
94 80 92
96 4 35
98 95 96
100 75 99
102 16 101
104 5 17
106 23 105
108 72 106
110 14 82
112 20 110
114 17 113
116 23 115
118 109 117
120 103 119
122 14 42
124 61 123
126 56 125
128 7 127
130 121 128
132 44 56
134 6 133
136 109 134
138 9 137
140 131 138
142 67 141
144 13 19
146 15 144
148 56 146
150 4 21
152 19 150
154 54 152
156 42 68
158 154 156
160 149 159
162 5 16
164 18 69
166 145 165
168 89 166
170 2 168
172 12 42
174 171 173
176 21 175
178 58 69
180 33 179
182 20 181
184 177 183
186 162 184
188 42 86
190 11 18
192 86 190
194 3 193
196 15 84
198 10 197
200 89 195
202 199 200
204 189 203
206 21 205
208 58 76
210 20 208
212 26 211
214 207 212
216 13 42
218 3 10
220 14 18
222 15 19
224 221 223
226 12 224
228 85 227
230 218 228
232 52 231
234 11 209
236 217 235
238 232 236
240 10 21
242 145 240
244 13 220
246 10 244
248 20 246
250 243 249
252 4 251
254 11 221
256 77 85
258 254 257
260 20 258
262 17 261
264 253 262
266 239 264
268 23 215
270 267 268
272 187 270
274 160 273
276 24 275
278 16 21
280 42 76
282 15 30
284 4 282
286 221 257
288 2 191
290 286 288
292 281 285
294 291 292
296 278 295
298 69 190
300 281 299
302 4 20
304 301 302
306 10 41
308 223 306
310 221 308
312 20 311
314 11 41
316 18 314
318 69 316
320 312 319
322 5 321
324 287 306
326 255 325
328 150 326
330 305 329
332 323 330
334 88 145
336 327 335
338 231 337
340 52 339
342 17 333
344 341 342
346 297 345
348 23 347
350 19 69
352 56 350
354 124 352
356 6 355
358 78 154
360 356 359
362 349 360
364 14 58
366 21 167
368 241 367
370 365 369
372 77 191
374 20 373
376 17 375
378 371 376
380 105 379
382 11 69
384 191 383
386 3 21
388 384 386
390 228 388
392 223 314
394 312 393
396 5 391
398 395 396
400 381 399
402 10 84
404 15 402
406 20 404
408 83 87
410 77 408
412 11 410
414 247 413
416 20 415
418 5 417
420 2 165
422 43 335
424 3 221
426 423 424
428 21 421
430 427 428
432 407 431
434 418 432
436 173 247
438 80 436
440 85 306
442 14 145
444 2 443
446 21 445
448 15 190
450 441 449
452 446 450
454 4 439
456 453 454
458 16 457
460 435 458
462 23 401
464 461 462
466 21 70
468 26 466
470 22 468
472 52 125
474 19 21
476 17 474
478 473 476
480 22 478
482 152 157
484 79 482
486 480 485
488 471 487
490 7 488
492 465 490
494 9 493
496 363 494
498 277 497
500 7 23
502 8 476
504 5 386
506 17 504
508 9 506
510 503 509
512 70 500
514 511 512
516 22 477
518 466 516
520 10 221
522 245 385
524 87 522
526 521 525
528 21 526
530 18 77
532 11 530
534 87 532
536 247 535
538 20 537
540 529 539
542 16 541
544 41 225
546 384 544
548 21 547
550 147 520
552 89 191
554 551 552
556 20 555
558 17 549
560 557 558
562 543 561
564 23 563
566 519 565
568 6 9
570 567 568
572 515 571
574 40 190
576 21 575
578 217 576
580 15 42
582 20 581
584 14 28
586 147 585
588 582 586
590 17 579
592 589 590
594 15 18
596 11 595
598 83 596
600 21 283
602 599 600
604 403 575
606 20 604
608 603 607
610 16 608
612 593 611
614 23 613
616 519 615
618 24 617
620 467 516
622 6 8
624 621 622
626 111 197
628 11 627
630 352 629
632 154 157
634 10 76
636 123 635
638 217 636
640 3 403
642 638 640
644 369 642
646 2 638
648 21 629
650 646 648
652 20 605
654 211 653
656 645 654
658 651 656
660 26 659
662 184 609
664 162 663
666 21 587
668 241 667
670 245 408
672 11 671
674 312 673
676 4 668
678 675 676
680 85 408
682 11 681
684 12 230
686 683 685
688 52 687
690 309 673
692 5 20
694 691 692
696 17 695
698 679 696
700 689 698
702 23 661
704 701 702
706 665 704
708 631 633
710 707 708
712 24 711
714 4 249
716 31 452
718 31 442
720 21 719
722 387 721
724 717 723
726 173 599
728 20 727
730 714 729
732 725 730
734 5 430
736 403 535
738 692 737
740 735 739
742 733 740
744 16 743
746 91 636
748 302 747
750 79 225
752 692 751
754 749 753
756 233 754
758 381 756
760 745 759
762 23 761
764 79 632
766 5 518
768 7 767
770 765 768
772 763 770
774 79 152
776 5 474
778 41 178
780 173 779
782 776 780
784 775 783
786 54 785
788 6 787
790 3 281
792 527 790
794 256 520
796 2 794
798 2 77
800 334 798
802 21 797
804 801 802
806 793 804
808 418 807
810 29 77
812 10 810
814 525 813
816 3 815
818 423 798
820 21 819
822 817 820
824 4 417
826 823 824
828 809 827
830 16 829
832 88 224
834 145 520
836 20 835
838 833 836
840 283 523
842 575 841
844 21 843
846 4 839
848 845 846
850 640 813
852 87 234
854 850 853
856 43 69
858 444 856
860 855 859
862 52 861
864 88 245
866 173 865
868 692 867
870 863 869
872 849 870
874 17 873
876 831 875
878 23 877
880 788 879
882 9 773
884 881 882
886 713 885
888 3 11
890 86 888
892 776 891
894 485 893
896 54 895
898 2 20
900 737 898
902 197 306
904 3 903
906 20 904
908 530 906
910 11 626
912 18 306
914 911 913
916 3 915
918 21 917
920 68 190
922 2 920
924 918 923
926 5 901
928 909 926
930 925 928
932 43 227
934 3 933
936 723 935
938 2 244
940 10 938
942 302 941
944 88 225
946 942 945
948 151 947
950 937 949
952 16 951
954 931 952
956 2 76
958 227 424
960 18 959
962 20 961
964 956 962
966 3 144
968 223 520
970 3 969
972 967 971
974 669 973
976 247 575
978 2 977
980 21 978
982 5 975
984 981 982
986 229 635
988 20 986
990 965 989
992 984 990
994 29 442
996 10 994
998 413 997
1000 3 999
1002 21 941
1004 59 89
1006 2 841
1008 1005 1006
1010 1002 1009
1012 4 1001
1014 1010 1012
1016 749 993
1018 1015 1016
1020 17 1019
1022 23 955
1024 1021 1022
1026 7 897
1028 1025 1026
1030 3 13
1032 10 594
1034 3 1033
1036 1031 1035
1038 123 1037
1040 629 1038
1042 3 1041
1044 820 1043
1046 417 1045
1048 26 1047
1050 223 426
1052 387 529
1054 1051 1053
1056 16 418
1058 1055 1056
1060 2 835
1062 833 1060
1064 3 551
1066 525 1064
1068 302 1063
1070 1067 1068
1072 2 325
1074 987 1073
1076 241 387
1078 21 586
1080 1076 1079
1082 1075 1081
1084 582 966
1086 5 1085
1088 869 1086
1090 1083 1088
1092 2 150
1094 842 1092
1096 150 581
1098 597 1096
1100 640 1098
1102 17 1101
1104 1071 1102
1106 1095 1104
1108 1091 1106
1110 23 1049
1112 1059 1109
1114 1110 1112
1116 781 892
1118 775 1117
1120 54 1119
1122 6 767
1124 1121 1122
1126 1115 1124
1128 9 1127
1130 1029 1128
1132 159 631
1134 3 179
1136 181 1135
1138 692 1137
1140 18 86
1142 903 1141
1144 1034 1143
1146 52 1145
1148 89 646
1150 3 405
1152 45 1004
1154 1150 1152
1156 21 1155
1158 1149 1156
1160 302 976
1162 4 1161
1164 1159 1162
1166 1139 1147
1168 1165 1166
1170 16 1169
1172 93 997
1174 20 1173
1176 223 1030
1178 1174 1177
1180 83 520
1182 1134 1181
1184 1077 1183
1186 969 1185
1188 1002 1187
1190 1179 1189
1192 4 1191
1194 5 44
1196 2 208
1198 1195 1197
1200 692 921
1202 1198 1200
1204 59 997
1206 3 1205
1208 69 1206
1210 52 941
1212 1209 1210
1214 1203 1213
1216 1193 1214
1218 17 1217
1220 1171 1219
1222 23 1221
1224 519 1132
1226 1223 1224
1228 24 1227
1230 625 1131
1232 1229 1230
1234 2 11
1236 68 1234
1238 636 1037
1240 719 1238
1242 1237 1241
1244 302 1243
1246 314 595
1248 309 1177
1250 1247 1248
1252 150 1251
1254 20 335
1256 1243 1254
1258 441 535
1260 386 1259
1262 5 1261
1264 1257 1262
1266 1245 1253
1268 1265 1266
1270 16 1269
1272 3 20
1274 350 904
1276 1273 1275
1278 811 1259
1280 80 1279
1282 1277 1281
1284 2 577
1286 321 1284
1288 104 1287
1290 1283 1288
1292 4 17
1294 2 584
1296 522 1295
1298 440 636
1300 21 1299
1302 1297 1300
1304 10 681
1306 2 833
1308 1305 1306
1310 218 670
1312 40 191
1314 3 1313
1316 596 1314
1318 1311 1317
1320 1309 1318
1322 20 1321
1324 1303 1323
1326 1292 1325
1328 23 1291
1330 1327 1328
1332 1271 1330
1334 891 1120
1336 356 471
1338 1335 1336
1340 1333 1338
1342 4 891
1344 478 1343
1346 19 1236
1348 278 1346
1350 7 1349
1352 1345 1350
1354 501 1353
1356 18 20
1358 383 1030
1360 1356 1359
1362 162 1361
1364 919 1362
1366 93 436
1368 898 1367
1370 11 994
1372 283 635
1374 1272 1372
1376 1371 1374
1378 444 648
1380 26 35
1382 1369 1380
1384 1377 1379
1386 1382 1384
1388 3 18
1390 987 1389
1392 20 1391
1394 984 1393
1396 2 19
1398 40 1396
1400 69 1005
1402 995 1400
1404 904 1403
1406 939 1235
1408 779 1407
1410 1399 1409
1412 1405 1410
1414 302 1413
1416 3 913
1418 21 191
1420 1416 1418
1422 4 1421
1424 370 1422
1426 17 1425
1428 1415 1426
1430 1395 1428
1432 23 1365
1434 1387 1432
1436 1431 1434
1438 1355 1437
1440 9 1439
1442 1341 1440
1444 474 890
1446 104 1444
1448 16 70
1450 504 1448
1452 22 1451
1454 1447 1452
1456 317 1034
1458 21 1456
1460 29 234
1462 795 1272
1464 1461 1462
1466 104 1459
1468 1465 1466
1470 299 903
1472 386 1471
1474 246 1272
1476 1473 1475
1478 16 1477
1480 3 474
1482 307 1480
1484 17 1482
1486 1479 1485
1488 4 1486
1490 21 1314
1492 88 287
1494 20 1038
1496 1493 1494
1498 162 1491
1500 1497 1498
1502 1469 1501
1504 1489 1502
1506 23 1505
1508 622 1455
1510 1507 1508
1512 52 350
1514 483 1513
1516 891 1515
1518 54 1516
1520 403 635
1522 193 1520
1524 3 1523
1526 1197 1525
1528 20 1527
1530 235 1482
1532 104 1531
1534 1529 1532
1536 88 531
1538 970 1537
1540 20 1197
1542 979 1540
1544 1539 1542
1546 209 1544
1548 217 921
1550 1372 1548
1552 3 1551
1554 600 1553
1556 4 1555
1558 1547 1556
1560 189 921
1562 504 1561
1564 3 581
1566 449 1564
1568 2 33
1570 692 1567
1572 1569 1570
1574 16 1563
1576 1573 1574
1578 1559 1576
1580 83 245
1582 11 1580
1584 1520 1583
1586 3 1585
1588 670 1234
1590 20 1589
1592 1587 1590
1594 11 351
1596 970 1595
1598 217 1597
1600 21 635
1602 1598 1600
1604 1593 1603
1606 1292 1605
1608 1535 1607
1610 1579 1608
1612 23 1611
1614 767 1519
1616 1613 1614
1618 24 1617
1620 1443 1511
1622 1619 1620
1624 627 1034
1626 820 1625
1628 4 539
1630 1627 1628
1632 3 315
1634 218 795
1636 1632 1635
1638 1053 1637
1640 995 1494
1642 418 1641
1644 1639 1642
1646 1631 1645
1648 16 1647
1650 3 1402
1652 556 1651
1654 227 385
1656 1456 1655
1658 548 1657
1660 1653 1659
1662 104 1661
1664 595 1389
1666 1397 1664
1668 841 1667
1670 21 1669
1672 86 1389
1674 254 1673
1676 836 1675
1678 1292 1677
1680 1671 1678
1682 23 1681
1684 1663 1682
1686 1649 1684
1688 134 359
1690 519 1688
1692 1687 1690
1694 154 894
1696 154 890
1698 769 1351
1700 965 1468
1702 178 386
1704 553 585
1706 123 1705
1708 898 1707
1710 382 995
1712 906 1711
1714 981 1703
1716 1709 1713
1718 1714 1716
1720 1292 1719
1722 21 923
1724 959 1722
1726 209 1272
1728 747 1726
1730 31 898
1732 319 1730
1734 1725 1729
1736 1733 1734
1738 162 1737
1740 921 1568
1742 21 425
1744 1741 1742
1746 727 898
1748 69 306
1750 365 1272
1752 1749 1750
1754 1747 1753
1756 1745 1754
1758 26 1757
1760 1701 1739
1762 1759 1760
1764 1721 1762
1766 23 1765
1768 127 1697
1770 1695 1768
1772 1699 1770
1774 1767 1772
1776 9 1775
1778 1693 1776
1780 22 353
1782 469 1780
1784 387 603
1786 917 967
1788 1785 1786
1790 606 1295
1792 1651 1790
1794 1789 1793
1796 16 1795
1798 2 216
1800 1081 1799
1802 393 973
1804 1800 1803
1806 588 1197
1808 1805 1807
1810 17 1809
1812 1797 1811
1814 5 1813
1816 957 1174
1818 21 1599
1820 1817 1819
1822 17 1821
1824 209 976
1826 1273 1357
1828 1825 1827
1830 31 219
1832 366 1831
1834 1829 1833
1836 16 1835
1838 1823 1837
1840 4 1839
1842 23 1841
1844 1815 1842
1846 24 1783
1848 1845 1846
1850 1511 1849
1852 1779 1850
1854 1133 1516
1856 7 1697
1858 575 1081
1860 1207 1858
1862 194 1311
1864 1569 1863
1866 582 1865
1868 1292 1861
1870 1867 1868
1872 533 582
1874 640 1872
1876 194 1313
1878 638 1876
1880 1785 1879
1882 606 1568
1884 1875 1883
1886 1881 1884
1888 162 1887
1890 635 1496
1892 41 1037
1894 599 1893
1896 21 1895
1898 407 1897
1900 1891 1898
1902 26 1901
1904 683 1416
1906 1800 1905
1908 29 385
1910 1037 1909
1912 2 309
1914 683 1912
1916 20 1911
1918 1915 1916
1920 1907 1919
1922 104 1921
1924 1871 1889
1926 1923 1924
1928 1903 1926
1930 23 1929
1932 1855 1856
1934 1931 1932
1936 21 958
1938 43 1936
1940 1891 1939
1942 26 1941
1944 21 255
1946 1802 1944
1948 1465 1947
1950 1292 1949
1952 1943 1951
1954 23 1953
1956 3 470
1958 6 1697
1960 1957 1958
1962 1955 1960
1964 8 1963
1966 1935 1964
1968 150 1876
1970 575 1299
1972 504 1971
1974 43 1092
1976 544 1974
1978 1969 1977
1980 1973 1978
1982 1245 1980
1984 16 1983
1986 506 778
1988 111 191
1990 1749 1988
1992 1272 1991
1994 173 222
1996 33 898
1998 1995 1996
2000 1002 1347
2002 1207 2000
2004 1292 1993
2006 1999 2004
2008 2003 2006
2010 1987 2009
2012 1985 2010
2014 23 2013
2016 1958 2015
2018 113 1421
2020 104 2019
2022 191 1936
2024 74 2023
2026 921 1315
2028 150 2027
2030 439 942
2032 16 2029
2034 2031 2032
2036 2025 2034
2038 2 750
2040 374 2039
2042 1292 1459
2044 2041 2042
2046 981 2044
2048 23 2021
2050 2037 2048
2052 2047 2050
2054 768 1957
2056 487 2054
2058 2053 2056
2060 9 2059
2062 2017 2060
2064 1967 2063
2066 23 1487
2068 621 2067
2070 622 2069
2072 585 1566
2074 291 1141
2076 1568 2074
2078 2073 2077
2080 150 2079
2082 853 1238
2084 693 1161
2086 2083 2085
2088 790 1259
2090 52 291
2092 2089 2090
2094 16 2087
2096 2093 2094
2098 2081 2096
2100 2 318
2102 811 888
2104 692 1033
2106 2103 2104
2108 2101 2106
2110 2 336
2112 1150 1655
2114 2111 2113
2116 52 2115
2118 164 1730
2120 69 912
2122 1944 2121
2124 387 2123
2126 405 1564
2128 1401 2126
2130 2125 2129
2132 79 193
2134 403 2132
2136 1272 2135
2138 4 2119
2140 2137 2138
2142 2131 2140
2144 17 2109
2146 2143 2144
2148 2117 2146
2150 2099 2149
2152 23 2151
2154 1958 2153
2156 9 2155
2158 471 2157
2160 317 373
2162 1635 2161
2164 302 2163
2166 692 1390
2168 17 2165
2170 2167 2168
2172 1015 2170
2174 77 89
2176 1388 2175
2178 446 2177
2180 10 411
2182 3 91
2184 2181 2182
2186 20 939
2188 2185 2186
2190 4 2179
2192 2189 2190
2194 165 1418
2196 5 2195
2198 963 2196
2200 16 2193
2202 2199 2200
2204 23 2203
2206 2173 2204
2208 488 1355
2210 2207 2208
2212 2159 2211
2214 20 690
2216 21 683
2218 2215 2217
2220 76 1272
2222 104 2221
2224 2219 2222
2226 2 416
2228 1580 1726
2230 1585 2228
2232 1185 1292
2234 2231 2232
2236 2227 2234
2238 21 87
2240 1033 2238
2242 387 2241
2244 1553 2243
2246 1545 2245
2248 26 2247
2250 606 1137
2252 169 600
2254 726 2252
2256 162 2251
2258 2255 2256
2260 23 2225
2262 2237 2259
2264 2260 2262
2266 2249 2264
2268 471 631
2270 1856 2268
2272 2267 2270
2274 8 2273
2276 2213 2275
2278 2071 2277
2280 189 1033
2282 911 2280
2284 1092 2283
2286 386 920
2288 178 898
2290 945 969
2292 1374 2290
2294 2287 2289
2296 2293 2294
2298 5 2297
2300 921 1490
2302 4 653
2304 2301 2302
2306 2299 2305
2308 16 2285
2310 2307 2308
2312 52 246
2314 302 1177
2316 969 2314
2318 683 2316
2320 259 1525
2322 1827 2321
2324 5 2323
2326 586 1407
2328 91 1995
2330 970 2328
2332 150 2327
2334 2331 2332
2336 2319 2335
2338 2325 2336
2340 2313 2339
2342 17 2341
2344 2311 2343
2346 23 2345
2348 54 1444
2350 633 2349
2352 2347 2350
2354 24 2353
2356 804 1625
2358 418 2357
2360 16 1631
2362 2359 2360
2364 552 836
2366 576 1141
2368 859 2366
2370 5 2365
2372 2369 2370
2374 557 899
2376 1060 1705
2378 2375 2377
2380 11 531
2382 850 2381
2384 1007 2383
2386 21 2385
2388 2379 2387
2390 4 2389
2392 17 2373
2394 2391 2392
2396 23 2363
2398 2395 2396
2400 788 2399
2402 958 1356
2404 73 2403
2406 2196 2404
2408 714 1491
2410 1379 2408
2412 2407 2411
2414 16 2413
2416 536 1010
2418 1827 2160
2420 4 2419
2422 2417 2420
2424 442 1632
2426 1399 2425
2428 20 2427
2430 21 976
2432 5 2431
2434 2429 2432
2436 2423 2435
2438 17 2437
2440 2415 2439
2442 23 2441
2444 481 1699
2446 2443 2444
2448 9 2401
2450 2447 2448
2452 2355 2451
2454 38 1199
2456 162 898
2458 32 2456
2460 2455 2459
2462 23 2461
2464 63 160
2466 2463 2464
2468 24 2467
2470 104 2428
2472 162 2405
2474 23 2471
2476 2473 2474
2478 1453 2477
2480 128 2479
2482 17 280
2484 72 162
2486 2483 2485
2488 693 899
2490 23 2489
2492 2487 2490
2494 133 360
2496 2493 2494
2498 9 2497
2500 2481 2498
2502 2469 2501
i0 p0p0eq0time0f1dzero1b
i1 p0b0btn2start2stop
i2 p0b0btn2sec
i3 p0b0btn2min
l0 l0
l1 l1
l2 l2
l3 l3
l4 l4
l5 l5
l6 l6
o0 u0time0f1dcountup0time0dt1b
o1 u0time0f1dcountdown0time0dt1b
o2 u0time0f1dinc2seconds0time1b
o3 u0time0f1dinc2minutes0time1b
o4 u0time0f1dzero1b
o5 u0time0time
