REALIZABLE
aag 531 9 5 8 517
2
4
6
8
10
12
14
16
18
20 679
22 811
24 937
26 1017
28 1063
195
0
283
379
477
497
0
549
30 6 12
32 14 17
34 30 32
36 22 27
38 24 26
40 23 39
42 24 27
44 22 43
46 41 45
48 37 47
50 9 29
52 49 50
54 23 42
56 25 26
58 55 57
60 23 58
62 37 61
64 37 39
66 19 65
68 22 25
70 27 69
72 25 70
74 37 73
76 20 75
78 21 60
80 77 79
82 19 81
84 18 59
86 29 85
88 83 86
90 66 88
92 20 72
94 29 93
96 48 94
98 8 97
100 91 98
102 8 63
104 101 102
106 53 105
108 34 107
110 15 16
112 20 54
114 28 113
116 37 41
118 21 117
120 77 119
122 28 121
124 63 93
126 29 125
128 123 127
130 115 128
132 13 130
134 20 27
136 119 135
138 28 136
140 9 139
142 75 94
144 140 143
146 132 145
148 8 28
150 18 148
152 112 150
154 63 94
156 153 155
158 30 157
160 147 159
162 110 161
164 32 72
166 132 164
168 24 36
170 7 9
172 169 170
174 130 172
176 67 78
178 174 176
180 12 32
182 178 180
184 12 110
186 174 184
188 167 187
190 183 188
192 109 190
194 163 192
196 21 72
198 18 40
200 55 69
202 61 200
204 20 117
206 47 57
208 21 116
210 207 208
212 205 211
214 59 212
216 70 215
218 43 135
220 217 219
222 71 118
224 221 223
226 20 55
228 203 226
230 224 228
232 198 231
234 197 233
236 50 235
238 153 237
240 34 239
242 28 32
244 146 242
246 19 28
248 220 246
250 19 212
252 29 250
254 59 252
256 8 255
258 249 256
260 30 110
262 28 216
264 29 65
266 263 265
268 61 266
270 114 224
272 268 271
274 9 273
276 259 260
278 275 276
280 245 279
282 241 280
284 7 139
286 179 284
288 19 124
290 18 49
292 29 291
294 233 292
296 289 294
298 28 137
300 9 299
302 297 300
304 19 137
306 73 169
308 18 307
310 305 309
312 28 311
314 123 313
316 105 149
318 314 317
320 6 319
322 303 320
324 287 323
326 12 325
328 128 145
330 13 329
332 41 132
334 331 333
336 327 334
338 32 337
340 175 284
342 249 315
344 22 38
346 250 345
348 126 347
350 343 349
352 8 351
354 126 269
356 263 355
358 9 357
360 353 359
362 6 361
364 341 363
366 184 365
368 33 111
370 139 368
372 110 330
374 371 373
376 367 374
378 339 376
380 29 209
382 231 380
384 250 382
386 21 168
388 19 386
390 28 388
392 385 391
394 140 392
396 13 395
398 28 307
400 9 389
402 398 400
404 30 403
406 19 62
408 86 407
410 15 404
412 409 410
414 397 413
416 219 246
418 271 417
420 306 419
422 8 253
424 391 422
426 421 424
428 415 427
430 8 139
432 304 387
434 121 432
436 416 435
438 91 437
440 430 438
442 122 389
444 67 292
446 443 445
448 9 447
450 17 30
452 449 450
454 441 452
456 7 431
458 21 207
460 252 459
462 9 461
464 421 462
466 12 456
468 465 466
470 369 455
472 469 470
474 429 472
476 371 475
478 34 52
480 82 478
482 222 246
484 29 62
486 19 213
488 484 486
490 483 489
492 9 260
494 491 492
496 481 495
498 309 387
500 307 498
502 416 501
504 201 502
506 461 505
508 12 170
510 507 508
512 9 392
514 422 503
516 13 515
518 513 516
520 511 519
522 369 521
524 9 115
526 293 524
528 438 527
530 34 529
532 62 252
534 503 533
536 55 273
538 9 18
540 537 538
542 534 541
544 260 543
546 531 545
548 523 546
550 21 206
552 200 551
554 18 553
556 18 29
558 380 551
560 557 559
562 555 561
564 18 225
566 218 565
568 28 567
570 215 565
572 568 570
574 563 573
576 9 575
578 456 577
580 26 68
582 18 580
584 294 583
586 313 585
588 8 587
590 6 589
592 93 199
594 50 593
596 590 595
598 180 579
600 597 598
602 561 580
604 563 603
606 569 604
608 9 607
610 456 609
612 50 63
614 289 612
616 590 615
618 184 611
620 617 618
622 18 92
624 487 623
626 29 625
628 7 627
630 347 584
632 6 399
634 631 632
636 629 635
638 19 442
640 221 638
642 8 641
644 637 642
646 6 300
648 18 169
650 137 648
652 433 651
654 28 653
656 170 655
658 647 657
660 251 294
662 29 116
664 659 663
666 661 664
668 13 369
670 667 668
672 645 670
674 371 601
676 621 673
678 674 676
680 22 382
682 197 398
684 47 309
686 682 685
688 681 687
690 9 689
692 7 266
694 171 693
696 691 695
698 499 686
700 681 699
702 9 701
704 262 435
706 265 705
708 8 707
710 6 709
712 703 710
714 13 697
716 713 714
718 30 708
720 9 30
722 263 313
724 501 723
726 88 199
728 725 727
730 720 729
732 44 86
734 25 501
736 312 734
738 733 737
740 508 739
742 719 741
744 731 742
746 717 744
748 32 747
750 55 651
752 28 751
754 505 753
756 663 754
758 170 757
760 29 344
762 28 499
764 8 761
766 763 764
768 534 766
770 94 489
772 9 763
774 754 772
776 771 774
778 6 769
780 777 778
782 12 781
784 759 782
786 399 761
788 8 787
790 143 690
792 789 791
794 623 682
796 789 795
798 6 500
800 797 798
802 793 801
804 13 803
806 110 785
808 805 806
810 749 809
812 19 56
814 55 204
816 29 813
818 387 816
820 223 818
822 815 820
824 753 823
826 508 825
828 311 435
830 224 829
832 28 831
834 100 833
836 41 81
838 205 215
840 837 838
842 19 841
844 770 843
846 9 434
848 301 847
850 845 849
852 30 851
854 835 852
856 94 206
858 209 856
860 687 859
862 37 861
864 169 863
866 9 865
868 695 867
870 122 831
872 98 871
874 9 699
876 37 382
878 874 877
880 873 879
882 6 881
884 13 869
886 883 884
888 827 855
890 887 888
892 32 891
894 383 874
896 8 95
898 753 896
900 725 898
902 6 901
904 895 902
906 170 861
908 7 788
910 13 909
912 907 910
914 905 912
916 198 398
918 857 917
920 170 919
922 484 487
924 774 923
926 902 925
928 12 921
930 927 928
932 110 915
934 931 932
936 893 935
938 7 13
940 805 939
942 271 355
944 8 943
946 96 552
948 9 623
950 51 949
952 947 951
954 695 953
956 945 954
958 941 957
960 438 766
962 73 842
964 29 583
966 963 964
968 93 966
970 9 705
972 969 970
974 6 961
976 973 974
978 603 662
980 177 978
982 917 981
984 170 983
986 12 985
988 977 986
990 32 989
992 959 990
994 202 380
996 951 995
998 7 997
1000 945 998
1002 941 1001
1004 483 917
1006 979 1004
1008 170 1007
1010 782 1009
1012 110 1011
1014 1003 1012
1016 993 1015
1018 654 684
1020 662 981
1022 1019 1021
1024 508 1023
1026 30 140
1028 705 1026
1030 967 1028
1032 1025 1031
1034 32 1033
1036 603 1019
1038 508 1037
1040 489 641
1042 720 1041
1044 1039 1043
1046 110 1045
1048 6 501
1050 13 797
1052 404 800
1054 1051 1053
1056 369 1049
1058 1055 1056
1060 1047 1059
1062 1035 1060
i0 p0b02room292room29empty
i1 p0b02room29bed29occupied
i2 p0b02room29somebody2leaves
i3 p0b02room29somebody2enters
i4 p0b02room29switch29toggled
i5 p0b02room29empty
i6 p0b02roomlight29off
i7 p0b02roomlight29on
i8 p0b02timer29timeout
l0 l0
l1 l1
l2 l2
l3 l3
l4 l4
o0 u02roomlight29light0f1d2roomlight29turn2off1b
o1 u02roomlight29light0f1d2roomlight29toggle1b
o2 u02roomlight29light0f1d2roomlight29turn2on1b
o3 u02roomlight29light02roomlight29light
o4 u02timer29start2new2timer0f1d2timer29hour251b
o5 u02timer29start2new2timer0f1d2timer29hour241b
o6 u02timer29start2new2timer0f1d2timer29min25231b
o7 u02timer29start2new2timer02timer29start2new2timer
