REALIZABLE
aag 1001 10 6 8 985
2
4
6
8
10
12
14
16
18
20
22 1026
24 1299
26 1597
28 1823
30 1955
32 2003
287
0
397
514
654
0
0
662
34 29 31
36 32 34
38 8 13
40 14 38
42 23 40
44 24 27
46 42 44
48 23 24
50 10 40
52 21 22
54 50 52
56 25 54
58 49 57
60 21 50
62 13 15
64 21 62
66 61 65
68 59 67
70 27 69
72 23 25
74 40 73
76 61 75
78 26 76
80 71 79
82 47 81
84 36 83
86 27 40
88 25 26
90 54 88
92 87 91
94 29 30
96 93 94
98 26 40
100 12 14
102 11 101
104 14 102
106 9 15
108 12 106
110 41 109
112 10 111
114 105 113
116 63 114
118 13 117
120 15 24
122 22 25
124 27 123
126 121 124
128 118 126
130 99 129
132 34 131
134 30 47
136 13 21
138 106 136
140 72 139
142 26 141
144 52 62
146 41 145
148 15 25
150 26 149
152 147 150
154 22 104
156 153 155
158 142 157
160 134 159
162 105 146
164 25 27
166 87 165
168 163 167
170 31 153
172 169 170
174 28 173
176 161 174
178 97 177
180 133 178
182 33 181
184 85 183
186 16 19
188 185 186
190 17 18
192 28 33
194 12 15
196 41 195
198 24 197
200 14 39
202 10 201
204 103 203
206 63 205
208 22 206
210 199 209
212 26 30
214 211 212
216 51 105
218 25 217
220 121 196
222 219 220
224 27 223
226 199 225
228 55 226
230 31 229
232 215 231
234 192 233
236 9 104
238 195 237
240 61 238
242 43 164
244 241 242
246 22 24
248 41 107
250 13 249
252 246 250
254 27 253
256 198 254
258 61 195
260 23 88
262 259 260
264 245 263
266 257 264
268 36 267
270 124 205
272 91 271
274 29 33
276 31 274
278 273 276
280 269 279
282 235 280
284 190 283
286 189 285
288 22 26
290 151 289
292 10 15
294 12 292
296 291 295
298 15 22
300 27 299
302 165 301
304 149 303
306 36 297
308 305 306
310 88 94
312 27 73
314 45 89
316 31 315
318 35 317
320 313 319
322 28 49
324 27 30
326 10 324
328 323 326
330 321 329
332 12 331
334 311 333
336 15 33
338 335 336
340 309 339
342 186 341
344 105 203
346 73 345
348 26 346
350 36 348
352 25 40
354 55 352
356 26 31
358 354 356
360 23 345
362 30 44
364 360 362
366 28 365
368 359 366
370 27 345
372 30 370
374 29 373
376 24 104
378 220 377
380 150 379
382 31 57
384 380 382
386 374 385
388 33 369
390 387 388
392 351 391
394 190 393
396 343 395
398 36 349
400 266 398
402 271 381
404 34 403
406 41 226
408 31 407
410 215 366
412 409 410
414 375 413
416 33 405
418 415 416
420 401 419
422 18 421
424 32 35
426 17 424
428 191 427
430 423 429
432 88 194
434 28 432
436 175 435
438 41 295
440 23 44
442 439 440
444 30 443
446 159 444
448 437 447
450 126 205
452 26 197
454 31 453
456 451 454
458 105 201
460 20 40
462 458 461
464 25 43
466 462 464
468 212 467
470 324 438
472 274 471
474 457 472
476 469 474
478 72 462
480 26 438
482 261 481
484 479 483
486 15 20
488 39 63
490 48 489
492 487 490
494 303 493
496 467 494
498 485 497
500 34 499
502 32 501
504 449 477
506 503 504
508 16 424
510 187 509
512 507 511
514 431 513
516 21 23
518 241 517
520 164 518
522 53 256
524 36 263
526 521 524
528 523 526
530 21 247
532 41 530
534 214 533
536 24 201
538 533 536
540 53 207
542 25 541
544 539 543
546 209 532
548 27 547
550 545 548
552 63 538
554 91 553
556 551 554
558 31 557
560 535 559
562 28 561
564 34 533
566 273 564
568 33 567
570 563 568
572 529 571
574 190 572
576 36 81
578 20 489
580 41 579
582 23 104
584 20 582
586 580 585
588 72 587
590 24 217
592 518 590
594 589 593
596 27 595
598 99 597
600 34 599
602 21 104
604 8 602
606 109 605
608 579 606
610 22 117
612 608 610
614 21 25
616 26 615
618 612 616
620 134 619
622 67 246
624 353 623
626 26 625
628 118 167
630 517 608
632 628 630
634 31 627
636 633 634
638 28 621
640 637 638
642 33 97
644 601 642
646 641 644
648 577 647
650 186 648
652 575 651
654 425 653
656 429 572
658 19 649
660 511 659
662 657 661
664 11 40
666 15 23
668 487 667
670 665 668
672 25 670
674 205 665
676 20 674
678 103 293
680 21 679
682 677 681
684 23 683
686 195 248
688 26 687
690 684 688
692 89 691
694 21 106
696 605 695
698 13 697
700 38 679
702 20 458
704 701 702
706 699 705
708 288 707
710 692 709
712 673 711
714 605 667
716 703 714
718 24 717
720 9 292
722 665 721
724 136 723
726 51 237
728 195 721
730 726 728
732 20 731
734 725 733
736 25 735
738 72 239
740 31 739
742 719 740
744 737 742
746 357 745
748 713 747
750 8 582
752 23 694
754 25 753
756 751 754
758 22 239
760 756 759
762 693 761
764 288 735
766 10 694
768 105 767
770 23 769
772 22 201
774 769 772
776 771 775
778 303 777
780 30 779
782 765 780
784 763 782
786 28 785
788 749 786
790 751 775
792 24 26
794 791 792
796 8 154
798 21 796
800 677 799
802 685 800
804 124 803
806 53 679
808 670 807
810 88 809
812 795 811
814 805 812
816 34 815
818 25 791
820 583 665
822 26 820
824 89 823
826 819 825
828 27 155
830 771 828
832 94 831
834 827 832
836 33 835
838 817 836
840 789 838
842 48 707
844 195 701
846 246 845
848 22 724
850 10 250
852 806 851
854 849 853
856 25 855
858 847 857
860 843 858
862 27 861
864 20 845
866 72 865
868 699 866
870 73 105
872 26 871
874 869 872
876 36 875
878 863 876
880 841 879
882 18 881
884 429 883
886 20 202
888 603 887
890 293 888
892 772 891
894 23 889
896 893 895
898 293 896
900 24 899
902 51 687
904 20 902
906 699 905
908 23 907
910 893 909
912 25 911
914 901 913
916 26 915
918 105 728
920 53 919
922 849 921
924 25 923
926 246 902
928 925 927
930 27 929
932 440 907
934 36 933
936 931 934
938 917 936
940 811 825
942 104 614
944 27 943
946 896 944
948 29 941
950 947 948
952 24 903
954 247 953
956 22 923
958 955 957
960 26 757
962 288 919
964 961 963
966 959 965
968 45 779
970 24 797
972 895 970
974 969 973
976 967 975
978 28 977
980 951 979
982 30 981
984 26 802
986 164 685
988 44 808
990 29 989
992 987 990
994 985 992
996 44 671
998 88 716
1000 906 955
1002 27 925
1004 999 1001
1006 1003 1004
1008 997 1007
1010 28 1009
1012 995 1011
1014 31 1013
1016 33 983
1018 1015 1016
1020 939 1019
1022 19 1021
1024 511 1023
1026 885 1025
1028 115 313
1030 117 298
1032 52 1031
1034 39 107
1036 117 1035
1038 1033 1036
1040 44 1038
1042 1029 1041
1044 34 1043
1046 41 721
1048 137 249
1050 23 249
1052 1049 1051
1054 1047 1053
1056 27 1054
1058 88 111
1060 44 62
1062 24 1053
1064 31 1061
1066 1059 1064
1068 1063 1066
1070 1057 1068
1072 22 1047
1074 23 201
1076 20 1074
1078 25 1077
1080 1073 1078
1082 24 1051
1084 1055 1082
1086 1081 1085
1088 26 1087
1090 299 344
1092 25 1091
1094 773 1093
1096 104 516
1098 1094 1097
1100 113 1098
1102 615 1101
1104 27 1103
1106 1089 1105
1108 30 1107
1110 28 1071
1112 1109 1110
1114 1045 1113
1116 33 1115
1118 25 1038
1120 24 1091
1122 26 1121
1124 1119 1122
1126 113 603
1128 583 1127
1130 24 115
1132 27 1129
1134 1131 1132
1136 30 274
1138 1135 1136
1140 1125 1138
1142 24 1048
1144 53 1046
1146 25 1145
1148 1033 1146
1150 254 1143
1152 1149 1150
1154 585 1130
1156 65 1049
1158 72 1157
1160 122 249
1162 1127 1160
1164 26 1159
1166 1163 1164
1168 1155 1166
1170 36 1169
1172 1153 1170
1174 1141 1173
1176 1117 1174
1178 186 1177
1180 25 205
1182 1121 1181
1184 261 617
1186 1183 1185
1188 370 517
1190 1187 1189
1192 30 1191
1194 218 799
1196 24 53
1198 205 1196
1200 1195 1199
1202 26 1201
1204 124 727
1206 1203 1205
1208 31 1207
1210 1193 1209
1212 274 1211
1214 105 250
1216 65 1215
1218 48 1217
1220 105 851
1222 22 697
1224 25 1221
1226 1223 1224
1228 254 1219
1230 1227 1228
1232 26 347
1234 72 250
1236 696 1234
1238 1232 1237
1240 36 1239
1242 1231 1240
1244 237 851
1246 22 1245
1248 23 1214
1250 24 1249
1252 613 1250
1254 1079 1253
1256 1247 1255
1258 26 1257
1260 361 1094
1262 27 1261
1264 531 1262
1266 1259 1265
1268 30 1267
1270 352 799
1272 26 1270
1274 613 1244
1276 167 1275
1278 145 1215
1280 792 1279
1282 1273 1281
1284 1277 1282
1286 31 1285
1288 1269 1287
1290 192 1289
1292 1213 1243
1294 1291 1292
1296 190 1295
1298 1179 1297
1300 105 249
1302 489 517
1304 1301 1303
1306 44 1305
1308 699 1035
1310 72 1309
1312 10 1035
1314 21 74
1316 871 1315
1318 1313 1317
1320 26 1319
1322 1311 1320
1324 25 117
1326 849 1324
1328 27 1326
1330 1307 1329
1332 1323 1330
1334 36 1333
1336 8 1076
1338 754 1337
1340 611 1338
1342 23 1035
1344 22 581
1346 155 1345
1348 1073 1346
1350 799 1349
1352 24 1343
1354 1351 1352
1356 26 1341
1358 1355 1356
1360 8 101
1362 103 1361
1364 20 1363
1366 767 1365
1368 22 1367
1370 360 1367
1372 1369 1371
1374 164 1373
1376 30 1375
1378 22 1360
1380 10 1342
1382 1379 1381
1384 585 1382
1386 44 1385
1388 1376 1387
1390 1359 1388
1392 27 111
1394 799 1392
1396 165 1395
1398 23 117
1400 25 1399
1402 1351 1400
1404 1397 1403
1406 25 674
1408 1035 1406
1410 26 1408
1412 579 1343
1414 1301 1412
1416 792 1415
1418 31 1417
1420 1411 1418
1422 1405 1420
1424 28 1391
1426 1423 1424
1428 115 799
1430 44 1428
1432 313 665
1434 117 1432
1436 1431 1435
1438 34 1437
1440 25 1428
1442 26 720
1444 1123 1443
1446 1441 1445
1448 614 821
1450 376 585
1452 1449 1451
1454 104 1452
1456 27 1313
1458 1455 1456
1460 94 1447
1462 1459 1460
1464 1439 1463
1466 1427 1464
1468 33 1467
1470 1335 1469
1472 186 1471
1474 52 730
1476 542 1475
1478 23 695
1480 62 1479
1482 536 583
1484 1481 1482
1486 27 1485
1488 1477 1486
1490 107 345
1492 73 1491
1494 140 461
1496 258 1494
1498 1493 1497
1500 26 1499
1502 36 1501
1504 1489 1502
1506 9 144
1508 292 1506
1510 25 1509
1512 674 1510
1514 27 459
1516 165 1515
1518 1513 1517
1520 24 1507
1522 458 1520
1524 150 1523
1526 1271 1524
1528 1519 1527
1530 31 1529
1532 1371 1379
1534 44 1533
1536 22 674
1538 1338 1537
1540 205 1509
1542 89 1541
1544 825 1543
1546 1539 1544
1548 1376 1535
1550 1547 1548
1552 1531 1551
1554 28 1553
1556 23 1363
1558 1369 1557
1560 1407 1558
1562 356 1561
1564 25 1559
1566 1445 1565
1568 22 1490
1570 1371 1569
1572 30 1571
1574 213 1573
1576 1567 1575
1578 124 674
1580 29 1579
1582 95 1581
1584 1563 1583
1586 1577 1584
1588 33 1587
1590 1555 1588
1592 1505 1591
1594 190 1593
1596 1473 1595
1598 316 461
1600 47 1598
1602 902 1600
1604 205 1365
1606 1092 1604
1608 27 1607
1610 9 298
1612 295 721
1614 23 1613
1616 1097 1611
1618 1615 1616
1620 24 1619
1622 1608 1621
1624 26 1336
1626 140 489
1628 150 1627
1630 1625 1629
1632 30 1630
1634 1623 1632
1636 680 1244
1638 22 1636
1640 668 1639
1642 314 325
1644 145 1642
1646 1641 1644
1648 1603 1635
1650 1647 1648
1652 192 1651
1654 25 1641
1656 487 1637
1658 65 1196
1660 1657 1658
1662 303 1661
1664 1655 1662
1666 140 1657
1668 26 605
1670 1612 1668
1672 98 246
1674 261 1673
1676 1671 1674
1678 1667 1677
1680 36 1679
1682 1665 1680
1684 799 1612
1686 793 1685
1688 24 1442
1690 30 1689
1692 433 1690
1694 1687 1692
1696 604 829
1698 728 1697
1700 22 164
1702 1699 1701
1704 31 1703
1706 274 1695
1708 1705 1706
1710 1683 1709
1712 1653 1710
1714 186 1713
1716 725 1030
1718 666 1035
1720 1717 1719
1722 1326 1721
1724 24 106
1726 27 1725
1728 1723 1726
1730 107 799
1732 25 1731
1734 39 1052
1736 120 1735
1738 26 1737
1740 1733 1738
1742 31 1741
1744 1729 1742
1746 24 1721
1748 288 1037
1750 1630 1749
1752 1747 1751
1754 360 1604
1756 1611 1755
1758 24 1757
1760 1608 1759
1762 30 1761
1764 1753 1762
1766 1745 1765
1768 192 1767
1770 72 606
1772 261 1443
1774 1771 1773
1776 723 1732
1778 1392 1776
1780 27 1481
1782 1736 1780
1784 1775 1783
1786 1779 1784
1788 36 1787
1790 1557 1604
1792 792 1790
1794 124 720
1796 26 1776
1798 31 1795
1800 1793 1798
1802 1797 1800
1804 88 1790
1806 370 1757
1808 1690 1805
1810 1807 1808
1812 274 1811
1814 1803 1812
1816 1789 1815
1818 1769 1816
1820 190 1819
1822 1715 1821
1824 40 76
1826 1232 1825
1828 51 489
1830 1520 1828
1832 253 1831
1834 1481 1833
1836 27 355
1838 1835 1836
1840 36 1827
1842 1839 1840
1844 212 1183
1846 124 664
1848 386 1847
1850 1845 1848
1852 1509 1828
1854 24 1853
1856 1075 1829
1858 26 1857
1860 1855 1858
1862 1263 1861
1864 30 1863
1866 356 1830
1868 31 167
1870 1852 1868
1872 28 359
1874 1867 1871
1876 1872 1874
1878 1865 1876
1880 33 1851
1882 1879 1880
1884 1843 1883
1886 190 1885
1888 13 538
1890 118 1510
1892 27 1889
1894 1891 1892
1896 1627 1668
1898 36 1897
1900 1895 1898
1902 30 1123
1904 1433 1701
1906 31 1905
1908 217 1907
1910 1903 1909
1912 324 1452
1914 274 1913
1916 1911 1914
1918 25 1856
1920 1247 1918
1922 24 491
1924 1346 1922
1926 212 1925
1928 1921 1926
1930 26 489
1932 1409 1930
1934 629 1933
1936 31 145
1938 1935 1936
1940 324 1099
1942 1929 1941
1944 1939 1942
1946 192 1945
1948 1901 1917
1950 1947 1948
1952 186 1951
1954 1887 1953
1956 36 62
1958 290 1956
1960 1783 1958
1962 192 317
1964 1506 1962
1966 1511 1964
1968 1691 1966
1970 1961 1969
1972 190 1971
1974 142 1316
1976 64 303
1978 1511 1976
1980 1975 1979
1982 36 1981
1984 144 1642
1986 362 584
1988 1985 1987
1990 192 1989
1992 104 274
1994 1912 1992
1996 1983 1991
1998 1995 1996
2000 186 1999
2002 1973 2001
i0 p0p0bright0outside29brightness
i1 p0b02room292room29empty
i2 p0b02room29bed29occupied
i3 p0b02room29somebody2leaves
i4 p0b02room29somebody2enters
i5 p0b02room29switch29toggled
i6 p0b02room29empty
i7 p0b02roomlight29off
i8 p0b02roomlight29on
i9 p0b02timer29timeout
l0 l0
l1 l1
l2 l2
l3 l3
l4 l4
l5 l5
o0 u02roomlight29light0f1d2roomlight29turn2off1b
o1 u02roomlight29light0f1d2roomlight29toggle1b
o2 u02roomlight29light0f1d2roomlight29turn2on1b
o3 u02roomlight29light02roomlight29light
o4 u02timer29start2new2timer0f1d2timer29hour251b
o5 u02timer29start2new2timer0f1d2timer29hour241b
o6 u02timer29start2new2timer0f1d2timer29min25231b
o7 u02timer29start2new2timer02timer29start2new2timer
