REALIZABLE
aag 24 7 3 7 14
2
4
6
8
10
12
14
16 46
18 48
20 40
42
40
0
0
23
0
0
22 18 20
24 11 19
26 12 25
28 16 19
30 21 28
32 10 21
34 13 33
36 27 31
38 35 36
40 2 38
42 23 41
44 15 38
46 23 45
48 3 38
i0 p0p0too2high0room29co252level
i1 p0p02window29all2windows2closed02window29room
i2 p0b02window29closed
i3 p0b02window29opened
i4 p0b02warnlight29off
i5 p0b02warnlight29on
i6 p0b02timer29timeout
l0 l0
l1 l1
l2 l2
o0 u02warnlight29control0f1d2warnlight29turn2off1b
o1 u02warnlight29control0f1d2warnlight29turn2on1b
o2 u02warnlight29control02warnlight29control
o3 u02timer29start2new2timer0f1d2timer29hour251b
o4 u02timer29start2new2timer0f1d2timer29hour241b
o5 u02timer29start2new2timer0f1d2timer29min25231b
o6 u02timer29start2new2timer02timer29start2new2timer
