UNREALIZABLE
aag 15 14 1 32 0
2
4
6
8
10
12
14
16
18
20
22
24
26
28
30 1
1
1
1
1
0
0
0
0
0
0
1
1
0
0
1
0
0
1
0
0
0
0
0
1
0
0
0
0
0
0
0
0
i0 u0tv29ctrl0f1dturn2on1b
i1 u0tv29ctrl0tv29ctrl
i2 u0room29shades29ctrl0f1dmove2to0f1dpercent2423231b1b
i3 u0room29shades29ctrl0room29shades29ctrl
i4 u0radio29ctrl0f1dturn2on1b
i5 u0radio29ctrl0radio29ctrl
i6 u0cm29ctrl0f1dmake2coffee1b
i7 u0cm29ctrl0cm29ctrl
i8 u0music29ctrl0f1dplay0f1doverture1b1b
i9 u0music29ctrl0music29ctrl
i10 u0system29start2new2timer0f1dmin25231b
i11 u0system29start2new2timer0f1dhour241b
i12 u0system29start2new2timer0f1dhour251b
i13 u0system29start2new2timer0system29start2new2timer
l0 l0
o0 p0p0between0t29pm70t29pm8
o1 p0p0between0t29am50t29am2423
o2 p0p0gt0outside29temperature0room29temperature
o3 p0p0asleep0partner
o4 p0p0too2high0room29co252level
o5 p0p0all2windows2closed0room
o6 p0p0bright0outside29brightness
o7 p0b0switch29toggled
o8 p0b0t29am7
o9 p0b0room29shades29open
o10 p0b0bed29occupied
o11 p0b0t29am6323
o12 p0b0bed29exit
o13 p0b0alarm
o14 p0b0bed29enter
o15 p0b0t29sunday
o16 p0b0t29saturday
o17 p0b0wakeup
o18 p0b0room29warnlight29off
o19 p0b0room29warnlight29on
o20 p0b0room29window29closed
o21 p0b0room29heating29off
o22 p0b0room29window29opened
o23 p0b0room29screen29lowered
o24 p0b0room29shades29closed
o25 p0b0room29light29off
o26 p0b0timeout
o27 p0b0room29light29on
o28 p0b0room29empty
o29 p0b0room29somebody2leaves
o30 p0b0cm29ready
o31 p0b0room29somebody2enters
