REALIZABLE
aag 101 7 4 4 90
2
4
6
8
10
12
14
16 151
18 181
20 201
22 202
124
0
136
135
24 17 19
26 21 24
28 22 26
30 12 15
32 13 14
34 31 33
36 18 35
38 16 36
40 26 35
42 16 35
44 24 35
46 43 45
48 20 36
50 20 24
52 32 50
54 49 53
56 47 55
58 12 21
60 38 58
62 41 61
64 57 62
66 38 64
68 23 41
70 53 68
72 67 70
74 29 73
76 20 47
78 67 77
80 42 79
82 54 81
84 23 83
86 22 27
88 17 35
90 37 89
92 87 91
94 82 92
96 85 95
98 53 88
100 11 87
102 99 100
104 96 102
106 10 87
108 4 94
110 106 109
112 105 111
114 5 113
116 74 115
118 6 117
120 7 22
122 40 121
124 119 122
126 23 79
128 7 11
130 70 128
132 74 131
134 119 132
136 126 134
138 44 75
140 5 138
142 106 141
144 103 143
146 7 145
148 6 113
150 147 149
152 5 23
154 65 152
156 109 155
158 10 157
160 6 97
162 115 160
164 159 162
166 11 23
168 55 166
170 21 166
172 88 170
174 169 173
176 159 174
178 7 177
180 165 179
182 127 139
184 5 183
186 4 84
188 185 187
190 10 189
192 169 191
194 7 193
196 11 85
198 162 197
200 195 199
202 128 138
i0 p0b02room29bed29occupied
i1 p0b02room29somebody2leaves
i2 p0b02room29somebody2enters
i3 p0b02room29switch29toggled
i4 p0b02room29empty
i5 p0b02roomlight29off
i6 p0b02roomlight29on
l0 l0
l1 l1
l2 l2
l3 l3
o0 u02roomlight29light0f1d2roomlight29turn2off1b
o1 u02roomlight29light0f1d2roomlight29toggle1b
o2 u02roomlight29light0f1d2roomlight29turn2on1b
o3 u02roomlight29light02roomlight29light
