REALIZABLE
aag 209 11 5 6 193
2
4
6
8
10
12
14
16
18
20
22
24 263
26 333
28 391
30 413
32 419
125
155
163
217
223
0
34 27 29
36 13 23
38 24 36
40 35 39
42 24 27
44 29 42
46 36 45
48 30 41
50 46 48
52 33 51
54 14 36
56 15 23
58 2 56
60 55 59
62 25 26
64 61 62
66 3 64
68 28 66
70 12 14
72 25 71
74 34 72
76 69 75
78 31 77
80 12 56
82 24 80
84 35 83
86 30 85
88 54 86
90 52 89
92 79 90
94 52 93
96 14 25
98 31 32
100 26 28
102 98 101
104 23 71
106 102 104
108 27 28
110 2 13
112 71 111
114 23 112
116 108 115
118 83 117
120 106 119
122 96 120
124 95 123
126 38 102
128 22 110
130 42 128
132 2 26
134 38 132
136 131 135
138 29 137
140 25 128
142 39 141
144 108 143
146 139 145
148 31 147
150 51 149
152 33 151
154 127 153
156 92 149
158 39 102
160 123 158
162 157 161
164 26 104
166 24 164
168 29 166
170 75 169
172 12 58
174 171 173
176 22 71
178 44 176
180 175 179
182 2 181
184 24 104
186 22 72
188 2 186
190 185 189
192 108 191
194 28 164
196 67 194
198 193 197
200 183 198
202 31 201
204 2 36
206 57 205
208 47 206
210 30 209
212 203 211
214 33 213
216 107 215
218 102 105
220 33 212
222 219 221
224 5 81
226 4 37
228 225 227
230 42 228
232 4 166
234 27 186
236 65 235
238 231 236
240 233 238
242 28 241
244 180 243
246 31 245
248 24 61
250 25 228
252 34 249
254 251 252
256 86 255
258 247 257
260 33 259
262 121 261
264 20 104
266 29 265
268 97 204
270 116 269
272 267 271
274 98 273
276 27 112
278 190 276
280 167 279
282 29 281
284 2 112
286 186 285
288 4 80
290 24 288
292 287 291
294 108 293
296 69 295
298 283 296
300 31 299
302 18 104
304 28 303
306 30 305
308 25 289
310 24 59
312 27 311
314 54 276
316 313 315
318 309 317
320 4 164
322 29 321
324 319 322
326 306 325
328 33 327
330 301 328
332 275 331
334 106 117
336 35 267
338 334 336
340 109 305
342 104 341
344 5 104
346 308 345
348 312 347
350 165 349
352 104 249
354 350 352
356 321 355
358 29 357
360 30 343
362 359 360
364 281 284
366 131 365
368 29 367
370 83 141
372 27 371
374 24 344
376 373 375
378 23 376
380 199 378
382 31 381
384 369 382
386 33 363
388 385 386
390 339 389
392 120 268
394 29 351
396 343 395
398 30 397
400 29 134
402 28 377
404 401 403
406 31 405
408 399 407
410 33 409
412 393 411
414 33 100
416 306 414
418 335 417
i0 p0p02time29between02time29pm702time29pm8
i1 p0p02time29between02time29am502time29am2423
i2 p0p0bright0outside29brightness
i3 p0b0bed29exit
i4 p0b0bed29enter
i5 p0b02shades29closed
i6 p0b02shades29open
i7 p0b02time29am7
i8 p0b02time29sunday
i9 p0b02time29saturday
i10 p0b02alarm29alarm
l0 l0
l1 l1
l2 l2
l3 l3
l4 l4
o0 u02shades29ctrl0f1d2shades29move2to0f1d2shades29percent231b1b
o1 u02shades29ctrl0f1d2shades29move2to0f1d2shades29percent2423231b1b
o2 u02shades29ctrl02shades29ctrl
o3 u02alarm29control0f1d2alarm29turn2off1b
o4 u02alarm29control0f1d2alarm29turn2on1b
o5 u02alarm29control02alarm29control
