UNREALIZABLE
aag 55 8 3 11 44
2
4
6
8
10
12
14
16
18 98
20 110
22 100
29
30
29
35
29
36
29
0
29
30
0
24 19 21
26 20 23
28 25 27
30 23 24
32 18 26
34 25 33
36 19 23
38 15 17
40 12 39
42 14 16
44 13 38
46 41 43
48 45 46
50 2 5
52 48 50
54 3 4
56 48 54
58 53 57
60 7 59
62 9 10
64 60 62
66 36 65
68 8 11
70 60 68
72 18 23
74 71 72
76 20 67
78 75 76
80 6 9
82 11 80
84 52 82
86 65 85
88 23 87
90 19 71
92 89 90
94 21 73
96 93 94
98 79 97
100 30 84
102 56 82
104 71 103
106 86 104
108 29 101
110 107 108
i0 u0selected0f1dtoggle0selected1b
i1 u0selected0selected
i2 u0second2counter0f1dincrement0second2counter1b
i3 u0second2counter0f1ddecrement0second2counter1b
i4 u0second2counter0second2counter
i5 u0first2counter0f1dincrement0first2counter1b
i6 u0first2counter0f1ddecrement0first2counter1b
i7 u0first2counter0first2counter
l0 l0
l1 l1
l2 l2
o0 p0p0second0selected
o1 p0p0in2range0f1dincrement0second2counter1b
o2 p0p0in2range0f1dincrement0first2counter1b
o3 p0p0in2range0f1ddecrement0second2counter1b
o4 p0p0in2range0f1ddecrement0first2counter1b
o5 p0p0in2range0second2counter
o6 p0p0in2range0first2counter
o7 p0p0first0selected
o8 p0p0button2pressed0up
o9 p0p0button2pressed0switch
o10 p0p0button2pressed0down
