REALIZABLE
aag 98 6 4 4 88
2
4
6
8
10
12
14 141
16 161
18 197
20 104
78
0
82
77
22 10 13
24 11 12
26 23 25
28 15 17
30 19 28
32 27 30
34 14 24
36 15 27
38 16 27
40 37 39
42 19 41
44 34 42
46 17 18
48 34 46
50 45 49
52 33 50
54 3 8
56 4 55
58 3 18
60 41 59
62 9 37
64 61 62
66 5 65
68 57 67
70 53 69
72 21 71
74 20 30
76 73 75
78 32 76
80 14 21
82 70 80
84 23 37
86 42 85
88 38 87
90 49 89
92 2 91
94 49 93
96 21 95
98 27 74
100 97 99
102 5 8
104 101 102
106 46 85
108 87 107
110 2 109
112 90 111
114 56 113
116 74 115
118 105 116
120 5 64
122 67 108
124 9 123
126 36 108
128 50 127
130 66 129
132 93 125
134 131 132
136 121 135
138 21 137
140 119 139
142 43 127
144 54 143
146 39 61
148 9 147
150 145 149
152 5 151
154 115 153
156 21 155
158 56 98
160 157 159
162 90 108
164 9 111
166 163 164
168 41 87
170 166 168
172 14 106
174 45 173
176 127 174
178 3 177
180 111 179
182 8 181
184 5 171
186 183 184
188 4 93
190 167 188
192 21 191
194 187 192
196 159 195
i0 p0b02room29somebody2leaves
i1 p0b02room29somebody2enters
i2 p0b02room29switch29toggled
i3 p0b02room29empty
i4 p0b02roomlight29off
i5 p0b02roomlight29on
l0 l0
l1 l1
l2 l2
l3 l3
o0 u02roomlight29light0f1d2roomlight29turn2off1b
o1 u02roomlight29light0f1d2roomlight29toggle1b
o2 u02roomlight29light0f1d2roomlight29turn2on1b
o3 u02roomlight29light02roomlight29light
