UNREALIZABLE
aag 106 4 4 4 98
2
4
6
8
10 151
12 169
14 192
16 213
1
26
34
41
18 13 14
20 11 19
22 11 12
24 17 23
26 20 24
28 10 18
30 21 29
32 16 31
34 25 33
36 13 15
38 24 37
40 33 39
42 3 7
44 4 9
46 42 44
48 12 46
50 5 9
52 3 6
54 50 52
56 5 8
58 42 56
60 55 59
62 2 7
64 50 62
66 60 65
68 13 67
70 49 69
72 47 65
74 59 72
76 12 75
78 12 61
80 60 77
82 73 80
84 79 83
86 15 84
88 76 86
90 70 89
92 70 79
94 15 93
96 91 95
98 10 97
100 14 85
102 43 100
104 55 74
106 77 105
108 15 106
110 103 109
112 11 110
114 99 113
116 17 115
118 11 48
120 77 110
122 12 67
124 13 54
126 14 125
128 75 126
130 123 129
132 10 131
134 121 132
136 111 134
138 123 126
140 11 139
142 93 140
144 16 119
146 143 144
148 137 146
150 117 149
152 15 75
154 69 153
156 11 155
158 135 157
160 17 159
162 49 66
164 32 37
166 163 164
168 161 167
170 37 106
172 11 171
174 10 101
176 89 174
178 173 177
180 17 179
182 55 171
184 10 183
186 87 140
188 16 185
190 187 188
192 181 191
194 14 81
196 180 194
198 10 125
200 74 198
202 11 130
204 95 202
206 16 29
208 201 206
210 205 208
212 197 211
i0 u02device29ctrl0f1d2device29turn2off1b
i1 u02device29ctrl0f1d2device29make2coffee1b
i2 u02device29ctrl0f1d2device29turn2on1b
i3 u02device29ctrl02device29ctrl
l0 l0
l1 l1
l2 l2
l3 l3
o0 p0b02device29finished
o1 p0b02device29busy
o2 p0b02device29standby
o3 p0b02device29ready
