UNREALIZABLE
aag 271 6 5 12 260
2
4
6
8
10
12
14 290
16 377
18 449
20 515
22 543
34
34
0
0
0
0
0
0
62
61
79
80
24 20 22
26 14 17
28 21 23
30 19 26
32 28 30
34 25 33
36 15 16
38 20 23
40 19 38
42 37 40
44 15 17
46 19 22
48 44 46
50 14 16
52 18 23
54 51 52
56 49 55
58 21 57
60 43 59
62 34 60
64 18 45
66 38 64
68 19 27
70 18 37
72 21 22
74 69 72
76 71 74
78 67 77
80 34 78
82 9 10
84 13 82
86 5 84
88 2 7
90 86 88
92 9 11
94 12 92
96 85 95
98 8 11
100 13 98
102 96 101
104 5 103
106 3 6
108 104 106
110 4 7
112 3 110
114 103 112
116 109 115
118 95 101
120 117 119
122 17 120
124 15 91
126 123 124
128 97 117
130 17 128
132 100 117
134 17 132
136 5 97
138 6 86
140 110 119
142 139 141
144 3 143
146 88 104
148 119 146
150 145 149
152 17 151
154 136 152
156 135 155
158 131 156
160 121 149
162 16 160
164 91 121
166 17 164
168 163 167
170 158 169
172 14 170
174 127 173
176 28 175
178 121 147
180 8 179
182 14 181
184 17 161
186 91 145
188 16 187
190 15 189
192 185 190
194 183 193
196 72 195
198 45 187
200 44 180
202 38 199
204 201 202
206 18 205
208 197 206
210 177 208
212 26 187
214 15 171
216 50 180
218 72 213
220 217 218
222 215 220
224 94 146
226 115 225
228 9 165
230 145 229
232 226 230
234 16 233
236 109 147
238 133 236
240 234 239
242 17 231
244 15 243
246 241 244
248 14 189
250 247 249
252 28 251
254 88 136
256 133 255
258 240 257
260 17 227
262 259 261
264 133 185
266 262 264
268 14 267
270 201 269
272 179 271
274 41 205
276 135 241
278 15 277
280 275 279
282 273 280
284 19 223
286 253 284
288 283 286
290 211 289
292 16 114
294 153 293
296 14 295
298 279 297
300 46 299
302 115 235
304 14 303
306 17 237
308 150 307
310 15 309
312 305 311
314 18 22
316 313 314
318 301 317
320 21 319
322 44 233
324 64 151
326 16 117
328 213 327
330 19 329
332 325 331
334 323 332
336 38 335
338 156 327
340 15 339
342 50 151
344 19 343
346 341 344
348 14 277
350 129 147
352 16 351
354 164 352
356 158 355
358 15 357
360 18 359
362 3 18
364 135 362
366 361 365
368 349 367
370 28 347
372 369 370
374 337 373
376 321 374
378 259 270
380 40 379
382 16 237
384 14 383
386 17 256
388 16 181
390 387 389
392 293 391
394 15 392
396 385 395
398 269 397
400 19 399
402 115 160
404 15 403
406 14 239
408 405 407
410 18 409
412 401 411
414 72 413
416 15 263
418 50 403
420 19 419
422 417 420
424 14 393
426 360 425
428 28 427
430 423 428
432 323 402
434 4 128
436 44 434
438 18 437
440 38 438
442 433 440
444 431 443
446 381 444
448 415 446
450 4 212
452 19 451
454 353 452
456 437 454
458 45 179
460 438 459
462 38 457
464 461 462
466 15 363
468 351 466
470 158 468
472 16 179
474 19 473
476 17 146
478 18 477
480 14 479
482 475 480
484 471 483
486 23 485
488 123 353
490 384 489
492 477 491
494 19 493
496 179 307
498 15 497
500 14 435
502 18 501
504 499 502
506 495 505
508 22 507
510 487 509
512 21 511
514 465 513
516 131 383
518 14 517
520 36 120
522 519 521
524 18 28
526 523 524
528 68 517
530 70 237
532 529 531
534 72 533
536 38 65
538 306 536
540 527 539
542 535 540
i0 u02device29lamp29ctrl0f1d2device29off1b
i1 u02device29lamp29ctrl0f1d2device29on1b
i2 u02device29lamp29ctrl02device29lamp29ctrl
i3 u02device29plug29ctrl0f1d2device29off1b
i4 u02device29plug29ctrl0f1d2device29on1b
i5 u02device29plug29ctrl02device29plug29ctrl
l0 l0
l1 l1
l2 l2
l3 l3
l4 l4
o0 p0p0off02lamp29intent
o1 p0p0off02plug29intent
o2 p0p0on02lamp29intent
o3 p0p0on02plug29intent
o4 p0b02device292lamp29off
o5 p0b02device292lamp29on
o6 p0b02device292plug29off
o7 p0b02device292plug29on
o8 p0b02device29lamp29off
o9 p0b02device29lamp29on
o10 p0b02device29plug29off
o11 p0b02device29plug29on
