REALIZABLE
aag 91 7 4 4 80
2
4
6
8
10
12
14
16 145
18 156
20 168
22 182
107
0
112
114
24 4 7
26 13 24
28 21 22
30 11 17
32 9 31
34 28 32
36 12 34
38 19 20
40 11 39
42 9 41
44 19 21
46 16 44
48 23 47
50 42 48
52 37 51
54 15 53
56 17 45
58 42 57
60 18 20
62 11 60
64 47 63
66 59 64
68 23 67
70 26 54
72 68 70
74 17 72
76 45 63
78 15 77
80 13 28
82 33 80
84 13 43
86 48 84
88 83 87
90 14 88
92 16 23
94 79 92
96 91 94
98 5 6
100 55 97
102 98 101
104 97 102
106 75 105
108 20 22
110 73 109
112 103 110
114 96 113
116 4 6
118 90 109
120 12 50
122 35 121
124 69 122
126 15 125
128 117 119
130 127 128
132 25 99
134 108 132
136 131 135
138 5 7
140 109 138
142 103 141
144 137 142
146 52 109
148 69 146
150 15 149
152 27 99
154 91 153
156 151 154
158 9 61
160 11 14
162 159 160
164 89 162
166 55 165
168 153 167
170 80 98
172 12 64
174 23 173
176 24 109
178 175 176
180 171 179
182 15 181
i0 p0p0bright0outside29brightness
i1 p0b0room29light29off
i2 p0b0room29light29on
i3 p0b0room29somebody2leaves
i4 p0b0room29somebody2enters
i5 p0b0switch29toggled
i6 p0b0room29empty
l0 l0
l1 l1
l2 l2
l3 l3
o0 u0room29light0f1dturn2off1b
o1 u0room29light0f1dtoggle1b
o2 u0room29light0f1dturn2on1b
o3 u0room29light0room29light
