UNREALIZABLE
aag 828 8 7 11 813
2
4
6
8
10
12
14
16
18 746
20 991
22 1209
24 1409
26 1545
28 1605
30 1657
39
0
39
39
39
0
115
170
199
205
257
32 24 26
34 29 30
36 33 34
38 30 37
40 29 31
42 21 23
44 25 43
46 19 21
48 22 24
50 47 48
52 24 51
54 45 53
56 21 27
58 54 56
60 40 59
62 27 34
64 55 62
66 25 26
68 34 66
70 18 20
72 23 71
74 20 22
76 73 75
78 68 77
80 23 24
82 19 20
84 18 21
86 83 85
88 80 87
90 22 25
92 19 90
94 26 93
96 89 94
98 23 25
100 73 99
102 28 101
104 27 103
106 31 97
108 105 106
110 65 79
112 61 110
114 109 112
116 20 23
118 21 22
120 117 119
122 24 121
124 87 98
126 27 125
128 123 126
130 22 71
132 25 130
134 26 51
136 133 134
138 129 137
140 29 139
142 58 140
144 25 85
146 117 144
148 123 147
150 26 149
152 44 86
154 126 153
156 89 149
158 154 157
160 151 159
162 28 75
164 100 162
166 160 164
168 143 167
170 31 169
172 19 74
174 66 173
176 43 52
178 44 87
180 177 179
182 27 181
184 175 183
186 36 184
188 28 161
190 141 189
192 29 42
194 31 193
196 190 194
198 187 197
200 34 185
202 31 191
204 201 203
206 67 155
208 24 42
210 34 209
212 207 210
214 18 118
216 32 214
218 25 71
220 119 218
222 177 221
224 27 223
226 40 217
228 225 226
230 47 90
232 209 231
234 26 233
236 28 31
238 25 118
240 27 238
242 24 27
244 18 242
246 121 244
248 236 241
250 247 248
252 235 250
254 213 253
256 229 254
258 3 4
260 7 258
262 2 5
264 7 262
266 261 265
268 9 15
270 267 268
272 3 5
274 7 8
276 272 274
278 6 272
280 9 278
282 277 281
284 15 283
286 271 285
288 12 17
290 287 288
292 11 290
294 13 14
296 17 294
298 9 264
300 277 299
302 296 301
304 11 302
306 13 16
308 11 306
310 15 301
312 308 310
314 261 279
316 268 315
318 308 316
320 9 315
322 300 321
324 296 323
326 291 325
328 11 327
330 10 13
332 17 330
334 270 332
336 284 332
338 335 337
340 329 338
342 319 340
344 305 313
346 338 344
348 293 346
350 343 348
352 313 351
354 305 352
356 293 354
358 287 357
360 316 332
362 359 361
364 84 363
366 290 315
368 266 367
370 357 369
372 329 371
374 283 294
376 12 270
378 375 377
380 373 378
382 335 381
384 70 383
386 293 337
388 352 386
390 82 287
392 389 390
394 365 393
396 385 394
398 22 397
400 315 358
402 320 328
404 361 403
406 401 404
408 23 47
410 407 408
412 25 411
414 287 306
416 267 327
418 415 417
420 373 419
422 335 421
424 46 423
426 412 425
428 18 423
430 342 348
432 19 431
434 20 433
436 429 434
438 19 360
440 11 19
442 310 332
444 313 443
446 293 444
448 351 446
450 317 449
452 440 450
454 21 453
456 18 431
458 287 456
460 439 459
462 454 460
464 437 463
466 80 465
468 427 467
470 399 469
472 12 450
474 344 473
476 443 474
478 20 477
480 21 423
482 48 479
484 481 482
486 26 485
488 471 486
490 19 118
492 362 490
494 214 382
496 25 407
498 239 497
500 493 495
502 499 500
504 22 422
506 119 505
508 11 18
510 302 508
512 18 407
514 316 512
516 354 361
518 19 517
520 290 440
522 519 521
524 511 522
526 515 524
528 21 527
530 507 529
532 71 423
534 23 338
536 73 535
538 533 537
540 24 539
542 531 540
544 503 543
546 27 545
548 31 489
550 547 548
552 28 551
554 305 443
556 19 555
558 457 557
560 367 415
562 440 561
564 558 563
566 116 565
568 23 46
570 358 568
572 338 354
574 83 431
576 572 575
578 22 577
580 27 567
582 571 580
584 579 582
586 243 585
588 21 431
590 23 589
592 19 400
594 347 559
596 593 595
598 20 597
600 590 599
602 18 477
604 593 603
606 21 605
608 20 431
610 22 609
612 607 610
614 24 601
616 613 614
618 587 617
620 20 407
622 46 431
624 621 623
626 401 554
628 84 627
630 624 629
632 48 631
634 131 430
636 130 406
638 635 637
640 49 638
642 26 641
644 633 642
646 40 645
648 619 646
650 74 638
652 66 74
654 66 422
656 653 655
658 651 657
660 80 608
662 513 624
664 48 663
666 661 665
668 19 573
670 305 319
672 473 670
674 313 672
676 19 675
678 511 677
680 669 678
682 208 681
684 329 443
686 46 685
688 366 686
690 84 431
692 324 508
694 18 445
696 693 695
698 433 696
700 20 699
702 689 691
704 701 702
706 90 705
708 70 443
710 351 473
712 361 710
714 18 713
716 21 476
718 85 717
720 715 719
722 82 335
724 381 722
726 98 709
728 725 726
730 721 728
732 27 707
734 683 732
736 731 734
738 666 736
740 30 659
742 739 740
744 649 743
746 553 744
748 18 555
750 18 472
752 749 751
754 310 753
756 313 557
758 755 756
760 208 759
762 284 306
764 417 763
766 11 765
768 357 381
770 767 769
772 25 82
774 771 772
776 338 406
778 70 777
780 325 367
782 84 343
784 780 782
786 23 785
788 779 786
790 25 789
792 775 791
794 22 691
796 361 434
798 672 796
800 718 799
802 794 801
804 793 803
806 521 693
808 208 807
810 761 809
812 666 810
814 805 812
816 62 815
818 18 771
820 118 519
822 819 820
824 27 499
826 823 824
828 283 357
830 337 829
832 71 830
834 23 833
836 70 354
838 712 836
840 834 839
842 74 831
844 352 361
846 522 844
848 118 847
850 843 849
852 841 850
854 242 853
856 118 831
858 18 831
860 433 859
862 116 861
864 18 447
866 440 781
868 865 867
870 42 869
872 857 871
874 863 872
876 26 875
878 67 877
880 18 517
882 21 881
884 20 669
886 819 884
888 22 883
890 887 888
892 46 831
894 412 893
896 891 894
898 879 897
900 827 855
902 899 900
904 236 903
906 75 831
908 651 907
910 68 909
912 293 361
914 670 912
916 84 915
918 624 917
920 48 919
922 642 921
924 46 449
926 610 925
928 447 561
930 18 928
932 19 915
934 749 931
936 933 934
938 20 937
940 590 939
942 24 927
944 941 942
946 355 568
948 8 932
950 335 361
952 19 951
954 563 953
956 949 954
958 457 956
960 116 959
962 173 579
964 373 417
966 722 829
968 965 966
970 963 969
972 947 961
974 971 972
976 25 975
978 27 945
980 977 978
982 40 923
984 981 982
986 911 985
988 817 986
990 905 988
992 80 830
994 74 861
996 6 389
998 568 997
1000 408 830
1002 22 589
1004 999 1003
1006 1001 1004
1008 995 1007
1010 25 1009
1012 84 675
1014 610 893
1016 1013 1014
1018 24 1017
1020 1011 1019
1022 993 1021
1024 26 1023
1026 440 765
1028 19 339
1030 1027 1029
1032 859 1030
1034 20 1033
1036 21 996
1038 1035 1037
1040 90 1039
1042 20 997
1044 455 1043
1046 794 1045
1048 42 830
1050 116 931
1052 678 1050
1054 24 1047
1056 1049 1054
1058 1053 1056
1060 2 442
1062 672 1061
1064 82 1063
1066 9 768
1068 19 335
1070 443 1068
1072 473 1070
1074 1067 1072
1076 86 1043
1078 1075 1076
1080 1065 1079
1082 98 1081
1084 27 1059
1086 1041 1084
1088 1083 1086
1090 1025 1089
1092 29 1091
1094 23 431
1096 490 711
1098 386 767
1100 214 1099
1102 1095 1101
1104 1097 1102
1106 27 1105
1108 335 769
1110 82 1109
1112 70 1099
1114 84 711
1116 1113 1115
1118 1111 1116
1120 22 1119
1122 893 1121
1124 26 1123
1126 1107 1125
1128 25 1127
1130 610 857
1132 23 695
1134 117 1133
1136 20 831
1138 925 1135
1140 1137 1138
1142 32 1131
1144 1141 1142
1146 491 835
1148 777 1147
1150 77 831
1152 214 928
1154 1151 1153
1156 1149 1154
1158 242 1157
1160 28 1145
1162 1159 1160
1164 1129 1162
1166 31 1093
1168 1165 1166
1170 907 995
1172 68 1171
1174 21 753
1176 82 1099
1178 623 1177
1180 1175 1178
1182 779 1180
1184 98 1183
1186 46 554
1188 929 1186
1190 47 830
1192 132 1189
1194 1191 1192
1196 176 831
1198 809 1197
1200 1195 1198
1202 1185 1200
1204 62 1203
1206 1173 1205
1208 1169 1206
1210 19 301
1212 964 1210
1214 429 1213
1216 20 1215
1218 23 950
1220 371 1218
1222 409 1221
1224 1217 1223
1226 172 337
1228 965 1226
1230 83 504
1232 25 1229
1234 1231 1232
1236 1225 1234
1238 349 1186
1240 401 1238
1242 507 1241
1244 82 475
1246 344 361
1248 70 1247
1250 23 1249
1252 1245 1250
1254 481 1252
1256 24 1255
1258 1243 1256
1260 27 1259
1262 1237 1260
1264 18 475
1266 479 1265
1268 425 1266
1270 48 1269
1272 132 477
1274 26 1273
1276 146 428
1278 23 423
1280 1274 1279
1282 1277 1280
1284 1271 1282
1286 40 1285
1288 1263 1286
1290 43 422
1292 315 668
1294 515 1293
1296 42 1294
1298 52 1291
1300 1297 1298
1302 337 372
1304 82 1303
1306 1175 1305
1308 98 1307
1310 70 403
1312 82 422
1314 21 1293
1316 429 1314
1318 90 1311
1320 1313 1318
1322 1317 1320
1324 1309 1323
1326 1301 1324
1328 62 1327
1330 173 423
1332 172 477
1334 1331 1333
1336 68 1335
1338 84 407
1340 120 687
1342 1339 1340
1344 1291 1343
1346 32 1345
1348 70 345
1350 533 1349
1352 24 1351
1354 49 1353
1356 46 475
1358 783 1357
1360 507 1358
1362 1355 1361
1364 98 477
1366 19 348
1368 18 1302
1370 238 1367
1372 1369 1370
1374 27 1365
1376 1373 1374
1378 1363 1376
1380 371 386
1382 82 1381
1384 70 420
1386 84 349
1388 1383 1387
1390 1385 1388
1392 22 1391
1394 66 425
1396 1393 1394
1398 236 1347
1400 1397 1398
1402 1379 1400
1404 1329 1337
1406 1289 1404
1408 1403 1406
1410 354 386
1412 18 1411
1414 74 1412
1416 118 339
1418 25 1417
1420 623 1418
1422 1415 1420
1424 116 457
1426 42 439
1428 511 1426
1430 751 1428
1432 26 1003
1434 1425 1432
1436 1431 1434
1438 67 1437
1440 1423 1439
1442 1029 1413
1444 240 1443
1446 338 609
1448 22 1447
1450 72 431
1452 1449 1451
1454 242 1453
1456 1445 1455
1458 27 1364
1460 1456 1459
1462 1441 1460
1464 236 1463
1466 68 75
1468 431 1466
1470 68 1332
1472 329 1246
1474 84 1473
1476 479 1475
1478 48 1477
1480 1274 1479
1482 352 912
1484 490 1483
1486 18 403
1488 1473 1487
1490 881 1489
1492 116 1491
1494 1485 1493
1496 24 1495
1498 8 534
1500 772 1499
1502 341 1500
1504 27 1503
1506 1497 1504
1508 40 1481
1510 1507 1508
1512 208 1295
1514 521 621
1516 83 90
1518 1515 1516
1520 82 1411
1522 84 405
1524 1521 1523
1526 779 1524
1528 98 1527
1530 809 1519
1532 1513 1530
1534 1529 1532
1536 62 1535
1538 1469 1471
1540 1465 1538
1542 1511 1540
1544 1537 1542
1546 118 559
1548 443 755
1550 116 1549
1552 1547 1551
1554 242 1553
1556 216 442
1558 29 1557
1560 1555 1558
1562 74 508
1564 419 1562
1566 1420 1565
1568 24 575
1570 1449 1568
1572 26 1567
1574 1571 1572
1576 28 1575
1578 1456 1576
1580 31 1579
1582 1561 1580
1584 19 1411
1586 1265 1585
1588 116 1587
1590 74 602
1592 623 1589
1594 1591 1592
1596 25 1595
1598 761 1597
1600 62 1599
1602 1469 1583
1604 1601 1602
1606 20 1069
1608 339 1606
1610 691 1609
1612 98 1611
1614 50 431
1616 809 1615
1618 1613 1616
1620 62 1619
1622 66 408
1624 431 1622
1626 84 334
1628 609 1627
1630 27 90
1632 1629 1630
1634 214 357
1636 836 1094
1638 1635 1637
1640 242 1639
1642 11 859
1644 341 652
1646 1643 1644
1648 1625 1633
1650 1641 1648
1652 1647 1650
1654 236 1653
1656 1621 1655
i0 u02roomlight29light0f1d2roomlight29turn2off1b
i1 u02roomlight29light0f1d2roomlight29toggle1b
i2 u02roomlight29light0f1d2roomlight29turn2on1b
i3 u02roomlight29light02roomlight29light
i4 u02timer29start2new2timer0f1d2timer29hour251b
i5 u02timer29start2new2timer0f1d2timer29hour241b
i6 u02timer29start2new2timer0f1d2timer29min25231b
i7 u02timer29start2new2timer02timer29start2new2timer
l0 l0
l1 l1
l2 l2
l3 l3
l4 l4
l5 l5
l6 l6
o0 p0p0bright0outside29brightness
o1 p0b02room29bed29occupied
o2 p0b02room29sombebody2enters
o3 p0b02room29somebody2leaves
o4 p0b02room29sombebody2leaves
o5 p0b02room29somebody2enters
o6 p0b02room29switch29toggled
o7 p0b02room29empty
o8 p0b02roomlight29off
o9 p0b02roomlight29on
o10 p0b02timer29timeout
