REALIZABLE
aag 88 10 4 8 74
2
4
6
8
10
12
14
16
18
20
22 161
24 169
26 173
28 176
66
0
106
112
136
140
0
145
30 16 19
32 17 18
34 31 33
36 25 27
38 35 36
40 24 30
42 39 41
44 33 41
46 26 45
48 42 47
50 23 49
52 22 40
54 24 32
56 22 27
58 54 56
60 53 59
62 51 60
64 29 63
66 38 64
68 28 36
70 32 68
72 23 32
74 35 42
76 22 74
78 47 55
80 23 79
82 77 81
84 73 82
86 29 85
88 71 87
90 29 59
92 51 54
94 31 75
96 23 95
98 18 25
100 96 98
102 90 93
104 101 102
106 89 105
108 33 68
110 105 109
112 67 111
114 51 90
116 68 73
118 115 117
120 60 82
122 29 121
124 28 38
126 23 124
128 71 127
130 123 128
132 21 131
134 118 132
136 111 135
138 21 119
140 110 138
142 20 106
144 135 143
146 77 97
148 29 147
150 97 124
152 149 151
154 111 130
156 152 154
158 20 156
160 139 159
162 65 127
164 21 163
166 20 89
168 165 167
170 20 153
172 133 171
174 119 157
176 172 174
i0 p0b02room29bed29occupied
i1 p0b02room29sombebody2enters
i2 p0b02room29somebody2leaves
i3 p0b02room29sombebody2leaves
i4 p0b02room29somebody2enters
i5 p0b02room29switch29toggled
i6 p0b02room29empty
i7 p0b02roomlight29off
i8 p0b02roomlight29on
i9 p0b02timer29timeout
l0 l0
l1 l1
l2 l2
l3 l3
o0 u02roomlight29light0f1d2roomlight29turn2off1b
o1 u02roomlight29light0f1d2roomlight29toggle1b
o2 u02roomlight29light0f1d2roomlight29turn2on1b
o3 u02roomlight29light02roomlight29light
o4 u02timer29start2new2timer0f1d2timer29hour251b
o5 u02timer29start2new2timer0f1d2timer29hour241b
o6 u02timer29start2new2timer0f1d2timer29min25231b
o7 u02timer29start2new2timer02timer29start2new2timer
