REALIZABLE
aag 58 4 3 3 51
2
4
6
8
10 117
12 112
14 68
106
110
105
16 2 5
18 6 9
20 7 8
22 19 21
24 16 23
26 15 25
28 10 27
30 16 18
32 11 30
34 12 33
36 29 34
38 11 24
40 3 4
42 23 40
44 11 42
46 39 45
48 14 46
50 12 49
52 10 15
54 13 53
56 51 55
58 10 42
60 6 58
62 15 61
64 50 63
66 25 65
68 57 67
70 37 68
72 15 33
74 59 72
76 11 14
78 25 76
80 75 79
82 12 81
84 15 47
86 13 85
88 8 44
90 39 59
92 31 89
94 90 92
96 14 95
98 86 97
100 86 91
102 83 101
104 99 102
106 70 104
108 49 104
110 71 108
112 42 57
114 36 113
116 99 115
i0 p0p0off02heating29intend
i1 p0p0on02heating29intend
i2 p0b02heating29on
i3 p0b02heating29off
l0 l0
l1 l1
l2 l2
o0 u02heating29ctrl0f1d2heating29turn2off1b
o1 u02heating29ctrl0f1d2heating29turn2on1b
o2 u02heating29ctrl02heating29ctrl
