UNREALIZABLE
aag 48 6 4 3 38
2
4
6
8
10
12
14 77
16 86
18 95
20 96
26
37
42
22 19 21
24 15 22
26 17 24
28 18 20
30 17 23
32 29 30
34 16 24
36 33 35
38 16 21
40 33 39
42 14 41
44 20 33
46 11 12
48 6 9
50 46 48
52 10 13
54 47 53
56 7 8
58 55 56
60 51 59
62 2 5
64 3 4
66 63 65
68 61 67
70 45 69
72 14 17
74 22 72
76 71 75
78 48 55
80 59 79
82 64 81
84 45 75
86 82 84
88 62 81
90 26 88
92 41 82
94 91 93
96 41 88
i0 u0c0f1dval31b
i1 u0c0c
i2 u0b0f1dval251b
i3 u0b0b
i4 u0a0f1dval241b
i5 u0a0a
l0 l0
l1 l1
l2 l2
l3 l3
o0 p0b0in3
o1 p0b0in25
o2 p0b0in24
