REALIZABLE
aag 191 11 5 6 175
2
4
6
8
10
12
14
16
18
20
22
24 241
26 317
28 363
30 376
32 383
103
0
116
167
168
0
34 31 32
36 12 15
38 23 36
40 13 23
42 24 40
44 39 43
46 24 26
48 45 47
50 24 38
52 43 51
54 26 53
56 39 55
58 29 57
60 49 59
62 34 61
64 28 45
66 56 65
68 30 33
70 67 68
72 63 71
74 14 73
76 14 40
78 27 29
80 12 14
82 25 81
84 78 82
86 77 85
88 25 26
90 28 89
92 49 90
94 79 93
96 31 33
98 87 96
100 95 98
102 75 101
104 77 93
106 43 47
108 105 107
110 31 109
112 32 111
114 33 103
116 113 115
118 39 82
120 2 118
122 22 36
124 52 119
126 123 125
128 121 127
130 27 129
132 88 122
134 2 132
136 29 135
138 131 136
140 24 122
142 23 82
144 141 143
146 27 145
148 25 38
150 141 149
152 3 151
154 39 146
156 153 154
158 28 55
160 157 158
162 96 161
164 139 162
166 72 165
168 113 166
170 28 107
172 34 171
174 3 27
176 34 174
178 173 177
180 39 179
182 26 38
184 147 183
186 3 126
188 2 38
190 187 189
192 5 50
194 191 193
196 185 195
198 28 197
200 82 187
202 39 201
204 27 189
206 203 204
208 29 133
210 207 208
212 31 199
214 211 212
216 146 190
218 4 25
220 182 219
222 4 42
224 193 223
226 29 221
228 224 226
230 217 228
232 30 38
234 231 232
236 33 235
238 215 236
240 181 239
242 51 183
244 21 242
246 28 38
248 244 246
250 29 245
252 19 78
254 38 252
256 251 255
258 19 242
260 48 258
262 20 43
264 261 262
266 257 265
268 172 249
270 267 268
272 27 38
274 149 224
276 26 275
278 29 273
280 277 278
282 18 43
284 259 283
286 26 282
288 5 148
290 287 288
292 28 291
294 285 292
296 30 295
298 281 296
300 13 120
302 190 301
304 28 185
306 79 305
308 31 307
310 303 308
312 33 299
314 311 312
316 271 315
318 55 64
320 18 318
322 64 258
324 59 323
326 321 324
328 30 327
330 33 229
332 328 330
334 20 55
336 250 335
338 319 337
340 34 339
342 40 78
344 85 343
346 2 345
348 2 146
350 277 349
352 28 153
354 351 352
356 347 355
358 96 357
360 333 341
362 359 360
364 54 223
366 28 365
368 31 344
370 367 368
372 139 370
374 329 373
376 33 375
378 70 326
380 61 179
382 379 381
i0 p0p02time29between02time29pm702time29pm8
i1 p0p02time29between02time29am502time29am2423
i2 p0p0bright0outside29brightness
i3 p0b0bed29exit
i4 p0b0bed29enter
i5 p0b02shades29closed
i6 p0b02shades29open
i7 p0b02time29am7
i8 p0b02time29sunday
i9 p0b02time29saturday
i10 p0b02alarm29alarm
l0 l0
l1 l1
l2 l2
l3 l3
l4 l4
o0 u02shades29ctrl0f1d2shades29move2to0f1d2shades29percent231b1b
o1 u02shades29ctrl0f1d2shades29move2to0f1d2shades29percent2423231b1b
o2 u02shades29ctrl02shades29ctrl
o3 u02alarm29control0f1d2alarm29turn2off1b
o4 u02alarm29control0f1d2alarm29turn2on1b
o5 u02alarm29control02alarm29control
