UNREALIZABLE
aag 65 4 4 5 57
2
4
6
8
10 93
12 115
14 128
16 130
27
34
27
45
40
18 10 17
20 13 15
22 16 21
24 11 23
26 19 25
28 12 14
30 17 29
32 11 30
34 20 32
36 18 21
38 33 37
40 29 36
42 39 41
44 25 43
46 5 7
48 3 9
50 24 31
52 41 51
54 48 53
56 47 55
58 7 48
60 39 58
62 47 61
64 57 63
66 27 65
68 14 32
70 19 69
72 9 53
74 71 73
76 3 8
78 9 18
80 25 79
82 2 9
84 77 83
86 81 84
88 75 87
90 46 89
92 67 91
94 8 63
96 5 6
98 9 96
100 95 99
102 3 42
104 101 102
106 21 71
108 82 106
110 5 109
112 63 111
114 105 113
116 4 6
118 39 82
120 76 106
122 46 119
124 121 122
126 57 117
128 125 126
130 50 92
i0 u0room29light0f1dturn2off1b
i1 u0room29light0f1dtoggle1b
i2 u0room29light0f1dturn2on1b
i3 u0room29light0room29light
l0 l0
l1 l1
l2 l2
l3 l3
o0 p0p0bright0outside29brightness
o1 p0b0switch29toggled
o2 p0b0room29empty
o3 p0b0room29light29off
o4 p0b0room29light29on
