UNREALIZABLE
aag 67 9 3 9 55
2
4
6
8
10
12
14
16
18
20 103
22 114
24 134
29
29
29
29
29
29
32
34
0
26 22 24
28 20 26
30 23 25
32 21 30
34 21 26
36 9 11
38 23 24
40 14 19
42 15 18
44 41 43
46 3 5
48 6 46
50 2 4
52 7 47
54 51 52
56 49 55
58 17 45
60 57 58
62 15 16
64 19 62
66 57 64
68 61 67
70 38 69
72 22 25
74 20 73
76 39 75
78 69 76
80 71 79
82 13 81
84 36 82
86 19 31
88 20 87
90 12 37
92 8 10
94 91 93
96 89 94
98 60 96
100 29 99
102 85 101
104 9 12
106 78 104
108 8 13
110 107 109
112 11 81
114 111 112
116 70 104
118 17 40
120 108 118
122 32 48
124 120 122
126 117 125
128 11 127
130 10 82
132 129 131
134 93 133
i0 u0counter0f1dinc0counter1b
i1 u0counter0f1ddec0counter1b
i2 u0counter0counter
i3 u0button2up0f1denable1b
i4 u0button2up0f1ddisable1b
i5 u0button2up0button2up
i6 u0button2down0f1denable1b
i7 u0button2down0f1ddisable1b
i8 u0button2down0button2down
l0 l0
l1 l1
l2 l2
o0 p0p0in2range0f1dinc0f1dinc0counter1b1b
o1 p0p0in2range0f1dinc0f1ddec0counter1b1b
o2 p0p0in2range0f1dinc0counter1b
o3 p0p0in2range0f1ddec0f1dinc0counter1b1b
o4 p0p0in2range0f1ddec0f1ddec0counter1b1b
o5 p0p0in2range0f1ddec0counter1b
o6 p0p0in2range0counter
o7 p0p0button2pressed0up
o8 p0p0button2pressed0down
