UNREALIZABLE
aag 19 4 2 8 13
2
4
6
8
10 38
12 36
11
14
0
0
17
11
0
0
14 11 13
16 10 12
18 7 9
20 5 18
22 3 20
24 6 8
26 3 25
28 21 27
30 4 19
32 11 31
34 23 32
36 29 34
38 17 37
i0 u02c2m29ctrl0f1d2c2m29turn2off1b
i1 u02c2m29ctrl0f1d2c2m29make2coffee1b
i2 u02c2m29ctrl0f1d2c2m29turn2on1b
i3 u02c2m29ctrl02c2m29ctrl
l0 l0
l1 l1
o0 p0b02room29somebody2leaves
o1 p0b02room29somebody2enters
o2 p0b02room29switch29toggled
o3 p0b02room29empty
o4 p0b02c2m29finished
o5 p0b02c2m29busy
o6 p0b02c2m29standby
o7 p0b02c2m29ready
