REALIZABLE
aag 19 3 2 8 14
2
4
6
8 34
10 38
21
20
24
26
28
32
33
0
12 7 11
14 6 8
16 10 14
18 13 17
20 5 19
22 2 5
24 12 22
26 16 22
28 25 27
30 2 4
32 16 31
34 19 31
36 3 12
38 27 37
i0 p0p0clicked0toggle2button
i1 p0p0clicked0counter2button
i2 p0p0activated0toggle
l0 l0
l1 l1
o0 u0value0f1dinc0value1b
o1 u0value0value
o2 u0toggle0f1don1b
o3 u0toggle0f1doff1b
o4 u0toggle0toggle
o5 u0counter2button0f1dset2label0counter2button0f1dminus2one1b1b
o6 u0counter2button0f1dset2label0counter2button0value1b
o7 u0counter2button0counter2button
