REALIZABLE
aag 648 9 6 4 633
2
4
6
8
10
12
14
16
18
20 668
22 857
24 997
26 1111
28 1217
30 1297
230
342
459
0
32 15 18
34 17 32
36 23 29
38 27 29
40 37 39
42 23 27
44 20 42
46 40 45
48 29 42
50 21 24
52 48 50
54 27 28
56 26 29
58 55 57
60 22 58
62 20 61
64 21 43
66 45 65
68 24 66
70 62 68
72 53 71
74 47 73
76 22 38
78 20 76
80 24 78
82 75 81
84 26 28
86 22 59
88 85 87
90 22 54
92 23 56
94 77 93
96 21 94
98 55 96
100 22 84
102 20 101
104 99 103
106 21 85
108 61 93
110 26 108
112 23 98
114 20 49
116 88 114
118 113 117
120 45 85
122 118 121
124 110 123
126 107 124
128 105 127
130 25 128
132 91 130
134 89 132
136 82 135
138 31 137
140 53 81
142 37 106
144 25 143
146 95 144
148 140 147
150 24 26
152 41 151
154 30 152
156 21 48
158 25 76
160 157 159
162 154 160
164 149 162
166 139 165
168 6 167
170 7 31
172 21 25
174 22 56
176 172 174
178 82 177
180 170 179
182 169 181
184 4 183
186 5 170
188 24 186
190 20 92
192 79 191
194 188 193
196 10 195
198 185 196
200 30 52
202 108 172
204 37 202
206 24 47
208 119 206
210 205 209
212 6 31
214 211 212
216 86 172
218 75 217
220 170 219
222 11 201
224 221 222
226 215 224
228 34 227
230 199 228
232 91 93
234 50 233
236 23 54
238 50 237
240 61 238
242 37 240
244 235 243
246 25 45
248 41 246
250 107 125
252 25 251
254 249 253
256 93 255
258 217 256
260 244 259
262 170 261
264 48 172
266 31 264
268 6 266
270 81 249
272 30 271
274 22 272
276 21 274
278 7 276
280 269 279
282 263 280
284 11 283
286 25 126
288 265 287
290 21 111
292 246 291
294 54 292
296 24 67
298 99 296
300 295 299
302 288 300
304 186 303
306 30 161
308 25 122
310 21 175
312 25 103
314 311 312
316 31 315
318 69 316
320 309 318
322 307 321
324 4 323
326 5 7
328 30 38
330 172 328
332 326 330
334 325 333
336 305 334
338 10 337
340 285 339
342 34 341
344 30 153
346 5 6
348 10 346
350 34 349
352 345 351
354 21 84
356 50 89
358 107 296
360 209 359
362 357 360
364 355 363
366 297 365
368 31 366
370 20 110
372 99 371
374 122 372
376 25 375
378 368 377
380 20 22
382 328 381
384 160 382
386 6 385
388 379 386
390 25 123
392 368 391
394 7 163
396 393 394
398 4 389
400 397 398
402 21 158
404 154 403
406 265 404
408 24 92
410 31 409
412 81 300
414 410 412
416 288 414
418 407 417
420 326 419
422 10 421
424 401 422
426 201 277
428 404 426
430 7 429
432 241 410
434 257 432
436 430 435
438 31 203
440 209 438
442 157 404
444 6 443
446 331 444
448 441 446
450 437 449
452 11 451
454 34 453
456 425 454
458 353 457
460 28 380
462 25 461
464 49 462
466 312 465
468 246 467
470 135 468
472 31 297
474 471 472
476 444 475
478 30 148
480 25 108
482 173 481
484 31 482
486 365 484
488 479 487
490 7 489
492 477 491
494 4 493
496 6 345
498 5 497
500 24 104
502 31 501
504 287 502
506 407 505
508 7 507
510 498 509
512 10 511
514 495 512
516 77 238
518 31 517
520 253 518
522 430 521
524 120 483
526 438 525
528 362 526
530 444 529
532 11 531
534 523 532
536 14 535
538 515 536
540 15 344
542 19 541
544 539 542
546 10 15
548 177 376
550 297 549
552 157 551
554 31 553
556 386 555
558 84 130
560 31 559
562 7 385
564 307 562
566 561 564
568 557 567
570 4 569
572 21 92
574 404 573
576 100 172
578 287 577
580 31 235
582 578 580
584 575 583
586 7 585
588 498 587
590 571 589
592 546 591
594 15 284
596 344 547
598 18 597
600 593 598
602 595 600
604 17 603
606 545 604
608 15 19
610 68 518
612 371 610
614 24 382
616 20 614
618 384 617
620 5 619
622 613 620
624 347 623
626 7 266
628 10 627
630 625 628
632 608 631
634 345 633
636 201 273
638 157 318
640 10 638
642 636 641
644 4 643
646 72 316
648 7 646
650 69 212
652 315 650
654 636 653
656 649 654
658 11 657
660 645 659
662 608 661
664 16 635
666 663 664
668 607 667
670 31 265
672 379 670
674 307 673
676 7 675
678 31 551
680 636 679
682 6 681
684 677 683
686 4 685
688 412 578
690 186 689
692 10 333
694 691 692
696 687 694
698 241 259
700 170 699
702 243 295
704 212 703
706 7 274
708 25 190
710 6 709
712 272 710
714 11 713
716 707 714
718 705 716
720 701 718
722 32 721
724 697 722
726 14 19
728 31 463
730 207 728
732 383 731
734 6 733
736 30 53
738 359 367
740 120 130
742 31 739
744 741 742
746 7 737
748 745 746
750 735 749
752 4 751
754 22 27
756 173 755
758 186 757
760 465 758
762 277 619
764 326 763
766 10 761
768 765 766
770 753 768
772 72 517
774 22 773
776 232 310
778 25 63
780 777 778
782 775 781
784 31 783
786 7 762
788 785 786
790 253 360
792 31 791
794 6 331
796 793 794
798 789 797
800 11 799
802 726 801
804 771 802
806 725 805
808 17 807
810 73 250
812 31 59
814 810 812
816 619 815
818 267 816
820 326 819
822 5 10
824 31 639
826 385 825
828 319 827
830 6 828
832 628 831
834 823 833
836 821 835
838 16 608
840 29 202
842 811 841
844 170 843
846 11 385
848 831 846
850 845 848
852 838 851
854 837 852
856 809 855
858 467 772
860 170 859
862 173 382
864 11 863
866 735 864
868 861 866
870 462 741
872 31 359
874 871 872
876 6 863
878 875 876
880 250 483
882 31 357
884 881 882
886 562 885
888 4 887
890 879 888
892 24 31
894 372 892
896 267 619
898 895 896
900 326 899
902 10 901
904 891 902
906 726 869
908 905 906
910 6 172
912 41 910
914 403 913
916 140 914
918 30 917
920 37 255
922 7 244
924 921 922
926 24 119
928 6 205
930 927 928
932 31 931
934 925 932
936 919 935
938 11 937
940 555 682
942 181 627
944 941 942
946 4 945
948 81 235
950 288 948
952 186 951
954 276 326
956 953 955
958 947 956
960 10 959
962 939 961
964 32 963
966 909 965
968 17 967
970 31 647
972 895 970
974 617 973
976 7 975
978 6 827
980 977 979
982 11 838
984 981 982
986 653 984
988 10 347
990 838 988
992 266 990
994 987 993
996 969 994
998 7 167
1000 269 999
1002 4 1001
1004 81 577
1006 186 1005
1008 326 572
1010 154 1008
1012 10 1011
1014 1007 1012
1016 1003 1014
1018 239 927
1020 243 1019
1022 45 55
1024 175 1022
1026 102 1024
1028 97 1027
1030 25 1029
1032 212 1031
1034 1021 1032
1036 709 736
1038 24 99
1040 144 1027
1042 1039 1041
1044 170 1043
1046 1037 1045
1048 1035 1046
1050 11 1049
1052 32 1051
1054 1017 1052
1056 207 254
1058 4 212
1060 1057 1058
1062 287 409
1064 186 1063
1066 10 1065
1068 1061 1066
1070 25 382
1072 24 1025
1074 31 1073
1076 295 1074
1078 871 1076
1080 1071 1079
1082 6 1081
1084 150 461
1086 79 292
1088 881 1086
1090 1085 1089
1092 170 1091
1094 11 1093
1096 1083 1094
1098 726 1069
1100 1097 1098
1102 1055 1101
1104 17 1103
1106 6 992
1108 985 1107
1110 1105 1108
1112 207 465
1114 737 1113
1116 6 1115
1118 7 426
1120 27 66
1122 25 39
1124 101 1122
1126 1121 1124
1128 53 235
1130 1127 1128
1132 31 1131
1134 1118 1133
1136 1117 1135
1138 11 1137
1140 650 841
1142 309 1140
1144 307 1143
1146 677 1144
1148 4 1147
1150 694 1149
1152 34 1139
1154 1151 1152
1156 31 133
1158 367 1073
1160 1156 1159
1162 863 1161
1164 4 1163
1166 24 55
1168 375 1166
1170 127 462
1172 316 1169
1174 1171 1172
1176 619 1175
1178 326 1177
1180 1165 1179
1182 10 1181
1184 120 465
1186 1156 1185
1188 6 1071
1190 1187 1188
1192 129 464
1194 28 773
1196 1193 1195
1198 31 1197
1200 7 619
1202 1199 1200
1204 11 1203
1206 1191 1204
1208 1183 1207
1210 17 726
1212 1209 1210
1214 987 1155
1216 1213 1214
1218 617 1118
1220 812 1112
1222 6 615
1224 1221 1222
1226 1219 1225
1228 11 1227
1230 330 347
1232 4 892
1234 354 1232
1236 10 1235
1238 1231 1236
1240 726 1239
1242 1229 1240
1244 165 169
1246 4 1245
1248 188 190
1250 1012 1249
1252 1247 1250
1254 295 882
1256 496 863
1258 1255 1256
1260 154 193
1262 109 1084
1264 580 1262
1266 1261 1265
1268 7 1267
1270 11 1269
1272 1259 1270
1274 32 1273
1276 1253 1274
1278 1243 1277
1280 17 1279
1282 7 11
1284 817 1282
1286 4 829
1288 10 624
1290 1287 1288
1292 1285 1291
1294 838 1293
1296 1281 1295
i0 p0b02room29bed29occupied
i1 p0b02room29somebody2leaves
i2 p0b02room29somebody2enters
i3 p0b02room29switch29toggled
i4 p0b02room29empty
i5 p0b02c2m29finished
i6 p0b02c2m29busy
i7 p0b02c2m29standby
i8 p0b02c2m29ready
l0 l0
l1 l1
l2 l2
l3 l3
l4 l4
l5 l5
o0 u02c2m29ctrl0f1d2c2m29turn2off1b
o1 u02c2m29ctrl0f1d2c2m29make2coffee1b
o2 u02c2m29ctrl0f1d2c2m29turn2on1b
o3 u02c2m29ctrl02c2m29ctrl
