UNREALIZABLE
aag 133 13 4 13 116
2
4
6
8
10
12
14
16
18
20
22
24
26
28 147
30 225
32 251
34 267
41
0
69
39
0
1
71
75
79
0
72
0
0
36 33 35
38 31 36
40 28 38
42 30 35
44 31 34
46 43 45
48 29 31
50 32 49
52 46 50
54 28 31
56 35 54
58 30 34
60 33 59
62 57 60
64 28 57
66 53 63
68 65 66
70 36 49
72 33 47
74 28 73
76 45 57
78 33 77
80 2 10
82 3 11
84 5 81
86 83 84
88 7 86
90 4 82
92 7 90
94 5 6
96 82 94
98 93 97
100 89 98
102 9 101
104 5 7
106 8 82
108 104 106
110 103 109
112 17 20
114 75 112
116 16 21
118 69 116
120 115 119
122 12 15
124 13 14
126 123 125
128 24 26
130 25 27
132 23 129
134 131 132
136 22 130
138 135 137
140 19 127
142 139 140
144 111 142
146 121 144
148 113 117
150 19 149
152 17 18
154 21 152
156 151 155
158 139 157
160 32 158
162 47 160
164 127 162
166 58 127
168 160 166
170 165 169
172 27 44
174 25 42
176 173 175
178 139 177
180 35 48
182 134 180
184 179 183
186 62 127
188 158 186
190 184 188
192 170 191
194 108 193
196 33 127
198 157 196
200 185 198
202 61 127
204 158 202
206 201 205
208 99 207
210 3 10
212 168 210
214 165 201
216 213 214
218 88 217
220 209 219
222 9 221
224 195 223
226 96 127
228 41 226
230 158 228
232 90 171
234 11 162
236 86 204
238 235 236
240 233 239
242 7 241
244 231 243
246 9 245
248 108 207
250 247 249
252 101 190
254 104 212
256 96 204
258 163 256
260 253 259
262 255 260
264 9 263
266 195 265
i0 u0window0f1denable2button0up1b
i1 u0window0f1denable2button0down1b
i2 u0window0f1ddisable2button0up1b
i3 u0window0f1ddisable2button0down1b
i4 u0window0window
i5 u0selected0f1dtoggle0selected1b
i6 u0selected0selected
i7 u0second2counter0f1dincrement0second2counter1b
i8 u0second2counter0f1ddecrement0second2counter1b
i9 u0second2counter0second2counter
i10 u0first2counter0f1dincrement0first2counter1b
i11 u0first2counter0f1ddecrement0first2counter1b
i12 u0first2counter0first2counter
l0 l0
l1 l1
l2 l2
l3 l3
o0 p0p0second0selected
o1 p0p0in2range0f1dincrement0f1dincrement0first2counter1b1b
o2 p0p0in2range0f1dincrement0second2counter1b
o3 p0p0in2range0f1dincrement0first2counter1b
o4 p0p0in2range0f1ddecrement0f1dincrement0first2counter1b1b
o5 p0p0in2range0f1ddecrement0second2counter1b
o6 p0p0in2range0f1ddecrement0first2counter1b
o7 p0p0in2range0second2counter
o8 p0p0in2range0first2counter
o9 p0p0first0selected
o10 p0p0button2pressed0up
o11 p0p0button2pressed0switch
o12 p0p0button2pressed0down
