REALIZABLE
aag 1314 9 6 8 1299
2
4
6
8
10
12
14
16
18
20 1692
22 1975
24 2243
26 2417
28 2599
30 2629
269
0
565
814
1178
1263
0
1383
32 14 17
34 11 12
36 7 9
38 34 36
40 25 29
42 27 40
44 31 42
46 22 29
48 21 47
50 44 48
52 25 27
54 24 26
56 29 55
58 30 56
60 23 58
62 53 60
64 51 63
66 38 65
68 6 34
70 27 28
72 26 29
74 71 73
76 24 28
78 22 77
80 74 78
82 20 80
84 27 29
86 21 84
88 25 86
90 24 29
92 23 40
94 23 54
96 93 95
98 91 97
100 21 98
102 89 101
104 83 102
106 31 105
108 63 107
110 68 109
112 19 31
114 53 100
116 112 114
118 51 117
120 18 56
122 53 120
124 30 123
126 23 120
128 30 127
130 125 129
132 19 56
134 23 90
136 20 135
138 132 137
140 87 138
142 131 141
144 62 142
146 118 145
148 11 13
150 147 148
152 67 111
154 151 152
156 32 155
158 15 16
160 19 21
162 22 161
164 58 163
166 53 164
168 51 167
170 38 169
172 9 61
174 166 173
176 107 175
178 68 177
180 53 58
182 18 31
184 20 73
186 94 184
188 31 186
190 183 189
192 107 190
194 23 77
196 41 194
198 21 197
200 22 55
202 47 201
204 43 203
206 198 205
208 23 73
210 54 208
212 23 211
214 26 46
216 20 23
218 20 77
220 217 219
222 215 221
224 213 222
226 18 207
228 225 226
230 193 229
232 10 181
234 231 232
236 22 52
238 20 236
240 89 239
242 18 241
244 132 241
246 243 245
248 31 247
250 22 58
252 24 250
254 11 253
256 249 254
258 13 257
260 235 258
262 171 179
264 261 262
266 158 265
268 157 267
270 46 53
272 21 271
274 91 272
276 20 84
278 26 208
280 41 78
282 279 281
284 20 283
286 25 28
288 27 286
290 194 289
292 222 291
294 285 293
296 277 294
298 135 297
300 31 299
302 275 300
304 19 20
306 84 304
308 30 42
310 46 52
312 160 310
314 308 313
316 8 315
318 306 316
320 302 319
322 308 317
324 321 323
326 68 325
328 46 54
330 21 328
332 26 90
334 216 332
336 331 335
338 9 31
340 337 338
342 23 308
344 8 342
346 341 345
348 13 347
350 23 84
352 302 351
354 8 13
356 39 355
358 352 357
360 38 314
362 349 361
364 359 362
366 327 364
368 158 367
370 13 32
372 22 54
374 24 70
376 23 374
378 373 377
380 48 379
382 28 236
384 212 289
386 216 385
388 383 387
390 381 388
392 182 391
394 55 270
396 30 394
398 393 397
400 31 239
402 389 400
404 8 403
406 398 404
408 25 46
410 26 408
412 30 410
414 9 413
416 20 22
418 288 416
420 187 419
422 381 420
424 191 423
426 414 425
428 11 427
430 407 428
432 75 196
434 20 432
436 55 91
438 208 437
440 20 438
442 435 441
444 200 289
446 73 280
448 20 446
450 57 194
452 21 451
454 53 200
456 77 454
458 23 375
460 91 351
462 458 460
464 452 457
466 463 464
468 449 467
470 445 469
472 442 471
474 18 473
476 75 280
478 21 476
480 23 86
482 31 481
484 479 482
486 442 484
488 183 487
490 475 489
492 172 491
494 30 57
496 10 495
498 492 496
500 61 495
502 25 350
504 501 503
506 10 505
508 281 311
510 208 436
512 289 510
514 508 513
516 31 304
518 515 516
520 135 351
522 21 520
524 271 383
526 112 524
528 522 526
530 18 21
532 271 444
534 463 533
536 530 535
538 18 20
540 75 200
542 538 541
544 515 542
546 537 545
548 31 547
550 8 519
552 529 550
554 549 552
556 506 554
558 431 557
560 499 558
562 370 561
564 369 563
566 14 494
568 33 567
570 63 554
572 493 571
574 10 573
576 21 93
578 138 577
580 43 128
582 579 580
584 393 583
586 404 584
588 120 215
590 27 46
592 93 591
594 160 593
596 30 307
598 589 596
600 595 598
602 9 601
604 425 602
606 587 605
608 118 607
610 11 609
612 575 611
614 13 613
616 12 497
618 51 505
620 107 618
622 6 621
624 8 495
626 619 625
628 11 627
630 623 628
632 616 631
634 17 633
636 615 634
638 569 637
640 53 56
642 23 287
644 375 642
646 48 645
648 209 281
650 20 649
652 81 650
654 647 653
656 31 655
658 641 656
660 9 397
662 659 660
664 123 656
666 58 162
668 309 667
670 315 669
672 8 671
674 665 672
676 663 675
678 6 677
680 87 523
682 503 681
684 271 682
686 296 685
688 338 687
690 7 625
692 671 690
694 689 692
696 11 695
698 679 696
700 616 699
702 8 31
704 8 311
706 703 705
708 18 379
710 48 96
712 709 710
714 328 538
716 184 212
718 304 476
720 715 717
722 719 720
724 713 722
726 31 725
728 707 727
730 9 309
732 55 79
734 222 733
736 351 383
738 734 736
740 112 331
742 102 740
744 43 200
746 198 745
748 182 735
750 747 748
752 743 751
754 739 753
756 730 755
758 10 729
760 757 758
762 24 46
764 58 763
766 243 311
768 31 89
770 336 768
772 766 770
774 9 765
776 773 774
778 63 413
780 47 682
782 22 70
784 18 782
786 650 785
788 781 787
790 31 789
792 707 778
794 791 792
796 11 777
798 795 796
800 13 799
802 761 800
804 16 803
806 701 804
808 15 494
810 159 809
812 807 811
814 639 813
816 19 503
818 85 409
820 20 818
822 577 821
824 816 822
826 132 825
828 503 826
830 30 828
832 113 353
834 75 194
836 222 835
838 23 52
840 524 839
842 681 840
844 837 843
846 19 845
848 833 847
850 125 849
852 831 851
854 9 853
856 690 855
858 27 642
860 516 858
862 164 816
864 861 863
866 8 865
868 289 509
870 20 869
872 511 870
874 21 532
876 101 875
878 21 237
880 463 878
882 876 880
884 18 873
886 883 884
888 31 886
890 91 858
892 81 891
894 516 893
896 112 877
898 6 63
900 895 898
902 867 900
904 897 902
906 889 904
908 11 907
910 857 908
912 497 911
914 12 913
916 9 13
918 58 825
920 18 337
922 41 82
924 442 923
926 19 925
928 351 926
930 237 351
932 329 783
934 287 932
936 930 934
938 160 937
940 455 938
942 31 941
944 921 942
946 929 944
948 919 947
950 916 949
952 121 829
954 10 839
956 953 954
958 120 839
960 40 216
962 87 961
964 816 963
966 959 965
968 11 967
970 30 969
972 957 970
974 73 194
976 681 975
978 202 976
980 48 237
982 459 980
984 239 983
986 979 984
988 717 986
990 19 989
992 833 991
994 354 973
996 993 994
998 951 997
1000 915 998
1002 16 1001
1004 811 1003
1006 409 783
1008 195 1006
1010 24 75
1012 20 373
1014 19 1012
1016 1011 1014
1018 1008 1016
1020 942 1019
1022 425 1020
1024 117 1022
1026 9 962
1028 589 1026
1030 339 1029
1032 1025 1031
1034 18 42
1036 313 1035
1038 128 1036
1040 112 983
1042 21 1040
1044 385 1006
1046 1040 1044
1048 1043 1047
1050 1039 1048
1052 393 1050
1054 8 1053
1056 1033 1055
1058 11 1057
1060 18 62
1062 8 1061
1064 20 512
1066 986 1065
1068 112 1067
1070 549 1069
1072 145 1062
1074 1070 1072
1076 927 941
1078 475 1076
1080 31 1079
1082 481 961
1084 128 1082
1086 1081 1085
1088 9 1087
1090 1075 1089
1092 10 1091
1094 1059 1093
1096 13 1095
1098 222 385
1100 274 975
1102 455 1100
1104 1099 1103
1106 182 1105
1108 31 1107
1110 295 891
1112 272 520
1114 455 1112
1116 1111 1115
1118 19 1117
1120 1108 1119
1122 730 1121
1124 19 30
1126 56 576
1128 961 1127
1130 43 1128
1132 1124 1131
1134 272 645
1136 455 1134
1138 285 1137
1140 19 1139
1142 1108 1141
1144 8 309
1146 1133 1144
1148 1143 1146
1150 1123 1149
1152 6 1151
1154 30 952
1156 843 1013
1158 112 1156
1160 9 1159
1162 1155 1160
1164 690 1163
1166 11 1165
1168 1153 1166
1170 616 1169
1172 17 1171
1174 1097 1172
1176 569 1175
1178 1005 1177
1180 8 144
1182 117 1181
1184 148 1183
1186 19 702
1188 26 716
1190 1186 1188
1192 19 1129
1194 180 1192
1196 197 237
1198 20 1197
1200 112 535
1202 1198 1200
1204 117 1195
1206 1203 1204
1208 9 1207
1210 1191 1209
1212 68 1211
1214 1185 1213
1216 32 1215
1218 75 514
1220 197 1219
1222 516 1221
1224 160 250
1226 1223 1225
1228 9 1227
1230 20 1009
1232 930 1186
1234 1230 1232
1236 1229 1235
1238 68 1237
1240 38 1218
1242 432 916
1244 1241 1243
1246 516 1245
1248 160 410
1250 8 30
1252 148 1250
1254 1248 1252
1256 1247 1255
1258 1239 1256
1260 158 1259
1262 1217 1261
1264 9 30
1266 825 1264
1268 9 921
1270 1020 1268
1272 822 1124
1274 8 1273
1276 343 1274
1278 993 1276
1280 13 1267
1282 1271 1280
1284 1279 1282
1286 19 1157
1288 833 1287
1290 18 308
1292 1273 1291
1294 1289 1292
1296 38 1295
1298 343 667
1300 211 1012
1302 383 1300
1304 31 1303
1306 876 1304
1308 183 1307
1310 887 1309
1312 1298 1311
1314 68 1313
1316 1285 1315
1318 1297 1316
1320 158 1319
1322 32 34
1324 1159 1273
1326 36 1325
1328 1108 1188
1330 640 1193
1332 30 1331
1334 6 1333
1336 1143 1334
1338 1329 1336
1340 1327 1339
1342 1322 1341
1344 30 825
1346 1023 1345
1348 11 414
1350 1347 1348
1352 30 140
1354 9 10
1356 251 1354
1358 1353 1356
1360 1081 1358
1362 979 1049
1364 398 1363
1366 11 1365
1368 506 1070
1370 1274 1367
1372 1369 1370
1374 370 1351
1376 1361 1374
1378 1373 1376
1380 1343 1379
1382 1321 1380
1384 221 379
1386 285 1385
1388 112 1135
1390 1386 1388
1392 502 538
1394 31 1392
1396 8 1395
1398 1133 1396
1400 90 417
1402 482 1401
1404 250 1035
1406 113 172
1408 1403 1405
1410 1406 1408
1412 1399 1411
1414 1391 1413
1416 6 1415
1418 7 624
1420 181 251
1422 129 1420
1424 1193 1423
1426 20 433
1428 31 305
1430 503 1249
1432 24 203
1434 783 1433
1436 433 1430
1438 1434 1436
1440 1427 1428
1442 1439 1440
1444 36 1425
1446 1443 1444
1448 1419 1447
1450 1417 1448
1452 11 1451
1454 616 1453
1456 778 1125
1458 21 503
1460 593 1458
1462 592 822
1464 19 1461
1466 1463 1464
1468 1457 1467
1470 19 379
1472 97 184
1474 18 1473
1476 923 1474
1478 979 1476
1480 31 161
1482 1471 1480
1484 1479 1482
1486 1469 1485
1488 8 1487
1490 161 590
1492 1430 1491
1494 1264 1493
1496 31 435
1498 395 681
1500 1496 1499
1502 526 1501
1504 287 533
1506 645 980
1508 1505 1506
1510 74 1198
1512 481 875
1514 239 1509
1516 1511 1512
1518 1514 1516
1520 18 1519
1522 338 1503
1524 1521 1522
1526 148 1495
1528 1525 1526
1530 1489 1528
1532 520 980
1534 19 1532
1536 513 1197
1538 74 1537
1540 304 1539
1542 1535 1541
1544 20 1537
1546 1543 1545
1548 1189 1509
1550 18 1549
1552 338 1551
1554 1547 1552
1556 18 58
1558 1273 1557
1560 10 1558
1562 18 1384
1564 1551 1563
1566 702 1542
1568 1564 1566
1570 13 1560
1572 1555 1570
1574 1569 1572
1576 17 1531
1578 1575 1576
1580 1455 1578
1582 569 1581
1584 979 1231
1586 112 1585
1588 831 1396
1590 1587 1588
1592 53 287
1594 436 1592
1596 222 1595
1598 31 1597
1600 1499 1598
1602 113 1601
1604 1395 1602
1606 929 939
1608 1605 1606
1610 9 1558
1612 1609 1610
1614 10 1591
1616 1613 1614
1618 56 131
1620 141 1225
1622 1618 1620
1624 18 1198
1626 183 1501
1628 530 937
1630 1625 1629
1632 1627 1630
1634 1623 1633
1636 9 1635
1638 1489 1637
1640 11 1639
1642 13 1617
1644 1641 1642
1646 104 277
1648 112 1647
1650 863 1396
1652 1649 1650
1654 18 105
1656 31 1655
1658 9 1619
1660 1657 1658
1662 6 1653
1664 1661 1662
1666 839 932
1668 21 1667
1670 1496 1669
1672 343 1671
1674 831 1672
1676 36 1675
1678 1419 1677
1680 1665 1678
1682 11 1681
1684 616 1683
1686 16 1645
1688 1685 1686
1690 811 1689
1692 1583 1691
1694 58 1473
1696 827 1694
1698 1434 1458
1700 223 1699
1702 19 1701
1704 279 447
1706 818 1704
1708 538 1707
1710 503 530
1712 524 1710
1714 31 1713
1716 1709 1714
1718 1703 1716
1720 1697 1719
1722 36 1721
1724 8 1291
1726 300 1113
1728 113 1727
1730 377 419
1732 983 1730
1734 19 1732
1736 1189 1734
1738 1729 1737
1740 1724 1739
1742 502 530
1744 123 1743
1746 245 1744
1748 30 1747
1750 461 530
1752 20 436
1754 455 1752
1756 1040 1755
1758 979 1756
1760 183 1759
1762 521 538
1764 410 538
1766 1751 1763
1768 1765 1766
1770 1761 1768
1772 9 1273
1774 1749 1772
1776 1771 1774
1778 6 1777
1780 1741 1778
1782 1723 1781
1784 1322 1783
1786 1065 1509
1788 18 1787
1790 31 715
1792 1789 1790
1794 202 522
1796 72 416
1798 1231 1797
1800 1795 1798
1802 19 1801
1804 1792 1803
1806 1560 1805
1808 1355 1807
1810 19 1513
1812 433 1596
1814 511 1812
1816 205 452
1818 1815 1817
1820 18 1819
1822 1019 1811
1824 1821 1822
1826 338 1825
1828 1809 1827
1830 293 1101
1832 112 1831
1834 180 1249
1836 8 1835
1838 1833 1836
1840 1107 1838
1842 19 28
1844 454 1843
1846 976 1845
1848 735 1496
1850 1847 1848
1852 30 591
1854 965 1852
1856 1851 1855
1858 9 1857
1860 1841 1859
1862 11 1861
1864 370 1863
1866 1829 1864
1868 1186 1733
1870 43 112
1872 435 984
1874 1870 1873
1876 1420 1875
1878 9 1877
1880 1869 1879
1882 10 1881
1884 447 1040
1886 377 1884
1888 143 1887
1890 8 1889
1892 433 1884
1894 500 1893
1896 9 1895
1898 182 923
1900 115 1898
1902 11 1043
1904 1901 1902
1906 1891 1904
1908 1897 1906
1910 1883 1909
1912 13 1911
1914 287 454
1916 682 1915
1918 373 1426
1920 1917 1919
1922 19 1921
1924 51 1602
1926 1923 1925
1928 1558 1927
1930 38 1929
1932 198 524
1934 1301 1933
1936 19 1935
1938 31 1393
1940 1937 1938
1942 9 1557
1944 1298 1942
1946 1941 1944
1948 81 1300
1950 983 1949
1952 19 1951
1954 85 1952
1956 1655 1955
1958 31 1957
1960 1062 1959
1962 68 1947
1964 1961 1962
1966 1931 1965
1968 1913 1966
1970 158 1969
1972 1867 1971
1974 1785 1972
1976 308 767
1978 816 1433
1980 681 1978
1982 26 92
1984 221 1983
1986 1011 1984
1988 31 1987
1990 685 1988
1992 113 1991
1994 1017 1981
1996 1993 1994
1998 1977 1997
2000 36 1999
2002 211 839
2004 870 2002
2006 19 881
2008 2005 2006
2010 1729 2009
2012 1144 2011
2014 1765 1938
2016 81 439
2018 132 1459
2020 2016 2018
2022 2014 2021
2024 9 1695
2026 2023 2024
2028 6 2027
2030 2013 2028
2032 2001 2031
2034 1322 2033
2036 8 434
2038 42 416
2040 442 2039
2042 2037 2041
2044 43 78
2046 8 782
2048 2045 2047
2050 452 2048
2052 2043 2051
2054 19 2053
2056 463 1816
2058 239 441
2060 2057 2058
2062 18 2061
2064 2055 2063
2066 11 2065
2068 642 1011
2070 200 2045
2072 2069 2071
2074 21 2073
2076 83 442
2078 2075 2076
2080 9 19
2082 2079 2080
2084 160 2068
2086 19 879
2088 2017 2086
2090 2085 2089
2092 8 2091
2094 1821 2093
2096 2083 2094
2098 10 2097
2100 2067 2099
2102 13 31
2104 2101 2102
2106 45 620
2108 9 2107
2110 8 863
2112 108 2110
2114 1187 2113
2116 112 1473
2118 1935 2116
2120 2115 2119
2122 68 2109
2124 2121 2122
2126 1813 1917
2128 19 2127
2130 1925 2129
2132 165 2131
2134 38 2133
2136 58 954
2138 23 1193
2140 11 1694
2142 2139 2140
2144 2137 2143
2146 354 2145
2148 2135 2147
2150 2125 2148
2152 2105 2150
2154 158 2153
2156 21 1593
2158 26 2156
2160 115 2159
2162 219 1753
2164 447 2163
2166 1509 2165
2168 2160 2166
2170 19 2169
2172 1792 2171
2174 1560 2173
2176 1355 2175
2178 112 469
2180 1420 2179
2182 9 2181
2184 452 455
2186 735 2185
2188 18 2187
2190 442 2189
2192 307 338
2194 2191 2192
2196 2183 2195
2198 2177 2196
2200 763 1132
2202 160 1505
2204 299 2203
2206 1729 2204
2208 1724 2201
2210 2207 2208
2212 78 289
2214 160 451
2216 2213 2214
2218 96 443
2220 530 737
2222 2217 2221
2224 2219 2222
2226 31 2225
2228 9 253
2230 2227 2228
2232 2211 2231
2234 11 2233
2236 370 2199
2238 2235 2236
2240 2035 2155
2242 2239 2240
2244 1015 1600
2246 165 2245
2248 38 2247
2250 138 516
2252 2112 2251
2254 1938 1953
2256 172 667
2258 2255 2256
2260 68 2259
2262 2253 2260
2264 522 818
2266 1666 2264
2268 74 284
2270 2267 2269
2272 338 2271
2274 9 779
2276 11 2275
2278 2273 2276
2280 704 764
2282 351 702
2284 240 2282
2286 2281 2285
2288 2278 2286
2290 1189 2159
2292 338 2291
2294 225 277
2296 1817 2294
2298 702 2296
2300 10 345
2302 2293 2300
2304 2299 2302
2306 13 2289
2308 2305 2306
2310 2249 2263
2312 2309 2310
2314 158 2313
2316 73 373
2318 20 2317
2320 333 2319
2322 112 2321
2324 215 681
2326 182 1987
2328 2325 2326
2330 1977 2323
2332 2329 2330
2334 38 2333
2336 1144 1727
2338 1695 2015
2340 18 2339
2342 1273 2341
2344 245 2343
2346 53 78
2348 99 2347
2350 20 2349
2352 2156 2347
2354 31 2353
2356 2351 2354
2358 861 2014
2360 2357 2358
2362 9 2361
2364 2345 2362
2366 68 2337
2368 2365 2366
2370 1473 2170
2372 1564 2371
2374 702 2373
2376 9 112
2378 2293 2377
2380 19 1511
2382 2160 2380
2384 2379 2383
2386 8 830
2388 10 2385
2390 2387 2388
2392 2375 2390
2394 8 779
2396 53 295
2398 1533 2397
2400 702 2399
2402 2395 2401
2404 2278 2402
2406 13 2405
2408 2393 2406
2410 2335 2369
2412 2409 2410
2414 32 2413
2416 2315 2415
2418 123 1647
2420 1656 2419
2422 8 1298
2424 2421 2422
2426 1870 1951
2428 9 1225
2430 2427 2428
2432 68 2431
2434 2425 2432
2436 28 838
2438 21 2437
2440 783 2438
2442 329 2440
2444 19 1594
2446 1426 2445
2448 31 2443
2450 2447 2448
2452 667 2451
2454 38 2453
2456 304 1705
2458 930 1596
2460 2265 2457
2462 2459 2460
2464 338 2463
2466 766 2282
2468 11 2281
2470 2467 2468
2472 2465 2470
2474 817 2297
2476 702 2090
2478 2475 2476
2480 21 934
2482 1471 2480
2484 236 1842
2486 20 451
2488 2485 2486
2490 338 2489
2492 2483 2490
2494 2300 2493
2496 2479 2494
2498 13 2473
2500 2497 2498
2502 2435 2455
2504 2501 2502
2506 158 2505
2508 1186 1387
2510 1533 2269
2512 2457 2510
2514 338 2513
2516 11 2509
2518 2515 2516
2520 2402 2518
2522 419 1507
2524 112 2523
2526 702 1384
2528 31 1549
2530 10 2525
2532 2527 2530
2534 2529 2532
2536 370 2535
2538 2521 2536
2540 294 1113
2542 31 2541
2544 8 181
2546 2543 2544
2548 1132 1473
2550 183 2357
2552 18 1984
2554 411 530
2556 2553 2555
2558 2551 2556
2560 9 2549
2562 2559 2560
2564 6 2547
2566 2563 2564
2568 285 1842
2570 2441 2568
2572 541 2438
2574 1984 2437
2576 18 2573
2578 2575 2576
2580 2571 2579
2582 31 2581
2584 181 2583
2586 36 2585
2588 1264 1742
2590 2567 2589
2592 2587 2590
2594 1322 2593
2596 2539 2595
2598 2507 2596
2600 33 159
2602 1421 2601
2604 435 479
2606 31 32
2608 2605 2606
2610 2603 2609
2612 916 2611
2614 410 1428
2616 343 2615
2618 6 19
2620 9 531
2622 2619 2620
2624 1322 2622
2626 2617 2624
2628 2613 2627
i0 p0p0bright0outside29brightness
i1 p0b02room29bed29occupied
i2 p0b02room29somebody2leaves
i3 p0b02room29somebody2enters
i4 p0b02room29switch29toggled
i5 p0b02room29empty
i6 p0b02roomlight29off
i7 p0b02roomlight29on
i8 p0b02timer29timeout
l0 l0
l1 l1
l2 l2
l3 l3
l4 l4
l5 l5
o0 u02roomlight29light0f1d2roomlight29turn2off1b
o1 u02roomlight29light0f1d2roomlight29toggle1b
o2 u02roomlight29light0f1d2roomlight29turn2on1b
o3 u02roomlight29light02roomlight29light
o4 u02timer29start2new2timer0f1d2timer29hour251b
o5 u02timer29start2new2timer0f1d2timer29hour241b
o6 u02timer29start2new2timer0f1d2timer29min25231b
o7 u02timer29start2new2timer02timer29start2new2timer
