REALIZABLE
aag 36 4 3 9 29
2
4
6
8
10 71
12 72
14 42
66
64
0
61
62
0
40
39
0
16 10 12
18 14 16
20 4 10
22 15 21
24 3 22
26 5 11
28 3 13
30 14 28
32 27 30
34 5 17
36 24 35
38 33 37
40 19 38
42 25 40
44 5 30
46 11 12
48 2 47
50 22 48
52 45 51
54 42 52
56 6 8
58 19 56
60 55 59
62 19 60
64 6 62
66 19 65
68 4 50
70 38 69
72 19 52
i0 p0p0right2most0pos
i1 p0p0left2most0pos
i2 p0p0clicked0button
i3 p0p0center0pos
l0 l0
l1 l1
l2 l2
o0 u0vel0f1dadd0vel0f1done1b1b
o1 u0vel0f1done1b
o2 u0vel0vel
o3 u0score0f1dadd0score0f1done1b1b
o4 u0score0f1dzero1b
o5 u0score0score
o6 u0pos0f1dsub0pos0vel1b
o7 u0pos0f1dadd0pos0vel1b
o8 u0pos0pos
