UNREALIZABLE
aag 106 10 4 16 92
2
4
6
8
10
12
14
16
18
20
22 166
24 199
26 211
28 212
49
52
49
49
56
61
49
49
46
0
49
0
49
0
0
64
30 26 29
32 23 27
34 31 33
36 23 29
38 26 36
40 35 39
42 24 41
44 27 28
46 43 44
48 28 47
50 23 25
52 30 51
54 29 42
56 35 55
58 22 46
60 55 59
62 27 29
64 50 62
66 19 21
68 17 66
70 15 68
72 18 20
74 15 73
76 69 75
78 16 67
80 13 79
82 77 80
84 71 83
86 13 70
88 2 5
90 3 4
92 89 91
94 87 93
96 85 94
98 7 96
100 8 11
102 98 100
104 38 103
106 9 10
108 98 106
110 6 9
112 11 110
114 96 112
116 109 115
118 23 117
120 22 29
122 114 121
124 27 123
126 119 124
128 116 120
130 26 128
132 25 105
134 127 132
136 131 134
138 36 115
140 24 26
142 139 140
144 129 142
146 29 102
148 23 116
150 37 149
152 147 151
154 103 109
156 120 154
158 24 27
160 157 158
162 153 160
164 137 145
166 163 164
168 115 145
170 30 169
172 103 115
174 151 173
176 109 172
178 29 177
180 22 178
182 175 181
184 158 183
186 38 177
188 27 121
190 155 188
192 187 191
194 25 193
196 171 195
198 185 196
200 27 122
202 187 201
204 25 203
206 119 179
208 158 207
210 205 209
212 52 177
i0 u0music29ctrl0f1dplay0f1dalarm1b1b
i1 u0music29ctrl0music29ctrl
i2 u02frontdoor29door0f1d2frontdoor29unlock1b
i3 u02frontdoor29door0f1d2frontdoor29lock1b
i4 u02frontdoor29door02frontdoor29door
i5 u02blackout2timer29start2new2timer0f1dmin25231b
i6 u02blackout2timer29start2new2timer0f1d2blackout2timer29hour251b
i7 u02blackout2timer29start2new2timer0f1d2blackout2timer29hour241b
i8 u02blackout2timer29start2new2timer0f1d2blackout2timer29min25231b
i9 u02blackout2timer29start2new2timer02blackout2timer29start2new2timer
l0 l0
l1 l1
l2 l2
l3 l3
o0 p0p02time29between0p1db02time29am231b02time29am2423
o1 p0p02time29between0p1db02time29am51b02time29am2423
o2 p0b02system29blackout
o3 p0b02firesensor29fire
o4 p0b02frontdoor29unlocked
o5 p0b02frontdoor29locked
o6 p0b02blackout2timer29timeout
o7 p0b02time29am23
o8 p0b02time29am5
o9 p0b02room29bed29occupied
o10 p0b02room29sombebody2enters
o11 p0b02room29somebody2leaves
o12 p0b02room29sombebody2leaves
o13 p0b02room29somebody2enters
o14 p0b02room29switch29toggled
o15 p0b02room29empty
