REALIZABLE
aag 46 9 3 4 34
2
4
6
8
10
12
14
16
18
20 84
22 92
24 65
34
69
70
76
26 23 25
28 2 5
30 18 28
32 21 26
34 30 32
36 19 23
38 3 4
40 20 27
42 37 38
44 40 42
46 24 38
48 31 47
50 19 28
52 39 51
54 19 38
56 21 55
58 41 57
60 53 59
62 21 49
64 61 63
66 45 49
68 65 66
70 4 68
72 47 56
74 27 30
76 72 74
78 25 38
80 31 79
82 21 81
84 45 83
86 22 46
88 20 75
90 87 88
92 73 91
i0 p0b02roomlight29off
i1 p0b02roomlight29on
i2 p0b02room29bed29occupied
i3 p0b02room29sombebody2enters
i4 p0b02room29somebody2leaves
i5 p0b02room29sombebody2leaves
i6 p0b02room29somebody2enters
i7 p0b02room29switch29toggled
i8 p0b02room29empty
l0 l0
l1 l1
l2 l2
o0 u02roomlight29light0f1d2roomlight29turn2off1b
o1 u02roomlight29light0f1d2roomlight29toggle1b
o2 u02roomlight29light0f1d2roomlight29turn2on1b
o3 u02roomlight29light02roomlight29light
