REALIZABLE
aag 70 4 4 3 62
2
4
6
8
10 97
12 125
14 135
16 141
55
86
98
18 10 15
20 12 15
22 13 14
24 21 23
26 11 24
28 19 27
30 9 29
32 3 17
34 5 12
36 8 34
38 29 36
40 32 39
42 31 40
44 11 13
46 16 44
48 4 15
50 46 48
52 3 50
54 43 53
56 7 15
58 5 57
60 11 58
62 7 13
64 5 10
66 63 64
68 61 67
70 17 69
72 5 15
74 46 72
76 71 75
78 26 35
80 69 79
82 17 81
84 43 83
86 77 84
88 11 79
90 45 89
92 42 91
94 85 93
96 51 95
98 54 97
100 2 77
102 59 91
104 21 66
106 8 105
108 103 106
110 25 58
112 61 89
114 111 113
116 9 67
118 115 116
120 32 109
122 119 120
124 101 123
126 83 100
128 40 103
130 99 128
132 53 127
134 131 132
136 3 74
138 32 38
140 137 139
i0 p0p0exit2event0top
i1 p0p0exit2event0bottom
i2 p0p0enter2event0top
i3 p0p0enter2event0bottom
l0 l0
l1 l1
l2 l2
l3 l3
o0 u0steps0f1dmove2up1b
o1 u0steps0f1dmove2down1b
o2 u0steps0steps
