UNREALIZABLE
aag 86 14 3 19 69
2
4
6
8
10
12
14
16
18
20
22
24
26
28
30 133
32 148
34 172
43
45
45
45
45
45
45
45
45
45
45
45
45
46
50
0
52
48
0
36 33 34
38 32 35
40 37 39
42 30 40
44 32 42
46 31 40
48 31 33
50 35 48
52 32 43
54 24 43
56 28 31
58 55 57
60 19 21
62 22 61
64 18 20
66 13 17
68 15 66
70 12 16
72 15 71
74 67 73
76 69 75
78 6 8
80 7 9
82 10 80
84 11 81
86 83 85
88 2 5
90 3 4
92 89 91
94 79 93
96 87 94
98 76 96
100 27 65
102 63 100
104 59 102
106 98 104
108 45 107
110 28 54
112 27 29
114 24 113
116 26 28
118 25 112
120 115 117
122 119 120
124 43 122
126 23 124
128 60 126
130 111 129
132 109 130
134 18 21
136 126 134
138 21 22
140 37 135
142 138 140
144 124 142
146 137 145
148 98 147
150 24 88
152 50 150
154 82 152
156 136 154
158 20 126
160 36 138
162 122 160
164 159 163
166 19 96
168 165 166
170 157 169
172 76 171
i0 u0selected0f1dtoggle0selected1b
i1 u0selected0selected
i2 u0second2counter0f1dinc0second2counter1b
i3 u0second2counter0f1ddec0second2counter1b
i4 u0second2counter0second2counter
i5 u0first2counter0f1dinc0first2counter1b
i6 u0first2counter0f1ddec0first2counter1b
i7 u0first2counter0first2counter
i8 u0button2up0f1denable1b
i9 u0button2up0f1ddisable1b
i10 u0button2up0button2up
i11 u0button2down0f1denable1b
i12 u0button2down0f1ddisable1b
i13 u0button2down0button2down
l0 l0
l1 l1
l2 l2
o0 p0p0second0selected
o1 p0p0in2range0f1dinc0f1dinc0second2counter1b1b
o2 p0p0in2range0f1dinc0f1dinc0first2counter1b1b
o3 p0p0in2range0f1dinc0f1ddec0second2counter1b1b
o4 p0p0in2range0f1dinc0f1ddec0first2counter1b1b
o5 p0p0in2range0f1dinc0second2counter1b
o6 p0p0in2range0f1dinc0first2counter1b
o7 p0p0in2range0f1ddec0f1dinc0second2counter1b1b
o8 p0p0in2range0f1ddec0f1dinc0first2counter1b1b
o9 p0p0in2range0f1ddec0f1ddec0second2counter1b1b
o10 p0p0in2range0f1ddec0f1ddec0first2counter1b1b
o11 p0p0in2range0f1ddec0second2counter1b
o12 p0p0in2range0f1ddec0first2counter1b
o13 p0p0in2range0second2counter
o14 p0p0in2range0first2counter
o15 p0p0first0selected
o16 p0p0button2pressed0up
o17 p0p0button2pressed0switch
o18 p0p0button2pressed0down
