UNREALIZABLE
aag 13 12 1 17 0
2
4
6
8
10
12
14
16
18
20
22
24
26 1
1
1
0
1
0
0
0
1
0
0
0
1
0
0
0
1
1
i0 u0tv29ctrl0f1dturn2on1b
i1 u0tv29ctrl0tv29ctrl
i2 u0room29shades29ctrl0f1dmove2to0f1dpercent2423231b1b
i3 u0room29shades29ctrl0room29shades29ctrl
i4 u0radio29ctrl0f1dturn2on1b
i5 u0radio29ctrl0radio29ctrl
i6 u0cm29ctrl0f1dmake2coffee1b
i7 u0cm29ctrl0cm29ctrl
i8 u0system29start2new2timer0f1dmin25231b
i9 u0system29start2new2timer0f1dhour241b
i10 u0system29start2new2timer0f1dhour251b
i11 u0system29start2new2timer0system29start2new2timer
l0 l0
o0 p0p0between0t29am50t29am2423
o1 p0p0asleep0partner
o2 p0p0too2high0room29co252level
o3 p0p0all2windows2closed0room
o4 p0b0t29sunday
o5 p0b0t29saturday
o6 p0b0cm29ready
o7 p0b0wakeup
o8 p0b0room29warnlight29off
o9 p0b0room29warnlight29on
o10 p0b0room29window29opened
o11 p0b0room29window29closed
o12 p0b0room29light29off
o13 p0b0timeout
o14 p0b0room29somebody2enters
o15 p0b0room29empty
o16 p0b0room29somebody2leaves
