REALIZABLE
aag 1121 14 6 3 1101
2
4
6
8
10
12
14
16
18
20
22
24
26
28
30 927
32 1289
34 1615
36 1868
38 2103
40 2243
331
495
538
42 3 36
44 34 40
46 32 44
48 42 46
50 31 48
52 30 35
54 41 52
56 39 54
58 42 56
60 11 51
62 59 60
64 9 63
66 9 31
68 35 66
70 12 37
72 14 37
74 71 73
76 39 75
78 33 41
80 76 78
82 68 80
84 65 83
86 2 33
88 32 39
90 87 89
92 2 36
94 13 38
96 92 94
98 32 96
100 32 37
102 38 100
104 99 103
106 74 105
108 90 107
110 40 109
112 31 35
114 33 37
116 15 38
118 37 38
120 33 119
122 87 121
124 117 123
126 38 124
128 115 127
130 2 118
132 3 38
134 36 132
136 131 135
138 129 136
140 41 139
142 3 118
144 15 118
146 32 145
148 143 146
150 32 133
152 38 73
154 150 152
156 148 155
158 140 157
160 112 159
162 37 39
164 2 162
166 2 13
168 39 166
170 165 169
172 140 171
174 111 173
176 160 174
178 2 12
180 37 179
182 119 133
184 181 183
186 33 185
188 2 37
190 167 189
192 39 190
194 186 193
196 41 103
198 195 196
200 32 40
202 3 39
204 163 203
206 2 14
208 37 207
210 205 209
212 118 178
214 211 213
216 200 215
218 33 163
220 93 218
222 40 220
224 35 223
226 217 224
228 199 226
230 36 88
232 3 32
234 231 233
236 36 39
238 207 236
240 235 239
242 40 241
244 32 203
246 185 244
248 133 218
250 247 249
252 41 251
254 243 253
256 34 255
258 30 229
260 257 258
262 10 261
264 31 34
266 77 133
268 32 41
270 267 268
272 39 71
274 2 15
276 236 275
278 272 277
280 15 278
282 13 36
284 116 282
286 78 285
288 281 286
290 120 285
292 71 88
294 291 293
296 288 295
298 15 39
300 188 298
302 186 204
304 2 100
306 303 305
308 40 99
310 301 308
312 306 310
314 271 297
316 313 314
318 264 317
320 262 319
322 177 320
324 85 323
326 8 11
328 63 326
330 325 329
332 33 39
334 37 332
336 41 335
338 39 43
340 182 339
342 150 341
344 336 343
346 97 182
348 33 347
350 32 43
352 165 350
354 40 353
356 349 354
358 345 357
360 35 359
362 133 163
364 32 363
366 3 236
368 143 367
370 33 368
372 365 371
374 344 372
376 33 165
378 44 376
380 31 379
382 375 380
384 361 382
386 49 384
388 41 189
390 33 38
392 368 391
394 388 393
396 2 332
398 52 397
400 234 398
402 55 401
404 395 403
406 30 34
408 78 341
410 39 200
412 37 410
414 43 189
416 43 167
418 38 417
420 414 419
422 33 40
424 421 422
426 236 268
428 413 427
430 409 428
432 425 430
434 406 433
436 405 435
438 387 436
440 326 439
442 188 390
444 40 443
446 99 444
448 88 191
450 81 337
452 449 451
454 35 447
456 453 454
458 11 457
460 44 301
462 47 461
464 35 41
466 449 464
468 35 444
470 107 468
472 462 467
474 471 472
476 10 475
478 13 37
480 298 478
482 32 481
484 66 483
486 289 484
488 69 487
490 459 489
492 477 490
494 441 493
496 57 385
498 436 496
500 326 499
502 41 219
504 32 170
506 502 505
508 40 447
510 507 509
512 68 511
514 65 513
516 99 306
518 40 517
520 41 121
522 365 520
524 264 523
526 519 524
528 91 444
530 160 529
532 262 527
534 531 532
536 515 535
538 501 537
540 14 205
542 277 541
544 218 542
546 116 478
548 12 134
550 547 549
552 544 550
554 38 180
556 32 554
558 553 557
560 35 559
562 162 207
564 40 563
566 423 565
568 561 567
570 14 36
572 88 570
574 41 573
576 43 94
578 163 577
580 33 579
582 574 581
584 30 465
586 583 584
588 119 285
590 3 15
592 238 591
594 588 593
596 32 595
598 13 118
600 12 42
602 39 601
604 33 603
606 599 604
608 52 597
610 607 608
612 587 611
614 569 613
616 32 213
618 207 338
620 616 619
622 463 621
624 34 41
626 32 38
628 43 626
630 397 629
632 15 36
634 117 633
636 631 635
638 624 637
640 145 169
642 268 641
644 37 275
646 86 94
648 37 390
650 647 649
652 645 651
654 308 653
656 450 655
658 35 643
660 657 658
662 31 623
664 639 662
666 661 664
668 11 667
670 615 668
672 167 599
674 78 673
676 230 274
678 41 677
680 92 544
682 298 414
684 40 599
686 683 684
688 423 687
690 681 689
692 679 691
694 675 693
696 52 695
698 626 632
700 2 698
702 481 624
704 701 702
706 43 633
708 645 706
710 39 709
712 86 153
714 711 712
716 35 40
718 97 716
720 715 718
722 33 577
724 14 236
726 2 724
728 722 727
730 97 213
732 14 188
734 88 732
736 677 735
738 94 188
740 32 739
742 730 740
744 736 742
746 729 745
748 44 747
750 12 39
752 131 751
754 32 641
756 752 754
758 36 116
760 220 758
762 464 761
764 757 762
766 31 705
768 721 766
770 765 768
772 749 770
774 150 563
776 39 633
778 645 776
780 683 779
782 774 780
784 40 783
786 41 647
788 32 579
790 673 788
792 786 791
794 406 785
796 793 794
798 10 797
800 773 798
802 697 800
804 9 671
806 803 804
808 131 145
810 275 809
812 603 811
814 32 813
816 336 815
818 3 12
820 209 819
822 390 820
824 3 14
826 710 825
828 32 547
830 827 828
832 40 823
834 831 832
836 817 835
838 35 837
840 39 72
842 33 841
844 3 95
846 299 845
848 350 847
850 843 849
852 44 851
854 275 825
856 38 855
858 114 857
860 152 854
862 146 861
864 291 859
866 863 864
868 239 867
870 624 869
872 853 871
874 839 872
876 31 875
878 181 205
880 550 879
882 422 881
884 410 645
886 597 605
888 388 479
890 887 888
892 35 885
894 883 892
896 891 894
898 346 603
900 33 899
902 574 901
904 33 549
906 205 645
908 904 907
910 40 735
912 909 910
914 34 903
916 913 914
918 30 897
920 917 918
922 326 921
924 877 922
926 807 925
928 132 478
930 549 929
932 907 930
934 33 933
936 567 935
938 13 14
940 162 939
942 33 95
944 283 942
946 941 944
948 41 231
950 947 948
952 937 951
954 406 953
956 364 933
958 367 550
960 33 959
962 114 750
964 957 963
966 961 964
968 40 967
970 38 283
972 571 970
974 167 819
976 37 974
978 972 977
980 73 272
982 93 980
984 979 983
986 32 985
988 71 751
990 78 989
992 41 371
994 991 993
996 604 975
998 987 997
1000 995 998
1002 52 1001
1004 969 1002
1006 268 753
1008 550 711
1010 200 1009
1012 40 390
1014 821 1012
1016 334 938
1018 41 1016
1020 112 1007
1022 1015 1019
1024 1020 1022
1026 1011 1024
1028 92 116
1030 941 1029
1032 32 1031
1034 481 973
1036 33 1035
1038 131 1036
1040 41 1033
1042 1039 1040
1044 40 219
1046 32 775
1048 930 1046
1050 619 1049
1052 1044 1051
1054 264 1043
1056 1053 1054
1058 326 1027
1060 955 1058
1062 1057 1060
1064 1005 1062
1066 39 593
1068 422 547
1070 1067 1068
1072 41 963
1074 632 970
1076 482 727
1078 1075 1076
1080 997 1072
1082 1079 1080
1084 163 593
1086 189 1085
1088 73 1086
1090 929 1089
1092 200 1091
1094 35 1071
1096 1083 1094
1098 1093 1096
1100 740 780
1102 44 1101
1104 118 974
1106 37 1017
1108 295 1106
1110 36 94
1112 624 1111
1114 1105 1112
1116 1109 1114
1118 1103 1117
1120 1099 1118
1122 30 1121
1124 2 709
1126 626 1125
1128 33 1075
1130 727 1128
1132 293 624
1134 1127 1132
1136 1131 1134
1138 38 72
1140 1111 1139
1142 779 1140
1144 33 1143
1146 75 626
1148 40 1147
1150 135 1148
1152 1145 1150
1154 15 37
1156 272 1155
1158 120 1157
1160 88 974
1162 629 1161
1164 1159 1162
1166 857 1165
1168 41 1167
1170 35 1153
1172 1169 1170
1174 150 541
1176 730 1174
1178 14 189
1180 39 1178
1182 33 135
1184 94 189
1186 1181 1185
1188 1182 1186
1190 44 1177
1192 1189 1190
1194 31 1137
1196 1193 1194
1198 1173 1196
1200 1123 1199
1202 10 1201
1204 481 1130
1206 41 706
1208 1157 1206
1210 79 1209
1212 1205 1211
1214 616 846
1216 40 87
1218 843 1216
1220 1215 1218
1222 1213 1221
1224 264 1223
1226 196 963
1228 1161 1226
1230 132 1155
1232 444 1231
1234 1147 1232
1236 112 1229
1238 1235 1236
1240 38 43
1242 95 1241
1244 41 722
1246 1243 1244
1248 34 413
1250 427 1248
1252 1019 1247
1254 1250 1252
1256 95 100
1258 33 299
1260 959 1258
1262 1257 1261
1264 40 1263
1266 268 1034
1268 35 991
1270 1267 1268
1272 1265 1270
1274 30 1255
1276 1273 1274
1278 11 1239
1280 1225 1278
1282 1277 1280
1284 9 1283
1286 1203 1284
1288 1065 1287
1290 2 753
1292 368 1291
1294 944 1293
1296 237 285
1298 12 118
1300 41 1299
1302 1296 1300
1304 79 1303
1306 1295 1305
1308 73 479
1310 1243 1308
1312 218 1311
1314 40 1049
1316 1313 1314
1318 35 1307
1320 1317 1318
1322 230 825
1324 367 752
1326 942 1325
1328 41 1323
1330 1327 1328
1332 189 942
1334 564 1333
1336 34 1335
1338 1331 1336
1340 30 1339
1342 1321 1340
1344 32 1293
1346 1072 1345
1348 626 1309
1350 132 282
1352 152 1351
1354 32 1353
1356 1349 1355
1358 542 1357
1360 40 732
1362 40 971
1364 1045 1363
1366 1361 1364
1368 1359 1367
1370 1347 1369
1372 112 1371
1374 33 301
1376 40 847
1378 1375 1376
1380 236 591
1382 295 1381
1384 626 1178
1386 41 1385
1388 1383 1386
1390 264 1379
1392 1389 1390
1394 326 1393
1396 1373 1394
1398 1343 1396
1400 376 1231
1402 593 1400
1404 40 1349
1406 1403 1404
1408 137 591
1410 33 981
1412 1409 1410
1414 189 750
1416 41 117
1418 1415 1416
1420 136 1418
1422 79 1421
1424 1413 1423
1426 1407 1425
1428 112 1427
1430 38 571
1432 281 1431
1434 32 1433
1436 169 1415
1438 1105 1436
1440 904 1438
1442 1435 1441
1444 54 1443
1446 205 977
1448 268 730
1450 930 1448
1452 1447 1450
1454 77 78
1456 189 1436
1458 975 1456
1460 1454 1459
1462 338 1178
1464 150 599
1466 1463 1464
1468 40 1467
1470 1453 1469
1472 1461 1470
1474 406 1473
1476 145 1182
1478 1084 1476
1480 15 202
1482 143 1481
1484 727 1482
1486 563 1484
1488 32 1487
1490 30 716
1492 1479 1490
1494 1489 1492
1496 205 854
1498 730 1497
1500 200 1499
1502 136 422
1504 541 1502
1506 264 1501
1508 1505 1506
1510 1495 1509
1512 146 266
1514 41 1037
1516 1513 1514
1518 1511 1517
1520 10 1429
1522 1445 1520
1524 1475 1519
1526 1522 1524
1528 268 1456
1530 33 809
1532 105 1155
1534 40 647
1536 1531 1534
1538 1533 1536
1540 112 1455
1542 1529 1540
1544 1539 1542
1546 46 164
1548 780 1312
1550 305 1549
1552 35 1551
1554 40 1553
1556 244 1297
1558 86 753
1560 464 1557
1562 1559 1560
1564 273 1351
1566 370 1564
1568 34 1323
1570 1567 1568
1572 1563 1571
1574 1555 1572
1576 1547 1575
1578 30 1577
1580 131 619
1582 200 1581
1584 143 268
1586 981 1029
1588 1584 1586
1590 78 1432
1592 114 1480
1594 40 1592
1596 1583 1595
1598 1589 1596
1600 1591 1598
1602 264 1601
1604 1545 1603
1606 1579 1604
1608 11 1607
1610 1527 1609
1612 9 1611
1614 1399 1613
1616 179 1240
1618 563 1617
1620 32 1618
1622 377 1621
1624 649 1534
1626 1623 1624
1628 332 417
1630 272 727
1632 32 1630
1634 699 1629
1636 1633 1634
1638 41 555
1640 1636 1638
1642 1627 1641
1644 30 1643
1646 148 169
1648 502 1647
1650 104 653
1652 736 1650
1654 40 1653
1656 31 1649
1658 1655 1656
1660 35 1659
1662 1645 1660
1664 239 301
1666 419 1664
1668 1044 1667
1670 626 709
1672 230 275
1674 124 279
1676 41 1673
1678 1671 1676
1680 1675 1678
1682 1669 1681
1684 264 1683
1686 2 751
1688 163 1687
1690 186 1689
1692 678 1691
1694 353 1619
1696 40 1695
1698 406 1693
1700 1697 1698
1702 1685 1701
1704 1663 1702
1706 326 1705
1708 115 677
1710 624 1709
1712 464 649
1714 1636 1712
1716 89 632
1718 366 1716
1720 35 1719
1722 1624 1720
1724 101 1722
1726 1249 1725
1728 1715 1726
1730 30 1711
1732 1729 1730
1734 41 101
1736 272 1381
1738 759 1737
1740 151 1739
1742 1734 1741
1744 346 1664
1746 32 1745
1748 40 1593
1750 1747 1748
1752 1743 1751
1754 264 1753
1756 104 808
1758 197 1757
1760 112 507
1762 1759 1760
1764 11 1763
1766 1755 1764
1768 1733 1766
1770 32 1738
1772 169 929
1774 376 1772
1776 30 1775
1778 1771 1776
1780 585 1779
1782 780 1488
1784 1722 1783
1786 41 92
1788 970 1786
1790 503 1789
1792 419 1299
1794 1087 1792
1796 32 1795
1798 1791 1797
1800 72 202
1802 776 1801
1804 709 1802
1806 730 1805
1808 200 1807
1810 34 1809
1812 1799 1810
1814 1781 1785
1816 1813 1814
1818 811 1497
1820 33 1819
1822 1148 1821
1824 232 758
1826 41 1825
1828 859 1826
1830 112 1829
1832 1823 1830
1834 32 77
1836 861 1834
1838 1156 1381
1840 1128 1839
1842 1837 1841
1844 41 1843
1846 200 1481
1848 730 1846
1850 422 1484
1852 264 1849
1854 1851 1852
1856 1845 1854
1858 1833 1857
1860 1817 1858
1862 10 1861
1864 1769 1863
1866 9 1865
1868 1707 1867
1870 153 203
1872 32 207
1874 1871 1872
1876 41 1875
1878 33 127
1880 1876 1879
1882 970 1155
1884 33 97
1886 1883 1884
1888 725 1886
1890 40 1356
1892 1889 1890
1894 1881 1893
1896 112 1895
1898 32 299
1900 1185 1898
1902 40 1901
1904 181 350
1906 776 1904
1908 443 786
1910 104 1908
1912 1907 1910
1914 1903 1913
1916 34 1915
1918 73 299
1920 942 1918
1922 100 299
1924 1921 1923
1926 547 716
1928 573 1926
1930 1924 1928
1932 33 179
1934 1241 1932
1936 103 1935
1938 1633 1936
1940 464 1939
1942 30 1931
1944 1941 1942
1946 1917 1944
1948 1258 1351
1950 1902 1949
1952 727 1156
1954 290 1953
1956 634 1179
1958 1834 1956
1960 41 1955
1962 1959 1960
1964 264 1951
1966 1963 1964
1968 10 1967
1970 1897 1968
1972 1947 1970
1974 3 570
1976 272 1975
1978 588 1977
1980 32 1979
1982 375 521
1984 1981 1983
1986 40 1925
1988 1985 1987
1990 30 1989
1992 268 1870
1994 40 1355
1996 1887 1994
1998 1993 1997
2000 31 1999
2002 1991 2001
2004 35 2003
2006 46 840
2008 30 2007
2010 78 1240
2012 2008 2011
2014 120 1631
2016 627 2015
2018 1876 2017
2020 299 1044
2022 99 2020
2024 31 2023
2026 2019 2024
2028 34 2013
2030 2027 2028
2032 11 2031
2034 2005 2032
2036 9 1973
2038 2035 2036
2040 577 2020
2042 273 286
2044 808 2042
2046 2041 2045
2048 34 2047
2050 33 1882
2052 32 95
2054 1918 2052
2056 40 2055
2058 2051 2056
2060 35 824
2062 102 2060
2064 717 2063
2066 2059 2065
2068 31 2067
2070 2049 2068
2072 739 1111
2074 44 1258
2076 2072 2074
2078 237 1898
2080 2072 2078
2082 40 1920
2084 2081 2083
2086 993 2084
2088 1584 1979
2090 35 2089
2092 2087 2090
2094 2008 2077
2096 2093 2094
2098 326 2071
2100 2097 2098
2102 2039 2101
2104 393 1786
2106 943 1250
2108 625 2107
2110 2105 2109
2112 268 632
2114 35 2113
2116 218 1140
2118 397 2053
2120 2117 2118
2122 40 231
2124 2121 2122
2126 2114 2125
2128 2111 2127
2130 15 426
2132 30 2131
2134 2129 2132
2136 1417 1735
2138 1717 2137
2140 155 2138
2142 634 2140
2144 40 94
2146 423 2145
2148 163 2147
2150 34 2149
2152 2143 2150
2154 1140 1801
2156 32 2154
2158 1365 2157
2160 35 2136
2162 2159 2160
2164 31 2153
2166 2163 2164
2168 326 2167
2170 2135 2168
2172 14 2058
2174 1363 2173
2176 112 2136
2178 2174 2176
2180 264 2139
2182 2149 2180
2184 1257 2117
2186 40 2185
2188 2114 2187
2190 1248 2131
2192 30 2191
2194 2189 2192
2196 11 2183
2198 2179 2196
2200 2195 2198
2202 333 777
2204 346 2202
2206 41 2205
2208 2146 2207
2210 406 2209
2212 30 411
2214 2188 2212
2216 33 2154
2218 2175 2217
2220 1417 2219
2222 35 2221
2224 2141 2145
2226 34 2225
2228 2223 2227
2230 31 2229
2232 2211 2215
2234 2231 2232
2236 10 2235
2238 9 2201
2240 2237 2238
2242 2171 2241
i0 p0p0bright0outside29brightness
i1 p0b0bed29occupied
i2 p0b02time29am6323
i3 p0b02shades29closed
i4 p0b02shades29open
i5 p0b02time29sunday
i6 p0b02time29saturday
i7 p0b02room29bed29occupied
i8 p0b02room29sombebody2enters
i9 p0b02room29somebody2leaves
i10 p0b02room29sombebody2leaves
i11 p0b02room29somebody2enters
i12 p0b02room29switch29toggled
i13 p0b02room29empty
l0 l0
l1 l1
l2 l2
l3 l3
l4 l4
l5 l5
o0 u02shades29ctrl0f1d2shades29move2to0f1d2shades29percent231b1b
o1 u02shades29ctrl0f1d2shades29move2to0f1d2shades29percent2423231b1b
o2 u02shades29ctrl02shades29ctrl
