REALIZABLE
aag 614 14 6 4 594
2
4
6
8
10
12
14
16
18
20
22
24
26
28
30 571
32 775
34 939
36 1065
38 1163
40 1229
151
0
237
291
42 31 34
44 37 42
46 32 45
48 30 34
50 35 36
52 45 51
54 49 52
56 33 55
58 38 47
60 57 58
62 2 60
64 3 14
66 31 65
68 35 67
70 12 31
72 3 71
74 35 73
76 69 75
78 33 37
80 13 15
82 42 81
84 30 35
86 78 85
88 83 86
90 77 88
92 3 15
94 13 92
96 32 37
98 3 34
100 3 31
102 99 101
104 96 102
106 95 104
108 91 107
110 39 109
112 63 111
114 41 113
116 39 40
118 43 85
120 116 119
122 56 120
124 2 122
126 115 125
128 9 10
130 127 128
132 81 84
134 96 133
136 91 135
138 39 137
140 61 139
142 41 141
144 123 143
146 8 11
148 145 146
150 131 149
152 33 36
154 118 153
156 49 97
158 155 157
160 116 158
162 32 36
164 35 162
166 89 165
168 39 167
170 136 168
172 37 48
174 31 53
176 173 175
178 33 38
180 177 178
182 171 181
184 41 183
186 161 185
188 128 187
190 103 180
192 31 35
194 83 99
196 193 194
198 78 197
200 76 198
202 3 164
204 201 203
206 39 205
208 191 207
210 41 209
212 3 119
214 96 213
216 79 165
218 43 217
220 3 30
222 85 152
224 221 222
226 215 225
228 219 226
230 160 228
232 211 231
234 146 233
236 189 235
238 34 162
240 116 239
242 40 241
244 8 243
246 159 240
248 125 246
250 39 106
252 41 169
254 251 252
256 181 254
258 63 256
260 245 249
262 259 260
264 10 263
266 9 11
268 243 266
270 116 229
272 135 203
274 199 272
276 39 275
278 41 61
280 191 278
282 277 280
284 271 283
286 146 285
288 265 269
290 287 288
292 14 35
294 3 35
296 193 295
298 293 296
300 36 67
302 299 300
304 99 152
306 15 34
308 35 65
310 36 309
312 33 310
314 307 312
316 304 315
318 37 307
320 3 318
322 32 173
324 321 322
326 317 325
328 303 327
330 49 78
332 3 70
334 35 333
336 37 221
338 334 336
340 307 339
342 330 341
344 9 116
346 343 344
348 329 346
350 13 34
352 43 351
354 2 30
356 13 355
358 37 133
360 352 357
362 358 360
364 2 42
366 3 12
368 12 192
370 85 295
372 369 370
374 367 373
376 36 351
378 365 376
380 375 378
382 32 363
384 381 382
386 13 152
388 39 387
390 2 15
392 13 390
394 192 393
396 42 80
398 353 397
400 395 399
402 78 401
404 388 403
406 385 404
408 12 30
410 70 98
412 409 411
414 78 413
416 334 409
418 37 417
420 2 14
422 36 421
424 15 49
426 13 30
428 425 427
430 195 428
432 422 430
434 2 13
436 367 435
438 31 437
440 193 309
442 439 441
444 50 443
446 419 433
448 445 446
450 46 449
452 30 437
454 31 92
456 453 455
458 34 457
460 69 459
462 152 461
464 415 463
466 451 464
468 38 467
470 407 469
472 41 471
474 245 349
476 473 474
478 10 477
480 31 95
482 350 481
484 395 483
486 78 485
488 13 32
490 85 488
492 162 412
494 388 491
496 493 494
498 487 496
500 3 42
502 37 351
504 501 502
506 375 504
508 118 456
510 42 65
512 36 511
514 509 512
516 33 507
518 515 516
520 32 448
522 38 519
524 521 522
526 499 525
528 41 527
530 101 297
532 2 306
534 37 533
536 531 534
538 15 30
540 37 538
542 303 541
544 537 542
546 32 545
548 42 391
550 36 549
552 49 65
554 550 552
556 33 339
558 555 556
560 547 559
562 116 561
564 529 563
566 146 565
568 269 567
570 479 568
572 66 391
574 221 573
576 50 575
578 31 367
580 391 441
582 579 580
584 307 501
586 93 585
588 365 587
590 583 588
592 37 591
594 36 533
596 593 595
598 33 577
600 597 598
602 308 391
604 587 603
606 96 605
608 162 299
610 573 608
612 607 611
614 601 612
616 116 615
618 84 95
620 12 364
622 619 621
624 96 623
626 295 369
628 34 72
630 75 629
632 71 630
634 626 633
636 162 634
638 355 439
640 427 639
642 636 640
644 152 333
646 79 645
648 37 481
650 118 648
652 647 651
654 625 653
656 643 654
658 39 657
660 65 391
662 34 660
664 192 366
666 96 665
668 663 666
670 15 220
672 373 671
674 365 431
676 673 674
678 162 677
680 38 669
682 679 680
684 411 626
686 78 684
688 371 660
690 409 458
692 152 549
694 689 692
696 691 694
698 687 697
700 682 698
702 41 701
704 659 702
706 617 705
708 128 707
710 43 604
712 214 711
714 534 583
716 35 661
718 550 717
720 33 719
722 715 720
724 611 713
726 723 724
728 116 727
730 427 627
732 621 731
734 37 733
736 36 581
738 691 736
740 735 739
742 33 741
744 682 743
746 134 411
748 37 195
750 35 648
752 749 751
754 31 753
756 647 755
758 162 685
760 747 759
762 757 760
764 39 763
766 41 745
768 765 766
770 729 769
772 146 771
774 709 773
776 34 575
778 14 776
780 299 439
782 78 781
784 37 293
786 32 295
788 511 784
790 786 788
792 783 791
794 779 793
796 67 164
798 661 796
800 152 661
802 531 800
804 799 803
806 795 804
808 116 807
810 15 119
812 67 460
814 162 295
816 811 814
818 813 816
820 96 421
822 75 820
824 38 823
826 819 824
828 31 420
830 539 829
832 441 830
834 777 833
836 36 835
838 37 630
840 33 839
842 339 840
844 837 842
846 826 845
848 3 48
850 648 849
852 33 639
854 79 853
856 851 855
858 102 619
860 96 859
862 531 629
864 162 863
866 39 865
868 861 866
870 857 868
872 41 871
874 847 872
876 809 875
878 128 877
880 14 98
882 96 549
884 581 882
886 783 885
888 881 887
890 312 777
892 799 891
894 889 892
896 116 895
898 539 605
900 304 899
902 371 453
904 34 638
906 78 903
908 905 906
910 901 909
912 826 910
914 752 855
916 162 631
918 335 916
920 134 295
922 905 920
924 39 919
926 923 924
928 915 926
930 41 929
932 913 930
934 897 933
936 146 935
938 879 937
940 34 831
942 784 941
944 50 421
946 32 945
948 943 946
950 99 307
952 689 950
954 833 952
956 36 955
958 102 373
960 318 959
962 318 538
964 961 963
966 501 965
968 33 957
970 967 968
972 116 949
974 971 972
976 838 950
978 48 640
980 36 979
982 977 981
984 32 983
986 38 985
988 101 119
990 422 779
992 988 990
994 840 993
996 986 995
998 37 397
1000 849 998
1002 647 1001
1004 203 866
1006 104 370
1008 1003 1007
1010 1004 1008
1012 41 1011
1014 997 1012
1016 975 1015
1018 128 1017
1020 573 585
1022 37 64
1024 119 1022
1026 785 1025
1028 1021 1027
1030 946 1029
1032 33 964
1034 991 1032
1036 116 1031
1038 1035 1036
1040 39 645
1042 747 1040
1044 917 1042
1046 418 684
1048 101 944
1050 33 1049
1052 1047 1050
1054 986 1053
1056 41 1045
1058 1055 1056
1060 1039 1059
1062 146 1061
1064 1019 1063
1066 292 836
1068 1025 1067
1070 32 1069
1072 78 664
1074 315 1073
1076 501 1075
1078 1071 1077
1080 116 1079
1082 105 849
1084 1080 1082
1086 37 634
1088 33 425
1090 79 1089
1092 1087 1091
1094 164 539
1096 162 430
1098 318 369
1100 786 1098
1102 1095 1101
1104 1097 1102
1106 1093 1104
1108 38 1107
1110 33 72
1112 162 435
1114 731 1112
1116 979 1114
1118 71 152
1120 12 44
1122 96 1121
1124 39 331
1126 1119 1124
1128 1123 1126
1130 1111 1128
1132 1117 1130
1134 1109 1133
1136 41 1135
1138 1085 1137
1140 128 1139
1142 367 502
1144 988 1142
1146 1091 1145
1148 1104 1147
1150 38 1149
1152 637 1128
1154 1151 1153
1156 41 1155
1158 1081 1157
1160 146 1159
1162 1141 1161
1164 1091 1121
1166 811 980
1168 1099 1167
1170 32 1169
1172 38 1171
1174 1165 1172
1176 1004 1116
1178 1175 1177
1180 41 1179
1182 33 116
1184 315 1182
1186 961 1184
1188 14 440
1190 989 1188
1192 32 116
1194 311 1192
1196 1191 1194
1198 1187 1197
1200 1067 1199
1202 1181 1201
1204 128 1203
1206 12 1144
1208 1091 1207
1210 1172 1209
1212 39 70
1214 238 1212
1216 1211 1215
1218 41 1217
1220 1189 1200
1222 1187 1221
1224 1219 1222
1226 146 1225
1228 1205 1227
i0 p0p0bright0outside29brightness
i1 p0b0bed29occupied
i2 p0b02time29am6323
i3 p0b02roomlight29off
i4 p0b02roomlight29on
i5 p0b02time29sunday
i6 p0b02time29saturday
i7 p0b02room29bed29occupied
i8 p0b02room29sombebody2enters
i9 p0b02room29somebody2leaves
i10 p0b02room29sombebody2leaves
i11 p0b02room29somebody2enters
i12 p0b02room29switch29toggled
i13 p0b02room29empty
l0 l0
l1 l1
l2 l2
l3 l3
l4 l4
l5 l5
o0 u02roomlight29light0f1d2roomlight29turn2off1b
o1 u02roomlight29light0f1d2roomlight29toggle1b
o2 u02roomlight29light0f1d2roomlight29turn2on1b
o3 u02roomlight29light02roomlight29light
