REALIZABLE
aag 127 6 5 4 116
2
4
6
8
10
12
14 214
16 237
18 247
20 248
22 254
0
162
160
0
24 17 19
26 21 24
28 22 27
30 22 26
32 12 30
34 15 20
36 16 34
38 9 37
40 18 21
42 15 41
44 17 43
46 38 45
48 7 47
50 32 49
52 15 21
54 27 53
56 6 55
58 14 16
60 14 26
62 40 58
64 14 21
66 43 65
68 63 67
70 35 61
72 68 70
74 17 73
76 59 75
78 9 76
80 53 78
82 7 81
84 46 77
86 82 85
88 57 87
90 12 23
92 88 90
94 13 23
96 54 63
98 94 96
100 79 98
102 51 101
104 93 102
106 3 4
108 6 32
110 7 79
112 8 61
114 56 113
116 111 115
118 12 117
120 6 112
122 96 120
124 35 65
126 49 124
128 13 123
130 127 128
132 23 131
134 119 132
136 109 135
138 106 137
140 68 113
142 94 141
144 61 90
146 83 144
148 143 147
150 104 148
152 51 64
154 106 153
156 151 154
158 139 157
160 104 159
162 29 161
164 12 121
166 88 164
168 97 120
170 16 21
172 14 171
174 38 173
176 23 53
178 175 176
180 169 178
182 91 181
184 167 183
186 9 12
188 6 187
190 32 188
192 30 48
194 106 191
196 193 194
198 185 196
200 28 107
202 61 81
204 23 203
206 2 5
208 13 206
210 205 208
212 201 211
214 199 212
216 94 126
218 6 164
220 46 219
222 23 121
224 22 189
226 223 225
228 217 227
230 221 228
232 29 206
234 231 232
236 139 235
238 13 30
240 109 239
242 148 240
244 206 243
246 157 245
248 105 106
250 62 94
252 239 251
254 106 253
i0 p0b02roomlight29off
i1 p0b02roomlight29on
i2 p0b02room29somebody2leaves
i3 p0b02room29somebody2enters
i4 p0b02room29switch29toggled
i5 p0b02room29empty
l0 l0
l1 l1
l2 l2
l3 l3
l4 l4
o0 u02roomlight29light0f1d2roomlight29turn2off1b
o1 u02roomlight29light0f1d2roomlight29toggle1b
o2 u02roomlight29light0f1d2roomlight29turn2on1b
o3 u02roomlight29light02roomlight29light
