REALIZABLE
aag 121 4 4 4 113
2
4
6
8
10 217
12 222
14 228
16 243
125
165
199
214
18 3 15
20 3 14
22 12 20
24 17 23
26 19 24
28 3 10
30 12 28
32 12 19
34 3 11
36 33 34
38 31 37
40 4 39
42 8 40
44 27 42
46 16 33
48 30 47
50 15 48
52 2 15
54 13 21
56 53 55
58 13 19
60 24 59
62 15 61
64 57 63
66 13 16
68 65 66
70 11 69
72 51 71
74 15 17
76 12 74
78 53 60
80 21 53
82 13 81
84 79 83
86 16 22
88 69 87
90 84 89
92 77 91
94 8 10
96 93 94
98 11 75
100 16 57
102 98 101
104 10 85
106 9 103
108 105 106
110 97 109
112 5 111
114 11 16
116 23 114
118 55 116
120 73 119
122 112 120
124 45 123
126 2 96
128 18 73
130 10 63
132 57 130
134 12 52
136 13 14
138 135 137
140 16 139
142 75 141
144 11 143
146 9 145
148 133 146
150 128 148
152 127 151
154 5 153
156 36 65
158 49 157
160 9 40
162 159 160
164 155 163
166 158 160
168 27 59
170 10 169
172 5 171
174 72 172
176 24 81
178 10 177
180 88 178
182 8 117
184 181 182
186 135 145
188 184 186
190 5 189
192 8 97
194 190 192
196 167 175
198 195 196
200 47 98
202 172 201
204 110 184
206 5 8
208 205 206
210 45 161
212 203 210
214 209 212
216 113 167
218 5 149
220 185 218
222 43 221
224 9 129
226 190 225
228 161 227
230 61 101
232 130 231
234 9 119
236 233 234
238 5 237
240 205 238
242 163 241
i0 p0p0is26open0shutter26input
i1 p0p0is26closed0shutter26input
i2 p0b0env26outside26is26bright
i3 p0b0user26is26sleeping
l0 l0
l1 l1
l2 l2
l3 l3
o0 u0shutter26ctrl0f1ddo26stop1b
o1 u0shutter26ctrl0f1ddo26open1b
o2 u0shutter26ctrl0f1ddo26close1b
o3 u0shutter26ctrl0shutter26ctrl
