REALIZABLE
aag 248 7 5 3 236
2
4
6
8
10
12
14
16 251
18 371
20 439
22 469
24 497
84
81
0
26 17 19
28 21 24
30 26 28
32 13 15
34 17 33
36 9 34
38 19 34
40 37 39
42 21 41
44 18 42
46 12 16
48 18 46
50 15 49
52 16 18
54 9 52
56 20 54
58 51 56
60 25 59
62 45 60
64 31 63
66 22 65
68 25 42
70 9 26
72 20 70
74 33 72
76 23 75
78 69 76
80 67 79
82 22 24
84 80 83
86 17 18
88 16 19
90 87 89
92 14 91
94 53 93
96 11 51
98 11 35
100 19 98
102 97 101
104 87 103
106 95 105
108 8 107
110 90 97
112 14 19
114 11 112
116 111 115
118 11 17
120 32 118
122 117 121
124 108 122
126 30 125
128 13 52
130 13 19
132 53 131
134 129 133
136 10 135
138 15 56
140 137 138
142 13 26
144 93 143
146 10 145
148 11 53
150 13 17
152 87 151
154 14 153
156 27 50
158 98 156
160 155 159
162 148 161
164 147 163
166 8 20
168 165 166
170 10 15
172 18 150
174 21 172
176 171 174
178 8 21
180 25 179
182 177 180
184 14 47
186 143 184
188 103 187
190 8 25
192 136 152
194 190 193
196 189 194
198 183 197
200 141 199
202 169 200
204 127 203
206 22 205
208 19 170
210 17 112
212 27 135
214 15 212
216 211 215
218 11 217
220 209 219
222 8 221
224 25 34
226 223 225
228 91 190
230 227 229
232 21 231
234 8 116
236 99 234
238 150 170
240 70 239
242 20 241
244 237 242
246 233 245
248 23 247
250 207 249
252 11 24
254 178 252
256 30 255
258 14 54
260 20 259
262 59 125
264 260 263
266 11 213
268 10 133
270 8 269
272 267 270
274 175 179
276 37 275
278 273 276
280 25 279
282 265 280
284 257 283
286 22 285
288 23 25
290 94 155
292 72 290
294 88 103
296 99 172
298 295 297
300 166 299
302 10 34
304 9 121
306 303 304
308 39 129
310 10 309
312 49 87
314 98 312
316 8 315
318 311 316
320 21 307
322 319 320
324 288 293
326 323 324
328 301 326
330 23 24
332 10 112
334 148 215
336 333 335
338 178 337
340 8 313
342 9 87
344 341 343
346 20 150
348 345 346
350 9 211
352 20 351
354 349 353
356 72 354
358 93 159
360 166 359
362 330 361
364 339 362
366 357 364
368 329 367
370 287 368
372 38 254
374 30 373
376 133 137
378 8 377
380 275 379
382 8 290
384 55 383
386 157 271
388 20 387
390 385 388
392 25 381
394 391 392
396 375 395
398 22 397
400 109 355
402 14 119
404 18 403
406 113 405
408 178 407
410 24 409
412 401 410
414 298 348
416 9 119
418 239 416
420 122 334
422 8 17
424 421 422
426 21 419
428 425 426
430 25 415
432 429 430
434 413 433
436 23 435
438 399 437
440 21 345
442 8 145
444 260 443
446 25 441
448 445 446
450 373 449
452 22 451
454 128 178
456 349 455
458 288 457
460 166 330
462 115 460
464 92 462
466 459 465
468 453 466
470 48 178
472 385 444
474 471 473
476 25 475
478 373 477
480 22 479
482 20 234
484 73 179
486 178 405
488 14 487
490 485 489
492 483 491
494 330 493
496 481 495
i0 p0b0bed29exit
i1 p0b0bed29occupied
i2 p0b02time29am6323
i3 p0b02alarm29alarm
i4 p0b02time29am7
i5 p0b02time29sunday
i6 p0b02time29saturday
l0 l0
l1 l1
l2 l2
l3 l3
l4 l4
o0 u02alarm29control0f1d2alarm29turn2off1b
o1 u02alarm29control0f1d2alarm29turn2on1b
o2 u02alarm29control02alarm29control
