REALIZABLE
aag 39 2 3 17 34
2
4
6 70
8 74
10 78
16
24
26
32
36
38
56
61
0
66
67
0
1
0
68
69
0
12 2 7
14 8 10
16 12 14
18 9 11
20 2 19
22 9 20
24 6 22
26 7 22
28 2 6
30 8 28
32 11 30
34 8 11
36 12 34
38 18 28
40 4 18
42 7 41
44 5 14
46 2 45
48 6 47
50 4 14
52 28 51
54 43 53
56 49 54
58 21 42
60 49 59
62 6 11
64 15 42
66 63 65
68 10 30
70 53 59
72 9 29
74 31 73
76 11 31
78 69 77
i0 p0p0spi2finished0spi2response
i1 p0p0on0start2init
l0 l0
l1 l1
l2 l2
o0 u0spi2control0f1dwrite2cmd0f1dreg71b1b
o1 u0spi2control0f1dwrite2cmd0f1dreg61b1b
o2 u0spi2control0f1dwrite2cmd0f1dreg51b1b
o3 u0spi2control0f1dwrite2cmd0f1dreg41b1b
o4 u0spi2control0f1dwrite2cmd0f1dreg31b1b
o5 u0spi2control0f1dwrite2cmd0f1dreg251b1b
o6 u0spi2control0f1dwrite2cmd0f1dreg241b1b
o7 u0spi2control0f1dwrite2cmd2none1b
o8 u0spi2control0spi2control
o9 u0sensor2type0f1dmag1b
o10 u0sensor2type0f1dacc2gyr1b
o11 u0sensor2type0sensor2type
o12 u0reg2manager2cmd0f1dno2command1b
o13 u0reg2manager2cmd0reg2manager2cmd
o14 u0finished0f1dtop1b
o15 u0finished0f1dbot1b
o16 u0finished0finished
