UNREALIZABLE
aag 15 3 2 8 10
2
4
6
8 30
10 28
13
13
14
0
13
13
0
0
12 8 10
14 9 11
16 3 5
18 6 17
20 7 16
22 2 4
24 14 23
26 19 24
28 21 26
30 13 29
i0 u02heating29intend0f1don1b
i1 u02heating29intend0f1doff1b
i2 u02heating29intend02heating29intend
l0 l0
l1 l1
o0 p0p0gt02temperature29outside02temperature29inside
o1 p0p0lt242302temperature29inside
o2 p0b02temperature29changes
o3 p0b02firesensor29fire2off
o4 p0b02firesensor29fire
o5 p0b02room29somebody2leaves
o6 p0b02room29empty
o7 p0b02room29somebody2enters
