UNREALIZABLE
aag 151 10 5 14 136
2
4
6
8
10
12
14
16
18
20
22 211
24 263
26 291
28 300
30 302
37
42
37
37
82
73
37
37
87
0
80
103
0
80
32 29 30
34 27 32
36 30 35
38 24 26
40 28 31
42 39 40
44 22 27
46 24 45
48 34 46
50 23 26
52 45 51
54 24 53
56 25 52
58 24 27
60 55 59
62 57 60
64 28 63
66 29 55
68 31 67
70 65 68
72 49 71
74 29 59
76 31 44
78 74 76
80 37 79
82 72 80
84 38 40
86 35 85
88 23 25
90 82 88
92 25 27
94 28 93
96 47 94
98 31 75
100 97 98
102 91 101
104 19 21
106 16 105
108 2 5
110 3 4
112 109 111
114 18 20
116 17 104
118 13 15
120 115 118
122 107 120
124 113 117
126 122 124
128 12 14
130 119 129
132 113 130
134 116 132
136 127 135
138 11 137
140 6 9
142 138 140
144 7 9
146 10 144
148 137 146
150 143 149
152 22 151
154 143 153
156 58 154
158 7 8
160 138 158
162 23 160
164 153 163
166 92 164
168 157 167
170 32 169
172 149 161
174 22 173
176 163 175
178 27 176
180 26 154
182 179 181
184 25 182
186 58 165
188 38 177
190 187 189
192 185 190
194 28 193
196 25 45
198 165 196
200 24 182
202 31 199
204 201 202
206 41 205
208 195 207
210 171 209
212 143 163
214 56 213
216 143 176
218 27 217
220 173 180
222 219 221
224 24 151
226 222 224
228 215 227
230 29 229
232 26 217
234 22 142
236 143 172
238 27 237
240 235 238
242 233 241
244 24 243
246 25 223
248 245 247
250 28 249
252 231 251
254 31 253
256 58 155
258 32 240
260 257 258
262 255 261
264 175 238
266 25 264
268 257 267
270 32 269
272 185 265
274 237 272
276 28 275
278 88 237
280 58 217
282 279 281
284 31 283
286 41 285
288 277 287
290 271 289
292 96 274
294 29 93
296 237 294
298 293 297
300 31 299
302 40 273
i0 u0music29ctrl0f1dplay0f1dalarm1b1b
i1 u0music29ctrl0music29ctrl
i2 u02frontdoor29door0f1d2frontdoor29unlock1b
i3 u02frontdoor29door0f1d2frontdoor29lock1b
i4 u02frontdoor29door02frontdoor29door
i5 u02blackout2timer29start2new2timer0f1dmin25231b
i6 u02blackout2timer29start2new2timer0f1d2blackout2timer29hour251b
i7 u02blackout2timer29start2new2timer0f1d2blackout2timer29hour241b
i8 u02blackout2timer29start2new2timer0f1d2blackout2timer29min25231b
i9 u02blackout2timer29start2new2timer02blackout2timer29start2new2timer
l0 l0
l1 l1
l2 l2
l3 l3
l4 l4
o0 p0p02time29between0p1db02time29am231b02time29am2423
o1 p0p02time29between0p1db02time29am51b02time29am2423
o2 p0b02system29blackout
o3 p0b02firesensor29fire
o4 p0b02frontdoor29unlocked
o5 p0b02frontdoor29locked
o6 p0b02blackout2timer29timeout
o7 p0b02time29am23
o8 p0b02time29am5
o9 p0b02room29bed29occupied
o10 p0b02room29somebody2leaves
o11 p0b02room29somebody2enters
o12 p0b02room29switch29toggled
o13 p0b02room29empty
