REALIZABLE
aag 613 9 6 4 598
2
4
6
8
10
12
14
16
18
20 584
22 825
24 957
26 1055
28 1137
30 1227
172
294
340
0
32 5 7
34 8 32
36 24 27
38 19 21
40 14 19
42 39 41
44 22 43
46 19 20
48 23 46
50 45 49
52 36 51
54 28 43
56 52 54
58 26 29
60 23 25
62 15 18
64 20 62
66 13 18
68 65 66
70 23 24
72 69 70
74 14 67
76 22 75
78 25 77
80 21 22
82 15 19
84 80 82
86 12 18
88 65 87
90 22 85
92 88 90
94 76 93
96 25 94
98 79 97
100 69 99
102 73 101
104 61 103
106 58 104
108 26 28
110 14 87
112 21 111
114 22 112
116 20 86
118 39 117
120 23 119
122 115 121
124 14 25
126 123 124
128 108 126
130 57 129
132 107 130
134 31 133
136 14 86
138 29 30
140 25 26
142 23 140
144 138 142
146 136 144
148 22 137
150 24 149
152 27 29
154 30 152
156 23 39
158 22 117
160 24 157
162 159 160
164 154 162
166 150 164
168 147 167
170 135 168
172 34 171
174 23 88
176 21 72
178 113 158
180 25 175
182 179 180
184 177 183
186 154 185
188 175 186
190 60 88
192 20 111
194 22 25
196 193 194
198 20 67
200 23 198
202 45 95
204 83 203
206 22 67
208 14 206
210 205 209
212 24 85
214 201 212
216 210 214
218 27 191
220 197 218
222 217 220
224 42 222
226 21 23
228 111 226
230 25 229
232 22 46
234 24 232
236 15 234
238 26 236
240 20 206
242 24 241
244 26 235
246 243 244
248 239 247
250 231 249
252 28 251
254 225 252
256 87 193
258 70 256
260 14 66
262 21 261
264 60 263
266 27 93
268 265 266
270 259 268
272 142 257
274 41 206
276 24 274
278 26 241
280 276 278
282 29 273
284 281 282
286 271 284
288 31 287
290 255 288
292 189 291
294 34 293
296 26 61
298 29 297
300 30 299
302 35 300
304 137 144
306 23 263
308 149 307
310 22 24
312 83 198
314 310 312
316 73 315
318 308 317
320 154 183
322 319 320
324 107 286
326 129 252
328 223 326
330 325 329
332 31 331
334 34 305
336 323 334
338 333 336
340 303 339
342 154 163
344 18 112
346 117 144
348 345 346
350 23 38
352 25 27
354 350 352
356 28 53
358 239 356
360 83 140
362 123 360
364 31 355
366 363 364
368 358 366
370 25 209
372 26 371
374 15 86
376 23 375
378 69 376
380 212 379
382 372 381
384 23 43
386 85 385
388 36 387
390 29 31
392 43 352
394 157 392
396 390 395
398 389 396
400 383 398
402 32 343
404 349 402
406 401 404
408 369 406
410 303 409
412 8 411
414 5 6
416 24 209
418 243 417
420 379 419
422 372 421
424 355 423
426 390 425
428 262 375
430 23 374
432 370 431
434 27 28
436 311 434
438 428 436
440 433 438
442 78 157
444 20 442
446 65 376
448 21 374
450 41 63
452 198 450
454 22 453
456 449 454
458 447 457
460 42 88
462 23 461
464 22 262
466 463 465
468 24 467
470 459 468
472 445 471
474 108 473
476 201 465
478 24 459
480 30 477
482 478 480
484 441 483
486 427 484
488 475 486
490 414 489
492 4 7
494 300 493
496 459 467
498 352 497
500 36 122
502 143 501
504 499 502
506 138 505
508 20 40
510 25 345
512 61 511
514 509 513
516 39 75
518 351 517
520 15 226
522 24 521
524 519 522
526 27 525
528 515 526
530 28 31
532 60 262
534 194 312
536 533 535
538 449 537
540 25 539
542 416 466
544 26 541
546 543 544
548 529 530
550 547 548
552 45 379
554 24 553
556 27 443
558 555 556
560 43 311
562 119 310
564 26 563
566 561 564
568 559 567
570 390 569
572 492 571
574 507 572
576 551 574
578 491 495
580 577 578
582 9 581
584 413 583
586 47 74
588 142 586
590 454 509
592 429 590
594 23 519
596 593 595
598 25 597
600 136 226
602 237 419
604 601 602
606 27 605
608 599 606
610 589 609
612 138 611
614 23 86
616 20 614
618 228 375
620 617 619
622 513 620
624 26 603
626 623 624
628 23 453
630 150 629
632 25 81
634 261 632
636 375 634
638 595 636
640 631 639
642 27 641
644 627 643
646 28 645
648 274 517
650 352 521
652 37 565
654 257 378
656 653 655
658 651 657
660 649 659
662 26 162
664 29 663
666 661 664
668 647 667
670 31 669
672 613 671
674 34 673
676 111 227
678 496 676
680 36 138
682 414 680
684 678 682
686 352 520
688 25 649
690 24 453
692 655 690
694 26 689
696 693 694
698 687 697
700 390 414
702 699 700
704 31 414
706 28 704
708 601 679
710 24 709
712 194 452
714 711 713
716 26 715
718 36 618
720 136 196
722 27 720
724 719 723
726 717 724
728 706 727
730 15 207
732 456 731
734 23 679
736 733 735
738 352 737
740 15 198
742 194 741
744 479 743
746 26 745
748 307 619
750 140 749
752 40 227
754 36 753
756 431 754
758 95 756
760 530 751
762 759 760
764 747 762
766 739 764
768 25 709
770 115 615
772 522 771
774 679 772
776 769 775
778 154 777
780 204 352
782 416 655
784 27 783
786 27 460
788 785 787
790 26 431
792 509 741
794 429 792
796 276 795
798 97 790
800 797 798
802 788 801
804 687 781
806 803 804
808 390 807
810 767 809
812 779 810
814 492 813
816 685 703
818 729 816
820 815 818
822 9 821
824 675 823
826 351 602
828 233 752
830 25 829
832 27 831
834 827 832
836 589 835
838 138 837
840 127 235
842 26 841
844 356 843
846 25 211
848 24 82
850 73 849
852 241 851
854 29 853
856 847 854
858 153 857
860 74 226
862 352 860
864 84 556
866 863 865
868 859 866
870 31 845
872 869 870
874 839 873
876 34 875
878 84 140
880 239 879
882 687 880
884 29 883
886 26 237
888 28 886
890 15 232
892 888 890
894 885 893
896 704 895
898 23 795
900 202 899
902 24 901
904 27 753
906 37 905
908 721 907
910 903 908
912 25 591
914 748 912
916 886 915
918 471 916
920 530 911
922 919 920
924 19 233
926 679 925
928 680 927
930 18 420
932 433 931
934 26 933
936 202 861
938 25 937
940 789 939
942 390 935
944 941 942
946 923 929
948 945 946
950 492 949
952 897 951
954 9 953
956 877 955
958 80 451
960 113 898
962 959 961
964 140 963
966 358 965
968 43 140
970 40 754
972 907 971
974 44 972
976 969 975
978 859 976
980 31 967
982 979 980
984 164 453
986 263 792
988 39 137
990 142 988
992 987 990
994 355 993
996 138 995
998 985 997
1000 983 998
1002 34 1001
1004 863 880
1006 29 1005
1008 893 1007
1010 704 1009
1012 150 735
1014 434 1013
1016 26 851
1018 100 790
1020 25 309
1022 784 1021
1024 29 1017
1026 1023 1024
1028 1019 1026
1030 31 492
1032 233 619
1034 25 1033
1036 212 924
1038 43 1036
1040 888 1039
1042 1035 1040
1044 1030 1043
1046 1029 1044
1048 1015 1046
1050 1011 1049
1052 9 1051
1054 1003 1053
1056 469 536
1058 237 1056
1060 108 1059
1062 216 229
1064 50 676
1066 25 1065
1068 434 1067
1070 1063 1068
1072 104 152
1074 86 310
1076 58 1074
1078 1061 1077
1080 1071 1078
1082 1073 1080
1084 1030 1083
1086 26 896
1088 492 680
1090 771 1088
1092 1087 1091
1094 1085 1092
1096 9 1095
1098 21 1074
1100 102 1099
1102 26 1101
1104 73 210
1106 27 1105
1108 1103 1107
1110 390 1109
1112 223 355
1114 70 82
1116 1113 1115
1118 23 987
1120 25 959
1122 1119 1120
1124 246 1123
1126 1117 1125
1128 530 1127
1130 187 1111
1132 1129 1130
1134 34 1133
1136 1097 1135
1138 233 385
1140 830 1138
1142 27 243
1144 1141 1142
1146 589 993
1148 1145 1146
1150 138 1149
1152 26 31
1154 40 1152
1156 310 1154
1158 531 1157
1160 20 531
1162 14 39
1164 842 1162
1166 352 508
1168 28 1167
1170 1165 1168
1172 1159 1161
1174 1171 1172
1176 1151 1175
1178 34 1177
1180 296 1057
1182 83 194
1184 71 1183
1186 27 262
1188 1185 1186
1190 1181 1189
1192 706 1191
1194 25 467
1196 1037 1195
1198 154 1197
1200 108 315
1202 973 1159
1204 1201 1202
1206 1199 1205
1208 492 1207
1210 477 682
1212 316 847
1214 58 704
1216 1213 1214
1218 1193 1211
1220 1209 1217
1222 1218 1220
1224 9 1223
1226 1179 1225
i0 p0b02c2m29finished
i1 p0b02c2m29busy
i2 p0b02c2m29standby
i3 p0b02c2m29ready
i4 p0b02room29bed29occupied
i5 p0b02room29somebody2leaves
i6 p0b02room29somebody2enters
i7 p0b02room29switch29toggled
i8 p0b02room29empty
l0 l0
l1 l1
l2 l2
l3 l3
l4 l4
l5 l5
o0 u02c2m29ctrl0f1d2c2m29turn2off1b
o1 u02c2m29ctrl0f1d2c2m29make2coffee1b
o2 u02c2m29ctrl0f1d2c2m29turn2on1b
o3 u02c2m29ctrl02c2m29ctrl
