REALIZABLE
aag 264 7 5 4 252
2
4
6
8
10
12
14
16 319
18 373
20 453
22 497
24 529
90
155
158
0
26 21 23
28 20 22
30 17 29
32 27 30
34 18 20
36 16 34
38 17 19
40 37 39
42 23 40
44 33 43
46 24 29
48 44 46
50 19 23
52 25 50
54 30 51
56 19 21
58 16 29
60 57 58
62 55 61
64 24 63
66 16 21
68 51 66
70 27 35
72 17 71
74 69 73
76 25 75
78 65 77
80 11 79
82 52 80
84 49 83
86 2 5
88 15 86
90 85 88
92 4 15
94 18 23
96 57 95
98 67 96
100 24 99
102 17 97
104 23 102
106 25 105
108 101 107
110 59 108
112 24 28
114 11 95
116 9 115
118 4 117
120 113 119
122 110 121
124 93 123
126 24 45
128 111 126
130 18 22
132 68 131
134 103 133
136 11 26
138 135 137
140 25 92
142 139 140
144 129 143
146 125 144
148 3 147
150 2 113
152 91 150
154 149 153
156 3 29
158 146 156
160 5 112
162 10 113
164 22 56
166 95 165
168 30 166
170 24 133
172 169 170
174 25 41
176 11 175
178 173 176
180 9 163
182 179 180
184 19 32
186 20 184
188 23 36
190 187 189
192 25 191
194 11 109
196 193 194
198 29 96
200 172 198
202 193 201
204 16 131
206 46 204
208 127 207
210 16 26
212 19 210
214 25 213
216 133 214
218 208 217
220 10 219
222 202 220
224 52 66
226 10 224
228 8 227
230 197 228
232 223 230
234 14 183
236 233 234
238 16 97
240 185 239
242 25 241
244 207 243
246 10 244
248 16 100
250 25 187
252 169 205
254 27 253
256 214 255
258 27 256
260 250 259
262 176 249
264 261 262
266 15 247
268 265 266
270 4 269
272 237 270
274 3 161
276 273 274
278 87 151
280 14 163
282 10 15
284 281 283
286 225 285
288 240 253
290 25 288
292 18 48
294 15 53
296 291 294
298 293 296
300 287 299
302 9 11
304 250 289
306 47 305
308 14 302
310 307 308
312 5 311
314 301 312
316 279 315
318 277 317
320 3 4
322 165 216
324 127 323
326 10 325
328 15 327
330 64 103
332 257 331
334 11 333
336 328 335
338 8 21
340 11 339
342 203 340
344 8 222
346 14 343
348 345 346
350 320 337
352 349 350
354 47 215
356 8 355
358 14 357
360 10 214
362 328 361
364 81 362
366 86 281
368 359 366
370 365 368
372 353 371
374 187 211
376 24 375
378 27 304
380 377 379
382 11 381
384 362 383
386 189 213
388 17 167
390 386 389
392 24 391
394 46 96
396 393 395
398 175 291
400 396 398
402 302 401
404 358 403
406 86 385
408 405 406
410 106 386
412 131 374
414 209 412
416 411 415
418 198 416
420 291 419
422 302 421
424 20 203
426 11 355
428 425 426
430 221 429
432 8 431
434 423 433
436 14 435
438 190 259
440 428 439
442 220 244
444 441 443
446 15 445
448 437 447
450 320 449
452 409 451
454 23 55
456 11 46
458 455 456
460 378 390
462 11 461
464 10 416
466 463 465
468 15 459
470 467 468
472 74 410
474 393 473
476 302 475
478 11 218
480 111 228
482 479 480
484 14 477
486 483 484
488 320 487
490 471 488
492 80 88
494 397 492
496 491 495
498 11 307
500 401 498
502 49 501
504 88 503
506 87 321
508 310 507
510 401 508
512 167 174
514 10 55
516 100 514
518 457 513
520 517 518
522 15 320
524 521 522
526 511 525
528 505 526
i0 p0b02roomlight29off
i1 p0b02roomlight29on
i2 p0b02room29bed29occupied
i3 p0b02room29somebody2leaves
i4 p0b02room29somebody2enters
i5 p0b02room29switch29toggled
i6 p0b02room29empty
l0 l0
l1 l1
l2 l2
l3 l3
l4 l4
o0 u02roomlight29light0f1d2roomlight29turn2off1b
o1 u02roomlight29light0f1d2roomlight29toggle1b
o2 u02roomlight29light0f1d2roomlight29turn2on1b
o3 u02roomlight29light02roomlight29light
