UNREALIZABLE
aag 151 10 5 13 136
2
4
6
8
10
12
14
16
18
20
22 211
24 263
26 291
28 300
30 302
37
42
37
37
82
69
37
37
87
80
101
0
102
32 29 30
34 27 32
36 30 35
38 24 26
40 28 31
42 39 40
44 22 27
46 24 45
48 34 46
50 23 26
52 45 51
54 24 53
56 39 52
58 55 57
60 28 59
62 29 55
64 31 63
66 61 64
68 49 67
70 23 25
72 29 71
74 25 27
76 31 74
78 72 76
80 37 79
82 68 80
84 38 40
86 35 85
88 26 72
90 28 75
92 47 90
94 89 93
96 31 95
98 34 71
100 97 99
102 80 100
104 24 27
106 13 15
108 19 21
110 16 109
112 17 108
114 18 20
116 111 115
118 113 116
120 106 119
122 2 5
124 3 4
126 123 125
128 107 113
130 12 14
132 127 131
134 129 132
136 121 134
138 9 136
140 6 11
142 138 140
144 7 10
146 138 144
148 143 147
150 22 149
152 143 151
154 104 152
156 7 8
158 11 156
160 136 158
162 23 160
164 151 163
166 74 164
168 155 167
170 32 169
172 147 161
174 22 173
176 163 175
178 27 176
180 26 152
182 179 181
184 25 182
186 104 165
188 38 177
190 187 189
192 185 190
194 28 193
196 25 45
198 165 196
200 24 182
202 31 199
204 201 202
206 41 205
208 195 207
210 171 209
212 22 142
214 143 176
216 27 215
218 213 217
220 196 219
222 173 180
224 217 223
226 24 149
228 224 226
230 221 229
232 29 231
234 26 215
236 143 172
238 27 237
240 213 238
242 235 241
244 24 243
246 25 225
248 245 247
250 28 249
252 233 251
254 31 253
256 104 153
258 32 240
260 257 258
262 255 261
264 175 238
266 25 264
268 257 267
270 32 269
272 29 236
274 73 273
276 104 215
278 275 277
280 185 265
282 237 280
284 28 283
286 31 279
288 285 286
290 271 289
292 92 282
294 29 75
296 237 294
298 293 297
300 31 299
302 40 281
i0 u0music29ctrl0f1dplay0f1dalarm1b1b
i1 u0music29ctrl0music29ctrl
i2 u02frontdoor29door0f1d2frontdoor29unlock1b
i3 u02frontdoor29door0f1d2frontdoor29lock1b
i4 u02frontdoor29door02frontdoor29door
i5 u02blackout2timer29start2new2timer0f1dmin25231b
i6 u02blackout2timer29start2new2timer0f1d2blackout2timer29hour251b
i7 u02blackout2timer29start2new2timer0f1d2blackout2timer29hour241b
i8 u02blackout2timer29start2new2timer0f1d2blackout2timer29min25231b
i9 u02blackout2timer29start2new2timer02blackout2timer29start2new2timer
l0 l0
l1 l1
l2 l2
l3 l3
l4 l4
o0 p0p02time29between0p1db02time29am231b02time29am2423
o1 p0p02time29between0p1db02time29am51b02time29am2423
o2 p0b02system29blackout
o3 p0b02firesensor29fire
o4 p0b02frontdoor29unlocked
o5 p0b02frontdoor29locked
o6 p0b02blackout2timer29timeout
o7 p0b02time29am23
o8 p0b02time29am5
o9 p0b02room29somebody2leaves
o10 p0b02room29somebody2enters
o11 p0b02room29switch29toggled
o12 p0b02room29empty
