REALIZABLE
aag 547 8 6 4 533
2
4
6
8
10
12
14
16
18 513
20 733
22 861
24 963
26 1032
28 1095
124
228
257
0
30 5 8
32 7 30
34 25 27
36 28 34
38 20 22
40 11 13
42 18 40
44 16 43
46 38 45
48 36 46
50 24 27
52 13 19
54 11 53
56 16 54
58 20 57
60 23 59
62 13 16
64 10 63
66 41 65
68 53 67
70 21 69
72 12 17
74 70 73
76 63 74
78 39 77
80 61 78
82 50 80
84 10 16
86 53 85
88 63 73
90 17 18
92 88 91
94 11 17
96 85 95
98 12 97
100 93 99
102 20 100
104 11 16
106 93 105
108 103 107
110 22 109
112 25 26
114 86 112
116 110 114
118 83 117
120 29 119
122 49 121
124 32 123
126 12 84
128 20 127
130 101 128
132 87 131
134 22 133
136 18 21
138 62 136
140 19 20
142 62 140
144 23 143
146 139 144
148 85 146
150 20 86
152 21 127
154 23 153
156 151 154
158 12 105
160 140 158
162 143 161
164 156 163
166 149 165
168 112 166
170 135 168
172 12 85
174 19 173
176 38 174
178 16 55
180 21 178
182 23 180
184 177 183
186 50 185
188 21 23
190 87 137
192 23 191
194 189 193
196 19 57
198 188 196
200 195 199
202 21 179
204 151 203
206 22 205
208 34 207
210 201 208
212 187 211
214 171 212
216 29 215
218 23 133
220 22 85
222 36 221
224 219 222
226 217 225
228 32 227
230 26 28
232 25 219
234 47 220
236 232 235
238 28 237
240 32 239
242 231 241
244 108 133
246 22 244
248 168 247
250 29 212
252 249 250
254 83 252
256 243 255
258 5 231
260 31 259
262 23 24
264 132 262
266 26 265
268 43 97
270 63 268
272 141 270
274 23 273
276 23 25
278 10 62
280 87 279
282 25 129
284 280 282
286 277 285
288 275 287
290 266 289
292 10 89
294 196 293
296 20 295
298 22 203
300 297 298
302 157 301
304 24 303
306 21 98
308 140 280
310 22 309
312 127 310
314 307 312
316 25 188
318 174 316
320 10 93
322 58 321
324 23 323
326 25 325
328 319 327
330 315 329
332 27 305
334 331 332
336 291 335
338 29 337
340 27 28
342 24 194
344 20 270
346 181 220
348 345 346
350 342 349
352 54 91
354 321 353
356 13 20
358 276 357
360 354 358
362 18 93
364 104 363
366 279 365
368 129 366
370 22 25
372 268 370
374 368 372
376 340 361
378 351 376
380 375 378
382 8 381
384 339 382
386 261 385
388 4 9
390 4 231
392 389 391
394 143 279
396 22 395
398 24 26
400 396 398
402 29 401
404 193 208
406 137 161
408 98 175
410 407 408
412 144 411
414 112 413
416 135 414
418 20 362
420 64 91
422 20 66
424 141 423
426 421 425
428 153 427
430 22 429
432 418 430
434 23 204
436 301 435
438 433 436
440 50 439
442 402 405
444 417 442
446 441 444
448 22 345
450 232 449
452 24 188
454 65 452
456 268 454
458 340 457
460 451 458
462 9 461
464 447 462
466 393 465
468 387 467
470 7 469
472 20 172
474 141 473
476 203 474
478 22 477
480 342 479
482 319 481
484 27 483
486 25 165
488 132 487
490 266 488
492 29 485
494 491 492
496 5 9
498 84 452
500 340 499
502 496 501
504 495 502
506 230 497
508 6 507
510 505 508
512 471 511
514 20 320
516 23 515
518 21 100
520 22 519
522 309 520
524 517 523
526 68 188
528 24 527
530 525 528
532 25 199
534 19 292
536 60 535
538 25 537
540 533 539
542 307 519
544 309 542
546 65 544
548 71 189
550 547 548
552 541 551
554 531 553
556 27 555
558 21 421
560 276 559
562 424 560
564 103 321
566 133 564
568 394 567
570 370 568
572 262 565
574 26 563
576 573 574
578 571 576
580 29 579
582 557 580
584 276 534
586 23 91
588 569 586
590 221 394
592 109 590
594 588 593
596 431 595
598 25 597
600 22 367
602 340 601
604 21 99
606 325 605
608 602 606
610 37 609
612 585 611
614 599 612
616 583 615
618 30 617
620 20 370
622 499 621
624 602 623
626 276 340
628 565 626
630 323 520
632 294 316
634 517 532
636 633 635
638 631 637
640 72 140
642 309 641
644 475 642
646 605 645
648 22 647
650 307 324
652 24 651
654 649 652
656 639 655
658 27 657
660 24 566
662 263 661
664 136 158
666 23 664
668 22 565
670 486 667
672 669 670
674 26 662
676 673 674
678 659 677
680 29 679
682 625 629
684 681 682
686 388 685
688 619 687
690 7 689
692 6 496
694 340 452
696 692 694
698 365 696
700 271 698
702 292 418
704 520 703
706 517 705
708 24 706
710 27 633
712 709 710
714 29 692
716 24 668
718 99 276
720 163 718
722 26 721
724 717 722
726 714 725
728 713 726
730 701 729
732 691 730
734 153 624
736 544 630
738 538 737
740 307 516
742 21 101
744 645 743
746 703 744
748 22 747
750 24 741
752 749 750
754 27 739
756 753 754
758 26 111
760 663 758
762 402 761
764 126 140
766 276 665
768 765 766
770 247 769
772 26 771
774 757 773
776 762 774
778 735 777
780 7 388
782 779 780
784 27 316
786 714 784
788 294 786
790 72 136
792 91 152
794 365 792
796 419 795
798 23 797
800 166 799
802 791 801
804 247 397
806 112 804
808 803 806
810 22 545
812 23 57
814 153 812
816 641 815
818 811 816
820 50 819
822 20 280
824 21 534
826 23 823
828 825 826
830 34 313
832 829 830
834 821 833
836 809 834
838 29 837
840 47 515
842 707 840
844 24 843
846 25 601
848 589 846
850 845 849
852 340 851
854 839 853
856 32 855
858 783 789
860 857 858
862 453 621
864 340 863
866 368 864
868 355 425
870 77 869
872 22 871
874 60 519
876 873 875
878 50 877
880 154 407
882 112 881
884 38 320
886 34 199
888 885 886
890 883 889
892 762 890
894 879 892
896 867 895
898 780 897
900 534 786
902 22 235
904 81 903
906 24 904
908 340 907
910 220 368
912 601 911
914 595 912
916 25 915
918 908 917
920 245 262
922 26 921
924 25 800
926 804 924
928 922 927
930 189 813
932 75 931
934 811 933
936 24 935
938 276 822
940 279 370
942 57 940
944 153 942
946 27 939
948 945 946
950 937 948
952 29 951
954 929 952
956 919 955
958 32 957
960 899 901
962 959 960
964 111 799
966 112 965
968 34 107
970 519 968
972 143 542
974 310 973
976 21 92
978 931 977
980 50 979
982 975 980
984 785 971
986 923 984
988 983 986
990 967 989
992 29 991
994 36 591
996 235 994
998 993 997
1000 30 999
1002 278 864
1004 25 80
1006 38 50
1008 278 1006
1010 27 1009
1012 1005 1010
1014 113 759
1016 25 147
1018 247 1016
1020 1015 1019
1022 29 1021
1024 1013 1022
1026 1003 1025
1028 388 1027
1030 1001 1029
1032 7 1031
1034 72 1006
1036 641 791
1038 26 276
1040 1037 1038
1042 1035 1041
1044 29 1043
1046 587 1037
1048 1044 1046
1050 25 593
1052 911 1050
1054 908 1053
1056 1049 1055
1058 30 1057
1060 45 864
1062 245 626
1064 1045 1061
1066 1063 1064
1068 388 1067
1070 1059 1069
1072 7 1071
1074 19 79
1076 24 1075
1078 905 1076
1080 27 1079
1082 23 163
1084 112 1083
1086 714 1085
1088 761 1086
1090 1081 1088
1092 699 1091
1094 1073 1092
i0 p0b02c2m29finished
i1 p0b02c2m29busy
i2 p0b02c2m29standby
i3 p0b02c2m29ready
i4 p0b02room29somebody2leaves
i5 p0b02room29somebody2enters
i6 p0b02room29switch29toggled
i7 p0b02room29empty
l0 l0
l1 l1
l2 l2
l3 l3
l4 l4
l5 l5
o0 u02c2m29ctrl0f1d2c2m29turn2off1b
o1 u02c2m29ctrl0f1d2c2m29make2coffee1b
o2 u02c2m29ctrl0f1d2c2m29turn2on1b
o3 u02c2m29ctrl02c2m29ctrl
