UNREALIZABLE
aag 49 3 4 9 42
2
4
6
8 77
10 89
12 96
14 98
19
19
19
37
40
22
47
0
22
16 11 13
18 14 17
20 11 15
22 9 20
24 13 15
26 8 25
28 19 26
30 9 10
32 24 30
34 23 33
36 29 34
38 19 21
40 36 38
42 8 10
44 15 42
46 33 45
48 20 29
50 7 49
52 6 18
54 51 53
56 2 54
58 41 45
60 5 6
62 59 60
64 2 5
66 4 7
68 22 66
70 19 65
72 69 70
74 63 72
76 57 75
78 61 67
80 3 79
82 22 80
84 7 64
86 37 84
88 83 87
90 69 80
92 55 64
94 91 93
96 37 95
98 40 95
i0 u02heating29ctrl0f1d2heating29turn2off1b
i1 u02heating29ctrl0f1d2heating29turn2on1b
i2 u02heating29ctrl02heating29ctrl
l0 l0
l1 l1
l2 l2
l3 l3
o0 p0p0lt0f1dten2degree1b02room29temperature
o1 p0p0gt0outside29temperature02room29temperature
o2 p0b02firesensor29fire
o3 p0b02heating29on
o4 p0b02heating29off
o5 p0b02room29somebody2leaves
o6 p0b02room29somebody2enters
o7 p0b02room29switch29toggled
o8 p0b02room29empty
