REALIZABLE
aag 54 3 4 2 47
2
4
6
8 91
10 101
12 104
14 108
55
66
16 11 13
18 9 16
20 14 18
22 8 12
24 10 22
26 2 25
28 5 26
30 20 29
32 2 30
34 9 10
36 12 34
38 17 37
40 3 39
42 4 40
44 27 43
46 7 22
48 5 47
50 15 49
52 45 50
54 33 53
56 4 18
58 5 7
60 2 58
62 20 61
64 57 63
66 31 65
68 6 18
70 5 6
72 19 70
74 25 72
76 57 75
78 2 77
80 29 79
82 69 81
84 40 74
86 15 85
88 83 86
90 63 89
92 19 59
94 40 93
96 15 95
98 79 96
100 21 99
102 79 100
104 29 103
106 2 15
108 74 106
i0 idle
i1 request_0
i2 request_1
l0 l0
l1 l1
l2 l2
l3 l3
o0 grant_0
o1 grant_1
