REALIZABLE
aag 76 4 4 5 68
2
4
6
8
10 139
12 148
14 144
16 153
98
104
110
116
122
18 3 7
20 9 18
22 7 14
24 13 15
26 23 25
28 10 13
30 26 29
32 10 27
34 8 31
36 33 34
38 13 36
40 6 12
42 11 15
44 41 43
46 11 40
48 9 45
50 47 48
52 39 51
54 2 53
56 5 54
58 15 50
60 39 59
62 3 61
64 20 24
66 63 65
68 5 67
70 57 69
72 20 71
74 6 37
76 56 74
78 73 77
80 2 4
82 6 80
84 36 82
86 4 18
88 36 86
90 85 89
92 78 90
94 24 84
96 16 95
98 93 97
100 4 58
102 78 101
104 17 103
106 70 90
108 8 97
110 107 108
112 66 92
114 6 97
116 113 114
118 55 92
120 7 17
122 119 120
124 16 24
126 85 124
128 62 106
130 17 129
132 61 80
134 77 133
136 130 134
138 127 137
140 57 73
142 129 140
144 17 143
146 99 145
148 78 147
150 106 130
152 127 151
i0 ty_0
i1 tx_0
i2 ry_0
i3 rx_0
l0 l0
l1 l1
l2 l2
l3 l3
o0 serve
o1 right
o2 left
o3 down
o4 up
