UNREALIZABLE
aag 54 2 4 2 48
2
4
6 70
8 87
10 98
12 108
35
47
14 8 13
16 9 12
18 10 16
20 15 19
22 7 21
24 11 13
26 7 24
28 6 9
30 13 28
32 27 31
34 23 32
36 6 11
38 7 15
40 17 38
42 23 41
44 37 42
46 25 45
48 3 4
50 12 36
52 41 51
54 32 52
56 5 54
58 42 56
60 4 35
62 2 61
64 59 62
66 3 47
68 65 67
70 49 69
72 4 46
74 5 33
76 73 75
78 2 77
80 4 55
82 57 81
84 3 83
86 79 85
88 48 53
90 3 27
92 31 91
94 23 92
96 61 94
98 89 97
100 5 10
102 2 101
104 33 102
106 3 73
108 105 107
i0 g_0
i1 g_1
l0 l0
l1 l1
l2 l2
l3 l3
o0 r_0
o1 r_1
