UNREALIZABLE
aag 168 9 4 9 155
2
4
6
8
10
12
14
16
18
20 143
22 293
24 319
26 337
29
29
29
29
29
29
38
42
0
28 24 26
30 22 25
32 23 24
34 20 33
36 31 34
38 27 37
40 21 22
42 27 40
44 10 13
46 11 12
48 45 47
50 2 5
52 3 4
54 51 53
56 7 55
58 3 5
60 6 58
62 57 61
64 19 63
66 15 16
68 64 66
70 15 17
72 18 70
74 63 72
76 21 74
78 25 26
80 69 78
82 77 80
84 56 74
86 55 68
88 14 17
90 64 88
92 75 91
94 6 93
96 87 95
98 19 97
100 85 99
102 32 101
104 22 24
106 68 104
108 30 101
110 107 109
112 103 110
114 20 113
116 21 97
118 27 117
120 115 118
122 83 121
124 49 122
126 28 48
128 9 127
130 125 128
132 11 13
134 122 132
136 28 133
138 8 137
140 135 138
142 131 141
144 8 132
146 82 93
148 69 92
150 6 149
152 30 150
154 69 75
156 111 155
158 55 90
160 85 159
162 87 160
164 22 163
166 91 151
168 104 167
170 165 169
172 157 171
174 153 173
176 32 167
178 20 177
180 174 178
182 92 151
184 21 182
186 27 185
188 181 186
190 147 189
192 144 191
194 32 87
196 21 195
198 33 182
200 196 199
202 103 174
204 178 203
206 201 205
208 27 207
210 30 93
212 23 25
214 68 212
216 211 215
218 20 217
220 30 155
222 90 212
224 221 223
226 21 225
228 219 227
230 26 229
232 209 231
234 46 233
236 20 156
238 161 196
240 35 163
242 239 240
244 27 243
246 237 244
248 50 90
250 87 249
252 104 251
254 21 252
256 32 158
258 173 257
260 20 259
262 160 223
264 21 253
266 263 264
268 261 267
270 27 269
272 247 271
274 255 273
276 26 148
278 29 277
280 83 278
282 275 280
284 44 247
286 282 284
288 235 287
290 9 289
292 193 291
294 147 271
296 144 295
298 239 261
300 177 298
302 246 301
304 82 230
306 303 305
308 46 307
310 38 44
312 150 310
314 309 313
316 9 315
318 297 317
320 144 282
322 44 299
324 246 323
326 45 304
328 9 49
330 278 328
332 327 330
334 325 332
336 321 335
i0 u0counter0f1dinc0counter1b
i1 u0counter0f1ddec0counter1b
i2 u0counter0counter
i3 u0button2up0f1denable1b
i4 u0button2up0f1ddisable1b
i5 u0button2up0button2up
i6 u0button2down0f1denable1b
i7 u0button2down0f1ddisable1b
i8 u0button2down0button2down
l0 l0
l1 l1
l2 l2
l3 l3
o0 p0p0in2range0f1dinc0f1dinc0counter1b1b
o1 p0p0in2range0f1dinc0f1ddec0counter1b1b
o2 p0p0in2range0f1dinc0counter1b
o3 p0p0in2range0f1ddec0f1dinc0counter1b1b
o4 p0p0in2range0f1ddec0f1ddec0counter1b1b
o5 p0p0in2range0f1ddec0counter1b
o6 p0p0in2range0counter
o7 p0p0button2pressed0up
o8 p0p0button2pressed0down
