REALIZABLE
aag 102 4 4 9 94
2
4
6
8
10 175
12 191
14 198
16 205
57
66
0
98
96
0
130
135
0
18 15 16
20 10 15
22 2 15
24 21 23
26 9 24
28 18 27
30 11 14
32 3 14
34 11 33
36 8 11
38 13 37
40 35 38
42 30 40
44 21 31
46 12 45
48 9 46
50 5 48
52 17 43
54 51 52
56 29 55
58 3 15
60 47 58
62 37 60
64 16 63
66 56 65
68 3 12
70 44 68
72 2 12
74 31 73
76 47 75
78 2 76
80 11 13
82 79 80
84 71 83
86 4 84
88 41 71
90 49 88
92 87 91
94 17 93
96 65 95
98 57 97
100 4 85
102 23 100
104 59 77
106 5 79
108 33 77
110 84 109
112 104 111
114 106 113
116 104 114
118 103 117
120 17 119
122 5 80
124 60 123
126 15 125
128 16 127
130 121 129
132 16 124
134 121 133
136 5 81
138 60 137
140 6 138
142 18 141
144 101 117
146 6 145
148 103 115
150 6 149
152 103 107
154 7 153
156 5 105
158 154 157
160 151 159
162 114 160
164 5 6
166 111 164
168 17 167
170 147 168
172 163 170
174 143 173
176 7 145
178 168 177
180 7 127
182 6 24
184 16 183
186 133 185
188 181 187
190 179 189
192 138 165
194 16 193
196 17 160
198 195 197
200 126 194
202 155 196
204 201 203
i0 p0p0right2most0pos
i1 p0p0left2most0pos
i2 p0p0clicked0button
i3 p0p0center0pos
l0 l0
l1 l1
l2 l2
l3 l3
o0 u0vel0f1dadd0vel0f1done1b1b
o1 u0vel0f1done1b
o2 u0vel0vel
o3 u0score0f1dadd0score0f1done1b1b
o4 u0score0f1dzero1b
o5 u0score0score
o6 u0pos0f1dsub0pos0vel1b
o7 u0pos0f1dadd0pos0vel1b
o8 u0pos0pos
