REALIZABLE
aag 68 4 4 3 60
2
4
6
8
10 113
12 73
14 123
16 137
76
37
84
18 3 5
20 7 18
22 9 20
24 15 16
26 22 24
28 10 26
30 12 22
32 15 17
34 30 32
36 29 35
38 10 22
40 9 18
42 11 23
44 40 43
46 39 44
48 14 47
50 13 14
52 13 20
54 42 52
56 51 55
58 49 57
60 10 14
62 11 15
64 61 63
66 30 65
68 59 67
70 17 69
72 27 71
74 22 36
76 73 74
78 12 38
80 17 79
82 25 81
84 30 83
86 10 13
88 26 87
90 24 89
92 13 60
94 59 93
96 6 41
98 5 9
100 7 19
102 99 100
104 10 97
106 103 104
108 95 107
110 80 109
112 91 111
114 44 50
116 30 64
118 115 117
120 17 119
122 89 121
124 13 28
126 13 21
128 41 126
130 31 129
132 17 60
134 131 132
136 125 135
i0 x3
i1 x2
i2 x1
i3 x0
l0 l0
l1 l1
l2 l2
l3 l3
o0 y2
o1 y1
o2 y0
