UNREALIZABLE
aag 118 13 4 11 101
2
4
6
8
10
12
14
16
18
20
22
24
26
28 143
30 181
32 221
34 236
45
47
47
47
47
48
50
0
0
0
0
36 31 33
38 34 36
40 28 36
42 35 41
44 39 43
46 34 37
48 36 42
50 29 47
52 9 11
54 5 7
56 52 54
58 2 57
60 17 19
62 16 18
64 21 63
66 61 65
68 13 15
70 12 14
72 69 71
74 67 72
76 5 52
78 6 77
80 59 79
82 74 80
84 24 26
86 25 27
88 23 85
90 87 88
92 4 53
94 8 11
96 9 10
98 95 97
100 3 54
102 98 100
104 25 29
106 93 104
108 90 106
110 103 108
112 82 110
114 47 113
116 2 56
118 5 99
120 4 52
122 7 121
124 117 122
126 119 124
128 22 86
130 91 129
132 21 60
134 45 132
136 131 134
138 82 127
140 136 138
142 115 141
144 74 133
146 131 144
148 45 146
150 32 35
152 39 151
154 31 153
156 131 154
158 148 157
160 6 76
162 158 160
164 120 148
166 5 96
168 158 166
170 165 169
172 7 171
174 163 173
176 3 175
178 116 158
180 177 179
182 30 32
184 35 183
186 11 47
188 185 186
190 146 188
192 7 9
194 190 192
196 55 195
198 94 184
200 148 198
202 96 150
204 146 202
206 5 205
208 201 206
210 197 209
212 163 211
214 3 213
216 144 156
218 116 216
220 215 219
222 8 190
224 34 96
226 216 224
228 223 227
230 54 229
232 160 216
234 231 233
236 3 235
i0 u0window0f1denable2button0up1b
i1 u0window0f1denable2button0down1b
i2 u0window0f1ddisable2button0up1b
i3 u0window0f1ddisable2button0down1b
i4 u0window0window
i5 u0selected0f1dtoggle0selected1b
i6 u0selected0selected
i7 u0second2counter0f1dincrement0second2counter1b
i8 u0second2counter0f1ddecrement0second2counter1b
i9 u0second2counter0second2counter
i10 u0first2counter0f1dincrement0first2counter1b
i11 u0first2counter0f1ddecrement0first2counter1b
i12 u0first2counter0first2counter
l0 l0
l1 l1
l2 l2
l3 l3
o0 p0p0second0selected
o1 p0p0in2range0f1dincrement0second2counter1b
o2 p0p0in2range0f1dincrement0first2counter1b
o3 p0p0in2range0f1ddecrement0second2counter1b
o4 p0p0in2range0f1ddecrement0first2counter1b
o5 p0p0in2range0second2counter
o6 p0p0in2range0first2counter
o7 p0p0first0selected
o8 p0p0button2pressed0up
o9 p0p0button2pressed0switch
o10 p0p0button2pressed0down
