REALIZABLE
aag 63 6 4 3 53
2
4
6
8
10
12
14 69
16 104
18 116
20 127
40
42
44
22 14 16
24 19 20
26 23 24
28 20 27
30 3 29
32 16 19
34 14 33
36 17 18
38 35 37
40 30 39
42 30 38
44 2 29
46 17 19
48 21 47
50 4 21
52 49 51
54 15 17
56 18 55
58 7 57
60 48 59
62 53 61
64 2 62
66 30 63
68 65 67
70 11 54
72 24 70
74 3 73
76 10 22
78 9 23
80 56 79
82 77 80
84 21 82
86 46 50
88 74 87
90 85 88
92 53 83
94 12 55
96 26 95
98 71 96
100 2 99
102 93 100
104 91 103
106 18 76
108 48 107
110 74 109
112 60 81
114 2 113
116 111 115
118 81 97
120 44 119
122 99 107
124 30 123
126 121 125
i0 b
i1 a5
i2 a4
i3 a3
i4 a2
i5 a1
l0 l0
l1 l1
l2 l2
l3 l3
o0 p2
o1 p1
o2 p0
