REALIZABLE
aag 58 7 4 1 47
2
4
6
8
10
12
14
16 83
18 105
20 111
22 117
36
24 2 18
26 21 22
28 25 26
30 17 19
32 22 30
34 27 33
36 29 35
38 14 16
40 28 38
42 14 18
44 6 16
46 43 44
48 9 17
50 47 49
52 20 51
54 10 18
56 21 54
58 9 56
60 11 16
62 18 60
64 31 63
66 12 15
68 13 14
70 67 69
72 21 71
74 65 72
76 23 59
78 53 76
80 75 78
82 41 81
84 5 19
86 28 85
88 20 45
90 42 88
92 38 56
94 12 21
96 65 94
98 91 93
100 97 98
102 23 101
104 87 103
106 57 89
108 23 107
110 37 109
112 20 23
114 44 112
116 34 115
i0 w
i1 v
i2 u
i3 s
i4 r
i5 q
i6 p
l0 l0
l1 l1
l2 l2
l3 l3
o0 acc
