REALIZABLE
aag 97 3 4 1 90
2
4
6
8 85
10 141
12 180
14 195
61
16 5 9
18 10 16
20 2 11
22 6 10
24 8 21
26 23 24
28 13 14
30 19 28
32 27 30
34 5 11
36 6 35
38 8 37
40 4 10
42 9 21
44 41 42
46 39 45
48 2 10
50 46 48
52 13 51
54 12 47
56 15 55
58 53 56
60 33 59
62 7 18
64 27 63
66 28 65
68 6 9
70 52 69
72 3 23
74 18 73
76 7 75
78 54 76
80 71 79
82 15 81
84 67 83
86 5 68
88 7 41
90 3 6
92 35 91
94 4 7
96 41 49
98 95 97
100 21 99
102 92 101
104 88 103
106 38 105
108 10 106
110 11 94
112 9 110
114 13 87
116 113 114
118 109 116
120 75 107
122 12 120
124 15 119
126 123 124
128 3 111
130 38 128
132 28 63
134 131 132
136 10 134
138 121 136
140 127 139
142 3 88
144 91 103
146 8 145
148 72 95
150 5 48
152 9 151
154 149 152
156 12 155
158 147 156
160 143 158
162 20 37
164 4 90
166 163 165
168 9 167
170 8 99
172 48 170
174 169 173
176 13 175
178 161 177
180 15 179
182 89 92
184 9 183
186 171 185
188 13 187
190 15 189
192 159 190
194 135 193
i0 r
i1 q
i2 p
l0 l0
l1 l1
l2 l2
l3 l3
o0 acc
