REALIZABLE
aag 77 4 4 1 69
2
4
6
8
10 122
12 142
14 154
16 88
88
18 13 15
20 11 18
22 16 21
24 7 11
26 8 25
28 2 4
30 26 28
32 18 31
34 9 11
36 4 34
38 5 35
40 37 39
42 13 41
44 12 27
46 35 45
48 43 46
50 14 49
52 7 10
54 3 11
56 53 55
58 5 57
60 12 15
62 6 9
64 10 62
66 4 53
68 65 66
70 59 60
72 69 70
74 51 73
76 4 64
78 56 77
80 60 79
82 33 81
84 74 82
86 17 85
88 23 87
90 9 25
92 2 5
94 91 93
96 90 92
98 13 97
100 95 98
102 5 55
104 65 102
106 15 77
108 105 106
110 19 109
112 101 111
114 12 90
116 14 115
118 43 116
120 17 119
122 113 120
124 2 27
126 3 26
128 125 127
130 98 129
132 15 81
134 131 132
136 14 37
138 45 136
140 17 139
142 135 140
144 25 92
146 4 124
148 145 147
150 18 149
152 74 151
154 17 153
i0 q_0
i1 q_1
i2 p_0
i3 p_1
l0 l0
l1 l1
l2 l2
l3 l3
o0 acc
