REALIZABLE
aag 305 4 5 4 296
2
4
6
8
10 450
12 506
14 549
16 574
18 610
186
271
359
406
20 2 19
22 12 14
24 17 22
26 11 24
28 13 15
30 11 16
32 28 30
34 27 33
36 4 35
38 12 15
40 10 17
42 38 40
44 13 40
46 13 14
48 39 47
50 30 49
52 45 51
54 43 52
56 17 54
58 23 56
60 11 15
62 17 60
64 12 62
66 51 65
68 11 29
70 15 16
72 69 70
74 12 72
76 31 75
78 61 77
80 11 46
82 79 81
84 66 82
86 59 84
88 7 86
90 10 88
92 27 45
94 48 56
96 73 92
98 95 96
100 5 99
102 91 100
104 7 102
106 11 48
108 17 106
110 75 109
112 6 111
114 12 112
116 105 115
118 37 116
120 20 119
122 6 32
124 2 18
126 122 124
128 9 127
130 121 128
132 7 108
134 5 133
136 117 134
138 37 137
140 20 139
142 30 38
144 6 99
146 59 144
148 41 143
150 147 148
152 5 151
154 16 49
156 92 155
158 152 156
160 43 159
162 6 42
164 158 163
166 6 151
168 6 49
170 54 169
172 167 170
174 4 173
176 165 175
178 124 177
180 161 178
182 8 141
184 181 182
186 131 185
188 6 66
190 2 4
192 85 190
194 3 4
196 76 155
198 16 80
200 63 199
202 197 200
204 25 203
206 89 204
208 194 206
210 193 209
212 9 19
214 189 212
216 211 214
218 7 64
220 194 218
222 18 221
224 56 107
226 7 224
228 2 169
230 227 228
232 4 231
234 167 233
236 6 157
238 43 237
240 190 238
242 235 240
244 222 243
246 7 82
248 34 246
250 192 249
252 7 80
254 6 204
256 253 255
258 189 194
260 257 258
262 19 261
264 251 262
266 8 265
268 245 266
270 217 269
272 2 111
274 6 100
276 273 274
278 4 188
280 4 7
282 85 280
284 4 122
286 113 285
288 283 286
290 278 288
292 277 291
294 3 205
296 212 295
298 293 296
300 7 34
302 13 62
304 6 302
306 279 281
308 305 306
310 301 309
312 2 311
314 162 312
316 6 194
318 64 316
320 18 319
322 315 320
324 17 47
326 155 325
328 254 326
330 194 329
332 10 326
334 6 332
336 190 335
338 99 254
340 325 338
342 2 122
344 5 343
346 341 344
348 331 337
350 347 348
352 19 351
354 8 323
356 353 354
358 299 357
360 157 174
362 18 361
364 152 157
366 362 365
368 7 62
370 6 333
372 69 71
374 370 372
376 204 374
378 369 377
380 5 12
382 3 381
384 379 382
386 144 374
388 134 387
390 2 389
392 11 248
394 4 375
396 393 394
398 390 397
400 19 385
402 399 400
404 8 403
406 367 404
408 20 289
410 19 316
412 201 410
414 128 413
416 409 414
418 3 219
420 237 418
422 18 421
424 235 422
426 2 274
428 247 336
430 5 339
432 4 253
434 377 432
436 3 435
438 431 436
440 427 429
442 439 440
444 19 443
446 8 425
448 445 446
450 417 449
452 52 225
454 280 453
456 2 455
458 153 456
460 3 361
462 459 461
464 320 463
466 87 280
468 103 467
470 2 469
472 255 369
474 194 473
476 19 475
478 471 476
480 465 479
482 8 481
484 16 22
486 18 485
488 343 486
490 9 489
492 279 490
494 415 493
496 4 304
498 20 497
500 309 498
502 89 500
504 495 503
506 483 505
508 124 284
510 4 95
512 254 510
514 3 513
516 19 313
518 515 516
520 509 519
522 9 521
524 2 364
526 227 238
528 190 527
530 222 529
532 525 530
534 6 85
536 249 535
538 4 537
540 390 539
542 262 541
544 8 543
546 533 544
548 523 547
550 4 90
552 5 147
554 20 553
556 551 554
558 128 557
560 61 109
562 371 560
564 4 563
566 137 565
568 20 567
570 8 179
572 569 570
574 559 573
576 112 380
578 45 143
580 485 578
582 577 580
584 362 582
586 404 585
588 101 306
590 2 589
592 91 590
594 4 207
596 7 302
598 430 597
600 3 595
602 599 600
604 19 593
606 603 604
608 490 607
610 587 609
i0 r_0
i1 r_1
i2 r_2
i3 r_3
l0 l0
l1 l1
l2 l2
l3 l3
l4 l4
o0 g_0
o1 g_1
o2 g_2
o3 g_3
