UNREALIZABLE
aag 442 13 5 14 424
2
4
6
8
10
12
14
16
18
20
22
24
26
28 493
30 656
32 766
34 850
36 884
46
0
0
67
67
0
68
84
64
80
86
0
0
0
38 31 33
40 35 38
42 36 41
44 37 40
46 43 45
48 32 34
50 30 49
52 28 50
54 33 34
56 29 35
58 31 57
60 55 58
62 37 53
64 61 62
66 47 65
68 46 65
70 32 35
72 58 71
74 29 32
76 34 75
78 43 77
80 73 78
82 45 80
84 67 83
86 40 64
88 13 15
90 12 14
92 89 91
94 43 93
96 16 19
98 21 96
100 23 25
102 26 100
104 22 25
106 27 104
108 103 107
110 23 24
112 27 110
114 108 113
116 34 115
118 103 116
120 28 118
122 108 117
124 34 102
126 123 125
128 71 75
130 126 129
132 121 131
134 31 133
136 28 115
138 50 136
140 32 115
142 28 124
144 35 115
146 28 126
148 127 137
150 147 149
152 144 151
154 119 153
156 143 154
158 140 156
160 32 155
162 159 161
164 29 108
166 163 165
168 34 166
170 30 168
172 139 171
174 48 136
176 31 174
178 135 177
180 172 178
182 29 115
184 38 182
186 177 185
188 143 187
190 30 115
192 33 126
194 35 112
196 117 195
198 193 197
200 190 199
202 48 190
204 201 203
206 190 204
208 29 206
210 201 209
212 189 210
214 180 212
216 98 215
218 37 217
220 19 20
222 29 211
224 171 223
226 117 183
228 58 140
230 139 229
232 226 230
234 143 161
236 31 235
238 191 237
240 233 238
242 224 241
244 220 243
246 18 21
248 239 246
250 224 248
252 245 251
254 17 253
256 218 255
258 36 40
260 23 157
262 144 261
264 98 262
266 16 265
268 246 262
270 220 260
272 17 271
274 269 272
276 267 275
278 258 277
280 257 279
282 11 281
284 10 43
286 5 7
288 9 286
290 285 288
292 283 290
294 42 289
296 2 295
298 293 296
300 9 11
302 7 300
304 4 302
306 37 98
308 233 306
310 221 247
312 17 311
314 99 313
316 258 315
318 144 316
320 21 318
322 309 321
324 17 37
326 221 230
328 231 247
330 233 324
332 327 329
334 330 332
336 322 335
338 304 337
340 4 42
342 261 318
344 258 343
346 123 166
348 33 150
350 347 349
352 30 351
354 75 125
356 227 354
358 159 357
360 31 359
362 353 361
364 220 363
366 54 102
368 31 367
370 161 368
372 33 155
374 30 373
376 347 374
378 246 371
380 377 378
382 365 381
384 17 383
386 135 229
388 175 387
390 171 389
392 181 391
394 306 392
396 187 367
398 143 396
400 201 399
402 98 401
404 37 403
406 395 404
408 385 406
410 285 345
412 409 410
414 8 413
416 9 10
418 9 43
420 417 419
422 172 237
424 246 423
426 245 425
428 17 427
430 218 429
432 10 345
434 431 432
436 421 435
438 415 437
440 7 439
442 6 300
444 6 43
446 443 445
448 34 182
450 141 449
452 30 451
454 175 453
456 135 186
458 454 457
460 224 459
462 220 461
464 181 246
466 463 465
468 17 467
470 218 469
472 300 345
474 471 472
476 447 475
478 5 477
480 441 478
482 3 341
484 339 482
486 481 484
488 299 487
490 92 489
492 95 491
494 213 246
496 50 149
498 397 497
500 220 499
502 495 501
504 17 503
506 403 505
508 3 5
510 302 509
512 5 510
514 37 512
516 507 514
518 8 11
520 306 455
522 334 455
524 321 521
526 523 524
528 518 527
530 246 324
532 193 347
534 358 532
536 30 535
538 169 536
540 186 539
542 530 541
544 220 324
546 211 451
548 33 496
550 227 452
552 399 551
554 549 552
556 547 554
558 544 557
560 400 454
562 306 561
564 321 563
566 559 564
568 543 566
570 416 569
572 529 571
574 7 573
576 228 498
578 32 194
580 125 579
582 31 581
584 389 583
586 577 585
588 186 586
590 203 589
592 544 591
594 213 544
596 229 498
598 530 597
600 322 599
602 595 600
604 593 602
606 442 605
608 575 607
610 508 609
612 3 304
614 135 589
616 454 615
618 186 617
620 537 618
622 530 621
624 57 140
626 499 624
628 555 627
630 389 629
632 544 631
634 134 306
636 563 635
638 633 636
640 455 594
642 271 318
644 638 643
646 641 644
648 623 646
650 612 649
652 517 651
654 611 652
656 92 655
658 538 551
660 618 659
662 530 661
664 321 638
666 663 664
668 518 667
670 547 614
672 530 671
674 205 451
676 135 675
678 307 545
680 677 679
682 544 624
684 321 683
686 681 684
688 673 686
690 416 689
692 669 691
694 7 693
696 58 246
698 163 696
700 502 699
702 324 701
704 204 361
706 617 704
708 306 707
710 321 593
712 703 710
714 709 712
716 442 715
718 695 717
720 508 719
722 451 536
724 177 723
726 544 725
728 20 318
730 343 729
732 520 533
734 455 530
736 557 734
738 730 737
740 733 738
742 727 740
744 612 743
746 391 544
748 530 616
750 202 530
752 730 751
754 749 752
756 747 754
758 395 756
760 512 759
762 745 761
764 721 762
766 92 765
768 246 551
770 220 627
772 769 771
774 17 773
776 99 775
778 30 198
780 583 779
782 454 780
784 37 783
786 777 784
788 321 787
790 518 789
792 37 781
794 312 751
796 792 794
798 306 781
800 321 799
802 797 800
804 416 803
806 791 805
808 7 807
810 587 779
812 679 811
814 307 531
816 585 815
818 589 816
820 206 530
822 321 821
824 813 822
826 819 824
828 442 827
830 809 829
832 508 831
834 258 260
836 393 792
838 835 837
840 315 510
842 839 840
844 833 843
846 2 4
848 92 847
850 845 848
852 729 751
854 416 853
856 530 550
858 544 626
860 729 857
862 859 860
864 518 863
866 855 865
868 7 867
870 544 576
872 530 591
874 729 871
876 873 874
878 442 877
880 869 879
882 92 508
884 881 882
i0 u0window0f1denable2button0up1b
i1 u0window0f1denable2button0down1b
i2 u0window0f1ddisable2button0up1b
i3 u0window0f1ddisable2button0down1b
i4 u0window0window
i5 u0selected0f1dtoggle0selected1b
i6 u0selected0selected
i7 u0second2counter0f1dincrement0second2counter1b
i8 u0second2counter0f1ddecrement0second2counter1b
i9 u0second2counter0second2counter
i10 u0first2counter0f1dincrement0first2counter1b
i11 u0first2counter0f1ddecrement0first2counter1b
i12 u0first2counter0first2counter
l0 l0
l1 l1
l2 l2
l3 l3
l4 l4
o0 p0p0second0selected
o1 p0p0in2range0f1dincrement0f1dincrement0second2counter1b1b
o2 p0p0in2range0f1dincrement0f1dincrement0first2counter1b1b
o3 p0p0in2range0f1dincrement0second2counter1b
o4 p0p0in2range0f1dincrement0first2counter1b
o5 p0p0in2range0f1ddecrement0f1dincrement0first2counter1b1b
o6 p0p0in2range0f1ddecrement0second2counter1b
o7 p0p0in2range0f1ddecrement0first2counter1b
o8 p0p0in2range0second2counter
o9 p0p0in2range0first2counter
o10 p0p0first0selected
o11 p0p0button2pressed0up
o12 p0p0button2pressed0switch
o13 p0p0button2pressed0down
