UNREALIZABLE
aag 111 5 5 3 101
2
4
6
8
10
12 163
14 202
16 221
18 222
20 106
109
111
99
22 16 21
24 18 22
26 14 25
28 17 21
30 18 28
32 17 19
34 20 32
36 15 35
38 31 36
40 27 39
42 19 22
44 35 43
46 41 44
48 13 47
50 14 48
52 12 40
54 13 24
56 51 55
58 53 56
60 31 43
62 12 14
64 61 62
66 23 36
68 14 31
70 67 69
72 13 71
74 19 28
76 12 75
78 73 77
80 65 79
82 58 81
84 51 83
86 75 83
88 13 87
90 84 89
92 14 91
94 80 93
96 53 80
98 51 96
100 22 98
102 49 65
104 101 102
106 94 105
108 84 107
110 96 107
112 2 11
114 97 112
116 8 85
118 3 85
120 2 9
122 97 120
124 119 123
126 10 125
128 117 127
130 115 129
132 2 109
134 5 7
136 119 135
138 133 136
140 2 105
142 13 15
144 87 142
146 56 65
148 145 146
150 3 149
152 134 141
154 151 152
156 9 11
158 155 156
160 139 158
162 131 161
164 3 90
166 2 20
168 98 166
170 165 169
172 8 171
174 86 136
176 19 88
178 2 65
180 177 178
182 3 94
184 181 183
186 134 185
188 175 187
190 9 189
192 173 191
194 11 193
196 91 133
198 10 117
200 197 198
202 195 201
204 59 121
206 123 205
208 10 207
210 115 205
212 3 9
214 134 212
216 142 214
218 211 217
220 209 219
222 85 205
i0 serve
i1 down
i2 up
i3 f_0
i4 f_1
l0 l0
l1 l1
l2 l2
l3 l3
l4 l4
o0 b_0
o1 b_1
o2 b_2
