REALIZABLE
aag 248 4 5 5 239
2
4
6
8
10 333
12 405
14 435
16 477
18 497
21
183
211
258
267
20 16 18
22 10 15
24 11 18
26 23 25
28 12 26
30 10 19
32 14 18
34 13 31
36 33 34
38 17 29
40 37 38
42 3 40
44 6 43
46 16 19
48 11 13
50 46 49
52 13 15
54 19 53
56 29 54
58 50 56
60 10 32
62 11 14
64 23 63
66 19 65
68 13 67
70 12 33
72 31 70
74 61 73
76 69 74
78 17 76
80 59 79
82 15 18
84 48 83
86 71 85
88 17 87
90 46 57
92 89 91
94 80 92
96 46 94
98 41 97
100 2 99
102 21 44
104 101 102
106 6 9
108 99 106
110 24 88
112 7 9
114 110 112
116 109 115
118 104 117
120 13 65
122 77 121
124 88 123
126 18 124
128 65 90
130 127 129
132 7 131
134 12 14
136 46 134
138 59 137
140 97 138
142 50 140
144 125 143
146 3 144
148 132 146
150 19 52
152 11 150
154 17 153
156 73 154
158 122 156
160 137 159
162 144 160
164 156 162
166 140 165
168 4 166
170 162 166
172 3 6
174 169 172
176 171 174
178 149 177
180 8 179
182 119 181
184 63 67
186 86 185
188 17 187
190 32 188
192 137 191
194 143 192
196 171 194
198 117 197
200 4 198
202 4 6
204 8 17
206 202 204
208 60 206
210 201 209
212 2 81
214 17 186
216 127 215
218 51 216
220 27 219
222 88 185
224 16 150
226 223 225
228 221 226
230 46 228
232 91 189
234 231 232
236 78 235
238 213 237
240 202 239
242 2 219
244 27 242
246 226 245
248 120 131
250 4 7
252 249 250
254 247 252
256 241 255
258 8 257
260 6 195
262 133 261
264 8 263
266 199 265
268 245 249
270 5 269
272 7 271
274 2 5
276 5 195
278 275 277
280 61 68
282 156 281
284 2 283
286 166 284
288 279 287
290 3 162
292 4 291
294 171 292
296 6 289
298 295 296
300 8 273
302 299 300
304 3 4
306 214 304
308 40 165
310 44 309
312 203 311
314 307 313
316 12 66
318 154 317
320 47 319
322 19 320
324 215 323
326 7 324
328 9 327
330 315 328
332 303 331
334 304 321
336 2 217
338 111 154
340 47 339
342 337 341
344 5 343
346 2 21
348 324 346
350 4 349
352 345 351
354 335 353
356 7 355
358 105 357
360 9 359
362 3 5
364 5 92
366 191 364
368 363 367
370 3 21
372 197 370
374 369 373
376 4 92
378 213 376
380 6 379
382 375 380
384 21 362
386 228 384
388 235 304
390 5 227
392 346 391
394 387 393
396 389 394
398 7 397
400 383 399
402 8 401
404 361 403
406 2 316
408 228 407
410 271 409
412 7 411
414 138 283
416 274 415
418 2 79
420 218 418
422 4 421
424 147 422
426 6 417
428 425 426
430 8 429
432 413 430
434 116 433
436 101 309
438 4 437
440 97 215
442 274 441
444 439 443
446 106 445
448 4 419
450 160 448
452 171 450
454 196 362
456 6 243
458 453 456
460 455 458
462 246 407
464 4 463
466 128 274
468 272 467
470 465 468
472 8 471
474 461 472
476 447 475
478 198 203
480 260 362
482 161 304
484 94 348
486 483 485
488 6 487
490 149 489
492 481 490
494 8 493
496 479 495
i0 obstacle
i1 grant_pwr
i2 b_0
i3 b_1
l0 l0
l1 l1
l2 l2
l3 l3
l4 l4
o0 req_pwr
o1 open
o2 down
o3 up
o4 f_0
