REALIZABLE
aag 79 3 4 4 72
2
4
6
8 137
10 143
12 153
14 159
94
109
116
123
16 8 15
18 9 14
20 17 19
22 10 21
24 10 15
26 23 25
28 11 14
30 26 29
32 13 31
34 8 11
36 12 15
38 35 36
40 33 39
42 12 16
44 13 23
46 43 45
48 41 46
50 3 4
52 48 50
54 5 8
56 24 46
58 11 20
60 13 59
62 26 60
64 8 62
66 57 65
68 2 67
70 48 69
72 54 70
74 53 73
76 38 57
78 63 77
80 12 14
82 78 81
84 4 83
86 4 7
88 7 41
90 87 89
92 85 91
94 75 93
96 79 86
98 31 96
100 5 33
102 7 47
104 100 102
106 22 104
108 99 107
110 54 81
112 11 110
114 65 113
116 6 115
118 6 56
120 101 118
122 108 121
124 39 110
126 14 52
128 125 127
130 6 129
132 52 76
134 105 133
136 131 134
138 6 81
140 53 138
142 93 141
144 65 69
146 4 145
148 73 147
150 6 149
152 97 151
154 4 6
156 70 154
158 107 157
i0 obstacle
i1 b_0
i2 b_1
l0 l0
l1 l1
l2 l2
l3 l3
o0 open
o1 down
o2 up
o3 f_0
