REALIZABLE
aag 60 2 4 4 54
2
4
6 115
8 120
10 83
12 88
86
96
104
91
14 10 12
16 11 13
18 15 17
20 7 18
22 2 20
24 5 23
26 10 13
28 6 26
30 5 22
32 6 11
34 2 13
36 33 34
38 21 37
40 24 39
42 4 15
44 41 43
46 3 15
48 44 46
50 31 49
52 28 51
54 27 33
56 29 55
58 2 56
60 4 58
62 19 60
64 53 63
66 6 40
68 3 4
70 13 68
72 56 70
74 67 73
76 8 75
78 31 59
80 9 79
82 77 81
84 64 82
86 25 85
88 8 65
90 77 89
92 13 67
94 64 92
96 91 95
98 6 15
100 68 98
102 61 101
104 9 103
106 53 73
108 8 107
110 50 101
112 9 111
114 109 113
116 8 95
118 9 44
120 117 119
i0 b_0
i1 b_1
l0 l0
l1 l1
l2 l2
l3 l3
o0 serve
o1 down
o2 up
o3 f_0
