REALIZABLE
aag 55 2 4 5 49
2
4
6 85
8 110
10 53
12 58
53
67
88
91
93
14 9 11
16 12 14
18 12 15
20 4 19
22 6 11
24 13 23
26 20 25
28 9 22
30 17 29
32 27 30
34 2 33
36 7 10
38 8 10
40 15 37
42 39 40
44 3 4
46 6 13
48 44 46
50 42 48
52 35 51
54 7 38
56 5 54
58 13 56
60 27 59
62 2 61
64 8 62
66 59 65
68 7 16
70 13 43
72 4 23
74 37 72
76 55 75
78 70 76
80 69 79
82 3 81
84 63 83
86 4 9
88 85 86
90 35 83
92 51 66
94 12 29
96 5 71
98 3 97
100 95 99
102 21 101
104 13 29
106 57 104
108 2 107
110 103 109
i0 b_0
i1 b_1
l0 l0
l1 l1
l2 l2
l3 l3
o0 serve
o1 down
o2 up
o3 f_0
o4 f_1
