UNREALIZABLE
aag 411 13 5 19 393
2
4
6
8
10
12
14
16
18
20
22
24
26
28 340
30 537
32 693
34 775
36 823
58
0
0
0
0
0
0
0
0
0
0
0
0
81
105
0
0
109
0
38 35 36
40 33 38
42 30 37
44 32 34
46 42 44
48 41 47
50 31 37
52 33 50
54 35 52
56 28 54
58 48 57
60 28 50
62 30 36
64 61 63
66 31 36
68 28 36
70 67 69
72 35 70
74 43 73
76 32 75
78 61 77
80 65 79
82 35 37
84 31 82
86 28 84
88 43 69
90 39 89
92 33 91
94 87 92
96 32 83
98 69 96
100 32 84
102 99 101
104 95 102
106 35 94
108 47 107
110 7 10
112 22 27
114 25 113
116 55 115
118 27 117
120 15 118
122 13 14
124 12 15
126 123 125
128 17 19
130 20 128
132 25 112
134 25 26
136 23 134
138 24 27
140 23 138
142 137 141
144 133 142
146 130 145
148 127 146
150 121 148
152 33 61
154 34 63
156 96 155
158 69 156
160 51 154
162 83 161
164 33 163
166 41 165
168 30 167
170 34 71
172 33 83
174 171 172
176 169 174
178 159 177
180 137 153
182 179 180
184 31 44
186 83 168
188 185 187
190 157 188
192 61 190
194 47 101
196 165 194
198 188 196
200 61 199
202 28 193
204 201 202
206 150 183
208 205 206
210 122 130
212 16 18
214 21 129
216 213 214
218 122 216
220 211 219
222 124 216
224 220 223
226 136 225
228 129 226
230 158 228
232 49 222
234 136 232
236 231 235
238 209 236
240 110 239
242 6 11
244 130 200
246 178 245
248 124 130
250 136 248
252 227 251
254 247 253
256 133 141
258 127 257
260 121 258
262 244 260
264 235 263
266 255 264
268 242 267
270 241 269
272 9 271
274 41 99
276 150 192
278 274 277
280 7 11
282 8 280
284 35 65
286 92 285
288 194 287
290 136 289
292 218 291
294 223 293
296 228 295
298 135 275
300 288 298
302 150 301
304 297 303
306 282 305
308 279 306
310 273 309
312 3 5
314 311 312
316 9 280
318 2 5
320 316 318
322 3 4
324 316 322
326 321 325
328 81 148
330 235 329
332 15 54
334 291 332
336 327 335
338 331 336
340 315 339
342 83 286
344 194 343
346 175 185
348 107 346
350 344 349
352 157 351
354 78 353
356 55 355
358 152 187
360 357 359
362 257 361
364 114 289
366 356 365
368 143 366
370 363 369
372 210 371
374 57 257
376 88 274
378 136 377
380 375 379
382 295 381
384 124 146
386 366 384
388 383 387
390 373 388
392 282 391
394 53 199
396 30 72
398 66 90
400 397 399
402 96 401
404 178 201
406 164 343
408 61 407
410 405 409
412 403 411
414 395 412
416 193 414
418 258 417
420 93 122
422 33 284
424 343 423
426 124 424
428 421 427
430 32 400
432 136 431
434 429 432
436 419 435
438 130 437
440 31 38
442 47 257
444 423 442
446 92 441
448 445 446
450 102 136
452 445 451
454 222 449
456 453 454
458 136 198
460 222 458
462 457 461
464 449 463
466 105 134
468 381 467
470 33 469
472 459 469
474 218 473
476 471 474
478 465 477
480 439 478
482 110 481
484 106 125
486 413 485
488 113 139
490 487 488
492 148 415
494 491 492
496 462 475
498 495 496
500 242 499
502 483 501
504 9 503
506 393 505
508 312 507
510 424 450
512 375 511
514 248 513
516 221 468
518 515 517
520 327 519
522 320 456
524 27 49
526 222 324
528 525 526
530 468 528
532 523 531
534 521 532
536 509 534
538 87 395
540 257 538
542 134 399
544 407 542
546 467 545
548 177 547
550 136 548
552 541 551
554 248 553
556 27 198
558 549 557
560 145 221
562 559 560
564 47 136
566 548 564
568 198 257
570 41 568
572 189 257
574 62 572
576 567 575
578 571 576
580 222 579
582 563 581
584 555 582
586 110 585
588 23 544
590 569 589
592 23 466
594 590 593
596 143 216
598 595 596
600 48 199
602 145 216
604 601 602
606 27 604
608 599 607
610 124 609
612 248 591
614 221 595
616 613 615
618 611 616
620 242 619
622 587 621
624 9 623
626 59 395
628 442 627
630 288 378
632 629 631
634 222 633
636 221 381
638 55 384
640 637 639
642 291 641
644 635 643
646 282 645
648 625 647
650 312 649
652 159 550
654 541 653
656 248 655
658 569 653
660 225 233
662 659 660
664 657 663
666 320 665
668 43 592
670 627 668
672 575 671
674 222 673
676 118 468
678 593 677
680 248 679
682 221 592
684 681 683
686 675 684
688 324 687
690 667 689
692 651 690
694 145 222
696 220 695
698 290 697
700 145 232
702 250 345
704 699 701
706 703 704
708 282 707
710 347 564
712 573 711
714 697 713
716 351 711
718 384 717
720 701 719
722 715 720
724 110 723
726 384 394
728 441 560
730 695 729
732 727 730
734 107 395
736 242 735
738 733 736
740 725 739
742 9 741
744 709 743
746 312 745
748 353 384
750 190 233
752 145 225
754 751 752
756 749 755
758 324 757
760 179 226
762 134 394
764 680 763
766 701 761
768 765 766
770 320 769
772 759 771
774 747 772
776 327 700
778 96 110
780 243 779
782 560 781
784 198 782
786 146 538
788 605 787
790 242 789
792 48 157
794 146 156
796 55 132
798 216 796
800 795 799
802 605 800
804 110 793
806 803 804
808 791 807
810 124 809
812 785 811
814 9 813
816 282 757
818 815 817
820 312 819
822 777 821
i0 u0window0f1denable2button0up1b
i1 u0window0f1denable2button0down1b
i2 u0window0f1ddisable2button0up1b
i3 u0window0f1ddisable2button0down1b
i4 u0window0window
i5 u0selected0f1dtoggle0selected1b
i6 u0selected0selected
i7 u0second2counter0f1dincrement0second2counter1b
i8 u0second2counter0f1ddecrement0second2counter1b
i9 u0second2counter0second2counter
i10 u0first2counter0f1dincrement0first2counter1b
i11 u0first2counter0f1ddecrement0first2counter1b
i12 u0first2counter0first2counter
l0 l0
l1 l1
l2 l2
l3 l3
l4 l4
o0 p0p0second0selected
o1 p0p0in2range0f1dincrement0f1dincrement0second2counter1b1b
o2 p0p0in2range0f1dincrement0f1dincrement0first2counter1b1b
o3 p0p0in2range0f1dincrement0f1ddecrement0second2counter1b1b
o4 p0p0in2range0f1dincrement0f1ddecrement0first2counter1b1b
o5 p0p0in2range0f1dincrement0second2counter1b
o6 p0p0in2range0f1dincrement0first2counter1b
o7 p0p0in2range0f1ddecrement0f1dincrement0second2counter1b1b
o8 p0p0in2range0f1ddecrement0f1dincrement0first2counter1b1b
o9 p0p0in2range0f1ddecrement0f1ddecrement0second2counter1b1b
o10 p0p0in2range0f1ddecrement0f1ddecrement0first2counter1b1b
o11 p0p0in2range0f1ddecrement0second2counter1b
o12 p0p0in2range0f1ddecrement0first2counter1b
o13 p0p0in2range0second2counter
o14 p0p0in2range0first2counter
o15 p0p0first0selected
o16 p0p0button2pressed0up
o17 p0p0button2pressed0switch
o18 p0p0button2pressed0down
