REALIZABLE
aag 58 7 3 8 48
2
4
6
8
10
12
14
16 113
18 116
20 114
80
86
72
88
100
106
110
99
22 17 19
24 20 23
26 4 6
28 9 27
30 5 10
32 7 14
34 31 33
36 28 34
38 11 27
40 7 15
42 8 41
44 38 42
46 37 45
48 13 47
50 5 11
52 12 15
54 28 52
56 51 54
58 49 57
60 13 15
62 27 60
64 58 63
66 9 38
68 64 67
70 21 22
72 69 70
74 25 73
76 17 21
78 65 77
80 74 79
82 25 77
84 62 82
86 58 84
88 59 82
90 73 85
92 69 82
94 3 92
96 19 84
98 95 97
100 91 98
102 2 14
104 92 103
106 74 105
108 2 82
110 54 108
112 73 95
114 69 108
116 74 115
i0 p0p0zero0users
i1 p0p0moving2up0steps
i2 p0p0moving2down0steps
i3 p0p0exit2event0top
i4 p0p0exit2event0bottom
i5 p0p0enter2event0top
i6 p0p0enter2event0bottom
l0 l0
l1 l1
l2 l2
o0 u0users0f1dinc0users1b
o1 u0users0f1ddec0users1b
o2 u0users0f1dreset2to2zero1b
o3 u0users0users
o4 u0steps0f1dstop1b
o5 u0steps0f1dmove2up1b
o6 u0steps0f1dmove2down1b
o7 u0steps0steps
