UNREALIZABLE
aag 125 13 4 12 108
2
4
6
8
10
12
14
16
18
20
22
24
26
28 119
30 209
32 235
34 251
41
0
1
39
1
45
55
58
0
52
0
0
36 33 35
38 31 36
40 28 38
42 29 31
44 36 43
46 31 34
48 30 35
50 47 49
52 33 51
54 28 53
56 33 46
58 41 57
60 3 11
62 4 60
64 2 10
66 5 61
68 65 66
70 63 69
72 7 71
74 5 60
76 6 74
78 73 77
80 9 79
82 7 8
84 74 82
86 81 85
88 17 19
90 20 88
92 23 25
94 26 92
96 23 24
98 22 25
100 97 99
102 27 101
104 95 103
106 55 105
108 13 15
110 12 14
112 109 111
114 90 112
116 106 114
118 87 116
120 16 18
122 21 89
124 121 122
126 91 125
128 105 127
130 32 128
132 51 130
134 112 132
136 30 34
138 128 136
140 32 112
142 138 140
144 135 143
146 112 127
148 33 146
150 46 94
152 31 99
154 43 97
156 27 35
158 153 156
160 155 158
162 151 161
164 148 163
166 144 165
168 84 167
170 131 139
172 112 171
174 133 172
176 165 175
178 106 148
180 176 178
182 173 181
184 62 183
186 3 10
188 142 186
190 135 189
192 181 190
194 68 193
196 185 195
198 7 197
200 74 183
202 6 200
204 199 203
206 9 205
208 169 207
210 62 145
212 134 186
214 175 213
216 68 215
218 211 217
220 7 219
222 41 76
224 105 222
226 146 224
228 221 227
230 9 229
232 82 200
234 231 233
236 5 7
238 188 236
240 76 177
242 72 164
244 239 243
246 241 244
248 9 247
250 169 249
i0 u0window0f1denable2button0up1b
i1 u0window0f1denable2button0down1b
i2 u0window0f1ddisable2button0up1b
i3 u0window0f1ddisable2button0down1b
i4 u0window0window
i5 u0selected0f1dtoggle0selected1b
i6 u0selected0selected
i7 u0second2counter0f1dincrement0second2counter1b
i8 u0second2counter0f1ddecrement0second2counter1b
i9 u0second2counter0second2counter
i10 u0first2counter0f1dincrement0first2counter1b
i11 u0first2counter0f1ddecrement0first2counter1b
i12 u0first2counter0first2counter
l0 l0
l1 l1
l2 l2
l3 l3
o0 p0p0second0selected
o1 p0p0in2range0f1dincrement0f1dincrement0first2counter1b1b
o2 p0p0in2range0f1dincrement0second2counter1b
o3 p0p0in2range0f1dincrement0first2counter1b
o4 p0p0in2range0f1ddecrement0second2counter1b
o5 p0p0in2range0f1ddecrement0first2counter1b
o6 p0p0in2range0second2counter
o7 p0p0in2range0first2counter
o8 p0p0first0selected
o9 p0p0button2pressed0up
o10 p0p0button2pressed0switch
o11 p0p0button2pressed0down
