UNREALIZABLE
aag 215 9 5 9 201
2
4
6
8
10
12
14
16
18
20 261
22 389
24 413
26 429
28 430
37
37
43
37
37
37
50
56
60
30 25 27
32 23 28
34 30 32
36 28 35
38 24 29
40 26 38
42 35 41
44 20 23
46 30 44
48 29 47
50 41 48
52 27 38
54 21 23
56 52 54
58 20 22
60 52 58
62 5 7
64 36 63
66 9 10
68 13 66
70 8 11
72 13 70
74 9 11
76 12 74
78 73 77
80 69 78
82 19 81
84 14 17
86 82 84
88 17 18
90 15 88
92 81 90
94 87 93
96 23 95
98 21 92
100 87 99
102 26 101
104 97 103
106 26 105
108 22 86
110 79 86
112 72 88
114 16 82
116 113 115
118 15 117
120 93 119
122 10 121
124 111 123
126 23 125
128 19 68
130 16 128
132 79 88
134 131 133
136 15 135
138 111 137
140 23 139
142 21 141
144 109 142
146 127 144
148 27 95
150 147 148
152 107 151
154 24 153
156 25 47
158 101 156
160 29 159
162 155 160
164 34 100
166 62 165
168 163 166
170 2 65
172 169 170
174 4 7
176 69 77
178 121 177
180 8 86
182 179 181
184 22 183
186 20 127
188 185 186
190 120 188
192 150 191
194 104 193
196 24 195
198 160 197
200 174 199
202 5 6
204 113 176
206 118 205
208 181 207
210 20 208
212 142 185
214 27 213
216 211 214
218 107 217
220 24 219
222 58 125
224 21 139
226 223 225
228 27 227
230 22 209
232 142 231
234 26 233
236 189 234
238 229 237
240 25 239
242 29 221
244 241 242
246 202 245
248 201 247
250 165 249
252 175 203
254 36 252
256 3 255
258 251 256
260 173 259
262 2 62
264 11 45
266 35 264
268 94 119
270 177 269
272 43 267
274 270 272
276 84 128
278 123 277
280 127 278
282 27 45
284 281 282
286 11 23
288 26 287
290 270 288
292 25 291
294 285 292
296 29 295
298 25 287
300 296 298
302 275 301
304 151 215
306 21 286
308 270 307
310 38 308
312 305 310
314 302 313
316 262 315
318 58 86
320 52 319
322 308 320
324 302 323
326 174 325
328 111 120
330 8 34
332 329 330
334 119 232
336 191 335
338 26 337
340 58 329
342 23 276
344 22 110
346 137 343
348 119 346
350 345 348
352 21 351
354 27 341
356 353 354
358 339 357
360 25 359
362 265 270
364 26 329
366 363 364
368 24 367
370 27 118
372 368 371
374 217 372
376 29 375
378 361 376
380 333 379
382 202 381
384 327 383
386 3 385
388 317 387
390 3 174
392 60 390
394 56 262
396 393 395
398 86 397
400 3 202
402 27 308
404 368 403
406 296 405
408 333 407
410 400 409
412 399 411
414 38 366
416 333 415
418 400 417
420 263 391
422 35 49
424 421 423
426 269 424
428 419 427
430 274 400
i0 u0counter0f1dinc0counter1b
i1 u0counter0f1ddec0counter1b
i2 u0counter0counter
i3 u0button2up0f1denable1b
i4 u0button2up0f1ddisable1b
i5 u0button2up0button2up
i6 u0button2down0f1denable1b
i7 u0button2down0f1ddisable1b
i8 u0button2down0button2down
l0 l0
l1 l1
l2 l2
l3 l3
l4 l4
o0 p0p0in2range0f1dinc0f1dinc0counter1b1b
o1 p0p0in2range0f1dinc0f1ddec0counter1b1b
o2 p0p0in2range0f1dinc0counter1b
o3 p0p0in2range0f1ddec0f1dinc0counter1b1b
o4 p0p0in2range0f1ddec0f1ddec0counter1b1b
o5 p0p0in2range0f1ddec0counter1b
o6 p0p0in2range0counter
o7 p0p0button2pressed0up
o8 p0p0button2pressed0down
