UNREALIZABLE
aag 194 9 5 9 180
2
4
6
8
10
12
14
16
18
20 211
22 325
24 359
26 376
28 388
35
35
45
35
35
51
52
56
0
30 23 25
32 27 30
34 28 33
36 28 32
38 29 33
40 21 29
42 39 41
44 37 42
46 26 29
48 24 46
50 37 49
52 43 49
54 25 46
56 22 54
58 14 17
60 19 58
62 36 61
64 15 17
66 18 64
68 61 67
70 21 69
72 61 71
74 25 73
76 15 16
78 19 76
80 67 79
82 21 81
84 22 82
86 79 85
88 24 87
90 61 80
92 25 91
94 89 93
96 69 94
98 75 97
100 26 99
102 22 91
104 21 92
106 103 105
108 27 107
110 23 91
112 25 110
114 27 113
116 110 114
118 109 117
120 73 119
122 29 121
124 101 122
126 63 125
128 11 13
130 126 128
132 8 128
134 8 35
136 133 135
138 131 137
140 11 12
142 10 13
144 141 143
146 126 145
148 9 35
150 9 140
152 9 142
154 151 153
156 149 154
158 147 157
160 7 139
162 159 160
164 6 34
166 163 165
168 3 167
170 2 34
172 4 171
174 169 172
176 2 167
178 36 80
180 75 89
182 26 181
184 122 183
186 179 185
188 128 186
190 137 189
192 145 186
194 157 193
196 191 195
198 6 197
200 7 35
202 3 201
204 199 202
206 5 205
208 177 206
210 175 209
212 3 4
214 7 212
216 36 91
218 38 91
220 217 219
222 132 221
224 57 91
226 45 224
228 132 226
230 20 216
232 29 108
234 20 102
236 24 234
238 31 46
240 91 238
242 237 240
244 233 243
246 231 244
248 150 247
250 229 249
252 223 250
254 214 253
256 2 7
258 251 256
260 3 6
262 71 80
264 83 216
266 263 264
268 88 235
270 113 269
272 97 270
274 26 273
276 117 275
278 29 277
280 22 278
282 244 281
284 26 95
286 118 285
288 235 286
290 283 289
292 267 291
294 150 293
296 36 81
298 29 287
300 297 299
302 132 301
304 219 227
306 51 301
308 152 305
310 307 308
312 51 310
314 303 313
316 295 314
318 260 317
320 259 319
322 5 321
324 255 323
326 11 247
328 155 327
330 5 256
332 215 331
334 305 333
336 328 334
338 132 256
340 56 338
342 73 340
344 265 282
346 150 345
348 223 313
350 347 348
352 260 351
354 343 353
356 5 355
358 337 357
360 265 279
362 150 361
364 55 115
366 228 364
368 311 367
370 363 368
372 260 371
374 343 373
376 5 375
378 71 81
380 340 378
382 260 306
384 328 382
386 381 385
388 5 387
i0 u0counter0f1dinc0counter1b
i1 u0counter0f1ddec0counter1b
i2 u0counter0counter
i3 u0button2up0f1denable1b
i4 u0button2up0f1ddisable1b
i5 u0button2up0button2up
i6 u0button2down0f1denable1b
i7 u0button2down0f1ddisable1b
i8 u0button2down0button2down
l0 l0
l1 l1
l2 l2
l3 l3
l4 l4
o0 p0p0in2range0f1dinc0f1dinc0counter1b1b
o1 p0p0in2range0f1dinc0f1ddec0counter1b1b
o2 p0p0in2range0f1dinc0counter1b
o3 p0p0in2range0f1ddec0f1dinc0counter1b1b
o4 p0p0in2range0f1ddec0f1ddec0counter1b1b
o5 p0p0in2range0f1ddec0counter1b
o6 p0p0in2range0counter
o7 p0p0button2pressed0up
o8 p0p0button2pressed0down
