REALIZABLE
aag 39 5 3 3 31
2
4
6
8
10
12 68
14 74
16 79
34
57
58
18 7 11
20 12 15
22 9 20
24 8 14
26 23 25
28 17 26
30 5 20
32 18 31
34 28 32
36 13 15
38 16 36
40 17 35
42 9 30
44 19 43
46 6 10
48 23 31
50 47 49
52 45 50
54 40 53
56 39 55
58 17 52
60 9 13
62 5 61
64 10 63
66 7 65
68 28 66
70 5 47
72 26 70
74 54 72
76 40 73
78 39 77
i0 p0p0resume2app0sys
i1 p0p0play2button0sys
i2 p0p0pause2button0sys
i3 p0p0music2playing0mp
i4 p0p0leave2app0sys
l0 l0
l1 l1
l2 l2
o0 u0ctrl0f1dplay0tr0f1dtrack2pos0mp1b1b
o1 u0ctrl0f1dpause0mp1b
o2 u0ctrl0ctrl
