UNREALIZABLE
aag 175 25 5 3 145
2
4
6
8
10
12
14
16
18
20
22
24
26
28
30
32
34
36
38
40
42
44
46
48
50
52 258
54 302
56 320
58 340
60 351
68
70
75
62 53 55
64 57 63
66 59 65
68 61 66
70 57 66
72 56 58
74 60 72
76 17 20
78 16 21
80 77 79
82 27 81
84 43 44
86 53 85
88 46 49
90 28 31
92 32 90
94 57 92
96 88 94
98 7 19
100 22 25
102 35 36
104 39 40
106 51 104
108 100 102
110 98 108
112 106 110
114 3 4
116 112 114
118 84 116
120 42 45
122 116 120
124 119 123
126 54 125
128 87 96
130 126 128
132 82 130
134 59 132
136 9 15
138 20 136
140 134 138
142 55 118
144 96 142
146 76 144
148 52 55
150 96 148
152 122 150
154 76 152
156 147 155
158 27 58
160 136 158
162 157 160
164 141 163
166 11 61
168 12 166
170 165 168
172 157 158
174 47 48
176 127 143
178 56 177
180 52 92
182 178 180
184 174 182
186 79 131
188 2 5
190 62 188
192 84 190
194 112 192
196 94 194
198 174 196
200 77 199
202 187 201
204 185 203
206 82 205
208 9 14
210 26 49
212 29 30
214 33 46
216 212 214
218 57 78
220 210 218
222 216 220
224 194 222
226 53 210
228 81 226
230 216 228
232 178 230
234 225 233
236 208 235
238 207 237
240 59 239
242 173 241
244 13 61
246 8 15
248 209 247
250 11 244
252 249 250
254 243 252
256 75 171
258 255 256
260 167 245
262 11 13
264 146 160
266 263 265
268 78 196
270 183 269
272 89 175
274 59 273
276 82 274
278 271 276
280 135 279
282 246 281
284 262 283
286 58 82
288 152 286
290 59 224
292 289 291
294 135 292
296 249 295
298 284 297
300 261 267
302 299 300
304 141 263
306 279 289
308 208 307
310 144 286
312 246 310
314 309 313
316 284 314
318 261 305
320 317 318
322 154 160
324 304 323
326 133 233
328 59 249
330 327 328
332 246 288
334 262 333
336 331 334
338 261 325
340 337 338
342 289 311
344 252 343
346 261 263
348 162 346
350 345 349
i0 u0ramwrite0f1dwriteram0writecolor0xcoordinate0ycoordinate1b
i1 u0ramwrite0f1dwriteramnone1b
i2 u0ramwrite0ramwrite
i3 u0rampos0f1drampos2r0xcoordinate0ycoordinate1b
i4 u0rampos0f1drampos250coordx0f1dinc2y0coordy1b1b
i5 u0rampos0f1drampos240coordx0f1dinc2y0coordy1b1b
i6 u0rampos0rampos
i7 u0extclock0f1dlow1b
i8 u0extclock0f1dhigh1b
i9 u0extclock0extclock
i10 u0driver2pin0f1dlow1b
i11 u0driver2pin0driver2pin
i12 u0coordy0f1dinc2y0coordy1b
i13 u0coordy0coordy
i14 u0coordx0f1dinc2x0coordx1b
i15 u0coordx0coordx
i16 u0color250ramout
i17 u0color250color25
i18 u0color240ramout
i19 u0color240color24
i20 u0color0ramout
i21 u0color0color
i22 u0buffer2pin0f1dlow1b
i23 u0buffer2pin0f1dhigh1b
i24 u0buffer2pin0buffer2pin
l0 l0
l1 l1
l2 l2
l3 l3
l4 l4
o0 p0eq0coordx0f1ddec0f1dsizex1b1b
o1 p0on0write
o2 p0eqz0waitcounter
