UNREALIZABLE
aag 136 13 5 12 118
2
4
6
8
10
12
14
16
18
20
22
24
26
28 130
30 146
32 192
34 253
36 272
65
0
43
62
43
43
65
44
0
0
0
0
38 31 33
40 35 38
42 36 41
44 29 43
46 30 32
48 34 46
50 41 49
52 37 51
54 29 53
56 28 37
58 40 56
60 55 59
62 43 60
64 45 63
66 23 26
68 29 66
70 22 27
72 60 70
74 69 73
76 17 19
78 16 18
80 77 79
82 21 80
84 20 76
86 83 85
88 9 11
90 4 88
92 3 7
94 8 11
96 9 10
98 95 97
100 92 98
102 5 101
104 91 103
106 5 88
108 93 107
110 2 6
112 13 15
114 12 14
116 113 115
118 111 116
120 109 118
122 105 120
124 25 87
126 122 124
128 75 126
130 43 129
132 67 71
134 25 133
136 23 24
138 27 136
140 135 139
142 65 141
144 84 142
146 122 144
148 34 38
150 37 47
152 149 150
154 43 153
156 141 154
158 84 156
160 82 142
162 155 160
164 159 163
166 106 118
168 165 166
170 93 169
172 96 116
174 165 172
176 94 116
178 144 176
180 175 179
182 5 181
184 90 116
186 160 184
188 92 187
190 183 188
192 171 191
194 145 163
196 5 116
198 3 88
200 196 198
202 195 200
204 93 203
206 34 39
208 37 207
210 43 209
212 94 211
214 142 212
216 141 210
218 157 217
220 50 96
222 219 220
224 215 223
226 82 225
228 84 99
230 216 228
232 227 231
234 196 233
236 87 216
238 184 236
240 7 239
242 235 240
244 205 243
246 82 156
248 2 166
250 246 248
252 245 251
254 200 246
256 93 255
258 80 176
260 236 258
262 172 210
264 246 262
266 261 265
268 5 267
270 7 269
272 257 271
i0 u0window0f1denable2button0up1b
i1 u0window0f1denable2button0down1b
i2 u0window0f1ddisable2button0up1b
i3 u0window0f1ddisable2button0down1b
i4 u0window0window
i5 u0selected0f1dtoggle0selected1b
i6 u0selected0selected
i7 u0second2counter0f1dincrement0second2counter1b
i8 u0second2counter0f1ddecrement0second2counter1b
i9 u0second2counter0second2counter
i10 u0first2counter0f1dincrement0first2counter1b
i11 u0first2counter0f1ddecrement0first2counter1b
i12 u0first2counter0first2counter
l0 l0
l1 l1
l2 l2
l3 l3
l4 l4
o0 p0p0second0selected
o1 p0p0in2range0f1dincrement0f1dincrement0first2counter1b1b
o2 p0p0in2range0f1dincrement0second2counter1b
o3 p0p0in2range0f1dincrement0first2counter1b
o4 p0p0in2range0f1ddecrement0second2counter1b
o5 p0p0in2range0f1ddecrement0first2counter1b
o6 p0p0in2range0second2counter
o7 p0p0in2range0first2counter
o8 p0p0first0selected
o9 p0p0button2pressed0up
o10 p0p0button2pressed0switch
o11 p0p0button2pressed0down
