REALIZABLE
aag 1079 4 7 11 1068
2
4
6
8
10 1207
12 1435
14 1675
16 1873
18 2023
20 2113
22 2159
189
409
465
500
508
707
507
0
913
932
0
24 19 21
26 22 24
28 9 26
30 4 7
32 11 17
34 13 32
36 30 34
38 14 28
40 36 38
42 15 16
44 14 17
46 43 45
48 10 15
50 10 17
52 49 51
54 5 53
56 46 54
58 6 9
60 12 17
62 10 60
64 58 62
66 56 64
68 8 10
70 14 16
72 6 71
74 5 73
76 11 13
78 15 17
80 77 78
82 69 80
84 74 82
86 20 85
88 67 86
90 10 13
92 42 90
94 58 92
96 7 9
98 13 42
100 12 44
102 10 100
104 99 103
106 96 105
108 7 8
110 11 15
112 13 16
114 110 112
116 108 114
118 21 95
120 117 118
122 107 120
124 89 123
126 18 125
128 8 30
130 12 16
132 110 130
134 21 132
136 76 78
138 20 136
140 135 139
142 128 141
144 4 13
146 78 144
148 7 146
150 13 17
152 48 150
154 20 153
156 149 154
158 4 9
160 16 48
162 12 160
164 6 162
166 4 77
168 42 166
170 7 168
172 21 165
174 171 172
176 157 158
178 175 176
180 19 143
182 179 180
184 23 127
186 183 184
188 41 187
190 19 20
192 108 145
194 10 44
196 161 195
198 192 197
200 5 79
202 12 15
204 11 12
206 203 205
208 46 207
210 10 70
212 13 211
214 209 213
216 7 201
218 215 216
220 11 16
222 43 49
224 45 222
226 221 224
228 4 227
230 9 70
232 229 230
234 97 233
236 219 235
238 199 237
240 190 239
242 2 50
244 13 14
246 10 244
248 4 247
250 13 70
252 163 251
254 5 252
256 249 255
258 108 243
260 256 258
262 11 14
264 150 263
266 13 110
268 265 267
270 61 268
272 5 270
274 13 210
276 133 275
278 2 4
280 277 278
282 3 77
284 11 47
286 247 285
288 4 282
290 287 288
292 7 281
294 291 292
296 273 294
298 5 12
300 70 298
302 6 301
304 3 4
306 60 262
308 304 306
310 302 309
312 9 311
314 297 312
316 261 315
318 20 317
320 48 113
322 61 305
324 320 323
326 275 325
328 108 327
330 12 211
332 51 330
334 265 333
336 104 334
338 305 336
340 49 263
342 17 340
344 43 343
346 13 345
348 12 262
350 4 349
352 3 350
354 101 352
356 347 354
358 339 357
360 7 359
362 305 331
364 3 133
366 101 350
368 63 366
370 364 368
372 363 371
374 150 262
376 13 375
378 6 377
380 373 378
382 361 381
384 9 383
386 329 385
388 21 387
390 319 389
392 18 391
394 241 393
396 23 395
398 16 31
400 2 79
402 266 401
404 28 399
406 402 404
408 397 407
410 21 58
412 48 60
414 111 150
416 133 413
418 415 416
420 33 419
422 410 420
424 9 20
426 6 424
428 203 342
430 426 428
432 18 431
434 423 432
436 91 205
438 410 437
440 17 110
442 426 440
444 19 439
446 443 444
448 23 447
450 435 448
452 16 267
454 17 436
456 245 454
458 453 457
460 6 28
462 458 460
464 451 463
466 76 79
468 71 466
470 51 469
472 26 471
474 267 307
476 20 474
478 71 204
480 375 479
482 21 480
484 477 483
486 18 485
488 11 19
490 79 190
492 23 489
494 491 492
496 487 494
498 473 497
500 108 499
502 6 8
504 24 453
506 22 505
508 502 507
510 17 166
512 5 453
514 137 512
516 511 515
518 2 35
520 453 518
522 516 521
524 96 523
526 32 108
528 245 526
530 65 529
532 525 530
534 26 533
536 6 437
538 9 537
540 169 538
542 21 541
544 7 169
546 11 544
548 542 547
550 57 108
552 4 12
554 53 552
556 147 555
558 199 556
560 550 558
562 13 47
564 4 563
566 209 467
568 564 566
570 7 569
572 201 570
574 5 6
576 225 574
578 4 153
580 6 578
582 577 581
584 227 583
586 573 585
588 9 587
590 20 561
592 589 590
594 19 549
596 593 594
598 13 341
600 203 599
602 71 600
604 5 603
606 9 605
608 294 606
610 4 306
612 13 49
614 263 612
616 4 614
618 243 616
620 108 619
622 45 612
624 5 622
626 33 161
628 298 627
630 625 629
632 611 630
634 620 632
636 51 202
638 13 343
640 5 307
642 637 640
644 639 642
646 429 645
648 58 309
650 646 648
652 635 651
654 609 652
656 20 655
658 49 264
660 352 659
662 305 334
664 96 661
666 663 664
668 17 49
670 12 668
672 130 341
674 671 673
676 305 674
678 355 677
680 623 679
682 58 681
684 275 469
686 479 684
688 108 325
690 686 688
692 667 691
694 683 692
696 21 695
698 657 697
700 18 699
702 597 701
704 23 703
706 535 705
708 3 70
710 12 708
712 307 413
714 711 712
716 574 715
718 4 103
720 263 622
722 364 718
724 721 722
726 103 267
728 35 726
730 278 728
732 2 270
734 725 733
736 731 734
738 7 737
740 6 115
742 739 741
744 717 743
746 424 745
748 71 626
750 3 44
752 349 751
754 15 553
756 711 755
758 752 756
760 749 759
762 6 761
764 2 5
766 336 764
768 3 153
770 637 768
772 366 771
774 347 772
776 767 775
778 7 777
780 763 779
782 9 781
784 413 615
786 3 7
788 785 786
790 4 48
792 7 269
794 673 793
796 791 795
798 6 136
800 8 799
802 789 800
804 797 802
806 21 805
808 783 806
810 77 342
812 255 765
814 811 813
816 90 708
818 718 817
820 20 108
822 819 820
824 815 822
826 18 825
828 747 826
830 809 828
832 3 210
834 413 833
836 4 58
838 835 836
840 161 669
842 192 263
844 841 842
846 57 75
848 9 847
850 16 262
852 96 851
854 213 852
856 845 855
858 849 856
860 401 859
862 190 839
864 861 862
866 4 601
868 69 537
870 867 868
872 24 871
874 23 873
876 865 874
878 831 876
880 12 526
882 26 880
884 29 883
886 136 304
888 511 887
890 7 889
892 2 11
894 6 893
896 456 894
898 2 136
900 7 899
902 512 900
904 881 891
906 897 903
908 904 906
910 885 909
912 879 911
914 507 884
916 4 468
918 900 917
920 6 899
922 459 920
924 9 24
926 919 924
928 923 926
930 915 929
932 879 931
934 115 415
936 51 101
938 893 937
940 934 939
942 79 271
944 3 5
946 942 944
948 6 947
950 941 949
952 8 951
954 145 751
956 456 954
958 58 957
960 5 136
962 4 403
964 453 962
966 96 961
968 965 966
970 26 959
972 969 970
974 953 972
976 7 399
978 338 976
980 4 6
982 77 113
984 674 982
986 2 985
988 91 221
990 99 989
992 3 712
994 991 992
996 980 995
998 987 996
1000 419 574
1002 3 99
1004 726 1002
1006 981 1004
1008 9 1001
1010 1007 1008
1012 999 1010
1014 979 1012
1016 413 480
1018 2 1017
1020 281 1005
1022 1019 1020
1024 6 945
1026 8 1025
1028 1023 1026
1030 21 1029
1032 1015 1030
1034 2 428
1036 613 674
1038 15 437
1040 3 251
1042 1039 1040
1044 1037 1042
1046 305 1045
1048 345 612
1050 130 262
1052 718 1051
1054 1049 1052
1056 1047 1055
1058 58 1035
1060 1057 1058
1062 2 942
1064 1045 1063
1066 5 1065
1068 4 277
1070 7 1069
1072 307 659
1074 4 1073
1076 1070 1075
1078 2 1074
1080 7 1078
1082 1077 1081
1084 9 1067
1086 1083 1084
1088 474 1045
1090 5 1089
1092 305 611
1094 619 1092
1096 101 163
1098 3 615
1100 1096 1098
1102 1095 1101
1104 1091 1103
1106 574 1045
1108 8 1107
1110 981 1108
1112 1105 1110
1114 20 1061
1116 1087 1114
1118 1113 1116
1120 1033 1119
1122 18 1121
1124 10 108
1126 24 1125
1128 539 1126
1130 158 215
1132 59 1131
1134 213 671
1136 401 564
1138 1135 1136
1140 6 1138
1142 2 225
1144 574 1143
1146 1141 1145
1148 222 1147
1150 1133 1149
1152 8 575
1154 131 1002
1156 14 1154
1158 8 1156
1160 1153 1159
1162 980 1156
1164 1161 1163
1166 10 557
1168 305 1167
1170 3 247
1172 101 321
1174 1170 1172
1176 1169 1175
1178 13 48
1180 131 1179
1182 111 1180
1184 944 1182
1186 7 55
1188 1185 1186
1190 1177 1188
1192 1025 1164
1194 1191 1192
1196 190 1151
1198 1195 1196
1200 23 1129
1202 1199 1200
1204 1123 1202
1206 975 1205
1208 136 944
1210 1070 1209
1212 50 244
1214 115 349
1216 3 1215
1218 16 1216
1220 4 1213
1222 1219 1220
1224 6 1043
1226 981 1225
1228 645 1223
1230 1227 1228
1232 9 1211
1234 1231 1232
1236 502 1044
1238 12 440
1240 3 162
1242 5 1239
1244 1241 1242
1246 620 1245
1248 1237 1247
1250 1235 1248
1252 20 1251
1254 8 1005
1256 109 1255
1258 278 685
1260 1092 1259
1262 163 349
1264 934 1170
1266 1262 1264
1268 1261 1267
1270 764 794
1272 721 944
1274 7 1273
1276 1271 1274
1278 1269 1276
1280 1257 1279
1282 469 751
1284 3 349
1286 1213 1284
1288 1283 1286
1290 151 206
1292 2 1180
1294 1290 1292
1296 574 1289
1298 1295 1296
1300 49 345
1302 13 1301
1304 364 1303
1306 673 1181
1308 2 1307
1310 1305 1309
1312 980 1311
1314 334 709
1316 4 1315
1318 282 335
1320 5 1319
1322 7 1317
1324 1321 1322
1326 9 1299
1328 1313 1326
1330 1325 1328
1332 21 1281
1334 1331 1332
1336 18 1253
1338 1335 1336
1340 6 1156
1342 577 1341
1344 954 1343
1346 79 1155
1348 15 552
1350 1347 1349
1352 13 44
1354 980 1353
1356 1350 1354
1358 571 1357
1360 1345 1358
1362 9 1361
1364 30 137
1366 413 1364
1368 8 1367
1370 1341 1368
1372 1363 1371
1374 190 1373
1376 11 169
1378 791 1377
1380 108 1379
1382 637 1179
1384 980 1383
1386 9 545
1388 1385 1386
1390 24 1381
1392 1389 1390
1394 23 1393
1396 1375 1394
1398 1339 1396
1400 3 942
1402 6 1400
1404 33 267
1406 30 1405
1408 1403 1407
1410 8 1409
1412 33 151
1414 1282 1412
1416 574 1415
1418 3 102
1420 980 1419
1422 510 1420
1424 37 1417
1426 1423 1424
1428 9 1427
1430 1411 1429
1432 26 1431
1434 1399 1433
1436 30 1283
1438 5 401
1440 602 1438
1442 514 1441
1444 7 1443
1446 137 574
1448 1419 1446
1450 459 980
1452 1449 1451
1454 1445 1452
1456 9 1437
1458 1455 1456
1460 7 641
1462 938 1460
1464 513 1401
1466 948 1465
1468 8 1463
1470 1467 1468
1472 26 1471
1474 1459 1472
1476 550 1182
1478 1347 1476
1480 150 768
1482 228 1481
1484 5 71
1486 751 1484
1488 1483 1487
1490 6 1489
1492 7 1351
1494 1491 1493
1496 9 1495
1498 1165 1497
1500 190 1479
1502 1499 1500
1504 30 49
1506 133 1504
1508 575 1507
1510 8 1509
1512 158 165
1514 24 1511
1516 1513 1514
1518 574 1005
1520 12 1300
1522 1002 1521
1524 151 248
1526 1262 1524
1528 305 1527
1530 1523 1529
1532 275 764
1534 13 851
1536 101 637
1538 205 1535
1540 1536 1538
1542 944 1541
1544 7 1533
1546 1543 1544
1548 1531 1546
1550 980 1004
1552 8 1519
1554 1551 1552
1556 1549 1554
1558 278 337
1560 336 944
1562 352 1213
1564 96 1563
1566 1559 1564
1568 1561 1566
1570 711 1290
1572 4 1571
1574 376 709
1576 5 331
1578 1575 1576
1580 58 1573
1582 1579 1580
1584 1569 1583
1586 1557 1584
1588 21 1587
1590 375 673
1592 5 1590
1594 765 1593
1596 1063 1595
1598 278 1072
1600 304 673
1602 1282 1600
1604 1599 1603
1606 1597 1604
1608 96 1607
1610 195 1590
1612 304 1611
1614 253 764
1616 195 245
1618 851 1616
1620 944 1619
1622 617 1615
1624 1621 1622
1626 1613 1624
1628 7 1627
1630 980 1044
1632 1108 1631
1634 1629 1632
1636 131 285
1638 133 1637
1640 3 1639
1642 301 945
1644 1641 1643
1646 101 751
1648 659 1646
1650 1241 1648
1652 4 1651
1654 58 1653
1656 1645 1654
1658 1609 1657
1660 1635 1658
1662 20 1661
1664 1589 1663
1666 18 1665
1668 23 1517
1670 1503 1668
1672 1667 1670
1674 1475 1673
1676 26 502
1678 1465 1676
1680 110 144
1682 7 1681
1684 1441 1682
1686 28 1447
1688 1421 1686
1690 1685 1688
1692 197 1486
1694 752 1097
1696 137 1695
1698 30 1697
1700 1152 1693
1702 1341 1700
1704 1699 1702
1706 151 1156
1708 211 578
1710 1707 1708
1712 1485 1711
1714 6 1713
1716 7 1154
1718 219 1717
1720 1715 1718
1722 9 1721
1724 1705 1723
1726 20 1725
1728 453 980
1730 3 1728
1732 575 1731
1734 3 512
1736 8 1735
1738 1733 1736
1740 453 786
1742 72 770
1744 171 538
1746 1741 1744
1748 1743 1746
1750 220 1535
1752 893 1751
1754 108 1753
1756 21 1755
1758 1739 1756
1760 1749 1758
1762 1727 1761
1764 19 1763
1766 7 257
1768 980 1045
1770 8 1767
1772 1769 1770
1774 1093 1215
1776 302 1775
1778 81 521
1780 1595 1778
1782 294 1079
1784 1781 1782
1786 9 1777
1788 1785 1786
1790 1773 1789
1792 20 1791
1794 113 1320
1796 353 1795
1798 749 1797
1800 626 673
1802 278 1801
1804 58 1803
1806 1799 1804
1808 2 106
1810 5 335
1812 96 1811
1814 368 563
1816 3 1815
1818 1812 1816
1820 21 1809
1822 1819 1820
1824 1807 1822
1826 1793 1825
1828 147 617
1830 1286 1829
1832 1681 1831
1834 163 1832
1836 304 1835
1838 227 243
1840 5 376
1842 1839 1840
1844 413 673
1846 1828 1844
1848 2 1847
1850 1843 1849
1852 1837 1850
1854 7 1853
1856 21 1519
1858 1257 1856
1860 1855 1858
1862 1827 1861
1864 18 1863
1866 23 1765
1868 1865 1866
1870 1679 1691
1872 1869 1870
1874 669 1139
1876 1147 1875
1878 149 1877
1880 424 1879
1882 78 205
1884 2 1883
1886 265 275
1888 992 1886
1890 4 1885
1892 1889 1890
1894 131 1438
1896 344 1894
1898 7 1897
1900 1893 1898
1902 20 1161
1904 1901 1902
1906 9 542
1908 548 1732
1910 1907 1909
1912 1905 1910
1914 1881 1912
1916 19 1915
1918 3 455
1920 96 1291
1922 1919 1920
1924 278 1179
1926 421 1924
1928 3 729
1930 93 764
1932 985 1930
1934 1927 1929
1936 1933 1934
1938 58 1937
1940 425 1923
1942 1939 1940
1944 2 1048
1946 5 943
1948 1945 1946
1950 1083 1949
1952 646 1217
1954 1227 1952
1956 20 1955
1958 1951 1956
1960 1943 1959
1962 93 457
1964 3 1963
1966 2 686
1968 1965 1967
1970 7 1969
1972 1856 1971
1974 944 1037
1976 7 630
1978 1975 1976
1980 1103 1978
1982 20 1107
1984 1981 1982
1986 8 1973
1988 1985 1986
1990 18 1961
1992 1989 1990
1994 1917 1993
1996 23 1995
1998 71 144
2000 441 1999
2002 76 519
2004 2001 2002
2006 96 2005
2008 952 1729
2010 4 798
2012 1415 2011
2014 58 2013
2016 26 2007
2018 2015 2016
2020 2009 2018
2022 1997 2021
2024 467 1051
2026 1883 2024
2028 4 2027
2030 550 2029
2032 9 2000
2034 219 2032
2036 2031 2035
2038 190 2037
2040 599 840
2042 980 2041
2044 605 887
2046 1070 2044
2048 428 574
2050 9 2043
2052 2049 2050
2054 2047 2052
2056 128 251
2058 1536 2056
2060 108 474
2062 2059 2060
2064 2055 2063
2066 20 2065
2068 712 1353
2070 352 2068
2072 1559 2071
2074 1812 2072
2076 108 151
2078 333 2076
2080 1832 2078
2082 578 1181
2084 58 206
2086 265 2084
2088 2083 2086
2090 2081 2089
2092 2075 2090
2094 21 2093
2096 2067 2095
2098 18 2097
2100 2039 2099
2102 23 2101
2104 9 136
2106 530 2105
2108 26 2011
2110 2107 2108
2112 2103 2111
2114 7 517
2116 2011 2115
2118 28 2117
2120 601 2042
2122 1076 1947
2124 2121 2123
2126 424 2125
2128 410 552
2130 362 2128
2132 20 615
2134 2058 2132
2136 2131 2135
2138 2127 2136
2140 18 2139
2142 128 2025
2144 562 980
2146 573 2145
2148 9 2147
2150 2143 2149
2152 190 2151
2154 2141 2153
2156 23 2155
2158 2119 2157
i0 p0p0eq0time0f1dzero1b
i1 p0b0btn2start2stop
i2 p0b0btn2sec
i3 p0b0btn2min
l0 l0
l1 l1
l2 l2
l3 l3
l4 l4
l5 l5
l6 l6
o0 u0time0f1dcountup0time0dt1b
o1 u0time0f1dcountdown0time0dt1b
o2 u0time0f1dinc2seconds0time1b
o3 u0time0f1dinc2minutes0time1b
o4 u0time0f1dzero1b
o5 u0time0time
o6 u0dsp0f1ddisplay0time1b
o7 u0dsp0dsp
o8 u0beep0p1dbf1b
o9 u0beep0p1dbt1b
o10 u0beep0beep
