REALIZABLE
aag 61 2 5 21 54
2
4
6 105
8 111
10 115
12 121
14 123
32
42
50
56
60
62
64
66
68
72
74
76
78
82
84
86
30
0
91
94
0
16 3 15
18 11 13
20 9 18
22 7 20
24 17 23
26 3 14
28 4 27
30 22 28
32 25 31
34 11 12
36 2 15
38 7 36
40 9 38
42 34 40
44 6 36
46 8 44
48 10 46
50 13 48
52 10 13
54 8 38
56 52 54
58 9 44
60 52 58
62 40 52
64 18 46
66 18 54
68 20 44
70 10 12
72 46 70
74 54 70
76 58 70
78 40 70
80 11 46
82 12 80
84 34 54
86 34 58
88 22 26
90 14 89
92 2 14
94 22 92
96 19 38
98 6 16
100 97 99
102 31 100
104 67 102
106 15 47
108 8 106
110 59 109
112 10 106
114 81 113
116 12 15
118 49 116
120 51 119
122 73 89
i0 p0b0wait
i1 p0b0start
l0 l0
l1 l1
l2 l2
l3 l3
l4 l4
o0 u0out0f1dnone1b
o1 u0out0f1dconst91b
o2 u0out0f1dconst81b
o3 u0out0f1dconst71b
o4 u0out0f1dconst61b
o5 u0out0f1dconst51b
o6 u0out0f1dconst41b
o7 u0out0f1dconst31b
o8 u0out0f1dconst251b
o9 u0out0f1dconst2461b
o10 u0out0f1dconst2451b
o11 u0out0f1dconst2441b
o12 u0out0f1dconst2431b
o13 u0out0f1dconst24251b
o14 u0out0f1dconst24241b
o15 u0out0f1dconst24231b
o16 u0out0f1dconst241b
o17 u0out0out
o18 u0finished0p1dbf1b
o19 u0finished0p1dbt1b
o20 u0finished0finished
