UNREALIZABLE
aag 451 13 5 15 433
2
4
6
8
10
12
14
16
18
20
22
24
26
28 494
30 664
32 782
34 868
36 902
46
0
0
67
67
0
0
68
84
64
80
86
0
0
0
38 31 33
40 35 38
42 36 41
44 37 40
46 43 45
48 33 34
50 29 35
52 31 51
54 49 52
56 32 34
58 30 57
60 28 58
62 37 55
64 61 62
66 47 65
68 46 65
70 32 35
72 52 71
74 29 32
76 34 75
78 43 77
80 73 78
82 45 80
84 67 83
86 40 64
88 16 19
90 21 88
92 23 25
94 26 92
96 22 25
98 27 96
100 95 99
102 23 24
104 27 102
106 100 105
108 29 107
110 38 108
112 34 107
114 95 112
116 28 107
118 56 116
120 31 118
122 114 120
124 111 123
126 30 107
128 100 113
130 34 94
132 129 131
134 33 132
136 35 104
138 113 137
140 135 139
142 126 141
144 56 126
146 143 145
148 126 146
150 29 148
152 143 151
154 124 152
156 28 114
158 71 75
160 132 159
162 157 161
164 31 163
166 35 107
168 28 132
170 117 133
172 169 171
174 166 173
176 115 175
178 28 130
180 176 179
182 32 107
184 180 182
186 32 177
188 185 187
190 29 100
192 189 191
194 34 192
196 30 194
198 60 107
200 197 199
202 121 165
204 200 202
206 154 204
208 90 207
210 37 209
212 19 20
214 29 153
216 197 215
218 51 182
220 31 218
222 199 221
224 109 113
226 222 224
228 179 187
230 31 229
232 127 231
234 227 232
236 216 235
238 212 237
240 18 21
242 233 240
244 216 242
246 239 245
248 17 247
250 210 249
252 36 40
254 23 181
256 166 255
258 90 256
260 16 259
262 240 256
264 212 254
266 17 265
268 263 266
270 261 269
272 252 271
274 251 273
276 11 275
278 10 43
280 5 7
282 9 280
284 279 282
286 277 284
288 42 283
290 2 289
292 287 290
294 12 15
296 13 14
298 295 297
300 9 11
302 7 300
304 4 302
306 37 90
308 227 306
310 213 241
312 17 311
314 91 313
316 252 315
318 166 316
320 21 318
322 309 321
324 17 37
326 213 222
328 223 241
330 227 324
332 327 329
334 330 332
336 322 335
338 304 337
340 4 42
342 255 318
344 252 343
346 129 192
348 33 172
350 347 349
352 30 351
354 32 136
356 131 355
358 108 356
360 162 358
362 157 361
364 185 362
366 31 365
368 353 367
370 212 369
372 33 130
374 31 373
376 187 374
378 33 177
380 30 379
382 347 380
384 240 377
386 383 384
388 371 387
390 17 389
392 219 361
394 125 393
396 135 347
398 30 397
400 165 395
402 399 400
404 90 403
406 37 405
408 391 406
410 279 345
412 409 410
414 8 413
416 9 10
418 9 43
420 417 419
422 200 231
424 240 423
426 239 425
428 17 427
430 210 429
432 10 345
434 431 432
436 421 435
438 415 437
440 7 439
442 42 301
444 34 108
446 183 445
448 30 447
450 119 449
452 111 121
454 165 452
456 450 455
458 216 457
460 212 459
462 205 240
464 461 463
466 17 465
468 210 467
470 300 345
472 469 470
474 6 443
476 473 474
478 5 477
480 441 478
482 3 341
484 339 482
486 481 484
488 293 299
490 487 488
492 42 298
494 491 493
496 143 395
498 90 497
500 155 240
502 58 171
504 393 453
506 503 505
508 212 507
510 501 509
512 17 511
514 499 513
516 3 5
518 302 517
520 5 518
522 37 520
524 515 522
526 8 11
528 306 451
530 334 451
532 321 529
534 531 532
536 526 535
538 240 324
540 30 365
542 399 541
544 195 543
546 452 545
548 538 547
550 212 324
552 33 502
554 225 448
556 553 555
558 395 556
560 153 447
562 558 561
564 550 563
566 450 496
568 306 567
570 321 569
572 565 570
574 549 572
576 416 575
578 537 577
580 7 579
582 6 300
584 221 506
586 538 585
588 220 506
590 165 221
592 119 591
594 31 357
596 593 595
598 589 597
600 452 598
602 145 601
604 550 603
606 155 550
608 322 587
610 607 608
612 605 610
614 582 613
616 581 615
618 516 617
620 3 304
622 165 601
624 450 623
626 452 625
628 542 626
630 538 629
632 218 507
634 559 633
636 593 635
638 550 637
640 265 318
642 123 561
644 550 643
646 164 306
648 569 647
650 641 648
652 639 650
654 645 652
656 631 654
658 620 657
660 525 659
662 619 660
664 299 663
666 544 555
668 626 667
670 538 669
672 321 648
674 639 672
676 671 674
678 526 677
680 561 622
682 538 681
684 147 447
686 165 685
688 307 551
690 687 689
692 218 550
694 321 693
696 691 694
698 683 696
700 416 699
702 679 701
704 7 703
706 52 240
708 189 706
710 510 709
712 324 711
714 146 367
716 625 714
718 306 717
720 321 605
722 713 720
724 719 722
726 582 725
728 705 727
730 516 729
732 447 543
734 121 733
736 550 735
738 20 318
740 343 739
742 397 528
744 451 538
746 563 744
748 740 747
750 743 748
752 737 750
754 620 753
756 197 593
758 205 757
760 306 758
762 550 757
764 144 538
766 538 624
768 740 765
770 763 768
772 767 770
774 761 772
776 520 775
778 755 777
780 731 778
782 299 781
784 30 140
786 595 785
788 37 787
790 312 765
792 788 790
794 306 787
796 321 795
798 793 796
800 416 799
802 240 555
804 212 633
806 803 805
808 17 807
810 91 809
812 450 786
814 37 813
816 811 814
818 321 817
820 526 819
822 801 821
824 7 823
826 599 785
828 689 827
830 148 538
832 307 539
834 52 833
836 447 834
838 362 836
840 321 839
842 831 840
844 829 842
846 582 845
848 825 847
850 516 849
852 252 254
854 759 788
856 853 855
858 315 518
860 857 858
862 851 861
864 2 4
866 299 865
868 863 866
870 739 765
872 416 871
874 538 554
876 507 692
878 739 875
880 877 878
882 526 881
884 873 883
886 7 885
888 550 588
890 538 603
892 739 889
894 891 892
896 582 895
898 887 897
900 299 516
902 899 900
i0 u0window0f1denable2button0up1b
i1 u0window0f1denable2button0down1b
i2 u0window0f1ddisable2button0up1b
i3 u0window0f1ddisable2button0down1b
i4 u0window0window
i5 u0selected0f1dtoggle0selected1b
i6 u0selected0selected
i7 u0second2counter0f1dincrement0second2counter1b
i8 u0second2counter0f1ddecrement0second2counter1b
i9 u0second2counter0second2counter
i10 u0first2counter0f1dincrement0first2counter1b
i11 u0first2counter0f1ddecrement0first2counter1b
i12 u0first2counter0first2counter
l0 l0
l1 l1
l2 l2
l3 l3
l4 l4
o0 p0p0second0selected
o1 p0p0in2range0f1dincrement0f1dincrement0second2counter1b1b
o2 p0p0in2range0f1dincrement0f1dincrement0first2counter1b1b
o3 p0p0in2range0f1dincrement0second2counter1b
o4 p0p0in2range0f1dincrement0first2counter1b
o5 p0p0in2range0f1ddecrement0f1dincrement0second2counter1b1b
o6 p0p0in2range0f1ddecrement0f1dincrement0first2counter1b1b
o7 p0p0in2range0f1ddecrement0second2counter1b
o8 p0p0in2range0f1ddecrement0first2counter1b
o9 p0p0in2range0second2counter
o10 p0p0in2range0first2counter
o11 p0p0first0selected
o12 p0p0button2pressed0up
o13 p0p0button2pressed0switch
o14 p0p0button2pressed0down
