UNREALIZABLE
aag 127 13 4 14 110
2
4
6
8
10
12
14
16
18
20
22
24
26
28 143
30 217
32 239
34 255
41
0
0
67
39
0
1
69
73
77
0
70
0
0
36 33 35
38 31 36
40 28 38
42 28 31
44 35 42
46 30 34
48 33 47
50 29 49
52 45 51
54 30 35
56 31 34
58 55 57
60 29 31
62 32 61
64 58 62
66 53 65
68 36 61
70 33 59
72 28 71
74 45 57
76 33 75
78 17 20
80 73 78
82 16 21
84 67 82
86 81 85
88 3 11
90 5 6
92 88 90
94 4 7
96 88 94
98 93 97
100 2 10
102 5 7
104 89 101
106 102 104
108 98 107
110 9 109
112 8 88
114 102 112
116 111 115
118 24 26
120 25 27
122 23 119
124 121 122
126 22 120
128 125 127
130 12 15
132 13 14
134 131 133
136 129 135
138 19 136
140 117 138
142 87 140
144 79 83
146 19 145
148 17 18
150 21 148
152 147 151
154 32 59
156 129 154
158 153 156
160 135 158
162 136 153
164 32 46
166 162 164
168 161 167
170 49 162
172 27 56
174 25 54
176 173 175
178 129 177
180 35 60
182 124 180
184 179 183
186 162 185
188 171 187
190 45 162
192 188 190
194 168 193
196 114 195
198 99 189
200 3 10
202 166 200
204 33 186
206 161 203
208 205 206
210 106 209
212 199 211
214 9 213
216 197 215
218 114 189
220 96 169
222 41 92
224 162 222
226 11 158
228 106 170
230 227 228
232 221 225
234 231 232
236 9 235
238 219 237
240 102 202
242 109 192
244 92 159
246 170 244
248 241 247
250 243 248
252 9 251
254 197 253
i0 u0window0f1denable2button0up1b
i1 u0window0f1denable2button0down1b
i2 u0window0f1ddisable2button0up1b
i3 u0window0f1ddisable2button0down1b
i4 u0window0window
i5 u0selected0f1dtoggle0selected1b
i6 u0selected0selected
i7 u0second2counter0f1dincrement0second2counter1b
i8 u0second2counter0f1ddecrement0second2counter1b
i9 u0second2counter0second2counter
i10 u0first2counter0f1dincrement0first2counter1b
i11 u0first2counter0f1ddecrement0first2counter1b
i12 u0first2counter0first2counter
l0 l0
l1 l1
l2 l2
l3 l3
o0 p0p0second0selected
o1 p0p0in2range0f1dincrement0f1dincrement0second2counter1b1b
o2 p0p0in2range0f1dincrement0f1dincrement0first2counter1b1b
o3 p0p0in2range0f1dincrement0second2counter1b
o4 p0p0in2range0f1dincrement0first2counter1b
o5 p0p0in2range0f1ddecrement0f1dincrement0first2counter1b1b
o6 p0p0in2range0f1ddecrement0second2counter1b
o7 p0p0in2range0f1ddecrement0first2counter1b
o8 p0p0in2range0second2counter
o9 p0p0in2range0first2counter
o10 p0p0first0selected
o11 p0p0button2pressed0up
o12 p0p0button2pressed0switch
o13 p0p0button2pressed0down
