REALIZABLE
aag 27 6 1 8 20
2
4
6
8
10
12
14 28
1
0
1
0
42
44
48
55
16 2 4
18 15 17
20 7 18
22 3 5
24 6 15
26 22 24
28 21 27
30 13 29
32 9 23
34 18 33
36 5 35
38 12 29
40 37 38
42 31 41
44 35 40
46 11 12
48 26 46
50 33 49
52 29 50
54 31 53
i0 p0p0isscoremode0gamemode
i1 p0p0isradarmode0gamemode
i2 p0p0iscockpitmode0gamemode
i3 p0p0gyronoise0gyroz
i4 p0p0gyronoise0gyrox
i5 p0p0eqz0prescaler
l0 l0
o0 u0rotation0f1dscalerotation0internal2rotation1b
o1 u0rotation0rotation
o2 u0prescaler0f1dincmod0prescaler0f1droationcaluclatorprescaler1b1b
o3 u0prescaler0prescaler
o4 u0internal2rotation0f1dsubrotation0internal2rotation0f1dgyrocorrection1b0gyroz1b
o5 u0internal2rotation0f1daddrotation0internal2rotation0f1dgyrocorrection1b0gyroz1b
o6 u0internal2rotation0f1daddrotation0internal2rotation0f1dgyrocorrection1b0gyrox1b
o7 u0internal2rotation0internal2rotation
