REALIZABLE
aag 91 2 6 37 83
2
4
6 161
8 167
10 171
12 177
14 181
16 183
36
48
56
62
68
72
76
80
84
88
90
94
98
102
106
108
112
116
118
120
124
126
128
130
132
134
136
138
140
142
144
146
34
0
151
152
0
18 3 17
20 13 15
22 11 20
24 9 22
26 7 24
28 19 27
30 3 16
32 4 31
34 26 32
36 29 35
38 11 12
40 2 17
42 7 40
44 9 42
46 38 44
48 15 46
50 6 40
52 8 50
54 10 52
56 20 54
58 8 42
60 10 58
62 20 60
64 9 50
66 10 64
68 20 66
70 10 44
72 20 70
74 11 52
76 20 74
78 12 54
80 14 78
82 12 60
84 14 82
86 12 66
88 14 86
90 22 58
92 12 70
94 14 92
96 38 52
98 14 96
100 38 58
102 14 100
104 38 64
106 14 104
108 14 46
110 13 54
112 14 110
114 13 14
116 60 114
118 66 114
120 70 114
122 11 114
124 52 122
126 24 50
128 58 122
130 64 122
132 44 122
134 15 78
136 15 82
138 15 86
140 15 92
142 15 96
144 15 100
146 15 104
148 26 30
150 16 149
152 26 150
154 6 18
156 25 42
158 155 157
160 35 158
162 17 53
164 8 162
166 65 165
168 10 162
170 75 169
172 17 79
174 12 172
176 111 175
178 14 172
180 135 179
182 81 149
i0 p0b0wait
i1 p0b0start
l0 l0
l1 l1
l2 l2
l3 l3
l4 l4
l5 l5
o0 u0out0f1dnone1b
o1 u0out0f1dconst91b
o2 u0out0f1dconst81b
o3 u0out0f1dconst71b
o4 u0out0f1dconst61b
o5 u0out0f1dconst51b
o6 u0out0f1dconst41b
o7 u0out0f1dconst3251b
o8 u0out0f1dconst3241b
o9 u0out0f1dconst3231b
o10 u0out0f1dconst31b
o11 u0out0f1dconst2591b
o12 u0out0f1dconst2581b
o13 u0out0f1dconst2571b
o14 u0out0f1dconst2561b
o15 u0out0f1dconst2551b
o16 u0out0f1dconst2541b
o17 u0out0f1dconst2531b
o18 u0out0f1dconst25251b
o19 u0out0f1dconst25241b
o20 u0out0f1dconst25231b
o21 u0out0f1dconst251b
o22 u0out0f1dconst2491b
o23 u0out0f1dconst2481b
o24 u0out0f1dconst2471b
o25 u0out0f1dconst2461b
o26 u0out0f1dconst2451b
o27 u0out0f1dconst2441b
o28 u0out0f1dconst2431b
o29 u0out0f1dconst24251b
o30 u0out0f1dconst24241b
o31 u0out0f1dconst24231b
o32 u0out0f1dconst241b
o33 u0out0out
o34 u0finished0p1dbf1b
o35 u0finished0p1dbt1b
o36 u0finished0finished
