REALIZABLE
aag 1508 4 7 6 1497
2
4
6
8
10 1339
12 1740
14 2162
16 2446
18 2643
20 2885
22 3016
163
443
504
564
572
823
24 6 9
26 21 22
28 18 26
30 10 13
32 14 30
34 5 16
36 32 34
38 28 36
40 20 23
42 4 17
44 32 42
46 19 45
48 11 12
50 15 48
52 42 50
54 13 16
56 11 14
58 54 56
60 18 59
62 53 60
64 40 47
66 63 64
68 39 67
70 24 69
72 5 19
74 40 73
76 10 12
78 15 76
80 16 78
82 13 14
84 11 17
86 82 84
88 19 86
90 81 89
92 74 91
94 4 87
96 28 95
98 58 96
100 93 99
102 8 101
104 12 14
106 16 105
108 15 77
110 106 109
112 5 111
114 96 113
116 17 82
118 81 117
120 4 19
122 20 120
124 119 122
126 13 15
128 10 14
130 106 129
132 127 130
134 53 133
136 18 20
138 135 136
140 18 21
142 14 76
144 42 142
146 140 144
148 125 147
150 139 148
152 23 151
154 115 153
156 9 155
158 103 157
160 7 159
162 71 161
164 11 16
166 11 13
168 15 166
170 3 15
172 169 171
174 164 173
176 4 105
178 12 84
180 15 167
182 17 180
184 4 179
186 183 184
188 177 187
190 19 189
192 175 190
194 16 48
196 4 195
198 16 108
200 197 198
202 18 201
204 14 167
206 17 204
208 126 164
210 207 209
212 72 210
214 26 203
216 213 214
218 193 216
220 84 126
222 21 23
224 19 222
226 220 224
228 23 136
230 86 228
232 10 116
234 5 233
236 3 13
238 17 236
240 117 239
242 10 241
244 4 55
246 3 56
248 4 247
250 245 249
252 243 251
254 18 222
256 235 254
258 253 256
260 227 231
262 259 260
264 219 262
266 24 265
268 14 48
270 169 269
272 16 270
274 72 272
276 108 167
278 17 277
280 129 278
282 2 169
284 16 283
286 108 284
288 120 281
290 287 288
292 275 291
294 3 48
296 51 143
298 295 296
300 16 142
302 26 301
304 299 302
306 189 304
308 19 26
310 17 142
312 31 49
314 17 313
316 311 315
318 199 316
320 5 26
322 319 320
324 307 309
326 323 324
328 292 327
330 4 18
332 16 32
334 3 110
336 333 335
338 240 336
340 330 339
342 5 131
344 18 82
346 342 344
348 21 221
350 141 349
352 347 351
354 341 352
356 19 332
358 20 357
360 5 87
362 16 204
364 360 363
366 94 301
368 18 365
370 367 368
372 358 371
374 23 373
376 355 374
378 329 377
380 9 379
382 5 206
384 145 383
386 28 385
388 84 105
390 5 389
392 308 391
394 16 126
396 10 394
398 3 396
400 42 166
402 4 401
404 399 402
406 392 405
408 83 237
410 11 409
412 17 410
414 251 413
416 18 361
418 415 416
420 351 419
422 34 268
424 18 422
426 358 425
428 23 427
430 421 428
432 387 407
434 431 432
436 8 435
438 381 437
440 7 439
442 267 441
444 11 15
446 33 445
448 269 446
450 16 448
452 19 451
454 109 205
456 17 454
458 16 268
460 18 459
462 457 460
464 26 463
466 453 464
468 15 312
470 33 469
472 17 471
474 209 333
476 473 474
478 20 476
480 165 333
482 315 480
484 140 483
486 21 300
488 19 487
490 485 489
492 479 491
494 311 397
496 136 494
498 23 497
500 493 498
502 467 501
504 24 503
506 7 8
508 13 56
510 494 509
512 17 510
514 395 513
516 18 515
518 51 512
520 19 208
522 519 521
524 517 522
526 40 525
528 12 15
530 33 269
532 529 530
534 106 533
536 19 535
538 17 312
540 129 538
542 460 541
544 26 543
546 537 544
548 10 17
550 10 15
552 549 551
554 254 553
556 224 300
558 555 557
560 547 558
562 527 560
564 506 563
566 303 309
568 22 566
570 6 569
572 8 570
574 17 455
576 18 575
578 16 550
580 55 579
582 5 57
584 77 582
586 581 585
588 576 587
590 5 451
592 210 590
594 51 530
596 16 171
598 595 596
600 15 17
602 17 49
604 601 603
606 19 604
608 599 606
610 73 609
612 593 611
614 26 589
616 613 614
618 20 47
620 479 619
622 539 601
624 127 623
626 551 624
628 4 626
630 18 510
632 629 630
634 621 633
636 143 445
638 318 637
640 21 638
642 141 641
644 18 233
646 3 14
648 166 646
650 239 649
652 4 651
654 644 653
656 483 654
658 643 657
660 23 635
662 659 660
664 617 663
666 24 665
668 16 298
670 4 669
672 519 670
674 5 542
676 18 675
678 673 676
680 292 679
682 26 681
684 2 550
686 17 685
688 2 11
690 83 688
692 686 691
694 3 129
696 12 694
698 692 697
700 336 699
702 330 701
704 352 703
706 72 333
708 127 549
710 530 708
712 330 711
714 707 713
716 20 715
718 33 122
720 118 718
722 133 136
724 364 722
726 721 725
728 717 726
730 705 728
732 23 731
734 9 733
736 683 734
738 117 552
740 18 738
742 653 740
744 643 743
746 474 519
748 72 746
750 17 296
752 470 751
754 120 752
756 15 49
758 16 756
760 18 759
762 423 760
764 513 762
766 20 755
768 765 766
770 749 768
772 23 745
774 771 772
776 5 18
778 461 777
780 57 279
782 5 781
784 538 777
786 779 785
788 783 786
790 302 788
792 389 536
794 121 793
796 2 126
798 105 167
800 4 16
802 797 800
804 798 802
806 26 401
808 805 806
810 795 808
812 8 791
814 811 812
816 775 814
818 7 737
820 817 818
822 667 821
824 2 313
826 15 824
828 295 827
830 16 829
832 2 204
834 13 278
836 833 834
838 831 837
840 4 839
842 10 106
844 551 647
846 16 845
848 843 846
850 5 399
852 849 850
854 3 17
856 531 854
858 852 857
860 308 859
862 841 860
864 236 444
866 106 865
868 575 867
870 4 869
872 236 551
874 57 872
876 5 211
878 874 876
880 871 879
882 28 881
884 2 17
886 142 884
888 5 887
890 3 86
892 888 891
894 3 128
896 16 894
898 892 897
900 85 885
902 637 901
904 3 16
906 32 904
908 18 907
910 903 908
912 777 911
914 899 913
916 14 77
918 3 916
920 181 509
922 919 920
924 16 923
926 17 170
928 48 926
930 5 929
932 925 930
934 13 472
936 59 397
938 929 936
940 831 938
942 935 940
944 4 943
946 19 933
948 945 946
950 20 915
952 949 950
954 5 17
956 3 169
958 689 957
960 954 959
962 5 842
964 19 963
966 961 964
968 16 129
970 905 969
972 247 551
974 971 972
976 179 776
978 691 976
980 975 978
982 17 689
984 471 982
986 4 31
988 247 986
990 43 989
992 18 991
994 985 992
996 967 981
998 995 996
1000 57 884
1002 165 395
1004 1001 1002
1006 120 1005
1008 21 1007
1010 999 1008
1012 23 1011
1014 953 1012
1016 8 883
1018 863 1016
1020 1015 1018
1022 106 169
1024 2 1022
1026 923 968
1028 927 1025
1030 1027 1028
1032 72 1030
1034 77 832
1036 247 1035
1038 17 1037
1040 5 1039
1042 2 916
1044 4 1043
1046 133 179
1048 1044 1046
1050 18 1049
1052 1041 1050
1054 2 77
1056 921 1054
1058 919 1057
1060 16 1059
1062 17 865
1064 173 1062
1066 1061 1065
1068 120 221
1070 276 800
1072 1068 1071
1074 1066 1072
1076 40 1033
1078 1053 1076
1080 1075 1078
1082 16 956
1084 5 1083
1086 273 1084
1088 19 1086
1090 5 867
1092 2 143
1094 312 1092
1096 873 1095
1098 17 1096
1100 1090 1099
1102 17 874
1104 528 548
1106 1103 1105
1108 13 170
1110 164 1108
1112 459 1111
1114 4 1112
1116 1106 1114
1118 18 1117
1120 1101 1118
1122 199 905
1124 281 1122
1126 1106 1124
1128 120 1127
1130 1089 1121
1132 1129 1130
1134 26 1133
1136 109 601
1138 4 927
1140 1137 1138
1142 2 220
1144 19 1143
1146 121 1145
1148 1141 1147
1150 3 300
1152 5 1151
1154 300 1152
1156 3 36
1158 2 332
1160 4 1158
1162 18 1161
1164 145 1157
1166 1155 1164
1168 1162 1166
1170 1149 1169
1172 222 1171
1174 9 1081
1176 1173 1174
1178 1135 1176
1180 7 1021
1182 1179 1180
1184 2 6
1186 226 1184
1188 25 1187
1190 3 232
1192 5 301
1194 1111 1191
1196 1192 1194
1198 865 1196
1200 117 457
1202 4 833
1204 1201 1202
1206 779 1205
1208 1199 1206
1210 171 295
1212 529 1211
1214 445 1212
1216 827 1215
1218 800 1217
1220 595 904
1222 84 1108
1224 5 1223
1226 1221 1224
1228 19 1227
1230 1219 1228
1232 26 1209
1234 1231 1232
1236 3 447
1238 689 1237
1240 16 1239
1242 314 408
1244 5 1243
1246 1241 1244
1248 243 991
1250 1200 1248
1252 18 1251
1254 1247 1252
1256 12 968
1258 5 1257
1260 825 1062
1262 1258 1261
1264 510 884
1266 199 244
1268 1265 1266
1270 19 1263
1272 1269 1270
1274 222 1255
1276 1273 1274
1278 540 685
1280 579 1279
1282 4 1281
1284 5 907
1286 312 926
1288 1284 1287
1290 19 1289
1292 1283 1290
1294 204 904
1296 5 1295
1298 15 237
1300 1023 1298
1302 1296 1301
1304 239 1302
1306 3 530
1308 284 1307
1310 31 757
1312 2 82
1314 17 1313
1316 1311 1314
1318 18 1317
1320 1309 1318
1322 777 1321
1324 1305 1323
1326 40 1293
1328 1325 1326
1330 9 1235
1332 1277 1329
1334 1330 1332
1336 1189 1335
1338 1183 1337
1340 106 313
1342 49 170
1344 686 1343
1346 917 1344
1348 2 394
1350 4 1341
1352 1349 1350
1354 1347 1352
1356 5 1103
1358 28 1357
1360 1355 1358
1362 105 688
1364 686 1363
1366 143 956
1368 1364 1367
1370 5 209
1372 1221 1370
1374 1369 1372
1376 2 268
1378 278 1377
1380 1237 1378
1382 534 1054
1384 4 1381
1386 1383 1384
1388 308 1375
1390 1387 1388
1392 107 165
1394 445 1393
1396 905 1395
1398 529 1397
1400 605 1043
1402 49 1298
1404 1400 1403
1406 1399 1405
1408 4 1407
1410 136 1303
1412 1409 1410
1414 468 884
1416 3 82
1418 475 1417
1420 1415 1419
1422 4 1421
1424 20 1157
1426 1423 1424
1428 538 957
1430 1258 1429
1432 3 109
1434 17 1433
1436 827 1434
1438 111 196
1440 1437 1438
1442 1431 1441
1444 21 1443
1446 19 1427
1448 1445 1446
1450 481 1433
1452 313 695
1454 1314 1452
1456 1451 1455
1458 4 1457
1460 17 824
1462 1241 1461
1464 5 1463
1466 1459 1465
1468 140 1467
1470 1413 1449
1472 1469 1470
1474 23 1473
1476 1361 1391
1478 1475 1476
1480 9 1479
1482 57 238
1484 18 1483
1486 276 904
1488 268 904
1490 1487 1489
1492 927 1490
1494 19 1492
1496 1485 1495
1498 5 1497
1500 40 1499
1502 900 1392
1504 576 1502
1506 5 1505
1508 567 1507
1510 17 283
1512 1152 1511
1514 1223 1513
1516 19 1515
1518 17 696
1520 1151 1519
1522 776 1520
1524 222 1523
1526 1517 1524
1528 6 1509
1530 1527 1528
1532 1501 1530
1534 25 1533
1536 1481 1535
1538 4 1067
1540 5 927
1542 925 1540
1544 1539 1543
1546 20 1545
1548 183 983
1550 199 301
1552 1548 1550
1554 1202 1553
1556 927 1554
1558 5 221
1560 21 1559
1562 1557 1560
1564 1547 1563
1566 19 1565
1568 602 1213
1570 395 1569
1572 1044 1571
1574 342 1401
1576 1573 1575
1578 20 1577
1580 16 844
1582 117 1581
1584 5 165
1586 1583 1584
1588 692 1109
1590 4 1151
1592 1159 1589
1594 1590 1592
1596 1587 1595
1598 21 1597
1600 1579 1599
1602 18 1601
1604 23 1603
1606 1567 1604
1608 7 9
1610 19 1071
1612 1085 1610
1614 107 986
1616 687 1614
1618 3 277
1620 164 1618
1622 112 1621
1624 3 472
1626 1622 1625
1628 18 1617
1630 1627 1628
1632 1613 1631
1634 26 1633
1636 1608 1635
1638 1607 1636
1640 459 888
1642 913 1641
1644 105 282
1646 109 694
1648 1645 1647
1650 16 1649
1652 930 1651
1654 4 934
1656 1057 1417
1658 800 1657
1660 19 1659
1662 1653 1660
1664 1655 1662
1666 1643 1665
1668 20 1667
1670 1002 1548
1672 4 1671
1674 694 757
1676 17 1001
1678 179 1677
1680 1675 1679
1682 843 1681
1684 5 1683
1686 1673 1685
1688 19 1687
1690 533 982
1692 3 204
1694 986 1693
1696 43 1695
1698 1691 1697
1700 637 904
1702 360 689
1704 1701 1702
1706 18 1705
1708 1699 1706
1710 1689 1709
1712 21 1711
1714 1669 1713
1716 23 1715
1718 837 1490
1720 4 1719
1722 392 1071
1724 1721 1722
1726 237 382
1728 871 1727
1730 28 1729
1732 506 1731
1734 1725 1732
1736 1717 1734
1738 1639 1737
1740 1537 1738
1742 17 1097
1744 1112 1743
1746 5 1745
1748 16 1432
1750 143 1748
1752 313 445
1754 797 1753
1756 17 1755
1758 580 1757
1760 873 1759
1762 1751 1761
1764 4 1763
1766 1747 1765
1768 28 1767
1770 120 835
1772 1030 1770
1774 19 1159
1776 1489 1540
1778 1774 1776
1780 16 77
1782 832 1780
1784 1590 1783
1786 1039 1784
1788 549 1315
1790 895 1789
1792 1296 1349
1794 1791 1792
1796 18 1795
1798 1787 1796
1800 1773 1779
1802 1799 1800
1804 40 1803
1806 449 1618
1808 17 1806
1810 1086 1809
1812 4 1123
1814 30 647
1816 42 865
1818 1815 1816
1820 298 1818
1822 1813 1821
1824 1487 1823
1826 308 1811
1828 1825 1826
1830 239 335
1832 4 1831
1834 5 1159
1836 241 647
1838 31 1748
1840 1834 1837
1842 1839 1840
1844 18 1833
1846 1843 1844
1848 170 400
1850 1559 1849
1852 1141 1850
1854 222 1853
1856 255 1855
1858 1847 1857
1860 1608 1829
1862 1859 1860
1864 1805 1862
1866 1769 1864
1868 759 1200
1870 1774 1868
1872 74 1871
1874 5 473
1876 1419 1874
1878 40 1540
1880 1877 1878
1882 1873 1881
1884 605 1035
1886 133 904
1888 5 395
1890 1887 1888
1892 1885 1890
1894 247 538
1896 127 1895
1898 1784 1896
1900 18 1893
1902 1899 1900
1904 1883 1903
1906 800 1755
1908 17 875
1910 455 1908
1912 112 1911
1914 605 1815
1916 1213 1914
1918 4 1917
1920 1913 1919
1922 1907 1921
1924 18 1923
1926 295 1815
1928 800 1927
1930 4 1380
1932 451 1223
1934 1084 1932
1936 1929 1931
1938 1935 1936
1940 19 1939
1942 1925 1941
1944 26 1943
1946 55 72
1948 1461 1946
1950 33 602
1952 469 1950
1954 459 759
1956 1953 1954
1958 627 1956
1960 120 1959
1962 602 1648
1964 313 646
1966 16 689
1968 109 1966
1970 1965 1968
1972 330 1971
1974 1963 1972
1976 644 1834
1978 222 1949
1980 1977 1978
1982 1975 1980
1984 1961 1982
1986 24 1985
1988 1905 1986
1990 1945 1988
1992 20 907
1994 137 1993
1996 120 1493
1998 3 4
2000 529 602
2002 1998 2000
2004 646 954
2006 312 2004
2008 2003 2007
2010 1887 2008
2012 18 2011
2014 1995 1997
2016 2013 2014
2018 3 1392
2020 19 2018
2022 1225 2020
2024 5 1751
2026 239 2024
2028 143 854
2030 4 2029
2032 1749 2030
2034 18 2033
2036 2027 2034
2038 21 2023
2040 2037 2038
2042 23 2017
2044 2041 2042
2046 271 904
2048 1357 1624
2050 2047 2049
2052 28 2051
2054 1083 1809
2056 308 2055
2058 6 2057
2060 2053 2058
2062 2045 2060
2064 131 519
2066 5 2065
2068 180 800
2070 1055 2068
2072 42 508
2074 19 2073
2076 2071 2074
2078 2067 2076
2080 81 330
2082 895 1377
2084 395 776
2086 1788 2084
2088 2082 2086
2090 2081 2089
2092 2079 2090
2094 40 2093
2096 1681 2018
2098 330 2097
2100 17 649
2102 18 969
2104 2101 2102
2106 1284 2104
2108 3 42
2110 973 2108
2112 549 1584
2114 19 2113
2116 2111 2114
2118 2107 2117
2120 2099 2118
2122 222 2121
2124 295 1363
2126 919 2124
2128 17 2127
2130 1083 2129
2132 536 2130
2134 121 2133
2136 1849 2135
2138 316 1090
2140 142 800
2142 18 2141
2144 2139 2142
2146 2137 2145
2148 26 2147
2150 7 2123
2152 2149 2150
2154 2095 2152
2156 2063 2155
2158 8 2157
2160 1867 1991
2162 2159 2160
2164 40 1497
2166 26 1505
2168 222 1520
2170 2021 2168
2172 2167 2171
2174 2165 2172
2176 8 2175
2178 509 1295
2180 5 2179
2182 628 919
2184 2181 2183
2186 18 2185
2188 296 330
2190 1398 2188
2192 800 1311
2194 19 541
2196 1285 2193
2198 2194 2196
2200 2191 2199
2202 2187 2200
2204 40 2203
2206 1341 1379
2208 4 2207
2210 1228 2209
2212 17 1752
2214 133 2213
2216 330 2215
2218 18 584
2220 1909 2218
2222 2217 2221
2224 2211 2222
2226 26 2225
2228 108 196
2230 927 2228
2232 1147 2231
2234 1201 1693
2236 4 1489
2238 397 2236
2240 2235 2238
2242 1285 2241
2244 18 2243
2246 222 2233
2248 2245 2246
2250 2227 2249
2252 2205 2250
2254 9 2253
2256 6 2177
2258 2255 2256
2260 519 1419
2262 4 2261
2264 930 1027
2266 19 2265
2268 2263 2266
2270 513 855
2272 509 2271
2274 395 2273
2276 4 2275
2278 81 1295
2280 892 2278
2282 1162 2281
2284 2277 2282
2286 2269 2285
2288 40 2287
2290 19 852
2292 1809 2290
2294 1965 2000
2296 1783 2295
2298 535 2296
2300 120 2299
2302 11 176
2304 797 2302
2306 43 2305
2308 1951 2307
2310 34 410
2312 18 2311
2314 2309 2312
2316 26 2301
2318 2315 2316
2320 2293 2318
2322 691 1675
2324 17 2323
2326 776 2325
2328 975 2326
2330 738 1489
2332 330 2331
2334 1345 1395
2336 4 2335
2338 966 2337
2340 222 2333
2342 2329 2340
2344 2339 2342
2346 506 2345
2348 2321 2346
2350 2289 2348
2352 19 1513
2354 5 1222
2356 1555 2355
2358 2352 2356
2360 2024 2029
2362 35 1313
2364 969 2363
2366 18 2365
2368 1520 2366
2370 777 2369
2372 2361 2371
2374 2359 2373
2376 222 2375
2378 3 1691
2380 133 2379
2382 5 2381
2384 625 885
2386 1043 2385
2388 16 833
2390 2387 2389
2392 4 2391
2394 2383 2393
2396 18 2395
2398 3 72
2400 1340 2398
2402 121 2401
2404 596 921
2406 4 117
2408 1143 2406
2410 335 2408
2412 2405 2410
2414 2403 2413
2416 2397 2415
2418 40 2417
2420 457 1114
2422 1623 2421
2424 1103 2423
2426 696 1114
2428 2425 2427
2430 18 2429
2432 1610 2054
2434 26 2433
2436 2431 2434
2438 1608 2377
2440 2437 2438
2442 2419 2440
2444 2351 2443
2446 2259 2444
2448 227 570
2450 25 2449
2452 37 644
2454 79 512
2456 55 2455
2458 5 2457
2460 19 2229
2462 2459 2460
2464 2453 2463
2466 222 2465
2468 454 954
2470 42 1753
2472 509 1780
2474 2469 2473
2476 2471 2474
2478 28 2477
2480 72 477
2482 18 622
2484 531 800
2486 59 1888
2488 2485 2487
2490 2482 2489
2492 40 2491
2494 2481 2492
2496 539 2406
2498 273 2496
2500 308 2499
2502 591 2500
2504 9 2479
2506 2503 2504
2508 2495 2506
2510 2467 2508
2512 2451 2511
2514 927 2047
2516 746 2514
2518 5 2517
2520 73 895
2522 753 2520
2524 46 2523
2526 2519 2524
2528 3 422
2530 760 2529
2532 2273 2530
2534 40 2533
2536 2527 2534
2538 536 2355
2540 26 789
2542 2539 2540
2544 222 2109
2546 1502 2544
2548 255 2547
2550 446 846
2552 549 776
2554 239 2552
2556 2551 2554
2558 18 552
2560 2236 2558
2562 2557 2561
2564 2549 2562
2566 8 2565
2568 2543 2566
2570 2537 2568
2572 4 1136
2574 2352 2573
2576 17 1312
2578 907 2577
2580 1519 2578
2582 18 2407
2584 2581 2582
2586 222 2585
2588 2575 2586
2590 18 195
2592 625 2590
2594 1197 2592
2596 17 1807
2598 1370 2047
2600 2597 2598
2602 271 2108
2604 1610 2603
2606 2601 2604
2608 26 2595
2610 2607 2608
2612 2388 2485
2614 777 2483
2616 13 694
2618 954 2617
2620 2613 2619
2622 2615 2620
2624 1023 1770
2626 40 2401
2628 2623 2626
2630 2625 2628
2632 9 2589
2634 2611 2631
2636 2632 2634
2638 7 2637
2640 2571 2638
2642 2513 2641
2644 2 595
2646 16 2645
2648 920 1364
2650 72 2649
2652 2647 2650
2654 395 1807
2656 190 2654
2658 444 797
2660 16 585
2662 2659 2660
2664 1909 2663
2666 18 869
2668 2665 2666
2670 2653 2657
2672 2669 2670
2674 26 2673
2676 508 884
2678 907 2073
2680 2677 2678
2682 579 2680
2684 4 2683
2686 19 1877
2688 2685 2686
2690 510 776
2692 1887 2690
2694 1295 2677
2696 330 2694
2698 20 2697
2700 2693 2698
2702 2689 2700
2704 30 646
2706 1780 2705
2708 2073 2707
2710 186 2708
2712 1244 1451
2714 18 2711
2716 2713 2714
2718 643 2717
2720 23 2719
2722 2703 2720
2724 2675 2723
2726 24 2725
2728 2454 2705
2730 867 2729
2732 330 2731
2734 16 797
2736 799 2734
2738 279 776
2740 2737 2738
2742 167 919
2744 17 2743
2746 849 2745
2748 4 2747
2750 50 800
2752 2749 2751
2754 2135 2752
2756 2741 2755
2758 2733 2756
2760 26 2759
2762 757 2082
2764 2270 2762
2766 5 2765
2768 800 1692
2770 1314 2302
2772 136 2769
2774 2771 2772
2776 2767 2774
2778 81 907
2780 1953 2778
2782 330 2781
2784 1581 2326
2786 4 639
2788 1503 1558
2790 19 2789
2792 2787 2790
2794 21 2783
2796 2785 2794
2798 2793 2796
2800 2777 2799
2802 23 2801
2804 73 1775
2806 40 935
2808 2805 2806
2810 2519 2808
2812 2761 2811
2814 2803 2812
2816 506 2815
2818 19 1808
2820 121 2819
2822 1822 2821
2824 1112 2188
2826 1106 2824
2828 2823 2827
2830 21 2829
2832 22 2831
2834 59 1068
2836 1341 2834
2838 1093 1307
2840 2734 2839
2842 4 1693
2844 594 2842
2846 801 2845
2848 2841 2847
2850 18 1297
2852 2849 2850
2854 20 2837
2856 2853 2854
2858 311 855
2860 1210 2859
2862 1489 2861
2864 330 2863
2866 1068 1137
2868 344 2004
2870 222 2869
2872 2867 2870
2874 2865 2872
2876 1608 2875
2878 2857 2876
2880 2833 2878
2882 2727 2881
2884 2817 2882
2886 2181 2694
2888 136 2887
2890 233 907
2892 18 2891
2894 21 2893
2896 1994 2895
2898 2889 2897
2900 23 2899
2902 1372 2649
2904 189 209
2906 1807 2904
2908 308 2903
2910 2907 2908
2912 28 2664
2914 2901 2913
2916 2911 2914
2918 9 2917
2920 6 2919
2922 254 2681
2924 356 1999
2926 79 2082
2928 34 2927
2930 891 2769
2932 2929 2930
2934 18 2933
2936 2925 2935
2938 40 2937
2940 2129 2290
2942 695 2859
2944 1111 2943
2946 4 2945
2948 383 2312
2950 2947 2948
2952 120 2746
2954 26 2953
2956 2941 2954
2958 2951 2956
2960 8 2923
2962 2939 2960
2964 2959 2962
2966 254 2364
2968 18 2659
2970 1193 2968
2972 2943 2970
2974 4 277
2976 284 2974
2978 1821 2977
2980 2821 2978
2982 26 2973
2984 2981 2982
2986 16 2839
2988 4 1788
2990 2987 2988
2992 17 917
2994 1890 2993
2996 18 2991
2998 2995 2996
3000 343 877
3002 2805 3000
3004 40 3003
3006 2999 3004
3008 1608 2967
3010 2985 3008
3012 3007 3010
3014 2965 3013
3016 2921 3014
i0 p0p0eq0time0f1dzero1b
i1 p0b0btn2start2stop
i2 p0b0btn2sec
i3 p0b0btn2min
l0 l0
l1 l1
l2 l2
l3 l3
l4 l4
l5 l5
l6 l6
o0 u0time0f1dcountup0time0dt1b
o1 u0time0f1dcountdown0time0dt1b
o2 u0time0f1dinc2seconds0time1b
o3 u0time0f1dinc2minutes0time1b
o4 u0time0f1dzero1b
o5 u0time0time
