UNREALIZABLE
aag 201 9 5 9 187
2
4
6
8
10
12
14
16
18
20 245
22 315
24 367
26 395
28 402
31
31
43
31
31
73
94
0
86
30 26 28
32 25 29
34 23 32
36 20 34
38 27 37
40 26 29
42 39 41
44 25 28
46 38 45
48 22 29
50 21 48
52 23 28
54 33 53
56 49 54
58 22 32
60 53 59
62 57 60
64 51 63
66 21 24
68 26 67
70 65 68
72 47 71
74 27 63
76 35 40
78 20 49
80 21 57
82 79 81
84 76 83
86 58 84
88 76 87
90 75 89
92 73 91
94 43 93
96 9 12
98 38 57
100 33 83
102 76 101
104 99 103
106 96 105
108 8 13
110 43 108
112 107 111
114 11 113
116 9 10
118 13 116
120 43 118
122 27 36
124 12 31
126 123 125
128 87 126
130 8 129
132 12 123
134 9 31
136 133 134
138 11 137
140 131 138
142 121 141
144 21 27
146 40 67
148 37 146
150 145 149
152 105 151
154 108 151
156 43 155
158 153 156
160 121 159
162 143 161
164 9 107
166 162 164
168 115 167
170 5 7
172 2 170
174 169 172
176 15 16
178 174 176
180 5 6
182 169 180
184 4 7
186 143 184
188 183 187
190 14 17
192 3 190
194 189 192
196 19 31
198 179 196
200 195 198
202 15 17
204 30 203
206 114 184
208 188 207
210 151 209
212 3 31
214 211 212
216 30 171
218 140 150
220 11 219
222 120 150
224 10 31
226 223 224
228 170 227
230 221 228
232 2 217
234 231 232
236 202 235
238 215 236
240 18 205
242 239 240
244 201 243
246 114 190
248 166 176
250 247 249
252 19 251
254 18 202
256 37 49
258 26 96
260 257 258
262 27 54
264 145 263
266 96 265
268 83 266
270 155 261
272 269 270
274 11 273
276 223 275
278 254 277
280 253 279
282 172 281
284 90 110
286 60 265
288 85 287
290 96 289
292 285 291
294 11 293
296 91 118
298 295 297
300 180 299
302 207 301
304 177 191
306 19 305
308 255 307
310 3 309
312 303 310
314 283 313
316 162 172
318 166 184
320 115 298
322 73 180
324 321 322
326 319 325
328 3 327
330 317 329
332 254 331
334 166 172
336 73 130
338 206 336
340 108 144
342 259 341
344 34 343
346 324 345
348 319 339
350 347 348
352 3 351
354 335 353
356 190 355
358 176 328
360 179 359
362 357 360
364 19 363
366 333 365
368 90 182
370 347 368
372 339 371
374 3 373
376 175 375
378 190 377
380 3 115
382 370 380
384 175 383
386 176 385
388 379 387
390 19 389
392 254 385
394 391 393
396 119 141
398 180 310
400 91 398
402 397 400
i0 u0counter0f1dinc0counter1b
i1 u0counter0f1ddec0counter1b
i2 u0counter0counter
i3 u0button2up0f1denable1b
i4 u0button2up0f1ddisable1b
i5 u0button2up0button2up
i6 u0button2down0f1denable1b
i7 u0button2down0f1ddisable1b
i8 u0button2down0button2down
l0 l0
l1 l1
l2 l2
l3 l3
l4 l4
o0 p0p0in2range0f1dinc0f1dinc0counter1b1b
o1 p0p0in2range0f1dinc0f1ddec0counter1b1b
o2 p0p0in2range0f1dinc0counter1b
o3 p0p0in2range0f1ddec0f1dinc0counter1b1b
o4 p0p0in2range0f1ddec0f1ddec0counter1b1b
o5 p0p0in2range0f1ddec0counter1b
o6 p0p0in2range0counter
o7 p0p0button2pressed0up
o8 p0p0button2pressed0down
