REALIZABLE
aag 70 5 3 3 62
2
4
6
8
10
12 123
14 126
16 141
92
110
106
18 8 14
20 11 19
22 17 20
24 2 10
26 12 15
28 3 9
30 14 28
32 11 27
34 31 32
36 9 26
38 10 37
40 17 25
42 35 40
44 39 42
46 9 13
48 11 16
50 46 48
52 5 51
54 45 52
56 22 54
58 12 14
60 16 58
62 16 59
64 51 62
66 20 31
68 17 67
70 3 46
72 67 70
74 69 73
76 65 74
78 19 25
80 37 78
82 17 81
84 76 83
86 4 61
88 84 86
90 57 89
92 7 91
94 22 36
96 5 7
98 95 97
100 5 6
102 7 55
104 101 103
106 99 105
108 61 107
110 93 108
112 85 100
114 7 51
116 73 114
118 5 117
120 61 119
122 113 121
124 80 96
126 75 124
128 5 62
130 4 77
132 83 129
134 131 132
136 7 135
138 6 61
140 137 139
i0 p0p0resume2app0sys
i1 p0p0play2button0sys
i2 p0p0pause2button0sys
i3 p0p0music2playing0mp
i4 p0p0leave2app0sys
l0 l0
l1 l1
l2 l2
o0 u0ctrl0f1dplay0tr0f1dtrack2pos0mp1b1b
o1 u0ctrl0f1dpause0mp1b
o2 u0ctrl0ctrl
