there are 3 subformulas
trying to create strategy directly for G(u0time0f1dzero1b <-> (p0b0btn2min & p0b0btn2sec)) & G(Xu0time0f1dinc2minutes0time1b <-> (!p0b0btn2min & !(u0time0f1dcountdown0time0dt1b | u0time0f1dcountup0time0dt1b) & Xp0b0btn2min & X!p0b0btn2sec)) & G(Xu0time0f1dinc2seconds0time1b <-> (!p0b0btn2sec & !(u0time0f1dcountdown0time0dt1b | u0time0f1dcountup0time0dt1b) & Xp0b0btn2sec & X!p0b0btn2min)) & G(p0p0eq0time0f1dzero1b -> ((((!p0b0btn2start2stop & u0time0time & Xp0b0btn2start2stop & !(!p0b0btn2min & Xp0b0btn2min) & !(!p0b0btn2sec & Xp0b0btn2sec)) -> X(((u0time0f1dcountup0time0dt1b & !((!p0b0btn2min & Xp0b0btn2min) | (!p0b0btn2sec & Xp0b0btn2sec) | (!p0b0btn2start2stop & Xp0b0btn2start2stop))) U ((p0b0btn2min & p0b0btn2sec) | (u0time0f1dcountup0time0dt1b & ((!p0b0btn2min & Xp0b0btn2min) | (!p0b0btn2sec & Xp0b0btn2sec) | (!p0b0btn2start2stop & Xp0b0btn2start2stop))))) | G(u0time0f1dcountup0time0dt1b & !((!p0b0btn2min & Xp0b0btn2min) | (!p0b0btn2sec & Xp0b0btn2sec) | (!p0b0btn2start2stop & Xp0b0btn2start2stop))))) U (u0time0f1dinc2minutes0time1b | u0time0f1dinc2seconds0time1b)) | G((!p0b0btn2start2stop & u0time0time & Xp0b0btn2start2stop & !(!p0b0btn2min & Xp0b0btn2min) & !(!p0b0btn2sec & Xp0b0btn2sec)) -> X(((u0time0f1dcountup0time0dt1b & !((!p0b0btn2min & Xp0b0btn2min) | (!p0b0btn2sec & Xp0b0btn2sec) | (!p0b0btn2start2stop & Xp0b0btn2start2stop))) U ((p0b0btn2min & p0b0btn2sec) | (u0time0f1dcountup0time0dt1b & ((!p0b0btn2min & Xp0b0btn2min) | (!p0b0btn2sec & Xp0b0btn2sec) | (!p0b0btn2start2stop & Xp0b0btn2start2stop))))) | G(u0time0f1dcountup0time0dt1b & !((!p0b0btn2min & Xp0b0btn2min) | (!p0b0btn2sec & Xp0b0btn2sec) | (!p0b0btn2start2stop & Xp0b0btn2start2stop))))))) & G((u0time0f1dinc2minutes0time1b | u0time0f1dinc2seconds0time1b) -> ((((!p0b0btn2start2stop & !(u0time0f1dcountdown0time0dt1b | u0time0f1dcountup0time0dt1b) & Xp0b0btn2start2stop & !(!p0b0btn2min & Xp0b0btn2min) & !(!p0b0btn2sec & Xp0b0btn2sec)) -> X(((u0time0f1dcountdown0time0dt1b & !((!p0b0btn2min & Xp0b0btn2min) | (!p0b0btn2sec & Xp0b0btn2sec) | (!p0b0btn2start2stop & Xp0b0btn2start2stop))) U ((p0b0btn2min & p0b0btn2sec) | (u0time0f1dcountdown0time0dt1b & ((!p0b0btn2min & Xp0b0btn2min) | (!p0b0btn2sec & Xp0b0btn2sec) | (!p0b0btn2start2stop & Xp0b0btn2start2stop))))) | G(u0time0f1dcountdown0time0dt1b & !((!p0b0btn2min & Xp0b0btn2min) | (!p0b0btn2sec & Xp0b0btn2sec) | (!p0b0btn2start2stop & Xp0b0btn2start2stop))))) U Xp0p0eq0time0f1dzero1b) | G((!p0b0btn2start2stop & !(u0time0f1dcountdown0time0dt1b | u0time0f1dcountup0time0dt1b) & Xp0b0btn2start2stop & !(!p0b0btn2min & Xp0b0btn2min) & !(!p0b0btn2sec & Xp0b0btn2sec)) -> X(((u0time0f1dcountdown0time0dt1b & !((!p0b0btn2min & Xp0b0btn2min) | (!p0b0btn2sec & Xp0b0btn2sec) | (!p0b0btn2start2stop & Xp0b0btn2start2stop))) U ((p0b0btn2min & p0b0btn2sec) | (u0time0f1dcountdown0time0dt1b & ((!p0b0btn2min & Xp0b0btn2min) | (!p0b0btn2sec & Xp0b0btn2sec) | (!p0b0btn2start2stop & Xp0b0btn2start2stop))))) | G(u0time0f1dcountdown0time0dt1b & !((!p0b0btn2min & Xp0b0btn2min) | (!p0b0btn2sec & Xp0b0btn2sec) | (!p0b0btn2start2stop & Xp0b0btn2start2stop))))))) & G((!(u0time0f1dcountdown0time0dt1b | u0time0f1dcountup0time0dt1b) & ((!p0b0btn2min & !p0b0btn2start2stop & Xp0b0btn2min & X!p0b0btn2sec & Xp0b0btn2start2stop & XX!p0b0btn2sec) | (!p0b0btn2sec & !p0b0btn2start2stop & Xp0b0btn2sec & X!p0b0btn2min & Xp0b0btn2start2stop & XX!p0b0btn2min))) -> XX(((u0time0f1dcountdown0time0dt1b & !((!p0b0btn2min & Xp0b0btn2min) | (!p0b0btn2sec & Xp0b0btn2sec) | (!p0b0btn2start2stop & Xp0b0btn2start2stop))) U ((p0b0btn2min & p0b0btn2sec) | (u0time0f1dcountdown0time0dt1b & ((!p0b0btn2min & Xp0b0btn2min) | (!p0b0btn2sec & Xp0b0btn2sec) | (!p0b0btn2start2stop & Xp0b0btn2start2stop))))) | G(u0time0f1dcountdown0time0dt1b & !((!p0b0btn2min & Xp0b0btn2min) | (!p0b0btn2sec & Xp0b0btn2sec) | (!p0b0btn2start2stop & Xp0b0btn2start2stop))))) & G(((u0time0f1dcountdown0time0dt1b | u0time0f1dcountup0time0dt1b) & ((!p0b0btn2min & Xp0b0btn2min) | (!p0b0btn2sec & Xp0b0btn2sec) | (!p0b0btn2start2stop & Xp0b0btn2start2stop)) & X!(p0b0btn2min & p0b0btn2sec)) -> X(((u0time0time & !((!p0b0btn2min & Xp0b0btn2min) | (!p0b0btn2sec & Xp0b0btn2sec) | (!p0b0btn2start2stop & Xp0b0btn2start2stop))) U ((p0b0btn2min & p0b0btn2sec) | (u0time0time & ((!p0b0btn2min & Xp0b0btn2min) | (!p0b0btn2sec & Xp0b0btn2sec) | (!p0b0btn2start2stop & Xp0b0btn2start2stop))))) | G(u0time0time & !((!p0b0btn2min & Xp0b0btn2min) | (!p0b0btn2sec & Xp0b0btn2sec) | (!p0b0btn2start2stop & Xp0b0btn2start2stop))))) & G((X!(u0time0f1dcountdown0time0dt1b | u0time0f1dcountup0time0dt1b) & XX(u0time0f1dcountdown0time0dt1b | u0time0f1dcountup0time0dt1b)) -> ((!p0b0btn2min & !p0b0btn2start2stop & Xp0b0btn2min & X!p0b0btn2sec & Xp0b0btn2start2stop & XX!p0b0btn2sec) | (!p0b0btn2sec & !p0b0btn2start2stop & Xp0b0btn2sec & X!p0b0btn2min & Xp0b0btn2start2stop & XX!p0b0btn2min) | X(!p0b0btn2start2stop & Xp0b0btn2start2stop & !(!p0b0btn2min & Xp0b0btn2min) & !(!p0b0btn2sec & Xp0b0btn2sec)))) & G!((!((!u0time0f1dinc2seconds0time1b & !((u0time0f1dcountup0time0dt1b & !u0time0f1dzero1b) <-> (!u0time0f1dcountup0time0dt1b & u0time0f1dzero1b))) <-> (u0time0f1dinc2seconds0time1b & !(u0time0f1dcountup0time0dt1b | u0time0f1dzero1b))) & !(u0time0f1dcountdown0time0dt1b | u0time0f1dinc2minutes0time1b | u0time0time)) <-> (!((!u0time0f1dinc2minutes0time1b & !((u0time0f1dcountdown0time0dt1b & !u0time0time) <-> (!u0time0f1dcountdown0time0dt1b & u0time0time))) <-> (u0time0f1dinc2minutes0time1b & !(u0time0f1dcountdown0time0dt1b | u0time0time))) & !(u0time0f1dcountup0time0dt1b | u0time0f1dinc2seconds0time1b | u0time0f1dzero1b)))
direct strategy might exist but was not found.
translating formula done in 0.276971 seconds
automaton has 83 states and 1 colors
split inputs and outputs done in 0.00140645 seconds
automaton has 199 states
determinization done
DPA has 199 states, 1 colors
simplification done
DPA has 163 states
determinization and simplification took 0.000595093 seconds
solving game with acceptance: Büchi
game solved in 0.000194722 seconds
simplification took 0.00105245 seconds
trying to create strategy directly for Gu0dsp0f1ddisplay0time1b & G!((!u0dsp0dsp & u0dsp0f1ddisplay0time1b) <-> (u0dsp0dsp & !u0dsp0f1ddisplay0time1b))
direct strategy was found.
direct strat has 1 states, 1 edges and 0 colors
simplification took 3.0886e-05 seconds
trying to create strategy directly for G!(u0beep0p1dbf1b <-> u0beep0p1dbt1b) & G!((!u0beep0p1dbt1b & !((u0beep0beep & !u0beep0p1dbf1b) <-> (!u0beep0beep & u0beep0p1dbf1b))) <-> (u0beep0p1dbt1b & !(u0beep0beep | u0beep0p1dbf1b)))
direct strategy was found.
direct strat has 1 states, 1 edges and 0 colors
simplification took 2.6106e-05 seconds
AIG circuit was created in 0.00255427 seconds and has 6 latches and 995 gates

real	0m0.302s
user	0m0.270s
sys	0m0.029s
