REALIZABLE
aag 44 3 3 25 38
2
4
6
8 75
10 89
12 62
23
26
28
35
28
38
43
40
46
50
51
52
27
29
47
53
0
22
59
63
1
0
6
7
0
14 10 12
16 8 14
18 2 16
20 3 14
22 21 19
24 11 12
26 8 24
28 9 24
30 11 13
32 9 30
34 33 17
36 10 13
38 8 36
40 9 14
42 41 27
44 31 15
46 8 45
48 9 10
50 4 48
52 4 46
54 8 15
56 9 44
58 57 55
60 9 13
62 61 47
64 8 44
66 9 31
68 67 47
70 4 69
72 5 65
74 73 71
76 8 37
78 41 77
80 9 45
82 81 77
84 4 83
86 5 79
88 87 85
i0 p0eqz0waitcounter
i1 p0eq0coordx0f1ddec0f1dsizex1b1b
i2 p0on0write
o0 u0color0ramout
o1 u0color240ramout
o2 u0color250ramout
o3 u0extclock0f1dlow1b
o4 u0rampos0f1drampos240coordx0f1dinc2y0coordy1b1b
o5 u0rampos0f1drampos250coordx0f1dinc2y0coordy1b1b
o6 u0rampos0f1drampos2r0xcoordinate0ycoordinate1b
o7 u0extclock0f1dhigh1b
o8 u0coordx0f1dinc2x0coordx1b
o9 u0buffer2pin0f1dhigh1b
o10 u0buffer2pin0f1dlow1b
o11 u0coordy0f1dinc2y0coordy1b
o12 u0color240color24
o13 u0color250color25
o14 u0coordx0coordx
o15 u0coordy0coordy
o16 u0buffer2pin0buffer2pin
o17 u0color0color
o18 u0extclock0extclock
o19 u0rampos0rampos
o20 u0driver2pin0f1dlow1b
o21 u0driver2pin0driver2pin
o22 u0ramwrite0f1dwriteram0writecolor0xcoordinate0ycoordinate1b
o23 u0ramwrite0f1dwriteramnone1b
o24 u0ramwrite0ramwrite
