REALIZABLE
aag 65 4 3 1 58
2
4
6
8
10 71
12 101
14 131
30
16 15 3
18 4 6
20 3 19
22 15 20
24 12 22
26 13 16
28 27 25
30 11 29
32 3 8
34 14 32
36 15 2
38 37 35
40 6 9
42 4 40
44 3 42
46 15 44
48 12 46
50 13 39
52 51 49
54 3 9
56 14 54
58 15 54
60 12 58
62 13 56
64 63 61
66 10 65
68 11 53
70 69 67
72 14 2
74 43 3
76 14 33
78 15 75
80 79 77
82 12 81
84 13 72
86 85 83
88 15 33
90 12 88
92 13 57
94 93 91
96 10 95
98 11 87
100 99 97
102 6 8
104 4 102
106 105 3
108 15 107
110 109 77
112 12 111
114 13 14
116 115 113
118 15 55
120 12 118
122 13 17
124 123 121
126 10 125
128 11 117
130 129 127
i0 decide
i1 burst4
i2 locked
i3 hready
o0 ready2
