REALIZABLE
aag 899 4 10 4 885
2
4
6
8
10 491
12 533
14 567
16 587
18 865
20 1053
22 1237
24 1495
26 1635
28 1799
64
101
267
439
30 14 17
32 12 30
34 15 17
36 12 34
38 13 30
40 39 37
42 10 41
44 11 32
46 45 43
48 15 16
50 49 31
52 12 51
54 11 52
56 55 43
58 4 57
60 5 47
62 61 59
64 2 63
66 13 48
68 67 33
70 10 69
72 10 32
74 11 41
76 75 73
78 4 77
80 5 70
82 81 79
84 12 48
86 39 85
88 11 87
90 89 71
92 5 91
94 93 79
96 2 95
98 3 83
100 99 97
102 27 29
104 24 102
106 22 104
108 20 104
110 21 106
112 111 109
114 24 29
116 22 114
118 20 116
120 21 104
122 121 119
124 18 123
126 19 113
128 127 125
130 27 28
132 25 130
134 133 105
136 22 135
138 23 104
140 139 137
142 20 138
144 21 141
146 145 143
148 26 29
150 24 148
152 22 150
154 23 135
156 155 153
158 20 157
160 121 159
162 18 161
164 19 147
166 165 163
168 8 167
170 9 129
172 171 169
174 25 148
176 23 174
178 177 137
180 20 179
182 21 176
184 183 181
186 20 106
188 121 187
190 18 189
192 19 185
194 193 191
196 177 107
198 21 197
200 199 181
202 121 143
204 18 203
206 19 201
208 207 205
210 8 209
212 9 195
214 213 211
216 6 215
218 7 173
220 219 217
222 175 105
224 23 223
226 225 107
228 133 115
230 22 229
232 23 132
234 233 231
236 20 235
238 21 227
240 239 237
242 18 241
244 19 104
246 245 243
248 9 247
250 249 169
252 7 251
254 253 217
256 4 255
258 5 221
260 259 257
262 2 255
264 3 261
266 265 263
268 25 102
270 22 268
272 24 130
274 269 273
276 22 174
278 23 275
280 279 277
282 20 281
284 21 270
286 285 283
288 23 268
290 289 277
292 20 291
294 21 268
296 295 293
298 18 297
300 19 287
302 301 299
304 269 151
306 22 305
308 279 307
310 20 309
312 21 152
314 313 311
316 25 29
318 22 316
320 20 318
322 285 321
324 18 323
326 19 315
328 327 325
330 8 329
332 9 303
334 333 331
336 23 150
338 337 271
340 20 276
342 21 339
344 343 341
346 131 149
348 24 347
350 23 348
352 351 277
354 21 353
356 355 293
358 18 357
360 19 345
362 361 359
364 20 306
366 313 365
368 23 272
370 369 271
372 21 371
374 373 321
376 18 375
378 19 367
380 379 377
382 8 381
384 9 363
386 385 383
388 6 387
390 7 335
392 391 389
394 133 151
396 23 395
398 397 271
400 21 399
402 401 283
404 317 151
406 22 405
408 289 407
410 21 409
412 411 293
414 18 413
416 19 403
418 417 415
420 9 419
422 421 331
424 7 423
426 425 389
428 4 427
430 5 393
432 431 429
434 2 427
436 3 433
438 437 435
440 14 16
442 12 17
444 13 441
446 445 443
448 10 447
450 11 441
452 451 449
454 445 53
456 13 51
458 457 33
460 10 459
462 11 455
464 463 461
466 4 465
468 5 453
470 469 467
472 13 34
474 473 53
476 10 30
478 11 475
480 479 477
482 4 481
484 469 483
486 2 485
488 3 471
490 489 487
492 11 36
494 493 71
496 473 33
498 10 497
500 11 472
502 501 499
504 4 503
506 5 495
508 507 505
510 67 37
512 13 17
514 10 512
516 11 511
518 517 515
520 457 37
522 4 521
524 5 519
526 525 523
528 2 527
530 3 509
532 531 529
534 10 442
536 501 535
538 4 537
540 507 539
542 12 15
544 39 543
546 11 545
548 547 461
550 513 33
552 10 551
554 75 553
556 4 555
558 5 549
560 559 557
562 2 561
564 3 541
566 565 563
568 10 66
570 517 569
572 4 571
574 67 53
576 11 575
578 577 569
580 4 579
582 2 580
584 3 572
586 585 583
588 317 105
590 22 589
592 23 102
594 593 591
596 177 307
598 20 597
600 21 595
602 601 599
604 26 28
606 25 605
608 607 115
610 22 609
612 23 605
614 613 611
616 25 347
618 617 115
620 617 105
622 22 621
624 23 619
626 625 623
628 20 627
630 21 615
632 631 629
634 18 633
636 19 603
638 637 635
640 133 349
642 23 641
644 643 117
646 233 407
648 20 647
650 21 645
652 651 649
654 24 605
656 133 655
658 175 115
660 22 659
662 23 657
664 663 661
666 139 277
668 20 667
670 21 665
672 671 669
674 18 673
676 19 653
678 677 675
680 8 679
682 9 639
684 683 681
686 25 27
688 687 655
690 23 689
692 691 611
694 23 229
696 695 611
698 20 697
700 21 693
702 701 699
704 23 659
706 705 611
708 687 105
710 22 709
712 625 711
714 20 713
716 21 707
718 717 715
720 18 719
722 19 703
724 723 721
726 225 231
728 687 115
730 22 729
732 225 731
734 20 733
736 21 727
738 737 735
740 22 102
742 139 741
744 155 271
746 20 745
748 21 743
750 749 747
752 18 751
754 19 739
756 755 753
758 8 757
760 9 725
762 761 759
764 6 763
766 7 685
768 767 765
770 289 591
772 20 371
774 21 771
776 775 773
778 691 741
780 20 223
782 21 779
784 783 781
786 18 785
788 19 777
790 789 787
792 23 130
794 793 319
796 20 795
798 21 396
800 799 797
802 22 619
804 663 803
806 21 805
808 807 669
810 18 809
812 19 801
814 813 811
816 8 815
818 9 791
820 819 817
822 607 151
824 22 823
826 625 825
828 20 827
830 631 829
832 625 611
834 21 833
836 835 715
838 18 837
840 19 831
842 841 839
844 9 843
846 845 759
848 6 847
850 7 821
852 851 849
854 4 853
856 5 769
858 857 855
860 2 853
862 3 859
864 863 861
866 22 29
868 177 867
870 613 623
872 20 871
874 21 869
876 875 873
878 23 609
880 879 803
882 20 881
884 121 883
886 18 885
888 19 877
890 889 887
892 18 881
894 19 615
896 895 893
898 8 897
900 9 891
902 901 899
904 289 319
906 269 349
908 23 907
910 20 908
912 21 905
914 913 911
916 24 27
918 23 916
920 919 117
922 23 29
924 923 661
926 20 925
928 21 921
930 929 927
932 18 931
934 19 915
936 935 933
938 607 105
940 22 939
942 613 941
944 613 591
946 20 945
948 21 943
950 949 947
952 613 803
954 21 953
956 955 883
958 18 957
960 19 951
962 961 959
964 8 963
966 9 937
968 967 965
970 6 969
972 7 903
974 973 971
976 23 823
978 977 231
980 20 979
982 875 981
984 145 927
986 18 985
988 19 983
990 989 987
992 22 606
994 613 993
996 923 941
998 20 997
1000 21 995
1002 1001 999
1004 879 867
1006 21 1005
1008 1007 883
1010 18 1009
1012 19 1003
1014 1013 1011
1016 8 1015
1018 9 991
1020 1019 1017
1022 909 107
1024 20 1023
1026 913 1025
1028 19 1027
1030 1029 933
1032 9 1031
1034 1033 965
1036 6 1035
1038 7 1021
1040 1039 1037
1042 4 1041
1044 5 975
1046 1045 1043
1048 2 1041
1050 3 1047
1052 1051 1049
1054 20 866
1056 285 1055
1058 289 825
1060 23 686
1062 1061 825
1064 20 1063
1066 21 1059
1068 1067 1065
1070 18 1069
1072 19 1057
1074 1073 1071
1076 22 132
1078 663 1077
1080 155 277
1082 20 1081
1084 21 1079
1086 1085 1083
1088 22 148
1090 397 1089
1092 21 1091
1094 1093 649
1096 18 1095
1098 19 1087
1100 1099 1097
1102 8 1101
1104 9 1075
1106 1105 1103
1108 269 115
1110 22 1109
1112 397 1111
1114 233 867
1116 20 1115
1118 21 1113
1120 1119 1117
1122 687 151
1124 23 1123
1126 1125 825
1128 20 268
1130 21 1127
1132 1131 1129
1134 18 1133
1136 19 1121
1138 1137 1135
1140 225 137
1142 20 227
1144 21 1141
1146 1145 1143
1148 233 271
1150 20 1149
1152 18 1150
1154 19 1147
1156 1155 1153
1158 8 1157
1160 9 1139
1162 1161 1159
1164 6 1163
1166 7 1107
1168 1167 1165
1170 20 590
1172 401 1171
1174 18 409
1176 19 1173
1178 1177 1175
1180 139 1089
1182 20 1181
1184 21 229
1186 1185 1183
1188 695 661
1190 155 407
1192 20 1191
1194 21 1189
1196 1195 1193
1198 18 1197
1200 19 1187
1202 1201 1199
1204 8 1203
1206 9 1179
1208 1207 1205
1210 121 747
1212 18 1211
1214 1155 1213
1216 8 1215
1218 1161 1217
1220 6 1219
1222 7 1209
1224 1223 1221
1226 4 1225
1228 5 1169
1230 1229 1227
1232 2 1225
1234 3 1231
1236 1235 1233
1238 175 273
1240 23 1239
1242 1241 137
1244 175 349
1246 23 1245
1248 1247 623
1250 20 1249
1252 21 1243
1254 1253 1251
1256 369 661
1258 23 114
1260 1259 319
1262 20 1261
1264 21 1257
1266 1265 1263
1268 18 1267
1270 19 1255
1272 1271 1269
1274 225 993
1276 617 655
1278 23 1277
1280 1279 711
1282 20 1281
1284 21 1275
1286 1285 1283
1288 22 686
1290 369 1289
1292 977 941
1294 20 1293
1296 21 1291
1298 1297 1295
1300 18 1299
1302 19 1287
1304 1303 1301
1306 8 1305
1308 9 1273
1310 1309 1307
1312 617 917
1314 23 1313
1316 1315 231
1318 607 917
1320 22 395
1322 23 1319
1324 1323 1321
1326 20 1325
1328 21 1317
1330 1329 1327
1332 177 731
1334 22 1123
1336 695 1335
1338 20 1337
1340 21 1333
1342 1341 1339
1344 18 1343
1346 19 1331
1348 1347 1345
1350 23 27
1352 1351 611
1354 691 1335
1356 20 1355
1358 21 1353
1360 1359 1357
1362 23 606
1364 1363 1335
1366 977 731
1368 20 1367
1370 21 1365
1372 1371 1369
1374 18 1373
1376 19 1361
1378 1377 1375
1380 8 1379
1382 9 1349
1384 1383 1381
1386 6 1385
1388 7 1311
1390 1389 1387
1392 23 347
1394 1393 137
1396 21 1395
1398 1397 1251
1400 19 1399
1402 1401 1269
1404 175 917
1406 23 1405
1408 1407 993
1410 21 1409
1412 1411 1283
1414 919 711
1416 879 941
1418 20 1417
1420 21 1415
1422 1421 1419
1424 18 1423
1426 19 1413
1428 1427 1425
1430 8 1429
1432 9 1403
1434 1433 1431
1436 613 1321
1438 20 1437
1440 1329 1439
1442 23 616
1444 1443 731
1446 21 1445
1448 1447 1339
1450 18 1449
1452 19 1441
1454 1453 1451
1456 23 939
1458 1457 731
1460 879 731
1462 20 1461
1464 21 1459
1466 1465 1463
1468 18 1467
1470 1377 1469
1472 8 1471
1474 9 1455
1476 1475 1473
1478 6 1477
1480 7 1435
1482 1481 1479
1484 4 1483
1486 5 1391
1488 1487 1485
1490 2 1483
1492 3 1489
1494 1493 1491
1496 705 277
1498 20 1497
1500 21 224
1502 1501 1499
1504 177 1089
1506 22 223
1508 23 148
1510 1509 1507
1512 20 1511
1514 21 1505
1516 1515 1513
1518 18 1517
1520 19 1503
1522 1521 1519
1524 643 107
1526 233 277
1528 20 1527
1530 21 1525
1532 1531 1529
1534 1195 669
1536 18 1535
1538 19 1533
1540 1539 1537
1542 8 1541
1544 9 1523
1546 1545 1543
1548 23 316
1550 20 197
1552 21 1548
1554 1553 1551
1556 18 1550
1558 19 1555
1560 1559 1557
1562 183 1551
1564 19 1563
1566 1565 205
1568 8 1567
1570 9 1561
1572 1571 1569
1574 6 1573
1576 7 1547
1578 1577 1575
1580 21 624
1582 1581 1499
1584 22 616
1586 397 1585
1588 20 1587
1590 1515 1589
1592 18 1591
1594 19 1583
1596 1595 1593
1598 397 107
1600 21 1599
1602 1601 341
1604 1093 341
1606 18 1605
1608 19 1603
1610 1609 1607
1612 8 1611
1614 9 1597
1616 1615 1613
1618 6 1564
1620 7 1617
1622 1621 1619
1624 4 1623
1626 5 1579
1628 1627 1625
1630 2 1623
1632 3 1629
1634 1633 1631
1636 643 1321
1638 793 1335
1640 20 1639
1642 21 1637
1644 1643 1641
1646 643 1077
1648 233 1321
1650 20 1649
1652 21 1647
1654 1653 1651
1656 18 1655
1658 19 1645
1660 1659 1657
1662 177 407
1664 1247 231
1666 20 1665
1668 21 1663
1670 1669 1667
1672 369 1077
1674 23 405
1676 1675 231
1678 20 1677
1680 21 1673
1682 1681 1679
1684 18 1683
1686 19 1671
1688 1687 1685
1690 8 1689
1692 9 1661
1694 1693 1691
1696 279 1289
1698 20 1697
1700 20 152
1702 18 1700
1704 19 1698
1706 1705 1703
1708 687 273
1710 23 1709
1712 1711 319
1714 687 349
1716 23 1715
1718 1717 1077
1720 20 1719
1722 21 1713
1724 1723 1721
1726 1363 1321
1728 21 1727
1730 1729 1679
1732 18 1731
1734 19 1725
1736 1735 1733
1738 8 1737
1740 9 1707
1742 1741 1739
1744 6 1743
1746 7 1695
1748 1747 1745
1750 369 1321
1752 21 1751
1754 1753 1641
1756 1653 1701
1758 18 1757
1760 19 1755
1762 1761 1759
1764 1241 407
1766 1393 231
1768 20 1767
1770 21 1765
1772 1771 1769
1774 19 1773
1776 1775 1685
1778 8 1777
1780 9 1763
1782 1781 1779
1784 7 1783
1786 1785 1745
1788 4 1787
1790 5 1749
1792 1791 1789
1794 2 1787
1796 3 1793
1798 1797 1795
i0 s2b_req_0
i1 s2b_req_1
i2 r2b_ack_0
i3 r2b_ack_1
o0 b2s_ack_0
o1 b2s_ack_1
o2 b2r_req_0
o3 b2r_req_1
