there are 10 subformulas
trying to create strategy directly for G(in_0 <-> out_1)
direct strategy was found.
direct strat has 1 states, 1 edges and 0 colors
simplification took 0.00011263 seconds
trying to create strategy directly for G(in_1 <-> out_2)
direct strategy was found.
direct strat has 1 states, 1 edges and 0 colors
simplification took 4.115e-05 seconds
trying to create strategy directly for G(in_2 <-> out_3)
direct strategy was found.
direct strat has 1 states, 1 edges and 0 colors
simplification took 4.2329e-05 seconds
trying to create strategy directly for G(in_3 <-> out_4)
direct strategy was found.
direct strat has 1 states, 1 edges and 0 colors
simplification took 4.0611e-05 seconds
trying to create strategy directly for G(in_4 <-> out_5)
direct strategy was found.
direct strat has 1 states, 1 edges and 0 colors
simplification took 4.2213e-05 seconds
trying to create strategy directly for G(in_5 <-> out_6)
direct strategy was found.
direct strat has 1 states, 1 edges and 0 colors
simplification took 4.4195e-05 seconds
trying to create strategy directly for G(in_6 <-> out_7)
direct strategy was found.
direct strat has 1 states, 1 edges and 0 colors
simplification took 3.8883e-05 seconds
trying to create strategy directly for G(in_7 <-> out_8)
direct strategy was found.
direct strat has 1 states, 1 edges and 0 colors
simplification took 4.1177e-05 seconds
trying to create strategy directly for G(in_8 <-> out_9)
direct strategy was found.
direct strat has 1 states, 1 edges and 0 colors
simplification took 3.7822e-05 seconds
trying to create strategy directly for G(in_9 <-> out_0)
direct strategy was found.
direct strat has 1 states, 1 edges and 0 colors
simplification took 3.9872e-05 seconds
AIG circuit was created in 0.000549042 seconds and has 0 latches and 0 gates

real	0m0.015s
user	0m0.003s
sys	0m0.012s
