REALIZABLE
aag 129 3 4 1 122
2
4
6
8 181
10 219
12 233
14 259
107
16 13 15
18 11 16
20 8 18
22 13 14
24 11 22
26 9 24
28 27 21
30 6 29
32 7 20
34 33 31
36 12 15
38 10 36
40 19 39
42 8 41
44 25 39
46 9 45
48 47 43
50 6 49
52 7 42
54 53 51
56 4 55
58 5 35
60 59 57
62 11 15
64 8 62
66 23 37
68 11 67
70 9 68
72 71 65
74 6 73
76 7 64
78 77 75
80 8 15
82 10 15
84 69 83
86 9 85
88 87 81
90 6 89
92 7 80
94 93 91
96 4 95
98 5 79
100 99 97
102 2 101
104 3 61
106 105 103
108 11 36
110 109 83
112 8 111
114 9 18
116 115 113
118 9 15
120 119 113
122 6 121
124 7 117
126 125 123
128 10 16
130 109 129
132 8 131
134 115 133
136 63 129
138 9 137
140 139 133
142 6 141
144 7 135
146 145 143
148 4 147
150 5 127
152 151 149
154 8 82
156 115 155
158 19 83
160 9 159
162 161 155
164 6 163
166 7 157
168 167 165
170 4 114
172 5 169
174 173 171
176 2 175
178 3 153
180 179 177
182 8 159
184 9 82
186 185 183
188 25 83
190 9 189
192 191 183
194 6 193
196 7 187
198 197 195
200 5 199
202 201 57
204 185 81
206 7 205
208 207 91
210 5 209
212 211 97
214 2 213
216 3 203
218 217 215
220 4 131
222 5 36
224 223 221
226 5 82
228 2 226
230 3 225
232 231 229
234 7 26
236 7 46
238 4 236
240 5 234
242 241 239
244 7 70
246 7 86
248 4 246
250 5 244
252 251 249
254 2 253
256 3 243
258 257 255
i0 finished_0
i1 finished_1
i2 finished_2
o0 allfinished
