REALIZABLE
aag 191 3 4 1 184
2
4
6
8 181
10 263
12 329
14 383
85
16 14 6
18 4 6
20 2 18
22 15 20
24 12 22
26 13 16
28 27 25
30 14 4
32 23 31
34 15 2
36 12 34
38 13 33
40 39 37
42 10 41
44 11 29
46 45 43
48 2 4
50 14 49
52 15 48
54 12 52
56 13 51
58 57 55
60 14 18
62 23 61
64 2 6
66 15 64
68 12 66
70 13 63
72 71 69
74 10 73
76 11 59
78 77 75
80 8 79
82 9 47
84 83 81
86 3 18
88 14 87
90 5 6
92 15 90
94 12 92
96 13 89
98 97 95
100 4 7
102 91 101
104 2 90
106 3 103
108 107 105
110 14 86
112 15 109
114 113 111
116 13 115
118 10 116
120 11 99
122 121 119
124 3 4
126 3 5
128 14 126
130 15 124
132 131 129
134 15 5
136 12 134
138 13 133
140 139 137
142 5 7
144 2 142
146 3 19
148 147 145
150 3 102
152 151 145
154 14 153
156 15 149
158 157 155
160 3 7
162 15 160
164 12 162
166 13 159
168 167 165
170 10 169
172 11 141
174 173 171
176 8 175
178 9 123
180 179 177
182 3 6
184 183 105
186 14 185
188 15 86
190 12 188
192 13 186
194 193 191
196 3 91
198 197 145
200 2 5
202 3 101
204 203 201
206 14 205
208 15 199
210 209 207
212 2 91
214 15 213
216 12 214
218 13 211
220 219 217
222 10 221
224 11 195
226 225 223
228 125 201
230 14 229
232 15 49
234 233 231
236 12 130
238 13 235
240 239 237
242 197 201
244 15 243
246 245 207
248 13 247
250 249 217
252 10 251
254 11 241
256 255 253
258 8 257
260 9 227
262 261 259
264 14 20
266 12 15
268 13 264
270 269 267
272 3 143
274 273 65
276 14 204
278 15 275
280 279 277
282 15 105
284 12 282
286 13 281
288 287 285
290 10 289
292 11 271
294 293 291
296 53 31
298 13 297
300 299 267
302 125 21
304 15 303
306 305 265
308 2 19
310 15 309
312 12 310
314 13 307
316 315 313
318 10 317
320 11 301
322 321 319
324 8 323
326 9 295
328 327 325
330 14 7
332 13 330
334 2 100
336 14 5
338 15 334
340 339 337
342 13 341
344 10 342
346 11 332
348 347 345
350 13 336
352 3 90
354 353 309
356 14 19
358 15 355
360 359 357
362 2 7
364 15 362
366 12 364
368 13 361
370 369 367
372 10 371
374 11 350
376 375 373
378 8 377
380 9 349
382 381 379
i0 finished_0
i1 finished_1
i2 finished_2
o0 allfinished
