REALIZABLE
aag 757 4 6 4 747
2
4
6
8
10 545
12 779
14 999
16 1165
18 1375
20 1515
85
143
211
277
22 19 21
24 16 19
26 17 22
28 27 25
30 19 20
32 16 30
34 14 32
36 15 29
38 37 35
40 14 26
42 15 24
44 43 41
46 12 45
48 13 39
50 49 47
52 13 42
54 53 47
56 10 55
58 11 51
60 59 57
62 9 61
64 6 62
66 7 61
68 67 65
70 7 62
72 4 70
74 5 69
76 75 73
78 5 70
80 2 78
82 3 77
84 83 81
86 18 21
88 16 86
90 17 86
92 14 90
94 15 88
96 95 93
98 27 89
100 14 86
102 15 99
104 103 101
106 12 105
108 13 97
110 109 107
112 95 101
114 10 113
116 11 111
118 117 115
120 9 119
122 6 120
124 7 119
126 125 123
128 7 120
130 4 128
132 5 127
134 133 131
136 5 128
138 2 136
140 3 135
142 141 139
144 17 19
146 145 89
148 14 147
150 15 90
152 151 149
154 14 30
156 12 154
158 13 153
160 159 157
162 15 26
164 163 155
166 16 22
168 17 30
170 169 167
172 14 171
174 151 173
176 12 175
178 13 165
180 179 177
182 10 181
184 11 161
186 185 183
188 9 187
190 6 188
192 7 187
194 193 191
196 7 188
198 4 196
200 5 195
202 201 199
204 5 196
206 2 204
208 3 203
210 209 207
212 17 20
214 14 166
216 15 212
218 217 215
220 31 87
222 17 221
224 15 222
226 225 215
228 12 227
230 13 219
232 231 229
234 14 22
236 225 235
238 15 144
240 239 35
242 12 241
244 13 237
246 245 243
248 10 247
250 11 233
252 251 249
254 9 253
256 6 254
258 7 253
260 259 257
262 7 254
264 4 262
266 5 261
268 267 265
270 5 262
272 2 270
274 3 269
276 275 273
278 16 221
280 17 23
282 281 279
284 18 20
286 16 285
288 91 287
290 14 289
292 15 283
294 293 291
296 17 21
298 297 25
300 14 299
302 95 301
304 12 303
306 13 295
308 307 305
310 14 222
312 151 311
314 17 285
316 14 314
318 15 30
320 319 317
322 12 321
324 13 313
326 325 323
328 10 327
330 11 309
332 331 329
334 315 279
336 16 21
338 91 337
340 14 339
342 15 335
344 343 341
346 297 167
348 14 347
350 163 349
352 12 351
354 13 345
356 355 353
358 163 317
360 297 33
362 14 361
364 43 363
366 12 365
368 13 359
370 369 367
372 10 371
374 11 357
376 375 373
378 8 377
380 9 333
382 381 379
384 17 87
386 385 25
388 14 19
390 15 387
392 391 389
394 15 21
396 395 35
398 12 397
400 13 393
402 401 399
404 297 287
406 14 405
408 15 299
410 409 407
412 315 33
414 315 167
416 14 415
418 15 413
420 419 417
422 12 421
424 13 411
426 425 423
428 10 427
430 11 403
432 431 429
434 9 433
436 6 434
438 7 383
440 439 437
442 281 89
444 15 443
446 445 291
448 169 89
450 14 285
452 15 449
454 453 451
456 12 455
458 13 447
460 459 457
462 169 279
464 15 463
466 465 149
468 12 467
470 13 222
472 471 469
474 10 473
476 11 461
478 477 475
480 9 479
482 7 480
484 4 482
486 5 441
488 487 485
490 17 18
492 491 279
494 15 493
496 91 25
498 14 497
500 15 32
502 501 499
504 12 503
506 13 494
508 507 505
510 14 168
512 95 511
514 223 33
516 14 515
518 15 171
520 519 517
522 12 521
524 13 513
526 525 523
528 10 527
530 11 509
532 531 529
534 9 533
536 7 534
538 5 536
540 2 538
542 3 489
544 543 541
546 169 337
548 15 547
550 549 511
552 14 449
554 151 553
556 12 555
558 13 551
560 559 557
562 43 173
564 14 24
566 15 497
568 567 565
570 12 569
572 13 563
574 573 571
576 10 575
578 11 561
580 579 577
582 491 337
584 14 144
586 15 583
588 587 585
590 223 287
592 14 591
594 15 168
596 595 593
598 12 597
600 13 589
602 601 599
604 14 547
606 319 605
608 15 147
610 609 605
612 12 611
614 13 607
616 615 613
618 10 617
620 11 603
622 621 619
624 8 623
626 9 581
628 627 625
630 213 337
632 15 631
634 633 585
636 15 166
638 637 35
640 12 639
642 13 635
644 643 641
646 169 287
648 14 647
650 501 649
652 169 25
654 14 653
656 15 19
658 657 655
660 12 659
662 13 651
664 663 661
666 10 665
668 11 645
670 669 667
672 9 671
674 6 672
676 7 629
678 677 675
680 315 337
682 15 681
684 683 655
686 315 89
688 91 167
690 14 689
692 15 687
694 693 691
696 12 695
698 13 685
700 699 697
702 315 25
704 15 703
706 705 417
708 27 287
710 14 709
712 15 289
714 713 711
716 12 715
718 13 707
720 719 717
722 10 721
724 11 701
726 725 723
728 9 727
730 7 728
732 4 730
734 5 679
736 735 733
738 609 101
740 15 296
742 741 149
744 12 743
746 13 739
748 747 745
750 15 22
752 751 585
754 567 35
756 12 755
758 13 753
760 759 757
762 10 761
764 11 749
766 765 763
768 9 767
770 7 768
772 5 770
774 2 772
776 3 737
778 777 775
780 15 490
782 781 101
784 15 653
786 785 451
788 12 787
790 13 783
792 791 789
794 453 35
796 12 88
798 13 795
800 799 797
802 10 801
804 11 793
806 805 803
808 297 279
810 14 809
812 15 384
814 813 811
816 145 279
818 14 817
820 15 405
822 821 819
824 12 823
826 13 815
828 827 825
830 27 279
832 14 831
834 683 833
836 15 809
838 12 836
840 13 835
842 841 839
844 10 843
846 11 829
848 847 845
850 8 849
852 9 807
854 853 851
856 14 687
858 781 857
860 223 25
862 15 861
864 863 301
866 12 865
868 13 859
870 869 867
872 14 278
874 15 647
876 875 873
878 297 89
880 14 88
882 15 879
884 883 881
886 12 885
888 13 877
890 889 887
892 10 891
894 11 871
896 895 893
898 9 897
900 6 898
902 7 855
904 903 901
906 781 291
908 15 286
910 909 301
912 12 911
914 13 907
916 915 913
918 223 89
920 91 33
922 14 921
924 15 919
926 925 923
928 95 41
930 12 929
932 13 927
934 933 931
936 10 935
938 11 917
940 939 937
942 9 941
944 7 942
946 4 944
948 5 905
950 949 947
952 15 17
954 953 101
956 419 451
958 12 957
960 13 955
962 961 959
964 145 337
966 15 965
968 967 41
970 91 279
972 15 971
974 973 881
976 12 975
978 13 969
980 979 977
982 10 981
984 11 963
986 985 983
988 9 987
990 7 988
992 5 990
994 2 992
996 3 951
998 997 995
1000 319 499
1002 12 1001
1004 13 780
1006 1005 1003
1008 14 463
1010 519 1009
1012 12 1011
1014 13 94
1016 1015 1013
1018 10 1017
1020 11 1007
1022 1021 1019
1024 217 35
1026 465 35
1028 12 1027
1030 13 1025
1032 1031 1029
1034 15 86
1036 785 1009
1038 12 1037
1040 13 1034
1042 1041 1039
1044 10 1043
1046 11 1033
1048 1047 1045
1050 8 1049
1052 9 1023
1054 1053 1051
1056 17 284
1058 14 919
1060 15 1056
1062 1061 1059
1064 319 819
1066 12 1065
1068 13 1063
1070 1069 1067
1072 15 278
1074 13 1072
1076 1075 1013
1078 10 1077
1080 11 1071
1082 1081 1079
1084 9 1083
1086 6 1084
1088 7 1055
1090 1089 1087
1092 1061 407
1094 453 819
1096 12 1095
1098 13 1093
1100 1099 1097
1102 151 101
1104 145 167
1106 15 1105
1108 1107 819
1110 12 1109
1112 13 1103
1114 1113 1111
1116 10 1115
1118 11 1101
1120 1119 1117
1122 9 1121
1124 7 1122
1126 4 1124
1128 5 1091
1130 1129 1127
1132 15 280
1134 1133 101
1136 519 301
1138 12 1137
1140 13 1135
1142 1141 1139
1144 13 34
1146 1145 1039
1148 10 1147
1150 11 1143
1152 1151 1149
1154 9 1153
1156 7 1154
1158 5 1156
1160 2 1158
1162 3 1131
1164 1163 1161
1166 281 33
1168 15 1167
1170 1169 511
1172 43 499
1174 12 1173
1176 13 1171
1178 1177 1175
1180 1073 35
1182 43 923
1184 12 1183
1186 13 1181
1188 1187 1185
1190 10 1189
1192 11 1179
1194 1193 1191
1196 1057 25
1198 15 1197
1200 1199 655
1202 713 35
1204 12 1203
1206 13 1201
1208 1207 1205
1210 713 499
1212 15 689
1214 1213 301
1216 12 1215
1218 13 1211
1220 1219 1217
1222 10 1221
1224 11 1209
1226 1225 1223
1228 8 1227
1230 9 1195
1232 1231 1229
1234 213 25
1236 15 1235
1238 13 1236
1240 1239 757
1242 15 336
1244 1243 565
1246 12 497
1248 13 1245
1250 1249 1247
1252 10 1251
1254 11 1241
1256 1255 1253
1258 16 284
1260 15 1259
1262 1261 451
1264 12 285
1266 13 1263
1268 1267 1265
1270 10 285
1272 11 1269
1274 1273 1271
1276 8 1275
1278 9 1257
1280 1279 1277
1282 6 1281
1284 7 1233
1286 1285 1283
1288 217 511
1290 13 1289
1292 1291 641
1294 43 35
1296 12 1295
1298 13 32
1300 1299 1297
1302 10 1301
1304 11 1293
1306 1305 1303
1308 9 1307
1310 1309 1277
1312 6 1275
1314 7 1311
1316 1315 1313
1318 4 1317
1320 5 1287
1322 1321 1319
1324 17 31
1326 1325 167
1328 15 1327
1330 1329 655
1332 395 499
1334 12 1333
1336 13 1331
1338 1337 1335
1340 14 29
1342 1213 1341
1344 12 1343
1346 13 299
1348 1347 1345
1350 10 1349
1352 11 1339
1354 1353 1351
1356 9 1355
1358 1357 1277
1360 7 1359
1362 1361 1313
1364 4 1275
1366 5 1363
1368 1367 1365
1370 2 1369
1372 3 1323
1374 1373 1371
1376 12 594
1378 12 880
1380 10 1378
1382 11 1376
1384 1383 1381
1386 1073 881
1388 12 1387
1390 13 594
1392 1391 1389
1394 10 1393
1396 11 594
1398 1397 1395
1400 8 1399
1402 9 1385
1404 1403 1401
1406 595 553
1408 12 1407
1410 525 1409
1412 501 511
1414 13 1413
1416 1415 1379
1418 10 1417
1420 11 1411
1422 1421 1419
1424 9 1423
1426 1425 1277
1428 6 1427
1430 7 1405
1432 1431 1429
1434 223 337
1436 14 1435
1438 319 1437
1440 12 1439
1442 13 972
1444 1443 1441
1446 453 511
1448 12 113
1450 13 1447
1452 1451 1449
1454 10 1453
1456 11 1445
1458 1457 1455
1460 9 1459
1462 1461 1277
1464 7 1463
1466 1465 1313
1468 4 1467
1470 5 1433
1472 1471 1469
1474 785 511
1476 12 318
1478 13 1475
1480 1479 1477
1482 1073 215
1484 501 341
1486 12 1485
1488 13 1483
1490 1489 1487
1492 10 1491
1494 11 1481
1496 1495 1493
1498 9 1497
1500 1499 1277
1502 7 1501
1504 1503 1313
1506 5 1505
1508 1507 1365
1510 2 1509
1512 3 1473
1514 1513 1511
i0 r1
i1 r2
i2 r3
i3 r4
o0 g1
o1 g2
o2 g3
o3 g4
