REALIZABLE
aag 67 2 3 2 62
2
4
6 95
8 113
10 135
39
73
12 8 11
14 6 12
16 7 9
18 17 15
20 2 19
22 9 10
24 23 13
26 6 25
28 7 22
30 29 27
32 2 31
34 4 32
36 5 20
38 37 35
40 6 11
42 7 23
44 43 41
46 6 9
48 7 8
50 49 47
52 2 51
54 3 45
56 55 53
58 9 11
60 6 58
62 49 61
64 2 63
66 55 65
68 4 67
70 5 57
72 71 69
74 7 12
76 75 47
78 2 77
80 3 11
82 81 79
84 7 11
86 85 15
88 3 87
90 4 88
92 5 83
94 93 91
96 8 10
98 7 96
100 99 27
102 3 101
104 103 21
106 55 33
108 4 107
110 5 105
112 111 109
114 7 10
116 3 114
118 117 53
120 115 47
122 43 61
124 2 123
126 3 121
128 127 125
130 4 129
132 5 119
134 133 131
i0 ets
i1 ec
o0 fl
o1 hl
