REALIZABLE
aag 693 7 4 8 682
2
4
6
8
10
12
14
16 941
18 1117
20 1257
22 1387
70
0
247
287
489
559
651
775
24 18 22
26 20 22
28 18 23
30 19 27
32 31 29
34 16 33
36 17 25
38 37 35
40 15 39
42 12 40
44 21 23
46 18 21
48 19 44
50 49 47
52 16 51
54 17 44
56 55 53
58 15 57
60 13 58
62 10 60
64 11 42
66 65 63
68 4 67
70 2 68
72 18 26
74 16 27
76 17 73
78 77 75
80 19 22
82 81 29
84 20 23
86 21 22
88 87 85
90 18 27
92 19 89
94 93 91
96 16 95
98 17 83
100 99 97
102 8 79
104 9 101
106 105 103
108 12 107
110 13 79
112 111 109
114 12 79
116 13 107
118 117 115
120 10 119
122 11 113
124 123 121
126 18 44
128 81 127
130 18 84
132 93 131
134 16 133
136 17 129
138 137 135
140 9 139
142 141 103
144 12 143
146 111 145
148 13 143
150 149 115
152 10 151
154 11 147
156 155 153
158 6 157
160 7 125
162 161 159
164 14 79
166 15 143
168 167 165
170 12 169
172 111 171
174 13 169
176 175 115
178 10 177
180 11 173
182 181 179
184 6 79
186 7 183
188 187 185
190 18 86
192 8 190
194 15 192
196 195 165
198 12 197
200 111 199
202 17 80
204 203 135
206 18 89
208 19 45
210 209 207
212 17 211
214 213 135
216 8 215
218 9 205
220 219 217
222 15 221
224 223 165
226 13 225
228 227 115
230 10 229
232 11 201
234 233 231
236 4 235
238 5 189
240 239 237
242 2 241
244 3 163
246 245 243
248 16 48
250 12 248
252 11 250
254 17 126
256 255 53
258 12 257
260 11 258
262 6 260
264 7 252
266 265 263
268 15 257
270 12 268
272 11 270
274 7 272
276 4 272
278 5 274
280 279 277
282 2 281
284 3 267
286 285 283
288 93 47
290 16 289
292 99 291
294 12 293
296 111 295
298 99 75
300 31 47
302 16 301
304 99 303
306 8 305
308 9 299
310 309 307
312 13 311
314 313 115
316 10 315
318 11 297
320 319 317
322 19 86
324 323 127
326 49 91
328 16 327
330 17 325
332 331 329
334 8 257
336 9 333
338 337 335
340 13 339
342 341 115
344 10 343
346 11 110
348 347 345
350 6 349
352 7 321
354 353 351
356 19 84
358 16 356
360 17 130
362 361 359
364 81 131
366 16 92
368 17 365
370 369 367
372 8 371
374 9 363
376 375 373
378 15 377
380 379 165
382 12 381
384 111 383
386 19 21
388 387 29
390 16 389
392 331 391
394 16 44
396 255 395
398 8 397
400 9 393
402 401 399
404 15 403
406 405 165
408 13 407
410 409 115
412 10 411
414 11 385
416 415 413
418 7 417
420 419 185
422 209 131
424 17 423
426 425 135
428 8 427
430 9 356
432 431 429
434 15 433
436 435 165
438 12 437
440 111 439
442 15 397
444 443 165
446 13 445
448 447 115
450 10 449
452 11 441
454 453 451
456 12 164
458 111 457
460 269 165
462 13 461
464 463 115
466 10 465
468 11 459
470 469 467
472 6 471
474 7 455
476 475 473
478 4 477
480 5 421
482 481 479
484 2 483
486 3 355
488 487 485
490 17 356
492 16 130
494 491 493
496 8 495
498 9 490
500 499 497
502 13 501
504 10 502
506 19 20
508 507 131
510 17 509
512 511 367
514 9 513
516 515 429
518 13 517
520 10 518
522 6 520
524 7 504
526 525 523
528 511 359
530 9 529
532 531 429
534 15 533
536 13 534
538 10 536
540 7 538
542 15 427
544 13 542
546 10 544
548 4 546
550 5 540
552 551 549
554 2 553
556 3 527
558 557 555
560 19 23
562 561 191
564 17 563
566 565 249
568 9 567
570 12 568
572 13 568
574 10 572
576 11 570
578 577 575
580 561 207
582 17 581
584 583 53
586 9 585
588 12 586
590 13 586
592 10 590
594 11 588
596 595 593
598 6 597
600 7 579
602 601 599
604 15 586
606 12 604
608 13 604
610 10 608
612 11 606
614 613 611
616 7 615
618 9 190
620 15 618
622 12 620
624 357 207
626 17 625
628 9 626
630 15 628
632 13 630
634 10 632
636 11 622
638 637 635
640 4 639
642 5 616
644 643 641
646 2 645
648 3 603
650 649 647
652 565 493
654 12 653
656 49 191
658 17 657
660 13 658
662 10 660
664 11 654
666 665 663
668 18 88
670 17 669
672 671 135
674 12 673
676 11 674
678 677 663
680 6 679
682 7 667
684 683 681
686 18 87
688 323 131
690 16 689
692 17 687
694 693 691
696 8 653
698 9 695
700 699 697
702 15 701
704 12 702
706 16 190
708 659 707
710 15 709
712 13 710
714 10 712
716 11 704
718 717 715
720 7 719
722 19 85
724 723 207
726 17 725
728 727 691
730 8 658
732 9 729
734 733 731
736 15 735
738 12 736
740 11 738
742 741 715
744 15 673
746 12 744
748 15 658
750 13 748
752 10 750
754 11 746
756 755 753
758 6 757
760 7 743
762 761 759
764 4 763
766 5 720
768 767 765
770 2 769
772 3 685
774 773 771
776 17 48
778 777 493
780 8 776
782 9 779
784 783 781
786 12 785
788 13 785
790 10 788
792 11 786
794 793 791
796 387 127
798 17 797
800 799 493
802 9 801
804 803 781
806 12 805
808 13 805
810 10 808
812 11 806
814 813 811
816 6 815
818 7 795
820 819 817
822 49 131
824 17 823
826 825 135
828 723 131
830 17 829
832 831 367
834 8 833
836 9 827
838 837 835
840 15 839
842 12 840
844 323 207
846 16 845
848 777 847
850 777 707
852 8 851
854 9 849
856 855 853
858 15 857
860 13 858
862 10 860
864 11 842
866 865 863
868 7 867
870 31 127
872 16 871
874 491 873
876 18 85
878 17 877
880 879 135
882 8 881
884 9 875
886 885 883
888 15 887
890 12 888
892 9 52
894 893 853
896 15 895
898 13 896
900 10 898
902 11 890
904 903 901
906 15 805
908 12 906
910 9 54
912 911 781
914 15 913
916 13 914
918 10 916
920 11 908
922 921 919
924 6 923
926 7 905
928 927 925
930 4 929
932 5 868
934 933 931
936 2 935
938 3 821
940 939 937
942 17 190
944 943 493
946 8 942
948 9 945
950 949 947
952 12 951
954 357 191
956 17 955
958 957 493
960 13 959
962 10 960
964 11 952
966 965 963
968 323 47
970 16 206
972 17 969
974 973 971
976 9 975
978 977 193
980 12 979
982 209 91
984 17 983
986 985 135
988 9 987
990 989 217
992 13 991
994 10 992
996 11 980
998 997 995
1000 6 999
1002 7 967
1004 1003 1001
1006 357 91
1008 16 1007
1010 17 206
1012 1011 1009
1014 81 91
1016 17 1015
1018 1017 291
1020 8 1019
1022 9 1013
1024 1023 1021
1026 15 1025
1028 12 1026
1030 507 207
1032 17 1031
1034 1033 1009
1036 985 97
1038 8 1037
1040 9 1035
1042 1041 1039
1044 15 1043
1046 13 1044
1048 10 1046
1050 11 1028
1052 1051 1049
1054 7 1053
1056 16 955
1058 565 1057
1060 9 1059
1062 1061 103
1064 15 1063
1066 12 1064
1068 16 89
1070 671 1069
1072 9 1071
1074 1073 103
1076 15 1075
1078 13 1076
1080 10 1078
1082 11 1066
1084 1083 1081
1086 15 979
1088 12 1086
1090 15 991
1092 13 1090
1094 10 1092
1096 11 1088
1098 1097 1095
1100 6 1099
1102 7 1085
1104 1103 1101
1106 4 1105
1108 5 1054
1110 1109 1107
1112 2 1111
1114 3 1005
1116 1115 1113
1118 16 823
1120 491 1119
1122 12 1121
1124 8 248
1126 9 1118
1128 1127 1125
1130 13 1129
1132 10 1130
1134 11 1122
1136 1135 1133
1138 209 29
1140 17 1139
1142 1141 35
1144 12 1143
1146 10 340
1148 11 1144
1150 1149 1147
1152 6 1151
1154 7 1137
1156 1155 1153
1158 49 29
1160 16 1159
1162 17 506
1164 1163 1161
1166 357 127
1168 17 1167
1170 1169 1161
1172 8 1171
1174 9 1165
1176 1175 1173
1178 15 1177
1180 12 1178
1182 9 1160
1184 1183 399
1186 15 1185
1188 13 1186
1190 10 1188
1192 11 1180
1194 1193 1191
1196 7 1195
1198 19 26
1200 1199 131
1202 17 1201
1204 1203 249
1206 9 1205
1208 1207 399
1210 15 1209
1212 12 1210
1214 9 248
1216 1215 399
1218 15 1217
1220 13 1218
1222 10 1220
1224 11 1212
1226 1225 1223
1228 15 1143
1230 12 1228
1232 13 268
1234 10 1232
1236 11 1230
1238 1237 1235
1240 6 1239
1242 7 1227
1244 1243 1241
1246 4 1245
1248 5 1196
1250 1249 1247
1252 2 1251
1254 3 1157
1256 1255 1253
1258 12 942
1260 8 959
1262 9 956
1264 1263 1261
1266 13 1265
1268 10 1266
1270 11 1258
1272 1271 1269
1274 12 190
1276 1033 367
1278 9 1277
1280 1279 217
1282 13 1281
1284 10 1282
1286 11 1274
1288 1287 1285
1290 6 1289
1292 7 1273
1294 1293 1291
1296 93 191
1298 16 1297
1300 1017 1299
1302 81 207
1304 17 1303
1306 1305 1299
1308 8 1307
1310 9 1301
1312 1311 1309
1314 15 1313
1316 12 1314
1318 985 1299
1320 213 1069
1322 8 1321
1324 9 1319
1326 1325 1323
1328 15 1327
1330 13 1328
1332 10 1330
1334 11 1316
1336 1335 1333
1338 7 1337
1340 9 1037
1342 1341 1323
1344 15 1343
1346 12 1344
1348 13 1344
1350 10 1348
1352 11 1346
1354 1353 1351
1356 15 190
1358 12 1356
1360 15 215
1362 13 1360
1364 10 1362
1366 11 1358
1368 1367 1365
1370 6 1369
1372 7 1355
1374 1373 1371
1376 4 1375
1378 5 1338
1380 1379 1377
1382 2 1381
1384 3 1295
1386 1385 1383
i0 p0b02room29empty
i1 p0b02room29somebody2leaves
i2 p0b02room29somebody2enters
i3 p0b02timer29timeout
i4 p0b02roomlight29off
i5 p0b02roomlight29on
i6 p0b02room29switch29toggled
o0 u02timer29start2new2timer0f1d2timer29hour251b
o1 u02timer29start2new2timer0f1d2timer29min25231b
o2 u02timer29start2new2timer0f1d2timer29hour241b
o3 u02roomlight29light0f1d2roomlight29turn2on1b
o4 u02roomlight29light0f1d2roomlight29toggle1b
o5 u02roomlight29light0f1d2roomlight29turn2off1b
o6 u02timer29start2new2timer02timer29start2new2timer
o7 u02roomlight29light02roomlight29light
