REALIZABLE
aag 778 8 4 8 766
2
4
6
8
10
12
14
16
18 1057
20 1189
22 1395
24 1557
76
0
259
311
547
637
735
875
26 22 24
28 20 27
30 21 25
32 31 29
34 20 26
36 18 35
38 19 33
40 39 37
42 17 41
44 15 42
46 12 44
48 23 25
50 20 48
52 21 27
54 53 51
56 18 50
58 19 55
60 59 57
62 17 61
64 15 62
66 13 64
68 10 66
70 11 46
72 71 69
74 4 73
76 2 74
78 23 24
80 21 78
82 81 29
84 22 25
86 21 85
88 87 29
90 18 89
92 19 83
94 93 91
96 8 35
98 9 95
100 99 97
102 12 101
104 13 35
106 105 103
108 12 35
110 13 101
112 111 109
114 10 113
116 11 107
118 117 115
120 20 78
122 21 24
124 123 121
126 18 125
128 19 28
130 129 127
132 9 131
134 133 97
136 12 135
138 105 137
140 13 135
142 141 109
144 10 143
146 11 139
148 147 145
150 6 149
152 7 119
154 153 151
156 16 35
158 17 135
160 159 157
162 14 35
164 15 161
166 165 163
168 12 167
170 105 169
172 13 167
174 173 109
176 10 175
178 11 171
180 179 177
182 6 35
184 7 181
186 185 183
188 19 122
190 8 188
192 17 190
194 193 157
196 15 195
198 197 163
200 12 199
202 105 201
204 79 85
206 20 205
208 19 206
210 209 127
212 21 26
214 213 207
216 20 204
218 18 217
220 19 215
222 221 219
224 8 223
226 9 211
228 227 225
230 17 229
232 231 157
234 15 233
236 235 163
238 13 237
240 239 109
242 10 241
244 11 203
246 245 243
248 4 247
250 5 187
252 251 249
254 2 253
256 3 155
258 257 255
260 21 84
262 19 260
264 12 262
266 11 264
268 21 205
270 269 51
272 19 271
274 273 57
276 12 275
278 11 276
280 6 278
282 7 266
284 283 281
286 12 64
288 11 286
290 7 288
292 17 275
294 15 292
296 12 294
298 11 296
300 4 298
302 5 290
304 303 301
306 2 305
308 3 285
310 309 307
312 20 25
314 81 313
316 19 315
318 317 91
320 12 319
322 105 321
324 269 29
326 19 325
328 327 91
330 269 313
332 19 331
334 333 91
336 8 335
338 9 329
340 339 337
342 13 341
344 343 109
346 10 345
348 11 323
350 349 347
352 20 23
354 269 353
356 81 51
358 18 357
360 19 355
362 361 359
364 8 275
366 9 363
368 367 365
370 13 369
372 371 109
374 10 373
376 11 104
378 377 375
380 6 379
382 7 351
384 383 381
386 20 84
388 123 207
390 18 389
392 19 386
394 393 391
396 8 395
398 9 386
400 399 397
402 17 401
404 403 157
406 15 405
408 407 163
410 12 409
412 105 411
414 31 353
416 18 23
418 19 415
420 419 417
422 31 51
424 18 48
426 19 423
428 427 425
430 8 429
432 9 421
434 433 431
436 17 435
438 437 157
440 15 439
442 441 163
444 13 443
446 445 109
448 10 447
450 11 413
452 451 449
454 7 453
456 455 183
458 18 30
460 393 459
462 209 219
464 8 463
466 9 461
468 467 465
470 17 469
472 471 157
474 15 473
476 475 163
478 12 477
480 105 479
482 261 51
484 19 483
486 485 57
488 17 487
490 489 157
492 15 491
494 493 163
496 13 495
498 497 109
500 10 499
502 11 481
504 503 501
506 15 156
508 507 163
510 12 509
512 105 511
514 293 157
516 15 515
518 517 163
520 13 519
522 521 109
524 10 523
526 11 513
528 527 525
530 6 529
532 7 505
534 533 531
536 4 535
538 5 457
540 539 537
542 2 541
544 3 385
546 545 543
548 18 260
550 19 120
552 551 549
554 8 553
556 9 548
558 557 555
560 13 559
562 10 560
564 21 79
566 565 207
568 18 567
570 393 569
572 9 571
574 573 465
576 13 575
578 10 576
580 6 578
582 7 562
584 583 581
586 21 22
588 587 387
590 18 589
592 393 591
594 21 49
596 595 207
598 18 597
600 209 599
602 8 601
604 9 593
606 605 603
608 17 607
610 15 608
612 13 610
614 10 612
616 7 614
618 17 463
620 15 618
622 13 620
624 10 622
626 4 624
628 5 616
630 629 627
632 2 631
634 3 585
636 635 633
638 19 564
640 639 549
642 9 641
644 12 642
646 13 642
648 10 646
650 11 644
652 651 649
654 18 25
656 19 21
658 657 655
660 9 659
662 12 660
664 13 660
666 10 664
668 11 662
670 669 667
672 6 671
674 7 653
676 675 673
678 17 660
680 15 678
682 12 680
684 13 680
686 10 684
688 11 682
690 689 687
692 7 691
694 9 188
696 17 694
698 15 696
700 12 698
702 31 387
704 18 703
706 19 212
708 707 705
710 9 709
712 17 710
714 15 712
716 13 714
718 10 716
720 11 700
722 721 719
724 4 723
726 5 692
728 727 725
730 2 729
732 3 677
734 733 731
736 21 204
738 737 121
740 19 739
742 741 549
744 12 743
746 19 736
748 13 746
750 10 748
752 11 744
754 753 751
756 737 207
758 19 757
760 759 219
762 12 761
764 11 762
766 765 751
768 6 767
770 7 755
772 771 769
774 213 121
776 20 79
778 18 777
780 19 775
782 781 779
784 781 459
786 8 785
788 9 783
790 789 787
792 17 791
794 15 792
796 12 794
798 17 188
800 15 798
802 13 800
804 10 802
806 11 796
808 807 805
810 7 809
812 741 391
814 8 746
816 9 813
818 817 815
820 17 819
822 15 820
824 12 822
826 19 86
828 17 826
830 15 828
832 13 830
834 10 832
836 11 824
838 837 835
840 17 761
842 15 840
844 12 842
846 17 746
848 15 846
850 13 848
852 10 850
854 11 844
856 855 853
858 6 857
860 7 839
862 861 859
864 4 863
866 5 810
868 867 865
870 2 869
872 3 773
874 873 871
876 261 121
878 19 877
880 879 549
882 8 881
884 9 260
886 885 883
888 12 887
890 13 262
892 10 890
894 11 888
896 895 893
898 565 29
900 18 899
902 19 84
904 903 901
906 261 29
908 19 907
910 909 37
912 8 911
914 9 905
916 915 913
918 12 917
920 19 268
922 921 57
924 9 923
926 925 365
928 13 927
930 10 928
932 11 918
934 933 931
936 6 935
938 7 897
940 939 937
942 20 22
944 18 943
946 427 945
948 18 423
950 419 949
952 8 951
954 9 947
956 955 953
958 17 957
960 15 958
962 12 960
964 427 417
966 9 965
968 967 431
970 17 969
972 15 970
974 13 972
976 10 974
978 11 962
980 979 977
982 7 981
984 123 29
986 18 985
988 19 352
990 989 987
992 427 57
994 8 993
996 9 991
998 997 995
1000 17 999
1002 15 1000
1004 12 1002
1006 9 50
1008 1007 995
1010 17 1009
1012 15 1010
1014 13 1012
1016 10 1014
1018 11 1004
1020 1019 1017
1022 17 917
1024 15 1022
1026 12 1024
1028 17 927
1030 15 1028
1032 13 1030
1034 10 1032
1036 11 1026
1038 1037 1035
1040 6 1039
1042 7 1021
1044 1043 1041
1046 4 1045
1048 5 982
1050 1049 1047
1052 2 1051
1054 3 941
1056 1055 1053
1058 9 550
1060 12 1058
1062 13 1058
1064 10 1062
1066 11 1060
1068 1067 1065
1070 18 80
1072 989 1071
1074 9 1073
1076 12 1074
1078 13 1074
1080 10 1078
1082 11 1076
1084 1083 1081
1086 6 1085
1088 7 1069
1090 1089 1087
1092 18 352
1094 551 1093
1096 8 50
1098 9 1095
1100 1099 1097
1102 17 1101
1104 15 1102
1106 12 1104
1108 13 1104
1110 10 1108
1112 11 1106
1114 1113 1111
1116 7 1115
1118 19 30
1120 1119 1093
1122 9 1121
1124 1123 995
1126 17 1125
1128 15 1126
1130 12 1128
1132 1119 57
1134 9 1133
1136 1135 995
1138 17 1137
1140 15 1138
1142 13 1140
1144 10 1142
1146 11 1130
1148 1147 1145
1150 17 1074
1152 15 1150
1154 12 1152
1156 19 50
1158 9 1156
1160 17 1158
1162 15 1160
1164 13 1162
1166 10 1164
1168 11 1154
1170 1169 1167
1172 6 1171
1174 7 1149
1176 1175 1173
1178 4 1177
1180 5 1116
1182 1181 1179
1184 2 1183
1186 3 1091
1188 1187 1185
1190 565 121
1192 19 1191
1194 1193 549
1196 8 1195
1198 643 1197
1200 12 1199
1202 13 1199
1204 10 1202
1206 11 1200
1208 1207 1205
1210 20 85
1212 19 1211
1214 1213 901
1216 9 1215
1218 1217 97
1220 12 1219
1222 13 1219
1224 10 1222
1226 11 1220
1228 1227 1225
1230 6 1229
1232 7 1209
1234 1233 1231
1236 587 51
1238 18 1237
1240 19 594
1242 1241 1239
1244 595 353
1246 18 483
1248 19 1245
1250 1249 1247
1252 8 1251
1254 9 1243
1256 1255 1253
1258 17 1257
1260 15 1258
1262 12 1260
1264 587 313
1266 18 1265
1268 19 589
1270 1269 1267
1272 587 29
1274 595 29
1276 18 1275
1278 19 1273
1280 1279 1277
1282 8 1281
1284 9 1271
1286 1285 1283
1288 17 1287
1290 15 1288
1292 13 1290
1294 10 1292
1296 11 1262
1298 1297 1295
1300 7 1299
1302 213 387
1304 18 1303
1306 1241 1305
1308 595 51
1310 19 1309
1312 1311 57
1314 8 1313
1316 9 1307
1318 1317 1315
1320 17 1319
1322 15 1320
1324 12 1322
1326 587 207
1328 19 1327
1330 1329 219
1332 1279 37
1334 8 1333
1336 9 1331
1338 1337 1335
1340 17 1339
1342 15 1340
1344 13 1342
1346 10 1344
1348 11 1324
1350 1349 1347
1352 17 1219
1354 15 1352
1356 12 1354
1358 19 217
1360 1359 37
1362 9 1361
1364 1363 97
1366 17 1365
1368 15 1366
1370 13 1368
1372 10 1370
1374 11 1356
1376 1375 1373
1378 6 1377
1380 7 1351
1382 1381 1379
1384 4 1383
1386 5 1300
1388 1387 1385
1390 2 1389
1392 3 1235
1394 1393 1391
1396 8 706
1398 9 780
1400 1399 1397
1402 12 1401
1404 781 549
1406 13 1405
1408 10 1406
1410 11 1402
1412 1411 1409
1414 123 353
1416 19 1415
1418 1417 1071
1420 9 1419
1422 1421 191
1424 12 1423
1426 213 29
1428 19 1427
1430 1429 219
1432 9 1431
1434 1433 225
1436 13 1435
1438 10 1436
1440 11 1424
1442 1441 1439
1444 6 1443
1446 7 1413
1448 1447 1445
1450 19 985
1452 1451 391
1454 123 387
1456 19 1455
1458 1457 391
1460 8 1459
1462 9 1453
1464 1463 1461
1466 17 1465
1468 15 1466
1470 12 1468
1472 1451 599
1474 19 389
1476 1475 599
1478 8 1477
1480 9 1473
1482 1481 1479
1484 17 1483
1486 15 1484
1488 13 1486
1490 10 1488
1492 11 1470
1494 1493 1491
1496 7 1495
1498 1451 37
1500 1475 219
1502 8 1501
1504 9 1499
1506 1505 1503
1508 17 1507
1510 15 1508
1512 12 1510
1514 13 1510
1516 10 1514
1518 11 1512
1520 1519 1517
1522 17 1423
1524 15 1522
1526 12 1524
1528 17 1435
1530 15 1528
1532 13 1530
1534 10 1532
1536 11 1526
1538 1537 1535
1540 6 1539
1542 7 1521
1544 1543 1541
1546 4 1545
1548 5 1496
1550 1549 1547
1552 2 1551
1554 3 1449
1556 1555 1553
i0 p0b02room29empty
i1 p0b02room29somebody2leaves
i2 p0b02room29somebody2enters
i3 p0b02timer29timeout
i4 p0b02roomlight29off
i5 p0b02roomlight29on
i6 p0b02room29switch29toggled
i7 p0b02room29bed29occupied
o0 u02timer29start2new2timer0f1d2timer29hour251b
o1 u02timer29start2new2timer0f1d2timer29min25231b
o2 u02timer29start2new2timer0f1d2timer29hour241b
o3 u02roomlight29light0f1d2roomlight29turn2on1b
o4 u02roomlight29light0f1d2roomlight29toggle1b
o5 u02roomlight29light0f1d2roomlight29turn2off1b
o6 u02timer29start2new2timer02timer29start2new2timer
o7 u02roomlight29light02roomlight29light
