REALIZABLE
aag 54 3 3 3 48
2
4
6
8 77
10 93
12 109
47
46
0
14 11 13
16 8 10
18 9 14
20 19 17
22 8 15
24 19 23
26 2 25
28 3 21
30 29 27
32 6 30
34 10 13
36 9 35
38 37 23
40 38 7
42 4 41
44 5 33
46 45 43
48 8 35
50 9 15
52 51 49
54 8 34
56 2 55
58 3 53
60 59 57
62 6 60
64 11 12
66 65 35
68 9 67
70 69 7
72 4 71
74 5 63
76 75 73
78 2 18
80 6 78
82 9 66
84 83 23
86 84 7
88 4 87
90 5 81
92 91 89
94 2 22
96 3 16
98 97 95
100 6 98
102 39 7
104 4 103
106 5 101
108 107 105
i0 p0p0gt0outside29temperature02room29temperature
i1 p0b02heating29off
i2 p0b02heating29on
o0 u02heating29ctrl0f1d2heating29turn2on1b
o1 u02heating29ctrl0f1d2heating29turn2off1b
o2 u02heating29ctrl02heating29ctrl
