REALIZABLE
aag 67 4 3 3 60
2
4
6
8
10 93
12 107
14 135
0
57
56
16 12 15
18 10 17
20 11 16
22 21 19
24 8 23
26 15 13
28 26 11
30 9 29
32 6 30
34 7 24
36 35 33
38 4 37
40 10 26
42 21 41
44 8 43
46 7 44
48 47 33
50 5 49
52 2 50
54 3 38
56 55 53
58 12 14
60 13 14
62 10 60
64 11 59
66 65 63
68 8 66
70 28 9
72 6 71
74 7 69
76 75 73
78 4 76
80 8 42
82 7 81
84 83 73
86 84 5
88 2 87
90 3 79
92 91 89
94 10 16
96 11 14
98 97 95
100 8 98
102 100 7
104 4 102
106 104 3
108 8 28
110 6 8
112 7 109
114 113 111
116 4 114
118 10 27
120 97 119
122 8 120
124 7 123
126 125 111
128 126 5
130 2 129
132 3 117
134 133 131
i0 p0b02plug29off
i1 p0b02plug29on
i2 p0b02plug29intent29off
i3 p0b02plug29intent29on
o0 u02plug29ctrl02plug29ctrl
o1 u02plug29ctrl0f1d2plug29coff1b
o2 u02plug29ctrl0f1d2plug29con1b
