REALIZABLE
aag 253 5 3 5 245
2
4
6
8
10
12 387
14 427
16 507
63
157
221
240
307
18 2 17
20 10 18
22 9 20
24 6 20
26 7 22
28 27 25
30 14 17
32 12 30
34 13 15
36 35 33
38 2 37
40 11 38
42 9 40
44 2 34
46 11 44
48 8 46
50 43 49
52 6 51
54 7 42
56 55 53
58 4 57
60 5 29
62 61 59
64 14 16
66 15 16
68 12 66
70 35 69
72 10 71
74 11 65
76 75 73
78 2 65
80 3 71
82 81 79
84 10 83
86 75 85
88 8 87
90 9 77
92 91 89
94 6 77
96 7 93
98 97 95
100 15 17
102 12 17
104 13 100
106 105 103
108 105 33
110 2 109
112 3 107
114 113 111
116 10 65
118 11 115
120 119 117
122 113 79
124 11 123
126 125 117
128 8 127
130 9 121
132 131 129
134 2 104
136 113 135
138 11 137
140 139 117
142 8 141
144 131 143
146 6 145
148 7 133
150 149 147
152 4 151
154 5 99
156 155 153
158 13 30
160 159 103
162 10 161
164 3 161
166 10 164
168 8 166
170 9 162
172 171 169
174 6 162
176 7 173
178 177 175
180 12 100
182 159 181
184 2 183
186 3 158
188 187 185
190 11 189
192 11 186
194 8 192
196 9 190
198 197 195
200 2 161
202 187 201
204 11 203
206 8 204
208 197 207
210 6 209
212 7 199
214 213 211
216 4 215
218 5 179
220 219 217
222 11 66
224 3 66
226 11 224
228 8 226
230 9 222
232 231 229
234 6 222
236 7 233
238 237 235
240 4 239
242 2 66
244 3 65
246 245 243
248 10 247
250 75 249
252 8 65
254 9 251
256 255 253
258 6 251
260 7 257
262 261 259
264 12 15
266 159 265
268 2 267
270 245 269
272 11 271
274 273 117
276 9 275
278 277 253
280 12 65
282 159 281
284 2 283
286 245 285
288 11 287
290 289 117
292 8 291
294 277 293
296 6 295
298 7 279
300 299 297
302 4 301
304 5 263
306 305 303
308 2 71
310 225 309
312 10 311
314 75 313
316 225 79
318 10 317
320 75 319
322 8 321
324 9 315
326 325 323
328 10 66
330 75 329
332 8 331
334 325 333
336 6 335
338 7 327
340 339 337
342 13 17
344 343 281
346 2 345
348 3 283
350 349 347
352 11 351
354 353 117
356 349 79
358 11 357
360 359 117
362 8 361
364 9 355
366 365 363
368 11 283
370 369 117
372 8 371
374 365 373
376 6 375
378 7 367
380 379 377
382 4 381
384 5 341
386 385 383
388 3 104
390 10 388
392 10 104
394 8 392
396 9 390
398 397 395
400 6 399
402 7 390
404 403 401
406 11 104
408 11 388
410 8 408
412 9 406
414 413 411
416 6 406
418 7 415
420 419 417
422 4 421
424 5 405
426 425 423
428 67 31
430 13 429
432 431 281
434 10 433
436 75 435
438 3 433
440 439 79
442 10 441
444 75 443
446 8 445
448 9 437
450 449 447
452 6 437
454 7 451
456 455 453
458 431 69
460 431 265
462 2 461
464 3 459
466 465 463
468 11 467
470 469 117
472 465 79
474 11 473
476 475 117
478 8 477
480 9 471
482 481 479
484 2 433
486 465 485
488 11 487
490 489 117
492 8 491
494 481 493
496 6 495
498 7 483
500 499 497
502 4 501
504 5 457
506 505 503
i0 p0b0room29window29opened
i1 p0b0room29heating29off
i2 p0b0room29window29closed
i3 p0p0all2windows2closed0room
i4 p0b0room29heating29on
o0 u0music29ctrl0f1dplay0f1doverture1b1b
o1 u0room29heating29ctrl0f1dturn2on1b
o2 u0room29heating29ctrl0f1dturn2off1b
o3 u0room29heating29ctrl0room29heating29ctrl
o4 u0music29ctrl0music29ctrl
