REALIZABLE
aag 605 7 4 8 594
2
4
6
8
10
12
14
16 747
18 929
20 1085
22 1211
70
0
0
113
229
299
545
585
24 18 22
26 20 22
28 18 23
30 19 27
32 31 29
34 16 33
36 17 25
38 37 35
40 15 39
42 12 40
44 21 23
46 18 21
48 19 44
50 49 47
52 16 51
54 17 44
56 55 53
58 15 57
60 13 58
62 10 60
64 11 42
66 65 63
68 4 67
70 2 68
72 16 48
74 12 72
76 11 74
78 18 44
80 17 78
82 81 53
84 12 83
86 11 84
88 6 86
90 7 76
92 91 89
94 15 83
96 12 94
98 11 96
100 7 98
102 4 98
104 5 100
106 105 103
108 2 107
110 3 93
112 111 109
114 13 72
116 10 114
118 13 83
120 10 118
122 6 120
124 7 116
126 125 123
128 20 23
130 18 128
132 19 128
134 16 132
136 17 130
138 137 135
140 19 22
142 141 131
144 21 22
146 145 129
148 19 147
150 16 148
152 17 143
154 153 151
156 8 155
158 9 139
160 159 157
162 15 161
164 12 162
166 16 44
168 81 167
170 15 169
172 13 170
174 10 172
176 11 164
178 177 175
180 7 179
182 19 45
184 183 131
186 149 131
188 16 187
190 17 185
192 191 189
194 8 193
196 9 132
198 197 195
200 15 199
202 12 200
204 11 202
206 205 175
208 13 94
210 10 208
212 6 210
214 7 207
216 215 213
218 4 217
220 5 180
222 221 219
224 2 223
226 3 127
228 227 225
230 17 132
232 16 130
234 231 233
236 8 235
238 9 230
240 239 237
242 13 241
244 10 242
246 19 20
248 247 131
250 17 249
252 251 151
254 9 253
256 255 195
258 13 257
260 10 258
262 6 260
264 7 244
266 265 263
268 251 135
270 9 269
272 271 195
274 15 273
276 13 274
278 10 276
280 7 278
282 15 193
284 13 282
286 10 284
288 4 286
290 5 280
292 291 289
294 2 293
296 3 267
298 297 295
300 18 26
302 16 27
304 17 301
306 305 303
308 18 27
310 149 309
312 16 311
314 305 313
316 12 315
318 13 307
320 319 317
322 19 129
324 323 309
326 17 325
328 327 313
330 149 47
332 16 331
334 327 333
336 8 335
338 9 329
340 339 337
342 12 307
344 13 341
346 345 343
348 10 347
350 11 321
352 351 349
354 18 146
356 17 355
358 357 189
360 12 359
362 319 361
364 18 144
366 19 21
368 367 365
370 17 369
372 371 233
374 49 365
376 17 375
378 8 376
380 9 373
382 381 379
384 13 383
386 385 343
388 10 387
390 11 363
392 391 389
394 6 393
396 7 353
398 397 395
400 18 145
402 19 144
404 403 131
406 16 405
408 17 401
410 409 407
412 19 23
414 413 365
416 17 415
418 417 233
420 8 419
422 9 411
424 423 421
426 14 307
428 15 425
430 429 427
432 12 431
434 319 433
436 18 147
438 403 437
440 16 439
442 371 441
444 16 364
446 377 445
448 8 447
450 9 443
452 451 449
454 15 453
456 455 427
458 13 457
460 459 343
462 10 461
464 11 435
466 465 463
468 6 307
470 7 467
472 471 469
474 323 437
476 17 475
478 477 407
480 9 479
482 481 379
484 15 483
486 485 427
488 12 487
490 319 489
492 15 447
494 493 427
496 13 495
498 497 343
500 10 499
502 11 491
504 503 501
506 15 359
508 507 427
510 12 509
512 319 511
514 15 376
516 515 427
518 13 517
520 519 343
522 10 521
524 11 513
526 525 523
528 6 527
530 7 505
532 531 529
534 4 533
536 5 473
538 537 535
540 2 539
542 3 399
544 543 541
546 15 364
548 547 427
550 12 549
552 319 551
554 183 437
556 17 555
558 557 189
560 15 559
562 561 427
564 13 563
566 565 343
568 10 567
570 11 553
572 571 569
574 4 573
576 5 307
578 577 575
580 2 579
582 3 307
584 583 581
586 17 48
588 587 233
590 8 586
592 9 589
594 593 591
596 12 595
598 13 595
600 10 598
602 11 596
604 603 601
606 367 79
608 17 607
610 609 233
612 9 611
614 613 591
616 12 615
618 13 615
620 10 618
622 11 616
624 623 621
626 6 625
628 7 605
630 629 627
632 49 131
634 17 633
636 635 189
638 323 131
640 17 639
642 641 151
644 8 643
646 9 637
648 647 645
650 15 649
652 12 650
654 587 441
656 587 445
658 8 657
660 9 655
662 661 659
664 15 663
666 13 664
668 10 666
670 11 652
672 671 669
674 7 673
676 31 79
678 16 677
680 231 679
682 18 129
684 17 683
686 685 189
688 8 687
690 9 681
692 691 689
694 15 693
696 12 694
698 9 52
700 699 659
702 15 701
704 13 702
706 10 704
708 11 696
710 709 707
712 15 615
714 12 712
716 9 54
718 717 591
720 15 719
722 13 720
724 10 722
726 11 714
728 727 725
730 6 729
732 7 711
734 733 731
736 4 735
738 5 674
740 739 737
742 2 741
744 3 631
746 745 743
748 17 364
750 749 233
752 8 748
754 9 751
756 755 753
758 12 757
760 133 365
762 17 761
764 763 233
766 13 765
768 10 766
770 11 758
772 771 769
774 403 47
776 16 436
778 17 775
780 779 777
782 8 364
784 9 781
786 785 783
788 12 787
790 183 309
792 17 791
794 793 189
796 8 559
798 9 795
800 799 797
802 13 801
804 10 802
806 11 788
808 807 805
810 6 809
812 7 773
814 813 811
816 133 309
818 16 817
820 17 436
822 821 819
824 141 309
826 17 825
828 827 333
830 8 829
832 9 823
834 833 831
836 15 835
838 12 836
840 247 437
842 17 841
844 843 819
846 793 313
848 8 847
850 9 845
852 851 849
854 15 853
856 13 854
858 10 856
860 11 838
862 861 859
864 7 863
866 16 761
868 417 867
870 8 307
872 9 869
874 873 871
876 15 875
878 12 876
880 16 147
882 357 881
884 9 883
886 885 871
888 15 887
890 13 888
892 10 890
894 11 878
896 895 893
898 15 787
900 12 898
902 15 801
904 13 902
906 10 904
908 11 900
910 909 907
912 6 911
914 7 897
916 915 913
918 4 917
920 5 864
922 921 919
924 2 923
926 3 815
928 927 925
930 16 633
932 231 931
934 12 933
936 8 72
938 9 930
940 939 937
942 13 941
944 10 942
946 11 934
948 947 945
950 183 29
952 17 951
954 953 35
956 12 955
958 403 79
960 49 309
962 16 961
964 17 959
966 965 963
968 8 83
970 9 967
972 971 969
974 13 973
976 10 974
978 11 956
980 979 977
982 6 981
984 7 949
986 985 983
988 49 29
990 16 989
992 17 246
994 993 991
996 133 79
998 17 997
1000 999 991
1002 8 1001
1004 9 995
1006 1005 1003
1008 15 1007
1010 12 1008
1012 8 169
1014 9 990
1016 1015 1013
1018 15 1017
1020 13 1018
1022 10 1020
1024 11 1010
1026 1025 1023
1028 7 1027
1030 19 26
1032 1031 131
1034 17 1033
1036 1035 73
1038 9 1037
1040 1039 1013
1042 15 1041
1044 12 1042
1046 9 72
1048 1047 1013
1050 15 1049
1052 13 1050
1054 10 1052
1056 11 1044
1058 1057 1055
1060 15 955
1062 12 1060
1064 11 1062
1066 1065 211
1068 6 1067
1070 7 1059
1072 1071 1069
1074 4 1073
1076 5 1028
1078 1077 1075
1080 2 1079
1082 3 987
1084 1083 1081
1086 12 748
1088 8 765
1090 9 762
1092 1091 1089
1094 13 1093
1096 10 1094
1098 11 1086
1100 1099 1097
1102 12 364
1104 843 151
1106 9 1105
1108 1107 797
1110 13 1109
1112 10 1110
1114 11 1102
1116 1115 1113
1118 6 1117
1120 7 1101
1122 1121 1119
1124 149 365
1126 16 1125
1128 827 1127
1130 141 437
1132 17 1131
1134 1133 1127
1136 8 1135
1138 9 1129
1140 1139 1137
1142 15 1141
1144 12 1142
1146 793 1127
1148 557 881
1150 8 1149
1152 9 1147
1154 1153 1151
1156 15 1155
1158 13 1156
1160 10 1158
1162 11 1144
1164 1163 1161
1166 7 1165
1168 9 847
1170 1169 1151
1172 15 1171
1174 12 1172
1176 13 1172
1178 10 1176
1180 11 1174
1182 1181 1179
1184 12 546
1186 13 560
1188 10 1186
1190 11 1184
1192 1191 1189
1194 6 1193
1196 7 1183
1198 1197 1195
1200 4 1199
1202 5 1166
1204 1203 1201
1206 2 1205
1208 3 1123
1210 1209 1207
i0 p0b0room29empty
i1 p0b0room29somebody2leaves
i2 p0b0room29somebody2enters
i3 p0b0timeout
i4 p0b0room29light29off
i5 p0b0room29light29on
i6 p0b0switch29toggled
o0 u0system29start2new2timer0f1dhour251b
o1 u0system29start2new2timer0f1dhour241b
o2 u0system29start2new2timer0f1dmin25231b
o3 u0room29light0f1dturn2on1b
o4 u0room29light0f1dtoggle1b
o5 u0room29light0f1dturn2off1b
o6 u0room29light0room29light
o7 u0system29start2new2timer0system29start2new2timer
