REALIZABLE
aag 89 6 2 4 81
2
4
6
8
10
12
14 139
16 179
28
46
56
115
18 14 17
20 8 18
22 7 20
24 5 22
26 2 24
28 11 26
30 15 17
32 8 30
34 9 15
36 6 34
38 7 32
40 39 37
42 4 41
44 3 42
46 11 44
48 9 18
50 6 48
52 5 50
54 2 52
56 11 54
58 14 16
60 15 16
62 61 19
64 8 63
66 9 59
68 67 65
70 8 59
72 49 71
74 6 73
76 7 69
78 77 75
80 4 79
82 5 59
84 83 81
86 8 15
88 67 87
90 35 71
92 6 91
94 7 89
96 95 93
98 4 59
100 5 97
102 101 99
104 2 103
106 3 85
108 107 105
110 10 59
112 11 109
114 113 111
116 9 17
118 6 116
120 39 119
122 5 121
124 2 122
126 45 125
128 23 51
130 5 129
132 3 130
134 10 132
136 11 127
138 137 135
140 9 60
142 141 71
144 6 143
146 77 145
148 5 147
150 149 99
152 2 151
154 107 153
156 8 60
158 67 157
160 7 159
162 161 145
164 5 163
166 165 99
168 2 59
170 3 167
172 171 169
174 10 173
176 11 155
178 177 175
i0 p0b02c2m29ready
i1 p0b02c2m29standby
i2 p0p0ready02c2m29intend
i3 p0p0standby02c2m29intend
i4 p0b02c2m29busy
i5 p0b02c2m29finished
o0 u02c2m29ctrl0f1d2c2m29turn2off1b
o1 u02c2m29ctrl0f1d2c2m29turn2on1b
o2 u02c2m29ctrl02c2m29ctrl
o3 u02c2m29ctrl0f1d2c2m29make2coffee1b
