REALIZABLE
aag 987 8 5 8 974
2
4
6
8
10
12
14
16
18 1119
20 1391
22 1655
24 1819
26 1975
98
0
321
373
535
617
713
849
28 25 27
30 22 28
32 23 27
34 33 31
36 23 25
38 20 36
40 21 35
42 41 39
44 24 26
46 23 45
48 20 28
50 21 46
52 51 49
54 18 53
56 19 43
58 57 55
60 10 59
62 13 60
64 24 27
66 22 64
68 37 67
70 21 69
72 71 49
74 20 64
76 21 28
78 77 75
80 18 79
82 19 73
84 83 81
86 11 85
88 13 86
90 16 88
92 17 62
94 93 91
96 4 95
98 2 96
100 22 27
102 47 101
104 20 103
106 21 45
108 107 105
110 25 26
112 22 45
114 23 110
116 115 113
118 20 114
120 21 117
122 121 119
124 22 110
126 23 64
128 127 125
130 111 65
132 23 131
134 133 101
136 20 135
138 21 129
140 139 137
142 18 141
144 19 123
146 145 143
148 8 109
150 9 147
152 151 149
154 10 153
156 11 109
158 157 155
160 10 109
162 11 153
164 163 161
166 16 165
168 17 159
170 169 167
172 6 109
174 7 153
176 175 173
178 10 177
180 157 179
182 12 109
184 13 181
186 185 183
188 11 177
190 189 161
192 13 191
194 193 183
196 16 195
198 17 187
200 199 197
202 22 131
204 115 203
206 21 205
208 133 67
210 20 209
212 21 124
214 213 211
216 18 215
218 19 206
220 219 217
222 127 101
224 20 223
226 207 225
228 21 112
230 229 211
232 18 231
234 19 227
236 235 233
238 8 237
240 9 221
242 241 239
244 10 243
246 157 245
248 13 247
250 249 183
252 22 25
254 21 252
256 255 119
258 115 31
260 20 259
262 139 261
264 18 263
266 19 257
268 267 265
270 127 253
272 21 271
274 273 211
276 37 31
278 20 277
280 21 131
282 281 279
284 18 283
286 19 275
288 287 285
290 8 289
292 9 269
294 293 291
296 11 295
298 297 161
300 13 299
302 301 183
304 16 303
306 17 251
308 307 305
310 4 309
312 5 201
314 313 311
316 2 315
318 3 171
320 319 317
322 127 31
324 21 323
326 325 39
328 19 327
330 329 55
332 11 331
334 16 332
336 325 119
338 21 132
340 339 49
342 18 341
344 19 337
346 345 343
348 7 347
350 11 348
352 13 350
354 16 352
356 11 347
358 13 356
360 16 358
362 4 360
364 5 354
366 365 363
368 2 367
370 3 334
372 371 369
374 21 135
376 375 279
378 47 31
380 20 379
382 51 381
384 18 383
386 19 377
388 387 385
390 387 55
392 8 391
394 9 389
396 395 393
398 10 397
400 157 399
402 21 223
404 403 39
406 19 405
408 407 385
410 8 331
412 9 409
414 413 411
416 37 101
418 20 417
420 121 419
422 33 113
424 21 423
426 425 105
428 18 427
430 19 421
432 431 429
434 23 28
436 435 101
438 20 437
440 121 439
442 47 67
444 20 443
446 425 445
448 18 447
450 19 441
452 451 449
454 8 453
456 9 433
458 457 455
460 14 459
462 15 415
464 463 461
466 10 465
468 157 467
470 12 469
472 13 401
474 473 471
476 16 160
478 17 475
480 479 477
482 10 172
484 157 483
486 13 485
488 487 183
490 7 85
492 491 173
494 11 493
496 495 161
498 13 497
500 499 183
502 16 501
504 17 489
506 505 503
508 13 156
510 509 183
512 87 161
514 13 513
516 515 183
518 16 517
520 17 511
522 521 519
524 4 523
526 5 507
528 527 525
530 2 529
532 3 481
534 533 531
536 20 66
538 21 30
540 539 537
542 18 541
544 539 75
546 18 545
548 8 546
550 9 542
552 551 549
554 10 553
556 20 30
558 21 114
560 559 557
562 19 561
564 563 543
566 115 67
568 21 567
570 569 557
572 19 571
574 573 547
576 8 575
578 9 565
580 579 577
582 15 581
584 10 582
586 12 584
588 13 554
590 589 587
592 17 591
594 10 490
596 13 594
598 17 596
600 10 85
602 13 600
604 17 602
606 4 604
608 5 598
610 609 607
612 2 611
614 3 592
616 615 613
618 20 27
620 21 32
622 621 619
624 20 434
626 21 417
628 627 625
630 18 629
632 19 623
634 633 631
636 9 635
638 10 636
640 11 636
642 16 640
644 17 638
646 645 643
648 7 636
650 10 648
652 13 650
654 11 648
656 13 654
658 16 656
660 17 652
662 661 659
664 21 100
666 18 664
668 19 224
670 669 667
672 9 671
674 10 672
676 13 674
678 21 126
680 679 75
682 569 625
684 18 683
686 19 681
688 687 685
690 9 689
692 11 690
694 13 692
696 16 694
698 17 676
700 699 697
702 4 701
704 5 663
706 705 703
708 2 707
710 3 647
712 711 709
714 435 125
716 21 715
718 717 75
720 21 202
722 18 720
724 19 719
726 725 723
728 721 119
730 18 729
732 725 731
734 8 733
736 9 727
738 737 735
740 10 739
742 20 126
744 621 743
746 18 558
748 19 745
750 749 747
752 20 132
754 621 753
756 18 561
758 19 755
760 759 757
762 8 761
764 9 751
766 765 763
768 14 767
770 15 739
772 771 769
774 10 773
776 12 774
778 13 740
780 779 777
782 37 203
784 21 783
786 785 225
788 19 787
790 789 233
792 11 791
794 16 792
796 17 781
798 797 795
800 7 289
802 10 800
804 13 802
806 213 75
808 19 807
810 809 731
812 7 811
814 11 812
816 13 814
818 16 816
820 17 804
822 821 819
824 10 289
826 13 824
828 11 811
830 13 828
832 16 830
834 17 826
836 835 833
838 4 837
840 5 823
842 841 839
844 2 843
846 3 799
848 847 845
850 20 567
852 41 851
854 21 27
856 855 381
858 18 857
860 19 853
862 861 859
864 33 253
866 21 865
868 867 851
870 19 869
872 871 429
874 8 873
876 9 863
878 877 875
880 10 879
882 157 881
884 855 419
886 21 103
888 887 381
890 18 889
892 19 885
894 893 891
896 107 419
898 18 109
900 19 897
902 901 899
904 8 903
906 9 895
908 907 905
910 19 678
912 911 747
914 679 119
916 19 915
918 917 757
920 8 919
922 9 913
924 923 921
926 14 925
928 15 909
930 929 927
932 10 931
934 157 933
936 12 935
938 13 883
940 939 937
942 21 434
944 627 75
946 18 945
948 19 942
950 949 947
952 19 716
954 953 947
956 8 955
958 9 951
960 959 957
962 11 961
964 963 161
966 83 947
968 785 49
970 19 969
972 971 947
974 8 973
976 9 967
978 977 975
980 11 979
982 981 161
984 12 983
986 13 965
988 987 985
990 16 989
992 17 941
994 993 991
996 139 105
998 18 997
1000 19 784
1002 1001 999
1004 679 625
1006 18 1005
1008 19 76
1010 1009 1007
1012 8 1011
1014 9 1003
1016 1015 1013
1018 7 1017
1020 1019 173
1022 10 1021
1024 157 1023
1026 13 1025
1028 1027 183
1030 37 125
1032 21 1031
1034 18 536
1036 19 1032
1038 1037 1035
1040 8 948
1042 9 1039
1044 1043 1041
1046 7 1045
1048 1047 173
1050 11 1049
1052 1051 161
1054 13 1053
1056 1055 183
1058 16 1057
1060 17 1029
1062 1061 1059
1064 19 1005
1066 1065 55
1068 9 1067
1070 1069 1013
1072 10 1071
1074 157 1073
1076 13 1075
1078 1077 183
1080 559 49
1082 77 537
1084 18 1083
1086 19 1081
1088 1087 1085
1090 9 1089
1092 1091 1041
1094 11 1093
1096 1095 161
1098 13 1097
1100 1099 183
1102 16 1101
1104 17 1079
1106 1105 1103
1108 4 1107
1110 5 1063
1112 1111 1109
1114 2 1113
1116 3 995
1118 1117 1115
1120 539 381
1122 133 31
1124 20 1123
1126 339 1125
1128 18 1127
1130 19 1121
1132 1131 1129
1134 20 35
1136 569 1135
1138 19 1137
1140 1139 747
1142 8 1141
1144 9 1133
1146 1145 1143
1148 10 1147
1150 665 753
1152 679 1125
1154 18 1153
1156 19 1151
1158 1157 1155
1160 19 742
1162 8 1160
1164 9 1159
1166 1165 1163
1168 943 619
1170 21 437
1172 1171 625
1174 18 1173
1176 19 1169
1178 1177 1175
1180 37 113
1182 21 1181
1184 1183 619
1186 19 1185
1188 1187 449
1190 8 1189
1192 9 1179
1194 1193 1191
1196 14 1195
1198 15 1167
1200 1199 1197
1202 10 1201
1204 12 1202
1206 13 1148
1208 1207 1205
1210 325 105
1212 19 1211
1214 1213 999
1216 375 105
1218 139 279
1220 18 1219
1222 19 1217
1224 1223 1221
1226 8 1225
1228 9 1215
1230 1229 1227
1232 11 1231
1234 375 211
1236 19 1235
1238 1237 999
1240 325 211
1242 19 1241
1244 1243 1221
1246 8 1245
1248 9 1239
1250 1249 1247
1252 11 1251
1254 12 1252
1256 13 1232
1258 1257 1255
1260 16 1259
1262 17 1209
1264 1263 1261
1266 435 67
1268 21 1267
1270 1269 137
1272 665 381
1274 18 1273
1276 19 1271
1278 1277 1275
1280 1183 225
1282 127 113
1284 21 1283
1286 1285 445
1288 18 1287
1290 19 1281
1292 1291 1289
1294 8 1293
1296 9 1279
1298 1297 1295
1300 7 1299
1302 10 1300
1304 13 1302
1306 887 211
1308 281 105
1310 18 1309
1312 19 1307
1314 1313 1311
1316 867 211
1318 19 1317
1320 1319 285
1322 8 1321
1324 9 1315
1326 1325 1323
1328 7 1327
1330 11 1328
1332 13 1330
1334 16 1332
1336 17 1304
1338 1337 1335
1340 1183 137
1342 18 1341
1344 19 1309
1346 1345 1343
1348 9 1347
1350 1349 1295
1352 10 1351
1354 13 1352
1356 133 113
1358 21 1357
1360 1359 105
1362 19 1361
1364 1363 899
1366 9 1365
1368 1367 1323
1370 11 1369
1372 13 1370
1374 16 1372
1376 17 1354
1378 1377 1375
1380 4 1379
1382 5 1339
1384 1383 1381
1386 2 1385
1388 3 1265
1390 1389 1387
1392 127 203
1394 21 1393
1396 1395 439
1398 107 439
1400 18 1399
1402 19 1397
1404 1403 1401
1406 1359 419
1408 19 1407
1410 1409 899
1412 8 1411
1414 9 1405
1416 1415 1413
1418 10 1417
1420 157 1419
1422 133 125
1424 21 1423
1426 1425 439
1428 19 1427
1430 1429 1401
1432 9 1431
1434 1433 1413
1436 665 419
1438 20 46
1440 1171 1439
1442 18 1441
1444 19 1437
1446 1445 1443
1448 9 1447
1450 1449 455
1452 14 1451
1454 15 1435
1456 1455 1453
1458 10 1457
1460 157 1459
1462 12 1461
1464 13 1421
1466 1465 1463
1468 721 49
1470 627 537
1472 18 1471
1474 19 1469
1476 1475 1473
1478 207 49
1480 19 1479
1482 1481 947
1484 8 1483
1486 9 1477
1488 1487 1485
1490 11 1489
1492 1491 161
1494 21 110
1496 1495 49
1498 19 1497
1500 1499 1473
1502 9 1501
1504 1503 1485
1506 11 1505
1508 1507 161
1510 12 1509
1512 13 1493
1514 1513 1511
1516 16 1515
1518 17 1467
1520 1519 1517
1522 115 253
1524 20 100
1526 21 1523
1528 1527 1525
1530 229 1525
1532 18 1531
1534 19 1529
1536 1535 1533
1538 207 1525
1540 19 1539
1542 1541 233
1544 8 1543
1546 9 1537
1548 1547 1545
1550 7 1549
1552 1551 173
1554 10 1553
1556 157 1555
1558 13 1557
1560 1559 183
1562 569 537
1564 18 1563
1566 19 1494
1568 1567 1565
1570 18 568
1572 19 212
1574 1573 1571
1576 8 1575
1578 9 1569
1580 1579 1577
1582 7 1581
1584 1583 173
1586 11 1585
1588 1587 161
1590 13 1589
1592 1591 183
1594 16 1593
1596 17 1561
1598 1597 1595
1600 41 625
1602 21 36
1604 1603 557
1606 18 1605
1608 19 1601
1610 1609 1607
1612 9 1611
1614 10 1612
1616 157 1615
1618 13 1617
1620 1619 183
1622 1603 49
1624 19 1623
1626 1625 1085
1628 9 1627
1630 11 1628
1632 1631 161
1634 13 1633
1636 1635 183
1638 16 1637
1640 17 1621
1642 1641 1639
1644 4 1643
1646 5 1599
1648 1647 1645
1650 2 1649
1652 3 1521
1654 1653 1651
1656 665 211
1658 403 1125
1660 18 1659
1662 19 1657
1664 1663 1661
1666 809 233
1668 8 1667
1670 9 1665
1672 1671 1669
1674 10 1673
1676 665 137
1678 19 1677
1680 1679 1661
1682 9 1681
1684 1683 239
1686 18 752
1688 1157 1687
1690 9 1689
1692 1691 1163
1694 14 1693
1696 15 1685
1698 1697 1695
1700 10 1699
1702 12 1700
1704 13 1674
1706 1705 1703
1708 403 211
1710 19 1709
1712 1711 1311
1714 9 1713
1716 1715 291
1718 11 1717
1720 1237 1311
1722 9 1721
1724 1723 291
1726 11 1725
1728 12 1726
1730 13 1718
1732 1731 1729
1734 16 1733
1736 17 1707
1738 1737 1735
1740 679 619
1742 18 886
1744 19 1741
1746 1745 1743
1748 8 1347
1750 9 1747
1752 1751 1749
1754 7 1753
1756 10 1754
1758 13 1756
1760 107 279
1762 18 1761
1764 1213 1763
1766 8 1365
1768 9 1765
1770 1769 1767
1772 7 1771
1774 11 1772
1776 13 1774
1778 16 1776
1780 17 1758
1782 1781 1779
1784 235 1289
1786 9 1785
1788 1787 1749
1790 10 1789
1792 13 1790
1794 9 289
1796 1795 1767
1798 11 1797
1800 13 1798
1802 16 1800
1804 17 1792
1806 1805 1803
1808 4 1807
1810 5 1783
1812 1811 1809
1814 2 1813
1816 3 1739
1818 1817 1815
1820 213 537
1822 18 1821
1824 1567 1823
1826 9 1825
1828 10 1826
1830 157 1829
1832 1425 1525
1834 18 1833
1836 19 1424
1838 1837 1835
1840 9 1839
1842 1841 921
1844 14 1843
1846 15 1826
1848 1847 1845
1850 10 1849
1852 157 1851
1854 12 1853
1856 13 1831
1858 1857 1855
1860 9 1566
1862 11 1860
1864 1863 161
1866 9 1572
1868 11 1866
1870 1869 161
1872 12 1871
1874 13 1865
1876 1875 1873
1878 16 1877
1880 17 1859
1882 1881 1879
1884 207 119
1886 19 1885
1888 1887 217
1890 9 1889
1892 7 1890
1894 1893 173
1896 10 1895
1898 157 1897
1900 13 1899
1902 1901 183
1904 18 742
1906 19 720
1908 1907 1905
1910 9 1909
1912 7 1910
1914 1913 173
1916 11 1915
1918 1917 161
1920 13 1919
1922 1921 183
1924 16 1923
1926 17 1903
1928 1927 1925
1930 19 118
1932 9 1930
1934 10 1932
1936 157 1935
1938 13 1937
1940 1939 183
1942 21 66
1944 19 1942
1946 1945 1905
1948 9 1947
1950 11 1948
1952 1951 161
1954 13 1953
1956 1955 183
1958 16 1957
1960 17 1941
1962 1961 1959
1964 4 1963
1966 5 1929
1968 1967 1965
1970 2 1969
1972 3 1883
1974 1973 1971
i0 p0b02room29empty
i1 p0b02room29somebody2leaves
i2 p0b02room29somebody2enters
i3 p0b02timer29timeout
i4 p0b02roomlight29off
i5 p0b02room29switch29toggled
i6 p0p0bright0outside29brightness
i7 p0b02roomlight29on
o0 u02timer29start2new2timer0f1d2timer29hour251b
o1 u02timer29start2new2timer0f1d2timer29min25231b
o2 u02timer29start2new2timer0f1d2timer29hour241b
o3 u02roomlight29light0f1d2roomlight29turn2on1b
o4 u02roomlight29light0f1d2roomlight29toggle1b
o5 u02roomlight29light0f1d2roomlight29turn2off1b
o6 u02timer29start2new2timer02timer29start2new2timer
o7 u02roomlight29light02roomlight29light
