REALIZABLE
aag 560 9 4 13 547
2
4
6
8
10
12
14
16
18
20 783
22 901
24 1013
26 1121
0
73
145
243
287
355
435
521
520
587
586
667
666
28 7 16
30 5 28
32 2 30
34 3 28
36 35 33
38 12 16
40 7 38
42 5 40
44 2 42
46 3 40
48 47 45
50 26 37
52 27 49
54 53 51
56 24 55
58 25 37
60 59 57
62 22 61
64 23 37
66 65 63
68 20 67
70 21 37
72 71 69
74 6 13
76 5 74
78 2 76
80 3 74
82 81 79
84 5 6
86 2 84
88 3 6
90 89 87
92 26 91
94 27 83
96 95 93
98 24 91
100 25 97
102 101 99
104 25 92
106 105 99
108 22 107
110 23 103
112 111 109
114 6 12
116 5 114
118 2 116
120 3 114
122 121 119
124 26 123
126 27 91
128 127 125
130 24 129
132 105 131
134 22 91
136 23 133
138 137 135
140 20 139
142 21 113
144 143 141
146 7 17
148 147 115
150 148 5
152 2 151
154 3 149
156 155 153
158 147 5
160 2 159
162 3 146
164 163 161
166 26 165
168 27 157
170 169 167
172 24 165
174 25 171
176 175 173
178 27 36
180 179 167
182 25 181
184 183 173
186 22 185
188 23 177
190 189 187
192 147 75
194 192 5
196 2 195
198 3 193
200 199 197
202 26 201
204 27 165
206 205 203
208 24 207
210 183 209
212 7 39
214 213 5
216 2 215
218 3 212
220 219 217
222 27 221
224 223 167
226 24 225
228 25 165
230 229 227
232 22 231
234 23 211
236 235 233
238 20 237
240 21 191
242 241 239
244 26 13
246 95 245
248 24 247
250 22 248
252 13 17
254 7 252
256 255 75
258 4 13
260 5 257
262 261 259
264 2 263
266 3 257
268 267 265
270 27 269
272 24 270
274 24 94
276 22 274
278 23 272
280 279 277
282 20 281
284 21 250
286 285 283
288 4 114
290 2 288
292 26 6
294 27 290
296 295 293
298 24 6
300 25 297
302 301 299
304 4 6
306 117 305
308 2 307
310 121 309
312 26 114
314 27 311
316 315 313
318 24 317
320 25 114
322 321 319
324 22 323
326 23 303
328 327 325
330 24 114
332 301 331
334 26 311
336 27 6
338 337 335
340 25 339
342 341 331
344 22 343
346 23 333
348 347 345
350 20 349
352 21 329
354 353 351
356 7 12
358 26 356
360 27 7
362 361 359
364 24 363
366 25 115
368 367 365
370 22 369
372 23 302
374 373 371
376 7 253
378 4 356
380 5 376
382 381 379
384 2 383
386 3 376
388 387 385
390 26 115
392 27 389
394 393 391
396 24 395
398 25 296
400 399 397
402 4 115
404 5 7
406 405 403
408 2 407
410 3 7
412 411 409
414 27 413
416 415 391
418 24 417
420 25 338
422 421 419
424 22 423
426 23 401
428 427 425
430 20 429
432 21 375
434 433 431
436 10 12
438 8 12
440 9 436
442 441 439
444 6 443
446 4 444
448 2 446
450 11 9
452 6 451
454 26 452
456 27 448
458 457 455
460 24 452
462 25 459
464 463 461
466 4 452
468 5 444
470 469 467
472 2 471
474 3 444
476 475 473
478 26 444
480 27 477
482 481 479
484 24 483
486 25 444
488 487 485
490 22 489
492 23 465
494 493 491
496 24 444
498 463 497
500 26 477
502 27 452
504 503 501
506 25 505
508 507 497
510 22 509
512 23 499
514 513 511
516 20 515
518 21 495
520 519 517
522 12 14
524 6 522
526 4 524
528 2 526
530 26 528
532 7 522
534 26 524
536 27 532
538 537 535
540 24 539
542 25 530
544 543 541
546 26 522
548 27 524
550 549 547
552 24 551
554 25 546
556 555 553
558 22 557
560 23 545
562 561 559
564 26 532
566 24 522
568 25 564
570 569 567
572 25 524
574 573 567
576 22 575
578 23 571
580 579 577
582 20 581
584 21 563
586 585 583
588 11 12
590 9 588
592 6 590
594 4 592
596 2 594
598 6 450
600 26 598
602 27 596
604 603 601
606 24 598
608 25 605
610 609 607
612 4 598
614 5 592
616 615 613
618 2 617
620 3 592
622 621 619
624 26 592
626 27 623
628 627 625
630 24 629
632 25 592
634 633 631
636 22 635
638 23 611
640 639 637
642 24 592
644 609 643
646 26 623
648 27 598
650 649 647
652 25 651
654 653 643
656 22 655
658 23 645
660 659 657
662 20 661
664 21 641
666 665 663
668 6 523
670 4 669
672 2 670
674 27 673
676 675 293
678 4 357
680 85 679
682 2 681
684 89 683
686 26 412
688 27 685
690 689 687
692 24 691
694 25 677
696 695 693
698 5 12
700 699 289
702 2 701
704 3 12
706 705 703
708 26 707
710 337 709
712 25 711
714 713 319
716 22 715
718 23 697
720 719 717
722 4 7
724 2 722
726 26 357
728 27 725
730 729 727
732 5 256
734 733 289
736 2 735
738 3 256
740 739 737
742 7 13
744 743 115
746 26 745
748 27 741
750 749 747
752 24 751
754 25 731
756 755 753
758 26 725
760 337 759
762 4 744
764 2 762
766 24 765
768 25 761
770 769 767
772 22 771
774 23 757
776 775 773
778 20 777
780 21 721
782 781 779
784 4 525
786 117 785
788 2 787
790 121 789
792 4 75
794 85 793
796 2 795
798 89 797
800 26 799
802 27 791
804 803 801
806 12 15
808 6 806
810 357 809
812 4 811
814 85 813
816 2 815
818 89 817
820 26 743
822 27 819
824 823 821
826 24 825
828 25 805
830 829 827
832 74 27
834 24 833
836 25 549
838 837 835
840 22 839
842 23 831
844 843 841
846 85 785
848 2 847
850 89 849
852 5 743
854 853 813
856 2 855
858 3 743
860 859 857
862 26 861
864 27 851
866 865 863
868 26 742
870 24 869
872 25 867
874 873 871
876 4 74
878 2 876
880 4 742
882 2 880
884 24 883
886 25 879
888 887 885
890 22 889
892 23 875
894 893 891
896 20 895
898 21 845
900 899 897
902 6 807
904 5 902
906 905 403
908 2 907
910 3 902
912 911 909
914 26 913
916 27 528
918 917 915
920 357 903
922 4 921
924 5 810
926 925 923
928 2 927
930 3 810
932 931 929
934 26 310
936 27 933
938 937 935
940 24 939
942 25 919
944 943 941
946 2 402
948 26 946
950 549 949
952 24 115
954 25 951
956 955 953
958 22 957
960 23 945
962 961 959
964 26 921
966 917 965
968 13 16
970 7 968
972 5 970
974 973 403
976 2 975
978 3 970
980 979 977
982 27 981
984 983 391
986 24 985
988 25 967
990 989 987
992 27 115
994 993 949
996 24 706
998 25 995
1000 999 997
1002 22 1001
1004 23 991
1006 1005 1003
1008 20 1007
1010 21 963
1012 1011 1009
1014 4 808
1016 117 1015
1018 2 1017
1020 121 1019
1022 26 947
1024 27 1021
1026 1025 1023
1028 27 932
1030 1029 727
1032 24 1031
1034 25 1027
1036 1035 1033
1038 2 378
1040 26 1039
1042 27 808
1044 1043 1041
1046 27 412
1048 1047 727
1050 24 1049
1052 25 1045
1054 1053 1051
1056 22 1055
1058 23 1037
1060 1059 1057
1062 85 1015
1064 2 1063
1066 89 1065
1068 26 920
1070 27 1067
1072 1071 1069
1074 5 971
1076 1075 679
1078 2 1077
1080 3 971
1082 1081 1079
1084 27 1083
1086 1085 727
1088 24 1087
1090 25 1073
1092 1091 1089
1094 853 679
1096 2 1095
1098 859 1097
1100 27 1099
1102 1101 1041
1104 24 1103
1106 25 994
1108 1107 1105
1110 22 1109
1112 23 1093
1114 1113 1111
1116 20 1115
1118 21 1061
1120 1119 1117
i0 p0b0wakeup
i1 p0p0between0t29am50t29am2423
i2 p0b0cm29ready
i3 p0b0t29saturday
i4 p0b0t29sunday
i5 p0b0timeout
i6 p0p0asleep0partner
i7 p0b0cm29standby
i8 p0b0cm29busy
o0 u0cm29ctrl0f1dturn2off1b
o1 u0cm29ctrl0f1dturn2on1b
o2 u0cm29ctrl0cm29ctrl
o3 u0cm29ctrl0f1dmake2coffee1b
o4 u0system29start2new2timer0f1dhour251b
o5 u0system29start2new2timer0f1dmin25231b
o6 u0system29start2new2timer0system29start2new2timer
o7 u0radio29ctrl0f1dturn2on1b
o8 u0radio29ctrl0radio29ctrl
o9 u0room29shades29ctrl0f1dmove2to0f1dpercent2423231b1b
o10 u0room29shades29ctrl0room29shades29ctrl
o11 u0tv29ctrl0f1dturn2on1b
o12 u0tv29ctrl0tv29ctrl
