REALIZABLE
aag 138 5 3 3 130
2
4
6
8
10
12 207
14 241
16 277
0
79
165
18 15 17
20 12 18
22 14 17
24 15 16
26 25 23
28 12 17
30 13 27
32 31 29
34 4 33
36 5 20
38 37 35
40 8 39
42 11 40
44 8 36
46 11 44
48 2 46
50 3 42
52 51 49
54 9 39
56 11 54
58 13 24
60 59 21
62 5 61
64 9 62
66 11 64
68 2 66
70 3 56
72 71 69
74 6 73
76 7 53
78 77 75
80 14 16
82 13 81
84 83 29
86 12 22
88 83 87
90 13 18
92 4 90
94 5 89
96 95 93
98 8 97
100 9 85
102 101 99
104 10 85
106 11 103
108 107 105
110 4 85
112 95 111
114 8 113
116 101 115
118 11 117
120 119 105
122 2 121
124 3 109
126 125 123
128 8 85
130 9 97
132 131 129
134 11 133
136 135 105
138 13 17
140 139 87
142 5 141
144 143 111
146 9 145
148 147 129
150 11 149
152 151 105
154 2 153
156 3 137
158 157 155
160 6 159
162 7 127
164 163 161
166 10 128
168 11 98
170 169 167
172 8 94
174 5 85
176 8 174
178 10 176
180 11 172
182 181 179
184 2 183
186 3 171
188 187 185
190 11 130
192 9 142
194 11 192
196 2 194
198 3 190
200 199 197
202 6 201
204 7 189
206 205 203
208 8 33
210 5 33
212 8 210
214 2 212
216 3 208
218 217 215
220 9 33
222 11 220
224 5 22
226 9 224
228 11 226
230 2 228
232 3 222
234 233 231
236 6 235
238 7 219
240 239 237
242 8 110
244 101 243
246 2 245
248 3 100
250 249 247
252 11 128
254 253 105
256 63 111
258 9 257
260 259 129
262 11 261
264 263 105
266 2 265
268 3 255
270 269 267
272 6 271
274 7 251
276 275 273
i0 p0b02lamp29intent29on
i1 p0b02lamp29intent29off
i2 p0b02lamp29on
i3 p0b02lamp29off
i4 p0b02lamp29poweroff
o0 u02lamp29ctrl02lamp29ctrl
o1 u02lamp29ctrl0f1d2lamp29coff1b
o2 u02lamp29ctrl0f1d2lamp29con1b
