REALIZABLE
aag 315 5 4 5 306
2
4
6
8
10
12 401
14 485
16 557
18 631
77
179
273
0
329
20 17 19
22 14 19
24 15 20
26 25 23
28 16 18
30 15 29
32 12 30
34 13 27
36 35 33
38 2 37
40 10 38
42 9 40
44 6 40
46 7 42
48 47 45
50 15 19
52 14 20
54 12 52
56 13 50
58 57 55
60 2 59
62 11 60
64 9 62
66 6 62
68 7 64
70 69 67
72 4 71
74 5 49
76 75 73
78 31 23
80 12 22
82 57 81
84 13 30
86 85 81
88 2 87
90 3 83
92 91 89
94 10 93
96 11 79
98 97 95
100 2 79
102 91 101
104 10 103
106 97 105
108 8 107
110 9 99
112 111 109
114 10 87
116 97 115
118 8 117
120 111 119
122 6 121
124 7 113
126 125 123
128 16 19
130 14 128
132 25 131
134 15 128
136 12 134
138 13 133
140 139 137
142 13 24
144 2 142
146 3 141
148 147 145
150 10 79
152 11 149
154 153 151
156 147 101
158 11 157
160 159 151
162 8 161
164 9 155
166 165 163
168 6 155
170 7 167
172 171 169
174 4 173
176 5 127
178 177 175
180 17 18
182 15 180
184 183 23
186 13 185
188 187 33
190 13 22
192 191 33
194 2 193
196 3 189
198 197 195
200 10 199
202 10 196
204 8 202
206 9 200
208 207 205
210 10 193
212 8 210
214 207 213
216 6 215
218 7 209
220 219 217
222 181 129
224 15 223
226 225 53
228 15 17
230 229 23
232 12 231
234 13 227
236 235 233
238 225 23
240 12 79
242 13 239
244 243 241
246 2 245
248 3 237
250 249 247
252 11 251
254 11 248
256 8 254
258 9 252
260 259 257
262 6 252
264 7 261
266 265 263
268 4 267
270 5 221
272 271 269
274 13 224
276 275 81
278 2 277
280 3 79
282 281 279
284 10 283
286 97 285
288 8 79
290 9 287
292 291 289
294 6 287
296 7 293
298 297 295
300 31 131
302 12 301
304 187 303
306 2 305
308 281 307
310 11 309
312 311 151
314 9 313
316 315 289
318 6 313
320 7 317
322 321 319
324 4 323
326 5 299
328 327 325
330 51 131
332 12 331
334 275 333
336 3 335
338 337 101
340 10 339
342 97 341
344 10 277
346 97 345
348 8 347
350 9 343
352 351 349
354 6 353
356 7 343
358 357 355
360 12 19
362 191 361
364 3 363
366 365 101
368 11 367
370 369 151
372 12 128
374 187 373
376 3 375
378 377 307
380 11 379
382 381 151
384 8 383
386 9 371
388 387 385
390 6 389
392 7 371
394 393 391
396 4 395
398 5 359
400 399 397
402 85 333
404 3 403
406 405 247
408 10 407
410 10 404
412 8 410
414 9 408
416 415 413
418 8 114
420 415 419
422 6 421
424 7 417
426 425 423
428 12 185
430 13 20
432 431 429
434 3 433
436 435 247
438 11 437
440 11 434
442 8 440
444 9 438
446 445 443
448 229 53
450 229 131
452 12 451
454 13 449
456 455 453
458 13 231
460 459 303
462 2 461
464 3 457
466 465 463
468 11 467
470 8 468
472 445 471
474 6 473
476 7 447
478 477 475
480 4 479
482 5 427
484 483 481
486 135 23
488 183 131
490 12 489
492 13 487
494 493 491
496 3 495
498 497 279
500 10 499
502 10 496
504 8 502
506 9 500
508 507 505
510 10 245
512 8 510
514 507 513
516 6 515
518 7 509
520 519 517
522 135 53
524 13 523
526 525 453
528 3 527
530 529 307
532 11 531
534 11 528
536 8 534
538 9 532
540 539 537
542 8 252
544 539 543
546 6 545
548 7 541
550 549 547
552 4 551
554 5 521
556 555 553
558 3 54
560 10 558
562 97 561
564 559 101
566 10 565
568 97 567
570 8 569
572 9 563
574 573 571
576 8 96
578 573 577
580 6 579
582 7 575
584 583 581
586 13 489
588 3 586
590 11 588
592 591 151
594 589 101
596 11 595
598 597 151
600 8 599
602 9 593
604 603 601
606 13 130
608 607 137
610 3 609
612 11 610
614 613 151
616 8 615
618 603 617
620 6 619
622 7 605
624 623 621
626 4 625
628 5 585
630 629 627
i0 p0b02window29opened
i1 p0b02heating29off
i2 p0b02window29closed
i3 p0p02window29all2windows2closed02window29room
i4 p0b02heating29on
o0 u0music29ctrl0f1dplay0f1doverture1b1b
o1 u02heating29ctrl0f1d2heating29turn2on1b
o2 u02heating29ctrl0f1d2heating29turn2off1b
o3 u02heating29ctrl02heating29ctrl
o4 u0music29ctrl0music29ctrl
