REALIZABLE
aag 112 9 2 4 101
2
4
6
8
10
12
14
16
18
20 213
22 225
59
109
130
179
24 20 23
26 21 22
28 27 25
30 10 29
32 9 30
34 15 26
36 13 34
38 19 36
40 10 38
42 9 40
44 10 36
46 9 44
48 6 46
50 7 42
52 51 49
54 2 53
56 3 32
58 57 55
60 28 11
62 8 61
64 9 11
66 65 63
68 22 15
70 68 13
72 70 19
74 10 72
76 15 13
78 76 19
80 78 11
82 8 81
84 9 75
86 85 83
88 10 70
90 76 11
92 8 91
94 9 89
96 95 93
98 6 97
100 7 87
102 101 99
104 2 103
106 3 67
108 107 105
110 15 23
112 13 110
114 19 112
116 11 114
118 8 116
120 11 112
122 8 120
124 6 122
126 7 118
128 127 125
130 2 129
132 10 28
134 8 60
136 9 132
138 137 135
140 20 22
142 15 140
144 13 142
146 19 144
148 10 146
150 11 72
152 8 150
154 9 148
156 155 153
158 10 144
160 11 70
162 8 160
164 9 158
166 165 163
168 6 167
170 7 157
172 171 169
174 2 173
176 3 139
178 177 175
180 8 11
182 9 10
184 183 181
186 11 146
188 8 186
190 9 74
192 191 189
194 11 144
196 8 194
198 9 88
200 199 197
202 6 201
204 7 193
206 205 203
208 2 207
210 3 185
212 211 209
214 10 23
216 141 11
218 8 217
220 9 215
222 221 219
224 222 3
i0 p0b02room29empty
i1 p0b02room29sombebody2enters
i2 p0b02room29sombebody2leaves
i3 p0b02roomlight29off
i4 p0b02roomlight29on
i5 p0b02room29switch29toggled
i6 p0b02room29bed29occupied
i7 p0b02room29somebody2leaves
i8 p0b02room29somebody2enters
o0 u02roomlight29light0f1d2roomlight29turn2on1b
o1 u02roomlight29light0f1d2roomlight29toggle1b
o2 u02roomlight29light0f1d2roomlight29turn2off1b
o3 u02roomlight29light02roomlight29light
