REALIZABLE
aag 424 6 4 6 414
2
4
6
8
10
12
14 605
16 707
18 789
20 849
83
167
301
403
463
503
22 8 13
24 7 22
26 21 24
28 19 26
30 16 28
32 4 24
34 2 32
36 21 34
38 10 13
40 9 38
42 41 23
44 7 43
46 21 44
48 18 46
50 19 36
52 51 49
54 7 13
56 4 44
58 5 54
60 59 57
62 2 61
64 3 54
66 65 63
68 21 67
70 19 68
72 16 70
74 17 53
76 75 73
78 14 77
80 15 30
82 81 79
84 10 12
86 9 84
88 6 84
90 7 86
92 91 89
94 4 93
96 5 84
98 97 95
100 2 99
102 3 84
104 103 101
106 20 105
108 8 84
110 6 108
112 21 110
114 18 112
116 19 106
118 117 115
120 20 93
122 21 88
124 18 122
126 19 120
128 127 125
130 16 129
132 17 119
134 133 131
136 20 110
138 19 136
140 4 110
142 5 108
144 143 141
146 2 145
148 3 108
150 149 147
152 21 151
154 18 152
156 16 154
158 17 138
160 159 157
162 14 161
164 15 135
166 165 163
168 6 38
170 7 40
172 171 169
174 4 173
176 5 38
178 177 175
180 2 179
182 3 38
184 183 181
186 20 185
188 8 38
190 9 10
192 191 189
194 6 193
196 21 194
198 18 196
200 19 186
202 201 199
204 8 12
206 7 204
208 20 173
210 21 206
212 211 209
214 21 168
216 18 214
218 19 213
220 219 217
222 16 221
224 17 203
226 225 223
228 4 206
230 2 228
232 7 190
234 233 195
236 20 235
238 21 230
240 239 237
242 87 205
244 7 243
246 21 244
248 18 246
250 19 241
252 251 249
254 7 12
256 4 244
258 5 254
260 259 257
262 2 261
264 3 254
266 265 263
268 21 267
270 4 235
272 5 193
274 273 271
276 2 275
278 3 193
280 279 277
282 21 281
284 18 282
286 19 268
288 287 285
290 16 289
292 17 253
294 293 291
296 14 295
298 15 227
300 299 297
302 6 11
304 7 191
306 305 303
308 4 307
310 5 11
312 311 309
314 2 313
316 3 11
318 317 315
320 20 318
322 6 10
324 21 323
326 18 324
328 19 321
330 329 327
332 8 7
334 20 307
336 21 333
338 337 335
340 19 339
342 341 327
344 16 343
346 17 331
348 347 345
350 4 332
352 2 350
354 21 353
356 355 335
358 9 11
360 359 7
362 21 361
364 18 362
366 19 357
368 367 365
370 4 361
372 5 6
374 373 371
376 2 375
378 3 6
380 379 377
382 21 381
384 21 319
386 18 384
388 19 382
390 389 387
392 16 391
394 17 369
396 395 393
398 14 397
400 15 349
402 401 399
404 2 4
406 6 86
408 407 5
410 2 409
412 3 406
414 413 411
416 21 415
418 18 416
420 19 404
422 421 419
424 21 404
426 18 424
428 421 427
430 16 429
432 17 423
434 433 431
436 87 5
438 2 437
440 3 86
442 441 439
444 21 443
446 18 444
448 19 424
450 449 447
452 16 451
454 17 429
456 455 453
458 14 457
460 15 435
462 461 459
464 21 414
466 18 464
468 19 405
470 469 467
472 21 405
474 18 472
476 469 475
478 16 477
480 17 471
482 481 479
484 21 442
486 18 484
488 19 472
490 489 487
492 16 491
494 17 477
496 495 493
498 14 497
500 15 483
502 501 499
504 9 7
506 4 504
508 2 506
510 6 359
512 4 510
514 5 359
516 515 513
518 2 517
520 3 359
522 521 519
524 20 523
526 21 509
528 527 525
530 6 87
532 21 530
534 18 532
536 19 529
538 537 535
540 20 510
542 21 6
544 543 541
546 21 510
548 18 546
550 19 545
552 551 549
554 16 553
556 17 539
558 557 555
560 4 7
562 2 560
564 7 358
566 565 531
568 20 567
570 21 563
572 571 569
574 19 573
576 575 365
578 4 567
580 437 579
582 2 581
584 3 87
586 585 583
588 21 587
590 18 588
592 389 591
594 16 593
596 17 577
598 597 595
600 14 599
602 15 559
604 603 601
606 8 11
608 6 606
610 505 609
612 4 611
614 5 606
616 615 613
618 2 617
620 3 606
622 621 619
624 20 623
626 21 562
628 627 625
630 21 302
632 18 630
634 19 629
636 635 633
638 20 611
640 21 504
642 641 639
644 21 611
646 18 644
648 19 643
650 649 647
652 16 651
654 17 637
656 655 653
658 233 303
660 20 659
662 21 508
664 663 661
666 21 232
668 18 666
670 19 665
672 671 669
674 4 232
676 2 674
678 21 676
680 4 659
682 311 681
684 2 683
686 317 685
688 21 687
690 18 688
692 19 678
694 693 691
696 16 695
698 17 673
700 699 697
702 14 701
704 15 657
706 705 703
708 333 609
710 4 709
712 615 711
714 2 713
716 621 715
718 20 717
720 19 718
722 721 327
724 20 709
726 21 332
728 727 725
730 6 607
732 21 731
734 18 732
736 19 729
738 737 735
740 16 739
742 17 723
744 743 741
746 333 303
748 20 747
750 21 352
752 751 749
754 21 7
756 18 754
758 19 753
760 759 757
762 4 747
764 311 763
766 2 765
768 317 767
770 21 769
772 18 770
774 19 754
776 775 773
778 16 777
780 17 761
782 781 779
784 14 783
786 15 745
788 787 785
790 20 358
792 21 406
794 18 792
796 19 790
798 797 795
800 6 358
802 21 800
804 18 802
806 797 805
808 16 807
810 17 799
812 811 809
814 9 39
816 7 814
818 817 407
820 20 819
822 19 820
824 4 819
826 5 86
828 827 825
830 2 829
832 441 831
834 21 833
836 18 834
838 16 836
840 17 822
842 841 839
844 14 843
846 15 813
848 847 845
i0 p0b0room29empty
i1 p0b0room29somebody2leaves
i2 p0b0room29somebody2enters
i3 p0b0timeout
i4 p0b0room29light29off
i5 p0b0room29light29on
o0 u0room29light0f1dturn2off1b
o1 u0room29light0f1dturn2on1b
o2 u0room29light0f1dtoggle1b
o3 u0room29light0room29light
o4 u0system29start2new2timer0f1dhour251b
o5 u0system29start2new2timer0system29start2new2timer
