REALIZABLE
aag 1121 6 5 7 1110
2
4
6
8
10
12
14 1517
16 1735
18 1861
20 2061
22 2243
244
290
639
735
807
1033
1319
24 20 23
26 21 22
28 27 25
30 18 23
32 19 29
34 33 31
36 17 35
38 21 23
40 18 38
42 14 40
44 15 36
46 45 43
48 19 26
50 49 41
52 17 51
54 15 52
56 12 54
58 13 47
60 59 57
62 17 32
64 19 24
66 65 41
68 16 67
70 17 64
72 71 69
74 14 73
76 15 62
78 77 75
80 13 79
82 81 57
84 10 83
86 11 61
88 87 85
90 65 31
92 16 40
94 17 91
96 95 93
98 19 38
100 16 98
102 17 40
104 103 101
106 14 105
108 15 97
110 109 107
112 15 102
114 12 112
116 13 111
118 117 115
120 19 23
122 121 41
124 16 123
126 95 125
128 16 120
130 17 38
132 131 129
134 14 133
136 15 127
138 137 135
140 13 139
142 141 115
144 10 143
146 11 119
148 147 145
150 8 149
152 9 89
154 153 151
156 16 48
158 95 157
160 18 29
162 16 160
164 103 163
166 14 165
168 15 159
170 169 167
172 16 32
174 95 173
176 65 161
178 16 177
180 131 179
182 14 181
184 15 175
186 185 183
188 12 187
190 13 171
192 191 189
194 18 24
196 19 22
198 197 195
200 16 199
202 71 201
204 14 178
206 15 203
208 207 205
210 19 39
212 211 195
214 16 213
216 95 215
218 15 217
220 219 183
222 12 221
224 13 209
226 225 223
228 10 227
230 11 193
232 231 229
234 9 233
236 6 234
238 7 155
240 239 237
242 4 241
244 3 242
246 20 22
248 18 26
250 19 246
252 251 249
254 17 253
256 14 48
258 15 254
260 259 257
262 13 261
264 10 262
266 8 264
268 17 248
270 17 26
272 14 270
274 15 268
276 275 273
278 12 277
280 9 278
282 6 280
284 7 266
286 285 283
288 5 287
290 2 288
292 18 246
294 16 247
296 17 293
298 297 295
300 14 299
302 15 293
304 303 301
306 19 28
308 307 249
310 16 293
312 17 309
314 313 311
316 18 28
318 19 247
320 319 161
322 16 321
324 17 317
326 325 323
328 14 327
330 15 315
332 331 329
334 19 27
336 335 161
338 17 337
340 339 311
342 15 341
344 343 301
346 12 345
348 13 333
350 349 347
352 18 247
354 307 353
356 17 355
358 357 311
360 19 25
362 361 353
364 19 21
366 365 161
368 16 367
370 17 363
372 371 369
374 14 373
376 15 359
378 377 375
380 13 379
382 381 347
384 10 383
386 11 351
388 387 385
390 361 249
392 16 317
394 17 391
396 395 393
398 33 353
400 16 399
402 325 401
404 14 403
406 15 397
408 407 405
410 325 311
412 15 411
414 413 301
416 12 415
418 13 409
420 419 417
422 197 161
424 16 423
426 395 425
428 211 161
430 49 353
432 16 431
434 17 429
436 435 433
438 14 437
440 15 427
442 441 439
444 13 443
446 445 417
448 10 447
450 11 421
452 451 449
454 8 453
456 9 389
458 457 455
460 335 353
462 16 461
464 395 463
466 319 41
468 16 467
470 325 469
472 14 471
474 15 465
476 475 473
478 16 355
480 395 479
482 365 41
484 16 483
486 435 485
488 14 487
490 15 481
492 491 489
494 12 493
496 13 477
498 497 495
500 18 21
502 121 501
504 16 503
506 371 505
508 297 485
510 14 509
512 15 507
514 513 511
516 99 501
518 16 517
520 395 519
522 15 521
524 523 489
526 12 525
528 13 515
530 529 527
532 10 531
534 11 499
536 535 533
538 8 305
540 9 537
542 541 539
544 6 543
546 7 459
548 547 545
550 4 549
552 5 305
554 553 551
556 319 31
558 17 557
560 559 311
562 121 353
564 16 563
566 17 461
568 567 565
570 14 569
572 15 561
574 573 571
576 12 305
578 13 575
580 579 577
582 10 581
584 11 305
586 585 583
588 8 587
590 9 305
592 591 589
594 18 22
596 17 595
598 597 311
600 335 31
602 17 601
604 603 295
606 14 605
608 15 599
610 609 607
612 12 611
614 13 305
616 615 613
618 9 617
620 619 539
622 6 621
624 7 593
626 625 623
628 4 305
630 5 627
632 631 629
634 2 633
636 3 555
638 637 635
640 16 64
642 17 120
644 643 641
646 14 645
648 15 128
650 649 647
652 14 67
654 15 64
656 655 653
658 12 657
660 13 651
662 661 659
664 10 658
666 11 663
668 667 665
670 17 24
672 671 125
674 15 673
676 675 135
678 12 677
680 8 678
682 9 669
684 683 681
686 7 685
688 4 686
690 271 157
692 14 691
694 275 693
696 12 272
698 13 695
700 699 697
702 10 696
704 11 701
706 705 703
708 197 249
710 17 709
712 711 157
714 14 713
716 259 715
718 12 717
720 8 718
722 9 707
724 723 721
726 7 725
728 5 726
730 2 728
732 3 688
734 733 731
736 14 100
738 15 92
740 739 737
742 16 38
744 17 194
746 745 743
748 14 98
750 15 747
752 751 749
754 12 753
756 13 741
758 757 755
760 9 759
762 16 500
764 15 762
766 765 737
768 16 248
770 15 768
772 771 737
774 12 773
776 13 767
778 777 775
780 9 779
782 6 780
784 7 760
786 785 783
788 4 787
790 14 156
792 275 791
794 12 793
796 9 794
798 7 796
800 5 798
802 2 800
804 3 788
806 805 803
808 17 98
810 15 808
812 9 810
814 6 812
816 7 810
818 817 815
820 17 483
822 15 820
824 823 43
826 12 822
828 13 825
830 829 827
832 365 31
834 17 833
836 835 129
838 17 123
840 839 93
842 14 841
844 15 837
846 845 843
848 13 847
850 849 827
852 10 851
854 11 831
856 855 853
858 99 31
860 17 859
862 861 93
864 15 863
866 865 107
868 15 130
870 12 868
872 13 867
874 873 871
876 809 93
878 15 877
880 13 878
882 881 871
884 10 883
886 11 875
888 887 885
890 8 889
892 9 857
894 893 891
896 16 210
898 839 897
900 65 249
902 16 901
904 103 903
906 14 905
908 15 899
910 909 907
912 131 157
914 14 768
916 15 913
918 917 915
920 12 919
922 13 911
924 923 921
926 16 19
928 17 23
930 929 927
932 131 903
934 14 933
936 15 931
938 937 935
940 13 939
942 941 921
944 10 943
946 11 925
948 947 945
950 9 949
952 6 950
954 7 895
956 955 953
958 4 957
960 5 819
962 961 959
964 99 249
966 17 965
968 15 966
970 969 693
972 12 810
974 13 971
976 975 973
978 10 977
980 11 810
982 981 979
984 8 810
986 9 983
988 987 985
990 49 161
992 17 991
994 14 992
996 811 995
998 13 997
1000 999 973
1002 993 157
1004 14 1003
1006 969 1005
1008 13 1007
1010 1009 973
1012 10 1011
1014 11 1001
1016 1015 1013
1018 9 1017
1020 6 1018
1022 7 989
1024 1023 1021
1026 5 1025
1028 2 1026
1030 3 963
1032 1031 1029
1034 211 353
1036 17 1035
1038 1037 311
1040 15 1039
1042 1041 301
1044 9 1043
1046 1045 539
1048 6 1047
1050 7 1043
1052 1051 1049
1054 19 20
1056 1055 161
1058 17 1057
1060 1059 425
1062 16 991
1064 17 423
1066 1065 1063
1068 14 1067
1070 15 1061
1072 1071 1069
1074 255 425
1076 15 1075
1078 1077 1069
1080 12 1079
1082 13 1073
1084 1083 1081
1086 1055 249
1088 17 1087
1090 1089 425
1092 16 29
1094 1065 1093
1096 14 1095
1098 15 1091
1100 1099 1097
1102 13 1101
1104 1103 1081
1106 10 1105
1108 11 1085
1110 1109 1107
1112 211 249
1114 17 1113
1116 1115 393
1118 15 1117
1120 1119 405
1122 711 425
1124 15 1123
1126 1125 439
1128 12 1127
1130 13 1121
1132 1131 1129
1134 1037 393
1136 15 1135
1138 1137 301
1140 13 1139
1142 1141 1129
1144 10 1143
1146 11 1133
1148 1147 1145
1150 8 1149
1152 9 1111
1154 1153 1151
1156 99 195
1158 16 1157
1160 1065 1159
1162 49 31
1164 16 1163
1166 325 1165
1168 14 1167
1170 15 1161
1172 1171 1169
1174 16 601
1176 435 1175
1178 16 35
1180 297 1179
1182 14 1181
1184 15 1177
1186 1185 1183
1188 12 1187
1190 13 1173
1192 1191 1189
1194 16 194
1196 711 1195
1198 435 1165
1200 14 1199
1202 15 1197
1204 1203 1201
1206 13 1205
1208 1207 1189
1210 10 1209
1212 11 1193
1214 1213 1211
1216 9 1215
1218 1217 539
1220 6 1219
1222 7 1155
1224 1223 1221
1226 4 1225
1228 5 1053
1230 1229 1227
1232 211 31
1234 17 1233
1236 1235 311
1238 603 565
1240 14 1239
1242 15 1237
1244 1243 1241
1246 37 311
1248 929 565
1250 14 1249
1252 15 1247
1254 1253 1251
1256 12 1255
1258 13 1043
1260 1259 1257
1262 8 1261
1264 9 1245
1266 1265 1263
1268 335 41
1270 17 1269
1272 1271 295
1274 14 1273
1276 1041 1275
1278 12 1043
1280 13 1277
1282 1281 1279
1284 1271 565
1286 14 1285
1288 1243 1287
1290 13 1289
1292 1291 1279
1294 10 1293
1296 11 1283
1298 1297 1295
1300 9 1299
1302 1301 539
1304 6 1303
1306 7 1267
1308 1307 1305
1310 5 1309
1312 1311 629
1314 2 1313
1316 3 1231
1318 1317 1315
1320 13 810
1322 9 1320
1324 6 1322
1326 7 812
1328 1327 1325
1330 15 642
1332 17 1157
1334 1333 125
1336 14 120
1338 15 1335
1340 1339 1337
1342 12 1341
1344 13 1330
1346 1345 1343
1348 14 128
1350 1331 1349
1352 1333 743
1354 15 1353
1356 1355 749
1358 12 1357
1360 13 1351
1362 1361 1359
1364 10 1363
1366 11 1347
1368 1367 1365
1370 17 30
1372 1371 93
1374 15 1373
1376 1375 107
1378 103 129
1380 809 641
1382 14 1381
1384 15 1379
1386 1385 1383
1388 12 1387
1390 13 1377
1392 1391 1389
1394 1371 125
1396 131 101
1398 14 1397
1400 15 1395
1402 1401 1399
1404 13 1403
1406 1405 871
1408 10 1407
1410 11 1393
1412 1411 1409
1414 8 1413
1416 9 1369
1418 1417 1415
1420 335 195
1422 16 1421
1424 809 1423
1426 15 1425
1428 1427 1383
1430 95 641
1432 15 1431
1434 1433 183
1436 12 1435
1438 13 1429
1440 1439 1437
1442 879 737
1444 95 1423
1446 15 1445
1448 1447 183
1450 12 1449
1452 13 1443
1454 1453 1451
1456 10 1455
1458 11 1441
1460 1459 1457
1462 9 1461
1464 6 1462
1466 7 1419
1468 1467 1465
1470 4 1469
1472 5 1329
1474 1473 1471
1476 12 971
1478 1321 1477
1480 10 971
1482 11 1479
1484 1483 1481
1486 263 719
1488 10 1487
1490 11 718
1492 1491 1489
1494 8 1493
1496 9 1485
1498 1497 1495
1500 1009 279
1502 9 1501
1504 6 1502
1506 7 1499
1508 1507 1505
1510 5 1509
1512 2 1510
1514 3 1475
1516 1515 1513
1518 1259 577
1520 9 1519
1522 1521 539
1524 6 1523
1526 7 1047
1528 1527 1525
1530 255 393
1532 325 1093
1534 14 1533
1536 15 1531
1538 1537 1535
1540 251 161
1542 16 1035
1544 17 1541
1546 1545 1543
1548 435 323
1550 14 1549
1552 15 1547
1554 1553 1551
1556 12 1555
1558 13 1539
1560 1559 1557
1562 313 425
1564 15 1563
1566 1565 1069
1568 307 161
1570 16 363
1572 17 1569
1574 1573 1571
1576 361 161
1578 17 1577
1580 1579 369
1582 14 1581
1584 15 1575
1586 1585 1583
1588 12 1587
1590 13 1567
1592 1591 1589
1594 10 1593
1596 11 1561
1598 1597 1595
1600 10 1127
1602 11 409
1604 1603 1601
1606 8 1605
1608 9 1599
1610 1609 1607
1612 711 763
1614 15 1613
1616 1615 489
1618 307 31
1620 16 1619
1622 371 1621
1624 325 433
1626 14 1625
1628 15 1623
1630 1629 1627
1632 12 1631
1634 13 1617
1636 1635 1633
1638 395 763
1640 16 51
1642 435 1641
1644 14 1643
1646 15 1639
1648 1647 1645
1650 16 859
1652 371 1651
1654 15 1653
1656 1655 1627
1658 12 1657
1660 13 1649
1662 1661 1659
1664 10 1663
1666 11 1637
1668 1667 1665
1670 9 1669
1672 1671 539
1674 6 1673
1676 7 1611
1678 1677 1675
1680 4 1679
1682 5 1529
1684 1683 1681
1686 297 565
1688 14 1687
1690 1243 1689
1692 12 1691
1694 1259 1693
1696 13 1245
1698 1697 1693
1700 10 1699
1702 11 1695
1704 1703 1701
1706 9 1705
1708 1707 589
1710 303 607
1712 12 1711
1714 1291 1713
1716 9 1715
1718 1717 539
1720 6 1719
1722 7 1709
1724 1723 1721
1726 5 1725
1728 1727 629
1730 2 1729
1732 3 1685
1734 1733 1731
1736 17 1163
1738 1737 93
1740 15 1739
1742 1741 737
1744 12 1743
1746 59 1745
1748 37 129
1750 14 123
1752 15 1749
1754 1753 1751
1756 1737 743
1758 15 1757
1760 1759 749
1762 12 1761
1764 13 1755
1766 1765 1763
1768 10 1767
1770 11 1747
1772 1771 1769
1774 881 973
1776 10 1775
1778 8 1776
1780 9 1773
1782 1781 1779
1784 16 557
1786 71 1785
1788 103 641
1790 14 1789
1792 15 1787
1794 1793 1791
1796 12 1795
1798 191 1797
1800 16 595
1802 95 1801
1804 121 161
1806 16 1805
1808 131 1807
1810 14 1809
1812 15 1803
1814 1813 1811
1816 18 39
1818 16 1817
1820 643 1819
1822 15 1821
1824 1823 1791
1826 12 1825
1828 13 1815
1830 1829 1827
1832 10 1831
1834 11 1799
1836 1835 1833
1838 9 1837
1840 6 1838
1842 7 1783
1844 1843 1841
1846 4 1845
1848 12 692
1850 9 1848
1852 6 1850
1854 5 1852
1856 2 1854
1858 3 1846
1860 1859 1857
1862 1089 393
1864 297 401
1866 14 1865
1868 15 1863
1870 1869 1867
1872 12 1871
1874 1559 1873
1876 251 353
1878 17 1877
1880 1879 393
1882 371 1063
1884 14 1883
1886 15 1881
1888 1887 1885
1890 16 429
1892 1089 1891
1894 1037 401
1896 14 1895
1898 15 1893
1900 1899 1897
1902 12 1901
1904 13 1889
1906 1905 1903
1908 10 1907
1910 11 1875
1912 1911 1909
1914 18 27
1916 17 1915
1918 1917 393
1920 15 1919
1922 1921 405
1924 13 1923
1926 1925 417
1928 435 311
1930 15 1929
1932 1931 301
1934 12 1933
1936 1141 1935
1938 10 1937
1940 11 1927
1942 1941 1939
1944 8 1943
1946 9 1913
1948 1947 1945
1950 15 710
1952 1951 1645
1954 16 337
1956 1115 1955
1958 1037 469
1960 14 1959
1962 15 1957
1964 1963 1961
1966 12 1965
1968 13 1953
1970 1969 1967
1972 197 353
1974 17 1973
1976 1975 129
1978 297 1641
1980 14 1979
1982 15 1977
1984 1983 1981
1986 335 249
1988 16 1987
1990 1115 1989
1992 15 1991
1994 1993 1961
1996 12 1995
1998 13 1985
2000 1999 1997
2002 10 2001
2004 11 1971
2006 2005 2003
2008 9 2007
2010 2009 539
2012 6 2011
2014 7 1949
2016 2015 2013
2018 4 2017
2020 5 1047
2022 2021 2019
2024 1697 1279
2026 10 2025
2028 11 1043
2030 2029 2027
2032 9 2031
2034 2033 539
2036 1243 301
2038 12 2037
2040 1291 2039
2042 9 2041
2044 2043 539
2046 6 2045
2048 7 2035
2050 2049 2047
2052 5 2051
2054 2053 629
2056 2 2055
2058 3 2023
2060 2059 2057
2062 16 1973
2064 1037 2063
2066 365 353
2068 16 2067
2070 1975 2069
2072 14 2071
2074 15 2065
2076 2075 2073
2078 197 501
2080 17 2079
2082 2081 425
2084 15 2083
2086 2085 1069
2088 12 2087
2090 13 2077
2092 2091 2089
2094 1115 2063
2096 435 401
2098 14 2097
2100 15 2095
2102 2101 2099
2104 13 2103
2106 2105 2089
2108 10 2107
2110 11 2093
2112 2111 2109
2114 1037 2069
2116 14 2115
2118 2075 2117
2120 2085 439
2122 12 2121
2124 13 2119
2126 2125 2123
2128 1259 2123
2130 10 2129
2132 11 2127
2134 2133 2131
2136 8 2135
2138 9 2113
2140 2139 2137
2142 49 501
2144 16 2143
2146 1037 2145
2148 15 2147
2150 2149 2117
2152 197 41
2154 16 2153
2156 1975 2155
2158 15 2157
2160 2159 1627
2162 12 2161
2164 13 2151
2166 2165 2163
2168 1975 1165
2170 15 2169
2172 2171 1627
2174 12 2173
2176 2105 2175
2178 10 2177
2180 11 2167
2182 2181 2179
2184 9 2183
2186 2185 539
2188 6 2187
2190 7 2141
2192 2191 2189
2194 4 2193
2196 1229 2195
2198 559 295
2200 14 2199
2202 1041 2201
2204 13 2203
2206 2205 1257
2208 10 2207
2210 11 1255
2212 2211 2209
2214 8 2213
2216 1265 2215
2218 1041 1241
2220 12 2219
2222 1291 2221
2224 9 2223
2226 2225 539
2228 6 2227
2230 7 2217
2232 2231 2229
2234 5 2233
2236 2235 629
2238 2 2237
2240 3 2197
2242 2241 2239
i0 p0p0is26off0light26input
i1 p0p0is26on0light26input
i2 p0p0is26closed0shutter26input
i3 p0p0is26open0shutter26input
i4 p0b0env26outside26is26bright
i5 p0b0user26is26sleeping
o0 u0light26ctrl0f1ddo26turn2off1b
o1 u0light26ctrl0light26ctrl
o2 u0light26ctrl0f1ddo26turn2on1b
o3 u0shutter26ctrl0f1ddo26close1b
o4 u0shutter26ctrl0f1ddo26stop1b
o5 u0shutter26ctrl0f1ddo26open1b
o6 u0shutter26ctrl0shutter26ctrl
