REALIZABLE
aag 470 7 4 4 459
2
4
6
8
10
12
14
16 413
18 597
20 759
22 941
0
76
136
277
24 22 21
26 18 24
28 20 22
30 18 28
32 16 31
34 17 27
36 35 33
38 12 37
40 11 38
42 18 21
44 17 43
46 45 33
48 12 47
50 11 48
52 2 50
54 3 40
56 55 53
58 16 30
60 12 59
62 11 60
64 8 62
66 9 54
68 67 65
70 6 69
72 7 57
74 73 71
76 5 75
78 20 23
80 78 19
82 19 22
84 83 43
86 16 85
88 17 81
90 89 87
92 19 24
94 16 92
96 14 94
98 15 91
100 99 97
102 13 101
104 11 102
106 14 92
108 99 107
110 13 109
112 11 110
114 2 112
116 3 104
118 117 115
120 13 98
122 11 120
124 8 122
126 9 116
128 127 125
130 6 129
132 7 119
134 133 131
136 4 135
138 17 26
140 12 138
142 13 59
144 143 141
146 10 59
148 11 145
150 149 147
152 17 42
154 12 152
156 143 155
158 11 157
160 159 147
162 2 161
164 3 151
166 165 163
168 2 59
170 165 169
172 11 142
174 173 147
176 8 175
178 9 171
180 179 177
182 6 181
184 7 167
186 185 183
188 18 78
190 19 23
192 191 189
194 16 193
196 17 80
198 197 195
200 18 29
202 19 25
204 203 201
206 16 204
208 14 207
210 15 199
212 211 209
214 13 213
216 215 61
218 11 217
220 219 147
222 16 205
224 17 93
226 225 223
228 14 227
230 211 229
232 13 231
234 233 61
236 11 235
238 237 147
240 2 239
242 3 221
244 243 241
246 243 169
248 14 59
250 211 249
252 13 251
254 253 61
256 11 255
258 257 147
260 8 259
262 9 247
264 263 261
266 6 265
268 7 245
270 269 267
272 4 271
274 5 187
276 275 273
278 23 21
280 19 279
282 281 201
284 16 283
286 12 284
288 13 32
290 10 288
292 11 286
294 293 291
296 18 20
298 83 297
300 17 299
302 301 87
304 12 303
306 19 79
308 307 297
310 307 201
312 16 311
314 17 309
316 315 313
318 13 317
320 10 318
322 11 304
324 323 321
326 2 325
328 3 295
330 329 327
332 12 199
334 13 199
336 10 334
338 11 332
340 339 337
342 8 341
344 9 328
346 345 343
348 6 347
350 7 331
352 351 349
354 307 43
356 16 355
358 197 357
360 16 21
362 14 360
364 15 359
366 365 363
368 13 367
370 11 368
372 307 189
374 19 21
376 375 201
378 16 377
380 17 373
382 381 379
384 14 383
386 15 47
388 387 385
390 13 389
392 11 390
394 2 392
396 3 370
398 397 395
400 9 396
402 6 400
404 7 399
406 405 403
408 4 407
410 5 353
412 411 409
414 18 22
416 19 28
418 417 415
420 17 419
422 12 420
424 143 423
426 16 200
428 17 281
430 429 427
432 13 431
434 433 61
436 10 435
438 11 425
440 439 437
442 417 201
444 16 42
446 17 443
448 447 445
450 13 449
452 451 61
454 10 453
456 159 455
458 2 457
460 3 441
462 461 459
464 461 169
466 417 27
468 16 467
470 17 28
472 471 469
474 12 473
476 143 475
478 279 29
480 18 23
482 19 479
484 483 481
486 16 485
488 429 487
490 13 489
492 491 61
494 10 493
496 11 477
498 497 495
500 8 499
502 9 465
504 503 501
506 6 505
508 7 463
510 509 507
512 16 298
514 429 513
516 15 515
518 517 209
520 13 519
522 521 61
524 11 523
526 525 147
528 19 278
530 529 201
532 16 531
534 447 533
536 15 535
538 537 229
540 13 539
542 541 61
544 11 543
546 545 147
548 2 547
550 3 527
552 551 549
554 551 169
556 18 278
558 19 20
560 559 557
562 16 561
564 17 83
566 565 563
568 15 567
570 569 249
572 13 571
574 573 61
576 11 575
578 577 147
580 8 579
582 9 555
584 583 581
586 6 585
588 7 553
590 589 587
592 4 591
594 5 511
596 595 593
598 18 478
600 203 599
602 16 601
604 17 376
606 605 603
608 12 607
610 143 609
612 559 189
614 16 613
616 17 20
618 617 615
620 13 619
622 621 61
624 10 623
626 11 611
628 627 625
630 203 31
632 17 631
634 633 603
636 12 635
638 143 637
640 16 558
642 17 310
644 643 641
646 13 645
648 647 61
650 10 649
652 11 639
654 653 651
656 2 655
658 3 629
660 659 657
662 659 169
664 617 223
666 13 665
668 667 61
670 10 669
672 627 671
674 8 673
676 9 663
678 677 675
680 6 679
682 7 661
684 683 681
686 417 189
688 16 188
690 17 687
692 691 689
694 14 693
696 15 619
698 697 695
700 13 699
702 701 61
704 11 703
706 705 147
708 15 645
710 13 708
712 711 61
714 11 713
716 715 147
718 2 717
720 3 707
722 721 719
724 721 169
726 691 533
728 14 727
730 15 665
732 731 729
734 13 733
736 735 61
738 11 737
740 739 147
742 8 741
744 9 725
746 745 743
748 6 747
750 7 723
752 751 749
754 4 753
756 5 685
758 757 755
760 12 91
762 143 761
764 83 27
766 16 765
768 17 22
770 769 767
772 13 771
774 773 61
776 10 775
778 11 763
780 779 777
782 17 191
784 783 87
786 12 785
788 143 787
790 17 192
792 791 767
794 13 793
796 795 61
798 10 797
800 11 789
802 801 799
804 2 803
806 3 781
808 807 805
810 807 169
812 83 31
814 17 813
816 815 767
818 13 817
820 819 61
822 10 821
824 779 823
826 8 825
828 9 811
830 829 827
832 6 831
834 7 809
836 835 833
838 281 415
840 18 479
842 16 841
844 17 839
846 845 843
848 81 27
850 16 82
852 17 849
854 853 851
856 14 855
858 15 847
860 859 857
862 13 861
864 863 61
866 11 865
868 867 147
870 18 79
872 281 871
874 17 873
876 875 843
878 19 478
880 879 871
882 16 280
884 17 881
886 885 883
888 14 887
890 15 877
892 891 889
894 13 893
896 895 61
898 11 897
900 899 147
902 2 901
904 3 869
906 905 903
908 905 169
910 17 530
912 911 843
914 15 913
916 13 914
918 917 61
920 11 919
922 921 147
924 8 923
926 9 909
928 927 925
930 6 929
932 7 907
934 933 931
936 4 935
938 5 837
940 939 937
i0 p0b0room29somebody2enters
i1 p0b0cm29ready
i2 p0b0room29empty
i3 p0b0room29somebody2leaves
i4 p0b0cm29busy
i5 p0b0cm29standby
i6 p0b0cm29finished
o0 u0cm29ctrl0f1dturn2off1b
o1 u0cm29ctrl0f1dturn2on1b
o2 u0cm29ctrl0cm29ctrl
o3 u0cm29ctrl0f1dmake2coffee1b
