REALIZABLE
aag 90 6 2 4 82
2
4
6
8
10
12
14 169
16 181
51
79
95
131
18 14 17
20 15 16
22 21 19
24 6 23
26 5 24
28 9 20
30 6 28
32 5 30
34 2 32
36 3 26
38 37 35
40 12 32
42 2 40
44 37 43
46 10 45
48 11 39
50 49 47
52 7 23
54 4 52
56 9 17
58 6 56
60 5 58
62 2 60
64 3 54
66 65 63
68 12 60
70 2 68
72 65 71
74 10 73
76 11 67
78 77 75
80 7 56
82 4 80
84 2 82
86 12 82
88 2 86
90 10 88
92 11 84
94 93 91
96 4 53
98 5 25
100 99 97
102 14 16
104 103 9
106 6 104
108 4 81
110 5 107
112 111 109
114 2 113
116 3 101
118 117 115
120 12 112
122 2 121
124 117 123
126 10 125
128 11 119
130 129 127
132 4 7
134 5 6
136 135 133
138 9 16
140 6 138
142 9 102
144 7 142
146 4 144
148 5 140
150 149 147
152 2 151
154 3 137
156 155 153
158 12 151
160 2 158
162 155 161
164 10 163
166 11 157
168 167 165
170 6 17
172 103 7
174 4 173
176 5 171
178 177 175
180 178 3
i0 p0b0room29empty
i1 p0b0room29light29off
i2 p0b0room29light29on
i3 p0b0switch29toggled
i4 p0b0room29somebody2enters
i5 p0b0room29somebody2leaves
o0 u0room29light0f1dturn2on1b
o1 u0room29light0f1dtoggle1b
o2 u0room29light0f1dturn2off1b
o3 u0room29light0room29light
