REALIZABLE
aag 1005 4 6 6 995
2
4
6
8
10 1115
12 1371
14 1601
16 1757
18 1919
20 2011
44
169
200
403
727
762
22 18 20
24 16 21
26 17 23
28 27 25
30 14 29
32 15 23
34 33 31
36 12 29
38 13 35
40 39 37
42 4 41
44 2 42
46 19 20
48 16 46
50 15 48
52 18 21
54 17 52
56 47 53
58 17 57
60 14 58
62 15 54
64 63 61
66 12 65
68 13 50
70 69 67
72 14 54
74 51 73
76 13 75
78 10 76
80 11 71
82 81 79
84 19 21
86 16 84
88 17 21
90 89 87
92 14 88
94 15 91
96 95 93
98 12 97
100 13 72
102 10 100
104 11 98
106 105 103
108 8 107
110 9 83
112 111 109
114 11 68
116 115 103
118 17 84
120 14 118
122 12 120
124 11 122
126 125 103
128 8 127
130 9 117
132 131 129
134 4 133
136 5 113
138 137 135
140 12 72
142 10 68
144 11 140
146 145 143
148 15 86
150 149 73
152 12 151
154 11 152
156 8 154
158 9 147
160 159 157
162 5 161
164 2 162
166 3 139
168 167 165
170 14 91
172 15 84
174 12 172
176 13 170
178 177 175
180 59 87
182 14 181
184 173 183
186 12 185
188 13 94
190 189 187
192 10 191
194 11 179
196 195 193
198 4 197
200 3 198
202 16 52
204 17 46
206 205 203
208 14 207
210 15 58
212 211 209
214 14 202
216 15 207
218 217 215
220 12 219
222 13 213
224 223 221
226 15 52
228 227 215
230 14 86
232 217 231
234 12 233
236 13 229
238 237 235
240 14 204
242 63 241
244 55 25
246 14 245
248 15 202
250 249 247
252 12 251
254 13 243
256 255 253
258 10 257
260 11 239
262 261 259
264 63 215
266 12 216
268 13 265
270 269 267
272 12 202
274 255 273
276 10 275
278 11 271
280 279 277
282 6 281
284 7 263
286 285 283
288 8 287
290 9 225
292 291 289
294 15 204
296 12 294
298 13 210
300 299 297
302 12 248
304 13 294
306 305 303
308 10 307
310 11 301
312 311 309
314 295 231
316 12 315
318 13 226
320 319 317
322 10 302
324 11 321
326 325 323
328 13 62
330 329 297
332 11 331
334 333 323
336 6 335
338 7 327
340 339 337
342 8 341
344 9 313
346 345 343
348 4 347
350 5 293
352 351 349
354 13 208
356 255 297
358 10 357
360 11 354
362 361 359
364 13 202
366 12 230
368 255 367
370 10 369
372 11 364
374 373 371
376 13 214
378 10 254
380 11 376
382 381 379
384 6 383
386 7 375
388 387 385
390 8 389
392 9 363
394 393 391
396 5 395
398 2 396
400 3 353
402 401 399
404 119 25
406 15 405
408 407 171
410 12 84
412 13 409
414 413 411
416 14 84
418 407 417
420 27 87
422 14 421
424 95 423
426 12 425
428 13 419
430 429 427
432 10 431
434 11 415
436 435 433
438 15 19
440 439 423
442 12 208
444 13 441
446 445 443
448 16 23
450 17 19
452 451 449
454 14 405
456 15 453
458 457 455
460 14 450
462 15 421
464 463 461
466 12 465
468 13 459
470 469 467
472 10 471
474 11 447
476 475 473
478 457 423
480 205 25
482 14 481
484 12 482
486 13 479
488 487 485
490 12 421
492 469 491
494 10 493
496 11 489
498 497 495
500 6 499
502 7 477
504 503 501
506 8 505
508 9 437
510 509 507
512 407 209
514 227 31
516 12 515
518 13 513
520 519 517
522 16 57
524 451 25
526 14 525
528 15 522
530 529 527
532 119 203
534 14 533
536 211 535
538 12 537
540 13 531
542 541 539
544 10 543
546 11 521
548 547 545
550 439 209
552 59 203
554 14 553
556 227 555
558 12 557
560 13 551
562 561 559
564 205 523
566 15 565
568 567 527
570 13 569
572 571 539
574 10 573
576 11 563
578 577 575
580 457 209
582 59 25
584 14 583
586 227 585
588 12 587
590 13 581
592 591 589
594 11 593
596 595 575
598 6 597
600 7 579
602 601 599
604 8 603
606 9 549
608 607 605
610 4 609
612 5 511
614 613 611
616 451 523
618 55 87
620 14 619
622 15 617
624 623 621
626 15 583
628 627 209
630 12 629
632 13 625
634 633 631
636 15 481
638 637 247
640 12 24
642 13 639
644 643 641
646 10 645
648 11 635
650 649 647
652 451 49
654 15 653
656 655 183
658 15 553
660 659 209
662 12 661
664 13 657
666 665 663
668 205 449
670 15 669
672 671 247
674 637 215
676 12 675
678 13 673
680 679 677
682 10 681
684 11 667
686 685 683
688 623 183
690 13 689
692 691 663
694 14 24
696 637 695
698 12 697
700 679 699
702 10 701
704 11 693
706 705 703
708 6 707
710 7 687
712 711 709
714 8 713
716 9 651
718 717 715
720 5 719
722 2 720
724 3 615
726 725 723
728 15 619
730 729 121
732 15 118
734 733 417
736 12 735
738 13 731
740 739 737
742 14 26
744 15 88
746 745 743
748 12 747
750 13 118
752 751 749
754 10 753
756 11 741
758 757 755
760 5 759
762 2 760
764 27 203
766 14 52
768 15 765
770 769 767
772 249 231
774 12 773
776 13 771
778 777 775
780 15 21
782 781 535
784 15 29
786 785 423
788 12 787
790 13 783
792 791 789
794 10 793
796 11 779
798 797 795
800 7 799
802 15 450
804 803 73
806 13 805
808 807 297
810 451 203
812 14 811
814 407 813
816 463 813
818 12 817
820 13 815
822 821 819
824 10 823
826 11 809
828 827 825
830 7 829
832 831 283
834 8 833
836 9 800
838 837 835
840 13 732
842 841 297
844 295 121
846 13 845
848 847 123
850 10 849
852 11 843
854 853 851
856 6 313
858 7 855
860 859 857
862 14 21
864 769 863
866 249 417
868 12 867
870 13 865
872 871 869
874 89 203
876 14 875
878 227 877
880 785 461
882 12 881
884 13 879
886 885 883
888 10 887
890 11 873
892 891 889
894 177 123
896 173 241
898 12 897
900 13 54
902 901 899
904 10 903
906 11 895
908 907 905
910 6 909
912 7 893
914 913 911
916 8 915
918 9 861
920 919 917
922 4 921
924 5 839
926 925 923
928 785 877
930 15 533
932 931 171
934 12 933
936 13 929
938 937 935
940 89 449
942 15 941
944 943 535
946 13 945
948 947 789
950 10 949
952 11 939
954 953 951
956 733 171
958 12 957
960 739 959
962 119 49
964 15 963
966 965 121
968 13 967
970 969 749
972 10 971
974 11 961
976 975 973
978 6 977
980 7 955
982 981 979
984 841 737
986 173 461
988 13 987
990 989 153
992 10 991
994 11 985
996 995 993
998 377 737
1000 745 461
1002 13 1001
1004 1003 141
1006 10 1005
1008 11 999
1010 1009 1007
1012 6 1011
1014 7 997
1016 1015 1013
1018 8 1017
1020 9 983
1022 1021 1019
1024 16 19
1026 451 87
1028 14 1027
1030 15 1024
1032 1031 1029
1034 14 765
1036 463 1035
1038 12 1037
1040 13 1033
1042 1041 1039
1044 15 46
1046 1045 183
1048 12 214
1050 13 1047
1052 1051 1049
1054 10 1053
1056 11 1043
1058 1057 1055
1060 6 41
1062 7 1059
1064 1063 1061
1066 59 449
1068 15 1067
1070 1069 31
1072 13 1071
1074 1073 37
1076 15 57
1078 1077 585
1080 659 585
1082 12 1081
1084 13 1079
1086 1085 1083
1088 10 1087
1090 11 1075
1092 1091 1089
1094 7 1093
1096 1095 1061
1098 8 1097
1100 9 1065
1102 1101 1099
1104 4 1103
1106 5 1023
1108 1107 1105
1110 2 1109
1112 3 927
1114 1113 1111
1116 15 448
1118 1117 423
1120 463 31
1122 12 1121
1124 13 1119
1126 1125 1123
1128 567 183
1130 63 585
1132 12 1131
1134 13 1129
1136 1135 1133
1138 10 1137
1140 11 1127
1142 1141 1139
1144 7 1143
1146 1145 1061
1148 785 171
1150 12 1149
1152 777 1151
1154 781 1035
1156 13 1155
1158 1157 37
1160 10 1159
1162 11 1153
1164 1163 1161
1166 785 93
1168 12 1167
1170 269 1169
1172 13 65
1174 1173 273
1176 10 1175
1178 11 1171
1180 1179 1177
1182 6 1181
1184 7 1165
1186 1185 1183
1188 8 1187
1190 9 1147
1192 1191 1189
1194 15 24
1196 1195 31
1198 781 31
1200 12 1199
1202 13 1197
1204 1203 1201
1206 943 483
1208 463 585
1210 12 1209
1212 13 1207
1214 1213 1211
1216 10 1215
1218 11 1205
1220 1219 1217
1222 407 31
1224 13 1223
1226 1225 1201
1228 943 527
1230 13 1229
1232 1231 1123
1234 10 1233
1236 11 1227
1238 1237 1235
1240 6 1239
1242 7 1221
1244 1243 1241
1246 871 235
1248 227 535
1250 13 1249
1252 1251 883
1254 10 1253
1256 11 1247
1258 1257 1255
1260 63 171
1262 13 1261
1264 1263 297
1266 407 241
1268 12 1267
1270 329 1269
1272 10 1271
1274 11 1265
1276 1275 1273
1278 6 1277
1280 7 1259
1282 1281 1279
1284 8 1283
1286 9 1245
1288 1287 1285
1290 4 1289
1292 5 1193
1294 1293 1291
1296 1069 863
1298 785 527
1300 12 1299
1302 13 1297
1304 1303 1301
1306 769 31
1308 12 1307
1310 871 1309
1312 10 1311
1314 11 1305
1316 1315 1313
1318 33 171
1320 13 1319
1322 1321 1301
1324 15 525
1326 1325 863
1328 13 1327
1330 1329 1201
1332 10 1331
1334 11 1323
1336 1335 1333
1338 6 1337
1340 7 1317
1342 1341 1339
1344 841 153
1346 10 148
1348 11 1345
1350 1349 1347
1352 6 154
1354 7 1351
1356 1355 1353
1358 8 1357
1360 9 1343
1362 1361 1359
1364 5 1363
1366 2 1364
1368 3 1295
1370 1369 1367
1372 1077 555
1374 13 1373
1376 1375 1083
1378 59 49
1380 15 1379
1382 1381 209
1384 12 553
1386 13 1383
1388 1387 1385
1390 1381 555
1392 13 1391
1394 1393 221
1396 10 1395
1398 11 1389
1400 1399 1397
1402 6 1401
1404 7 1377
1406 1405 1403
1408 205 1025
1410 15 1409
1412 1411 423
1414 295 209
1416 12 1415
1418 13 1413
1420 1419 1417
1422 567 483
1424 12 213
1426 13 1423
1428 1427 1425
1430 10 1429
1432 11 1421
1434 1433 1431
1436 217 483
1438 12 1437
1440 39 1439
1442 33 527
1444 13 1443
1446 1445 37
1448 10 1447
1450 11 1441
1452 1451 1449
1454 6 1453
1456 7 1435
1458 1457 1455
1460 8 1459
1462 9 1407
1464 1463 1461
1466 841 123
1468 13 92
1470 1469 123
1472 10 1471
1474 11 1467
1476 1475 1473
1478 6 127
1480 7 1477
1482 1481 1479
1484 8 1483
1486 9 1239
1488 1487 1485
1490 4 1489
1492 5 1465
1494 1493 1491
1496 627 743
1498 931 417
1500 12 1499
1502 13 1497
1504 1503 1501
1506 931 813
1508 15 875
1510 1509 423
1512 12 1511
1514 13 1507
1516 1515 1513
1518 10 1517
1520 11 1505
1522 1521 1519
1524 729 813
1526 13 1525
1528 1527 737
1530 12 26
1532 1003 1531
1534 10 1533
1536 11 1529
1538 1537 1535
1540 6 1539
1542 7 1523
1544 1543 1541
1546 627 555
1548 12 1547
1550 1073 1549
1552 769 527
1554 12 1553
1556 1085 1555
1558 10 1557
1560 11 1551
1562 1561 1559
1564 39 1549
1566 1069 585
1568 13 1567
1570 1569 1301
1572 10 1571
1574 11 1565
1576 1575 1573
1578 6 1577
1580 7 1563
1582 1581 1579
1584 8 1583
1586 9 1545
1588 1587 1585
1590 4 1065
1592 5 1589
1594 1593 1591
1596 2 1595
1598 3 1495
1600 1599 1597
1602 529 863
1604 407 231
1606 12 1605
1608 13 1603
1610 1609 1607
1612 781 767
1614 463 183
1616 12 1615
1618 13 1613
1620 1619 1617
1622 10 1621
1624 11 1611
1626 1625 1623
1628 51 171
1630 13 1629
1632 1631 175
1634 95 73
1636 13 1635
1638 1637 187
1640 10 1639
1642 11 1633
1644 1643 1641
1646 6 1645
1648 7 1627
1650 1649 1647
1652 55 449
1654 15 1653
1656 1655 241
1658 13 1657
1660 1659 1133
1662 205 87
1664 14 1663
1666 1045 1665
1668 13 1667
1670 1669 273
1672 10 1671
1674 11 1661
1676 1675 1673
1678 7 1677
1680 1679 599
1682 8 1681
1684 9 1651
1686 1685 1683
1688 4 1687
1690 351 1689
1692 1321 37
1694 457 863
1696 13 1695
1698 1697 1201
1700 10 1699
1702 11 1693
1704 1703 1701
1706 119 523
1708 15 1707
1710 1709 483
1712 13 1711
1714 1713 1425
1716 59 1025
1718 15 1717
1720 1719 621
1722 149 695
1724 12 1723
1726 13 1721
1728 1727 1725
1730 10 1729
1732 11 1715
1734 1733 1731
1736 7 1735
1738 1737 709
1740 8 1739
1742 9 1705
1744 1743 1741
1746 4 1097
1748 5 1745
1750 1749 1747
1752 2 1751
1754 3 1691
1756 1755 1753
1758 217 695
1760 12 1759
1762 13 553
1764 1763 1761
1766 13 661
1768 1767 1083
1770 10 1769
1772 11 1765
1774 1773 1771
1776 6 225
1778 7 1775
1780 1779 1777
1782 237 1151
1784 1173 253
1786 10 1785
1788 11 1783
1790 1789 1787
1792 7 1791
1794 1793 1183
1796 8 1795
1798 9 1781
1800 1799 1797
1802 659 863
1804 12 419
1806 13 1803
1808 1807 1805
1810 785 183
1812 12 1811
1814 1619 1813
1816 10 1815
1818 11 1809
1820 1819 1817
1822 173 121
1824 12 1823
1826 177 1825
1828 11 1827
1830 1829 1641
1832 6 1831
1834 7 1821
1836 1835 1833
1838 8 1837
1840 4 1838
1842 5 1801
1844 1843 1841
1846 627 877
1848 12 409
1850 13 1847
1852 1851 1849
1854 1509 535
1856 769 423
1858 12 1857
1860 13 1855
1862 1861 1859
1864 10 1863
1866 11 1853
1868 1867 1865
1870 173 171
1872 12 1871
1874 739 1873
1876 11 1875
1878 1877 755
1880 6 1879
1882 7 1869
1884 1883 1881
1886 8 1885
1888 659 767
1890 13 1889
1892 1891 775
1894 659 183
1896 12 1895
1898 237 1897
1900 10 1899
1902 11 1893
1904 1903 1901
1906 7 1905
1908 4 1906
1910 5 1886
1912 1911 1909
1914 2 1913
1916 3 1845
1918 1917 1915
1920 295 73
1922 13 1921
1924 211 241
1926 12 1925
1928 365 1927
1930 10 1929
1932 11 1922
1934 1933 1931
1936 7 1935
1938 8 1936
1940 111 1939
1942 13 1380
1944 1943 297
1946 1923 303
1948 10 1947
1950 11 1945
1952 1951 1949
1954 11 296
1956 7 1954
1958 1957 337
1960 8 1959
1962 9 1953
1964 1963 1961
1966 4 1965
1968 5 1941
1970 1969 1967
1972 355 141
1974 55 49
1976 15 1975
1978 1977 241
1980 13 1979
1982 1981 297
1984 10 1983
1986 11 1973
1988 1987 1985
1990 13 240
1992 10 1990
1994 7 1992
1996 1995 385
1998 8 1997
2000 9 1989
2002 2001 1999
2004 5 2003
2006 2 2004
2008 3 1971
2010 2009 2007
i0 p0b0btn2min
i1 p0b0btn2sec
i2 p0p0eq0time0f1dzero1b
i3 p0b0btn2start2stop
o0 u0time0f1dzero1b
o1 u0time0f1dcountup0time0dt1b
o2 u0time0f1dinc2seconds0time1b
o3 u0time0f1dcountdown0time0dt1b
o4 u0time0time
o5 u0time0f1dinc2minutes0time1b
