REALIZABLE
aag 45 3 2 4 40
2
4
6
8 77
10 91
26
39
42
65
12 8 11
14 9 10
16 15 13
18 2 14
20 3 17
22 21 19
24 6 23
26 5 24
28 2 11
30 6 28
32 7 20
34 4 32
36 5 30
38 37 35
40 7 28
42 4 40
44 8 10
46 2 44
48 3 16
50 49 47
52 6 50
54 2 10
56 49 55
58 56 7
60 4 59
62 5 53
64 63 61
66 6 29
68 2 45
70 7 69
72 4 70
74 5 66
76 75 73
78 11 3
80 6 78
82 45 3
84 82 7
86 4 85
88 5 81
90 89 87
i0 p0b0room29empty
i1 p0b0room29light29off
i2 p0b0room29light29on
o0 u0room29light0f1dturn2on1b
o1 u0room29light0f1dtoggle1b
o2 u0room29light0f1dturn2off1b
o3 u0room29light0room29light
