REALIZABLE
aag 76 6 2 3 68
2
4
6
8
10
12
14 125
16 153
0
47
93
18 14 17
20 15 16
22 21 19
24 5 23
26 10 24
28 9 18
30 9 23
32 6 30
34 7 28
36 35 33
38 5 37
40 10 38
42 2 40
44 3 26
46 45 43
48 14 16
50 15 17
52 4 49
54 5 50
56 55 53
58 10 57
60 11 49
62 61 59
64 8 49
66 9 15
68 67 65
70 9 50
72 71 65
74 6 73
76 7 69
78 77 75
80 5 79
82 81 53
84 10 83
86 61 85
88 2 87
90 3 63
92 91 89
94 9 17
96 9 49
98 6 96
100 7 94
102 101 99
104 10 103
106 11 70
108 107 105
110 5 103
112 5 70
114 10 112
116 11 110
118 117 115
120 2 119
122 3 109
124 123 121
126 31 65
128 9 20
130 129 65
132 6 64
134 7 131
136 135 133
138 10 137
140 11 127
142 141 139
144 5 137
146 145 53
148 2 147
150 3 143
152 151 149
i0 p0b0open
i1 p0b0closed
i2 p0b02time292423pm
i3 p0b02time296am
i4 p0b0reaching2open
i5 p0b0reaching2closed
o0 u0ctrl0ctrl
o1 u0ctrl0f1dmove2to0f1dpercent231b1b
o2 u0ctrl0f1dmove2to0f1dpercent2423231b1b
