REALIZABLE
aag 605 9 4 8 592
2
4
6
8
10
12
14
16
18
20 889
22 1063
24 1149
26 1211
101
0
207
315
403
445
559
745
28 16 18
30 15 29
32 12 30
34 13 30
36 10 34
38 11 32
40 39 37
42 4 41
44 2 42
46 4 38
48 2 46
50 26 48
52 27 44
54 53 51
56 24 48
58 25 55
60 59 57
62 27 48
64 24 62
66 25 52
68 67 65
70 22 69
72 23 61
74 73 71
76 59 65
78 4 36
80 2 78
82 26 80
84 53 83
86 25 85
88 87 65
90 22 89
92 23 77
94 93 91
96 20 95
98 21 75
100 99 97
102 12 29
104 13 29
106 10 104
108 11 102
110 109 107
112 9 111
114 9 41
116 7 114
118 5 116
120 2 118
122 3 112
124 123 121
126 27 125
128 9 36
130 4 128
132 119 131
134 2 133
136 123 135
138 27 137
140 24 138
142 25 126
144 143 141
146 4 114
148 119 147
150 2 149
152 123 151
154 26 153
156 6 112
158 3 156
160 159 135
162 27 161
164 24 162
166 25 154
168 167 165
170 22 169
172 23 145
174 173 171
176 159 121
178 9 38
180 4 178
182 119 181
184 2 183
186 159 185
188 26 187
190 27 177
192 191 189
194 25 193
196 22 194
198 23 142
200 199 197
202 20 201
204 21 175
206 205 203
208 4 40
210 5 117
212 211 209
214 2 213
216 3 113
218 217 215
220 26 49
222 27 219
224 223 221
226 8 39
228 9 40
230 229 227
232 4 231
234 211 233
236 2 235
238 217 237
240 27 239
242 241 221
244 24 243
246 25 225
248 247 245
250 26 152
252 27 45
254 253 251
256 3 157
258 257 237
260 27 259
262 24 260
264 25 255
266 265 263
268 22 267
270 23 249
272 271 269
274 27 49
276 24 274
278 247 277
280 257 215
282 8 37
284 229 283
286 4 285
288 211 287
290 2 289
292 257 291
294 26 293
296 27 281
298 297 295
300 25 299
302 301 277
304 22 303
306 23 279
308 307 305
310 20 309
312 21 273
314 313 311
316 8 106
318 6 316
320 8 36
322 7 320
324 5 322
326 325 79
328 2 327
330 3 318
332 331 329
334 26 333
336 7 36
338 5 336
340 339 79
342 2 341
344 3 106
346 345 343
348 6 106
350 3 348
352 351 343
354 26 353
356 27 347
358 357 355
360 24 359
362 25 334
364 363 361
366 27 353
368 24 366
370 22 368
372 23 365
374 373 371
376 351 329
378 26 377
380 25 378
382 381 369
384 3 316
386 385 329
388 27 387
390 24 388
392 22 390
394 23 383
396 395 393
398 20 397
400 21 375
402 401 399
404 6 108
406 7 38
408 5 406
410 409 47
412 2 411
414 3 404
416 415 413
418 27 417
420 25 418
422 22 420
424 3 108
426 425 413
428 27 427
430 25 428
432 25 417
434 22 432
436 23 430
438 437 435
440 20 439
442 21 422
444 443 441
446 7 41
448 5 446
450 449 43
452 2 451
454 3 111
456 455 453
458 7 178
460 6 38
462 459 461
464 4 463
466 5 458
468 467 465
470 2 469
472 415 471
474 26 473
476 27 457
478 477 475
480 4 460
482 409 481
484 2 483
486 425 485
488 27 487
490 489 475
492 24 491
494 25 479
496 495 493
498 26 457
500 2 464
502 415 501
504 27 503
506 24 504
508 25 498
510 509 507
512 22 511
514 23 497
516 515 513
518 2 480
520 415 519
522 27 521
524 24 522
526 25 474
528 527 525
530 2 336
532 26 530
534 409 465
536 2 535
538 425 537
540 27 539
542 24 540
544 25 532
546 545 543
548 22 547
550 23 529
552 551 549
554 20 553
556 21 517
558 557 555
560 8 110
562 9 109
564 563 561
566 6 564
568 9 39
570 569 283
572 570 7
574 6 40
576 7 285
578 577 575
580 4 579
582 5 573
584 583 581
586 2 585
588 3 567
590 589 587
592 26 591
594 27 456
596 595 593
598 7 37
600 599 575
602 4 601
604 5 447
606 605 603
608 2 607
610 3 110
612 611 609
614 6 111
616 284 7
618 5 617
620 619 581
622 2 621
624 3 615
626 625 623
628 26 627
630 27 613
632 631 629
634 24 633
636 25 597
638 637 635
640 26 456
642 27 416
644 643 641
646 5 337
648 647 581
650 2 649
652 625 651
654 27 653
656 24 654
658 25 645
660 659 657
662 22 661
664 23 639
666 665 663
668 625 587
670 26 669
672 27 426
674 673 671
676 647 603
678 2 677
680 625 679
682 27 681
684 24 682
686 25 675
688 687 685
690 6 39
692 7 40
694 693 691
696 4 695
698 605 697
700 2 699
702 3 405
704 703 701
706 26 705
708 643 707
710 8 40
712 569 711
714 712 7
716 5 715
718 717 581
720 2 719
722 3 565
724 723 721
726 27 725
728 24 726
730 25 709
732 731 729
734 22 733
736 23 689
738 737 735
740 20 739
742 21 667
744 743 741
746 8 41
748 6 41
750 7 746
752 751 749
754 4 753
756 449 755
758 2 757
760 455 759
762 8 38
764 7 762
766 6 178
768 765 767
770 4 769
772 5 764
774 773 771
776 2 775
778 159 777
780 26 779
782 27 761
784 783 781
786 4 406
788 2 786
790 2 764
792 26 790
794 27 788
796 795 793
798 24 797
800 25 785
802 801 799
804 6 114
806 4 804
808 2 806
810 159 809
812 27 811
814 4 764
816 409 815
818 2 817
820 27 818
822 24 820
824 25 812
826 825 823
828 22 827
830 23 803
832 831 829
834 4 116
836 2 834
838 7 230
840 5 838
842 841 787
844 2 843
846 26 844
848 27 836
850 849 847
852 2 406
854 27 852
856 24 854
858 25 851
860 859 857
862 849 533
864 119 771
866 2 865
868 123 867
870 27 869
872 24 870
874 25 863
876 875 873
878 22 877
880 23 861
882 881 879
884 20 883
886 21 833
888 887 885
890 4 446
892 2 890
894 113 317
896 6 895
898 129 747
900 6 284
902 7 899
904 903 901
906 4 905
908 5 750
910 909 907
912 2 911
914 3 896
916 915 913
918 26 917
920 27 892
922 921 919
924 6 36
926 447 925
928 4 927
930 339 929
932 2 931
934 345 933
936 903 925
938 4 937
940 5 902
942 941 939
944 2 943
946 351 945
948 26 947
950 27 935
952 951 949
954 24 953
956 25 923
958 957 955
960 751 805
962 4 961
964 909 963
966 2 965
968 159 967
970 27 969
972 971 499
974 449 939
976 2 975
978 351 977
980 27 979
982 24 980
984 25 973
986 985 983
988 22 987
990 23 959
992 991 989
994 4 750
996 2 994
998 909 939
1000 2 999
1002 351 1001
1004 26 1003
1006 27 996
1008 1007 1005
1010 449 929
1012 2 1011
1014 351 1013
1016 27 1015
1018 24 1016
1020 25 1009
1022 1021 1019
1024 449 995
1026 2 1025
1028 26 704
1030 27 1026
1032 1031 1029
1034 5 616
1036 1035 907
1038 2 1037
1040 3 895
1042 1041 1039
1044 27 1043
1046 24 1044
1048 25 1033
1050 1049 1047
1052 22 1051
1054 23 1023
1056 1055 1053
1058 20 1057
1060 21 993
1062 1061 1059
1064 8 108
1066 113 1065
1068 6 1067
1070 3 1068
1072 1071 519
1074 26 1073
1076 25 1074
1078 1077 493
1080 909 755
1082 2 1081
1084 3 614
1086 1085 1083
1088 27 1087
1090 25 1088
1092 1091 507
1094 22 1093
1096 23 1079
1098 1097 1095
1100 26 521
1102 477 1101
1104 25 1103
1106 1105 525
1108 1085 759
1110 4 924
1112 2 1110
1114 351 1113
1116 26 1115
1118 27 1109
1120 1119 1117
1122 841 481
1124 2 1123
1126 3 1067
1128 1127 1125
1130 27 1129
1132 24 1130
1134 25 1121
1136 1135 1133
1138 22 1137
1140 23 1107
1142 1141 1139
1144 20 1143
1146 21 1099
1148 1147 1145
1150 331 1013
1152 26 1151
1154 26 1015
1156 951 1155
1158 24 1157
1160 25 1152
1162 1161 1159
1164 2 116
1166 27 1164
1168 1167 499
1170 25 1169
1172 1171 1019
1174 22 1173
1176 23 1163
1178 1177 1175
1180 25 1154
1182 1181 1019
1184 849 1029
1186 325 929
1188 2 1187
1190 385 1189
1192 27 1191
1194 24 1192
1196 25 1185
1198 1197 1195
1200 22 1199
1202 23 1183
1204 1203 1201
1206 20 1205
1208 21 1179
1210 1209 1207
i0 p0b02room29empty
i1 p0b02room29somebody2leaves
i2 p0b02room29somebody2enters
i3 p0b02timer29timeout
i4 p0b02roomlight29off
i5 p0b02roomlight29on
i6 p0b02room29switch29toggled
i7 p0b02room29bed29occupied
i8 p0b02room292room29empty
o0 u02timer29start2new2timer0f1d2timer29hour251b
o1 u02timer29start2new2timer0f1d2timer29min25231b
o2 u02timer29start2new2timer02timer29start2new2timer
o3 u02timer29start2new2timer0f1d2timer29hour241b
o4 u02roomlight29light0f1d2roomlight29turn2off1b
o5 u02roomlight29light0f1d2roomlight29turn2on1b
o6 u02roomlight29light02roomlight29light
o7 u02roomlight29light0f1d2roomlight29toggle1b
