REALIZABLE
aag 257 7 3 7 247
2
4
6
8
10
12
14
16 389
18 429
20 515
105
0
0
169
269
313
0
22 18 20
24 18 21
26 19 20
28 27 25
30 17 29
32 8 23
34 9 30
36 35 33
38 14 37
40 15 23
42 41 39
44 16 23
46 17 24
48 47 45
50 9 49
52 51 33
54 14 23
56 15 53
58 57 55
60 12 59
62 13 43
64 63 61
66 6 23
68 7 37
70 69 67
72 14 71
74 41 73
76 7 53
78 77 67
80 15 79
82 81 55
84 12 83
86 13 75
88 87 85
90 4 89
92 5 65
94 93 91
96 4 23
98 93 97
100 2 99
102 3 95
104 103 101
106 16 29
108 11 106
110 47 107
112 11 111
114 8 112
116 9 108
118 117 115
120 7 119
122 14 120
124 17 26
126 11 124
128 7 126
130 15 128
132 12 130
134 13 122
136 135 133
138 16 26
140 11 138
142 11 49
144 8 142
146 9 140
148 147 145
150 7 149
152 14 150
154 13 152
156 155 133
158 4 157
160 5 137
162 161 159
164 2 163
166 3 137
168 167 165
170 19 21
172 16 170
174 17 23
176 175 173
178 10 23
180 11 177
182 181 179
184 17 19
186 185 173
188 11 187
190 189 179
192 8 191
194 9 183
196 195 193
198 7 197
200 199 67
202 14 201
204 41 203
206 17 21
208 207 45
210 11 209
212 211 179
214 7 213
216 215 67
218 15 217
220 219 55
222 12 221
224 13 205
226 225 223
228 16 21
230 175 229
232 11 231
234 233 179
236 11 184
238 237 179
240 8 239
242 9 235
244 243 241
246 7 245
248 247 67
250 14 249
252 41 251
254 13 253
256 255 223
258 4 257
260 5 227
262 261 259
264 2 263
266 3 227
268 267 265
270 17 170
272 271 45
274 9 273
276 14 274
278 9 184
280 15 278
282 12 280
284 13 276
286 285 283
288 7 274
290 14 288
292 7 278
294 15 292
296 12 294
298 13 290
300 299 297
302 4 301
304 5 287
306 305 303
308 2 304
310 3 307
312 311 309
314 185 45
316 10 315
318 189 317
320 9 319
322 321 193
324 7 323
326 325 67
328 14 327
330 41 329
332 13 331
334 333 223
336 10 26
338 127 337
340 9 339
342 341 241
344 7 343
346 345 67
348 14 347
350 41 349
352 31 45
354 10 353
356 143 355
358 8 213
360 9 357
362 361 359
364 7 363
366 365 67
368 15 367
370 369 55
372 12 371
374 13 351
376 375 373
378 4 377
380 5 335
382 381 379
384 2 383
386 3 335
388 387 385
390 9 46
392 7 390
394 14 392
396 13 394
398 8 270
400 9 21
402 401 399
404 7 403
406 14 404
408 7 270
410 15 408
412 12 410
414 13 406
416 415 413
418 4 417
420 5 396
422 421 419
424 2 423
426 3 396
428 427 425
430 125 107
432 8 29
434 9 431
436 435 433
438 6 124
440 7 437
442 441 439
444 14 443
446 41 445
448 6 49
450 7 353
452 451 449
454 15 453
456 455 55
458 12 457
460 13 447
462 461 459
464 441 67
466 14 465
468 41 467
470 451 67
472 15 471
474 473 55
476 12 475
478 13 469
480 479 477
482 4 481
484 5 463
486 485 483
488 8 353
490 9 26
492 491 489
494 7 493
496 495 439
498 14 497
500 41 499
502 13 501
504 503 459
506 4 505
508 485 507
510 2 509
512 3 487
514 513 511
i0 p0b02window29closed
i1 p0p02window29all2windows2closed02window29room
i2 p0b02window29opened
i3 p0b02timer29timeout
i4 p0p0too2high0room29co252level
i5 p0b02warnlight29off
i6 p0b02warnlight29on
o0 u02timer29start2new2timer0f1d2timer29hour241b
o1 u02timer29start2new2timer0f1d2timer29min25231b
o2 u02timer29start2new2timer0f1d2timer29hour251b
o3 u02warnlight29control0f1d2warnlight29turn2off1b
o4 u02warnlight29control0f1d2warnlight29turn2on1b
o5 u02timer29start2new2timer02timer29start2new2timer
o6 u02warnlight29control02warnlight29control
