REALIZABLE
aag 135 3 4 3 128
2
4
6
8 197
10 231
12 245
14 271
99
0
153
16 12 14
18 12 15
20 10 18
22 11 17
24 23 21
26 10 15
28 11 18
30 29 27
32 8 31
34 9 25
36 35 33
38 23 27
40 9 39
42 41 33
44 2 43
46 3 37
48 47 45
50 9 22
52 51 33
54 4 53
56 5 49
58 57 55
60 11 13
62 13 15
64 10 62
66 8 64
68 9 60
70 69 67
72 29 65
74 8 73
76 69 75
78 2 77
80 3 71
82 81 79
84 8 15
86 41 85
88 4 87
90 5 83
92 91 89
94 6 93
96 7 59
98 97 95
100 11 62
102 8 100
104 9 64
106 105 103
108 2 102
110 3 107
112 111 109
114 9 26
116 115 103
118 4 117
120 5 113
122 121 119
124 11 15
126 125 21
128 8 127
130 9 31
132 131 129
134 101 21
136 8 135
138 131 137
140 2 139
142 3 133
144 143 141
146 5 145
148 6 146
150 7 123
152 151 149
154 105 33
156 8 26
158 9 100
160 159 157
162 2 161
164 3 155
166 165 163
168 4 130
170 5 167
172 171 169
174 131 85
176 101 27
178 8 177
180 9 15
182 181 179
184 2 183
186 3 175
188 187 185
190 5 189
192 6 190
194 7 173
196 195 193
198 9 135
200 199 157
202 2 26
204 3 201
206 205 203
208 69 33
210 4 209
212 5 207
214 213 211
216 131 179
218 2 217
220 3 15
222 221 219
224 5 223
226 6 224
228 7 215
230 229 227
232 187 219
234 5 233
236 235 119
238 5 66
240 6 238
242 7 237
244 243 241
246 13 14
248 11 246
250 9 248
252 8 28
254 251 253
256 2 255
258 3 250
260 259 257
262 5 261
264 263 89
266 6 265
268 7 262
270 269 267
i0 p0p0bright0outside29brightness
i1 p0b02shades29closed
i2 p0b02shades29open
o0 u02shades29ctrl0f1d2shades29move2to0f1d2shades29percent2423231b1b
o1 u02shades29ctrl02shades29ctrl
o2 u02shades29ctrl0f1d2shades29move2to0f1d2shades29percent231b1b
