REALIZABLE
aag 920 10 4 8 906
2
4
6
8
10
12
14
16
18
20
22 1133
24 1397
26 1593
28 1841
100
0
303
337
591
681
791
953
30 24 28
32 26 28
34 24 29
36 25 33
38 37 35
40 22 39
42 23 31
44 43 41
46 21 45
48 19 46
50 7 48
52 16 50
54 27 29
56 24 27
58 25 54
60 59 57
62 22 61
64 23 54
66 65 63
68 21 67
70 19 68
72 7 70
74 17 72
76 10 74
78 11 52
80 79 77
82 16 48
84 17 70
86 10 84
88 11 82
90 89 87
92 14 91
94 15 81
96 95 93
98 4 97
100 2 98
102 24 32
104 22 33
106 23 103
108 107 105
110 24 54
112 25 28
114 113 111
116 26 29
118 27 28
120 119 117
122 24 116
124 25 121
126 125 123
128 22 127
130 23 115
132 131 129
134 8 109
136 9 133
138 137 135
140 16 139
142 17 109
144 143 141
146 16 109
148 17 139
150 149 147
152 10 151
154 11 145
156 155 153
158 20 109
160 21 139
162 161 159
164 18 109
166 19 163
168 167 165
170 6 109
172 7 169
174 173 171
176 16 175
178 143 177
180 17 175
182 181 147
184 10 183
186 11 179
188 187 185
190 16 169
192 143 191
194 17 169
196 195 147
198 10 197
200 11 193
202 201 199
204 14 203
206 15 189
208 207 205
210 24 118
212 8 210
214 21 212
216 215 159
218 19 217
220 219 165
222 7 221
224 223 171
226 16 225
228 143 227
230 23 112
232 231 129
234 24 121
236 25 55
238 237 235
240 23 239
242 241 129
244 8 243
246 9 233
248 247 245
250 21 249
252 251 159
254 19 253
256 255 165
258 7 257
260 259 171
262 17 261
264 263 147
266 10 265
268 11 229
270 269 267
272 16 221
274 143 273
276 17 257
278 277 147
280 10 279
282 11 275
284 283 281
286 14 285
288 15 271
290 289 287
292 4 291
294 5 209
296 295 293
298 2 297
300 3 157
302 301 299
304 23 110
306 305 63
308 16 307
310 11 308
312 21 307
314 19 312
316 7 314
318 16 316
320 11 318
322 16 314
324 11 322
326 14 324
328 15 320
330 329 327
332 2 331
334 3 310
336 335 333
338 25 116
340 22 338
342 23 122
344 343 341
346 25 32
348 347 123
350 23 349
352 351 129
354 8 353
356 9 345
358 357 355
360 7 359
362 16 360
364 143 363
366 25 118
368 367 111
370 25 27
372 371 35
374 22 373
376 23 369
378 377 375
380 22 54
382 305 381
384 8 383
386 9 379
388 387 385
390 24 33
392 59 391
394 22 393
396 377 395
398 8 307
400 9 397
402 401 399
404 6 403
406 7 389
408 407 405
410 17 409
412 411 147
414 10 413
416 11 365
418 417 415
420 21 359
422 421 159
424 19 423
426 425 165
428 7 427
430 429 171
432 16 431
434 143 433
436 21 389
438 437 159
440 19 439
442 441 165
444 7 443
446 445 171
448 17 447
450 449 147
452 10 451
454 11 435
456 455 453
458 19 158
460 459 165
462 6 461
464 429 463
466 16 465
468 143 467
470 21 403
472 471 159
474 19 473
476 475 165
478 6 477
480 445 479
482 17 481
484 483 147
486 10 485
488 11 469
490 489 487
492 14 491
494 15 457
496 495 493
498 237 123
500 23 499
502 501 129
504 8 503
506 9 338
508 507 505
510 21 509
512 511 159
514 19 513
516 515 165
518 7 517
520 519 171
522 16 521
524 143 523
526 21 383
528 527 159
530 19 529
532 531 165
534 7 533
536 535 171
538 17 537
540 539 147
542 10 541
544 11 525
546 545 543
548 519 463
550 16 549
552 143 551
554 313 159
556 19 555
558 557 165
560 6 559
562 535 561
564 17 563
566 565 147
568 10 567
570 11 553
572 571 569
574 14 573
576 15 547
578 577 575
580 4 579
582 5 497
584 583 581
586 2 585
588 3 419
590 589 587
592 25 26
594 593 123
596 23 595
598 597 341
600 9 599
602 601 505
604 22 124
606 597 605
608 9 607
610 609 505
612 6 611
614 7 603
616 615 613
618 17 617
620 10 618
622 21 603
624 19 622
626 7 624
628 17 626
630 10 628
632 21 611
634 19 632
636 6 634
638 627 637
640 17 639
642 10 640
644 14 642
646 15 630
648 647 645
650 21 503
652 19 650
654 7 652
656 17 654
658 10 656
660 17 652
662 10 660
664 14 662
666 15 658
668 667 665
670 4 669
672 5 649
674 673 671
676 2 675
678 3 620
680 679 677
682 25 29
684 683 235
686 23 685
688 687 63
690 9 689
692 16 690
694 17 690
696 10 694
698 11 692
700 699 697
702 21 690
704 19 702
706 7 704
708 16 706
710 17 706
712 10 710
714 11 708
716 715 713
718 16 704
720 17 704
722 10 720
724 11 718
726 725 723
728 14 727
730 15 717
732 731 729
734 9 210
736 21 734
738 19 736
740 7 738
742 16 740
744 339 235
746 23 745
748 9 746
750 21 748
752 19 750
754 7 752
756 17 754
758 10 756
760 11 742
762 761 759
764 16 738
766 17 752
768 10 766
770 11 764
772 771 769
774 14 773
776 15 763
778 777 775
780 4 779
782 5 733
784 783 781
786 2 785
788 3 701
790 789 787
792 24 119
794 367 123
796 22 795
798 23 793
800 799 797
802 37 211
804 23 803
806 8 804
808 9 801
810 809 807
812 24 120
814 23 813
816 815 129
818 6 817
820 7 811
822 821 819
824 16 823
826 59 211
828 22 210
830 23 827
832 831 829
834 6 830
836 7 833
838 837 835
840 17 839
842 10 840
844 11 824
846 845 843
848 21 811
850 19 848
852 7 850
854 16 852
856 21 833
858 19 856
860 7 858
862 17 860
864 10 862
866 11 854
868 867 865
870 21 817
872 19 870
874 6 872
876 853 875
878 16 877
880 21 830
882 19 880
884 6 882
886 861 885
888 17 887
890 10 888
892 11 878
894 893 891
896 14 895
898 15 869
900 899 897
902 25 117
904 903 235
906 23 905
908 907 797
910 8 830
912 9 909
914 913 911
916 21 915
918 19 916
920 7 918
922 16 920
924 11 922
926 925 865
928 921 875
930 16 929
932 11 930
934 933 891
936 14 935
938 15 927
940 939 937
942 4 941
944 5 901
946 945 943
948 2 947
950 3 847
952 951 949
954 59 35
956 23 955
958 957 129
960 25 120
962 961 123
964 23 963
966 965 129
968 8 967
970 9 959
972 971 969
974 23 58
976 6 974
978 7 973
980 979 977
982 16 981
984 367 235
986 22 985
988 65 987
990 975 829
992 8 991
994 9 989
996 995 993
998 7 997
1000 999 977
1002 17 1001
1004 10 1002
1006 11 982
1008 1007 1005
1010 21 973
1012 19 1010
1014 7 1012
1016 16 1014
1018 21 997
1020 19 1018
1022 7 1020
1024 17 1022
1026 10 1024
1028 11 1016
1030 1029 1027
1032 21 974
1034 19 1032
1036 6 1034
1038 1015 1037
1040 16 1039
1042 1023 1037
1044 17 1043
1046 10 1044
1048 11 1040
1050 1049 1047
1052 14 1051
1054 15 1031
1056 1055 1053
1058 125 111
1060 23 1059
1062 1061 41
1064 24 117
1066 23 1065
1068 1067 129
1070 8 1069
1072 9 1063
1074 1073 1071
1076 21 1075
1078 19 1076
1080 7 1078
1082 16 1080
1084 9 307
1086 1085 993
1088 21 1087
1090 19 1088
1092 7 1090
1094 17 1092
1096 10 1094
1098 11 1082
1100 1099 1097
1102 1081 1037
1104 16 1103
1106 1093 1037
1108 17 1107
1110 10 1108
1112 11 1104
1114 1113 1111
1116 14 1115
1118 15 1101
1120 1119 1117
1122 4 1121
1124 5 1057
1126 1125 1123
1128 2 1127
1130 3 1009
1132 1131 1129
1134 339 391
1136 22 1135
1138 23 390
1140 1139 1137
1142 347 391
1144 125 391
1146 22 1145
1148 23 1143
1150 1149 1147
1152 8 1151
1154 9 1141
1156 1155 1153
1158 6 210
1160 7 1157
1162 1161 1159
1164 16 1163
1166 143 1165
1168 593 391
1170 23 1169
1172 1171 1137
1174 237 391
1176 23 1175
1178 1177 1147
1180 8 1179
1182 9 1173
1184 1183 1181
1186 593 235
1188 23 1187
1190 1189 605
1192 9 1191
1194 1193 245
1196 6 1195
1198 7 1185
1200 1199 1197
1202 17 1201
1204 1203 147
1206 10 1205
1208 11 1167
1210 1209 1207
1212 21 1157
1214 1213 159
1216 19 1215
1218 1217 165
1220 7 1219
1222 1221 171
1224 16 1223
1226 143 1225
1228 21 1185
1230 1229 159
1232 19 1231
1234 1233 165
1236 7 1235
1238 1237 171
1240 17 1239
1242 1241 147
1244 10 1243
1246 11 1227
1248 1247 1245
1250 21 210
1252 1251 159
1254 19 1253
1256 1255 165
1258 6 1257
1260 1221 1259
1262 16 1261
1264 143 1263
1266 21 1195
1268 1267 159
1270 19 1269
1272 1271 165
1274 6 1273
1276 1237 1275
1278 17 1277
1280 1279 147
1282 10 1281
1284 11 1265
1286 1285 1283
1288 14 1287
1290 15 1249
1292 1291 1289
1294 37 57
1296 22 745
1298 23 1295
1300 1299 1297
1302 9 1301
1304 1303 135
1306 21 1305
1308 1307 159
1310 19 1309
1312 1311 165
1314 7 1313
1316 1315 171
1318 16 1317
1320 143 1319
1322 22 121
1324 107 1323
1326 9 1325
1328 1327 135
1330 21 1329
1332 1331 159
1334 19 1333
1336 1335 165
1338 7 1337
1340 1339 171
1342 17 1341
1344 1343 147
1346 10 1345
1348 11 1321
1350 1349 1347
1352 1315 1259
1354 16 1353
1356 143 1355
1358 21 243
1360 1359 159
1362 19 1361
1364 1363 165
1366 6 1365
1368 1339 1367
1370 17 1369
1372 1371 147
1374 10 1373
1376 11 1357
1378 1377 1375
1380 14 1379
1382 15 1351
1384 1383 1381
1386 4 1385
1388 5 1293
1390 1389 1387
1392 2 1391
1394 3 1211
1396 1395 1393
1398 593 111
1400 22 955
1402 23 1399
1404 1403 1401
1406 1061 381
1408 8 1407
1410 9 1405
1412 1411 1409
1414 37 111
1416 22 1415
1418 597 1417
1420 237 35
1422 23 1421
1424 1423 41
1426 8 1425
1428 9 1419
1430 1429 1427
1432 6 1431
1434 7 1413
1436 1435 1433
1438 16 1437
1440 305 1401
1442 9 1441
1444 1443 385
1446 9 62
1448 1447 399
1450 6 1449
1452 7 1445
1454 1453 1451
1456 17 1455
1458 10 1456
1460 11 1438
1462 1461 1459
1464 21 1413
1466 19 1464
1468 7 1466
1470 16 1468
1472 21 1445
1474 19 1472
1476 7 1474
1478 17 1476
1480 10 1478
1482 11 1470
1484 1483 1481
1486 21 1431
1488 19 1486
1490 6 1488
1492 1469 1491
1494 16 1493
1496 21 1449
1498 19 1496
1500 6 1498
1502 1477 1501
1504 17 1503
1506 10 1504
1508 11 1494
1510 1509 1507
1512 14 1511
1514 15 1485
1516 1515 1513
1518 113 35
1520 59 123
1522 22 1521
1524 23 1519
1526 1525 1523
1528 9 1527
1530 1529 385
1532 21 1531
1534 19 1532
1536 7 1534
1538 16 1536
1540 22 58
1542 305 1541
1544 9 1543
1546 1545 385
1548 21 1547
1550 19 1548
1552 7 1550
1554 17 1552
1556 10 1554
1558 11 1538
1560 1559 1557
1562 1537 1491
1564 16 1563
1566 1553 1501
1568 17 1567
1570 10 1568
1572 11 1564
1574 1573 1571
1576 14 1575
1578 15 1561
1580 1579 1577
1582 4 1581
1584 5 1517
1586 1585 1583
1588 2 1587
1590 3 1463
1592 1591 1589
1594 113 235
1596 125 211
1598 22 1597
1600 23 1595
1602 1601 1599
1604 347 235
1606 23 1605
1608 1607 1323
1610 8 1609
1612 9 1603
1614 1613 1611
1616 367 57
1618 22 234
1620 23 1617
1622 1621 1619
1624 9 1623
1626 1625 213
1628 6 1627
1630 7 1615
1632 1631 1629
1634 16 1633
1636 143 1635
1638 241 1599
1640 241 1323
1642 8 1641
1644 9 1639
1646 1645 1643
1648 1177 129
1650 9 1649
1652 1651 245
1654 6 1653
1656 7 1647
1658 1657 1655
1660 17 1659
1662 1661 147
1664 10 1663
1666 11 1637
1668 1667 1665
1670 21 1615
1672 1671 159
1674 19 1673
1676 1675 165
1678 7 1677
1680 1679 171
1682 16 1681
1684 143 1683
1686 21 1647
1688 1687 159
1690 19 1689
1692 1691 165
1694 7 1693
1696 1695 171
1698 17 1697
1700 1699 147
1702 10 1701
1704 11 1685
1706 1705 1703
1708 21 1627
1710 1709 159
1712 19 1711
1714 1713 165
1716 6 1715
1718 1679 1717
1720 16 1719
1722 143 1721
1724 21 1653
1726 1725 159
1728 19 1727
1730 1729 165
1732 6 1731
1734 1695 1733
1736 17 1735
1738 1737 147
1740 10 1739
1742 11 1723
1744 1743 1741
1746 14 1745
1748 15 1707
1750 1749 1747
1752 125 57
1754 22 1753
1756 1189 1755
1758 9 1757
1760 1759 1643
1762 21 1761
1764 1763 159
1766 19 1765
1768 1767 165
1770 7 1769
1772 1771 171
1774 16 1773
1776 143 1775
1778 241 1147
1780 9 1779
1782 1781 1643
1784 21 1783
1786 1785 159
1788 19 1787
1790 1789 165
1792 7 1791
1794 1793 171
1796 17 1795
1798 1797 147
1800 10 1799
1802 11 1777
1804 1803 1801
1806 1771 1717
1808 16 1807
1810 143 1809
1812 1793 1733
1814 17 1813
1816 1815 147
1818 10 1817
1820 11 1811
1822 1821 1819
1824 14 1823
1826 15 1805
1828 1827 1825
1830 4 1829
1832 5 1751
1834 1833 1831
1836 2 1835
1838 3 1669
1840 1839 1837
i0 p0b02room29empty
i1 p0b02room29somebody2leaves
i2 p0b02room29somebody2enters
i3 p0b02timer29timeout
i4 p0b02roomlight29off
i5 p0b02room29sombebody2enters
i6 p0b02room29sombebody2leaves
i7 p0b02roomlight29on
i8 p0b02room29switch29toggled
i9 p0b02room29bed29occupied
o0 u02timer29start2new2timer0f1d2timer29hour251b
o1 u02timer29start2new2timer0f1d2timer29min25231b
o2 u02timer29start2new2timer0f1d2timer29hour241b
o3 u02roomlight29light0f1d2roomlight29turn2on1b
o4 u02roomlight29light0f1d2roomlight29toggle1b
o5 u02roomlight29light0f1d2roomlight29turn2off1b
o6 u02timer29start2new2timer02timer29start2new2timer
o7 u02roomlight29light02roomlight29light
