REALIZABLE
aag 306 6 4 5 296
2
4
6
8
10
12
14 407
16 497
18 553
20 613
71
183
271
0
325
22 19 21
24 17 21
26 14 24
28 15 22
30 29 27
32 6 31
34 12 32
36 11 34
38 8 34
40 9 36
42 41 39
44 17 22
46 16 22
48 14 46
50 15 44
52 51 49
54 6 53
56 13 54
58 11 56
60 8 56
62 9 58
64 63 61
66 4 65
68 5 43
70 69 67
72 18 20
74 16 21
76 17 73
78 77 75
80 14 21
82 15 79
84 83 81
86 15 76
88 87 49
90 18 21
92 16 90
94 77 93
96 15 95
98 97 49
100 2 99
102 3 89
104 103 101
106 14 74
108 97 107
110 6 109
112 7 105
114 113 111
116 12 115
118 13 85
120 119 117
122 6 85
124 113 123
126 12 125
128 119 127
130 10 129
132 11 121
134 133 131
136 8 121
138 9 135
140 139 137
142 17 90
144 14 142
146 51 145
148 6 50
150 7 147
152 151 149
154 12 85
156 13 153
158 157 155
160 151 123
162 13 161
164 163 155
166 10 165
168 11 159
170 169 167
172 8 159
174 9 171
176 175 173
178 4 177
180 5 141
182 181 179
184 25 93
186 14 185
188 15 74
190 189 187
192 15 46
194 193 187
196 2 195
198 3 191
200 199 197
202 193 27
204 6 203
206 7 201
208 207 205
210 12 209
212 12 206
214 10 212
216 11 210
218 217 215
220 8 210
222 9 219
224 223 221
226 19 20
228 227 91
230 17 229
232 231 75
234 45 75
236 14 235
238 15 233
240 239 237
242 239 81
244 6 243
246 7 241
248 247 245
250 13 249
252 13 246
254 10 252
256 11 250
258 257 255
260 8 250
262 9 259
264 263 261
266 4 265
268 5 225
270 269 267
272 231 93
274 15 273
276 275 107
278 6 277
280 7 85
282 281 279
284 12 283
286 119 285
288 10 85
290 11 287
292 291 289
294 8 287
296 9 293
298 297 295
300 239 187
302 6 301
304 281 303
306 13 305
308 307 155
310 11 309
312 311 289
314 8 309
316 9 313
318 317 315
320 4 319
322 5 299
324 323 321
326 189 81
328 29 81
330 2 329
332 3 327
334 333 331
336 7 335
338 337 33
340 12 339
342 12 336
344 10 342
346 11 340
348 347 345
350 2 31
352 3 203
354 353 351
356 6 355
358 337 357
360 12 359
362 10 360
364 347 363
366 8 365
368 9 349
370 369 367
372 7 80
374 373 55
376 13 375
378 13 372
380 10 378
382 11 376
384 383 381
386 6 48
388 373 387
390 13 389
392 10 390
394 383 393
396 8 395
398 9 385
400 399 397
402 4 401
404 5 371
406 405 403
408 15 235
410 409 81
412 193 81
414 2 413
416 3 411
418 417 415
420 7 419
422 421 205
424 12 423
426 12 420
428 10 426
430 11 424
432 431 429
434 2 203
436 3 31
438 437 435
440 6 439
442 421 441
444 12 443
446 10 444
448 431 447
450 8 449
452 9 433
454 453 451
456 17 19
458 457 75
460 15 459
462 461 107
464 7 463
466 465 387
468 13 467
470 13 464
472 10 470
474 11 468
476 475 473
478 465 55
480 13 479
482 10 480
484 475 483
486 8 485
488 9 477
490 489 487
492 4 491
494 5 455
496 495 493
498 15 142
500 499 49
502 7 501
504 503 279
506 12 505
508 12 502
510 10 508
512 11 506
514 513 511
516 8 506
518 9 515
520 519 517
522 45 93
524 14 523
526 239 525
528 7 527
530 529 303
532 13 531
534 13 528
536 10 534
538 11 532
540 539 537
542 8 532
544 9 541
546 545 543
548 4 547
550 5 521
552 551 549
554 17 226
556 15 554
558 555 93
560 15 559
562 2 560
564 3 556
566 565 563
568 7 567
570 12 568
572 119 571
574 569 123
576 12 575
578 119 577
580 10 579
582 11 573
584 583 581
586 8 573
588 9 585
590 589 587
592 13 122
594 593 155
596 10 595
598 11 154
600 599 597
602 8 154
604 9 601
606 605 603
608 4 607
610 5 591
612 611 609
i0 p0p0gt0outside29temperature02room29temperature
i1 p0b02heating29off
i2 p0b02window29opened
i3 p0b02window29closed
i4 p0p02window29all2windows2closed02window29room
i5 p0b02heating29on
o0 u0music29ctrl0f1dplay0f1doverture1b1b
o1 u02heating29ctrl0f1d2heating29turn2on1b
o2 u02heating29ctrl0f1d2heating29turn2off1b
o3 u02heating29ctrl02heating29ctrl
o4 u0music29ctrl0music29ctrl
