REALIZABLE
aag 61 5 2 4 54
2
4
6
8
10
12 111
14 122
16
32
42
79
16 3 13
18 13 15
20 6 18
22 7 13
24 23 21
26 4 25
28 5 13
30 29 27
32 2 31
34 12 15
36 6 34
38 4 36
40 8 38
42 2 40
44 13 14
46 45 35
48 6 47
50 7 34
52 51 49
54 4 53
56 5 34
58 57 55
60 6 44
62 51 61
64 4 63
66 57 65
68 8 67
70 9 59
72 71 69
74 2 73
76 3 34
78 77 75
80 12 14
82 6 15
84 7 81
86 85 83
88 4 87
90 5 81
92 91 89
94 85 21
96 4 95
98 91 97
100 8 99
102 9 93
104 103 101
106 2 105
108 3 81
110 109 107
112 4 60
114 4 48
116 8 114
118 9 112
120 119 117
122 2 121
i0 p0b0room29light29off
i1 p0b0switch29toggled
i2 p0p0bright0outside29brightness
i3 p0b0room29light29on
i4 p0b0room29empty
o0 u0room29light0f1dturn2on1b
o1 u0room29light0f1dtoggle1b
o2 u0room29light0f1dturn2off1b
o3 u0room29light0room29light
