REALIZABLE
aag 1198 9 5 8 1184
2
4
6
8
10
12
14
16
18
20 1347
22 1709
24 1989
26 2187
28 2397
110
0
341
401
633
713
835
1005
30 27 29
32 24 30
34 25 27
36 35 33
38 22 30
40 23 37
42 41 39
44 24 29
46 25 30
48 47 45
50 22 49
52 41 51
54 20 53
56 21 43
58 57 55
60 19 59
62 10 60
64 13 62
66 26 29
68 24 66
70 47 69
72 25 29
74 73 69
76 22 75
78 23 71
80 79 77
82 25 66
84 22 82
86 23 75
88 87 85
90 20 89
92 21 81
94 93 91
96 19 95
98 11 96
100 13 98
102 16 100
104 17 64
106 105 103
108 4 107
110 2 108
112 26 28
114 27 28
116 115 67
118 24 117
120 24 113
122 25 114
124 123 121
126 73 33
128 22 127
130 23 125
132 131 129
134 20 133
136 21 118
138 137 135
140 8 113
142 9 139
144 143 141
146 10 145
148 11 113
150 149 147
152 10 113
154 11 145
156 155 153
158 16 157
160 17 151
162 161 159
164 47 119
166 22 165
168 23 118
170 169 167
172 35 121
174 22 29
176 23 173
178 177 175
180 20 179
182 21 171
184 183 181
186 9 185
188 187 141
190 18 113
192 19 189
194 193 191
196 6 113
198 7 195
200 199 197
202 10 201
204 149 203
206 12 113
208 13 205
210 209 207
212 11 201
214 213 153
216 13 215
218 217 207
220 16 219
222 17 211
224 223 221
226 169 85
228 20 227
230 137 229
232 83 119
234 22 117
236 23 233
238 237 235
240 24 114
242 25 117
244 243 241
246 22 245
248 237 247
250 20 249
252 21 239
254 253 251
256 8 255
258 9 231
260 259 257
262 19 261
264 263 191
266 10 265
268 149 267
270 13 269
272 271 207
274 24 27
276 123 275
278 23 277
280 279 39
282 20 281
284 21 240
286 285 283
288 243 275
290 22 277
292 23 289
294 293 291
296 22 173
298 279 297
300 20 299
302 21 295
304 303 301
306 8 305
308 9 287
310 309 307
312 19 311
314 313 191
316 11 315
318 317 153
320 13 319
322 321 207
324 16 323
326 17 273
328 327 325
330 4 329
332 5 225
334 333 331
336 2 335
338 3 163
340 339 337
342 123 33
344 23 343
346 345 39
348 21 347
350 349 55
352 11 351
354 16 352
356 22 32
358 345 357
360 20 347
362 21 359
364 363 361
366 19 365
368 7 366
370 11 368
372 13 370
374 16 372
376 345 51
378 20 377
380 363 379
382 19 381
384 11 382
386 13 384
388 16 386
390 4 388
392 5 374
394 393 391
396 2 395
398 3 354
400 399 397
402 131 175
404 41 175
406 20 405
408 21 403
410 409 407
412 123 45
414 23 413
416 415 175
418 21 417
420 419 55
422 8 421
424 9 411
426 425 423
428 73 121
430 22 429
432 41 431
434 20 433
436 409 435
438 47 121
440 22 439
442 41 441
444 20 443
446 419 445
448 8 447
450 9 437
452 451 449
454 6 453
456 7 427
458 457 455
460 10 459
462 149 461
464 131 39
466 21 465
468 467 407
470 8 351
472 9 469
474 473 471
476 25 113
478 477 119
480 22 479
482 23 120
484 483 481
486 477 275
488 22 487
490 23 113
492 491 489
494 20 493
496 21 485
498 497 495
500 73 119
502 23 501
504 503 489
506 20 505
508 497 507
510 8 509
512 9 499
514 513 511
516 14 515
518 15 475
520 519 517
522 10 521
524 149 523
526 12 525
528 13 463
530 529 527
532 16 152
534 17 531
536 535 533
538 22 46
540 22 68
542 23 46
544 543 541
546 20 545
548 21 538
550 549 547
552 19 551
554 553 191
556 7 555
558 557 197
560 10 559
562 149 561
564 13 563
566 565 207
568 22 66
570 87 569
572 20 571
574 93 573
576 19 575
578 577 191
580 7 579
582 581 197
584 11 583
586 585 153
588 13 587
590 589 207
592 16 591
594 17 567
596 595 593
598 10 190
600 149 599
602 13 601
604 603 207
606 97 191
608 11 607
610 609 153
612 13 611
614 613 207
616 16 615
618 17 605
620 619 617
622 4 621
624 5 597
626 625 623
628 2 627
630 3 537
632 631 629
634 23 66
636 20 634
638 635 85
640 20 639
642 8 640
644 9 636
646 645 643
648 10 647
650 21 568
652 651 637
654 23 68
656 655 569
658 21 657
660 659 641
662 8 661
664 9 653
666 665 663
668 15 667
670 10 668
672 12 670
674 13 648
676 675 673
678 17 677
680 79 569
682 21 681
684 683 641
686 19 685
688 7 686
690 10 688
692 13 690
694 17 692
696 10 96
698 13 696
700 17 698
702 4 700
704 5 694
706 705 703
708 2 707
710 3 678
712 711 709
714 477 33
716 123 119
718 22 717
720 23 72
722 721 719
724 20 723
726 21 715
728 727 725
730 9 729
732 10 730
734 11 730
736 16 734
738 17 732
740 739 737
742 243 33
744 22 743
746 23 715
748 747 745
750 22 114
752 23 82
754 753 751
756 20 755
758 21 749
760 759 757
762 9 761
764 19 762
766 7 764
768 10 766
770 13 768
772 11 766
774 13 772
776 16 774
778 17 770
780 779 777
782 22 242
784 753 783
786 21 785
788 787 757
790 9 789
792 19 790
794 10 792
796 13 794
798 22 343
800 23 743
802 801 799
804 20 718
806 21 803
808 807 805
810 9 809
812 19 810
814 11 812
816 13 814
818 16 816
820 17 796
822 821 819
824 4 823
826 5 781
828 827 825
830 2 829
832 3 741
834 833 831
836 721 751
838 23 240
840 839 751
842 20 841
844 21 837
846 845 843
848 73 241
850 23 849
852 851 751
854 21 853
856 855 843
858 8 857
860 9 847
862 861 859
864 22 122
866 839 865
868 20 867
870 845 869
872 855 869
874 8 873
876 9 871
878 877 875
880 6 879
882 7 863
884 883 881
886 10 885
888 23 476
890 889 357
892 20 540
894 21 891
896 895 893
898 345 541
900 20 899
902 895 901
904 8 903
906 9 897
908 907 905
910 14 909
912 15 863
914 913 911
916 10 915
918 12 916
920 13 886
922 921 919
924 503 235
926 21 925
928 927 251
930 11 929
932 16 930
934 17 923
936 935 933
938 22 27
940 279 939
942 20 941
944 303 943
946 19 945
948 7 946
950 10 948
952 13 950
954 83 241
956 23 955
958 957 751
960 21 959
962 961 843
964 19 963
966 7 964
968 11 966
970 13 968
972 16 970
974 17 952
976 975 973
978 19 305
980 10 978
982 13 980
984 11 964
986 13 984
988 16 986
990 17 982
992 991 989
994 4 993
996 5 977
998 997 995
1000 2 999
1002 3 937
1004 1003 1001
1006 47 275
1008 22 274
1010 23 1007
1012 1011 1009
1014 73 275
1016 22 1015
1018 177 1017
1020 20 1019
1022 21 1013
1024 1023 1021
1026 23 30
1028 1027 357
1030 22 1007
1032 41 1031
1034 20 1033
1036 21 1029
1038 1037 1035
1040 8 1039
1042 9 1025
1044 1043 1041
1046 177 129
1048 20 1047
1050 1023 1049
1052 20 43
1054 1037 1053
1056 8 1055
1058 9 1051
1060 1059 1057
1062 6 1061
1064 7 1045
1066 1065 1063
1068 10 1067
1070 149 1069
1072 177 441
1074 21 1073
1076 1075 181
1078 8 59
1080 9 1077
1082 1081 1079
1084 23 122
1086 1085 357
1088 21 1087
1090 1089 893
1092 1089 901
1094 8 1093
1096 9 1091
1098 1097 1095
1100 6 1099
1102 7 892
1104 1103 1101
1106 14 1105
1108 15 1083
1110 1109 1107
1112 10 1111
1114 149 1113
1116 12 1115
1118 13 1071
1120 1119 1117
1122 23 34
1124 22 955
1126 503 1125
1128 20 1127
1130 21 1122
1132 1131 1129
1134 87 1125
1136 20 1135
1138 1131 1137
1140 8 1139
1142 9 1133
1144 1143 1141
1146 503 85
1148 20 1147
1150 21 542
1152 1151 1149
1154 1151 91
1156 8 1155
1158 9 1153
1160 1159 1157
1162 6 1161
1164 7 1145
1166 1165 1163
1168 11 1167
1170 1169 153
1172 93 1149
1174 8 95
1176 9 1173
1178 1177 1175
1180 11 1179
1182 1181 153
1184 12 1183
1186 13 1171
1188 1187 1185
1190 16 1189
1192 17 1121
1194 1193 1191
1196 22 476
1198 747 297
1200 20 1199
1202 21 1196
1204 1203 1201
1206 169 481
1208 20 925
1210 21 1207
1212 1211 1209
1214 8 1213
1216 9 1205
1218 1217 1215
1220 19 1219
1222 1221 191
1224 7 1223
1226 1225 197
1228 10 1227
1230 149 1229
1232 13 1231
1234 1233 207
1236 123 69
1238 35 69
1240 22 1239
1242 23 1237
1244 1243 1241
1246 22 233
1248 79 1247
1250 20 1249
1252 21 1245
1254 1253 1251
1256 22 34
1258 1085 1257
1260 47 241
1262 22 118
1264 23 1261
1266 1265 1263
1268 20 1267
1270 21 1259
1272 1271 1269
1274 8 1273
1276 9 1255
1278 1277 1275
1280 19 1279
1282 1281 191
1284 7 1283
1286 1285 197
1288 11 1287
1290 1289 153
1292 13 1291
1294 1293 207
1296 16 1295
1298 17 1235
1300 1299 1297
1302 9 59
1304 19 1302
1306 1305 191
1308 10 1307
1310 149 1309
1312 13 1311
1314 1313 207
1316 9 95
1318 19 1316
1320 1319 191
1322 11 1321
1324 1323 153
1326 13 1325
1328 1327 207
1330 16 1329
1332 17 1315
1334 1333 1331
1336 4 1335
1338 5 1301
1340 1339 1337
1342 2 1341
1344 3 1195
1346 1345 1343
1348 477 69
1350 22 1349
1352 23 114
1354 1353 1351
1356 23 242
1358 1357 481
1360 20 1359
1362 21 1355
1364 1363 1361
1366 23 717
1368 1367 481
1370 20 239
1372 21 1369
1374 1373 1371
1376 8 1375
1378 9 1365
1380 1379 1377
1382 10 1381
1384 149 1383
1386 169 783
1388 477 241
1390 22 1389
1392 1357 1391
1394 20 1393
1396 21 1387
1398 1397 1395
1400 169 235
1402 21 1401
1404 1403 251
1406 8 1405
1408 9 1399
1410 1409 1407
1412 1027 481
1414 22 125
1416 23 429
1418 1417 1415
1420 20 1419
1422 21 1413
1424 1423 1421
1426 23 439
1428 1427 481
1430 22 113
1432 503 1431
1434 20 1433
1436 21 1429
1438 1437 1435
1440 8 1439
1442 9 1425
1444 1443 1441
1446 41 1431
1448 21 1447
1450 1449 1421
1452 177 1431
1454 20 113
1456 21 1453
1458 1457 1455
1460 8 1459
1462 9 1451
1464 1463 1461
1466 6 1465
1468 7 1445
1470 1469 1467
1472 14 1471
1474 15 1411
1476 1475 1473
1478 10 1477
1480 149 1479
1482 12 1481
1484 13 1385
1486 1485 1483
1488 1085 1351
1490 20 1246
1492 21 1489
1494 1493 1491
1496 1243 1351
1498 839 1263
1500 20 1499
1502 21 1497
1504 1503 1501
1506 8 1505
1508 9 1495
1510 1509 1507
1512 11 1511
1514 1513 153
1516 1243 865
1518 21 1517
1520 1519 1491
1522 21 122
1524 1523 1501
1526 8 1525
1528 9 1521
1530 1529 1527
1532 11 1531
1534 1533 153
1536 12 1535
1538 13 1515
1540 1539 1537
1542 16 1541
1544 17 1487
1546 1545 1543
1548 1085 1431
1550 503 297
1552 20 1551
1554 21 1549
1556 1555 1553
1558 1367 1431
1560 491 235
1562 20 1561
1564 21 1559
1566 1565 1563
1568 8 1567
1570 9 1557
1572 1571 1569
1574 19 1573
1576 1575 191
1578 7 1577
1580 1579 197
1582 10 1581
1584 149 1583
1586 13 1585
1588 1587 207
1590 1085 1197
1592 851 1263
1594 20 1593
1596 21 1591
1598 1597 1595
1600 503 1247
1602 20 1601
1604 1503 1603
1606 8 1605
1608 9 1599
1610 1609 1607
1612 19 1611
1614 1613 191
1616 7 1615
1618 1617 197
1620 11 1619
1622 1621 153
1624 13 1623
1626 1625 207
1628 16 1627
1630 17 1589
1632 1631 1629
1634 20 38
1636 21 1026
1638 1637 1635
1640 1085 39
1642 41 541
1644 20 1643
1646 21 1641
1648 1647 1645
1650 8 1649
1652 9 1639
1654 1653 1651
1656 19 1655
1658 1657 191
1660 10 1659
1662 149 1661
1664 13 1663
1666 1665 207
1668 655 77
1670 21 1669
1672 1671 91
1674 8 1673
1676 9 1150
1678 1677 1675
1680 19 1679
1682 1681 191
1684 11 1683
1686 1685 153
1688 13 1687
1690 1689 207
1692 16 1691
1694 17 1667
1696 1695 1693
1698 4 1697
1700 5 1633
1702 1701 1699
1704 2 1703
1706 3 1547
1708 1707 1705
1710 655 1263
1712 483 1009
1714 20 1713
1716 21 1711
1718 1717 1715
1720 22 240
1722 20 1720
1724 8 1722
1726 9 1719
1728 1727 1725
1730 483 357
1732 20 1731
1734 1717 1733
1736 9 1735
1738 6 1736
1740 7 1729
1742 1741 1739
1744 10 1743
1746 149 1745
1748 21 1262
1750 1749 1733
1752 9 1751
1754 20 403
1756 137 1755
1758 8 892
1760 9 1757
1762 1761 1759
1764 22 120
1766 1367 1765
1768 21 1767
1770 1769 1755
1772 9 1771
1774 1773 1095
1776 6 1775
1778 7 1763
1780 1779 1777
1782 14 1781
1784 15 1752
1786 1785 1783
1788 10 1787
1790 149 1789
1792 12 1791
1794 13 1747
1796 1795 1793
1798 1243 541
1800 169 1721
1802 20 1801
1804 21 1799
1806 1805 1803
1808 21 1084
1810 1809 1723
1812 8 1811
1814 9 1807
1816 1815 1813
1818 20 168
1820 21 68
1822 1821 1819
1824 9 1823
1826 6 1824
1828 7 1817
1830 1829 1827
1832 11 1831
1834 1833 153
1836 21 540
1838 1837 1819
1840 9 1839
1842 11 1840
1844 1843 153
1846 12 1845
1848 13 1835
1850 1849 1847
1852 16 1851
1854 17 1797
1856 1855 1853
1858 83 45
1860 22 1859
1862 1427 1861
1864 20 1863
1866 1075 1865
1868 9 1867
1870 1869 1079
1872 19 1871
1874 1873 191
1876 7 1875
1878 1877 197
1880 10 1879
1882 149 1881
1884 13 1883
1886 1885 207
1888 543 77
1890 503 541
1892 20 1891
1894 21 1889
1896 1895 1893
1898 8 575
1900 9 1897
1902 1901 1899
1904 19 1903
1906 1905 191
1908 7 1907
1910 1909 197
1912 11 1911
1914 1913 153
1916 13 1915
1918 1917 207
1920 16 1919
1922 17 1887
1924 1923 1921
1926 22 44
1928 1027 1927
1930 20 1929
1932 349 1931
1934 9 1933
1936 1935 1079
1938 19 1937
1940 1939 191
1942 10 1941
1944 149 1943
1946 13 1945
1948 1947 207
1950 20 86
1952 21 76
1954 1953 1951
1956 9 1955
1958 1957 1175
1960 19 1959
1962 1961 191
1964 11 1963
1966 1965 153
1968 13 1967
1970 1969 207
1972 16 1971
1974 17 1949
1976 1975 1973
1978 4 1977
1980 5 1925
1982 1981 1979
1984 2 1983
1986 3 1857
1988 1987 1985
1990 243 121
1992 23 1991
1994 1993 175
1996 21 1995
1998 1997 407
2000 243 45
2002 23 2001
2004 2003 175
2006 21 2005
2008 2007 55
2010 8 2009
2012 9 1999
2014 2013 2011
2016 1997 435
2018 2007 445
2020 8 2019
2022 9 2017
2024 2023 2021
2026 6 2025
2028 7 2015
2030 2029 2027
2032 10 2031
2034 1993 39
2036 21 2035
2038 2037 407
2040 801 39
2042 21 2041
2044 2043 55
2046 8 2045
2048 9 2039
2050 2049 2047
2052 83 121
2054 23 2053
2056 2055 481
2058 21 2057
2060 2059 1455
2062 2059 1435
2064 8 2063
2066 9 2061
2068 2067 2065
2070 1993 1431
2072 21 2071
2074 2073 1455
2076 6 2075
2078 7 2069
2080 2079 2077
2082 14 2081
2084 15 2051
2086 2085 2083
2088 10 2087
2090 12 2088
2092 13 2032
2094 2093 2091
2096 2055 431
2098 477 45
2100 22 715
2102 23 2099
2104 2103 2101
2106 20 2105
2108 21 2097
2110 2109 2107
2112 11 2111
2114 16 2112
2116 17 2095
2118 2117 2115
2120 21 752
2122 19 2120
2124 7 2122
2126 10 2124
2128 13 2126
2130 83 275
2132 23 2131
2134 2133 1009
2136 22 37
2138 345 2137
2140 20 2139
2142 21 2135
2144 2143 2141
2146 19 2145
2148 7 2146
2150 11 2148
2152 13 2150
2154 16 2152
2156 17 2128
2158 2157 2155
2160 19 255
2162 10 2160
2164 13 2162
2166 11 978
2168 13 2166
2170 16 2168
2172 17 2164
2174 2173 2171
2176 4 2175
2178 5 2159
2180 2179 2177
2182 2 2181
2184 3 2119
2186 2185 2183
2188 237 751
2190 20 2189
2192 21 750
2194 2193 2191
2196 21 841
2198 2197 251
2200 8 2199
2202 9 2195
2204 2203 2201
2206 237 865
2208 20 2207
2210 2193 2209
2212 237 783
2214 20 2213
2216 2197 2215
2218 8 2217
2220 9 2211
2222 2221 2219
2224 6 2223
2226 7 2205
2228 2227 2225
2230 10 2229
2232 149 2231
2234 21 234
2236 2235 2191
2238 9 2237
2240 2239 1407
2242 20 344
2244 1089 2243
2246 8 2245
2248 9 1088
2250 2249 2247
2252 7 2251
2254 14 2252
2256 15 2241
2258 2257 2255
2260 10 2259
2262 149 2261
2264 12 2263
2266 13 2233
2268 2267 2265
2270 11 1525
2272 2271 153
2274 16 2273
2276 17 2269
2278 2277 2275
2280 23 479
2282 2281 235
2284 20 2283
2286 1211 2285
2288 9 2287
2290 2289 1215
2292 19 2291
2294 2293 191
2296 7 2295
2298 2297 197
2300 10 2299
2302 149 2301
2304 13 2303
2306 2305 207
2308 1243 1257
2310 1265 1247
2312 20 2311
2314 21 2309
2316 2315 2313
2318 9 2317
2320 2319 1275
2322 19 2321
2324 2323 191
2326 7 2325
2328 2327 197
2330 11 2329
2332 2331 153
2334 13 2333
2336 2335 207
2338 16 2337
2340 17 2307
2342 2341 2339
2344 20 1084
2346 9 2344
2348 19 2346
2350 2349 191
2352 10 2351
2354 149 2353
2356 13 2355
2358 2357 207
2360 20 84
2362 21 654
2364 2363 2361
2366 9 2365
2368 19 2366
2370 2369 191
2372 11 2371
2374 2373 153
2376 13 2375
2378 2377 207
2380 16 2379
2382 17 2359
2384 2383 2381
2386 4 2385
2388 5 2343
2390 2389 2387
2392 2 2391
2394 3 2279
2396 2395 2393
i0 p0b02room29empty
i1 p0b02room29somebody2leaves
i2 p0b02room29somebody2enters
i3 p0b02timer29timeout
i4 p0b02roomlight29off
i5 p0b02room29switch29toggled
i6 p0p0bright0outside29brightness
i7 p0b02roomlight29on
i8 p0b02room29bed29occupied
o0 u02timer29start2new2timer0f1d2timer29hour251b
o1 u02timer29start2new2timer0f1d2timer29min25231b
o2 u02timer29start2new2timer0f1d2timer29hour241b
o3 u02roomlight29light0f1d2roomlight29turn2on1b
o4 u02roomlight29light0f1d2roomlight29toggle1b
o5 u02roomlight29light0f1d2roomlight29turn2off1b
o6 u02timer29start2new2timer02timer29start2new2timer
o7 u02roomlight29light02roomlight29light
