REALIZABLE
aag 2518 11 5 4 2502
2
4
6
8
10
12
14
16
18
20
22
24 2419
26 3165
28 4073
30 4421
32 5037
87
851
1143
1499
34 31 33
36 28 34
38 29 34
40 26 38
42 27 36
44 43 41
46 31 32
48 28 46
50 39 49
52 26 51
54 27 38
56 55 53
58 24 57
60 25 45
62 61 59
64 18 63
66 17 64
68 21 63
70 18 68
72 17 70
74 23 72
76 14 72
78 15 74
80 79 77
82 12 81
84 13 66
86 85 83
88 30 32
90 28 88
92 26 89
94 27 91
96 95 93
98 24 89
100 25 97
102 101 99
104 19 103
106 28 89
108 29 35
110 109 107
112 30 33
114 28 112
116 29 89
118 117 115
120 26 119
122 27 111
124 123 121
126 47 113
128 28 127
130 29 33
132 131 129
134 27 133
136 135 93
138 24 137
140 25 125
142 141 139
144 18 103
146 19 143
148 147 145
150 16 149
152 17 104
154 153 151
156 29 112
158 157 107
160 29 31
162 161 115
164 26 163
166 27 159
168 167 165
170 131 49
172 117 129
174 26 173
176 27 171
178 177 175
180 24 179
182 25 169
184 183 181
186 19 185
188 187 145
190 16 189
192 153 191
194 6 193
196 7 155
198 197 195
200 28 31
202 29 127
204 203 201
206 27 205
208 207 121
210 39 129
212 117 49
214 26 213
216 27 211
218 217 215
220 24 219
222 25 209
224 223 221
226 19 225
228 227 145
230 16 229
232 153 231
234 26 160
236 27 200
238 237 235
240 161 49
242 26 241
244 27 51
246 245 243
248 24 247
250 25 239
252 251 249
254 19 253
256 255 145
258 16 257
260 153 259
262 6 261
264 7 233
266 265 263
268 4 267
270 5 199
272 271 269
274 20 103
276 18 274
278 105 277
280 21 143
282 281 275
284 19 283
286 285 145
288 16 287
290 17 279
292 291 289
294 22 103
296 23 293
298 297 295
300 21 185
302 301 275
304 19 303
306 305 145
308 16 307
310 291 309
312 23 311
314 313 295
316 6 315
318 7 299
320 319 317
322 21 225
324 323 275
326 19 325
328 327 145
330 16 329
332 291 331
334 23 333
336 335 295
338 21 253
340 339 275
342 19 341
344 343 145
346 16 345
348 291 347
350 23 349
352 351 295
354 6 353
356 7 337
358 357 355
360 4 359
362 5 321
364 363 361
366 203 107
368 27 367
370 369 121
372 131 115
374 27 373
376 375 175
378 24 377
380 25 371
382 381 379
384 21 383
386 385 275
388 19 387
390 389 145
392 16 391
394 291 393
396 28 33
398 157 397
400 27 399
402 401 165
404 27 130
406 405 175
408 24 407
410 25 403
412 411 409
414 21 413
416 415 275
418 19 417
420 419 145
422 16 421
424 291 423
426 6 425
428 7 395
430 429 427
432 39 115
434 26 171
436 27 433
438 437 435
440 24 439
442 223 441
444 21 443
446 445 275
448 19 447
450 449 145
452 16 451
454 291 453
456 69 275
458 19 457
460 459 145
462 16 461
464 291 463
466 6 465
468 7 455
470 469 467
472 4 471
474 5 431
476 475 473
478 14 477
480 15 365
482 481 479
484 12 483
486 13 273
488 487 485
490 26 36
492 27 48
494 493 491
496 24 495
498 25 490
500 499 497
502 18 501
504 105 503
506 135 121
508 24 507
510 381 509
512 19 511
514 513 145
516 16 515
518 17 505
520 519 517
522 27 128
524 523 491
526 24 525
528 25 495
530 529 527
532 18 531
534 105 533
536 177 121
538 24 537
540 183 539
542 19 541
544 543 145
546 16 545
548 17 535
550 549 547
552 6 551
554 7 521
556 555 553
558 27 114
560 559 491
562 29 46
564 563 37
566 26 565
568 493 567
570 24 569
572 25 561
574 573 571
576 18 575
578 105 577
580 26 116
582 217 581
584 24 583
586 223 585
588 19 587
590 589 145
592 16 591
594 17 579
596 595 593
598 523 567
600 203 37
602 26 601
604 523 603
606 24 605
608 25 599
610 609 607
612 18 611
614 105 613
616 245 235
618 24 617
620 251 619
622 19 621
624 623 145
626 16 625
628 17 615
630 629 627
632 6 631
634 7 597
636 635 633
638 4 637
640 5 557
642 641 639
644 237 491
646 24 645
648 499 647
650 18 649
652 105 651
654 17 653
656 655 517
658 8 657
660 9 521
662 661 659
664 7 663
666 665 553
668 5 667
670 669 639
672 2 671
674 3 643
676 675 673
678 21 501
680 679 275
682 18 681
684 105 683
686 21 511
688 687 275
690 19 689
692 691 145
694 16 693
696 17 685
698 697 695
700 23 699
702 701 295
704 21 531
706 705 275
708 18 707
710 105 709
712 21 541
714 713 275
716 19 715
718 717 145
720 16 719
722 17 711
724 723 721
726 23 725
728 727 295
730 6 729
732 7 703
734 733 731
736 21 575
738 737 275
740 18 739
742 105 741
744 21 587
746 745 275
748 19 747
750 749 145
752 16 751
754 17 743
756 755 753
758 23 757
760 759 295
762 21 611
764 763 275
766 18 765
768 105 767
770 21 621
772 771 275
774 19 773
776 775 145
778 16 777
780 17 769
782 781 779
784 23 783
786 785 295
788 6 787
790 7 761
792 791 789
794 4 793
796 5 735
798 797 795
800 21 649
802 801 275
804 18 803
806 105 805
808 17 807
810 809 695
812 23 811
814 813 295
816 8 815
818 9 703
820 819 817
822 7 821
824 823 731
826 5 825
828 827 795
830 2 829
832 3 799
834 833 831
836 15 835
838 837 479
840 12 839
842 13 677
844 843 841
846 10 845
848 11 489
850 849 847
852 27 565
854 24 852
856 499 855
858 19 857
860 16 858
862 157 37
864 26 863
866 27 562
868 867 865
870 563 397
872 27 871
874 873 491
876 24 875
878 25 869
880 879 877
882 19 881
884 16 882
886 6 884
888 7 860
890 889 887
892 26 396
894 27 601
896 895 893
898 24 897
900 573 899
902 19 901
904 16 902
906 203 115
908 26 399
910 27 907
912 911 909
914 203 397
916 27 915
918 917 909
920 24 919
922 25 913
924 923 921
926 19 925
928 16 926
930 6 928
932 7 904
934 933 931
936 4 935
938 5 891
940 939 937
942 21 857
944 19 942
946 16 944
948 23 946
950 21 881
952 19 950
954 16 952
956 23 954
958 6 956
960 7 948
962 961 959
964 21 901
966 19 964
968 16 966
970 23 968
972 21 925
974 19 972
976 16 974
978 23 976
980 6 978
982 7 970
984 983 981
986 4 985
988 5 963
990 989 987
992 563 201
994 27 993
996 995 491
998 24 997
1000 499 999
1002 21 1001
1004 19 1002
1006 16 1004
1008 27 46
1010 1009 865
1012 563 107
1014 27 1013
1016 1015 491
1018 24 1017
1020 25 1011
1022 1021 1019
1024 21 1023
1026 19 1024
1028 16 1026
1030 6 1028
1032 7 1006
1034 1033 1031
1036 26 871
1038 207 1037
1040 24 1039
1042 573 1041
1044 21 1043
1046 19 1044
1048 16 1046
1050 26 915
1052 27 127
1054 1053 1051
1056 369 1051
1058 24 1057
1060 25 1055
1062 1061 1059
1064 21 1063
1066 19 1064
1068 16 1066
1070 6 1068
1072 7 1048
1074 1073 1071
1076 4 1075
1078 5 1035
1080 1079 1077
1082 14 1081
1084 15 991
1086 1085 1083
1088 12 1087
1090 13 941
1092 1091 1089
1094 853 491
1096 24 1095
1098 499 1097
1100 19 1099
1102 16 1100
1104 7 1102
1106 1105 887
1108 5 1107
1110 1109 937
1112 21 1099
1114 19 1112
1116 16 1114
1118 23 1116
1120 7 1118
1122 1121 959
1124 5 1123
1126 1125 987
1128 15 1127
1130 1129 1083
1132 12 1131
1134 13 1111
1136 1135 1133
1138 10 1137
1140 11 1093
1142 1141 1139
1144 28 126
1146 26 367
1148 27 1145
1150 1149 1147
1152 25 1151
1154 1153 1059
1156 18 1155
1158 26 48
1160 55 1159
1162 25 1161
1164 19 1162
1166 16 1164
1168 17 1156
1170 1169 1167
1172 29 126
1174 27 1172
1176 1175 1159
1178 25 1177
1180 19 1178
1182 16 1180
1184 1169 1183
1186 6 1185
1188 7 1171
1190 1189 1187
1192 4 1185
1194 5 1191
1196 1195 1193
1198 21 1155
1200 18 1198
1202 21 1162
1204 19 1202
1206 16 1204
1208 17 1200
1210 1209 1207
1212 23 1211
1214 21 1178
1216 19 1214
1218 16 1216
1220 1209 1219
1222 23 1221
1224 6 1222
1226 7 1212
1228 1227 1225
1230 4 1222
1232 5 1229
1234 1233 1231
1236 14 1221
1238 15 1235
1240 1239 1237
1242 12 1241
1244 13 1197
1246 1245 1243
1248 26 127
1250 1149 1249
1252 26 907
1254 917 1253
1256 24 1255
1258 25 1251
1260 1259 1257
1262 18 1261
1264 24 1158
1266 1179 1265
1268 19 1267
1270 16 1268
1272 17 1262
1274 1273 1271
1276 28 113
1278 27 1277
1280 1279 1249
1282 895 1253
1284 24 1283
1286 25 1281
1288 1287 1285
1290 18 1289
1292 17 1290
1294 1293 1271
1296 6 1295
1298 7 1275
1300 1299 1297
1302 28 47
1304 27 1303
1306 1305 1249
1308 26 112
1310 917 1309
1312 24 1311
1314 25 1307
1316 1315 1313
1318 18 1317
1320 17 1318
1322 1321 1271
1324 157 129
1326 26 1325
1328 27 29
1330 1329 1327
1332 26 114
1334 895 1333
1336 24 1335
1338 25 1331
1340 1339 1337
1342 18 1341
1344 17 1342
1346 1345 1271
1348 6 1347
1350 7 1323
1352 1351 1349
1354 4 1353
1356 5 1301
1358 1357 1355
1360 24 907
1362 1259 1361
1364 18 1363
1366 17 1364
1368 1367 1271
1370 8 1369
1372 9 1275
1374 1373 1371
1376 7 1375
1378 1377 1297
1380 5 1379
1382 1381 1355
1384 2 1383
1386 3 1359
1388 1387 1385
1390 21 1261
1392 18 1390
1394 21 1267
1396 19 1394
1398 16 1396
1400 17 1392
1402 1401 1399
1404 23 1403
1406 21 1289
1408 18 1406
1410 17 1408
1412 1411 1399
1414 23 1413
1416 6 1414
1418 7 1404
1420 1419 1417
1422 21 1317
1424 18 1422
1426 17 1424
1428 1427 1399
1430 23 1429
1432 21 1341
1434 18 1432
1436 17 1434
1438 1437 1399
1440 23 1439
1442 6 1440
1444 7 1430
1446 1445 1443
1448 4 1447
1450 5 1421
1452 1451 1449
1454 21 1363
1456 18 1454
1458 17 1456
1460 1459 1399
1462 23 1461
1464 8 1462
1466 9 1404
1468 1467 1465
1470 7 1469
1472 1471 1417
1474 5 1473
1476 1475 1449
1478 2 1477
1480 3 1453
1482 1481 1479
1484 15 1483
1486 1485 1237
1488 12 1487
1490 13 1389
1492 1491 1489
1494 10 1493
1496 11 1247
1498 1497 1495
1500 39 201
1502 27 1501
1504 1503 235
1506 117 397
1508 27 1507
1510 1509 1309
1512 24 1511
1514 25 1505
1516 1515 1513
1518 18 1517
1520 105 1519
1522 161 37
1524 26 433
1526 27 1523
1528 1527 1525
1530 135 581
1532 24 1531
1534 25 1529
1536 1535 1533
1538 19 1537
1540 1539 145
1542 16 1541
1544 17 1521
1546 1545 1543
1548 26 373
1550 27 116
1552 1551 1549
1554 117 37
1556 27 1555
1558 1557 1525
1560 24 1559
1562 25 1553
1564 1563 1561
1566 18 1565
1568 105 1567
1570 177 235
1572 26 562
1574 177 1573
1576 24 1575
1578 25 1571
1580 1579 1577
1582 19 1581
1584 1583 145
1586 16 1585
1588 17 1569
1590 1589 1587
1592 6 1591
1594 7 1547
1596 1595 1593
1598 1535 585
1600 19 1599
1602 1601 145
1604 16 1603
1606 1545 1605
1608 27 202
1610 1609 1549
1612 25 1611
1614 1613 1561
1616 18 1615
1618 105 1617
1620 493 235
1622 245 1573
1624 24 1623
1626 25 1621
1628 1627 1625
1630 19 1629
1632 1631 145
1634 16 1633
1636 17 1619
1638 1637 1635
1640 6 1639
1642 7 1607
1644 1643 1641
1646 4 1645
1648 5 1597
1650 1649 1647
1652 131 201
1654 26 202
1656 27 1653
1658 1657 1655
1660 563 115
1662 27 1661
1664 1663 1309
1666 24 1665
1668 25 1659
1670 1669 1667
1672 18 1671
1674 105 1673
1676 1557 1309
1678 523 581
1680 24 1679
1682 25 1677
1684 1683 1681
1686 19 1685
1688 1687 145
1690 16 1689
1692 17 1675
1694 1693 1691
1696 8 1695
1698 9 1547
1700 1699 1697
1702 7 1701
1704 1703 1593
1706 5 1705
1708 1707 1647
1710 2 1709
1712 3 1651
1714 1713 1711
1716 21 1517
1718 1717 275
1720 18 1719
1722 105 1721
1724 21 1537
1726 1725 275
1728 19 1727
1730 1729 145
1732 16 1731
1734 17 1723
1736 1735 1733
1738 23 1737
1740 1739 295
1742 21 1565
1744 1743 275
1746 18 1745
1748 105 1747
1750 21 1581
1752 1751 275
1754 19 1753
1756 1755 145
1758 16 1757
1760 17 1749
1762 1761 1759
1764 23 1763
1766 1765 295
1768 6 1767
1770 7 1741
1772 1771 1769
1774 21 1599
1776 1775 275
1778 19 1777
1780 1779 145
1782 16 1781
1784 1735 1783
1786 23 1785
1788 1787 295
1790 21 1615
1792 1791 275
1794 18 1793
1796 105 1795
1798 21 1629
1800 1799 275
1802 19 1801
1804 1803 145
1806 16 1805
1808 17 1797
1810 1809 1807
1812 23 1811
1814 1813 295
1816 6 1815
1818 7 1789
1820 1819 1817
1822 4 1821
1824 5 1773
1826 1825 1823
1828 21 1671
1830 1829 275
1832 18 1831
1834 105 1833
1836 21 1685
1838 1837 275
1840 19 1839
1842 1841 145
1844 16 1843
1846 17 1835
1848 1847 1845
1850 23 1849
1852 1851 295
1854 8 1853
1856 9 1741
1858 1857 1855
1860 7 1859
1862 1861 1769
1864 5 1863
1866 1865 1823
1868 2 1867
1870 3 1827
1872 1871 1869
1874 26 34
1876 437 1875
1878 117 201
1880 27 1879
1882 1881 1037
1884 24 1883
1886 25 1877
1888 1887 1885
1890 21 1889
1892 1891 275
1894 18 1893
1896 105 1895
1898 437 41
1900 563 129
1902 26 1901
1904 405 1903
1906 24 1905
1908 25 1899
1910 1909 1907
1912 21 1911
1914 1913 275
1916 19 1915
1918 1917 145
1920 16 1919
1922 17 1897
1924 1923 1921
1926 26 1507
1928 27 89
1930 1929 1927
1932 21 1931
1934 1933 275
1936 18 1935
1938 105 1937
1940 27 33
1942 1941 165
1944 25 1943
1946 1945 409
1948 21 1947
1950 1949 275
1952 19 1951
1954 1953 145
1956 16 1955
1958 17 1939
1960 1959 1957
1962 6 1961
1964 7 1925
1966 1965 1963
1968 24 1161
1970 25 38
1972 1971 1969
1974 21 1973
1976 1975 275
1978 19 1977
1980 1979 145
1982 16 1981
1984 1923 1983
1986 369 1927
1988 24 1931
1990 25 1987
1992 1991 1989
1994 21 1993
1996 1995 275
1998 18 1997
2000 105 1999
2002 17 2001
2004 2003 463
2006 6 2005
2008 7 1985
2010 2009 2007
2012 4 2011
2014 5 1967
2016 2015 2013
2018 14 2017
2020 15 1873
2022 2021 2019
2024 12 2023
2026 13 1715
2028 2027 2025
2030 26 1523
2032 1503 2031
2034 1929 909
2036 24 2035
2038 25 2033
2040 2039 2037
2042 18 2041
2044 105 2043
2046 135 215
2048 24 2047
2050 1535 2049
2052 19 2051
2054 2053 145
2056 16 2055
2058 17 2045
2060 2059 2057
2062 26 33
2064 27 213
2066 2065 2063
2068 39 397
2070 26 2069
2072 1929 2071
2074 24 2073
2076 25 2067
2078 2077 2075
2080 18 2079
2082 105 2081
2084 26 46
2086 177 2085
2088 24 2087
2090 1579 2089
2092 19 2091
2094 2093 145
2096 16 2095
2098 17 2083
2100 2099 2097
2102 6 2101
2104 7 2061
2106 2105 2103
2108 39 107
2110 27 2109
2112 2111 2031
2114 1929 1051
2116 24 2115
2118 25 2113
2120 2119 2117
2122 18 2121
2124 105 2123
2126 1535 221
2128 19 2127
2130 2129 145
2132 16 2131
2134 17 2125
2136 2135 2133
2138 1053 1927
2140 25 2139
2142 2141 1989
2144 18 2143
2146 105 2145
2148 245 2085
2150 24 2149
2152 1627 2151
2154 19 2153
2156 2155 145
2158 16 2157
2160 17 2147
2162 2161 2159
2164 6 2163
2166 7 2137
2168 2167 2165
2170 4 2169
2172 5 2107
2174 2173 2171
2176 157 201
2178 26 1555
2180 27 2177
2182 2181 2179
2184 1015 909
2186 24 2185
2188 25 2183
2190 2189 2187
2192 18 2191
2194 105 2193
2196 895 1549
2198 523 215
2200 24 2199
2202 25 2197
2204 2203 2201
2206 19 2205
2208 2207 145
2210 16 2209
2212 17 2195
2214 2213 2211
2216 8 2215
2218 9 2061
2220 2219 2217
2222 7 2221
2224 2223 2103
2226 5 2225
2228 2227 2171
2230 2 2229
2232 3 2175
2234 2233 2231
2236 21 2041
2238 2237 275
2240 18 2239
2242 105 2241
2244 21 2051
2246 2245 275
2248 19 2247
2250 2249 145
2252 16 2251
2254 17 2243
2256 2255 2253
2258 23 2257
2260 2259 295
2262 21 2079
2264 2263 275
2266 18 2265
2268 105 2267
2270 21 2091
2272 2271 275
2274 19 2273
2276 2275 145
2278 16 2277
2280 17 2269
2282 2281 2279
2284 23 2283
2286 2285 295
2288 6 2287
2290 7 2261
2292 2291 2289
2294 21 2121
2296 2295 275
2298 18 2297
2300 105 2299
2302 21 2127
2304 2303 275
2306 19 2305
2308 2307 145
2310 16 2309
2312 17 2301
2314 2313 2311
2316 23 2315
2318 2317 295
2320 21 2143
2322 2321 275
2324 18 2323
2326 105 2325
2328 21 2153
2330 2329 275
2332 19 2331
2334 2333 145
2336 16 2335
2338 17 2327
2340 2339 2337
2342 23 2341
2344 2343 295
2346 6 2345
2348 7 2319
2350 2349 2347
2352 4 2351
2354 5 2293
2356 2355 2353
2358 21 2191
2360 2359 275
2362 18 2361
2364 105 2363
2366 21 2205
2368 2367 275
2370 19 2369
2372 2371 145
2374 16 2373
2376 17 2365
2378 2377 2375
2380 23 2379
2382 2381 295
2384 8 2383
2386 9 2261
2388 2387 2385
2390 7 2389
2392 2391 2289
2394 5 2393
2396 2395 2353
2398 2 2397
2400 3 2357
2402 2401 2399
2404 15 2403
2406 2405 2019
2408 12 2407
2410 13 2235
2412 2411 2409
2414 10 2413
2416 11 2029
2418 2417 2415
2420 29 88
2422 2421 37
2424 27 2423
2426 2425 1147
2428 131 107
2430 26 2429
2432 493 2431
2434 24 2433
2436 25 2427
2438 2437 2435
2440 18 2439
2442 105 2441
2444 26 1879
2446 853 2445
2448 24 2447
2450 2437 2449
2452 19 2451
2454 2453 145
2456 16 2455
2458 17 2443
2460 2459 2457
2462 2421 49
2464 26 106
2466 27 2463
2468 2467 2465
2470 26 2109
2472 523 2471
2474 24 2473
2476 25 2469
2478 2477 2475
2480 18 2479
2482 105 2481
2484 29 32
2486 26 205
2488 27 2484
2490 2489 2487
2492 26 993
2494 873 2493
2496 24 2495
2498 25 2491
2500 2499 2497
2502 19 2501
2504 2503 145
2506 16 2505
2508 17 2483
2510 2509 2507
2512 6 2511
2514 7 2461
2516 2515 2513
2518 29 30
2520 2519 115
2522 26 2177
2524 27 2521
2526 2525 2523
2528 493 2493
2530 24 2529
2532 25 2527
2534 2533 2531
2536 18 2535
2538 105 2537
2540 895 2465
2542 24 2541
2544 2533 2543
2546 19 2545
2548 2547 145
2550 16 2549
2552 17 2539
2554 2553 2551
2556 1173 107
2558 27 2557
2560 2559 2493
2562 523 2487
2564 24 2563
2566 25 2561
2568 2567 2565
2570 18 2569
2572 105 2571
2574 28 32
2576 26 159
2578 27 2575
2580 2579 2577
2582 917 2431
2584 24 2583
2586 25 2581
2588 2587 2585
2590 19 2589
2592 2591 145
2594 16 2593
2596 17 2573
2598 2597 2595
2600 6 2599
2602 7 2555
2604 2603 2601
2606 4 2605
2608 5 2517
2610 2609 2607
2612 29 47
2614 2613 37
2616 161 107
2618 26 2617
2620 27 2615
2622 2621 2619
2624 1503 2431
2626 24 2625
2628 25 2623
2630 2629 2627
2632 18 2631
2634 105 2633
2636 1527 2445
2638 24 2637
2640 2629 2639
2642 19 2641
2644 2643 145
2646 16 2645
2648 17 2635
2650 2649 2647
2652 8 2651
2654 9 2461
2656 2655 2653
2658 7 2657
2660 2659 2513
2662 5 2661
2664 2663 2607
2666 2 2665
2668 3 2611
2670 2669 2667
2672 21 2439
2674 2673 275
2676 18 2675
2678 105 2677
2680 21 2451
2682 2681 275
2684 19 2683
2686 2685 145
2688 16 2687
2690 17 2679
2692 2691 2689
2694 23 2693
2696 2695 295
2698 21 2479
2700 2699 275
2702 18 2701
2704 105 2703
2706 21 2501
2708 2707 275
2710 19 2709
2712 2711 145
2714 16 2713
2716 17 2705
2718 2717 2715
2720 23 2719
2722 2721 295
2724 6 2723
2726 7 2697
2728 2727 2725
2730 21 2535
2732 2731 275
2734 18 2733
2736 105 2735
2738 21 2545
2740 2739 275
2742 19 2741
2744 2743 145
2746 16 2745
2748 17 2737
2750 2749 2747
2752 23 2751
2754 2753 295
2756 21 2569
2758 2757 275
2760 18 2759
2762 105 2761
2764 21 2589
2766 2765 275
2768 19 2767
2770 2769 145
2772 16 2771
2774 17 2763
2776 2775 2773
2778 23 2777
2780 2779 295
2782 6 2781
2784 7 2755
2786 2785 2783
2788 4 2787
2790 5 2729
2792 2791 2789
2794 21 2631
2796 2795 275
2798 18 2797
2800 105 2799
2802 21 2641
2804 2803 275
2806 19 2805
2808 2807 145
2810 16 2809
2812 17 2801
2814 2813 2811
2816 23 2815
2818 2817 295
2820 8 2819
2822 9 2697
2824 2823 2821
2826 7 2825
2828 2827 2725
2830 5 2829
2832 2831 2789
2834 2 2833
2836 3 2793
2838 2837 2835
2840 2485 49
2842 157 49
2844 26 2843
2846 27 2841
2848 2847 2845
2850 559 1159
2852 24 2851
2854 25 2849
2856 2855 2853
2858 21 2857
2860 2859 275
2862 18 2861
2864 105 2863
2866 2847 2523
2868 25 2867
2870 2869 1019
2872 21 2871
2874 2873 275
2876 19 2875
2878 2877 145
2880 16 2879
2882 17 2865
2884 2883 2881
2886 27 2420
2888 2887 1159
2890 25 2889
2892 2891 1265
2894 21 2893
2896 2895 275
2898 18 2897
2900 105 2899
2902 17 2901
2904 2903 2881
2906 6 2905
2908 7 2885
2910 2909 2907
2912 109 201
2914 27 2913
2916 2915 1249
2918 559 435
2920 24 2919
2922 25 2917
2924 2923 2921
2926 21 2925
2928 2927 275
2930 18 2929
2932 105 2931
2934 123 1147
2936 24 1987
2938 25 2935
2940 2939 2937
2942 21 2941
2944 2943 275
2946 19 2945
2948 2947 145
2950 16 2949
2952 17 2933
2954 2953 2951
2956 1395 275
2958 18 2957
2960 105 2959
2962 1199 275
2964 19 2963
2966 2965 145
2968 16 2967
2970 17 2961
2972 2971 2969
2974 6 2973
2976 7 2955
2978 2977 2975
2980 4 2979
2982 5 2911
2984 2983 2981
2986 14 2985
2988 15 2839
2990 2989 2987
2992 12 2991
2994 13 2671
2996 2995 2993
2998 43 1147
3000 853 215
3002 24 3001
3004 25 2999
3006 3005 3003
3008 19 3007
3010 3009 145
3012 16 3011
3014 2459 3013
3016 7 3015
3018 3017 2513
3020 5 3019
3022 3021 2607
3024 2519 37
3026 27 3025
3028 3027 2619
3030 25 3029
3032 3031 2627
3034 18 3033
3036 105 3035
3038 27 863
3040 3039 2619
3042 1527 215
3044 24 3043
3046 25 3041
3048 3047 3045
3050 19 3049
3052 3051 145
3054 16 3053
3056 17 3037
3058 3057 3055
3060 8 3059
3062 9 3015
3064 3063 3061
3066 7 3065
3068 3067 2513
3070 5 3069
3072 3071 2607
3074 2 3073
3076 3 3023
3078 3077 3075
3080 21 3007
3082 3081 275
3084 19 3083
3086 3085 145
3088 16 3087
3090 2691 3089
3092 23 3091
3094 3093 295
3096 7 3095
3098 3097 2725
3100 5 3099
3102 3101 2789
3104 21 3033
3106 3105 275
3108 18 3107
3110 105 3109
3112 21 3049
3114 3113 275
3116 19 3115
3118 3117 145
3120 16 3119
3122 17 3111
3124 3123 3121
3126 23 3125
3128 3127 295
3130 8 3129
3132 9 3095
3134 3133 3131
3136 7 3135
3138 3137 2725
3140 5 3139
3142 3141 2789
3144 2 3143
3146 3 3103
3148 3147 3145
3150 15 3149
3152 3151 2987
3154 12 3153
3156 13 3079
3158 3157 3155
3160 10 3159
3162 11 2997
3164 3163 3161
3166 2421 129
3168 27 3167
3170 3169 2471
3172 2111 2619
3174 24 3173
3176 25 3171
3178 3177 3175
3180 18 3179
3182 105 3181
3184 2485 115
3186 26 31
3188 27 3185
3190 3189 3187
3192 161 397
3194 26 1013
3196 27 3193
3198 3197 3195
3200 24 3199
3202 25 3191
3204 3203 3201
3206 19 3205
3208 3207 145
3210 16 3209
3212 17 3183
3214 3213 3211
3216 2421 107
3218 27 3217
3220 3219 93
3222 2111 93
3224 24 3223
3226 25 3221
3228 3227 3225
3230 18 3229
3232 105 3231
3234 2485 397
3236 27 3235
3238 3237 93
3240 3197 93
3242 24 3241
3244 25 3239
3246 3245 3243
3248 19 3247
3250 3249 145
3252 16 3251
3254 17 3233
3256 3255 3253
3258 6 3257
3260 7 3215
3262 3261 3259
3264 3219 3187
3266 27 2429
3268 3267 2487
3270 24 3269
3272 25 3265
3274 3273 3271
3276 18 3275
3278 105 3277
3280 3237 2471
3282 1509 2431
3284 24 3283
3286 25 3281
3288 3287 3285
3290 19 3289
3292 3291 145
3294 16 3293
3296 17 3279
3298 3297 3295
3300 2519 107
3302 27 3301
3304 3303 2445
3306 25 3305
3308 3307 3271
3310 18 3309
3312 105 3311
3314 109 397
3316 27 3315
3318 3317 2431
3320 25 3319
3322 3321 3285
3324 19 3323
3326 3325 145
3328 16 3327
3330 17 3313
3332 3331 3329
3334 6 3333
3336 7 3299
3338 3337 3335
3340 4 3339
3342 5 3263
3344 3343 3341
3346 3169 2431
3348 3267 2619
3350 24 3349
3352 25 3347
3354 3353 3351
3356 18 3355
3358 105 3357
3360 3189 2445
3362 1509 3195
3364 24 3363
3366 25 3361
3368 3367 3365
3370 19 3369
3372 3371 145
3374 16 3373
3376 17 3359
3378 3377 3375
3380 8 3379
3382 9 3215
3384 3383 3381
3386 7 3385
3388 3387 3259
3390 5 3389
3392 3391 3341
3394 2 3393
3396 3 3345
3398 3397 3395
3400 21 3179
3402 3401 275
3404 18 3403
3406 105 3405
3408 21 3205
3410 3409 275
3412 19 3411
3414 3413 145
3416 16 3415
3418 17 3407
3420 3419 3417
3422 23 3421
3424 3423 295
3426 21 3229
3428 3427 275
3430 18 3429
3432 105 3431
3434 21 3247
3436 3435 275
3438 19 3437
3440 3439 145
3442 16 3441
3444 17 3433
3446 3445 3443
3448 23 3447
3450 3449 295
3452 6 3451
3454 7 3425
3456 3455 3453
3458 21 3275
3460 3459 275
3462 18 3461
3464 105 3463
3466 21 3289
3468 3467 275
3470 19 3469
3472 3471 145
3474 16 3473
3476 17 3465
3478 3477 3475
3480 23 3479
3482 3481 295
3484 21 3309
3486 3485 275
3488 18 3487
3490 105 3489
3492 21 3323
3494 3493 275
3496 19 3495
3498 3497 145
3500 16 3499
3502 17 3491
3504 3503 3501
3506 23 3505
3508 3507 295
3510 6 3509
3512 7 3483
3514 3513 3511
3516 4 3515
3518 5 3457
3520 3519 3517
3522 21 3355
3524 3523 275
3526 18 3525
3528 105 3527
3530 21 3369
3532 3531 275
3534 19 3533
3536 3535 145
3538 16 3537
3540 17 3529
3542 3541 3539
3544 23 3543
3546 3545 295
3548 8 3547
3550 9 3425
3552 3551 3549
3554 7 3553
3556 3555 3453
3558 5 3557
3560 3559 3517
3562 2 3561
3564 3 3521
3566 3565 3563
3568 26 1501
3570 2887 3569
3572 26 200
3574 27 31
3576 3575 3573
3578 24 3577
3580 25 3571
3582 3581 3579
3584 21 3583
3586 3585 275
3588 18 3587
3590 105 3589
3592 19 3587
3594 3593 145
3596 16 3595
3598 17 3591
3600 3599 3597
3602 26 1653
3604 2847 3603
3606 27 2617
3608 3607 3573
3610 24 3609
3612 25 3605
3614 3613 3611
3616 21 3615
3618 3617 275
3620 18 3619
3622 105 3621
3624 19 3619
3626 3625 145
3628 16 3627
3630 17 3623
3632 3631 3629
3634 6 3633
3636 7 3601
3638 3637 3635
3640 2421 115
3642 27 3641
3644 3643 3569
3646 1881 3195
3648 24 3647
3650 25 3645
3652 3651 3649
3654 21 3653
3656 3655 275
3658 18 3657
3660 105 3659
3662 19 3657
3664 3663 145
3666 16 3665
3668 17 3661
3670 3669 3667
3672 123 93
3674 25 3673
3676 3675 99
3678 21 3677
3680 3679 275
3682 18 3681
3684 105 3683
3686 19 3681
3688 3687 145
3690 16 3689
3692 17 3685
3694 3693 3691
3696 6 3695
3698 7 3671
3700 3699 3697
3702 4 3701
3704 5 3639
3706 3705 3703
3708 14 3707
3710 15 3567
3712 3711 3709
3714 12 3713
3716 13 3399
3718 3717 3715
3720 2485 129
3722 27 3721
3724 3723 3569
3726 3607 2493
3728 24 3727
3730 25 3725
3732 3731 3729
3734 18 3733
3736 105 3735
3738 27 1901
3740 3739 3569
3742 26 128
3744 3607 3743
3746 24 3745
3748 25 3741
3750 3749 3747
3752 19 3751
3754 3753 145
3756 16 3755
3758 17 3737
3760 3759 3757
3762 2485 107
3764 27 3763
3766 3765 2445
3768 3607 2487
3770 24 3769
3772 25 3767
3774 3773 3771
3776 18 3775
3778 105 3777
3780 3765 2431
3782 3607 2431
3784 24 3783
3786 25 3781
3788 3787 3785
3790 19 3789
3792 3791 145
3794 16 3793
3796 17 3779
3798 3797 3795
3800 6 3799
3802 7 3761
3804 3803 3801
3806 3765 2619
3808 25 3807
3810 3809 99
3812 18 3811
3814 105 3813
3816 19 3811
3818 3817 145
3820 16 3819
3822 17 3815
3824 3823 3821
3826 18 3677
3828 105 3827
3830 19 3677
3832 3831 145
3834 16 3833
3836 17 3829
3838 3837 3835
3840 6 3839
3842 7 3825
3844 3843 3841
3846 4 3845
3848 5 3805
3850 3849 3847
3852 29 113
3854 3853 129
3856 27 3855
3858 3857 3603
3860 1929 2493
3862 24 3861
3864 25 3859
3866 3865 3863
3868 18 3867
3870 105 3869
3872 161 129
3874 27 3873
3876 3875 3603
3878 1929 3743
3880 24 3879
3882 25 3877
3884 3883 3881
3886 19 3885
3888 3887 145
3890 16 3889
3892 17 3871
3894 3893 3891
3896 8 3895
3898 9 3761
3900 3899 3897
3902 7 3901
3904 3903 3801
3906 5 3905
3908 3907 3847
3910 2 3909
3912 3 3851
3914 3913 3911
3916 21 3733
3918 3917 275
3920 18 3919
3922 105 3921
3924 21 3751
3926 3925 275
3928 19 3927
3930 3929 145
3932 16 3931
3934 17 3923
3936 3935 3933
3938 23 3937
3940 3939 295
3942 21 3775
3944 3943 275
3946 18 3945
3948 105 3947
3950 21 3789
3952 3951 275
3954 19 3953
3956 3955 145
3958 16 3957
3960 17 3949
3962 3961 3959
3964 23 3963
3966 3965 295
3968 6 3967
3970 7 3941
3972 3971 3969
3974 21 3811
3976 3975 275
3978 18 3977
3980 105 3979
3982 19 3977
3984 3983 145
3986 16 3985
3988 17 3981
3990 3989 3987
3992 23 3991
3994 3993 295
3996 23 3695
3998 3997 295
4000 6 3999
4002 7 3995
4004 4003 4001
4006 4 4005
4008 5 3973
4010 4009 4007
4012 21 3867
4014 4013 275
4016 18 4015
4018 105 4017
4020 21 3885
4022 4021 275
4024 19 4023
4026 4025 145
4028 16 4027
4030 17 4019
4032 4031 4029
4034 23 4033
4036 4035 295
4038 8 4037
4040 9 3941
4042 4041 4039
4044 7 4043
4046 4045 3969
4048 5 4047
4050 4049 4007
4052 2 4051
4054 3 4011
4056 4055 4053
4058 15 4057
4060 4059 3709
4062 12 4061
4064 13 3915
4066 4065 4063
4068 10 4067
4070 11 3719
4072 4071 4069
4074 167 1253
4076 27 112
4078 4077 121
4080 24 4079
4082 25 4075
4084 4083 4081
4086 18 4085
4088 25 1255
4090 4089 4081
4092 19 4091
4094 16 4092
4096 17 4086
4098 4097 4095
4100 26 1661
4102 401 4101
4104 27 156
4106 4105 121
4108 24 4107
4110 25 4103
4112 4111 4109
4114 18 4113
4116 19 4113
4118 16 4116
4120 17 4114
4122 4121 4119
4124 6 4123
4126 7 4099
4128 4127 4125
4130 2181 1655
4132 26 156
4134 559 4133
4136 24 4135
4138 25 4131
4140 4139 4137
4142 18 4141
4144 895 1309
4146 26 130
4148 559 4147
4150 24 4149
4152 25 4145
4154 4153 4151
4156 19 4155
4158 16 4156
4160 17 4142
4162 4161 4159
4164 7 4163
4166 4 4164
4168 5 4129
4170 4169 4167
4172 21 4085
4174 18 4172
4176 21 4091
4178 19 4176
4180 16 4178
4182 17 4174
4184 4183 4181
4186 23 4185
4188 21 4113
4190 18 4188
4192 19 4188
4194 16 4192
4196 17 4190
4198 4197 4195
4200 23 4199
4202 6 4200
4204 7 4186
4206 4205 4203
4208 21 4141
4210 18 4208
4212 21 4155
4214 19 4212
4216 16 4214
4218 17 4210
4220 4219 4217
4222 23 4221
4224 7 4222
4226 4 4224
4228 5 4207
4230 4229 4227
4232 369 1253
4234 25 4233
4236 4235 4081
4238 21 4237
4240 18 4238
4242 19 4238
4244 16 4242
4246 17 4240
4248 4247 4245
4250 6 4199
4252 7 4249
4254 4253 4251
4256 207 1253
4258 25 4257
4260 4259 4151
4262 21 4261
4264 18 4262
4266 19 4262
4268 16 4266
4270 17 4264
4272 4271 4269
4274 7 4273
4276 4 4274
4278 5 4255
4280 4279 4277
4282 14 4281
4284 15 4231
4286 4285 4283
4288 12 4287
4290 13 4171
4292 4291 4289
4294 167 1655
4296 4077 1655
4298 24 4297
4300 25 4295
4302 4301 4299
4304 18 4303
4306 3317 1309
4308 4077 2063
4310 24 4309
4312 25 4307
4314 4313 4311
4316 19 4315
4318 16 4316
4320 17 4304
4322 4321 4319
4324 401 1573
4326 4105 1655
4328 24 4327
4330 25 4325
4332 4331 4329
4334 18 4333
4336 401 1333
4338 4105 1549
4340 24 4339
4342 25 4337
4344 4343 4341
4346 19 4345
4348 16 4346
4350 17 4334
4352 4351 4349
4354 6 4353
4356 7 4323
4358 4357 4355
4360 5 4359
4362 4361 4167
4364 21 4303
4366 18 4364
4368 21 4315
4370 19 4368
4372 16 4370
4374 17 4366
4376 4375 4373
4378 23 4377
4380 21 4333
4382 18 4380
4384 21 4345
4386 19 4384
4388 16 4386
4390 17 4382
4392 4391 4389
4394 23 4393
4396 6 4394
4398 7 4378
4400 4399 4397
4402 5 4401
4404 4403 4227
4406 15 4405
4408 4407 4283
4410 12 4409
4412 13 4363
4414 4413 4411
4416 10 4415
4418 11 4293
4420 4419 4417
4422 2489 1159
4424 867 1159
4426 24 4425
4428 25 4423
4430 4429 4427
4432 18 4431
4434 105 4433
4436 493 3573
4438 24 994
4440 25 4437
4442 4441 4439
4444 19 4443
4446 4445 145
4448 16 4447
4450 17 4435
4452 4451 4449
4454 19 2871
4456 4455 145
4458 16 4457
4460 4451 4459
4462 6 4461
4464 7 4453
4466 4465 4463
4468 2489 3743
4470 26 211
4472 867 4471
4474 24 4473
4476 25 4469
4478 4477 4475
4480 18 4479
4482 105 4481
4484 3169 2493
4486 25 4485
4488 4487 1041
4490 19 4489
4492 4491 145
4494 16 4493
4496 17 4483
4498 4497 4495
4500 109 129
4502 27 4501
4504 4503 1147
4506 25 4505
4508 4507 1059
4510 19 4509
4512 4511 145
4514 16 4513
4516 4497 4515
4518 6 4517
4520 7 4499
4522 4521 4519
4524 4 4523
4526 5 4467
4528 4527 4525
4530 21 4431
4532 4531 275
4534 18 4533
4536 105 4535
4538 21 4443
4540 4539 275
4542 19 4541
4544 4543 145
4546 16 4545
4548 17 4537
4550 4549 4547
4552 23 4551
4554 4553 295
4556 4549 2881
4558 23 4557
4560 4559 295
4562 6 4561
4564 7 4555
4566 4565 4563
4568 21 4479
4570 4569 275
4572 18 4571
4574 105 4573
4576 21 4489
4578 4577 275
4580 19 4579
4582 4581 145
4584 16 4583
4586 17 4575
4588 4587 4585
4590 23 4589
4592 4591 295
4594 21 4509
4596 4595 275
4598 19 4597
4600 4599 145
4602 16 4601
4604 4587 4603
4606 23 4605
4608 4607 295
4610 6 4609
4612 7 4593
4614 4613 4611
4616 4 4615
4618 5 4567
4620 4619 4617
4622 2887 3573
4624 25 4623
4626 4625 999
4628 21 4627
4630 4629 275
4632 19 4631
4634 4633 145
4636 16 4635
4638 2903 4637
4640 7 4639
4642 4641 2907
4644 3643 3573
4646 25 4645
4648 4647 1041
4650 21 4649
4652 4651 275
4654 19 4653
4656 4655 145
4658 16 4657
4660 2903 4659
4662 2903 4603
4664 6 4663
4666 7 4661
4668 4667 4665
4670 4 4669
4672 5 4643
4674 4673 4671
4676 14 4675
4678 15 4621
4680 4679 4677
4682 12 4681
4684 13 4529
4686 4685 4683
4688 2489 2465
4690 1009 2471
4692 24 4691
4694 25 4689
4696 4695 4693
4698 18 4697
4700 105 4699
4702 2467 2493
4704 24 993
4706 25 4703
4708 4707 4705
4710 19 4709
4712 4711 145
4714 16 4713
4716 17 4701
4718 4717 4715
4720 2847 2465
4722 3739 2471
4724 24 4723
4726 25 4721
4728 4727 4725
4730 18 4729
4732 105 4731
4734 2847 2487
4736 1015 2493
4738 24 4737
4740 25 4735
4742 4741 4739
4744 19 4743
4746 4745 145
4748 16 4747
4750 17 4733
4752 4751 4749
4754 6 4753
4756 7 4719
4758 4757 4755
4760 3189 2465
4762 1009 2619
4764 24 4763
4766 25 4761
4768 4767 4765
4770 18 4769
4772 105 4771
4774 207 3195
4776 24 4775
4778 4487 4777
4780 19 4779
4782 4781 145
4784 16 4783
4786 17 4773
4788 4787 4785
4790 3723 3195
4792 3739 93
4794 24 4793
4796 25 4791
4798 4797 4795
4800 18 4799
4802 105 4801
4804 24 367
4806 4507 4805
4808 19 4807
4810 4809 145
4812 16 4811
4814 17 4803
4816 4815 4813
4818 6 4817
4820 7 4789
4822 4821 4819
4824 4 4823
4826 5 4759
4828 4827 4825
4830 995 2471
4832 24 4831
4834 4695 4833
4836 18 4835
4838 105 4837
4840 17 4839
4842 4841 4715
4844 8 4843
4846 9 4719
4848 4847 4845
4850 7 4849
4852 4851 4755
4854 5 4853
4856 4855 4825
4858 2 4857
4860 3 4829
4862 4861 4859
4864 21 4697
4866 4865 275
4868 18 4867
4870 105 4869
4872 21 4709
4874 4873 275
4876 19 4875
4878 4877 145
4880 16 4879
4882 17 4871
4884 4883 4881
4886 23 4885
4888 4887 295
4890 21 4729
4892 4891 275
4894 18 4893
4896 105 4895
4898 21 4743
4900 4899 275
4902 19 4901
4904 4903 145
4906 16 4905
4908 17 4897
4910 4909 4907
4912 23 4911
4914 4913 295
4916 6 4915
4918 7 4889
4920 4919 4917
4922 21 4769
4924 4923 275
4926 18 4925
4928 105 4927
4930 21 4779
4932 4931 275
4934 19 4933
4936 4935 145
4938 16 4937
4940 17 4929
4942 4941 4939
4944 23 4943
4946 4945 295
4948 21 4799
4950 4949 275
4952 18 4951
4954 105 4953
4956 21 4807
4958 4957 275
4960 19 4959
4962 4961 145
4964 16 4963
4966 17 4955
4968 4967 4965
4970 23 4969
4972 4971 295
4974 6 4973
4976 7 4947
4978 4977 4975
4980 4 4979
4982 5 4921
4984 4983 4981
4986 21 4835
4988 4987 275
4990 18 4989
4992 105 4991
4994 17 4993
4996 4995 4881
4998 23 4997
5000 4999 295
5002 8 5001
5004 9 4889
5006 5005 5003
5008 7 5007
5010 5009 4917
5012 5 5011
5014 5013 4981
5016 2 5015
5018 3 4985
5020 5019 5017
5022 15 5021
5024 5023 4677
5026 12 5025
5028 13 4863
5030 5029 5027
5032 10 5031
5034 11 4687
5036 5035 5033
i0 p0b02time29am6323
i1 p0b02time29saturday
i2 p0b02time29sunday
i3 p0b0bed29occupied
i4 p0p0bright0outside29brightness
i5 p0b02room29empty
i6 p0b02room29somebody2leaves
i7 p0b02roomlight29off
i8 p0b02roomlight29on
i9 p0b02room29switch29toggled
i10 p0b02room29somebody2enters
o0 u02roomlight29light0f1d2roomlight29turn2on1b
o1 u02roomlight29light0f1d2roomlight29toggle1b
o2 u02roomlight29light0f1d2roomlight29turn2off1b
o3 u02roomlight29light02roomlight29light
