REALIZABLE
aag 54 4 2 9 48
2
4
6
8
10 106
12 108
31
42
62
62
87
99
0
0
100
14 11 13
16 10 13
18 8 16
20 9 14
22 21 19
24 10 12
26 6 25
28 7 23
30 29 27
32 11 12
34 33 17
36 8 11
38 9 35
40 39 37
42 7 41
44 9 25
46 45 37
48 8 14
50 9 13
52 51 49
54 6 53
56 7 47
58 57 55
60 4 59
62 2 60
64 8 35
66 9 32
68 67 65
70 6 69
72 7 18
74 73 71
76 4 75
78 5 25
80 79 77
82 2 81
84 3 25
86 85 83
88 4 25
90 5 75
92 91 89
94 2 75
96 3 93
98 97 95
100 5 59
102 9 16
104 103 37
106 7 105
108 6 48
i0 p0p0center0pos
i1 p0p0clicked0button
i2 p0p0left2most0pos
i3 p0p0right2most0pos
o0 u0pos0f1dadd0pos0vel1b
o1 u0pos0f1dsub0pos0vel1b
o2 u0score0f1dadd0score0f1done1b1b
o3 u0vel0f1dadd0vel0f1done1b1b
o4 u0score0f1dzero1b
o5 u0vel0f1done1b
o6 u0pos0pos
o7 u0score0score
o8 u0vel0vel
