REALIZABLE
aag 634 6 5 5 623
2
4
6
8
10
12
14 811
16 971
18 1111
20 1225
22 1269
263
403
457
492
567
24 20 22
26 18 23
28 19 25
30 29 27
32 20 23
34 18 32
36 29 35
38 16 37
40 17 31
42 41 39
44 19 21
46 45 35
48 16 28
50 17 47
52 51 49
54 14 53
56 15 43
58 57 55
60 45 27
62 19 23
64 16 62
66 17 61
68 67 65
70 14 69
72 15 37
74 73 71
76 63 35
78 16 31
80 17 77
82 81 79
84 19 32
86 16 84
88 67 87
90 14 89
92 15 83
94 93 91
96 8 95
98 9 75
100 99 97
102 12 101
104 13 59
106 105 103
108 10 59
110 11 107
112 111 109
114 41 49
116 15 115
118 117 55
120 17 37
122 121 65
124 21 22
126 19 124
128 127 35
130 17 129
132 131 65
134 14 133
136 15 123
138 137 135
140 81 87
142 17 34
144 143 87
146 14 145
148 15 141
150 149 147
152 8 151
154 9 139
156 155 153
158 12 157
160 13 119
162 161 159
164 10 119
166 11 163
168 167 165
170 2 169
172 3 113
174 173 171
176 6 175
178 7 31
180 179 177
182 21 23
184 18 182
186 63 185
188 19 182
190 189 27
192 16 191
194 17 187
196 195 193
198 189 35
200 16 199
202 195 201
204 17 188
206 205 201
208 14 207
210 15 203
212 211 209
214 8 213
216 9 197
218 217 215
220 17 23
222 221 79
224 16 61
226 195 225
228 14 227
230 15 223
232 231 229
234 8 31
236 9 233
238 237 235
240 12 239
242 13 219
244 243 241
246 10 219
248 11 245
250 249 247
252 6 31
254 7 251
256 255 253
258 4 257
260 5 181
262 261 259
264 16 184
266 85 185
268 16 26
270 17 267
272 271 269
274 14 273
276 15 264
278 277 275
280 127 27
282 16 281
284 17 84
286 285 283
288 14 287
290 15 184
292 291 289
294 127 185
296 17 295
298 285 225
300 14 299
302 15 296
304 303 301
306 8 305
308 9 293
310 309 307
312 12 311
314 13 279
316 315 313
318 10 279
320 11 317
322 321 319
324 15 268
326 325 275
328 17 184
330 329 283
332 195 283
334 14 333
336 15 331
338 337 335
340 297 225
342 29 185
344 17 343
346 345 225
348 14 347
350 15 341
352 351 349
354 8 353
356 9 339
358 357 355
360 12 359
362 13 327
364 363 361
366 10 327
368 11 365
370 369 367
372 2 371
374 3 323
376 375 373
378 6 377
380 271 265
382 14 381
384 277 383
386 8 385
388 13 386
390 10 386
392 11 388
394 393 391
396 7 395
398 4 396
400 5 378
402 401 399
404 16 182
406 195 405
408 14 407
410 15 182
412 411 409
414 8 413
416 13 414
418 10 414
420 11 416
422 421 419
424 6 423
426 17 191
428 427 65
430 17 199
432 431 65
434 14 433
436 15 429
438 437 435
440 8 439
442 13 440
444 10 440
446 11 442
448 447 445
450 7 449
452 4 450
454 5 424
456 455 453
458 125 33
460 19 459
462 16 460
464 131 463
466 17 126
468 131 87
470 14 469
472 15 466
474 473 471
476 9 475
478 12 476
480 13 465
482 481 479
484 10 465
486 11 483
488 487 485
490 7 489
492 4 490
494 461 35
496 16 495
498 131 497
500 14 499
502 15 495
504 503 501
506 8 505
508 9 31
510 509 507
512 12 31
514 13 511
516 515 513
518 10 511
520 11 517
522 521 519
524 6 523
526 179 525
528 17 460
530 529 283
532 461 185
534 17 533
536 535 283
538 14 537
540 15 531
542 541 539
544 8 543
546 509 545
548 13 547
550 549 513
552 10 547
554 11 551
556 555 553
558 7 557
560 559 253
562 4 561
564 5 527
566 565 563
568 17 26
570 569 265
572 14 28
574 15 571
576 575 573
578 16 188
580 67 579
582 16 44
584 431 583
586 14 585
588 15 581
590 589 587
592 8 591
594 9 577
596 595 593
598 16 295
600 345 65
602 14 601
604 15 598
606 605 603
608 45 185
610 16 609
612 205 611
614 17 609
616 14 614
618 15 613
620 619 617
622 8 621
624 9 607
626 625 623
628 12 627
630 13 597
632 631 629
634 16 533
636 329 635
638 16 187
640 535 639
642 14 641
644 15 637
646 645 643
648 10 647
650 11 633
652 651 649
654 16 343
656 427 655
658 17 62
660 659 583
662 14 661
664 15 657
666 665 663
668 17 281
670 669 49
672 15 671
674 673 55
676 8 675
678 9 667
680 679 677
682 205 405
684 285 579
686 14 685
688 15 683
690 689 687
692 15 204
694 8 692
696 9 691
698 697 695
700 12 699
702 13 681
704 703 701
706 10 413
708 11 705
710 709 707
712 2 711
714 3 653
716 715 713
718 6 717
720 179 719
722 85 27
724 16 723
726 67 725
728 14 727
730 303 729
732 17 182
734 733 579
736 15 735
738 737 209
740 8 739
742 9 731
744 743 741
746 16 126
748 297 747
750 461 27
752 16 751
754 67 753
756 14 755
758 15 749
760 759 757
762 15 609
764 763 349
766 8 765
768 9 761
770 769 767
772 12 771
774 13 745
776 775 773
778 15 465
780 779 501
782 131 635
784 14 751
786 15 783
788 787 785
790 8 789
792 9 781
794 793 791
796 10 795
798 11 777
800 799 797
802 7 801
804 803 253
806 4 805
808 5 721
810 809 807
812 427 79
814 329 747
816 14 815
818 15 813
820 819 817
822 669 753
824 14 671
826 15 823
828 827 825
830 8 829
832 9 821
834 833 831
836 205 225
838 14 732
840 15 837
842 841 839
844 841 617
846 8 845
848 9 843
850 849 847
852 12 851
854 13 835
856 855 853
858 205 193
860 15 859
862 861 839
864 10 863
866 11 857
868 867 865
870 427 463
872 205 747
874 14 873
876 15 871
878 877 875
880 9 879
882 881 677
884 12 692
886 13 883
888 887 885
890 10 692
892 11 889
894 893 891
896 2 895
898 3 869
900 899 897
902 6 901
904 179 903
906 17 32
908 907 39
910 14 909
912 93 911
914 17 495
916 915 753
918 15 917
920 919 785
922 8 921
924 9 913
926 925 923
928 9 223
930 929 235
932 12 931
934 13 927
936 935 933
938 16 77
940 221 939
942 431 939
944 14 943
946 15 941
948 947 945
950 8 949
952 9 23
954 953 951
956 10 955
958 11 937
960 959 957
962 7 961
964 963 253
966 4 965
968 5 905
970 969 967
972 329 201
974 659 265
976 14 975
978 15 973
980 979 977
982 659 405
984 14 983
986 979 985
988 8 987
990 9 981
992 991 989
994 16 47
996 14 194
998 15 994
1000 999 997
1002 9 1001
1004 1003 847
1006 12 1005
1008 13 993
1010 1009 1007
1012 15 200
1014 1013 977
1016 10 1015
1018 11 1011
1020 1019 1017
1022 195 265
1024 14 1023
1026 291 1025
1028 9 1027
1030 1029 415
1032 14 284
1034 277 1033
1036 9 1035
1038 1037 695
1040 12 1039
1042 13 1031
1044 1043 1041
1046 10 385
1048 11 1045
1050 1049 1047
1052 2 1051
1054 3 1021
1056 1055 1053
1058 6 1057
1060 271 193
1062 14 197
1064 15 1061
1066 1065 1063
1068 271 201
1070 15 1069
1072 1071 209
1074 8 1073
1076 9 1067
1078 1077 1075
1080 17 723
1082 1081 79
1084 15 1083
1086 1085 229
1088 9 1087
1090 1089 235
1092 12 1091
1094 13 1079
1096 1095 1093
1098 10 1079
1100 11 1097
1102 1101 1099
1104 7 1103
1106 4 1104
1108 5 1058
1110 1109 1107
1112 285 269
1114 14 1061
1116 15 1113
1118 1117 1115
1120 1117 275
1122 8 1121
1124 9 1119
1126 1125 1123
1128 1081 753
1130 15 1129
1132 1131 229
1134 9 1133
1136 1135 235
1138 12 1137
1140 13 1127
1142 1141 1139
1144 15 273
1146 1145 1115
1148 10 1147
1150 11 1143
1152 1151 1149
1154 285 193
1156 15 1155
1158 1157 1115
1160 9 1159
1162 1161 1123
1164 13 1163
1166 1165 1093
1168 10 1067
1170 11 1167
1172 1171 1169
1174 2 1173
1176 3 1153
1178 1177 1175
1180 6 1179
1182 16 32
1184 143 1183
1186 14 1185
1188 15 32
1190 1189 1187
1192 1081 497
1194 427 753
1196 14 1195
1198 15 1193
1200 1199 1197
1202 9 1201
1204 1203 235
1206 12 1205
1208 13 1191
1210 1209 1207
1212 10 1191
1214 11 1211
1216 1215 1213
1218 7 1217
1220 4 1218
1222 5 1180
1224 1223 1221
1226 6 489
1228 179 1227
1230 467 599
1232 535 599
1234 14 1233
1236 15 1231
1238 1237 1235
1240 8 1239
1242 9 126
1244 1243 1241
1246 9 466
1248 12 1246
1250 13 1245
1252 1251 1249
1254 10 1245
1256 11 1253
1258 1257 1255
1260 7 1259
1262 1261 253
1264 4 1263
1266 5 1229
1268 1267 1265
i0 p0p0gt0outside29temperature0room29temperature
i1 p0b0room29heating29off
i2 p0b0room29heating29on
i3 p0b0room29window29opened
i4 p0b0room29window29closed
i5 p0p0all2windows2closed0room
o0 u0room29heating29ctrl0f1dturn2on1b
o1 u0room29heating29ctrl0f1dturn2off1b
o2 u0music29ctrl0f1dplay0f1doverture1b1b
o3 u0room29heating29ctrl0room29heating29ctrl
o4 u0music29ctrl0music29ctrl
