REALIZABLE
aag 245 11 3 4 231
2
4
6
8
10
12
14
16
18
20
22
24 341
26 441
28 490
0
74
130
291
30 26 28
32 25 31
34 10 32
36 21 34
38 25 27
40 19 38
42 17 40
44 10 42
46 21 44
48 19 32
50 17 48
52 10 50
54 21 52
56 14 54
58 15 46
60 59 57
62 2 56
64 3 61
66 65 63
68 6 67
70 7 36
72 71 69
74 5 73
76 26 29
78 24 76
80 11 78
82 21 80
84 24 29
86 11 84
88 21 86
90 2 88
92 3 82
94 93 91
96 19 78
98 17 96
100 11 98
102 21 100
104 19 84
106 17 104
108 11 106
110 21 108
112 14 110
114 15 102
116 115 113
118 2 112
120 3 117
122 121 119
124 6 123
126 7 95
128 127 125
130 4 129
132 33 85
134 10 84
136 11 133
138 137 135
140 20 133
142 21 139
144 143 141
146 25 76
148 147 85
150 18 133
152 19 149
154 153 151
156 16 133
158 17 155
160 159 157
162 10 161
164 137 163
166 21 165
168 167 141
170 105 151
172 17 171
174 173 157
176 10 175
178 137 177
180 21 179
182 181 141
184 14 183
186 15 169
188 187 185
190 15 133
192 191 185
194 2 193
196 3 189
198 197 195
200 6 199
202 7 145
204 203 201
206 27 29
208 24 206
210 33 209
212 10 133
214 11 211
216 215 213
218 21 217
220 219 141
222 11 32
224 223 213
226 21 225
228 227 141
230 2 229
232 3 221
234 233 231
236 19 211
238 237 151
240 17 239
242 241 157
244 11 243
246 245 213
248 21 247
250 249 141
252 49 151
254 17 253
256 255 157
258 11 257
260 259 213
262 21 261
264 263 141
266 14 265
268 15 251
270 269 267
272 191 267
274 2 273
276 3 271
278 277 275
280 6 279
282 7 235
284 283 281
286 4 285
288 5 205
290 289 287
292 87 213
294 20 293
296 21 133
298 297 295
300 11 161
302 301 213
304 20 303
306 297 305
308 11 175
310 309 213
312 20 311
314 297 313
316 14 315
318 15 307
320 319 317
322 191 317
324 2 323
326 3 321
328 327 325
330 6 329
332 7 299
334 333 331
336 4 133
338 5 335
340 339 337
342 27 28
344 25 342
346 345 85
348 10 347
350 137 349
352 25 29
354 353 79
356 11 355
358 357 213
360 20 359
362 21 351
364 363 361
366 39 85
368 10 367
370 137 369
372 11 76
374 373 213
376 20 375
378 21 371
380 379 377
382 12 381
384 13 365
386 385 383
388 2 299
390 3 387
392 391 389
394 7 393
396 395 331
398 345 79
400 11 399
402 401 213
404 21 403
406 405 141
408 39 79
410 11 409
412 411 213
414 21 413
416 415 141
418 12 417
420 13 407
422 421 419
424 2 133
426 3 423
428 427 425
430 6 133
432 7 429
434 433 431
436 4 435
438 5 397
440 439 437
442 11 344
444 20 442
446 11 38
448 20 446
450 12 448
452 13 444
454 453 451
456 20 222
458 2 456
460 3 455
462 461 459
464 11 42
466 20 464
468 11 50
470 20 468
472 14 470
474 15 466
476 475 473
478 2 472
480 3 477
482 481 479
484 6 483
486 7 463
488 487 485
490 5 489
i0 p0b02room29somebody2enters
i1 p0b02c2m29ready
i2 p0b02room29empty
i3 p0b02room29somebody2leaves
i4 p0b02c2m29standby
i5 p0b02room29sombebody2enters
i6 p0b02room29sombebody2leaves
i7 p0b02room29switch29toggled
i8 p0b02room29bed29occupied
i9 p0b02c2m29busy
i10 p0b02c2m29finished
o0 u02c2m29ctrl0f1d2c2m29turn2off1b
o1 u02c2m29ctrl0f1d2c2m29turn2on1b
o2 u02c2m29ctrl02c2m29ctrl
o3 u02c2m29ctrl0f1d2c2m29make2coffee1b
