REALIZABLE
aag 474 9 4 4 461
2
4
6
8
10
12
14
16
18
20 569
22 701
24 817
26 949
93
259
278
387
28 24 27
30 25 26
32 31 29
34 22 25
36 23 33
38 37 35
40 25 27
42 20 40
44 21 39
46 45 43
48 22 40
50 20 48
52 45 51
54 4 53
56 5 47
58 57 55
60 12 59
62 11 60
64 17 53
66 15 64
68 5 66
70 12 68
72 11 70
74 17 47
76 15 74
78 12 76
80 11 78
82 8 80
84 9 72
86 85 83
88 2 87
90 3 62
92 91 89
94 24 26
96 22 94
98 20 95
100 21 97
102 101 99
104 22 28
106 23 28
108 20 106
110 21 104
112 111 109
114 12 113
116 13 103
118 117 115
120 22 95
122 37 121
124 21 123
126 125 99
128 12 103
130 13 127
132 131 129
134 10 133
136 11 119
138 137 135
140 23 27
142 141 105
144 20 143
146 111 145
148 16 103
150 17 147
152 151 149
154 14 103
156 15 153
158 157 155
160 4 103
162 5 159
164 163 161
166 12 165
168 117 167
170 107 49
172 21 171
174 173 43
176 17 175
178 177 149
180 15 179
182 181 155
184 5 183
186 185 161
188 13 187
190 189 129
192 10 191
194 11 169
196 195 193
198 20 28
200 111 199
202 17 201
204 203 149
206 15 205
208 207 155
210 17 113
212 211 149
214 15 213
216 215 155
218 4 217
220 5 209
222 221 219
224 12 223
226 117 225
228 75 149
230 15 229
232 231 155
234 4 233
236 185 235
238 13 237
240 239 129
242 10 241
244 11 227
246 245 243
248 8 247
250 9 197
252 251 249
254 2 253
256 3 139
258 257 255
260 15 202
262 5 260
264 13 262
266 10 264
268 13 260
270 10 268
272 8 270
274 9 266
276 275 273
278 2 277
280 23 32
282 22 33
284 23 30
286 285 283
288 20 287
290 21 280
292 291 289
294 23 25
296 295 283
298 20 297
300 291 299
302 4 301
304 5 293
306 305 303
308 12 307
310 13 290
312 10 310
314 11 308
316 315 313
318 20 30
320 291 319
322 17 321
324 15 322
326 5 324
328 12 326
330 22 30
332 23 29
334 333 331
336 21 335
338 337 319
340 17 339
342 15 340
344 5 342
346 13 344
348 10 346
350 11 328
352 351 349
354 17 293
356 15 354
358 4 356
360 327 359
362 12 361
364 4 324
366 345 365
368 13 367
370 10 368
372 11 362
374 373 371
376 8 375
378 9 353
380 379 377
382 2 381
384 3 317
386 385 383
388 295 49
390 295 121
392 20 391
394 21 389
396 395 393
398 285 105
400 20 399
402 21 48
404 403 401
406 4 405
408 5 397
410 409 407
412 12 411
414 117 413
416 4 127
418 5 95
420 419 417
422 13 421
424 423 129
426 10 425
428 11 415
430 429 427
432 285 49
434 21 433
436 435 393
438 5 437
440 439 407
442 12 441
444 117 443
446 11 445
448 447 135
450 6 449
452 7 431
454 453 451
456 22 24
458 20 25
460 21 457
462 461 459
464 17 463
466 465 149
468 15 467
470 469 155
472 5 471
474 473 161
476 12 475
478 117 477
480 22 27
482 23 31
484 483 481
486 21 485
488 487 99
490 17 489
492 491 149
494 15 493
496 495 155
498 5 497
500 499 161
502 13 501
504 503 129
506 10 505
508 11 479
510 509 507
512 20 284
514 17 512
516 515 149
518 15 517
520 519 155
522 4 521
524 473 523
526 12 525
528 117 527
530 37 105
532 20 531
534 111 533
536 17 535
538 537 149
540 15 539
542 541 155
544 4 543
546 499 545
548 13 547
550 549 129
552 10 551
554 11 529
556 555 553
558 8 557
560 9 511
562 561 559
564 2 563
566 3 455
568 567 565
570 37 481
572 23 40
574 573 283
576 20 575
578 21 571
580 579 577
582 4 27
584 5 581
586 585 583
588 12 587
590 4 95
592 5 127
594 593 591
596 13 595
598 10 596
600 11 588
602 601 599
604 23 95
606 605 481
608 21 607
610 609 577
612 5 611
614 613 583
616 12 615
618 13 95
620 10 618
622 11 616
624 623 621
626 6 625
628 7 603
630 629 627
632 20 330
634 337 633
636 17 635
638 15 636
640 5 638
642 12 640
644 291 633
646 17 645
648 15 646
650 5 648
652 13 650
654 10 652
656 11 642
658 657 655
660 107 481
662 20 27
664 21 661
666 665 663
668 17 667
670 15 668
672 4 670
674 641 673
676 12 675
678 4 76
680 651 679
682 13 681
684 10 682
686 11 676
688 687 685
690 8 689
692 9 659
694 693 691
696 2 695
698 3 631
700 699 697
702 23 24
704 703 35
706 573 481
708 20 707
710 21 705
712 711 709
714 23 41
716 715 35
718 20 120
720 21 717
722 721 719
724 4 723
726 5 713
728 727 725
730 12 729
732 715 121
734 21 733
736 735 99
738 13 737
740 10 738
742 11 730
744 743 741
746 173 51
748 17 747
750 15 748
752 5 750
754 12 752
756 13 752
758 10 756
760 11 754
762 761 759
764 15 176
766 573 121
768 20 767
770 461 769
772 17 771
774 15 772
776 4 774
778 5 764
780 779 777
782 12 781
784 573 35
786 20 785
788 461 787
790 17 789
792 15 790
794 4 792
796 779 795
798 13 797
800 10 798
802 11 782
804 803 801
806 8 805
808 9 763
810 809 807
812 2 811
814 3 745
816 815 813
818 23 26
820 819 283
822 37 331
824 20 823
826 21 821
828 827 825
830 12 829
832 117 831
834 23 94
836 21 834
838 13 836
840 839 129
842 10 841
844 11 833
846 845 843
848 605 283
850 20 849
852 827 851
854 17 853
856 855 149
858 15 857
860 859 155
862 5 861
864 863 161
866 12 865
868 117 867
870 13 865
872 871 129
874 10 873
876 11 869
878 877 875
880 20 33
882 827 881
884 17 883
886 885 149
888 15 887
890 889 155
892 17 829
894 893 149
896 15 895
898 897 155
900 4 899
902 5 891
904 903 901
906 12 905
908 117 907
910 835 105
912 21 911
914 913 881
916 17 915
918 917 149
920 15 919
922 921 155
924 4 923
926 903 925
928 13 927
930 929 129
932 10 931
934 11 909
936 935 933
938 8 937
940 9 879
942 941 939
944 2 943
946 3 847
948 947 945
i0 p0b02room29empty
i1 p0b02room29somebody2enters
i2 p0b02room29sombebody2enters
i3 p0b02room29sombebody2leaves
i4 p0b02roomlight29off
i5 p0b02roomlight29on
i6 p0b02room29switch29toggled
i7 p0b02room29bed29occupied
i8 p0b02room29somebody2leaves
o0 u02roomlight29light0f1d2roomlight29turn2on1b
o1 u02roomlight29light0f1d2roomlight29toggle1b
o2 u02roomlight29light0f1d2roomlight29turn2off1b
o3 u02roomlight29light02roomlight29light
