REALIZABLE
aag 260 6 3 5 251
2
4
6
8
10
12
14 397
16 441
18 521
65
159
223
242
309
20 6 19
22 12 20
24 11 22
26 8 22
28 9 24
30 29 27
32 16 19
34 14 32
36 15 17
38 37 35
40 6 39
42 13 40
44 11 42
46 6 36
48 13 46
50 10 48
52 45 51
54 8 53
56 9 44
58 57 55
60 4 59
62 5 31
64 63 61
66 16 18
68 17 18
70 14 68
72 37 71
74 12 73
76 13 67
78 77 75
80 6 67
82 7 73
84 83 81
86 12 85
88 77 87
90 10 89
92 11 79
94 93 91
96 8 79
98 9 95
100 99 97
102 17 19
104 14 19
106 15 102
108 107 105
110 107 35
112 6 111
114 7 109
116 115 113
118 12 67
120 13 117
122 121 119
124 115 81
126 13 125
128 127 119
130 10 129
132 11 123
134 133 131
136 6 106
138 115 137
140 13 139
142 141 119
144 10 143
146 133 145
148 8 147
150 9 135
152 151 149
154 4 153
156 5 101
158 157 155
160 15 32
162 161 105
164 12 163
166 7 163
168 12 166
170 10 168
172 11 164
174 173 171
176 8 164
178 9 175
180 179 177
182 14 102
184 161 183
186 6 185
188 7 160
190 189 187
192 13 191
194 13 188
196 10 194
198 11 192
200 199 197
202 6 163
204 189 203
206 13 205
208 10 206
210 199 209
212 8 211
214 9 201
216 215 213
218 4 217
220 5 181
222 221 219
224 13 68
226 7 68
228 13 226
230 10 228
232 11 224
234 233 231
236 8 224
238 9 235
240 239 237
242 4 241
244 6 68
246 7 67
248 247 245
250 12 249
252 77 251
254 10 67
256 11 253
258 257 255
260 8 253
262 9 259
264 263 261
266 14 17
268 161 267
270 6 269
272 247 271
274 13 273
276 275 119
278 11 277
280 279 255
282 14 67
284 161 283
286 6 285
288 247 287
290 13 289
292 291 119
294 10 293
296 279 295
298 8 297
300 9 281
302 301 299
304 4 303
306 5 265
308 307 305
310 2 73
312 3 68
314 313 311
316 6 73
318 7 315
320 319 317
322 12 321
324 77 323
326 319 81
328 12 327
330 77 329
332 10 331
334 11 325
336 335 333
338 12 315
340 77 339
342 10 341
344 335 343
346 8 345
348 9 337
350 349 347
352 15 19
354 353 283
356 6 355
358 7 285
360 359 357
362 13 361
364 363 119
366 359 81
368 13 367
370 369 119
372 10 371
374 11 365
376 375 373
378 13 285
380 379 119
382 10 381
384 375 383
386 8 385
388 9 377
390 389 387
392 4 391
394 5 351
396 395 393
398 3 106
400 7 398
402 12 400
404 12 398
406 10 404
408 11 402
410 409 407
412 8 411
414 9 402
416 415 413
418 13 106
420 7 106
422 13 420
424 10 422
426 11 418
428 427 425
430 8 418
432 9 429
434 433 431
436 4 435
438 5 417
440 439 437
442 69 33
444 15 443
446 445 283
448 12 447
450 77 449
452 7 447
454 453 81
456 12 455
458 77 457
460 10 459
462 11 451
464 463 461
466 8 451
468 9 465
470 469 467
472 445 71
474 445 267
476 6 475
478 7 473
480 479 477
482 13 481
484 483 119
486 479 81
488 13 487
490 489 119
492 10 491
494 11 485
496 495 493
498 6 447
500 479 499
502 13 501
504 503 119
506 10 505
508 495 507
510 8 509
512 9 497
514 513 511
516 4 515
518 5 471
520 519 517
i0 p0p0gt0outside29temperature0room29temperature
i1 p0b0room29heating29off
i2 p0b0room29window29opened
i3 p0b0room29window29closed
i4 p0p0all2windows2closed0room
i5 p0b0room29heating29on
o0 u0music29ctrl0f1dplay0f1doverture1b1b
o1 u0room29heating29ctrl0f1dturn2on1b
o2 u0room29heating29ctrl0f1dturn2off1b
o3 u0room29heating29ctrl0room29heating29ctrl
o4 u0music29ctrl0music29ctrl
