REALIZABLE
aag 89 3 3 3 83
2
4
6
8 141
10 169
12 179
69
107
0
14 10 13
16 11 12
18 17 15
20 8 19
22 9 15
24 23 21
26 10 12
28 8 27
30 23 29
32 2 31
34 3 25
36 35 33
38 8 26
40 4 39
42 5 37
44 43 41
46 8 14
48 9 18
50 49 47
52 23 47
54 2 53
56 3 51
58 57 55
60 5 59
62 61 41
64 6 63
66 7 45
68 67 65
70 11 13
72 8 70
74 9 14
76 75 73
78 2 74
80 3 77
82 81 79
84 5 83
86 8 11
88 9 19
90 89 87
92 75 87
94 2 93
96 3 91
98 97 95
100 5 99
102 6 100
104 7 84
106 105 103
108 9 70
110 109 21
112 2 28
114 3 111
116 115 113
118 4 31
120 5 117
122 121 119
124 9 13
126 125 29
128 2 127
130 3 27
132 131 129
134 5 133
136 6 134
138 7 123
140 139 137
142 9 10
144 2 9
146 3 142
148 147 145
150 4 74
152 5 149
154 153 151
156 9 71
158 157 87
160 5 159
162 161 41
164 6 163
166 7 155
168 167 165
170 9 12
172 171 29
174 5 173
176 7 174
178 177 65
i0 p0p0bright0outside29brightness
i1 p0b02shades29closed
i2 p0b02shades29open
o0 u02shades29ctrl0f1d2shades29move2to0f1d2shades29percent2423231b1b
o1 u02shades29ctrl0f1d2shades29move2to0f1d2shades29percent231b1b
o2 u02shades29ctrl02shades29ctrl
