REALIZABLE
aag 3190 14 5 4 3171
2
4
6
8
10
12
14
16
18
20
22
24
26
28
30 3125
32 3977
34 5001
36 5671
38 6381
99
1185
1593
2063
40 37 39
42 34 40
44 35 40
46 32 44
48 33 42
50 49 47
52 37 38
54 34 52
56 45 55
58 32 57
60 33 44
62 61 59
64 30 63
66 31 51
68 67 65
70 22 69
72 21 70
74 27 69
76 25 74
78 29 76
80 22 78
82 21 80
84 22 76
86 21 84
88 18 86
90 19 82
92 91 89
94 12 93
96 13 72
98 97 95
100 36 38
102 34 100
104 32 101
106 33 103
108 107 105
110 30 101
112 31 109
114 113 111
116 23 115
118 34 101
120 35 41
122 121 119
124 36 39
126 34 124
128 35 101
130 129 127
132 32 131
134 33 123
136 135 133
138 53 125
140 34 139
142 35 39
144 143 141
146 33 145
148 147 105
150 30 149
152 31 137
154 153 151
156 22 115
158 23 155
160 159 157
162 20 161
164 21 116
166 165 163
168 35 124
170 169 119
172 35 37
174 173 127
176 32 175
178 33 171
180 179 177
182 143 55
184 129 141
186 32 185
188 33 183
190 189 187
192 30 191
194 31 181
196 195 193
198 23 197
200 199 157
202 20 201
204 165 203
206 6 205
208 7 167
210 209 207
212 34 37
214 35 139
216 215 213
218 33 217
220 219 133
222 45 141
224 129 55
226 32 225
228 33 223
230 229 227
232 30 231
234 31 221
236 235 233
238 23 237
240 239 157
242 20 241
244 165 243
246 32 172
248 33 212
250 249 247
252 173 55
254 32 253
256 33 57
258 257 255
260 30 259
262 31 251
264 263 261
266 23 265
268 267 157
270 20 269
272 165 271
274 6 273
276 7 245
278 277 275
280 4 279
282 5 211
284 283 281
286 26 115
288 24 115
290 25 286
292 291 289
294 28 115
296 29 293
298 297 295
300 22 299
302 117 301
304 27 155
306 305 287
308 25 307
310 309 289
312 29 311
314 313 295
316 23 315
318 317 157
320 20 319
322 21 303
324 323 321
326 22 293
328 117 327
330 23 311
332 331 157
334 20 333
336 21 329
338 337 335
340 18 339
342 19 325
344 343 341
346 27 197
348 347 287
350 25 349
352 351 289
354 29 353
356 355 295
358 23 357
360 359 157
362 20 361
364 323 363
366 23 353
368 367 157
370 20 369
372 337 371
374 18 373
376 19 365
378 377 375
380 6 379
382 7 345
384 383 381
386 27 237
388 387 287
390 25 389
392 391 289
394 29 393
396 395 295
398 23 397
400 399 157
402 20 401
404 323 403
406 23 393
408 407 157
410 20 409
412 337 411
414 18 413
416 19 405
418 417 415
420 27 265
422 421 287
424 25 423
426 425 289
428 29 427
430 429 295
432 23 431
434 433 157
436 20 435
438 323 437
440 23 427
442 441 157
444 20 443
446 337 445
448 18 447
450 19 439
452 451 449
454 6 453
456 7 419
458 457 455
460 4 459
462 5 385
464 463 461
466 215 119
468 33 467
470 469 133
472 143 127
474 33 473
476 475 187
478 30 477
480 31 471
482 481 479
484 27 483
486 485 287
488 25 487
490 489 289
492 29 491
494 493 295
496 23 495
498 497 157
500 20 499
502 323 501
504 23 491
506 505 157
508 20 507
510 337 509
512 18 511
514 19 503
516 515 513
518 34 39
520 169 519
522 33 521
524 523 177
526 33 142
528 527 187
530 30 529
532 31 525
534 533 531
536 27 535
538 537 287
540 25 539
542 541 289
544 29 543
546 545 295
548 23 547
550 549 157
552 20 551
554 323 553
556 23 543
558 557 157
560 20 559
562 337 561
564 18 563
566 19 555
568 567 565
570 6 569
572 7 517
574 573 571
576 45 127
578 32 183
580 33 577
582 581 579
584 30 583
586 235 585
588 27 587
590 589 287
592 25 591
594 593 289
596 29 595
598 597 295
600 23 599
602 601 157
604 20 603
606 323 605
608 23 595
610 609 157
612 20 611
614 337 613
616 18 615
618 19 607
620 619 617
622 75 287
624 25 623
626 625 289
628 29 627
630 629 295
632 23 631
634 633 157
636 20 635
638 323 637
640 23 627
642 641 157
644 20 643
646 337 645
648 18 647
650 19 639
652 651 649
654 6 653
656 7 621
658 657 655
660 4 659
662 5 575
664 663 661
666 14 665
668 15 465
670 669 667
672 12 671
674 13 285
676 675 673
678 32 42
680 33 54
682 681 679
684 30 683
686 31 678
688 687 685
690 22 689
692 117 691
694 147 133
696 30 695
698 481 697
700 23 699
702 701 157
704 20 703
706 21 693
708 707 705
710 33 140
712 711 679
714 30 713
716 31 683
718 717 715
720 22 719
722 117 721
724 189 133
726 30 725
728 195 727
730 23 729
732 731 157
734 20 733
736 21 723
738 737 735
740 6 739
742 7 709
744 743 741
746 33 126
748 747 679
750 35 52
752 751 43
754 32 753
756 681 755
758 30 757
760 31 749
762 761 759
764 22 763
766 117 765
768 32 128
770 229 769
772 30 771
774 235 773
776 23 775
778 777 157
780 20 779
782 21 767
784 783 781
786 711 755
788 215 43
790 32 789
792 711 791
794 30 793
796 31 787
798 797 795
800 22 799
802 117 801
804 257 247
806 30 805
808 263 807
810 23 809
812 811 157
814 20 813
816 21 803
818 817 815
820 6 819
822 7 785
824 823 821
826 4 825
828 5 745
830 829 827
832 249 679
834 30 833
836 687 835
838 22 837
840 117 839
842 21 841
844 843 705
846 8 845
848 9 709
850 849 847
852 7 851
854 853 741
856 5 855
858 857 827
860 2 859
862 3 831
864 863 861
866 27 689
868 867 287
870 25 869
872 871 289
874 29 873
876 875 295
878 22 877
880 117 879
882 27 699
884 883 287
886 25 885
888 887 289
890 29 889
892 891 295
894 23 893
896 895 157
898 20 897
900 21 881
902 901 899
904 22 873
906 117 905
908 23 889
910 909 157
912 20 911
914 21 907
916 915 913
918 18 917
920 19 903
922 921 919
924 27 719
926 925 287
928 25 927
930 929 289
932 29 931
934 933 295
936 22 935
938 117 937
940 27 729
942 941 287
944 25 943
946 945 289
948 29 947
950 949 295
952 23 951
954 953 157
956 20 955
958 21 939
960 959 957
962 22 931
964 117 963
966 23 947
968 967 157
970 20 969
972 21 965
974 973 971
976 18 975
978 19 961
980 979 977
982 6 981
984 7 923
986 985 983
988 27 763
990 989 287
992 25 991
994 993 289
996 29 995
998 997 295
1000 22 999
1002 117 1001
1004 27 775
1006 1005 287
1008 25 1007
1010 1009 289
1012 29 1011
1014 1013 295
1016 23 1015
1018 1017 157
1020 20 1019
1022 21 1003
1024 1023 1021
1026 22 995
1028 117 1027
1030 23 1011
1032 1031 157
1034 20 1033
1036 21 1029
1038 1037 1035
1040 18 1039
1042 19 1025
1044 1043 1041
1046 27 799
1048 1047 287
1050 25 1049
1052 1051 289
1054 29 1053
1056 1055 295
1058 22 1057
1060 117 1059
1062 27 809
1064 1063 287
1066 25 1065
1068 1067 289
1070 29 1069
1072 1071 295
1074 23 1073
1076 1075 157
1078 20 1077
1080 21 1061
1082 1081 1079
1084 22 1053
1086 117 1085
1088 23 1069
1090 1089 157
1092 20 1091
1094 21 1087
1096 1095 1093
1098 18 1097
1100 19 1083
1102 1101 1099
1104 6 1103
1106 7 1045
1108 1107 1105
1110 4 1109
1112 5 987
1114 1113 1111
1116 27 837
1118 1117 287
1120 25 1119
1122 1121 289
1124 29 1123
1126 1125 295
1128 22 1127
1130 117 1129
1132 21 1131
1134 1133 899
1136 22 1123
1138 117 1137
1140 21 1139
1142 1141 913
1144 18 1143
1146 19 1135
1148 1147 1145
1150 8 1149
1152 9 923
1154 1153 1151
1156 7 1155
1158 1157 983
1160 5 1159
1162 1161 1111
1164 2 1163
1166 3 1115
1168 1167 1165
1170 15 1169
1172 1171 667
1174 12 1173
1176 13 865
1178 1177 1175
1180 10 1179
1182 11 677
1184 1183 1181
1186 33 753
1188 30 1186
1190 687 1189
1192 23 1191
1194 20 1192
1196 169 43
1198 32 1197
1200 33 750
1202 1201 1199
1204 751 519
1206 33 1205
1208 1207 679
1210 30 1209
1212 31 1203
1214 1213 1211
1216 23 1215
1218 20 1216
1220 6 1218
1222 7 1194
1224 1223 1221
1226 32 518
1228 33 789
1230 1229 1227
1232 30 1231
1234 761 1233
1236 23 1235
1238 20 1236
1240 215 127
1242 32 521
1244 33 1241
1246 1245 1243
1248 215 519
1250 33 1249
1252 1251 1243
1254 30 1253
1256 31 1247
1258 1257 1255
1260 23 1259
1262 20 1260
1264 6 1262
1266 7 1238
1268 1267 1265
1270 4 1269
1272 5 1225
1274 1273 1271
1276 27 1191
1278 25 1276
1280 29 1278
1282 23 1280
1284 20 1282
1286 23 1278
1288 20 1286
1290 18 1288
1292 19 1284
1294 1293 1291
1296 27 1215
1298 25 1296
1300 29 1298
1302 23 1300
1304 20 1302
1306 23 1298
1308 20 1306
1310 18 1308
1312 19 1304
1314 1313 1311
1316 6 1315
1318 7 1295
1320 1319 1317
1322 27 1235
1324 25 1322
1326 29 1324
1328 23 1326
1330 20 1328
1332 23 1324
1334 20 1332
1336 18 1334
1338 19 1330
1340 1339 1337
1342 27 1259
1344 25 1342
1346 29 1344
1348 23 1346
1350 20 1348
1352 23 1344
1354 20 1352
1356 18 1354
1358 19 1350
1360 1359 1357
1362 6 1361
1364 7 1341
1366 1365 1363
1368 4 1367
1370 5 1321
1372 1371 1369
1374 751 213
1376 33 1375
1378 1377 679
1380 30 1379
1382 687 1381
1384 27 1383
1386 25 1384
1388 29 1386
1390 23 1388
1392 20 1390
1394 23 1386
1396 20 1394
1398 18 1396
1400 19 1392
1402 1401 1399
1404 33 52
1406 1405 1199
1408 751 119
1410 33 1409
1412 1411 679
1414 30 1413
1416 31 1407
1418 1417 1415
1420 27 1419
1422 25 1420
1424 29 1422
1426 23 1424
1428 20 1426
1430 23 1422
1432 20 1430
1434 18 1432
1436 19 1428
1438 1437 1435
1440 6 1439
1442 7 1403
1444 1443 1441
1446 32 1205
1448 219 1447
1450 30 1449
1452 761 1451
1454 27 1453
1456 25 1454
1458 29 1456
1460 23 1458
1462 20 1460
1464 23 1456
1466 20 1464
1468 18 1466
1470 19 1462
1472 1471 1469
1474 32 1249
1476 33 139
1478 1477 1475
1480 469 1475
1482 30 1481
1484 31 1479
1486 1485 1483
1488 27 1487
1490 25 1488
1492 29 1490
1494 23 1492
1496 20 1494
1498 23 1490
1500 20 1498
1502 18 1500
1504 19 1496
1506 1505 1503
1508 6 1507
1510 7 1473
1512 1511 1509
1514 4 1513
1516 5 1445
1518 1517 1515
1520 14 1519
1522 15 1373
1524 1523 1521
1526 12 1525
1528 13 1275
1530 1529 1527
1532 1187 679
1534 30 1533
1536 687 1535
1538 23 1537
1540 20 1538
1542 7 1540
1544 1543 1221
1546 5 1545
1548 1547 1271
1550 27 1537
1552 25 1550
1554 29 1552
1556 23 1554
1558 20 1556
1560 23 1552
1562 20 1560
1564 18 1562
1566 19 1558
1568 1567 1565
1570 7 1569
1572 1571 1317
1574 5 1573
1576 1575 1369
1578 15 1577
1580 1579 1521
1582 12 1581
1584 13 1549
1586 1585 1583
1588 10 1587
1590 11 1531
1592 1591 1589
1594 34 138
1596 32 467
1598 33 1595
1600 1599 1597
1602 31 1601
1604 1603 1483
1606 22 1605
1608 32 54
1610 61 1609
1612 31 1611
1614 23 1612
1616 20 1614
1618 21 1606
1620 1619 1617
1622 35 138
1624 33 1622
1626 1625 1609
1628 31 1627
1630 23 1628
1632 20 1630
1634 1619 1633
1636 6 1635
1638 7 1621
1640 1639 1637
1642 4 1635
1644 5 1641
1646 1645 1643
1648 27 1605
1650 25 1648
1652 29 1650
1654 22 1652
1656 27 1612
1658 25 1656
1660 29 1658
1662 23 1660
1664 20 1662
1666 21 1654
1668 1667 1665
1670 22 1650
1672 23 1658
1674 20 1672
1676 21 1670
1678 1677 1675
1680 18 1679
1682 19 1669
1684 1683 1681
1686 27 1628
1688 25 1686
1690 29 1688
1692 23 1690
1694 20 1692
1696 1667 1695
1698 23 1688
1700 20 1698
1702 1677 1701
1704 18 1703
1706 19 1697
1708 1707 1705
1710 6 1709
1712 7 1685
1714 1713 1711
1716 4 1709
1718 5 1715
1720 1719 1717
1722 14 1709
1724 15 1721
1726 1725 1723
1728 12 1727
1730 13 1647
1732 1731 1729
1734 32 139
1736 1599 1735
1738 32 1241
1740 1251 1739
1742 30 1741
1744 31 1737
1746 1745 1743
1748 22 1747
1750 30 1608
1752 1629 1751
1754 23 1753
1756 20 1754
1758 21 1748
1760 1759 1757
1762 34 125
1764 33 1763
1766 1765 1735
1768 1229 1739
1770 30 1769
1772 31 1767
1774 1773 1771
1776 22 1775
1778 21 1776
1780 1779 1757
1782 6 1781
1784 7 1761
1786 1785 1783
1788 34 53
1790 33 1789
1792 1791 1735
1794 32 124
1796 1251 1795
1798 30 1797
1800 31 1793
1802 1801 1799
1804 22 1803
1806 21 1804
1808 1807 1757
1810 169 141
1812 32 1811
1814 33 35
1816 1815 1813
1818 32 126
1820 1229 1819
1822 30 1821
1824 31 1817
1826 1825 1823
1828 22 1827
1830 21 1828
1832 1831 1757
1834 6 1833
1836 7 1809
1838 1837 1835
1840 4 1839
1842 5 1787
1844 1843 1841
1846 30 1241
1848 1745 1847
1850 22 1849
1852 21 1850
1854 1853 1757
1856 8 1855
1858 9 1761
1860 1859 1857
1862 7 1861
1864 1863 1783
1866 5 1865
1868 1867 1841
1870 2 1869
1872 3 1845
1874 1873 1871
1876 27 1747
1878 25 1876
1880 29 1878
1882 22 1880
1884 27 1753
1886 25 1884
1888 29 1886
1890 23 1888
1892 20 1890
1894 21 1882
1896 1895 1893
1898 22 1878
1900 23 1886
1902 20 1900
1904 21 1898
1906 1905 1903
1908 18 1907
1910 19 1897
1912 1911 1909
1914 27 1775
1916 25 1914
1918 29 1916
1920 22 1918
1922 21 1920
1924 1923 1893
1926 22 1916
1928 21 1926
1930 1929 1903
1932 18 1931
1934 19 1925
1936 1935 1933
1938 6 1937
1940 7 1913
1942 1941 1939
1944 27 1803
1946 25 1944
1948 29 1946
1950 22 1948
1952 21 1950
1954 1953 1893
1956 22 1946
1958 21 1956
1960 1959 1903
1962 18 1961
1964 19 1955
1966 1965 1963
1968 27 1827
1970 25 1968
1972 29 1970
1974 22 1972
1976 21 1974
1978 1977 1893
1980 22 1970
1982 21 1980
1984 1983 1903
1986 18 1985
1988 19 1979
1990 1989 1987
1992 6 1991
1994 7 1967
1996 1995 1993
1998 4 1997
2000 5 1943
2002 2001 1999
2004 27 1849
2006 25 2004
2008 29 2006
2010 22 2008
2012 21 2010
2014 2013 1893
2016 22 2006
2018 21 2016
2020 2019 1903
2022 18 2021
2024 19 2015
2026 2025 2023
2028 8 2027
2030 9 1913
2032 2031 2029
2034 7 2033
2036 2035 1939
2038 5 2037
2040 2039 1999
2042 2 2041
2044 3 2003
2046 2045 2043
2048 15 2047
2050 2049 1723
2052 12 2051
2054 13 1875
2056 2055 2053
2058 10 2057
2060 11 1733
2062 2061 2059
2064 45 213
2066 33 2065
2068 2067 247
2070 129 519
2072 33 2071
2074 2073 1795
2076 30 2075
2078 31 2069
2080 2079 2077
2082 22 2081
2084 173 43
2086 32 577
2088 33 2085
2090 2089 2087
2092 147 769
2094 30 2093
2096 31 2091
2098 2097 2095
2100 23 2099
2102 20 2100
2104 21 2082
2106 2105 2103
2108 32 473
2110 33 128
2112 2111 2109
2114 129 43
2116 33 2115
2118 2117 2087
2120 30 2119
2122 31 2113
2124 2123 2121
2126 22 2125
2128 189 247
2130 32 750
2132 189 2131
2134 30 2133
2136 31 2129
2138 2137 2135
2140 23 2139
2142 20 2140
2144 21 2126
2146 2145 2143
2148 6 2147
2150 7 2107
2152 2151 2149
2154 2097 773
2156 23 2155
2158 20 2156
2160 2105 2159
2162 33 214
2164 2163 2109
2166 31 2165
2168 2167 2121
2170 22 2169
2172 681 247
2174 257 2131
2176 30 2175
2178 31 2173
2180 2179 2177
2182 23 2181
2184 20 2182
2186 21 2170
2188 2187 2185
2190 6 2189
2192 7 2161
2194 2193 2191
2196 4 2195
2198 5 2153
2200 2199 2197
2202 143 213
2204 32 214
2206 33 2203
2208 2207 2205
2210 751 127
2212 33 2211
2214 2213 1795
2216 30 2215
2218 31 2209
2220 2219 2217
2222 22 2221
2224 2117 1795
2226 711 769
2228 30 2227
2230 31 2225
2232 2231 2229
2234 23 2233
2236 20 2234
2238 21 2222
2240 2239 2237
2242 8 2241
2244 9 2107
2246 2245 2243
2248 7 2247
2250 2249 2149
2252 5 2251
2254 2253 2197
2256 2 2255
2258 3 2201
2260 2259 2257
2262 27 2081
2264 25 2262
2266 29 2264
2268 22 2266
2270 27 2099
2272 25 2270
2274 29 2272
2276 23 2274
2278 20 2276
2280 21 2268
2282 2281 2279
2284 22 2264
2286 23 2272
2288 20 2286
2290 21 2284
2292 2291 2289
2294 18 2293
2296 19 2283
2298 2297 2295
2300 27 2125
2302 25 2300
2304 29 2302
2306 22 2304
2308 27 2139
2310 25 2308
2312 29 2310
2314 23 2312
2316 20 2314
2318 21 2306
2320 2319 2317
2322 22 2302
2324 23 2310
2326 20 2324
2328 21 2322
2330 2329 2327
2332 18 2331
2334 19 2321
2336 2335 2333
2338 6 2337
2340 7 2299
2342 2341 2339
2344 27 2155
2346 25 2344
2348 29 2346
2350 23 2348
2352 20 2350
2354 2281 2353
2356 23 2346
2358 20 2356
2360 2291 2359
2362 18 2361
2364 19 2355
2366 2365 2363
2368 27 2169
2370 25 2368
2372 29 2370
2374 22 2372
2376 27 2181
2378 25 2376
2380 29 2378
2382 23 2380
2384 20 2382
2386 21 2374
2388 2387 2385
2390 22 2370
2392 23 2378
2394 20 2392
2396 21 2390
2398 2397 2395
2400 18 2399
2402 19 2389
2404 2403 2401
2406 6 2405
2408 7 2367
2410 2409 2407
2412 4 2411
2414 5 2343
2416 2415 2413
2418 27 2221
2420 25 2418
2422 29 2420
2424 22 2422
2426 27 2233
2428 25 2426
2430 29 2428
2432 23 2430
2434 20 2432
2436 21 2424
2438 2437 2435
2440 22 2420
2442 23 2428
2444 20 2442
2446 21 2440
2448 2447 2445
2450 18 2449
2452 19 2439
2454 2453 2451
2456 8 2455
2458 9 2299
2460 2459 2457
2462 7 2461
2464 2463 2339
2466 5 2465
2468 2467 2413
2470 2 2469
2472 3 2417
2474 2473 2471
2476 32 40
2478 581 2477
2480 129 213
2482 33 2481
2484 2483 1447
2486 30 2485
2488 31 2479
2490 2489 2487
2492 27 2491
2494 25 2492
2496 29 2494
2498 22 2496
2500 581 47
2502 751 141
2504 32 2503
2506 527 2505
2508 30 2507
2510 31 2501
2512 2511 2509
2514 27 2513
2516 25 2514
2518 29 2516
2520 23 2518
2522 20 2520
2524 21 2498
2526 2525 2523
2528 22 2494
2530 23 2516
2532 20 2530
2534 21 2528
2536 2535 2533
2538 18 2537
2540 19 2527
2542 2541 2539
2544 32 2071
2546 33 101
2548 2547 2545
2550 27 2549
2552 25 2550
2554 29 2552
2556 22 2554
2558 33 39
2560 2559 177
2562 31 2561
2564 2563 531
2566 27 2565
2568 25 2566
2570 29 2568
2572 23 2570
2574 20 2572
2576 21 2556
2578 2577 2575
2580 22 2552
2582 23 2568
2584 20 2582
2586 21 2580
2588 2587 2585
2590 18 2589
2592 19 2579
2594 2593 2591
2596 6 2595
2598 7 2543
2600 2599 2597
2602 30 1611
2604 31 44
2606 2605 2603
2608 27 2607
2610 25 2608
2612 29 2610
2614 23 2612
2616 20 2614
2618 2525 2617
2620 23 2610
2622 20 2620
2624 2535 2623
2626 18 2625
2628 19 2619
2630 2629 2627
2632 469 2545
2634 30 2549
2636 31 2633
2638 2637 2635
2640 27 2639
2642 25 2640
2644 29 2642
2646 22 2644
2648 23 78
2650 20 2648
2652 21 2646
2654 2653 2651
2656 22 2642
2658 23 76
2660 20 2658
2662 21 2656
2664 2663 2661
2666 18 2665
2668 19 2655
2670 2669 2667
2672 6 2671
2674 7 2631
2676 2675 2673
2678 4 2677
2680 5 2601
2682 2681 2679
2684 14 2683
2686 15 2475
2688 2687 2685
2690 12 2689
2692 13 2261
2694 2693 2691
2696 32 2085
2698 2067 2697
2700 2547 1243
2702 30 2701
2704 31 2699
2706 2705 2703
2708 22 2707
2710 147 227
2712 30 2711
2714 2097 2713
2716 23 2715
2718 20 2716
2720 21 2708
2722 2721 2719
2724 32 39
2726 33 225
2728 2727 2725
2730 45 519
2732 32 2731
2734 2547 2733
2736 30 2735
2738 31 2729
2740 2739 2737
2742 22 2741
2744 32 52
2746 189 2745
2748 30 2747
2750 2137 2749
2752 23 2751
2754 20 2752
2756 21 2742
2758 2757 2755
2760 6 2759
2762 7 2723
2764 2763 2761
2766 45 119
2768 33 2767
2770 2769 2697
2772 2547 1475
2774 30 2773
2776 31 2771
2778 2777 2775
2780 22 2779
2782 2097 233
2784 23 2783
2786 20 2784
2788 21 2780
2790 2789 2787
2792 1477 2545
2794 31 2793
2796 2795 2635
2798 22 2797
2800 257 2745
2802 30 2801
2804 2179 2803
2806 23 2805
2808 20 2806
2810 21 2798
2812 2811 2809
2814 6 2813
2816 7 2791
2818 2817 2815
2820 4 2819
2822 5 2765
2824 2823 2821
2826 169 213
2828 32 2115
2830 33 2827
2832 2831 2829
2834 1411 1243
2836 30 2835
2838 31 2833
2840 2839 2837
2842 22 2841
2844 1229 2109
2846 711 227
2848 30 2847
2850 31 2845
2852 2851 2849
2854 23 2853
2856 20 2854
2858 21 2842
2860 2859 2857
2862 8 2861
2864 9 2723
2866 2865 2863
2868 7 2867
2870 2869 2761
2872 5 2871
2874 2873 2821
2876 2 2875
2878 3 2825
2880 2879 2877
2882 27 2707
2884 25 2882
2886 29 2884
2888 22 2886
2890 27 2715
2892 25 2890
2894 29 2892
2896 23 2894
2898 20 2896
2900 21 2888
2902 2901 2899
2904 22 2884
2906 23 2892
2908 20 2906
2910 21 2904
2912 2911 2909
2914 18 2913
2916 19 2903
2918 2917 2915
2920 27 2741
2922 25 2920
2924 29 2922
2926 22 2924
2928 27 2751
2930 25 2928
2932 29 2930
2934 23 2932
2936 20 2934
2938 21 2926
2940 2939 2937
2942 22 2922
2944 23 2930
2946 20 2944
2948 21 2942
2950 2949 2947
2952 18 2951
2954 19 2941
2956 2955 2953
2958 6 2957
2960 7 2919
2962 2961 2959
2964 27 2779
2966 25 2964
2968 29 2966
2970 22 2968
2972 27 2783
2974 25 2972
2976 29 2974
2978 23 2976
2980 20 2978
2982 21 2970
2984 2983 2981
2986 22 2966
2988 23 2974
2990 20 2988
2992 21 2986
2994 2993 2991
2996 18 2995
2998 19 2985
3000 2999 2997
3002 27 2797
3004 25 3002
3006 29 3004
3008 22 3006
3010 27 2805
3012 25 3010
3014 29 3012
3016 23 3014
3018 20 3016
3020 21 3008
3022 3021 3019
3024 22 3004
3026 23 3012
3028 20 3026
3030 21 3024
3032 3031 3029
3034 18 3033
3036 19 3023
3038 3037 3035
3040 6 3039
3042 7 3001
3044 3043 3041
3046 4 3045
3048 5 2963
3050 3049 3047
3052 27 2841
3054 25 3052
3056 29 3054
3058 22 3056
3060 27 2853
3062 25 3060
3064 29 3062
3066 23 3064
3068 20 3066
3070 21 3058
3072 3071 3069
3074 22 3054
3076 23 3062
3078 20 3076
3080 21 3074
3082 3081 3079
3084 18 3083
3086 19 3073
3088 3087 3085
3090 8 3089
3092 9 2919
3094 3093 3091
3096 7 3095
3098 3097 2959
3100 5 3099
3102 3101 3047
3104 2 3103
3106 3 3051
3108 3107 3105
3110 15 3109
3112 3111 2685
3114 12 3113
3116 13 2881
3118 3117 3115
3120 10 3119
3122 11 2695
3124 3123 3121
3126 35 100
3128 3127 43
3130 33 3129
3132 3131 1597
3134 143 119
3136 32 3135
3138 681 3137
3140 30 3139
3142 31 3133
3144 3143 3141
3146 22 3145
3148 32 2481
3150 1187 3149
3152 30 3151
3154 3143 3153
3156 23 3155
3158 20 3156
3160 21 3146
3162 3161 3159
3164 3127 55
3166 32 118
3168 33 3165
3170 3169 3167
3172 32 2767
3174 711 3173
3176 30 3175
3178 31 3171
3180 3179 3177
3182 22 3181
3184 35 38
3186 32 217
3188 33 3184
3190 3189 3187
3192 32 1375
3194 1207 3193
3196 30 3195
3198 31 3191
3200 3199 3197
3202 23 3201
3204 20 3202
3206 21 3182
3208 3207 3205
3210 6 3209
3212 7 3163
3214 3213 3211
3216 35 36
3218 3217 127
3220 32 2827
3222 33 3219
3224 3223 3221
3226 681 3193
3228 30 3227
3230 31 3225
3232 3231 3229
3234 22 3233
3236 1229 3167
3238 30 3237
3240 3231 3239
3242 23 3241
3244 20 3242
3246 21 3234
3248 3247 3245
3250 1623 119
3252 33 3251
3254 3253 3193
3256 711 3187
3258 30 3257
3260 31 3255
3262 3261 3259
3264 22 3263
3266 34 38
3268 32 171
3270 33 3267
3272 3271 3269
3274 1251 3137
3276 30 3275
3278 31 3273
3280 3279 3277
3282 23 3281
3284 20 3282
3286 21 3264
3288 3287 3285
3290 6 3289
3292 7 3249
3294 3293 3291
3296 4 3295
3298 5 3215
3300 3299 3297
3302 35 53
3304 3303 43
3306 173 119
3308 32 3307
3310 33 3305
3312 3311 3309
3314 2067 3137
3316 30 3315
3318 31 3313
3320 3319 3317
3322 22 3321
3324 2089 3149
3326 30 3325
3328 3319 3327
3330 23 3329
3332 20 3330
3334 21 3322
3336 3335 3333
3338 8 3337
3340 9 3163
3342 3341 3339
3344 7 3343
3346 3345 3211
3348 5 3347
3350 3349 3297
3352 2 3351
3354 3 3301
3356 3355 3353
3358 27 3145
3360 25 3358
3362 29 3360
3364 22 3362
3366 27 3155
3368 25 3366
3370 29 3368
3372 23 3370
3374 20 3372
3376 21 3364
3378 3377 3375
3380 22 3360
3382 23 3368
3384 20 3382
3386 21 3380
3388 3387 3385
3390 18 3389
3392 19 3379
3394 3393 3391
3396 27 3181
3398 25 3396
3400 29 3398
3402 22 3400
3404 27 3201
3406 25 3404
3408 29 3406
3410 23 3408
3412 20 3410
3414 21 3402
3416 3415 3413
3418 22 3398
3420 23 3406
3422 20 3420
3424 21 3418
3426 3425 3423
3428 18 3427
3430 19 3417
3432 3431 3429
3434 6 3433
3436 7 3395
3438 3437 3435
3440 27 3233
3442 25 3440
3444 29 3442
3446 22 3444
3448 27 3241
3450 25 3448
3452 29 3450
3454 23 3452
3456 20 3454
3458 21 3446
3460 3459 3457
3462 22 3442
3464 23 3450
3466 20 3464
3468 21 3462
3470 3469 3467
3472 18 3471
3474 19 3461
3476 3475 3473
3478 27 3263
3480 25 3478
3482 29 3480
3484 22 3482
3486 27 3281
3488 25 3486
3490 29 3488
3492 23 3490
3494 20 3492
3496 21 3484
3498 3497 3495
3500 22 3480
3502 23 3488
3504 20 3502
3506 21 3500
3508 3507 3505
3510 18 3509
3512 19 3499
3514 3513 3511
3516 6 3515
3518 7 3477
3520 3519 3517
3522 4 3521
3524 5 3439
3526 3525 3523
3528 27 3321
3530 25 3528
3532 29 3530
3534 22 3532
3536 27 3329
3538 25 3536
3540 29 3538
3542 23 3540
3544 20 3542
3546 21 3534
3548 3547 3545
3550 22 3530
3552 23 3538
3554 20 3552
3556 21 3550
3558 3557 3555
3560 18 3559
3562 19 3549
3564 3563 3561
3566 8 3565
3568 9 3395
3570 3569 3567
3572 7 3571
3574 3573 3435
3576 5 3575
3578 3577 3523
3580 2 3579
3582 3 3527
3584 3583 3581
3586 3185 55
3588 169 55
3590 32 3589
3592 33 3587
3594 3593 3591
3596 747 1609
3598 30 3597
3600 31 3595
3602 3601 3599
3604 27 3603
3606 25 3604
3608 29 3606
3610 22 3608
3612 3593 3221
3614 31 3613
3616 3615 1415
3618 27 3617
3620 25 3618
3622 29 3620
3624 23 3622
3626 20 3624
3628 21 3610
3630 3629 3627
3632 22 3606
3634 23 3620
3636 20 3634
3638 21 3632
3640 3639 3637
3642 18 3641
3644 19 3631
3646 3645 3643
3648 33 3126
3650 3649 1609
3652 31 3651
3654 3653 1751
3656 27 3655
3658 25 3656
3660 29 3658
3662 22 3660
3664 21 3662
3666 3665 3627
3668 22 3658
3670 21 3668
3672 3671 3637
3674 18 3673
3676 19 3667
3678 3677 3675
3680 6 3679
3682 7 3647
3684 3683 3681
3686 121 213
3688 33 3687
3690 3689 1735
3692 747 579
3694 30 3693
3696 31 3691
3698 3697 3695
3700 27 3699
3702 25 3700
3704 29 3702
3706 22 3704
3708 135 1597
3710 30 2633
3712 31 3709
3714 3713 3711
3716 27 3715
3718 25 3716
3720 29 3718
3722 23 3720
3724 20 3722
3726 21 3706
3728 3727 3725
3730 22 3702
3732 23 3718
3734 20 3732
3736 21 3730
3738 3737 3735
3740 18 3739
3742 19 3729
3744 3743 3741
3746 22 1888
3748 23 1652
3750 20 3748
3752 21 3746
3754 3753 3751
3756 22 1886
3758 23 1650
3760 20 3758
3762 21 3756
3764 3763 3761
3766 18 3765
3768 19 3755
3770 3769 3767
3772 6 3771
3774 7 3745
3776 3775 3773
3778 4 3777
3780 5 3685
3782 3781 3779
3784 14 3783
3786 15 3585
3788 3787 3785
3790 12 3789
3792 13 3357
3794 3793 3791
3796 49 1597
3798 1187 227
3800 30 3799
3802 31 3797
3804 3803 3801
3806 23 3805
3808 20 3806
3810 3161 3809
3812 7 3811
3814 3813 3211
3816 5 3815
3818 3817 3297
3820 3217 43
3822 33 3821
3824 3823 3309
3826 31 3825
3828 3827 3317
3830 22 3829
3832 33 1197
3834 3833 3309
3836 2089 227
3838 30 3837
3840 31 3835
3842 3841 3839
3844 23 3843
3846 20 3844
3848 21 3830
3850 3849 3847
3852 8 3851
3854 9 3811
3856 3855 3853
3858 7 3857
3860 3859 3211
3862 5 3861
3864 3863 3297
3866 2 3865
3868 3 3819
3870 3869 3867
3872 27 3805
3874 25 3872
3876 29 3874
3878 23 3876
3880 20 3878
3882 3377 3881
3884 23 3874
3886 20 3884
3888 3387 3887
3890 18 3889
3892 19 3883
3894 3893 3891
3896 7 3895
3898 3897 3435
3900 5 3899
3902 3901 3523
3904 27 3829
3906 25 3904
3908 29 3906
3910 22 3908
3912 27 3843
3914 25 3912
3916 29 3914
3918 23 3916
3920 20 3918
3922 21 3910
3924 3923 3921
3926 22 3906
3928 23 3914
3930 20 3928
3932 21 3926
3934 3933 3931
3936 18 3935
3938 19 3925
3940 3939 3937
3942 8 3941
3944 9 3895
3946 3945 3943
3948 7 3947
3950 3949 3435
3952 5 3951
3954 3953 3523
3956 2 3955
3958 3 3903
3960 3959 3957
3962 15 3961
3964 3963 3785
3966 12 3965
3968 13 3871
3970 3969 3967
3972 10 3971
3974 11 3795
3976 3975 3973
3978 3127 141
3980 33 3979
3982 3981 3173
3984 2769 3309
3986 30 3985
3988 31 3983
3990 3989 3987
3992 22 3991
3994 3185 127
3996 32 37
3998 33 3995
4000 3999 3997
4002 173 519
4004 32 1409
4006 33 4003
4008 4007 4005
4010 30 4009
4012 31 4001
4014 4013 4011
4016 23 4015
4018 20 4016
4020 21 3992
4022 4021 4019
4024 3127 119
4026 33 4025
4028 4027 105
4030 2769 105
4032 30 4031
4034 31 4029
4036 4035 4033
4038 22 4037
4040 3185 519
4042 33 4041
4044 4043 105
4046 4007 105
4048 30 4047
4050 31 4045
4052 4051 4049
4054 23 4053
4056 20 4054
4058 21 4038
4060 4059 4057
4062 6 4061
4064 7 4023
4066 4065 4063
4068 4027 3997
4070 33 3135
4072 4071 3187
4074 30 4073
4076 31 4069
4078 4077 4075
4080 22 4079
4082 4043 3173
4084 2073 3137
4086 30 4085
4088 31 4083
4090 4089 4087
4092 23 4091
4094 20 4092
4096 21 4080
4098 4097 4095
4100 3217 119
4102 33 4101
4104 4103 3149
4106 31 4105
4108 4107 4075
4110 22 4109
4112 121 519
4114 33 4113
4116 4115 3137
4118 31 4117
4120 4119 4087
4122 23 4121
4124 20 4122
4126 21 4110
4128 4127 4125
4130 6 4129
4132 7 4099
4134 4133 4131
4136 4 4135
4138 5 4067
4140 4139 4137
4142 3981 3137
4144 4071 3309
4146 30 4145
4148 31 4143
4150 4149 4147
4152 22 4151
4154 3999 3149
4156 2073 4005
4158 30 4157
4160 31 4155
4162 4161 4159
4164 23 4163
4166 20 4164
4168 21 4152
4170 4169 4167
4172 8 4171
4174 9 4023
4176 4175 4173
4178 7 4177
4180 4179 4063
4182 5 4181
4184 4183 4137
4186 2 4185
4188 3 4141
4190 4189 4187
4192 27 3991
4194 25 4192
4196 29 4194
4198 22 4196
4200 27 4015
4202 25 4200
4204 29 4202
4206 23 4204
4208 20 4206
4210 21 4198
4212 4211 4209
4214 22 4194
4216 23 4202
4218 20 4216
4220 21 4214
4222 4221 4219
4224 18 4223
4226 19 4213
4228 4227 4225
4230 27 4037
4232 25 4230
4234 29 4232
4236 22 4234
4238 27 4053
4240 25 4238
4242 29 4240
4244 23 4242
4246 20 4244
4248 21 4236
4250 4249 4247
4252 22 4232
4254 23 4240
4256 20 4254
4258 21 4252
4260 4259 4257
4262 18 4261
4264 19 4251
4266 4265 4263
4268 6 4267
4270 7 4229
4272 4271 4269
4274 27 4079
4276 25 4274
4278 29 4276
4280 22 4278
4282 27 4091
4284 25 4282
4286 29 4284
4288 23 4286
4290 20 4288
4292 21 4280
4294 4293 4291
4296 22 4276
4298 23 4284
4300 20 4298
4302 21 4296
4304 4303 4301
4306 18 4305
4308 19 4295
4310 4309 4307
4312 27 4109
4314 25 4312
4316 29 4314
4318 22 4316
4320 27 4121
4322 25 4320
4324 29 4322
4326 23 4324
4328 20 4326
4330 21 4318
4332 4331 4329
4334 22 4314
4336 23 4322
4338 20 4336
4340 21 4334
4342 4341 4339
4344 18 4343
4346 19 4333
4348 4347 4345
4350 6 4349
4352 7 4311
4354 4353 4351
4356 4 4355
4358 5 4273
4360 4359 4357
4362 27 4151
4364 25 4362
4366 29 4364
4368 22 4366
4370 27 4163
4372 25 4370
4374 29 4372
4376 23 4374
4378 20 4376
4380 21 4368
4382 4381 4379
4384 22 4364
4386 23 4372
4388 20 4386
4390 21 4384
4392 4391 4389
4394 18 4393
4396 19 4383
4398 4397 4395
4400 8 4399
4402 9 4229
4404 4403 4401
4406 7 4405
4408 4407 4269
4410 5 4409
4412 4411 4357
4414 2 4413
4416 3 4361
4418 4417 4415
4420 32 2065
4422 3649 4421
4424 32 212
4426 33 37
4428 4427 4425
4430 30 4429
4432 31 4423
4434 4433 4431
4436 27 4435
4438 25 4436
4440 29 4438
4442 22 4440
4444 23 4440
4446 20 4444
4448 21 4442
4450 4449 4447
4452 22 4438
4454 23 4438
4456 20 4454
4458 21 4452
4460 4459 4457
4462 18 4461
4464 19 4451
4466 4465 4463
4468 32 2203
4470 3593 4469
4472 33 3307
4474 4473 4425
4476 30 4475
4478 31 4471
4480 4479 4477
4482 27 4481
4484 25 4482
4486 29 4484
4488 22 4486
4490 23 4486
4492 20 4490
4494 21 4488
4496 4495 4493
4498 22 4484
4500 23 4484
4502 20 4500
4504 21 4498
4506 4505 4503
4508 18 4507
4510 19 4497
4512 4511 4509
4514 6 4513
4516 7 4467
4518 4517 4515
4520 3127 127
4522 33 4521
4524 4523 4421
4526 2483 4005
4528 30 4527
4530 31 4525
4532 4531 4529
4534 27 4533
4536 25 4534
4538 29 4536
4540 22 4538
4542 23 4538
4544 20 4542
4546 21 4540
4548 4547 4545
4550 22 4536
4552 23 4536
4554 20 4552
4556 21 4550
4558 4557 4555
4560 18 4559
4562 19 4549
4564 4563 4561
4566 135 105
4568 31 4567
4570 4569 111
4572 27 4571
4574 25 4572
4576 29 4574
4578 22 4576
4580 23 4576
4582 20 4580
4584 21 4578
4586 4585 4583
4588 22 4574
4590 23 4574
4592 20 4590
4594 21 4588
4596 4595 4593
4598 18 4597
4600 19 4587
4602 4601 4599
4604 6 4603
4606 7 4565
4608 4607 4605
4610 4 4609
4612 5 4519
4614 4613 4611
4616 14 4615
4618 15 4419
4620 4619 4617
4622 12 4621
4624 13 4191
4626 4625 4623
4628 3185 141
4630 33 4629
4632 4631 4421
4634 4473 3193
4636 30 4635
4638 31 4633
4640 4639 4637
4642 22 4641
4644 33 2503
4646 4645 4421
4648 32 140
4650 4473 4649
4652 30 4651
4654 31 4647
4656 4655 4653
4658 23 4657
4660 20 4658
4662 21 4642
4664 4663 4661
4666 3185 119
4668 33 4667
4670 4669 3149
4672 4473 3187
4674 30 4673
4676 31 4671
4678 4677 4675
4680 22 4679
4682 4669 3137
4684 4473 3137
4686 30 4685
4688 31 4683
4690 4689 4687
4692 23 4691
4694 20 4692
4696 21 4680
4698 4697 4695
4700 6 4699
4702 7 4665
4704 4703 4701
4706 4669 3309
4708 31 4707
4710 4709 111
4712 22 4711
4714 23 4711
4716 20 4714
4718 21 4712
4720 4719 4717
4722 22 4571
4724 23 4571
4726 20 4724
4728 21 4722
4730 4729 4727
4732 6 4731
4734 7 4721
4736 4735 4733
4738 4 4737
4740 5 4705
4742 4741 4739
4744 35 125
4746 4745 141
4748 33 4747
4750 4749 4469
4752 2547 3193
4754 30 4753
4756 31 4751
4758 4757 4755
4760 22 4759
4762 173 141
4764 33 4763
4766 4765 4469
4768 2547 4649
4770 30 4769
4772 31 4767
4774 4773 4771
4776 23 4775
4778 20 4776
4780 21 4760
4782 4781 4779
4784 8 4783
4786 9 4665
4788 4787 4785
4790 7 4789
4792 4791 4701
4794 5 4793
4796 4795 4739
4798 2 4797
4800 3 4743
4802 4801 4799
4804 27 4641
4806 25 4804
4808 29 4806
4810 22 4808
4812 27 4657
4814 25 4812
4816 29 4814
4818 23 4816
4820 20 4818
4822 21 4810
4824 4823 4821
4826 22 4806
4828 23 4814
4830 20 4828
4832 21 4826
4834 4833 4831
4836 18 4835
4838 19 4825
4840 4839 4837
4842 27 4679
4844 25 4842
4846 29 4844
4848 22 4846
4850 27 4691
4852 25 4850
4854 29 4852
4856 23 4854
4858 20 4856
4860 21 4848
4862 4861 4859
4864 22 4844
4866 23 4852
4868 20 4866
4870 21 4864
4872 4871 4869
4874 18 4873
4876 19 4863
4878 4877 4875
4880 6 4879
4882 7 4841
4884 4883 4881
4886 27 4711
4888 25 4886
4890 29 4888
4892 22 4890
4894 23 4890
4896 20 4894
4898 21 4892
4900 4899 4897
4902 22 4888
4904 23 4888
4906 20 4904
4908 21 4902
4910 4909 4907
4912 18 4911
4914 19 4901
4916 4915 4913
4918 7 4917
4920 4919 4605
4922 4 4921
4924 5 4885
4926 4925 4923
4928 27 4759
4930 25 4928
4932 29 4930
4934 22 4932
4936 27 4775
4938 25 4936
4940 29 4938
4942 23 4940
4944 20 4942
4946 21 4934
4948 4947 4945
4950 22 4930
4952 23 4938
4954 20 4952
4956 21 4950
4958 4957 4955
4960 18 4959
4962 19 4949
4964 4963 4961
4966 8 4965
4968 9 4841
4970 4969 4967
4972 7 4971
4974 4973 4881
4976 5 4975
4978 4977 4923
4980 2 4979
4982 3 4927
4984 4983 4981
4986 15 4985
4988 4987 4617
4990 12 4989
4992 13 4803
4994 4993 4991
4996 10 4995
4998 11 4627
5000 4999 4997
5002 179 1739
5004 33 124
5006 5005 133
5008 30 5007
5010 31 5003
5012 5011 5009
5014 22 5013
5016 117 5015
5018 31 1741
5020 5019 5009
5022 23 5021
5024 5023 157
5026 20 5025
5028 21 5017
5030 5029 5027
5032 32 2211
5034 523 5033
5036 33 168
5038 5037 133
5040 30 5039
5042 31 5035
5044 5043 5041
5046 22 5045
5048 117 5047
5050 23 5045
5052 5051 157
5054 20 5053
5056 21 5049
5058 5057 5055
5060 6 5059
5062 7 5031
5064 5063 5061
5066 2831 2205
5068 32 168
5070 747 5069
5072 30 5071
5074 31 5067
5076 5075 5073
5078 22 5077
5080 117 5079
5082 1229 1795
5084 32 142
5086 747 5085
5088 30 5087
5090 31 5083
5092 5091 5089
5094 23 5093
5096 5095 157
5098 20 5097
5100 21 5081
5102 5101 5099
5104 20 156
5106 165 5105
5108 6 5107
5110 7 5103
5112 5111 5109
5114 4 5113
5116 5 5065
5118 5117 5115
5120 27 5013
5122 5121 287
5124 25 5123
5126 5125 289
5128 29 5127
5130 5129 295
5132 22 5131
5134 117 5133
5136 27 5021
5138 5137 287
5140 25 5139
5142 5141 289
5144 29 5143
5146 5145 295
5148 23 5147
5150 5149 157
5152 20 5151
5154 21 5135
5156 5155 5153
5158 22 5127
5160 117 5159
5162 23 5143
5164 5163 157
5166 20 5165
5168 21 5161
5170 5169 5167
5172 18 5171
5174 19 5157
5176 5175 5173
5178 27 5045
5180 5179 287
5182 25 5181
5184 5183 289
5186 29 5185
5188 5187 295
5190 22 5189
5192 117 5191
5194 23 5189
5196 5195 157
5198 20 5197
5200 21 5193
5202 5201 5199
5204 22 5185
5206 117 5205
5208 23 5185
5210 5209 157
5212 20 5211
5214 21 5207
5216 5215 5213
5218 18 5217
5220 19 5203
5222 5221 5219
5224 6 5223
5226 7 5177
5228 5227 5225
5230 27 5077
5232 5231 287
5234 25 5233
5236 5235 289
5238 29 5237
5240 5239 295
5242 22 5241
5244 117 5243
5246 27 5093
5248 5247 287
5250 25 5249
5252 5251 289
5254 29 5253
5256 5255 295
5258 23 5257
5260 5259 157
5262 20 5261
5264 21 5245
5266 5265 5263
5268 22 5237
5270 117 5269
5272 23 5253
5274 5273 157
5276 20 5275
5278 21 5271
5280 5279 5277
5282 18 5281
5284 19 5267
5286 5285 5283
5288 23 299
5290 5289 157
5292 20 5291
5294 323 5293
5296 23 293
5298 5297 157
5300 20 5299
5302 337 5301
5304 18 5303
5306 19 5295
5308 5307 5305
5310 6 5309
5312 7 5287
5314 5313 5311
5316 4 5315
5318 5 5229
5320 5319 5317
5322 469 1739
5324 31 5323
5326 5325 5009
5328 27 5327
5330 5329 287
5332 25 5331
5334 5333 289
5336 29 5335
5338 5337 295
5340 22 5339
5342 117 5341
5344 23 5339
5346 5345 157
5348 20 5347
5350 21 5343
5352 5351 5349
5354 22 5335
5356 117 5355
5358 23 5335
5360 5359 157
5362 20 5361
5364 21 5357
5366 5365 5363
5368 18 5367
5370 19 5353
5372 5371 5369
5374 7 5373
5376 5375 5225
5378 219 1739
5380 31 5379
5382 5381 5089
5384 27 5383
5386 5385 287
5388 25 5387
5390 5389 289
5392 29 5391
5394 5393 295
5396 22 5395
5398 117 5397
5400 23 5395
5402 5401 157
5404 20 5403
5406 21 5399
5408 5407 5405
5410 22 5391
5412 117 5411
5414 23 5391
5416 5415 157
5418 20 5417
5420 21 5413
5422 5421 5419
5424 18 5423
5426 19 5409
5428 5427 5425
5430 7 5429
5432 5431 5311
5434 4 5433
5436 5 5377
5438 5437 5435
5440 14 5439
5442 15 5321
5444 5443 5441
5446 12 5445
5448 13 5119
5450 5449 5447
5452 179 2205
5454 5005 2205
5456 30 5455
5458 31 5453
5460 5459 5457
5462 22 5461
5464 117 5463
5466 4115 1795
5468 5005 2725
5470 30 5469
5472 31 5467
5474 5473 5471
5476 23 5475
5478 5477 157
5480 20 5479
5482 21 5465
5484 5483 5481
5486 523 2131
5488 5037 2205
5490 30 5489
5492 31 5487
5494 5493 5491
5496 22 5495
5498 117 5497
5500 523 1819
5502 5037 2109
5504 30 5503
5506 31 5501
5508 5507 5505
5510 23 5509
5512 5511 157
5514 20 5513
5516 21 5499
5518 5517 5515
5520 6 5519
5522 7 5485
5524 5523 5521
5526 5 5525
5528 5527 5115
5530 27 5461
5532 5531 287
5534 25 5533
5536 5535 289
5538 29 5537
5540 5539 295
5542 22 5541
5544 117 5543
5546 27 5475
5548 5547 287
5550 25 5549
5552 5551 289
5554 29 5553
5556 5555 295
5558 23 5557
5560 5559 157
5562 20 5561
5564 21 5545
5566 5565 5563
5568 22 5537
5570 117 5569
5572 23 5553
5574 5573 157
5576 20 5575
5578 21 5571
5580 5579 5577
5582 18 5581
5584 19 5567
5586 5585 5583
5588 27 5495
5590 5589 287
5592 25 5591
5594 5593 289
5596 29 5595
5598 5597 295
5600 22 5599
5602 117 5601
5604 27 5509
5606 5605 287
5608 25 5607
5610 5609 289
5612 29 5611
5614 5613 295
5616 23 5615
5618 5617 157
5620 20 5619
5622 21 5603
5624 5623 5621
5626 22 5595
5628 117 5627
5630 23 5611
5632 5631 157
5634 20 5633
5636 21 5629
5638 5637 5635
5640 18 5639
5642 19 5625
5644 5643 5641
5646 6 5645
5648 7 5587
5650 5649 5647
5652 5 5651
5654 5653 5317
5656 15 5655
5658 5657 5441
5660 12 5659
5662 13 5529
5664 5663 5661
5666 10 5665
5668 11 5451
5670 5669 5667
5672 3189 1609
5674 1201 1609
5676 30 5675
5678 31 5673
5680 5679 5677
5682 22 5681
5684 681 4425
5686 30 1376
5688 31 5685
5690 5689 5687
5692 23 5691
5694 20 5692
5696 21 5682
5698 5697 5695
5700 23 3617
5702 20 5700
5704 5697 5703
5706 6 5705
5708 7 5699
5710 5709 5707
5712 3189 4649
5714 32 223
5716 1201 5715
5718 30 5717
5720 31 5713
5722 5721 5719
5724 22 5723
5726 3981 3193
5728 31 5727
5730 5729 1451
5732 23 5731
5734 20 5732
5736 21 5724
5738 5737 5735
5740 121 141
5742 33 5741
5744 5743 1597
5746 31 5745
5748 5747 1483
5750 23 5749
5752 20 5750
5754 5737 5753
5756 6 5755
5758 7 5739
5760 5759 5757
5762 4 5761
5764 5 5711
5766 5765 5763
5768 27 5681
5770 25 5768
5772 29 5770
5774 22 5772
5776 27 5691
5778 25 5776
5780 29 5778
5782 23 5780
5784 20 5782
5786 21 5774
5788 5787 5785
5790 22 5770
5792 23 5778
5794 20 5792
5796 21 5790
5798 5797 5795
5800 18 5799
5802 19 5789
5804 5803 5801
5806 5787 3627
5808 5797 3637
5810 18 5809
5812 19 5807
5814 5813 5811
5816 6 5815
5818 7 5805
5820 5819 5817
5822 27 5723
5824 25 5822
5826 29 5824
5828 22 5826
5830 27 5731
5832 25 5830
5834 29 5832
5836 23 5834
5838 20 5836
5840 21 5828
5842 5841 5839
5844 22 5824
5846 23 5832
5848 20 5846
5850 21 5844
5852 5851 5849
5854 18 5853
5856 19 5843
5858 5857 5855
5860 27 5749
5862 25 5860
5864 29 5862
5866 23 5864
5868 20 5866
5870 5841 5869
5872 23 5862
5874 20 5872
5876 5851 5875
5878 18 5877
5880 19 5871
5882 5881 5879
5884 6 5883
5886 7 5859
5888 5887 5885
5890 4 5889
5892 5 5821
5894 5893 5891
5896 3649 4425
5898 31 5897
5900 5899 1381
5902 27 5901
5904 25 5902
5906 29 5904
5908 23 5906
5910 20 5908
5912 3665 5911
5914 23 5904
5916 20 5914
5918 3671 5917
5920 18 5919
5922 19 5913
5924 5923 5921
5926 7 5925
5928 5927 3681
5930 4523 4425
5932 31 5931
5934 5933 1451
5936 27 5935
5938 25 5936
5940 29 5938
5942 23 5940
5944 20 5942
5946 3665 5945
5948 23 5938
5950 20 5948
5952 3671 5951
5954 18 5953
5956 19 5947
5958 5957 5955
5960 3665 5869
5962 3671 5875
5964 18 5963
5966 19 5961
5968 5967 5965
5970 6 5969
5972 7 5959
5974 5973 5971
5976 4 5975
5978 5 5929
5980 5979 5977
5982 14 5981
5984 15 5895
5986 5985 5983
5988 12 5987
5990 13 5767
5992 5991 5989
5994 3189 3167
5996 1405 3173
5998 30 5997
6000 31 5995
6002 6001 5999
6004 22 6003
6006 3169 3193
6008 30 1375
6010 31 6007
6012 6011 6009
6014 23 6013
6016 20 6014
6018 21 6004
6020 6019 6017
6022 3593 3167
6024 4645 3173
6026 30 6025
6028 31 6023
6030 6029 6027
6032 22 6031
6034 3593 3187
6036 1411 3193
6038 30 6037
6040 31 6035
6042 6041 6039
6044 23 6043
6046 20 6044
6048 21 6032
6050 6049 6047
6052 6 6051
6054 7 6021
6056 6055 6053
6058 3999 3167
6060 1405 3309
6062 30 6061
6064 31 6059
6066 6065 6063
6068 22 6067
6070 219 4005
6072 30 6071
6074 5729 6073
6076 23 6075
6078 20 6076
6080 21 6068
6082 6081 6079
6084 4631 4005
6086 4645 105
6088 30 6087
6090 31 6085
6092 6091 6089
6094 22 6093
6096 30 467
6098 5747 6097
6100 23 6099
6102 20 6100
6104 21 6094
6106 6105 6103
6108 6 6107
6110 7 6083
6112 6111 6109
6114 4 6113
6116 5 6057
6118 6117 6115
6120 1377 3173
6122 30 6121
6124 6001 6123
6126 22 6125
6128 21 6126
6130 6129 6017
6132 8 6131
6134 9 6021
6136 6135 6133
6138 7 6137
6140 6139 6053
6142 5 6141
6144 6143 6115
6146 2 6145
6148 3 6119
6150 6149 6147
6152 27 6003
6154 25 6152
6156 29 6154
6158 22 6156
6160 27 6013
6162 25 6160
6164 29 6162
6166 23 6164
6168 20 6166
6170 21 6158
6172 6171 6169
6174 22 6154
6176 23 6162
6178 20 6176
6180 21 6174
6182 6181 6179
6184 18 6183
6186 19 6173
6188 6187 6185
6190 27 6031
6192 25 6190
6194 29 6192
6196 22 6194
6198 27 6043
6200 25 6198
6202 29 6200
6204 23 6202
6206 20 6204
6208 21 6196
6210 6209 6207
6212 22 6192
6214 23 6200
6216 20 6214
6218 21 6212
6220 6219 6217
6222 18 6221
6224 19 6211
6226 6225 6223
6228 6 6227
6230 7 6189
6232 6231 6229
6234 27 6067
6236 25 6234
6238 29 6236
6240 22 6238
6242 27 6075
6244 25 6242
6246 29 6244
6248 23 6246
6250 20 6248
6252 21 6240
6254 6253 6251
6256 22 6236
6258 23 6244
6260 20 6258
6262 21 6256
6264 6263 6261
6266 18 6265
6268 19 6255
6270 6269 6267
6272 27 6093
6274 25 6272
6276 29 6274
6278 22 6276
6280 27 6099
6282 25 6280
6284 29 6282
6286 23 6284
6288 20 6286
6290 21 6278
6292 6291 6289
6294 22 6274
6296 23 6282
6298 20 6296
6300 21 6294
6302 6301 6299
6304 18 6303
6306 19 6293
6308 6307 6305
6310 6 6309
6312 7 6271
6314 6313 6311
6316 4 6315
6318 5 6233
6320 6319 6317
6322 27 6125
6324 25 6322
6326 29 6324
6328 22 6326
6330 21 6328
6332 6331 6169
6334 22 6324
6336 21 6334
6338 6337 6179
6340 18 6339
6342 19 6333
6344 6343 6341
6346 8 6345
6348 9 6189
6350 6349 6347
6352 7 6351
6354 6353 6229
6356 5 6355
6358 6357 6317
6360 2 6359
6362 3 6321
6364 6363 6361
6366 15 6365
6368 6367 5983
6370 12 6369
6372 13 6151
6374 6373 6371
6376 10 6375
6378 11 5993
6380 6379 6377
i0 p0b02time29am6323
i1 p0b02time29saturday
i2 p0b02time29sunday
i3 p0b0bed29occupied
i4 p0p0bright0outside29brightness
i5 p0b02room29empty
i6 p0b02room29somebody2leaves
i7 p0b02room29sombebody2enters
i8 p0b02room29sombebody2leaves
i9 p0b02roomlight29off
i10 p0b02roomlight29on
i11 p0b02room29switch29toggled
i12 p0b02room29bed29occupied
i13 p0b02room29somebody2enters
o0 u02roomlight29light0f1d2roomlight29turn2on1b
o1 u02roomlight29light0f1d2roomlight29toggle1b
o2 u02roomlight29light0f1d2roomlight29turn2off1b
o3 u02roomlight29light02roomlight29light
