REALIZABLE
aag 293 4 4 4 285
2
4
6
8
10 403
12 471
14 531
16 587
94
153
247
321
18 14 17
20 15 16
22 21 19
24 12 23
26 10 24
28 12 18
30 13 23
32 31 29
34 13 18
36 35 25
38 10 37
40 11 33
42 41 39
44 6 43
46 7 26
48 47 45
50 10 34
52 41 51
54 7 53
56 55 45
58 8 57
60 9 49
62 61 59
64 14 16
66 12 65
68 31 67
70 10 65
72 11 69
74 73 71
76 6 75
78 7 34
80 79 77
82 8 81
84 9 76
86 85 83
88 4 87
90 5 63
92 91 89
94 3 93
96 15 17
98 12 96
100 13 65
102 101 99
104 10 103
106 11 23
108 107 105
110 7 109
112 9 110
114 12 20
116 10 114
118 11 18
120 119 117
122 7 121
124 9 122
126 4 124
128 5 112
130 129 127
132 13 15
134 133 99
136 10 135
138 11 114
140 139 137
142 7 141
144 9 142
146 5 144
148 2 146
150 3 131
152 151 149
154 13 96
156 11 154
158 12 15
160 155 159
162 11 161
164 163 137
166 6 165
168 7 156
170 169 167
172 133 67
174 10 173
176 163 175
178 7 177
180 179 167
182 8 181
184 9 171
186 185 183
188 11 135
190 189 51
192 6 156
194 7 191
196 195 193
198 8 156
200 9 197
202 201 199
204 4 203
206 5 187
208 207 205
210 13 17
212 211 29
214 11 213
216 215 117
218 10 210
220 11 15
222 221 219
224 6 223
226 7 217
228 227 225
230 7 65
232 231 225
234 8 233
236 9 229
238 237 235
240 5 239
242 2 240
244 3 209
246 245 243
248 11 98
250 7 248
252 9 250
254 12 17
256 133 255
258 10 257
260 139 259
262 7 261
264 13 20
266 265 67
268 11 267
270 269 175
272 7 271
274 8 272
276 9 262
278 277 275
280 4 279
282 5 252
284 283 281
286 265 99
288 10 18
290 11 287
292 291 289
294 10 267
296 119 295
298 6 297
300 7 293
302 301 299
304 8 298
306 9 303
308 307 305
310 4 65
312 5 309
314 313 311
316 2 315
318 3 285
320 319 317
322 157 27
324 211 67
326 10 325
328 189 327
330 6 329
332 7 323
334 333 331
336 8 329
338 9 335
340 339 337
342 265 25
344 10 343
346 139 345
348 265 159
350 10 23
352 11 349
354 353 351
356 6 355
358 7 347
360 359 357
362 4 361
364 5 341
366 365 363
368 215 27
370 6 65
372 7 369
374 373 371
376 155 67
378 10 377
380 11 17
382 381 379
384 7 383
386 385 371
388 8 387
390 9 375
392 391 389
394 5 393
396 395 311
398 2 397
400 3 367
402 401 399
404 6 347
406 7 75
408 407 405
410 8 347
412 9 409
414 413 411
416 155 115
418 11 417
420 419 345
422 6 421
424 231 423
426 211 25
428 11 427
430 429 175
432 7 431
434 433 423
436 8 435
438 9 425
440 439 437
442 4 441
444 5 415
446 445 443
448 6 383
450 407 449
452 7 23
454 453 449
456 8 455
458 9 451
460 459 457
462 5 461
464 463 311
466 2 465
468 3 447
470 469 467
472 6 53
474 7 118
476 475 473
478 7 43
480 479 473
482 8 481
484 9 477
486 485 483
488 10 96
490 119 489
492 31 255
494 211 99
496 10 495
498 11 493
500 499 497
502 6 501
504 7 491
506 505 503
508 4 507
510 5 487
512 511 509
514 119 27
516 10 28
518 6 516
520 7 515
522 521 519
524 5 523
526 2 524
528 3 513
530 529 527
532 10 264
534 139 533
536 7 535
538 537 405
540 8 539
542 9 347
544 543 541
546 7 355
548 547 405
550 8 549
552 543 551
554 4 553
556 5 545
558 557 555
560 10 30
562 11 20
564 563 561
566 31 115
568 10 567
570 107 569
572 6 571
574 7 565
576 575 573
578 5 577
580 579 311
582 2 581
584 3 559
586 585 583
i0 p0p0is26closed0shutter26input
i1 p0p0is26open0shutter26input
i2 p0b0user26is26sleeping
i3 p0b0env26outside26is26bright
o0 u0shutter26ctrl0f1ddo26close1b
o1 u0shutter26ctrl0f1ddo26stop1b
o2 u0shutter26ctrl0f1ddo26open1b
o3 u0shutter26ctrl0shutter26ctrl
