there are 2 subformulas
trying to create strategy directly for (p0p0on0start2init R (p0p0on0start2init -> u0spi2control0f1dwrite2cmd0f1dreg241b1b)) & ((u0spi2control0f1dwrite2cmd2none1b U p0p0on0start2init) | Gu0spi2control0f1dwrite2cmd2none1b) & (u0spi2control0f1dwrite2cmd0f1dreg71b1b R u0finished0f1dbot1b) & G(u0spi2control0f1dwrite2cmd0f1dreg31b1b | u0spi2control0f1dwrite2cmd0f1dreg41b1b | u0spi2control0f1dwrite2cmd0f1dreg51b1b | u0spi2control0f1dwrite2cmd0f1dreg61b1b | u0spi2control0f1dwrite2cmd0f1dreg71b1b | u0spi2control0f1dwrite2cmd0f1dreg241b1b | u0spi2control0f1dwrite2cmd0f1dreg251b1b | u0spi2control0f1dwrite2cmd2none1b) & G(u0spi2control0f1dwrite2cmd0f1dreg241b1b -> X(p0p0spi2finished0spi2response R ((p0p0spi2finished0spi2response -> u0spi2control0f1dwrite2cmd0f1dreg251b1b) & (!p0p0spi2finished0spi2response -> u0spi2control0f1dwrite2cmd2none1b)))) & G(u0spi2control0f1dwrite2cmd0f1dreg251b1b -> X(p0p0spi2finished0spi2response R ((!p0p0spi2finished0spi2response -> u0spi2control0f1dwrite2cmd2none1b) & (p0p0spi2finished0spi2response -> u0spi2control0f1dwrite2cmd0f1dreg31b1b)))) & G(u0spi2control0f1dwrite2cmd0f1dreg31b1b -> X(p0p0spi2finished0spi2response R ((!p0p0spi2finished0spi2response -> u0spi2control0f1dwrite2cmd2none1b) & (p0p0spi2finished0spi2response -> u0spi2control0f1dwrite2cmd0f1dreg41b1b)))) & G(u0spi2control0f1dwrite2cmd0f1dreg41b1b -> X(p0p0spi2finished0spi2response R ((!p0p0spi2finished0spi2response -> u0spi2control0f1dwrite2cmd2none1b) & (p0p0spi2finished0spi2response -> u0spi2control0f1dwrite2cmd0f1dreg51b1b)))) & G(u0spi2control0f1dwrite2cmd0f1dreg51b1b -> X(p0p0spi2finished0spi2response R ((!p0p0spi2finished0spi2response -> u0spi2control0f1dwrite2cmd2none1b) & (p0p0spi2finished0spi2response -> u0spi2control0f1dwrite2cmd0f1dreg61b1b)))) & G(u0spi2control0f1dwrite2cmd0f1dreg61b1b -> X(p0p0spi2finished0spi2response R ((!p0p0spi2finished0spi2response -> u0spi2control0f1dwrite2cmd2none1b) & (p0p0spi2finished0spi2response -> u0spi2control0f1dwrite2cmd0f1dreg71b1b)))) & G(u0spi2control0f1dwrite2cmd0f1dreg71b1b -> X(p0p0spi2finished0spi2response R ((!p0p0spi2finished0spi2response -> u0spi2control0f1dwrite2cmd2none1b) & (p0p0spi2finished0spi2response <-> u0finished0f1dtop1b) & (p0p0spi2finished0spi2response -> ((p0p0on0start2init R (p0p0on0start2init -> u0spi2control0f1dwrite2cmd0f1dreg241b1b)) & ((u0spi2control0f1dwrite2cmd2none1b U p0p0on0start2init) | Gu0spi2control0f1dwrite2cmd2none1b)))))) & G(u0finished0f1dtop1b -> X(u0spi2control0f1dwrite2cmd0f1dreg71b1b R u0finished0f1dbot1b)) & G((u0spi2control0f1dwrite2cmd0f1dreg31b1b | u0spi2control0f1dwrite2cmd0f1dreg41b1b | u0spi2control0f1dwrite2cmd0f1dreg241b1b | u0spi2control0f1dwrite2cmd0f1dreg251b1b) -> X(p0p0spi2finished0spi2response R u0sensor2type0f1dacc2gyr1b)) & G((u0spi2control0f1dwrite2cmd0f1dreg51b1b | u0spi2control0f1dwrite2cmd0f1dreg61b1b | u0spi2control0f1dwrite2cmd0f1dreg71b1b) -> X(p0p0spi2finished0spi2response R u0sensor2type0f1dmag1b)) & G!((!u0finished0f1dbot1b & !((!u0finished0f1dtop1b & u0finished0finished) <-> (u0finished0f1dtop1b & !u0finished0finished))) <-> (u0finished0f1dbot1b & !(u0finished0f1dtop1b | u0finished0finished))) & G!((!u0sensor2type0f1dacc2gyr1b & !((!u0sensor2type0f1dmag1b & u0sensor2type0sensor2type) <-> (u0sensor2type0f1dmag1b & !u0sensor2type0sensor2type))) <-> (u0sensor2type0f1dacc2gyr1b & !(u0sensor2type0f1dmag1b | u0sensor2type0sensor2type))) & G!((!((!((!u0spi2control0f1dwrite2cmd0f1dreg31b1b & !((!u0spi2control0f1dwrite2cmd0f1dreg71b1b & u0spi2control0spi2control) <-> (u0spi2control0f1dwrite2cmd0f1dreg71b1b & !u0spi2control0spi2control))) <-> (u0spi2control0f1dwrite2cmd0f1dreg31b1b & !(u0spi2control0f1dwrite2cmd0f1dreg71b1b | u0spi2control0spi2control))) & !(u0spi2control0f1dwrite2cmd0f1dreg51b1b | u0spi2control0f1dwrite2cmd0f1dreg241b1b)) <-> (!((u0spi2control0f1dwrite2cmd0f1dreg51b1b & !u0spi2control0f1dwrite2cmd0f1dreg241b1b) <-> (!u0spi2control0f1dwrite2cmd0f1dreg51b1b & u0spi2control0f1dwrite2cmd0f1dreg241b1b)) & !(u0spi2control0f1dwrite2cmd0f1dreg31b1b | u0spi2control0f1dwrite2cmd0f1dreg71b1b | u0spi2control0spi2control))) & !(u0spi2control0f1dwrite2cmd0f1dreg41b1b | u0spi2control0f1dwrite2cmd0f1dreg61b1b | u0spi2control0f1dwrite2cmd0f1dreg251b1b | u0spi2control0f1dwrite2cmd2none1b)) <-> (!((!((u0spi2control0f1dwrite2cmd0f1dreg41b1b & !u0spi2control0f1dwrite2cmd2none1b) <-> (!u0spi2control0f1dwrite2cmd0f1dreg41b1b & u0spi2control0f1dwrite2cmd2none1b)) & !(u0spi2control0f1dwrite2cmd0f1dreg61b1b | u0spi2control0f1dwrite2cmd0f1dreg251b1b)) <-> (!((u0spi2control0f1dwrite2cmd0f1dreg61b1b & !u0spi2control0f1dwrite2cmd0f1dreg251b1b) <-> (!u0spi2control0f1dwrite2cmd0f1dreg61b1b & u0spi2control0f1dwrite2cmd0f1dreg251b1b)) & !(u0spi2control0f1dwrite2cmd0f1dreg41b1b | u0spi2control0f1dwrite2cmd2none1b))) & !(u0spi2control0f1dwrite2cmd0f1dreg31b1b | u0spi2control0f1dwrite2cmd0f1dreg51b1b | u0spi2control0f1dwrite2cmd0f1dreg71b1b | u0spi2control0f1dwrite2cmd0f1dreg241b1b | u0spi2control0spi2control)))
direct strategy might exist but was not found.
translating formula done in 0.0057171 seconds
automaton has 8 states and 1 colors
split inputs and outputs done in 0.000117872 seconds
automaton has 25 states
determinization done
DPA has 25 states, 1 colors
simplification done
DPA has 25 states
determinization and simplification took 7.9118e-05 seconds
solving game with acceptance: Büchi
game solved in 2.3841e-05 seconds
simplification took 0.000145135 seconds
trying to create strategy directly for Gu0reg2manager2cmd0f1dno2command1b & G!((u0reg2manager2cmd0f1dno2command1b & !u0reg2manager2cmd0reg2manager2cmd) <-> (!u0reg2manager2cmd0f1dno2command1b & u0reg2manager2cmd0reg2manager2cmd))
direct strategy was found.
direct strat has 1 states, 1 edges and 0 colors
simplification took 2.3027e-05 seconds
AIG circuit was created in 0.000423412 seconds and has 3 latches and 55 gates

real	0m0.022s
user	0m0.011s
sys	0m0.011s
