REALIZABLE
aag 19 5 1 15 13
2
4
6
8
10
12 32
14
1
16
14
14
18
19
33
32
39
0
0
15
15
0
14 4 8
16 5 6
18 6 10
20 12 3
22 8 2
24 9 21
26 25 23
28 4 27
30 5 21
32 31 29
34 4 9
36 5 7
38 37 35
i0 p0p0eq0counter0f1dfourty1b
i1 p0p0eqz0counter
i2 p0p0eqzi0prescaler
i3 p0p0do2write0write2control
i4 p0p0eq0counter0f1dfourtyone1b
o0 u0counter0f1done1b
o1 u0prescaler0f1dinc0prescaler1b
o2 u0counter0f1dincmod0counter0f1dfourtytwo1b1b
o3 u0write2data0f1dget2write2data0write2control1b
o4 u0write2address0f1dget2write2address0write2control1b
o5 u0write2response0f1dtop1b
o6 u0write2response0f1dbot1b
o7 u0cs0f1dhigh1b
o8 u0cs0f1dlow1b
o9 u0counter0counter
o10 u0cs0cs
o11 u0prescaler0prescaler
o12 u0write2address0write2address
o13 u0write2data0write2data
o14 u0write2response0write2response
