REALIZABLE
aag 287 6 4 4 277
2
4
6
8
10
12
14 359
16 455
18 515
20 575
69
173
190
267
22 19 20
24 19 21
26 16 24
28 17 22
30 29 27
32 17 19
34 33 27
36 14 35
38 15 31
40 39 37
42 8 41
44 7 42
46 11 41
48 8 46
50 7 48
52 2 50
54 3 44
56 55 53
58 12 50
60 2 58
62 55 61
64 4 63
66 5 57
68 67 65
70 18 20
72 18 21
74 17 72
76 8 74
78 9 71
80 79 77
82 23 73
84 16 71
86 17 83
88 87 85
90 16 21
92 17 71
94 93 91
96 14 95
98 15 89
100 99 97
102 8 71
104 9 101
106 105 103
108 6 107
110 7 81
112 111 109
114 10 71
116 11 74
118 117 115
120 8 119
122 79 121
124 14 71
126 99 125
128 11 127
130 129 115
132 9 131
134 133 103
136 6 135
138 7 123
140 139 137
142 2 141
144 3 113
146 145 143
148 47 115
150 9 149
152 151 103
154 6 153
156 139 155
158 12 157
160 13 71
162 161 159
164 2 163
166 145 165
168 4 167
170 5 147
172 171 169
174 14 74
176 15 72
178 177 175
180 11 179
182 9 180
184 6 182
186 12 184
188 2 186
190 4 188
192 16 83
194 17 24
196 195 193
198 14 192
200 15 197
202 201 199
204 8 203
206 16 22
208 14 206
210 15 194
212 211 209
214 9 213
216 6 214
218 7 204
220 219 217
222 11 203
224 8 222
226 11 210
228 9 226
230 6 228
232 7 224
234 233 231
236 2 235
238 3 221
240 239 237
242 195 207
244 15 243
246 245 199
248 11 247
250 9 248
252 6 250
254 233 253
256 12 255
258 2 256
260 239 259
262 4 261
264 5 241
266 265 263
268 14 89
270 211 269
272 8 271
274 79 273
276 215 103
278 6 277
280 7 275
282 281 279
284 16 72
286 14 284
288 11 286
290 289 115
292 8 291
294 79 293
296 9 114
298 297 103
300 6 299
302 7 295
304 303 301
306 11 21
308 307 115
310 8 309
312 79 311
314 6 71
316 7 313
318 317 315
320 12 319
322 13 305
324 323 321
326 2 325
328 3 283
330 329 327
332 16 19
334 93 333
336 15 335
338 337 269
340 8 339
342 79 341
344 7 343
346 345 279
348 2 71
350 3 347
352 351 349
354 4 353
356 5 331
358 357 355
360 29 193
362 33 193
364 14 363
366 15 361
368 367 365
370 8 369
372 79 371
374 9 127
376 375 103
378 6 377
380 7 373
382 381 379
384 33 207
386 14 361
388 15 385
390 389 387
392 11 391
394 393 115
396 8 395
398 79 397
400 227 115
402 9 401
404 403 103
406 6 405
408 7 399
410 409 407
412 2 411
414 3 383
416 415 413
418 17 21
420 419 193
422 75 193
424 14 423
426 15 421
428 427 425
430 11 429
432 431 115
434 9 433
436 435 103
438 6 437
440 409 439
442 12 441
444 161 443
446 2 445
448 415 447
450 4 449
452 5 417
454 453 451
456 195 91
458 14 457
460 15 90
462 461 459
464 8 463
466 6 104
468 7 464
470 469 467
472 11 463
474 8 472
476 9 128
478 6 476
480 7 474
482 481 479
484 2 483
486 3 471
488 487 485
490 87 91
492 15 491
494 493 97
496 11 495
498 9 496
500 6 498
502 481 501
504 12 503
506 2 504
508 487 507
510 4 509
512 5 489
514 513 511
516 87 207
518 8 517
520 79 519
522 9 208
524 523 103
526 6 525
528 7 521
530 529 527
532 11 517
534 533 115
536 8 535
538 79 537
540 7 539
542 541 301
544 2 543
546 3 531
548 547 545
550 11 206
552 551 115
554 9 553
556 555 103
558 6 557
560 541 559
562 12 561
564 161 563
566 2 565
568 547 567
570 4 569
572 5 549
574 573 571
i0 p0b02room29empty
i1 p0b02room29somebody2enters
i2 p0b02roomlight29off
i3 p0b02roomlight29on
i4 p0b02room29switch29toggled
i5 p0b02room29somebody2leaves
o0 u02roomlight29light0f1d2roomlight29turn2on1b
o1 u02roomlight29light0f1d2roomlight29toggle1b
o2 u02roomlight29light0f1d2roomlight29turn2off1b
o3 u02roomlight29light02roomlight29light
