REALIZABLE
aag 167 4 4 9 159
2
4
6
8
10 253
12 279
14 313
16 335
77
104
0
131
0
173
131
187
227
18 15 17
20 12 18
22 13 15
24 23 21
26 14 17
28 12 26
30 13 18
32 31 29
34 10 33
36 11 25
38 37 35
40 15 16
42 41 27
44 13 43
46 12 17
48 10 46
50 11 44
52 51 49
54 4 53
56 5 39
58 57 55
60 14 16
62 13 61
64 63 47
66 10 17
68 11 65
70 69 67
72 2 71
74 3 59
76 75 73
78 13 26
80 79 21
82 10 81
84 11 26
86 85 83
88 31 47
90 13 17
92 10 90
94 11 89
96 95 93
98 4 97
100 5 87
102 101 99
104 3 103
106 45 47
108 11 107
110 8 108
112 11 46
114 8 112
116 4 114
118 5 110
120 119 117
122 8 50
124 5 122
126 2 124
128 3 121
130 129 127
132 11 30
134 133 67
136 8 135
138 9 71
140 139 137
142 11 62
144 143 67
146 8 145
148 139 147
150 4 149
152 5 141
154 153 151
156 95 67
158 8 157
160 139 159
162 4 71
164 5 161
166 165 163
168 2 167
170 3 155
172 171 169
174 4 92
176 5 66
178 177 175
180 5 48
182 2 180
184 3 179
186 185 183
188 8 132
190 9 68
192 191 189
194 69 49
196 143 49
198 8 197
200 9 195
202 201 199
204 4 203
206 5 193
208 207 205
210 69 93
212 8 97
214 9 211
216 215 213
218 5 217
220 219 163
222 2 221
224 3 209
226 225 223
228 7 71
230 7 97
232 4 230
234 5 228
236 235 233
238 7 197
240 7 132
242 4 240
244 5 238
246 245 243
248 2 247
250 3 237
252 251 249
254 6 39
256 7 87
258 257 255
260 5 259
262 261 233
264 6 197
266 6 132
268 4 266
270 5 264
272 271 269
274 2 273
276 3 263
278 277 275
280 10 78
282 11 28
284 283 281
286 10 20
288 11 78
290 289 287
292 6 291
294 7 285
296 295 293
298 6 97
300 4 298
302 5 297
304 303 301
306 4 132
308 2 306
310 3 305
312 311 309
314 6 285
316 5 314
318 317 55
320 113 93
322 109 67
324 4 323
326 5 321
328 327 325
330 2 329
332 3 319
334 333 331
i0 p0p0left2most0pos
i1 p0p0right2most0pos
i2 p0p0clicked0button
i3 p0p0center0pos
o0 u0pos0f1dadd0pos0vel1b
o1 u0pos0f1dsub0pos0vel1b
o2 u0pos0pos
o3 u0score0f1dadd0score0f1done1b1b
o4 u0score0score
o5 u0score0f1dzero1b
o6 u0vel0f1dadd0vel0f1done1b1b
o7 u0vel0vel
o8 u0vel0f1done1b
