REALIZABLE
aag 109 4 3 3 102
2
4
6
8
10 105
12 169
14 219
30
46
64
16 12 15
18 10 16
20 11 12
22 21 19
24 9 23
26 7 24
28 5 26
30 3 28
32 13 15
34 10 32
36 11 16
38 37 35
40 9 39
42 7 40
44 5 42
46 3 44
48 12 14
50 13 14
52 10 50
54 11 48
56 55 53
58 9 57
60 7 58
62 5 60
64 3 62
66 11 50
68 8 66
70 9 20
72 71 69
74 6 66
76 7 73
78 77 75
80 4 66
82 5 79
84 83 81
86 11 32
88 9 86
90 89 69
92 7 91
94 93 75
96 5 95
98 97 81
100 2 99
102 3 85
104 103 101
106 10 13
108 11 51
110 109 107
112 10 49
114 109 113
116 8 115
118 9 111
120 119 117
122 10 48
124 6 123
126 7 121
128 127 125
130 8 123
132 9 115
134 133 131
136 7 135
138 137 125
140 4 139
142 5 129
144 143 141
146 11 33
148 147 113
150 9 149
152 151 131
154 7 153
156 155 125
158 4 123
160 5 157
162 161 159
164 2 163
166 3 145
168 167 165
170 51 17
172 10 171
174 11 13
176 175 173
178 9 177
180 179 117
182 6 115
184 7 181
186 185 183
188 9 123
190 189 117
192 7 191
194 193 183
196 4 195
198 5 187
200 199 197
202 151 117
204 7 203
206 205 183
208 4 115
210 5 207
212 211 209
214 2 213
216 3 201
218 217 215
i0 x0
i1 x1
i2 x2
i3 x3
o0 y0
o1 y1
o2 y2
