REALIZABLE
aag 191 3 4 3 184
2
4
6
8 195
10 267
12 347
14 383
39
71
99
16 10 13
18 9 16
20 13 15
22 11 20
24 8 22
26 19 25
28 6 18
30 7 27
32 31 29
34 4 33
36 5 18
38 37 35
40 12 14
42 11 41
44 9 42
46 45 25
48 12 15
50 13 14
52 51 49
54 11 53
56 9 54
58 57 25
60 6 59
62 7 44
64 63 61
66 4 65
68 5 47
70 69 67
72 10 48
74 10 41
76 55 75
78 8 77
80 9 72
82 81 79
84 10 15
86 8 84
88 2 86
90 3 83
92 91 89
94 6 90
96 7 93
98 97 95
100 10 20
102 11 13
104 103 101
106 23 73
108 8 107
110 9 105
112 111 109
114 10 53
116 43 115
118 8 117
120 9 13
122 121 119
124 2 123
126 3 113
128 127 125
130 9 102
132 131 25
134 103 75
136 8 41
138 9 135
140 139 137
142 2 141
144 3 133
146 145 143
148 6 147
150 7 129
152 151 149
154 9 100
156 155 25
158 23 17
160 10 50
162 43 161
164 8 163
166 9 159
168 167 165
170 2 169
172 3 157
174 173 171
176 23 75
178 9 177
180 179 79
182 2 181
184 6 182
186 7 175
188 187 185
190 4 189
192 5 153
194 193 191
196 8 16
198 9 48
200 199 197
202 43 85
204 8 177
206 9 203
208 207 205
210 2 209
212 3 201
214 213 211
216 8 160
218 199 217
220 43 73
222 23 161
224 8 223
226 9 221
228 227 225
230 2 229
232 3 219
234 233 231
236 6 235
238 7 215
240 239 237
242 8 74
244 227 243
246 3 245
248 247 211
250 55 73
252 9 251
254 253 225
256 6 255
258 7 249
260 259 257
262 4 261
264 5 241
266 265 263
268 11 48
270 8 268
272 8 15
274 207 273
276 2 275
278 3 270
280 279 277
282 269 101
284 8 283
286 11 15
288 287 101
290 8 289
292 45 291
294 2 293
296 3 284
298 297 295
300 6 299
302 7 281
304 303 301
306 8 54
308 55 85
310 8 203
312 9 309
314 313 311
316 2 315
318 3 306
320 319 317
322 8 309
324 9 22
326 325 323
328 45 311
330 2 329
332 3 327
334 333 331
336 6 335
338 7 321
340 339 337
342 4 341
344 5 305
346 345 343
348 8 50
350 9 160
352 351 349
354 11 50
356 355 115
358 8 357
360 9 74
362 361 359
364 6 363
366 7 353
368 367 365
370 361 217
372 6 371
374 7 160
376 375 373
378 4 377
380 5 369
382 381 379
i0 r_m
i1 r_0
i2 r_1
o0 g_0
o1 g_1
o2 g_m
