REALIZABLE
aag 700 3 6 3 691
2
4
6
8 603
10 769
12 957
14 1171
16 1325
18 1400
219
344
459
20 16 19
22 17 19
24 14 22
26 15 20
28 27 25
30 15 19
32 12 30
34 13 29
36 35 33
38 14 20
40 15 22
42 12 40
44 13 38
46 45 43
48 10 47
50 11 37
52 51 49
54 17 18
56 55 21
58 14 17
60 15 57
62 61 59
64 13 63
66 65 43
68 41 39
70 15 17
72 12 70
74 13 69
76 75 73
78 10 77
80 11 67
82 81 79
84 8 83
86 9 53
88 87 85
90 4 89
92 16 18
94 14 93
96 13 94
98 97 43
100 14 54
102 61 101
104 13 103
106 105 43
108 10 107
110 11 99
112 111 109
114 14 19
116 13 114
118 117 33
120 13 30
122 121 43
124 10 123
126 11 119
128 127 125
130 8 129
132 9 113
134 133 131
136 27 115
138 13 137
140 139 43
142 13 20
144 143 43
146 10 145
148 11 141
150 149 147
152 13 24
154 153 43
156 10 40
158 11 155
160 159 157
162 8 161
164 9 151
166 165 163
168 4 167
170 5 135
172 171 169
174 2 173
176 3 90
178 177 175
180 61 95
182 15 93
184 183 115
186 12 185
188 13 181
190 189 187
192 13 93
194 193 187
196 10 195
198 11 191
200 199 197
202 10 185
204 11 195
206 205 203
208 8 207
210 9 201
212 211 209
214 6 213
216 7 179
218 217 215
220 15 54
222 221 39
224 221 115
226 12 225
228 13 223
230 229 227
232 221 59
234 13 233
236 10 234
238 11 231
240 239 237
242 12 26
244 12 20
246 10 244
248 11 242
250 249 247
252 8 251
254 9 241
256 255 253
258 4 257
260 12 29
262 13 220
264 263 261
266 10 38
268 11 265
270 269 267
272 12 38
274 13 54
276 275 273
278 221 25
280 13 279
282 281 243
284 10 283
286 11 277
288 287 285
290 8 289
292 9 271
294 293 291
296 61 115
298 12 297
300 263 299
302 12 223
304 235 303
306 10 305
308 11 301
310 309 307
312 71 101
314 13 313
316 315 245
318 281 245
320 10 319
322 11 317
324 323 321
326 8 325
328 9 311
330 329 327
332 4 331
334 5 295
336 335 333
338 2 337
340 3 258
342 341 339
344 7 343
346 9 195
348 347 209
350 41 101
352 13 351
354 121 299
356 10 355
358 11 352
360 359 357
362 75 227
364 61 25
366 12 24
368 13 365
370 369 367
372 10 371
374 11 363
376 375 373
378 8 377
380 9 361
382 381 379
384 4 383
386 5 349
388 387 385
390 121 303
392 12 365
394 13 22
396 395 393
398 10 397
400 11 391
402 401 399
404 12 279
406 121 405
408 45 227
410 10 409
412 11 407
414 413 411
416 8 415
418 9 403
420 419 417
422 13 40
424 423 261
426 10 425
428 359 427
430 143 405
432 8 431
434 9 429
436 435 433
438 4 437
440 5 421
442 441 439
444 2 443
446 3 389
448 447 445
450 11 422
452 9 450
454 6 452
456 7 449
458 457 455
460 13 26
462 461 261
464 10 463
466 12 22
468 45 467
470 121 367
472 10 471
474 11 469
476 475 473
478 8 477
480 9 464
482 481 479
484 4 483
486 387 485
488 41 115
490 13 489
492 491 303
494 10 493
496 309 495
498 315 303
500 61 39
502 12 501
504 281 503
506 10 505
508 11 499
510 509 507
512 8 511
514 9 497
516 515 513
518 10 460
520 51 519
522 183 59
524 31 39
526 12 525
528 13 523
530 529 527
532 71 115
534 13 533
536 535 503
538 10 537
540 11 531
542 541 539
544 8 543
546 9 521
548 547 545
550 4 549
552 5 517
554 553 551
556 2 555
558 3 487
560 559 557
562 4 213
564 387 563
566 12 60
568 10 242
570 11 566
572 571 569
574 263 33
576 10 575
578 249 577
580 8 579
582 9 573
584 583 581
586 4 585
588 5 452
590 589 587
592 2 591
594 3 565
596 595 593
598 6 597
600 7 561
602 601 599
604 13 17
606 605 243
608 13 182
610 609 299
612 10 611
614 11 607
616 615 613
618 12 489
620 369 619
622 10 621
624 375 623
626 8 625
628 9 617
630 629 627
632 4 631
634 31 95
636 183 39
638 12 637
640 13 635
642 641 639
644 183 25
646 12 645
648 193 647
650 10 649
652 11 643
654 653 651
656 13 19
658 657 647
660 13 637
662 661 187
664 10 663
666 11 659
668 667 665
670 8 669
672 9 655
674 673 671
676 183 101
678 13 677
680 679 243
682 71 39
684 12 683
686 97 685
688 10 687
690 11 681
692 691 689
694 13 225
696 695 33
698 13 645
700 699 33
702 10 701
704 11 697
706 705 703
708 8 707
710 9 693
712 711 709
714 4 713
716 5 675
718 717 715
720 2 719
722 3 632
724 723 721
726 679 187
728 71 95
730 13 729
732 731 639
734 10 733
736 11 727
738 737 735
740 31 25
742 12 741
744 529 743
746 11 745
748 747 203
750 8 749
752 9 739
754 753 751
756 4 755
758 2 756
760 3 386
762 761 759
764 6 763
766 7 725
768 767 765
770 695 299
772 65 261
774 10 773
776 11 771
778 777 775
780 45 743
782 12 19
784 121 783
786 10 785
788 11 781
790 789 787
792 8 791
794 9 779
796 795 793
798 4 797
800 13 60
802 801 467
804 12 137
806 10 804
808 11 803
810 809 807
812 65 805
814 491 467
816 10 815
818 11 813
820 819 817
822 8 821
824 9 811
826 825 823
828 423 73
830 10 829
832 11 298
834 833 831
836 263 503
838 423 33
840 10 839
842 11 837
844 843 841
846 8 845
848 9 835
850 849 847
852 4 851
854 5 827
856 855 853
858 2 857
860 3 798
862 861 859
864 491 567
866 11 865
868 867 465
870 45 503
872 11 871
874 873 577
876 8 875
878 9 869
880 879 877
882 4 881
884 5 213
886 885 883
888 121 503
890 45 567
892 10 891
894 11 889
896 895 893
898 153 261
900 229 33
902 10 901
904 11 899
906 905 903
908 8 907
910 9 897
912 911 909
914 315 647
916 605 527
918 10 917
920 11 915
922 921 919
924 679 33
926 699 187
928 10 927
930 11 925
932 931 929
934 8 933
936 9 923
938 937 935
940 4 939
942 5 913
944 943 941
946 2 945
948 3 887
950 949 947
952 6 951
954 7 863
956 955 953
958 12 114
960 13 100
962 961 959
964 31 59
966 13 965
968 967 299
970 10 969
972 11 963
974 973 971
976 12 533
978 75 977
980 699 367
982 10 981
984 11 979
986 985 983
988 8 987
990 9 975
992 991 989
994 4 993
996 461 977
998 11 997
1000 999 399
1002 31 101
1004 13 1003
1006 1005 227
1008 491 227
1010 10 1009
1012 11 1007
1014 1013 1011
1016 8 1015
1018 9 1001
1020 1019 1017
1022 27 95
1024 13 1023
1026 1025 959
1028 10 192
1030 11 1027
1032 1031 1029
1034 13 58
1036 1035 303
1038 12 220
1040 395 1039
1042 10 1041
1044 11 1037
1046 1045 1043
1048 8 1047
1050 9 1033
1052 1051 1049
1054 4 1053
1056 5 1021
1058 1057 1055
1060 2 1059
1062 3 994
1064 1063 1061
1066 105 619
1068 731 685
1070 10 1069
1072 11 1067
1074 1073 1071
1076 529 467
1078 657 227
1080 10 1079
1082 11 1077
1084 1083 1081
1086 8 1085
1088 9 1075
1090 1089 1087
1092 4 1091
1094 221 95
1096 13 1095
1098 1097 467
1100 529 619
1102 10 1101
1104 11 1099
1106 1105 1103
1108 14 57
1110 183 1109
1112 13 1111
1114 1113 685
1116 13 741
1118 1117 227
1120 10 1119
1122 11 1115
1124 1123 1121
1126 8 1125
1128 9 1107
1130 1129 1127
1132 139 273
1134 10 431
1136 11 1133
1138 1137 1135
1140 117 227
1142 10 44
1144 11 1141
1146 1145 1143
1148 8 1147
1150 9 1139
1152 1151 1149
1154 4 1153
1156 5 1131
1158 1157 1155
1160 2 1159
1162 3 1092
1164 1163 1161
1166 6 1165
1168 7 1065
1170 1169 1167
1172 35 783
1174 1025 743
1176 10 1175
1178 11 1173
1180 1179 1177
1182 189 367
1184 71 25
1186 12 1185
1188 143 1187
1190 10 1189
1192 11 1183
1194 1193 1191
1196 8 1195
1198 9 1181
1200 1199 1197
1202 4 1201
1204 1025 367
1206 105 743
1208 10 1207
1210 11 1205
1212 1211 1209
1214 1025 783
1216 139 467
1218 10 1217
1220 11 1215
1222 1221 1219
1224 8 1223
1226 9 1213
1228 1227 1225
1230 139 527
1232 10 142
1234 11 1231
1236 1235 1233
1238 153 527
1240 10 32
1242 11 1239
1244 1243 1241
1246 8 1245
1248 9 1237
1250 1249 1247
1252 4 1251
1254 5 1229
1256 1255 1253
1258 2 1257
1260 3 1202
1262 1261 1259
1264 117 567
1266 11 1265
1268 1267 465
1270 9 1269
1272 1271 877
1274 4 1273
1276 461 503
1278 11 1277
1280 1279 893
1282 9 1281
1284 1283 909
1286 139 503
1288 143 393
1290 10 1289
1292 11 1287
1294 1293 1291
1296 117 299
1298 11 1297
1300 1299 903
1302 8 1301
1304 9 1295
1306 1305 1303
1308 4 1307
1310 5 1285
1312 1311 1309
1314 2 1313
1316 3 1274
1318 1317 1315
1320 6 1319
1322 7 1263
1324 1323 1321
1326 229 1039
1328 10 262
1330 11 1327
1332 1331 1329
1334 9 1333
1336 1335 253
1338 4 1337
1340 263 243
1342 11 1341
1344 1343 267
1346 10 1341
1348 11 262
1350 1349 1347
1352 8 1351
1354 9 1345
1356 1355 1353
1358 961 1039
1360 275 393
1362 10 1361
1364 11 1359
1366 1365 1363
1368 13 57
1370 1369 367
1372 13 501
1374 1373 405
1376 10 1375
1378 11 1371
1380 1379 1377
1382 8 1381
1384 9 1367
1386 1385 1383
1388 4 1387
1390 5 1357
1392 1391 1389
1394 2 1393
1396 3 1338
1398 1397 1395
1400 7 1399
i0 a
i1 b
i2 c
o0 p0
o1 p1
o2 p2
