REALIZABLE
aag 240 3 4 3 233
2
4
6
8 301
10 341
12 429
14 481
0
123
225
16 13 14
18 12 14
20 10 19
22 11 16
24 23 21
26 8 19
28 9 25
30 29 27
32 11 13
34 33 21
36 8 35
38 29 37
40 6 39
42 7 31
44 43 41
46 10 13
48 12 15
50 17 49
52 10 48
54 11 51
56 55 53
58 8 57
60 9 46
62 61 59
64 23 53
66 8 65
68 61 67
70 6 69
72 7 63
74 73 71
76 4 75
78 5 45
80 79 77
82 55 47
84 8 83
86 9 22
88 87 85
90 23 47
92 8 91
94 87 93
96 6 95
98 7 89
100 99 97
102 8 54
104 8 22
106 6 104
108 7 102
110 109 107
112 4 111
114 5 101
116 115 113
118 2 117
120 3 81
122 121 119
124 11 15
126 9 124
128 11 48
130 8 128
132 127 131
134 6 133
136 7 126
138 137 135
140 11 19
142 141 53
144 13 15
146 11 144
148 147 47
150 8 149
152 9 143
154 153 151
156 125 47
158 8 157
160 153 159
162 6 161
164 7 155
166 165 163
168 4 167
170 5 139
172 171 169
174 125 21
176 147 53
178 8 177
180 9 175
182 181 179
184 125 53
186 8 185
188 181 187
190 6 189
192 7 183
194 193 191
196 147 21
198 8 197
200 9 19
202 201 199
204 8 175
206 201 205
208 6 207
210 7 203
212 211 209
214 4 213
216 5 195
218 217 215
220 2 219
222 3 173
224 223 221
226 33 53
228 9 227
230 229 151
232 9 157
234 233 59
236 6 235
238 7 231
240 239 237
242 10 16
244 8 242
246 87 245
248 55 21
250 9 249
252 251 27
254 6 253
256 7 247
258 257 255
260 4 259
262 5 241
264 263 261
266 10 51
268 33 267
270 9 269
272 271 199
274 7 273
276 275 237
278 23 267
280 8 266
282 9 279
284 283 281
286 7 285
288 287 255
290 4 289
292 5 277
294 293 291
296 2 295
298 3 265
300 299 297
302 8 20
304 9 91
306 305 303
308 9 20
310 309 179
312 6 311
314 7 307
316 315 313
318 9 197
320 319 179
322 4 321
324 5 317
326 325 323
328 9 146
330 6 328
332 239 331
334 5 333
336 2 334
338 3 327
340 339 337
342 9 128
344 343 103
346 129 21
348 8 143
350 9 347
352 351 349
354 6 353
356 7 345
358 357 355
360 10 144
362 55 361
364 8 363
366 343 365
368 10 15
370 141 369
372 8 371
374 251 373
376 6 375
378 7 367
380 379 377
382 4 381
384 5 359
386 385 383
388 129 361
390 9 389
392 391 103
394 391 59
396 6 395
398 7 393
400 399 397
402 125 361
404 141 361
406 8 405
408 9 403
410 409 407
412 6 371
414 7 411
416 415 413
418 4 417
420 5 401
422 421 419
424 2 423
426 3 387
428 427 425
430 8 46
432 87 431
434 6 433
436 9 65
438 437 245
440 6 244
442 7 439
444 443 441
446 4 445
448 5 434
450 449 447
452 8 52
454 9 266
456 455 453
458 283 151
460 6 459
462 7 457
464 463 461
466 6 242
468 287 467
470 4 469
472 5 465
474 473 471
476 2 475
478 3 451
480 479 477
i0 b
i1 c
i2 a
o0 p0
o1 p1
o2 p2
