REALIZABLE
aag 9 5 0 12 4
2
4
6
8
10
0
1
0
1
0
1
3
2
16
0
18
4
12 9 11
14 6 13
16 5 15
18 5 14
i0 p0p0eq0xcoord0f1ddec0f1dsizex1b1b
i1 p0p0lt0f1dcoordcount0xcoord0ycoord1b0score
i2 p0p0on0gameover
i3 p0p0eq0f1dadd0xcoord0ycoord1b0f1ddec0f1dsizex1b1b
i4 p0p0eq0xcoord0ycoord
o0 u0bxcoord0bxcoord
o1 u0bxcoord0xcoord
o2 u0bycoord0bycoord
o3 u0bycoord0ycoord
o4 u0xcoord0xcoord
o5 u0xcoord0f1dinc0xcoord1b
o6 u0ycoord0ycoord
o7 u0ycoord0f1dinc0ycoord1b
o8 u0actcolor0f1dblackcolor1b
o9 u0actcolor0actcolor
o10 u0actcolor0f1dredcolor1b
o11 u0actcolor0scorecolor
