REALIZABLE
aag 105 7 4 1 94
2
4
6
8
10
12
14
16 109
18 155
20 179
22 211
28
24 21 23
26 19 24
28 16 26
30 23 8
32 20 30
34 6 8
36 23 34
38 23 12
40 20 38
42 21 36
44 43 41
46 18 45
48 19 32
50 49 47
52 23 11
54 20 52
56 25 55
58 20 23
60 43 59
62 18 61
64 19 57
66 65 63
68 16 67
70 17 51
72 71 69
74 25 33
76 19 75
78 77 47
80 6 9
82 23 81
84 21 82
86 85 59
88 18 87
90 65 89
92 16 91
94 17 79
96 95 93
98 4 97
100 5 73
102 101 99
104 2 103
106 3 73
108 107 105
110 18 58
112 23 10
114 20 112
116 23 15
118 20 116
120 18 118
122 19 114
124 123 121
126 16 125
128 17 110
130 129 127
132 27 111
134 23 7
136 21 134
138 137 119
140 18 139
142 123 141
144 16 143
146 17 133
148 147 145
150 4 149
152 5 131
154 153 151
156 23 6
158 21 156
160 159 59
162 18 161
164 19 58
166 165 163
168 159 119
170 18 169
172 165 171
174 16 173
176 17 167
178 177 175
180 18 136
182 19 21
184 183 181
186 16 180
188 17 185
190 189 187
192 21 22
194 19 192
196 195 181
198 17 197
200 4 198
202 5 191
204 203 201
206 2 198
208 3 205
210 209 207
i0 p
i1 q
i2 r
i3 s
i4 u
i5 v
i6 w
o0 acc
