REALIZABLE
aag 79 4 3 1 72
2
4
6
8
10 107
12 149
14 158
75
16 13 15
18 11 16
20 8 16
22 9 18
24 23 21
26 6 20
28 7 25
30 29 27
32 12 14
34 11 33
36 10 15
38 35 37
40 8 39
42 9 34
44 43 41
46 12 15
48 13 14
50 49 47
52 11 51
54 9 52
56 55 41
58 6 57
60 7 45
62 61 59
64 4 63
66 5 31
68 67 65
70 2 64
72 3 69
74 73 71
76 9 36
78 19 37
80 9 79
82 6 80
84 7 76
86 85 83
88 11 48
90 89 37
92 9 91
94 9 39
96 6 94
98 7 92
100 99 97
102 4 101
104 5 87
106 105 103
108 10 46
110 53 109
112 8 111
114 9 46
116 115 113
118 9 108
120 119 113
122 6 121
124 7 117
126 125 123
128 5 127
130 9 15
132 131 41
134 81 41
136 6 135
138 7 133
140 139 137
142 5 141
144 2 142
146 3 128
148 147 145
150 9 88
152 6 54
154 7 150
156 155 153
158 5 157
i0 p
i1 q
i2 r
i3 s
o0 acc
