REALIZABLE
aag 71 2 4 1 65
2
4
6 71
8 89
10 115
12 143
35
14 11 13
16 10 13
18 8 14
20 9 16
22 21 19
24 6 23
26 7 14
28 27 25
30 4 13
32 5 29
34 33 31
36 6 20
38 9 13
40 6 38
42 4 40
44 5 36
46 45 43
48 6 18
50 27 49
52 8 13
54 6 52
56 7 13
58 57 55
60 4 59
62 5 51
64 63 61
66 2 65
68 3 47
70 69 67
72 7 18
74 73 37
76 8 16
78 39 77
80 6 79
82 73 81
84 4 83
86 5 75
88 87 85
90 4 52
92 5 18
94 93 91
96 39 19
98 6 76
100 7 97
102 101 99
104 4 103
106 5 26
108 107 105
110 2 109
112 3 95
114 113 111
116 11 12
118 117 17
120 9 119
122 121 77
124 9 14
126 125 77
128 6 127
130 7 123
132 131 129
134 9 116
136 7 134
138 4 136
140 5 133
142 141 139
i0 p
i1 q
o0 acc
