REALIZABLE
aag 158 5 3 1 150
2
4
6
8
10
12 199
14 259
16 317
103
18 15 16
20 13 18
22 10 20
24 15 17
26 12 24
28 21 27
30 10 29
32 8 30
34 9 22
36 35 33
38 14 17
40 19 39
42 13 41
44 43 27
46 10 45
48 8 46
50 35 49
52 6 51
54 7 37
56 55 53
58 12 17
60 43 59
62 10 61
64 8 62
66 35 65
68 6 67
70 55 69
72 4 71
74 5 57
76 75 73
78 14 16
80 13 79
82 81 59
84 10 83
86 8 84
88 35 87
90 6 89
92 55 91
94 4 93
96 75 95
98 2 97
100 3 77
102 101 99
104 12 38
106 8 104
108 9 58
110 109 107
112 13 38
114 113 59
116 9 115
118 117 107
120 6 119
122 7 111
124 123 121
126 9 26
128 6 116
130 7 126
132 131 129
134 4 133
136 5 125
138 137 135
140 13 24
142 141 59
144 13 15
146 145 59
148 10 147
150 11 143
152 151 149
154 141 105
156 11 155
158 157 149
160 8 159
162 9 153
164 163 161
166 11 17
168 167 85
170 157 85
172 8 171
174 9 169
176 175 173
178 6 177
180 7 165
182 181 179
184 6 174
186 131 185
188 4 187
190 5 183
192 191 189
194 2 193
196 3 139
198 197 195
200 6 104
202 7 38
204 203 201
206 4 202
208 5 205
210 209 207
212 13 17
214 213 105
216 81 105
218 10 217
220 11 215
222 221 219
224 221 85
226 8 225
228 9 223
230 229 227
232 145 105
234 10 233
236 157 235
238 9 237
240 239 173
242 6 241
244 7 231
246 245 243
248 4 244
250 5 247
252 251 249
254 2 253
256 3 211
258 257 255
260 11 20
262 11 29
264 8 262
266 9 260
268 267 265
270 11 45
272 8 270
274 267 273
276 6 275
278 7 269
280 279 277
282 11 61
284 8 282
286 267 285
288 6 287
290 279 289
292 4 291
294 5 281
296 295 293
298 11 83
300 8 298
302 267 301
304 6 303
306 279 305
308 4 307
310 295 309
312 2 311
314 3 297
316 315 313
i0 p
i1 q
i2 r
i3 s
i4 u
o0 acc
