REALIZABLE
aag 208 4 4 1 200
2
4
6
8
10 151
12 299
14 395
16 416
22
18 15 17
20 12 18
22 11 20
24 10 17
26 12 17
28 13 18
30 29 27
32 10 31
34 8 32
36 9 24
38 37 35
40 14 17
42 12 40
44 11 42
46 45 25
48 9 47
50 49 35
52 6 51
54 7 39
56 55 53
58 13 40
60 59 21
62 10 61
64 9 62
66 13 17
68 67 21
70 10 69
72 45 71
74 9 73
76 6 74
78 7 64
80 79 77
82 4 81
84 5 57
86 85 83
88 14 16
90 13 89
92 11 90
94 93 25
96 93 33
98 8 97
100 9 95
102 101 99
104 91 43
106 11 105
108 107 25
110 9 109
112 111 99
114 6 113
116 7 103
118 117 115
120 11 58
122 121 63
124 9 123
126 67 43
128 11 127
130 129 71
132 9 131
134 6 132
136 7 124
138 137 135
140 4 139
142 5 119
144 143 141
146 2 145
148 3 87
150 149 147
152 59 27
154 10 153
156 11 26
158 157 155
160 8 159
162 9 26
164 163 161
166 23 33
168 157 25
170 8 169
172 9 167
174 173 171
176 6 175
178 7 165
180 179 177
182 29 43
184 10 183
186 157 185
188 9 187
190 189 171
192 10 42
194 23 193
196 9 195
198 197 171
200 6 199
202 7 191
204 203 201
206 4 205
208 5 181
210 209 207
212 15 16
214 213 41
216 13 215
218 217 27
220 10 26
222 11 219
224 223 221
226 223 155
228 8 227
230 9 225
232 231 229
234 91 21
236 11 235
238 237 33
240 91 27
242 11 241
244 243 25
246 8 245
248 9 239
250 249 247
252 6 251
254 7 233
256 255 253
258 13 15
260 259 27
262 11 261
264 263 185
266 9 265
268 267 247
270 13 212
272 271 21
274 11 273
276 275 193
278 9 277
280 279 247
282 6 281
284 7 269
286 285 283
288 4 287
290 5 257
292 291 289
294 2 293
296 3 211
298 297 295
300 45 221
302 8 301
304 9 40
306 305 303
308 10 40
310 129 309
312 9 311
314 313 35
316 6 315
318 7 307
320 319 317
322 11 40
324 323 71
326 10 28
328 45 327
330 8 329
332 9 325
334 333 331
336 7 335
338 337 135
340 4 339
342 5 321
344 343 341
346 271 43
348 11 347
350 349 309
352 217 43
354 11 353
356 355 221
358 8 357
360 9 351
362 361 359
364 361 99
366 6 365
368 7 363
370 369 367
372 11 183
374 373 327
376 8 375
378 133 377
380 7 379
382 381 135
384 4 383
386 5 371
388 387 385
390 2 389
392 3 345
394 393 391
396 11 270
398 11 216
400 8 398
402 9 396
404 403 401
406 8 92
408 403 407
410 6 409
412 7 405
414 413 411
416 3 415
i0 p_0
i1 p_1
i2 q_0
i3 q_1
o0 acc
