REALIZABLE
aag 127 4 3 5 120
2
4
6
8
10 177
12 229
14 255
25
66
105
116
120
16 13 14
18 10 16
20 2 16
22 3 18
24 23 21
26 12 14
28 8 27
30 9 13
32 31 29
34 2 33
36 23 35
38 11 15
40 39 19
42 8 41
44 9 38
46 45 43
48 11 27
50 9 48
52 51 29
54 2 53
56 3 47
58 57 55
60 4 59
62 5 37
64 63 61
66 7 65
68 12 15
70 9 68
72 2 70
74 9 18
76 10 27
78 9 76
80 2 78
82 3 74
84 83 81
86 4 85
88 5 72
90 89 87
92 9 15
94 2 92
96 5 94
98 97 87
100 6 99
102 7 91
104 103 101
106 11 16
108 2 106
110 4 108
112 5 25
114 113 111
116 6 115
118 4 38
120 6 118
122 13 15
124 8 15
126 9 122
128 127 125
130 2 129
132 23 131
134 8 76
136 75 135
138 2 137
140 23 139
142 4 141
144 5 133
146 145 143
148 9 16
150 149 29
152 2 151
154 49 19
156 9 155
158 157 29
160 2 159
162 3 41
164 163 161
166 4 165
168 5 152
170 169 167
172 6 171
174 7 147
176 175 173
178 11 68
180 2 68
182 3 178
184 183 181
186 8 38
188 93 187
190 2 189
192 3 38
194 193 191
196 4 195
198 5 185
200 199 197
202 2 27
204 163 203
206 10 15
208 107 207
210 8 209
212 9 106
214 213 211
216 2 215
218 4 216
220 5 205
222 221 219
224 6 223
226 7 201
228 227 225
230 107 77
232 3 231
234 233 21
236 3 209
238 2 41
240 3 27
242 241 239
244 4 243
246 5 236
248 247 245
250 6 249
252 7 235
254 253 251
i0 b_0
i1 b_1
i2 grant_pwr
i3 obstacle
o0 f_0
o1 req_pwr
o2 open
o3 down
o4 up
