REALIZABLE
aag 154 7 2 8 145
2
4
6
8
10
12
14
16 295
18 309
45
67
81
101
153
181
213
277
20 17 19
22 13 20
24 10 22
26 11 20
28 27 25
30 9 29
32 6 30
34 7 29
36 35 33
38 5 37
40 2 38
42 3 37
44 43 41
46 16 19
48 17 18
50 49 47
52 14 51
54 11 52
56 9 54
58 6 56
60 5 58
62 2 60
64 3 58
66 65 63
68 14 48
70 11 68
72 7 70
74 5 72
76 2 74
78 3 72
80 79 77
82 13 52
84 10 82
86 9 84
88 6 86
90 7 84
92 91 89
94 5 93
96 2 94
98 3 93
100 99 97
102 16 18
104 14 19
106 15 103
108 107 105
110 14 20
112 107 111
114 12 103
116 13 113
118 117 115
120 10 119
122 11 109
124 123 121
126 11 113
128 127 121
130 8 103
132 9 129
134 133 131
136 6 135
138 7 125
140 139 137
142 4 103
144 5 141
146 145 143
148 2 147
150 3 141
152 151 149
154 13 51
156 10 154
158 9 156
160 9 154
162 6 160
164 7 158
166 165 163
168 4 158
170 5 167
172 171 169
174 5 162
176 2 174
178 3 173
180 179 177
182 12 51
184 11 182
186 11 51
188 8 186
190 9 184
192 191 189
194 7 193
196 7 188
198 4 196
200 5 194
202 201 199
204 7 184
206 5 204
208 2 206
210 3 203
212 211 209
214 10 114
216 11 154
218 217 215
220 155 115
222 10 221
224 8 222
226 9 219
228 227 225
230 185 215
232 9 231
234 233 131
236 6 235
238 7 229
240 239 237
242 187 215
244 9 243
246 245 225
248 245 131
250 6 249
252 7 247
254 253 251
256 4 255
258 5 241
260 259 257
262 217 223
264 7 263
266 265 237
268 5 267
270 269 143
272 2 271
274 3 261
276 275 273
278 55 85
280 9 279
282 6 280
284 7 279
286 285 283
288 5 287
290 2 288
292 3 287
294 293 291
296 7 129
298 297 137
300 5 299
302 301 143
304 2 303
306 3 299
308 307 305
i0 p0p0moving2down0steps
i1 p0p0moving2up0steps
i2 p0p0enter2event0top
i3 p0p0exit2event0top
i4 p0p0enter2event0bottom
i5 p0p0exit2event0bottom
i6 p0p0zero0users
o0 u0users0f1dreset2to2zero1b
o1 u0steps0f1dmove2down1b
o2 u0steps0f1dstop1b
o3 u0steps0f1dmove2up1b
o4 u0steps0steps
o5 u0users0f1dinc0users1b
o6 u0users0f1ddec0users1b
o7 u0users0users
