REALIZABLE
aag 51 4 2 15 45
2
4
6
8
10 92
12 102
26
26
26
45
45
45
58
58
58
68
68
68
83
83
83
14 10 13
16 9 14
18 2 9
20 3 16
22 21 19
24 7 23
26 5 24
28 11 13
30 9 28
32 3 30
34 7 32
36 3 9
38 7 36
40 4 38
42 5 34
44 43 41
46 11 12
48 9 46
50 3 48
52 6 36
54 7 50
56 55 53
58 5 57
60 10 12
62 61 9
64 3 63
66 7 64
68 5 66
70 2 8
72 6 37
74 7 70
76 75 73
78 4 39
80 5 77
82 81 79
84 11 9
86 3 85
88 87 19
90 7 89
92 5 90
94 13 9
96 3 95
98 7 96
100 99 53
102 5 101
i0 p0p0on0start2init
i1 p0p0on0start2acc
i2 p0p0on0start2gyr
i3 p0p0on0start2mag
o0 u0reg2manager2cmd0reg2manager2cmd2init
o1 u0sensor2type0sensor2type2init
o2 u0spi2control0spi2control2init
o3 u0reg2manager2cmd0reg2manager2cmd2acc
o4 u0sensor2type0sensor2type2acc
o5 u0spi2control0spi2control2acc
o6 u0reg2manager2cmd0reg2manager2cmd2gyr
o7 u0sensor2type0sensor2type2gyr
o8 u0spi2control0spi2control2gyr
o9 u0reg2manager2cmd0reg2manager2cmd2mag
o10 u0sensor2type0sensor2type2mag
o11 u0spi2control0spi2control2mag
o12 u0reg2manager2cmd0reg2manager2cmd
o13 u0sensor2type0sensor2type
o14 u0spi2control0spi2control
