REALIZABLE
aag 178 4 3 6 171
2
4
6
8
10 317
12 325
14 357
79
90
133
151
223
255
16 12 15
18 13 14
20 19 17
22 12 14
24 10 23
26 11 21
28 27 25
30 10 16
32 27 31
34 2 33
36 3 29
38 37 35
40 2 16
42 37 41
44 8 43
46 9 39
48 47 45
50 11 16
52 2 50
54 37 53
56 8 55
58 47 57
60 6 59
62 7 49
64 63 61
66 8 36
68 47 67
70 6 69
72 63 71
74 4 73
76 5 65
78 77 75
80 13 15
82 10 80
84 51 83
86 3 85
88 87 53
90 5 89
92 10 18
94 3 92
96 3 18
98 8 96
100 9 94
102 101 99
104 10 21
106 11 18
108 107 105
110 3 109
112 8 110
114 101 113
116 6 115
118 7 103
120 119 117
122 101 67
124 6 123
126 119 125
128 4 127
130 5 121
132 131 129
134 7 30
136 10 15
138 51 137
140 3 139
142 141 41
144 7 143
146 4 144
148 5 134
150 149 147
152 11 13
154 2 13
156 3 152
158 157 155
160 11 80
162 3 160
164 163 155
166 8 165
168 9 159
170 169 167
172 153 31
174 153 25
176 2 175
178 3 173
180 179 177
182 163 177
184 8 183
186 9 181
188 187 185
190 6 189
192 7 171
194 193 191
196 11 23
198 197 137
200 2 23
202 3 199
204 203 201
206 163 201
208 8 207
210 9 205
212 211 209
214 6 213
216 193 215
218 4 217
220 5 195
222 221 219
224 10 13
226 161 225
228 2 227
230 163 229
232 9 231
234 233 167
236 233 185
238 6 237
240 7 235
242 241 239
244 233 209
246 6 245
248 241 247
250 4 249
252 5 243
254 253 251
256 161 105
258 161 25
260 2 259
262 3 257
264 263 261
266 153 105
268 3 267
270 269 177
272 8 271
274 9 265
276 275 273
278 161 93
280 3 279
282 281 229
284 9 283
286 285 273
288 6 287
290 7 277
292 291 289
294 11 15
296 295 25
298 8 23
300 9 297
302 301 299
304 285 299
306 6 305
308 7 303
310 309 307
312 4 311
314 5 293
316 315 313
318 6 89
320 145 319
322 5 321
324 323 147
326 2 106
328 97 327
330 9 329
332 331 99
334 107 31
336 2 335
338 111 337
340 9 339
342 341 113
344 6 343
346 7 333
348 347 345
350 347 71
352 4 351
354 5 349
356 355 353
i0 p0p0clear2road0track
i1 p0p0at2side0track2pos
i2 p0p0straight0angle
i3 p0p0close2to2bend0track
o0 u0x0f1dturning1b
o1 u0steer0f1dsteer2side0track1b
o2 u0steer0f1dturn2mod0track1b
o3 u0steer0f1dstraighten0angle1b
o4 u0steer0steer
o5 u0x0x
