REALIZABLE
aag 81 5 2 3 74
2
4
6
8
10
12 143
14 163
63
85
98
16 12 14
18 2 17
20 3 15
22 21 19
24 14 13
26 24 3
28 10 27
30 11 23
32 31 29
34 8 15
36 9 33
38 37 35
40 12 15
42 3 40
44 9 42
46 4 44
48 5 39
50 49 47
52 11 42
54 9 52
56 5 54
58 6 56
60 7 51
62 61 59
64 2 16
66 11 64
68 8 14
70 9 66
72 71 69
74 4 45
76 5 73
78 77 75
80 6 57
82 7 79
84 83 81
86 3 14
88 10 26
90 11 86
92 91 89
94 9 93
96 5 94
98 7 96
100 13 15
102 101 17
104 2 13
106 3 103
108 107 105
110 2 41
112 107 111
114 10 113
116 11 109
118 117 115
120 9 119
122 121 35
124 5 123
126 11 106
128 11 20
130 8 128
132 9 126
134 133 131
136 5 135
138 6 136
140 7 124
142 141 139
144 2 12
146 3 101
148 147 145
150 10 112
152 11 149
154 153 151
156 9 155
158 157 69
160 158 5
162 160 7
i0 p0p0play2button0sys
i1 p0p0pause2button0sys
i2 p0p0leave2app0sys
i3 p0p0music2playing0mp
i4 p0p0resume2app0sys
o0 u0ctrl0f1dplay0tr0f1dtrack2pos0mp1b1b
o1 u0ctrl0f1dpause0mp1b
o2 u0ctrl0ctrl
