Hierarchy reader flattened 2 instances of logic boxes and left 0 black boxes.
aag 366 4 15 6 347
2
4
6
8
10 483
12 589
14 637
16 679
18 1
20 0
22 691
24 262
26 699
28 705
30 711
32 715
34 725
36 731
38 732
60
134
138
203
216
339
40 17 14
42 40 13
44 42 11
46 17 15
48 46 12
50 48 10
52 51 45
54 5 3
56 9 7
58 56 54
60 59 53
62 15 12
64 62 11
66 16 15
68 66 13
70 40 12
72 71 69
74 73 10
76 75 65
78 77 4
80 9 3
82 80 79
84 68 10
86 85 65
88 87 3
90 85 2
92 91 9
94 11 2
96 94 48
98 97 93
100 98 89
102 101 83
104 103 7
106 16 14
108 107 13
110 14 12
112 111 11
114 112 109
116 85 81
118 116 115
120 16 13
122 121 63
124 123 11
126 125 80
128 126 75
130 129 119
132 131 6
134 133 105
136 46 13
138 136 11
140 67 41
142 141 12
144 142 10
146 68 11
148 147 145
150 149 2
152 70 11
154 13 10
156 154 17
158 15 5
160 159 156
162 161 153
164 162 151
166 165 6
168 144 2
170 73 11
172 171 157
174 172 169
176 175 4
178 143 43
180 179 10
182 181 171
184 183 2
186 42 10
188 187 171
190 8 3
192 190 189
194 193 185
196 195 5
198 197 177
200 199 7
202 201 167
204 47 13
206 107 12
208 207 205
210 209 11
212 107 10
214 213 211
216 215 58
218 202 135
220 218 139
222 220 216
224 203 134
226 225 139
228 218 138
230 229 227
232 231 217
234 233 223
236 235 61
238 220 217
240 238 60
242 241 237
244 22 7
246 244 243
248 26 3
250 248 243
252 251 247
254 28 5
256 254 243
258 21 18
260 258 25
262 261 243
264 263 257
266 264 252
268 238 61
270 268 267
272 139 59
274 272 202
276 275 223
278 277 61
280 272 135
282 280 202
284 282 60
286 285 279
288 287 30
290 226 59
292 291 223
294 61 36
296 294 293
298 297 289
300 287 38
302 281 223
304 303 61
306 305 285
308 307 34
310 309 301
312 310 298
314 282 61
316 314 313
318 232 9
320 319 223
322 321 61
324 238 9
326 324 60
328 327 323
330 329 32
332 324 61
334 332 330
336 335 317
338 336 271
340 66 12
342 341 137
344 343 10
346 13 11
348 346 67
350 349 345
352 351 3
354 15 13
356 354 10
358 141 13
360 359 112
362 361 357
364 363 2
366 365 353
368 367 5
370 340 10
372 371 349
374 373 3
376 361 85
378 377 2
380 379 375
382 381 4
384 383 369
386 385 6
388 109 49
390 10 4
392 391 389
394 154 141
396 395 51
398 397 4
400 399 393
402 401 2
404 354 11
406 63 43
408 407 10
410 409 405
412 411 4
414 213 139
416 415 5
418 417 413
420 419 3
422 421 403
424 423 7
426 425 387
428 427 9
430 347 63
432 431 2
434 12 3
436 435 159
438 437 10
440 439 405
442 440 433
444 443 17
446 62 10
448 446 3
450 449 445
452 451 7
454 143 137
456 455 10
458 457 347
460 459 3
462 461 365
464 463 5
466 347 145
468 467 3
470 469 379
472 471 4
474 473 465
476 475 6
478 477 453
480 479 8
482 481 429
484 206 3
486 12 11
488 486 17
490 489 85
492 490 145
494 493 2
496 495 485
498 497 5
500 345 153
502 501 3
504 489 357
506 504 145
508 507 2
510 509 503
512 511 4
514 513 499
516 515 7
518 14 13
520 519 71
522 521 11
524 408 5
526 525 523
528 527 3
530 212 2
532 447 157
534 533 3
536 535 531
538 537 4
540 212 137
542 541 211
544 543 2
546 545 539
548 546 529
550 549 6
552 551 517
554 553 9
556 66 6
558 557 489
560 559 2
562 518 11
564 563 447
566 565 6
568 13 4
570 569 15
572 347 17
574 572 571
576 155 66
578 576 487
580 579 575
582 580 567
584 582 561
586 585 8
588 587 555
590 69 49
592 591 10
594 593 115
596 595 3
598 596 4
600 519 341
602 601 11
604 603 51
606 605 2
608 40 10
610 609 523
612 611 54
614 613 607
616 614 599
618 617 56
620 89 52
622 621 6
624 8 7
626 603 593
628 627 2
630 629 597
632 631 624
634 633 623
636 634 619
638 204 11
640 639 181
642 641 3
644 642 4
646 112 16
648 647 187
650 649 2
652 66 10
654 653 647
656 655 54
658 657 651
660 658 645
662 661 56
664 6 3
666 664 149
668 647 395
670 669 2
672 671 643
674 673 624
676 675 667
678 676 663
680 217 61
682 680 139
684 682 134
686 684 202
688 686 261
690 689 247
692 682 261
694 692 135
696 694 203
698 697 251
700 680 228
702 700 261
704 703 257
706 700 259
708 707 289
710 708 301
712 261 240
714 713 331
716 39 31
718 717 680
720 718 280
722 720 203
724 723 309
726 59 34
728 726 686
730 729 297
732 284 36
i0 p0p0on0mag2finished
i1 p0p0on0init2finished
i2 p0p0on0gyr2finished
i3 p0p0on0acc2finished
o0 u0part2control0f1dacc2on1b
o1 u0part2control0f1dgyr2on1b
o2 u0part2control0f1dinit2on1b
o3 u0part2control0f1dmag2on1b
o4 u0part2control0f1dno2cmd1b
o5 u0part2control0part2control
{"is_completed":true,"output_vars":["u0part2control0f1dno2cmd1b","u0part2control0f1dmag2on1b","u0part2control0f1dinit2on1b","u0part2control0f1dgyr2on1b","u0part2control0f1dacc2on1b","u0part2control0part2control"],"input_vars":["p0p0on0mag2finished","p0p0on0init2finished","p0p0on0gyr2finished","p0p0on0acc2finished"],"formula":"((G (! (((! (((u0part2control0f1dgyr2on1b) && (! ((u0part2control0part2control) || (u0part2control0f1dmag2on1b)))) <-> ((! (((u0part2control0part2control) && (! (u0part2control0f1dmag2on1b))) <-> ((u0part2control0f1dmag2on1b) && (! (u0part2control0part2control))))) && (! (u0part2control0f1dgyr2on1b))))) && (! (((u0part2control0f1dno2cmd1b) || (u0part2control0f1dinit2on1b)) || (u0part2control0f1dacc2on1b)))) <-> ((! (((u0part2control0f1dinit2on1b) && (! ((u0part2control0f1dacc2on1b) || (u0part2control0f1dno2cmd1b)))) <-> ((! (((u0part2control0f1dacc2on1b) && (! (u0part2control0f1dno2cmd1b))) <-> ((u0part2control0f1dno2cmd1b) && (! (u0part2control0f1dacc2on1b))))) && (! (u0part2control0f1dinit2on1b))))) && (! (((u0part2control0f1dmag2on1b) || (u0part2control0f1dgyr2on1b)) || (u0part2control0part2control))))))) && (((((G ((u0part2control0f1dacc2on1b) -> (X (F (p0p0on0acc2finished))))) && (G ((u0part2control0f1dgyr2on1b) -> (X (F (p0p0on0gyr2finished)))))) && (G ((u0part2control0f1dmag2on1b) -> (X (F (p0p0on0mag2finished)))))) && (G ((u0part2control0f1dinit2on1b) -> (X (F (p0p0on0init2finished)))))) -> ((((((u0part2control0f1dinit2on1b) && (G ((u0part2control0f1dinit2on1b) -> (X (G (! (u0part2control0f1dinit2on1b))))))) && (G ((! (((((u0part2control0f1dinit2on1b) || (p0p0on0acc2finished)) || (p0p0on0gyr2finished)) || (p0p0on0mag2finished)) || (p0p0on0init2finished))) -> (u0part2control0f1dno2cmd1b)))) && (G (F (u0part2control0f1dacc2on1b)))) && (G (F (u0part2control0f1dgyr2on1b)))) && (G (F (u0part2control0f1dmag2on1b))))))","total_time":168,"automaton":{"is_built":true,"build_duration":8,"total_states":10,"state_based_status":"true","prune_automaton_duration":0,"pruned_state_based_status":"true","prune_total_states":10,"total_edges":23},"dependency":{"dependency_approach":"automaton","tested_dependencies":[{"name":"u0part2control0part2control","duration":0,"is_dependent":true,"tested_dependency_set":["p0p0on0mag2finished","p0p0on0init2finished","p0p0on0gyr2finished","p0p0on0acc2finished","u0part2control0f1dno2cmd1b","u0part2control0f1dmag2on1b","u0part2control0f1dinit2on1b","u0part2control0f1dgyr2on1b","u0part2control0f1dacc2on1b"]},{"name":"u0part2control0f1dacc2on1b","duration":0,"is_dependent":false,"tested_dependency_set":["p0p0on0mag2finished","p0p0on0init2finished","p0p0on0gyr2finished","p0p0on0acc2finished","u0part2control0f1dno2cmd1b","u0part2control0f1dmag2on1b","u0part2control0f1dinit2on1b","u0part2control0f1dgyr2on1b"]},{"name":"u0part2control0f1dgyr2on1b","duration":0,"is_dependent":false,"tested_dependency_set":["p0p0on0mag2finished","p0p0on0init2finished","p0p0on0gyr2finished","p0p0on0acc2finished","u0part2control0f1dno2cmd1b","u0part2control0f1dmag2on1b","u0part2control0f1dinit2on1b","u0part2control0f1dacc2on1b"]},{"name":"u0part2control0f1dinit2on1b","duration":0,"is_dependent":false,"tested_dependency_set":["p0p0on0mag2finished","p0p0on0init2finished","p0p0on0gyr2finished","p0p0on0acc2finished","u0part2control0f1dno2cmd1b","u0part2control0f1dmag2on1b","u0part2control0f1dacc2on1b","u0part2control0f1dgyr2on1b"]},{"name":"u0part2control0f1dmag2on1b","duration":0,"is_dependent":false,"tested_dependency_set":["p0p0on0mag2finished","p0p0on0init2finished","p0p0on0gyr2finished","p0p0on0acc2finished","u0part2control0f1dno2cmd1b","u0part2control0f1dacc2on1b","u0part2control0f1dgyr2on1b","u0part2control0f1dinit2on1b"]},{"name":"u0part2control0f1dno2cmd1b","duration":0,"is_dependent":false,"tested_dependency_set":["p0p0on0mag2finished","p0p0on0init2finished","p0p0on0gyr2finished","p0p0on0acc2finished","u0part2control0f1dacc2on1b","u0part2control0f1dgyr2on1b","u0part2control0f1dinit2on1b","u0part2control0f1dmag2on1b"]}],"total_duration":0,"is_completed":true,"skipped_dependencies":false,"total_pair_state":40,"search_pair_state_duration":0},"unate":{"skipped_unate":true},"synthesis":{"remove_dependent_ap_duration":0,"clone_nba_with_dep":0,"synthesis_dependents_duration":0,"model_checking_status":"UNKNOWN","merge_strategies_duration":148,"final_strategy":{"duration":0,"total_inputs":9,"total_outputs":1,"total_latches":10,"total_gates":188},"independent_strategy":{"duration":9,"realizability":"REALIZABLE","total_inputs":4,"total_outputs":5,"total_latches":4,"total_gates":335},"dependent_strategy":{"duration":0,"total_inputs":9,"total_outputs":1,"total_latches":10,"total_gates":188}}}
