Hierarchy reader flattened 2 instances of logic boxes and left 0 black boxes.
aag 17 1 5 3 11
2
4 3
6 1
8 0
10 35
12 24
14
16
24
14 5 2
16 4 2
18 9 6
20 13 11
22 20 18
24 23 3
26 14 10
28 16 12
30 19 2
32 31 29
34 32 27
i0 p0p0acceling0accel0brakes
o0 u0gear0f1dshift2by2r2p2m0gear0rpm1b
o1 u0gear0f1dshift2by2speed0gear0speed1b
o2 u0gear0gear
{"is_completed":true,"output_vars":["u0gear0f1dshift2by2speed0gear0speed1b","u0gear0f1dshift2by2r2p2m0gear0rpm1b","u0gear0gear"],"input_vars":["p0p0acceling0accel0brakes"],"formula":"((((G (! (((u0gear0f1dshift2by2r2p2m0gear0rpm1b) && (! ((u0gear0f1dshift2by2speed0gear0speed1b) || (u0gear0gear)))) <-> ((! (((u0gear0f1dshift2by2speed0gear0speed1b) && (! (u0gear0gear))) <-> ((u0gear0gear) && (! (u0gear0f1dshift2by2speed0gear0speed1b))))) && (! (u0gear0f1dshift2by2r2p2m0gear0rpm1b)))))) && (G ((! (p0p0acceling0accel0brakes)) -> (u0gear0gear)))) && (G (((! (p0p0acceling0accel0brakes)) && (X (p0p0acceling0accel0brakes))) -> (X (u0gear0f1dshift2by2speed0gear0speed1b))))) && (G (((p0p0acceling0accel0brakes) && (X (p0p0acceling0accel0brakes))) -> (X (u0gear0f1dshift2by2r2p2m0gear0rpm1b)))))","total_time":121,"automaton":{"is_built":true,"build_duration":0,"total_states":3,"state_based_status":"true","prune_automaton_duration":0,"pruned_state_based_status":"true","prune_total_states":3,"total_edges":6},"dependency":{"dependency_approach":"automaton","tested_dependencies":[{"name":"u0gear0gear","duration":0,"is_dependent":true,"tested_dependency_set":["p0p0acceling0accel0brakes","u0gear0f1dshift2by2speed0gear0speed1b","u0gear0f1dshift2by2r2p2m0gear0rpm1b"]},{"name":"u0gear0f1dshift2by2r2p2m0gear0rpm1b","duration":0,"is_dependent":false,"tested_dependency_set":["p0p0acceling0accel0brakes","u0gear0f1dshift2by2speed0gear0speed1b"]},{"name":"u0gear0f1dshift2by2speed0gear0speed1b","duration":0,"is_dependent":false,"tested_dependency_set":["p0p0acceling0accel0brakes","u0gear0f1dshift2by2r2p2m0gear0rpm1b"]}],"total_duration":0,"is_completed":true,"skipped_dependencies":false,"total_pair_state":3,"search_pair_state_duration":0},"unate":{"skipped_unate":true},"synthesis":{"remove_dependent_ap_duration":0,"clone_nba_with_dep":0,"synthesis_dependents_duration":0,"model_checking_status":"UNKNOWN","merge_strategies_duration":119,"final_strategy":{"duration":0,"total_inputs":3,"total_outputs":1,"total_latches":3,"total_gates":23},"independent_strategy":{"duration":0,"realizability":"REALIZABLE","total_inputs":1,"total_outputs":2,"total_latches":1,"total_gates":2},"dependent_strategy":{"duration":0,"total_inputs":3,"total_outputs":1,"total_latches":3,"total_gates":23}}}
