aag 22 1 3 1 18
2
4 33
6 41
8 45
18
10 6 9
12 7 8
14 13 11
16 4 15
18 2 16
20 4 12
22 5 9
24 23 21
26 23 17
28 2 27
30 3 25
32 31 29
34 7 9
36 4 34
38 5 10
40 39 37
42 5 12
44 43 17
i0 r
o0 g
{"is_completed":true,"output_vars":["g"],"input_vars":["r"],"formula":"(((X (X (X (r)))) -> (X (X (X (G ((r) <-> (g))))))) && ((! (X (X (X (r))))) -> (G (! (g)))))","total_time":7,"automaton":{"is_built":true,"build_duration":4,"total_states":9,"state_based_status":"true","prune_automaton_duration":0,"pruned_state_based_status":"true","prune_total_states":9,"total_edges":10},"dependency":{"dependency_approach":"automaton","tested_dependencies":[{"name":"g","duration":0,"is_dependent":false,"tested_dependency_set":["r"]}],"total_duration":0,"is_completed":true,"skipped_dependencies":false,"total_pair_state":12,"search_pair_state_duration":0},"unate":{"skipped_unate":true},"synthesis":{"model_checking_status":"UNKNOWN","independent_strategy":{"duration":2,"realizability":"REALIZABLE","total_inputs":1,"total_outputs":1,"total_latches":3,"total_gates":18},"dependent_strategy":{"duration":-1,"total_inputs":-1,"total_outputs":-1,"total_latches":-1,"total_gates":-1}}}
