aag 28 2 2 2 24
2
4
6 49
8 57
27
41
10 6 9
12 7 8
14 13 11
16 4 15
18 5 10
20 19 17
22 2 21
24 3 10
26 25 23
28 6 8
30 4 14
32 5 28
34 33 31
36 2 35
38 3 28
40 39 37
42 4 29
44 2 19
46 3 42
48 47 45
50 33 43
52 2 16
54 3 51
56 55 53
i0 r_0
i1 r_1
o0 g_0
o1 g_1
{"is_completed":true,"output_vars":["g_0","g_1"],"input_vars":["r_0","r_1"],"formula":"(((((G (((! (g_0)) && (true)) || ((true) && (! (g_1))))) && (G ((r_0) -> ((g_0) || (X (g_0)))))) && (G ((r_1) -> ((g_1) || (X (g_1)))))) && (G (((g_0) && (! (r_0))) -> (X (! (g_0)))))) && (G (((g_1) && (! (r_1))) -> (X (! (g_1))))))","total_time":2,"automaton":{"is_built":true,"build_duration":1,"total_states":5,"state_based_status":"true","prune_automaton_duration":0,"pruned_state_based_status":"true","prune_total_states":5,"total_edges":19},"dependency":{"dependency_approach":"automaton","tested_dependencies":[{"name":"g_1","duration":0,"is_dependent":false,"tested_dependency_set":["r_0","r_1","g_0"]},{"name":"g_0","duration":0,"is_dependent":false,"tested_dependency_set":["r_0","r_1","g_1"]}],"total_duration":0,"is_completed":true,"skipped_dependencies":false,"total_pair_state":5,"search_pair_state_duration":0},"unate":{"skipped_unate":true},"synthesis":{"model_checking_status":"UNKNOWN","independent_strategy":{"duration":0,"realizability":"REALIZABLE","total_inputs":2,"total_outputs":2,"total_latches":2,"total_gates":24},"dependent_strategy":{"duration":-1,"total_inputs":-1,"total_outputs":-1,"total_latches":-1,"total_gates":-1}}}
