aag 77 1 4 1 72
2
4 75
6 109
8 135
10 155
41
12 9 10
14 8 11
16 13 15
18 6 17
20 7 12
22 21 19
24 4 23
26 8 10
28 7 26
30 4 17
32 5 28
34 33 31
36 2 35
38 3 24
40 39 37
42 9 11
44 6 42
46 7 17
48 47 45
50 4 49
52 5 42
54 53 51
56 6 27
58 47 57
60 7 9
62 61 45
64 4 63
66 5 59
68 67 65
70 2 69
72 3 55
74 73 71
76 7 14
78 77 57
80 6 14
82 47 81
84 4 83
86 5 79
88 87 85
90 6 9
92 7 42
94 93 91
96 61 81
98 4 97
100 5 95
102 101 99
104 2 103
106 3 89
108 107 105
110 7 11
112 111 91
114 4 113
116 5 76
118 117 115
120 6 12
122 77 121
124 4 44
126 5 123
128 127 125
130 2 129
132 3 119
134 133 131
136 7 10
138 137 19
140 5 139
142 141 25
144 137 81
146 5 145
148 147 31
150 2 149
152 3 143
154 153 151
i0 r
o0 g
{"is_completed":true,"output_vars":["g"],"input_vars":["r"],"formula":"(((((G ((((g) && (G (! (r)))) -> (F (! (g)))) && (((g) && (X ((! (r)) && (! (g))))) -> (X ((r) R (! (g))))))) && ((r) R (! (g)))) && (G ((r) -> (F (g))))) && ((X (X (X (r)))) -> (X (X (X (G (((! (g)) && (X (g))) -> (X (X (g)))))))))) && ((! (X (X (X (r))))) -> (X (X (X (G (((! (g)) && (X (g))) -> (X (X (! (g)))))))))))","total_time":4,"automaton":{"is_built":true,"build_duration":2,"total_states":18,"state_based_status":"true","prune_automaton_duration":0,"pruned_state_based_status":"true","prune_total_states":18,"total_edges":49},"dependency":{"dependency_approach":"automaton","tested_dependencies":[{"name":"g","duration":0,"is_dependent":false,"tested_dependency_set":["r"]}],"total_duration":0,"is_completed":true,"skipped_dependencies":false,"total_pair_state":18,"search_pair_state_duration":0},"unate":{"skipped_unate":true},"synthesis":{"model_checking_status":"UNKNOWN","independent_strategy":{"duration":1,"realizability":"REALIZABLE","total_inputs":1,"total_outputs":1,"total_latches":4,"total_gates":72},"dependent_strategy":{"duration":-1,"total_inputs":-1,"total_outputs":-1,"total_latches":-1,"total_gates":-1}}}
