aag 23 2 2 2 19
2
4
6 45
8 46
23
37
10 7 8
12 4 10
14 5 7
16 15 13
18 2 10
20 3 17
22 21 19
24 6 9
26 4 9
28 5 24
30 29 27
32 2 31
34 3 24
36 35 33
38 4 7
40 2 12
42 3 38
44 43 41
46 2 9
i0 r_0
i1 r_1
o0 g_0
o1 g_1
{"is_completed":true,"output_vars":["g_0","g_1"],"input_vars":["r_0","r_1"],"formula":"(((G (((! (g_0)) && (true)) || ((true) && (! (g_1))))) && (G ((r_0) -> ((g_0) || (X (g_0)))))) && (G ((r_1) -> ((g_1) || (X (g_1))))))","total_time":1,"automaton":{"is_built":true,"build_duration":0,"total_states":3,"state_based_status":"true","prune_automaton_duration":0,"pruned_state_based_status":"true","prune_total_states":3,"total_edges":7},"dependency":{"dependency_approach":"automaton","tested_dependencies":[{"name":"g_1","duration":0,"is_dependent":false,"tested_dependency_set":["r_0","r_1","g_0"]},{"name":"g_0","duration":0,"is_dependent":false,"tested_dependency_set":["r_0","r_1","g_1"]}],"total_duration":0,"is_completed":true,"skipped_dependencies":false,"total_pair_state":3,"search_pair_state_duration":0},"unate":{"skipped_unate":true},"synthesis":{"model_checking_status":"UNKNOWN","independent_strategy":{"duration":0,"realizability":"REALIZABLE","total_inputs":2,"total_outputs":2,"total_latches":2,"total_gates":19},"dependent_strategy":{"duration":-1,"total_inputs":-1,"total_outputs":-1,"total_latches":-1,"total_gates":-1}}}
