aag 2996 7 7 8 2982
2
4
6
8
10
12
14
16 2847
18 3725
20 4483
22 5141
24 5587
26 5885
28 5993
247
527
803
1009
1179
1335
1555
1743
30 26 28
32 24 29
34 25 31
36 35 33
38 22 29
40 23 37
42 41 39
44 20 29
46 21 43
48 47 45
50 18 29
52 19 49
54 53 51
56 26 29
58 27 28
60 59 57
62 25 61
64 63 33
66 23 65
68 67 39
70 21 69
72 71 45
74 19 73
76 75 51
78 16 77
80 17 55
82 81 79
84 9 83
86 7 84
88 9 77
90 7 88
92 10 90
94 11 86
96 95 93
98 25 56
100 99 33
102 22 101
104 23 56
106 105 103
108 27 29
110 24 56
112 25 108
114 113 111
116 22 115
118 23 101
120 119 117
122 20 121
124 21 107
126 125 123
128 22 98
130 119 129
132 20 131
134 125 133
136 18 135
138 19 127
140 139 137
142 25 29
144 22 142
146 119 145
148 20 147
150 21 101
152 151 149
154 18 153
156 19 135
158 157 155
160 16 159
162 17 141
164 163 161
166 9 165
168 7 166
170 14 168
172 15 97
174 173 171
176 15 168
178 12 176
180 13 175
182 181 179
184 7 77
186 7 165
188 14 186
190 15 184
192 191 189
194 15 186
196 12 194
198 13 193
200 199 197
202 4 201
204 5 183
206 205 203
208 14 166
210 15 88
212 211 209
214 15 166
216 12 214
218 13 213
220 219 217
222 14 165
224 15 77
226 225 223
228 15 165
230 12 228
232 13 227
234 233 231
236 4 235
238 5 221
240 239 237
242 2 241
244 3 207
246 245 243
248 23 112
250 21 248
252 19 250
254 17 252
256 9 254
258 7 256
260 11 258
262 14 260
264 15 260
266 12 264
268 13 262
270 269 267
272 22 110
274 20 272
276 22 112
278 20 276
280 18 278
282 19 274
284 283 281
286 249 273
288 20 287
290 22 32
292 24 108
294 23 292
296 20 294
298 21 290
300 299 297
302 18 301
304 19 288
306 305 303
308 16 307
310 17 285
312 311 309
314 7 313
316 21 128
318 18 316
320 283 319
322 249 291
324 21 323
326 325 297
328 18 327
330 305 329
332 16 331
334 17 321
336 335 333
338 7 337
340 10 338
342 11 314
344 343 341
346 14 345
348 18 298
350 305 349
352 16 351
354 311 353
356 7 355
358 18 324
360 305 359
362 16 361
364 335 363
366 7 365
368 10 366
370 11 356
372 371 369
374 15 373
376 12 374
378 13 346
380 379 377
382 4 381
384 5 271
386 385 383
388 23 32
390 21 388
392 391 297
394 18 393
396 21 294
398 19 396
400 16 398
402 17 394
404 403 401
406 9 405
408 23 98
410 21 408
412 19 410
414 413 395
416 17 415
418 417 401
420 9 419
422 10 420
424 11 406
426 425 423
428 14 427
430 15 427
432 12 430
434 13 428
436 435 433
438 295 277
440 20 439
442 391 441
444 18 443
446 283 445
448 397 289
450 19 449
452 451 303
454 16 453
456 17 447
458 457 455
460 411 275
462 389 129
464 21 463
466 465 297
468 18 467
470 19 461
472 471 469
474 451 329
476 16 475
478 17 473
480 479 477
482 10 481
484 11 459
486 485 483
488 14 487
490 451 349
492 16 491
494 457 493
496 451 359
498 16 497
500 479 499
502 10 501
504 11 495
506 505 503
508 15 507
510 12 508
512 13 488
514 513 511
516 4 515
518 5 437
520 519 517
522 2 521
524 3 387
526 525 523
528 99 293
530 22 529
532 20 110
534 21 530
536 535 533
538 409 103
540 105 129
542 20 541
544 21 539
546 545 543
548 18 547
550 19 537
552 551 549
554 23 110
556 555 103
558 20 408
560 21 557
562 561 559
564 389 145
566 20 565
568 545 567
570 18 569
572 19 563
574 573 571
576 16 575
578 17 553
580 579 577
582 9 581
584 7 582
586 25 27
588 587 111
590 23 589
592 591 39
594 143 111
596 23 595
598 597 103
600 20 599
602 21 593
604 603 601
606 23 142
608 607 103
610 597 39
612 20 611
614 21 609
616 615 613
618 18 617
620 19 605
622 621 619
624 25 58
626 625 111
628 23 627
630 629 39
632 607 291
634 20 633
636 21 631
638 637 635
640 615 45
642 18 641
644 19 639
646 645 643
648 16 647
650 17 623
652 651 649
654 9 653
656 7 654
658 637 601
660 19 659
662 661 619
664 17 663
666 665 649
668 9 667
670 7 668
672 10 670
674 11 656
676 675 673
678 14 677
680 15 584
682 681 679
684 15 677
686 12 684
688 13 683
690 689 687
692 7 581
694 22 292
696 555 695
698 21 697
700 699 601
702 607 531
704 143 293
706 22 705
708 555 707
710 20 709
712 21 703
714 713 711
716 18 715
718 19 701
720 719 717
722 699 635
724 295 707
726 20 725
728 615 727
730 18 729
732 19 723
734 733 731
736 16 735
738 17 721
740 739 737
742 7 741
744 14 742
746 15 692
748 747 745
750 15 742
752 12 750
754 13 749
756 755 753
758 4 757
760 5 691
762 761 759
764 14 668
766 15 582
768 767 765
770 15 668
772 12 770
774 13 769
776 775 773
778 14 741
780 15 581
782 781 779
784 15 741
786 12 784
788 13 783
790 789 787
792 4 791
794 5 777
796 795 793
798 2 797
800 3 763
802 801 799
804 105 273
806 23 529
808 807 277
810 20 809
812 21 805
814 813 811
816 21 554
818 817 297
820 18 819
822 19 815
824 823 821
826 20 463
828 411 827
830 391 559
832 18 831
834 19 829
836 835 833
838 16 837
840 17 825
842 841 839
844 9 843
846 7 844
848 21 806
850 849 441
852 389 277
854 21 853
856 855 297
858 18 857
860 19 851
862 861 859
864 849 567
866 18 854
868 19 865
870 869 867
872 16 871
874 17 863
876 875 873
878 9 877
880 7 878
882 14 880
884 15 846
886 885 883
888 15 880
890 12 888
892 13 887
894 893 891
896 7 843
898 63 293
900 22 595
902 23 899
904 903 901
906 21 905
908 907 441
910 389 117
912 23 705
914 913 273
916 20 915
918 21 911
920 919 917
922 18 921
924 19 909
926 925 923
928 907 567
930 597 273
932 20 931
934 855 933
936 18 935
938 19 929
940 939 937
942 16 941
944 17 927
946 945 943
948 7 947
950 14 948
952 15 896
954 953 951
956 15 948
958 12 956
960 13 955
962 961 959
964 4 963
966 5 895
968 967 965
970 14 878
972 15 844
974 973 971
976 15 878
978 12 976
980 13 975
982 981 979
984 14 947
986 15 843
988 987 985
990 15 947
992 12 990
994 13 989
996 995 993
998 4 997
1000 5 983
1002 1001 999
1004 2 1003
1006 3 969
1008 1007 1005
1010 21 104
1012 1011 811
1014 295 129
1016 20 1015
1018 1011 1017
1020 18 1019
1022 19 1013
1024 1023 1021
1026 807 129
1028 20 1027
1030 1011 1029
1032 20 128
1034 849 1033
1036 18 1035
1038 19 1031
1040 1039 1037
1042 16 1041
1044 17 1025
1046 1045 1043
1048 9 1047
1050 7 1048
1052 22 108
1054 807 1053
1056 20 1055
1058 21 118
1060 1059 1057
1062 119 277
1064 295 531
1066 20 1065
1068 21 1063
1070 1069 1067
1072 18 1071
1074 19 1061
1076 1075 1073
1078 20 529
1080 1059 1079
1082 20 530
1084 849 1083
1086 18 1085
1088 19 1081
1090 1089 1087
1092 16 1091
1094 17 1077
1096 1095 1093
1098 9 1097
1100 7 1098
1102 14 1100
1104 15 1050
1106 1105 1103
1108 15 1100
1110 12 1108
1112 13 1107
1114 1113 1111
1116 7 1047
1118 7 1097
1120 14 1118
1122 15 1116
1124 1123 1121
1126 15 1118
1128 12 1126
1130 13 1125
1132 1131 1129
1134 4 1133
1136 5 1115
1138 1137 1135
1140 14 1098
1142 15 1048
1144 1143 1141
1146 15 1098
1148 12 1146
1150 13 1145
1152 1151 1149
1154 14 1097
1156 15 1047
1158 1157 1155
1160 15 1097
1162 12 1160
1164 13 1159
1166 1165 1163
1168 4 1167
1170 5 1153
1172 1171 1169
1174 2 1173
1176 3 1139
1178 1177 1175
1180 19 278
1182 18 440
1184 16 1182
1186 17 1180
1188 1187 1185
1190 9 1189
1192 7 1190
1194 23 586
1196 20 144
1198 21 1194
1200 1199 1197
1202 21 276
1204 1203 275
1206 18 1205
1208 19 1201
1210 1209 1207
1212 23 624
1214 21 1212
1216 1215 275
1218 295 117
1220 20 1219
1222 18 1220
1224 19 1217
1226 1225 1223
1228 16 1227
1230 17 1211
1232 1231 1229
1234 9 1233
1236 7 1234
1238 1215 1197
1240 19 1239
1242 1241 1207
1244 17 1243
1246 1245 1229
1248 9 1247
1250 7 1248
1252 10 1250
1254 11 1236
1256 1255 1253
1258 14 1257
1260 15 1192
1262 1261 1259
1264 15 1257
1266 12 1264
1268 13 1263
1270 1269 1267
1272 7 1189
1274 7 1247
1276 14 1274
1278 15 1272
1280 1279 1277
1282 15 1274
1284 12 1282
1286 13 1281
1288 1287 1285
1290 4 1289
1292 5 1271
1294 1293 1291
1296 14 1248
1298 15 1190
1300 1299 1297
1302 15 1248
1304 12 1302
1306 13 1301
1308 1307 1305
1310 14 1247
1312 15 1189
1314 1313 1311
1316 15 1247
1318 12 1316
1320 13 1315
1322 1321 1319
1324 4 1323
1326 5 1309
1328 1327 1325
1330 2 1329
1332 3 1295
1334 1333 1331
1336 16 252
1338 9 1336
1340 7 1338
1342 15 1340
1344 12 1342
1346 13 1340
1348 1347 1345
1350 21 596
1352 1351 1029
1354 19 1353
1356 1355 1037
1358 16 1357
1360 1045 1359
1362 7 1361
1364 23 29
1366 21 1364
1368 1367 1079
1370 19 1369
1372 1371 1087
1374 16 1373
1376 1095 1375
1378 7 1377
1380 14 1378
1382 15 1362
1384 1383 1381
1386 15 1378
1388 12 1386
1390 13 1385
1392 1391 1389
1394 4 1393
1396 5 1349
1398 1397 1395
1400 21 102
1402 1401 533
1404 20 104
1406 1401 1405
1408 18 1407
1410 19 1403
1412 1411 1409
1414 249 103
1416 20 554
1418 21 1415
1420 1419 1417
1422 20 1063
1424 561 1423
1426 18 1425
1428 19 1421
1430 1429 1427
1432 16 1431
1434 17 1413
1436 1435 1433
1438 9 1437
1440 1213 39
1442 22 56
1444 23 115
1446 1445 1443
1448 20 1447
1450 21 1441
1452 1451 1449
1454 597 117
1456 20 1455
1458 1419 1457
1460 18 1459
1462 19 1453
1464 1463 1461
1466 1195 39
1468 20 115
1470 21 1467
1472 1471 1469
1474 1445 39
1476 1365 117
1478 20 1477
1480 21 1475
1482 1481 1479
1484 18 1483
1486 19 1473
1488 1487 1485
1490 16 1489
1492 17 1465
1494 1493 1491
1496 9 1495
1498 14 1496
1500 15 1438
1502 1501 1499
1504 15 1496
1506 12 1504
1508 13 1503
1510 1509 1507
1512 21 599
1514 1513 133
1516 19 1515
1518 1517 155
1520 16 1519
1522 163 1521
1524 16 55
1526 17 77
1528 1527 1525
1530 14 1529
1532 15 1523
1534 1533 1531
1536 15 1529
1538 12 1536
1540 13 1535
1542 1541 1539
1544 4 1543
1546 5 1511
1548 1547 1545
1550 2 1549
1552 3 1399
1554 1553 1551
1556 20 98
1558 411 1557
1560 18 1559
1562 19 532
1564 1563 1561
1566 18 554
1568 16 1566
1570 17 1565
1572 1571 1569
1574 9 1573
1576 7 1574
1578 23 62
1580 1579 707
1582 21 1581
1584 1583 441
1586 20 853
1588 561 1587
1590 18 1589
1592 19 1585
1594 1593 1591
1596 63 111
1598 23 1597
1600 1599 39
1602 119 707
1604 20 1603
1606 21 1601
1608 1607 1605
1610 807 103
1612 21 1611
1614 1613 727
1616 18 1615
1618 19 1609
1620 1619 1617
1622 16 1621
1624 17 1595
1626 1625 1623
1628 9 1627
1630 7 1628
1632 14 1630
1634 15 1576
1636 1635 1633
1638 15 1630
1640 12 1638
1642 13 1637
1644 1643 1641
1646 7 1573
1648 409 291
1650 21 1649
1652 1651 441
1654 19 1653
1656 1655 1591
1658 1599 707
1660 21 1659
1662 1661 1605
1664 913 39
1666 20 1665
1668 1613 1667
1670 18 1669
1672 19 1663
1674 1673 1671
1676 16 1675
1678 17 1657
1680 1679 1677
1682 7 1681
1684 14 1682
1686 15 1646
1688 1687 1685
1690 15 1682
1692 12 1690
1694 13 1689
1696 1695 1693
1698 4 1697
1700 5 1645
1702 1701 1699
1704 14 1628
1706 15 1574
1708 1707 1705
1710 15 1628
1712 12 1710
1714 13 1709
1716 1715 1713
1718 14 1681
1720 15 1573
1722 1721 1719
1724 15 1681
1726 12 1724
1728 13 1723
1730 1729 1727
1732 4 1731
1734 5 1717
1736 1735 1733
1738 2 1737
1740 3 1703
1742 1741 1739
1744 411 279
1746 555 129
1748 21 1747
1750 1749 297
1752 18 1751
1754 19 1745
1756 1755 1753
1758 597 695
1760 21 1759
1762 1761 1605
1764 21 147
1766 1765 1083
1768 18 1767
1770 19 1763
1772 1771 1769
1774 16 1773
1776 17 1757
1778 1777 1775
1780 8 55
1782 9 1779
1784 1783 1781
1786 6 55
1788 7 1785
1790 1789 1787
1792 23 34
1794 1793 277
1796 21 1795
1798 1797 441
1800 699 441
1802 18 1801
1804 19 1799
1806 1805 1803
1808 35 111
1810 23 1809
1812 1811 277
1814 21 1813
1816 1815 1079
1818 19 1817
1820 1819 1087
1822 16 1821
1824 17 1807
1826 1825 1823
1828 9 1827
1830 1829 1781
1832 7 1831
1834 1833 1787
1836 10 1835
1838 11 1791
1840 1839 1837
1842 14 1841
1844 15 55
1846 1845 1843
1848 413 1753
1850 1765 727
1852 18 1851
1854 1771 1853
1856 16 1855
1858 17 1849
1860 1859 1857
1862 9 1861
1864 1863 1781
1866 7 1865
1868 1867 1787
1870 11 1869
1872 1871 1837
1874 14 55
1876 15 1873
1878 1877 1875
1880 12 1879
1882 13 1847
1884 1883 1881
1886 1793 39
1888 249 901
1890 20 1889
1892 21 1887
1894 1893 1891
1896 1445 273
1898 1365 273
1900 20 1899
1902 21 1897
1904 1903 1901
1906 18 1905
1908 19 1895
1910 1909 1907
1912 1811 39
1914 21 1913
1916 1915 1605
1918 113 33
1920 22 1919
1922 1365 1921
1924 21 1923
1926 1925 45
1928 18 1927
1930 19 1917
1932 1931 1929
1934 16 1933
1936 17 1911
1938 1937 1935
1940 249 145
1942 20 1941
1944 1893 1943
1946 1903 1479
1948 18 1947
1950 19 1945
1952 1951 1949
1954 1915 45
1956 1365 277
1958 21 1957
1960 1959 613
1962 18 1961
1964 19 1955
1966 1965 1963
1968 16 1967
1970 17 1953
1972 1971 1969
1974 8 1973
1976 9 1939
1978 1977 1975
1980 7 1979
1982 1981 1787
1984 607 695
1986 23 1919
1988 1987 145
1990 20 1989
1992 21 1985
1994 1993 1991
1996 1445 129
1998 21 1997
2000 1999 1587
2002 18 2001
2004 19 1995
2006 2005 2003
2008 1351 1079
2010 20 706
2012 21 1027
2014 2013 2011
2016 18 2015
2018 19 2009
2020 2019 2017
2022 16 2021
2024 17 2007
2026 2025 2023
2028 1987 901
2030 20 2029
2032 1993 2031
2034 21 1444
2036 2035 1587
2038 18 2037
2040 19 2033
2042 2041 2039
2044 913 103
2046 20 2045
2048 1351 2047
2050 21 2045
2052 2051 727
2054 18 2053
2056 19 2049
2058 2057 2055
2060 16 2059
2062 17 2043
2064 2063 2061
2066 8 2065
2068 9 2027
2070 2069 2067
2072 7 2071
2074 2073 1787
2076 10 2075
2078 11 1983
2080 2079 2077
2082 14 2081
2084 1845 2083
2086 249 1443
2088 20 2087
2090 1893 2089
2092 19 2091
2094 2093 1907
2096 17 2095
2098 2097 1935
2100 249 129
2102 20 2101
2104 1893 2103
2106 19 2105
2108 2107 1949
2110 1959 45
2112 18 2111
2114 1965 2113
2116 16 2115
2118 17 2109
2120 2119 2117
2122 8 2121
2124 9 2099
2126 2125 2123
2128 7 2127
2130 2129 1787
2132 2013 1083
2134 18 2133
2136 2019 2135
2138 16 2137
2140 2025 2139
2142 2051 1083
2144 18 2143
2146 2057 2145
2148 16 2147
2150 2063 2149
2152 8 2151
2154 9 2141
2156 2155 2153
2158 7 2157
2160 2159 1787
2162 10 2161
2164 11 2131
2166 2165 2163
2168 15 2167
2170 2169 1875
2172 12 2171
2174 13 2085
2176 2175 2173
2178 4 2177
2180 5 1885
2182 2181 2179
2184 23 108
2186 21 2184
2188 21 144
2190 18 2188
2192 19 2186
2194 2193 2191
2196 1445 695
2198 119 1053
2200 20 2199
2202 21 2197
2204 2203 2201
2206 105 145
2208 21 2207
2210 2209 1083
2212 18 2211
2214 19 2205
2216 2215 2213
2218 16 2217
2220 17 2195
2222 2221 2219
2224 9 2223
2226 2225 1781
2228 21 565
2230 2229 297
2232 18 2231
2234 2193 2233
2236 1987 695
2238 21 2237
2240 2239 2201
2242 19 2241
2244 2243 2213
2246 16 2245
2248 17 2235
2250 2249 2247
2252 9 2251
2254 2253 1781
2256 6 2255
2258 7 2227
2260 2259 2257
2262 1195 277
2264 21 2263
2266 2265 297
2268 21 694
2270 2269 279
2272 18 2271
2274 19 2267
2276 2275 2273
2278 591 277
2280 409 695
2282 20 2281
2284 21 2279
2286 2285 2283
2288 411 1083
2290 18 2289
2292 19 2287
2294 2293 2291
2296 16 2295
2298 17 2277
2300 2299 2297
2302 9 2301
2304 2303 1781
2306 1797 297
2308 389 695
2310 21 2309
2312 2311 441
2314 18 2313
2316 19 2307
2318 2317 2315
2320 587 33
2322 23 2321
2324 2323 277
2326 21 2325
2328 2327 2283
2330 19 2329
2332 2331 2291
2334 16 2333
2336 17 2319
2338 2337 2335
2340 9 2339
2342 2341 1781
2344 6 2343
2346 7 2305
2348 2347 2345
2350 10 2349
2352 11 2261
2354 2353 2351
2356 14 2355
2358 1845 2357
2360 2209 727
2362 18 2361
2364 2215 2363
2366 16 2365
2368 2221 2367
2370 9 2369
2372 2371 1781
2374 2243 2363
2376 16 2375
2378 2249 2377
2380 9 2379
2382 2381 1781
2384 6 2383
2386 7 2373
2388 2387 2385
2390 2265 441
2392 19 2391
2394 2393 2273
2396 17 2395
2398 2397 2297
2400 9 2399
2402 2401 1781
2404 1805 2315
2406 17 2405
2408 2407 2335
2410 9 2409
2412 2411 1781
2414 6 2413
2416 7 2403
2418 2417 2415
2420 10 2419
2422 11 2389
2424 2423 2421
2426 15 2425
2428 2427 1875
2430 12 2429
2432 13 2359
2434 2433 2431
2436 587 293
2438 23 2437
2440 2439 39
2442 21 2441
2444 2443 2089
2446 249 117
2448 21 2447
2450 2449 933
2452 18 2451
2454 19 2445
2456 2455 2453
2458 603 2201
2460 597 1921
2462 21 2461
2464 2463 45
2466 18 2465
2468 19 2459
2470 2469 2467
2472 16 2471
2474 17 2457
2476 2475 2473
2478 2443 2103
2480 2449 1457
2482 18 2481
2484 19 2479
2486 2485 2483
2488 20 1923
2490 603 2489
2492 597 277
2494 21 2493
2496 2495 613
2498 18 2497
2500 19 2491
2502 2501 2499
2504 16 2503
2506 17 2487
2508 2507 2505
2510 8 2509
2512 9 2477
2514 2513 2511
2516 1987 117
2518 21 2517
2520 2519 1901
2522 18 2521
2524 2455 2523
2526 2323 39
2528 21 2527
2530 2529 2201
2532 19 2531
2534 2533 2467
2536 16 2535
2538 17 2525
2540 2539 2537
2542 2519 1479
2544 18 2543
2546 2485 2545
2548 2529 2489
2550 19 2549
2552 2551 2499
2554 16 2553
2556 17 2547
2558 2557 2555
2560 8 2559
2562 9 2541
2564 2563 2561
2566 6 2565
2568 7 2515
2570 2569 2567
2572 249 695
2574 1987 129
2576 20 2575
2578 21 2573
2580 2579 2577
2582 555 277
2584 20 2583
2586 21 2101
2588 2587 2585
2590 18 2589
2592 19 2581
2594 2593 2591
2596 2035 2283
2598 21 98
2600 2599 2011
2602 18 2601
2604 19 2597
2606 2605 2603
2608 16 2607
2610 17 2595
2612 2611 2609
2614 1987 1443
2616 20 2615
2618 2579 2617
2620 251 2585
2622 18 2621
2624 19 2619
2626 2625 2623
2628 2035 635
2630 19 2629
2632 2631 731
2634 16 2633
2636 17 2627
2638 2637 2635
2640 8 2639
2642 9 2613
2644 2643 2641
2646 1993 2577
2648 21 2575
2650 2649 1587
2652 18 2651
2654 19 2647
2656 2655 2653
2658 21 1986
2660 2659 2283
2662 19 2661
2664 2663 2603
2666 16 2665
2668 17 2657
2670 2669 2667
2672 1993 2617
2674 2659 1587
2676 18 2675
2678 19 2673
2680 2679 2677
2682 2659 635
2684 19 2683
2686 2685 731
2688 16 2687
2690 17 2681
2692 2691 2689
2694 8 2693
2696 9 2671
2698 2697 2695
2700 6 2699
2702 7 2645
2704 2703 2701
2706 10 2705
2708 11 2571
2710 2709 2707
2712 14 2711
2714 1845 2713
2716 2495 45
2718 18 2717
2720 2501 2719
2722 16 2721
2724 2507 2723
2726 8 2725
2728 2513 2727
2730 2551 2719
2732 16 2731
2734 2557 2733
2736 8 2735
2738 2563 2737
2740 6 2739
2742 7 2729
2744 2743 2741
2746 2579 1991
2748 19 2747
2750 2749 2591
2752 2599 1083
2754 18 2753
2756 2605 2755
2758 16 2757
2760 17 2751
2762 2761 2759
2764 2579 2031
2766 19 2765
2768 2767 2623
2770 615 1083
2772 18 2771
2774 2631 2773
2776 16 2775
2778 17 2769
2780 2779 2777
2782 8 2781
2784 9 2763
2786 2785 2783
2788 2005 2653
2790 2663 2755
2792 16 2791
2794 17 2789
2796 2795 2793
2798 2041 2677
2800 2685 2773
2802 16 2801
2804 17 2799
2806 2805 2803
2808 8 2807
2810 9 2797
2812 2811 2809
2814 6 2813
2816 7 2787
2818 2817 2815
2820 10 2819
2822 11 2745
2824 2823 2821
2826 15 2825
2828 2827 1875
2830 12 2829
2832 13 2715
2834 2833 2831
2836 4 2835
2838 5 2435
2840 2839 2837
2842 2 2841
2844 3 2183
2846 2845 2843
2848 1195 707
2850 20 694
2852 21 2849
2854 2853 2851
2856 555 1053
2858 20 2857
2860 1419 2859
2862 18 2861
2864 19 2855
2866 2865 2863
2868 1213 901
2870 21 2869
2872 2871 2851
2874 295 1053
2876 20 2875
2878 1481 2877
2880 18 2879
2882 19 2873
2884 2883 2881
2886 16 2885
2888 17 2867
2890 2889 2887
2892 9 2891
2894 7 2892
2896 625 293
2898 23 2897
2900 2899 277
2902 21 2901
2904 2903 279
2906 389 707
2908 21 2907
2910 2909 441
2912 18 2911
2914 19 2905
2916 2915 2913
2918 625 33
2920 23 2919
2922 2921 1053
2924 409 531
2926 20 2925
2928 21 2923
2930 2929 2927
2932 19 2931
2934 2933 1769
2936 16 2935
2938 17 2917
2940 2939 2937
2942 9 2941
2944 7 2942
2946 10 2944
2948 11 2894
2950 2949 2947
2952 14 2951
2954 1481 2851
2956 18 2955
2958 2883 2957
2960 16 2959
2962 2889 2961
2964 9 2963
2966 7 2964
2968 19 2902
2970 2969 2913
2972 2933 1853
2974 16 2973
2976 17 2971
2978 2977 2975
2980 9 2979
2982 7 2980
2984 10 2982
2986 11 2966
2988 2987 2985
2990 15 2989
2992 12 2990
2994 13 2952
2996 2995 2993
2998 1213 707
3000 20 290
3002 21 2999
3004 3003 3001
3006 249 531
3008 20 2461
3010 21 3007
3012 3011 3009
3014 18 3013
3016 19 3005
3018 3017 3015
3020 20 323
3022 21 272
3024 3023 3021
3026 389 1053
3028 20 3027
3030 1481 3029
3032 18 3031
3034 19 3025
3036 3035 3033
3038 16 3037
3040 17 3019
3042 3041 3039
3044 3003 2851
3046 19 3045
3048 3047 3015
3050 1445 145
3052 21 3051
3054 3053 2859
3056 18 3055
3058 3035 3057
3060 16 3059
3062 17 3049
3064 3063 3061
3066 8 3065
3068 9 3043
3070 3069 3067
3072 7 3071
3074 2899 707
3076 20 116
3078 21 3075
3080 3079 3077
3082 2909 1479
3084 18 3083
3086 19 3081
3088 3087 3085
3090 20 609
3092 21 32
3094 3093 3091
3096 20 2907
3098 21 29
3100 3099 3097
3102 18 3101
3104 19 3095
3106 3105 3103
3108 16 3107
3110 17 3089
3112 3111 3109
3114 21 3027
3116 3115 1479
3118 18 3117
3120 3087 3119
3122 17 3121
3124 3123 3109
3126 8 3125
3128 9 3113
3130 3129 3127
3132 7 3131
3134 10 3132
3136 11 3072
3138 3137 3135
3140 14 3139
3142 20 697
3144 1481 3143
3146 18 3145
3148 3035 3147
3150 16 3149
3152 3041 3151
3154 3053 3143
3156 18 3155
3158 3035 3157
3160 16 3159
3162 3063 3161
3164 8 3163
3166 9 3153
3168 3167 3165
3170 7 3169
3172 3079 275
3174 19 3173
3176 3175 3085
3178 17 3177
3180 3179 3109
3182 3175 3119
3184 17 3183
3186 3185 3109
3188 8 3187
3190 9 3181
3192 3191 3189
3194 7 3193
3196 10 3194
3198 11 3170
3200 3199 3197
3202 15 3201
3204 12 3202
3206 13 3140
3208 3207 3205
3210 4 3209
3212 5 2997
3214 3213 3211
3216 20 1052
3218 3003 3217
3220 1987 103
3222 21 3221
3224 3223 3029
3226 18 3225
3228 19 3219
3230 3229 3227
3232 2899 901
3234 21 3233
3236 3235 1083
3238 1987 39
3240 21 3239
3242 3241 2877
3244 18 3243
3246 19 3237
3248 3247 3245
3250 16 3249
3252 17 3231
3254 3253 3251
3256 9 3255
3258 903 277
3260 21 3259
3262 3261 279
3264 21 709
3266 3265 441
3268 18 3267
3270 19 3263
3272 3271 3269
3274 1599 1053
3276 21 3275
3278 3277 2927
3280 19 3279
3282 3281 1769
3284 16 3283
3286 17 3273
3288 3287 3285
3290 9 3289
3292 10 3290
3294 11 3256
3296 3295 3293
3298 14 3297
3300 3047 3227
3302 3241 2851
3304 18 3303
3306 3247 3305
3308 16 3307
3310 17 3301
3312 3311 3309
3314 9 3313
3316 19 3260
3318 3317 3269
3320 3281 1853
3322 16 3321
3324 17 3319
3326 3325 3323
3328 9 3327
3330 10 3328
3332 11 3314
3334 3333 3331
3336 15 3335
3338 12 3336
3340 13 3298
3342 3341 3339
3344 20 1920
3346 3003 3345
3348 1987 531
3350 21 3349
3352 3351 2489
3354 18 3353
3356 19 3347
3358 3357 3355
3360 295 273
3362 20 1415
3364 21 3361
3366 3365 3363
3368 3241 3029
3370 18 3369
3372 19 3367
3374 3373 3371
3376 16 3375
3378 17 3359
3380 3379 3377
3382 2185 531
3384 21 3383
3386 3385 3009
3388 18 3387
3390 3229 3389
3392 21 1989
3394 3393 2859
3396 18 3395
3398 3373 3397
3400 16 3399
3402 17 3391
3404 3403 3401
3406 8 3405
3408 9 3381
3410 3409 3407
3412 1365 291
3414 20 3413
3416 3351 3415
3418 18 3417
3420 3229 3419
3422 3365 1083
3424 19 3423
3426 3425 3397
3428 16 3427
3430 17 3421
3432 3431 3429
3434 597 291
3436 20 3435
3438 3385 3437
3440 18 3439
3442 3357 3441
3444 3425 3371
3446 16 3445
3448 17 3443
3450 3449 3447
3452 8 3451
3454 9 3433
3456 3455 3453
3458 6 3457
3460 7 3411
3462 3461 3459
3464 903 707
3466 21 3465
3468 3467 3077
3470 3265 1479
3472 18 3471
3474 19 3469
3476 3475 3473
3478 105 291
3480 21 3479
3482 3481 3091
3484 19 3483
3486 3485 3103
3488 16 3487
3490 17 3477
3492 3491 3489
3494 21 1052
3496 3495 1457
3498 18 3497
3500 3087 3499
3502 17 3501
3504 3503 3489
3506 8 3505
3508 9 3493
3510 3509 3507
3512 3467 279
3514 21 2857
3516 3515 1479
3518 18 3517
3520 19 3513
3522 3521 3519
3524 3481 2927
3526 1765 711
3528 18 3527
3530 19 3525
3532 3531 3529
3534 16 3533
3536 17 3523
3538 3537 3535
3540 3079 279
3542 21 706
3544 3543 1457
3546 18 3545
3548 19 3541
3550 3549 3547
3552 17 3551
3554 3553 3535
3556 8 3555
3558 9 3539
3560 3559 3557
3562 6 3561
3564 7 3511
3566 3565 3563
3568 10 3567
3570 11 3463
3572 3571 3569
3574 14 3573
3576 3017 3355
3578 3241 3143
3580 18 3579
3582 3373 3581
3584 16 3583
3586 17 3577
3588 3587 3585
3590 3047 3389
3592 3393 3143
3594 18 3593
3596 3373 3595
3598 16 3597
3600 17 3591
3602 3601 3599
3604 8 3603
3606 9 3589
3608 3607 3605
3610 3047 3419
3612 3425 3595
3614 16 3613
3616 17 3611
3618 3617 3615
3620 3017 3441
3622 3425 3581
3624 16 3623
3626 17 3621
3628 3627 3625
3630 8 3629
3632 9 3619
3634 3633 3631
3636 6 3635
3638 7 3609
3640 3639 3637
3642 3467 275
3644 19 3643
3646 3645 3473
3648 17 3647
3650 3649 3489
3652 3175 3499
3654 17 3653
3656 3655 3489
3658 8 3657
3660 9 3651
3662 3661 3659
3664 19 3466
3666 3665 3519
3668 1765 3097
3670 18 3669
3672 3531 3671
3674 16 3673
3676 17 3667
3678 3677 3675
3680 19 3078
3682 3681 3547
3684 17 3683
3686 3685 3675
3688 8 3687
3690 9 3679
3692 3691 3689
3694 6 3693
3696 7 3663
3698 3697 3695
3700 10 3699
3702 11 3641
3704 3703 3701
3706 15 3705
3708 12 3706
3710 13 3574
3712 3711 3709
3714 4 3713
3716 5 3343
3718 3717 3715
3720 2 3719
3722 3 3215
3724 3723 3721
3726 20 3239
3728 1451 3727
3730 21 110
3732 3731 2489
3734 18 3733
3736 19 3729
3738 3737 3735
3740 2871 3727
3742 295 291
3744 21 3743
3746 3745 2489
3748 18 3747
3750 19 3741
3752 3751 3749
3754 16 3753
3756 17 3739
3758 3757 3755
3760 9 3759
3762 7 3760
3764 1599 117
3766 1365 103
3768 20 3767
3770 21 3765
3772 3771 3769
3774 607 129
3776 607 39
3778 20 3777
3780 21 3775
3782 3781 3779
3784 18 3783
3786 19 3773
3788 3787 3785
3790 1599 277
3792 21 3791
3794 3793 3009
3796 3781 601
3798 18 3797
3800 19 3795
3802 3801 3799
3804 16 3803
3806 17 3789
3808 3807 3805
3810 9 3809
3812 7 3810
3814 10 3812
3816 11 3762
3818 3817 3815
3820 14 3819
3822 3745 3437
3824 18 3823
3826 3751 3825
3828 16 3827
3830 3757 3829
3832 9 3831
3834 7 3832
3836 3771 45
3838 19 3837
3840 3839 3785
3842 17 3841
3844 3843 3805
3846 9 3845
3848 7 3846
3850 10 3848
3852 11 3834
3854 3853 3851
3856 15 3855
3858 12 3856
3860 13 3820
3862 3861 3859
3864 3023 3727
3866 3731 2877
3868 18 3867
3870 19 3865
3872 3871 3869
3874 1213 145
3876 21 3875
3878 3877 3727
3880 913 291
3882 20 3881
3884 3745 3883
3886 18 3885
3888 19 3879
3890 3889 3887
3892 16 3891
3894 17 3873
3896 3895 3893
3898 1987 707
3900 20 3899
3902 3023 3901
3904 19 3903
3906 3905 3869
3908 397 635
3910 18 3909
3912 3889 3911
3914 16 3913
3916 17 3907
3918 3917 3915
3920 8 3919
3922 9 3897
3924 3923 3921
3926 7 3925
3928 813 3769
3930 607 1443
3932 21 3931
3934 3933 2011
3936 18 3935
3938 19 3929
3940 3939 3937
3942 1599 145
3944 21 3943
3946 3945 3009
3948 21 633
3950 3949 2047
3952 18 3951
3954 19 3947
3956 3955 3953
3958 16 3957
3960 17 3941
3962 3961 3959
3964 607 273
3966 21 3965
3968 3967 2011
3970 18 3969
3972 3939 3971
3974 17 3973
3976 3975 3959
3978 8 3977
3980 9 3963
3982 3981 3979
3984 7 3983
3986 10 3984
3988 11 3926
3990 3989 3987
3992 14 3991
3994 3745 635
3996 18 3995
3998 3889 3997
4000 16 3999
4002 3895 4001
4004 9 4003
4006 4005 3921
4008 7 4007
4010 813 45
4012 19 4011
4014 4013 3937
4016 3949 3091
4018 18 4017
4020 3955 4019
4022 16 4021
4024 17 4015
4026 4025 4023
4028 4013 3971
4030 17 4029
4032 4031 4023
4034 8 4033
4036 9 4027
4038 4037 4035
4040 7 4039
4042 10 4040
4044 11 4008
4046 4045 4043
4048 15 4047
4050 12 4048
4052 13 3992
4054 4053 4051
4056 4 4055
4058 5 3863
4060 4059 4057
4062 20 3221
4064 1451 4063
4066 389 273
4068 21 4067
4070 4069 2489
4072 18 4071
4074 19 4065
4076 4075 4073
4078 20 1919
4080 3235 4079
4082 299 2489
4084 18 4083
4086 19 4081
4088 4087 4085
4090 16 4089
4092 17 4077
4094 4093 4091
4096 9 4095
4098 913 129
4100 21 4099
4102 4101 3779
4104 18 4103
4106 3839 4105
4108 2921 277
4110 21 4109
4112 4111 613
4114 4101 601
4116 18 4115
4118 19 4113
4120 4119 4117
4122 16 4121
4124 17 4107
4126 4125 4123
4128 9 4127
4130 10 4128
4132 11 4096
4134 4133 4131
4136 14 4135
4138 3737 4073
4140 299 3437
4142 18 4141
4144 4087 4143
4146 16 4145
4148 17 4139
4150 4149 4147
4152 9 4151
4154 11 4152
4156 4155 4131
4158 15 4157
4160 12 4158
4162 13 4136
4164 4163 4161
4166 3023 4063
4168 4069 2877
4170 18 4169
4172 19 4167
4174 4173 4171
4176 2899 145
4178 21 4177
4180 4179 4079
4182 299 3883
4184 18 4183
4186 19 4181
4188 4187 4185
4190 16 4189
4192 17 4175
4194 4193 4191
4196 20 3349
4198 3023 4197
4200 3365 3217
4202 18 4201
4204 19 4199
4206 4205 4203
4208 18 634
4210 4187 4209
4212 16 4211
4214 17 4207
4216 4215 4213
4218 8 4217
4220 9 4195
4222 4221 4219
4224 20 292
4226 4069 4225
4228 18 4227
4230 4205 4229
4232 4179 3029
4234 19 4233
4236 4235 4209
4238 16 4237
4240 17 4231
4242 4241 4239
4244 3365 2851
4246 18 4245
4248 4205 4247
4250 17 4249
4252 4251 4239
4254 8 4253
4256 9 4243
4258 4257 4255
4260 6 4259
4262 7 4223
4264 4263 4261
4266 913 1443
4268 21 4267
4270 4269 2011
4272 18 4271
4274 4013 4273
4276 2921 145
4278 21 4277
4280 4279 613
4282 21 3881
4284 4283 2047
4286 18 4285
4288 19 4281
4290 4289 4287
4292 16 4291
4294 17 4275
4296 4295 4293
4298 3731 45
4300 21 1899
4302 4301 727
4304 18 4303
4306 19 4299
4308 4307 4305
4310 17 4309
4312 4311 4293
4314 8 4313
4316 9 4297
4318 4317 4315
4320 1365 707
4322 20 4321
4324 813 4323
4326 21 915
4328 4327 2011
4330 18 4329
4332 19 4325
4334 4333 4331
4336 105 707
4338 20 4337
4340 4279 4339
4342 849 3091
4344 18 4343
4346 19 4341
4348 4347 4345
4350 16 4349
4352 17 4335
4354 4353 4351
4356 3731 4323
4358 19 4357
4360 4359 4305
4362 17 4361
4364 4363 4351
4366 8 4365
4368 9 4355
4370 4369 4367
4372 6 4371
4374 7 4319
4376 4375 4373
4378 10 4377
4380 11 4265
4382 4381 4379
4384 14 4383
4386 3871 4171
4388 299 635
4390 18 4389
4392 4187 4391
4394 16 4393
4396 17 4387
4398 4397 4395
4400 3905 4203
4402 17 4401
4404 4403 4213
4406 8 4405
4408 9 4399
4410 4409 4407
4412 3905 4229
4414 17 4413
4416 4415 4239
4418 3905 4247
4420 17 4419
4422 4421 4239
4424 8 4423
4426 9 4417
4428 4427 4425
4430 6 4429
4432 7 4411
4434 4433 4431
4436 4283 3091
4438 18 4437
4440 4289 4439
4442 16 4441
4444 4295 4443
4446 4311 4443
4448 8 4447
4450 9 4445
4452 4451 4449
4454 7 4453
4456 4455 4373
4458 10 4457
4460 11 4435
4462 4461 4459
4464 15 4463
4466 12 4464
4468 13 4384
4470 4469 4467
4472 4 4471
4474 5 4165
4476 4475 4473
4478 2 4477
4480 3 4061
4482 4481 4479
4484 1213 277
4486 21 4485
4488 4487 3217
4490 555 531
4492 21 4491
4494 4493 2877
4496 18 4495
4498 19 4489
4500 4499 4497
4502 1213 1053
4504 21 4503
4506 4505 2011
4508 295 145
4510 21 4509
4512 4511 2851
4514 18 4513
4516 19 4507
4518 4517 4515
4520 16 4519
4522 17 4501
4524 4523 4521
4526 9 4525
4528 7 4526
4530 71 601
4532 913 1921
4534 21 4533
4536 4535 613
4538 18 4537
4540 19 4531
4542 4541 4539
4544 71 3009
4546 19 4545
4548 4547 2467
4550 16 4549
4552 17 4543
4554 4553 4551
4556 9 4555
4558 7 4556
4560 10 4558
4562 11 4528
4564 4563 4561
4566 14 4565
4568 4487 2851
4570 19 4569
4572 4571 4497
4574 4511 2877
4576 18 4575
4578 4517 4577
4580 16 4579
4582 17 4573
4584 4583 4581
4586 9 4585
4588 7 4586
4590 11 4588
4592 4591 4561
4594 15 4593
4596 12 4594
4598 13 4566
4600 4599 4597
4602 4505 2859
4604 1987 291
4606 20 4605
4608 4493 4607
4610 18 4609
4612 19 4603
4614 4613 4611
4616 249 1921
4618 20 4617
4620 4511 4619
4622 18 4621
4624 4517 4623
4626 16 4625
4628 17 4615
4630 4629 4627
4632 555 1921
4634 20 4633
4636 4505 4635
4638 19 4637
4640 4639 4611
4642 295 39
4644 2185 1921
4646 20 4645
4648 21 4643
4650 4649 4647
4652 18 4651
4654 4517 4653
4656 16 4655
4658 17 4641
4660 4659 4657
4662 8 4661
4664 9 4631
4666 4665 4663
4668 7 4667
4670 4535 601
4672 18 4671
4674 4541 4673
4676 597 145
4678 21 4677
4680 4679 613
4682 18 4681
4684 4547 4683
4686 16 4685
4688 17 4675
4690 4689 4687
4692 21 1665
4694 4693 601
4696 18 4695
4698 4541 4697
4700 17 4699
4702 4701 4687
4704 8 4703
4706 9 4691
4708 4707 4705
4710 7 4709
4712 10 4710
4714 11 4668
4716 4715 4713
4718 14 4717
4720 4505 3143
4722 19 4721
4724 4723 4611
4726 4511 4647
4728 18 4727
4730 4517 4729
4732 16 4731
4734 17 4725
4736 4735 4733
4738 555 291
4740 20 4739
4742 4505 4741
4744 19 4743
4746 4745 4611
4748 17 4747
4750 4749 4657
4752 8 4751
4754 9 4737
4756 4755 4753
4758 7 4757
4760 4679 45
4762 18 4761
4764 4547 4763
4766 16 4765
4768 4689 4767
4770 4701 4767
4772 8 4771
4774 9 4769
4776 4775 4773
4778 7 4777
4780 10 4778
4782 11 4758
4784 4783 4781
4786 15 4785
4788 12 4786
4790 13 4718
4792 4791 4789
4794 4 4793
4796 5 4601
4798 4797 4795
4800 389 531
4802 21 4801
4804 4803 2877
4806 18 4805
4808 4571 4807
4810 2899 1053
4812 21 4811
4814 4813 3217
4816 2189 2851
4818 18 4817
4820 19 4815
4822 4821 4819
4824 16 4823
4826 17 4809
4828 4827 4825
4830 9 4829
4832 1607 601
4834 4283 613
4836 18 4835
4838 19 4833
4840 4839 4837
4842 2921 39
4844 21 4843
4846 4845 3009
4848 19 4847
4850 4849 2467
4852 16 4851
4854 17 4841
4856 4855 4853
4858 9 4857
4860 10 4858
4862 11 4830
4864 4863 4861
4866 14 4865
4868 2189 2877
4870 18 4869
4872 4821 4871
4874 16 4873
4876 4827 4875
4878 9 4877
4880 11 4878
4882 4881 4861
4884 15 4883
4886 12 4884
4888 13 4866
4890 4889 4887
4892 4803 4607
4894 18 4893
4896 4723 4895
4898 2189 4619
4900 18 4899
4902 4821 4901
4904 16 4903
4906 17 4897
4908 4907 4905
4910 1445 291
4912 20 4911
4914 21 1065
4916 4915 4913
4918 18 4917
4920 4745 4919
4922 21 38
4924 4923 4647
4926 18 4925
4928 4821 4927
4930 16 4929
4932 17 4921
4934 4933 4931
4936 8 4935
4938 9 4909
4940 4939 4937
4942 4803 4079
4944 18 4943
4946 4745 4945
4948 4813 4619
4950 19 4949
4952 4951 4927
4954 16 4953
4956 17 4947
4958 4957 4955
4960 1445 1921
4962 20 4961
4964 4915 4963
4966 18 4965
4968 4745 4967
4970 17 4969
4972 4971 4955
4974 8 4973
4976 9 4959
4978 4977 4975
4980 6 4979
4982 7 4941
4984 4983 4981
4986 4283 601
4988 18 4987
4990 4839 4989
4992 4849 4683
4994 16 4993
4996 17 4991
4998 4997 4995
5000 2051 601
5002 18 5001
5004 661 5003
5006 17 5005
5008 5007 4995
5010 8 5009
5012 9 4999
5014 5013 5011
5016 597 531
5018 20 5017
5020 1607 5019
5022 19 5021
5024 5023 5003
5026 105 1053
5028 20 5027
5030 4845 5029
5032 105 39
5034 21 5033
5036 5035 45
5038 18 5037
5040 19 5031
5042 5041 5039
5044 16 5043
5046 17 5025
5048 5047 5045
5050 637 5019
5052 19 5051
5054 5053 5003
5056 17 5055
5058 5057 5045
5060 8 5059
5062 9 5049
5064 5063 5061
5066 6 5065
5068 7 5015
5070 5069 5067
5072 10 5071
5074 11 4985
5076 5075 5073
5078 14 5077
5080 2189 4647
5082 18 5081
5084 4821 5083
5086 16 5085
5088 4907 5087
5090 9 5089
5092 5091 4937
5094 7 5093
5096 5095 4981
5098 4849 4763
5100 16 5099
5102 4997 5101
5104 5007 5101
5106 8 5105
5108 9 5103
5110 5109 5107
5112 7 5111
5114 5113 5067
5116 10 5115
5118 11 5097
5120 5119 5117
5122 15 5121
5124 12 5122
5126 13 5078
5128 5127 5125
5130 4 5129
5132 5 4891
5134 5133 5131
5136 2 5135
5138 3 4799
5140 5139 5137
5142 389 103
5144 119 291
5146 20 5145
5148 21 5143
5150 5149 5147
5152 807 1921
5154 105 531
5156 20 5155
5158 21 5153
5160 5159 5157
5162 18 5161
5164 19 5151
5166 5165 5163
5168 119 695
5170 20 5169
5172 5149 5171
5174 3481 1605
5176 18 5175
5178 19 5173
5180 5179 5177
5182 16 5181
5184 17 5167
5186 5185 5183
5188 9 5187
5190 7 5188
5192 535 441
5194 555 1443
5196 20 388
5198 21 5195
5200 5199 5197
5202 18 5201
5204 19 5193
5206 5205 5203
5208 1401 1033
5210 295 103
5212 21 5211
5214 5213 441
5216 18 5215
5218 19 5209
5220 5219 5217
5222 16 5221
5224 17 5207
5226 5225 5223
5228 9 5227
5230 7 5228
5232 10 5230
5234 11 5190
5236 5235 5233
5238 14 5237
5240 119 1921
5242 20 5241
5244 5149 5243
5246 19 5245
5248 5247 5163
5250 17 5249
5252 5251 5183
5254 9 5253
5256 7 5254
5258 11 5256
5260 5259 5233
5262 15 5261
5264 12 5262
5266 13 5238
5268 5267 5265
5270 7 5187
5272 2269 2031
5274 19 5273
5276 5275 2003
5278 2269 2089
5280 2185 129
5282 21 5281
5284 5283 279
5286 18 5285
5288 19 5279
5290 5289 5287
5292 16 5291
5294 17 5277
5296 5295 5293
5298 7 5297
5300 10 5298
5302 11 5270
5304 5303 5301
5306 14 5305
5308 7 5253
5310 5283 441
5312 18 5311
5314 5289 5313
5316 16 5315
5318 5295 5317
5320 7 5319
5322 10 5320
5324 11 5308
5326 5325 5323
5328 15 5327
5330 12 5328
5332 13 5306
5334 5333 5331
5336 4 5335
5338 5 5269
5340 5339 5337
5342 119 531
5344 20 5343
5346 5149 5345
5348 21 5145
5350 5349 1605
5352 18 5351
5354 19 5347
5356 5355 5353
5358 16 5357
5360 5251 5359
5362 9 5361
5364 4915 441
5366 295 901
5368 21 5367
5370 5369 1417
5372 18 5371
5374 19 5365
5376 5375 5373
5378 1613 1033
5380 19 5379
5382 5381 5217
5384 16 5383
5386 17 5377
5388 5387 5385
5390 9 5389
5392 10 5390
5394 11 5362
5396 5395 5393
5398 14 5397
5400 15 5397
5402 12 5400
5404 13 5398
5406 5405 5403
5408 21 5241
5410 5409 5345
5412 18 5411
5414 5247 5413
5416 17 5415
5418 5417 5359
5420 8 5419
5422 5363 5421
5424 21 292
5426 5425 2031
5428 2185 145
5430 21 5429
5432 5431 2585
5434 18 5433
5436 19 5427
5438 5437 5435
5440 807 695
5442 21 5441
5444 5443 2089
5446 19 5445
5448 5447 5287
5450 16 5449
5452 17 5439
5454 5453 5451
5456 5443 2031
5458 19 5457
5460 5459 5435
5462 17 5461
5464 5463 5451
5466 8 5465
5468 9 5455
5470 5469 5467
5472 5425 1991
5474 19 5473
5476 5475 5435
5478 5443 1033
5480 21 1015
5482 5481 279
5484 18 5483
5486 19 5479
5488 5487 5485
5490 16 5489
5492 17 5477
5494 5493 5491
5496 5443 1991
5498 19 5497
5500 5499 5435
5502 17 5501
5504 5503 5491
5506 8 5505
5508 9 5495
5510 5509 5507
5512 6 5511
5514 7 5471
5516 5515 5513
5518 10 5517
5520 11 5423
5522 5521 5519
5524 14 5523
5526 5447 5313
5528 16 5527
5530 5453 5529
5532 5463 5529
5534 8 5533
5536 9 5531
5538 5537 5535
5540 5481 441
5542 18 5541
5544 5487 5543
5546 16 5545
5548 5493 5547
5550 5503 5547
5552 8 5551
5554 9 5549
5556 5555 5553
5558 6 5557
5560 7 5539
5562 5561 5559
5564 10 5563
5566 5521 5565
5568 15 5567
5570 12 5568
5572 13 5524
5574 5573 5571
5576 4 5575
5578 5 5407
5580 5579 5577
5582 2 5581
5584 3 5341
5586 5585 5583
5588 105 117
5590 20 5589
5592 125 5591
5594 21 56
5596 5595 133
5598 18 5597
5600 19 5593
5602 5601 5599
5604 5595 543
5606 19 5605
5608 5607 155
5610 16 5609
5612 17 5603
5614 5613 5611
5616 9 5615
5618 7 5616
5620 813 601
5622 713 3091
5624 18 5623
5626 19 5621
5628 5627 5625
5630 2185 273
5632 20 5631
5634 411 5633
5636 2587 933
5638 18 5637
5640 19 5635
5642 5641 5639
5644 16 5643
5646 17 5629
5648 5647 5645
5650 9 5649
5652 7 5650
5654 10 5652
5656 11 5618
5658 5657 5655
5660 14 5659
5662 20 805
5664 125 5663
5666 19 5665
5668 5667 5599
5670 151 543
5672 18 5671
5674 5607 5673
5676 16 5675
5678 17 5669
5680 5679 5677
5682 9 5681
5684 7 5682
5686 11 5684
5688 5687 5655
5690 15 5689
5692 12 5690
5694 13 5660
5696 5695 5693
5698 7 5615
5700 1011 601
5702 713 1083
5704 18 5703
5706 19 5701
5708 5707 5705
5710 1419 297
5712 18 5711
5714 5641 5713
5716 16 5715
5718 17 5709
5720 5719 5717
5722 7 5721
5724 10 5722
5726 11 5698
5728 5727 5725
5730 14 5729
5732 7 5681
5734 18 1418
5736 5641 5735
5738 16 5737
5740 5719 5739
5742 7 5741
5744 10 5742
5746 11 5732
5748 5747 5745
5750 15 5749
5752 12 5750
5754 13 5730
5756 5755 5753
5758 4 5757
5760 5 5697
5762 5761 5759
5764 21 5017
5766 5765 2047
5768 18 5767
5770 5627 5769
5772 17 5771
5774 5773 5645
5776 9 5775
5778 10 5776
5780 11 5616
5782 5781 5779
5784 14 5783
5786 11 5682
5788 5787 5779
5790 15 5789
5792 12 5790
5794 13 5784
5796 5795 5793
5798 5765 1067
5800 18 5799
5802 5707 5801
5804 17 5803
5806 5805 5717
5808 1011 5019
5810 19 5809
5812 5811 5801
5814 411 297
5816 1401 297
5818 18 5817
5820 19 5815
5822 5821 5819
5824 16 5823
5826 17 5813
5828 5827 5825
5830 6 5829
5832 7 5807
5834 5833 5831
5836 10 5835
5838 11 5615
5840 5839 5837
5842 14 5841
5844 5805 5739
5846 18 1400
5848 5821 5847
5850 16 5849
5852 5827 5851
5854 6 5853
5856 7 5845
5858 5857 5855
5860 10 5859
5862 11 5681
5864 5863 5861
5866 15 5865
5868 12 5866
5870 13 5842
5872 5871 5869
5874 4 5873
5876 5 5797
5878 5877 5875
5880 2 5879
5882 3 5763
5884 5883 5881
5886 7 1780
5888 5887 1787
5890 257 1781
5892 7 5891
5894 5893 1787
5896 10 5895
5898 11 5889
5900 5899 5897
5902 15 5901
5904 5903 1875
5906 12 5905
5908 13 5901
5910 5909 5907
5912 7 254
5914 5913 1787
5916 15 5915
5918 5917 1875
5920 12 5919
5922 13 5915
5924 5923 5921
5926 4 5925
5928 5 5911
5930 5929 5927
5932 15 5891
5934 5933 1875
5936 12 5935
5938 13 5891
5940 5939 5937
5942 251 275
5944 19 5943
5946 18 250
5948 305 5947
5950 16 5949
5952 17 5944
5954 5953 5951
5956 6 5955
5958 5913 5957
5960 10 5959
5962 11 254
5964 5963 5961
5966 14 5965
5968 15 254
5970 5969 5967
5972 15 5965
5974 5973 1875
5976 12 5975
5978 13 5971
5980 5979 5977
5982 4 5981
5984 5 5941
5986 5985 5983
5988 2 5987
5990 3 5931
5992 5991 5989
i0 hbusreq_0
i1 hbusreq_1
i2 hlock_0
i3 hlock_1
i4 hready
i5 hburst_0
i6 hburst_1
o0 hmastlock
o1 decide
o2 hgrant_0
o3 hgrant_1
o4 hmaster_0
o5 start
o6 busreq
o7 locked
{"is_completed":true,"output_vars":["busreq","decide","locked","start","hmastlock","hgrant_0","hgrant_1","hmaster_0"],"input_vars":["hready","hlock_0","hlock_1","hbusreq_0","hbusreq_1","hburst_0","hburst_1"],"formula":"(((((((((((G ((! (hburst_0)) || (! (hburst_1)))) && (G (((hmastlock) && ((! (hburst_0)) && (! (hburst_1)))) -> (X (F (! (busreq))))))) && (G (F (hready)))) && (G ((hlock_0) -> (hbusreq_0)))) && (G ((hlock_1) -> (hbusreq_1)))) && (! (hready))) && (! (hbusreq_0))) && (! (hlock_0))) && (! (hbusreq_1))) && (! (hlock_1))) -> ((((((((G (((((((((((((((((((((true) && (! (hmaster_0))) -> ((busreq) <-> (hbusreq_0))) && (((true) && (hmaster_0)) -> ((busreq) <-> (hbusreq_1)))) && ((! (hready)) -> (X (! (start))))) && ((((hmastlock) && ((! (hburst_0)) && (! (hburst_1)))) && (start)) -> (X (((! (start)) U ((! (start)) && (! (busreq)))) || (G (! (start))))))) && (((((hmastlock) && ((hburst_0) && (! (hburst_1)))) && (start)) && (hready)) -> (X (((! (start)) U (((! (start)) && (hready)) && (X (((! (start)) U (((! (start)) && (hready)) && (X (((! (start)) U ((! (start)) && (hready))) || (G (! (start))))))) || (G (! (start))))))) || (G (! (start))))))) && (((((hmastlock) && ((hburst_0) && (! (hburst_1)))) && (start)) && (! (hready))) -> (X (((! (start)) U (((! (start)) && (hready)) && (X (((! (start)) U (((! (start)) && (hready)) && (X (((! (start)) U (((! (start)) && (hready)) && (X (((! (start)) U ((! (start)) && (hready))) || (G (! (start))))))) || (G (! (start))))))) || (G (! (start))))))) || (G (! (start))))))) && ((hready) -> ((hgrant_0) <-> (X ((true) && (! (hmaster_0))))))) && ((hready) -> ((hgrant_1) <-> (X ((true) && (hmaster_0)))))) && ((hready) -> ((locked) <-> (X (hmastlock))))) && ((X (! (start))) -> ((((true) && (! (hmaster_0))) <-> (X ((true) && (! (hmaster_0))))) && ((hmastlock) <-> (X (hmastlock)))))) && ((X (! (start))) -> ((((true) && (hmaster_0)) <-> (X ((true) && (hmaster_0)))) && ((hmastlock) <-> (X (hmastlock)))))) && (((decide) && (X (hgrant_0))) -> ((hlock_0) <-> (X (locked))))) && (((decide) && (X (hgrant_1))) -> ((hlock_1) <-> (X (locked))))) && ((! (decide)) -> (((hgrant_0) <-> (X (hgrant_0))) && ((hgrant_1) <-> (X (hgrant_1)))))) && ((! (decide)) -> ((locked) <-> (X (locked))))) && ((hbusreq_0) -> (F ((! (hbusreq_0)) || ((true) && (! (hmaster_0))))))) && ((hbusreq_1) -> (F ((! (hbusreq_1)) || ((true) && (hmaster_0)))))) && ((! (hgrant_1)) -> (((! (hgrant_1)) U (hbusreq_1)) || (G (! (hgrant_1)))))) && ((((! (hbusreq_0)) && (! (hbusreq_1))) && (decide)) -> (X (hgrant_0))))) && (decide)) && (start)) && (hgrant_0)) && (true)) && (! (hmaster_0))) && (! (hmastlock))) && (! (hgrant_1))))","total_time":80269,"automaton":{"is_built":true,"build_duration":1646,"total_states":701,"state_based_status":"true","prune_automaton_duration":4,"pruned_state_based_status":"true","prune_total_states":701,"total_edges":30072},"dependency":{"dependency_approach":"automaton","tested_dependencies":[{"name":"hmaster_0","duration":0,"is_dependent":false,"tested_dependency_set":["hready","hlock_0","hlock_1","hbusreq_0","hbusreq_1","hburst_0","hburst_1","busreq","decide","locked","start","hmastlock","hgrant_0","hgrant_1"]},{"name":"hgrant_1","duration":0,"is_dependent":false,"tested_dependency_set":["hready","hlock_0","hlock_1","hbusreq_0","hbusreq_1","hburst_0","hburst_1","busreq","decide","locked","start","hmastlock","hgrant_0","hmaster_0"]},{"name":"hgrant_0","duration":0,"is_dependent":false,"tested_dependency_set":["hready","hlock_0","hlock_1","hbusreq_0","hbusreq_1","hburst_0","hburst_1","busreq","decide","locked","start","hmastlock","hmaster_0","hgrant_1"]},{"name":"hmastlock","duration":0,"is_dependent":false,"tested_dependency_set":["hready","hlock_0","hlock_1","hbusreq_0","hbusreq_1","hburst_0","hburst_1","busreq","decide","locked","start","hmaster_0","hgrant_1","hgrant_0"]},{"name":"start","duration":0,"is_dependent":false,"tested_dependency_set":["hready","hlock_0","hlock_1","hbusreq_0","hbusreq_1","hburst_0","hburst_1","busreq","decide","locked","hmaster_0","hgrant_1","hgrant_0","hmastlock"]},{"name":"locked","duration":0,"is_dependent":false,"tested_dependency_set":["hready","hlock_0","hlock_1","hbusreq_0","hbusreq_1","hburst_0","hburst_1","busreq","decide","hmaster_0","hgrant_1","hgrant_0","hmastlock","start"]},{"name":"decide","duration":0,"is_dependent":false,"tested_dependency_set":["hready","hlock_0","hlock_1","hbusreq_0","hbusreq_1","hburst_0","hburst_1","busreq","hmaster_0","hgrant_1","hgrant_0","hmastlock","start","locked"]},{"name":"busreq","duration":0,"is_dependent":false,"tested_dependency_set":["hready","hlock_0","hlock_1","hbusreq_0","hbusreq_1","hburst_0","hburst_1","hmaster_0","hgrant_1","hgrant_0","hmastlock","start","locked","decide"]}],"total_duration":2999,"is_completed":true,"skipped_dependencies":false,"total_pair_state":5616,"search_pair_state_duration":2998},"unate":{"skipped_unate":true},"synthesis":{"model_checking_status":"UNKNOWN","independent_strategy":{"duration":75615,"realizability":"REALIZABLE","total_inputs":7,"total_outputs":8,"total_latches":7,"total_gates":2982},"dependent_strategy":{"duration":-1,"total_inputs":-1,"total_outputs":-1,"total_latches":-1,"total_gates":-1}}}
