aag 39 4 2 1 33
2
4
6
8
10 49
12 79
28
14 11 13
16 6 14
18 7 11
20 19 17
22 4 21
24 5 11
26 25 23
28 3 27
30 10 12
32 9 30
34 9 12
36 6 34
38 7 32
40 39 37
42 4 41
44 5 32
46 45 43
48 46 3
50 10 13
52 8 50
54 9 10
56 55 53
58 9 15
60 59 53
62 6 61
64 7 57
66 65 63
68 4 67
70 5 57
72 71 69
74 2 15
76 3 73
78 77 75
i0 decide
i1 locked
i2 single
i3 hready
o0 ready3
{"is_completed":true,"output_vars":["ready3"],"input_vars":["decide","locked","hready","single"],"formula":"((((! (decide)) && (G (F (hready)))) && (G ((! (ready3)) -> (X (! (decide)))))) -> ((G ((((decide) -> (X (X ((((single) && (locked)) -> ((! (ready3)) U (((hready) && (! (ready3))) && (X (ready3))))) && ((! ((single) && (locked))) -> (ready3)))))) && (((ready3) && (X (! (decide)))) -> (X (ready3)))) && (((ready3) && (X (decide))) -> (X ((! (ready3)) && (X (! (ready3)))))))) && (ready3)))","total_time":6,"automaton":{"is_built":true,"build_duration":2,"total_states":21,"state_based_status":"true","prune_automaton_duration":0,"pruned_state_based_status":"true","prune_total_states":21,"total_edges":61},"dependency":{"dependency_approach":"automaton","tested_dependencies":[{"name":"ready3","duration":0,"is_dependent":false,"tested_dependency_set":["decide","locked","hready","single"]}],"total_duration":0,"is_completed":true,"skipped_dependencies":false,"total_pair_state":87,"search_pair_state_duration":0},"unate":{"skipped_unate":true},"synthesis":{"model_checking_status":"UNKNOWN","independent_strategy":{"duration":3,"realizability":"REALIZABLE","total_inputs":4,"total_outputs":1,"total_latches":2,"total_gates":33},"dependent_strategy":{"duration":-1,"total_inputs":-1,"total_outputs":-1,"total_latches":-1,"total_gates":-1}}}
