aag 26 5 2 1 19
2
4
6
8
10
12 47
14 53
30
16 13 15
18 6 16
20 7 13
22 21 19
24 4 23
26 5 13
28 27 25
30 3 29
32 12 14
34 6 14
36 7 32
38 37 35
40 4 39
42 5 32
44 43 41
46 44 3
48 2 17
50 3 28
52 51 49
i0 decide
i1 incr
i2 locked
i3 busreq
i4 hready
o0 ready1
{"is_completed":true,"output_vars":["ready1"],"input_vars":["busreq","decide","locked","hready","incr"],"formula":"(((((! (decide)) && (G (F (hready)))) && (! (F (G (busreq))))) && (G ((! (ready1)) -> (X (! (decide)))))) -> ((G ((((decide) -> (X (X ((((incr) && (locked)) -> (((! (ready1)) U ((hready) && (! (busreq)))) || (G (! (ready1))))) && ((! ((incr) && (locked))) -> (ready1)))))) && (((ready1) && (X (! (decide)))) -> (X (ready1)))) && (((ready1) && (X (decide))) -> (X ((! (ready1)) && (X (! (ready1)))))))) && (ready1)))","total_time":9,"automaton":{"is_built":true,"build_duration":3,"total_states":21,"state_based_status":"true","prune_automaton_duration":0,"pruned_state_based_status":"true","prune_total_states":21,"total_edges":77},"dependency":{"dependency_approach":"automaton","tested_dependencies":[{"name":"ready1","duration":0,"is_dependent":false,"tested_dependency_set":["busreq","decide","locked","hready","incr"]}],"total_duration":0,"is_completed":true,"skipped_dependencies":false,"total_pair_state":102,"search_pair_state_duration":0},"unate":{"skipped_unate":true},"synthesis":{"model_checking_status":"UNKNOWN","independent_strategy":{"duration":5,"realizability":"REALIZABLE","total_inputs":5,"total_outputs":1,"total_latches":2,"total_gates":19},"dependent_strategy":{"duration":-1,"total_inputs":-1,"total_outputs":-1,"total_latches":-1,"total_gates":-1}}}
