aag 16 3 1 1 12
2
4
6
8 33
19
10 6 8
12 7 8
14 4 12
16 5 10
18 17 15
20 9 3
22 6 21
24 3 8
26 7 24
28 4 26
30 5 22
32 31 29
i0 hready
i1 hgrant_0
i2 hgrant_1
o0 hmaster_0
{"is_completed":true,"output_vars":["hmaster_0"],"input_vars":["hready","hgrant_0","hgrant_1"],"formula":"(((G (((! (hgrant_0)) && (true)) || ((true) && (! (hgrant_1))))) && (G ((hgrant_0) || (hgrant_1)))) -> (G ((((hready) -> ((X ((true) && (! (hmaster_0)))) <-> (hgrant_0))) && ((hready) -> ((X ((true) && (hmaster_0))) <-> (hgrant_1)))) && ((! (hready)) -> ((X (hmaster_0)) <-> (hmaster_0))))))","total_time":4,"automaton":{"is_built":true,"build_duration":1,"total_states":5,"state_based_status":"true","prune_automaton_duration":0,"pruned_state_based_status":"true","prune_total_states":5,"total_edges":11},"dependency":{"dependency_approach":"automaton","tested_dependencies":[{"name":"hmaster_0","duration":0,"is_dependent":false,"tested_dependency_set":["hready","hgrant_0","hgrant_1"]}],"total_duration":0,"is_completed":true,"skipped_dependencies":false,"total_pair_state":9,"search_pair_state_duration":0},"unate":{"skipped_unate":true},"synthesis":{"model_checking_status":"UNKNOWN","independent_strategy":{"duration":2,"realizability":"REALIZABLE","total_inputs":3,"total_outputs":1,"total_latches":1,"total_gates":12},"dependent_strategy":{"duration":-1,"total_inputs":-1,"total_outputs":-1,"total_latches":-1,"total_gates":-1}}}
