Hierarchy reader flattened 2 instances of logic boxes and left 0 black boxes.
aag 152 9 5 11 138
2
4
6
8
10
12
14
16
18
20 1
22 0
24 299
26 302
28 305
47
52
73
78
78
107
122
253
256
256
295
30 8 4
32 7 3
34 32 11
36 34 30
38 11 9
40 5 2
42 40 6
44 42 38
46 45 37
48 10 9
50 40 7
52 50 48
54 4 3
56 54 11
58 10 8
60 59 5
62 61 7
64 62 57
66 4 2
68 67 38
70 69 6
72 71 65
74 67 59
76 75 7
78 77 71
80 39 4
82 16 14
84 83 59
86 84 81
88 87 3
90 83 11
92 90 5
94 93 2
96 95 89
98 97 7
100 9 3
102 100 90
104 103 6
106 105 99
108 101 10
110 7 5
112 110 109
114 38 3
116 115 113
118 18 13
120 118 83
122 120 117
124 72 46
126 106 83
128 107 82
130 129 127
132 78 53
134 132 117
136 134 131
138 107 78
140 123 52
142 140 138
144 143 137
146 145 72
148 54 48
150 148 73
152 132 123
154 152 150
156 154 98
158 157 147
160 159 46
162 123 78
164 72 53
166 164 47
168 166 138
170 168 162
172 171 161
174 23 20
176 175 173
178 176 136
180 11 7
182 181 2
184 183 81
186 184 82
188 186 107
190 119 83
192 190 184
194 193 123
196 195 106
198 197 189
200 199 132
202 201 143
204 203 72
206 154 107
208 207 205
210 209 46
212 6 2
214 213 31
216 215 11
218 216 123
220 218 168
222 221 211
224 223 28
226 224 200
228 227 179
230 229 124
232 122 107
234 73 47
236 235 53
238 237 125
240 239 233
242 174 27
244 242 25
246 245 46
248 246 164
250 248 240
252 251 231
254 240 79
256 254 245
258 164 162
260 258 106
262 190 46
264 262 117
266 264 260
268 266 176
270 192 46
272 270 260
274 272 224
276 240 24
278 241 79
280 279 175
282 281 27
284 283 239
286 285 277
288 123 106
290 288 287
292 291 275
294 292 269
296 254 243
298 297 277
300 243 78
302 300 240
304 225 177
i0 p0p0lt0rotation0f1dneg0f1dgamemodeswitch1b1b
i1 p0p0gt0rotation0f1dgamemodeswitch1b
i2 p0p0isscoremode0gamemode
i3 p0p0isradarmode0gamemode
i4 p0p0iscockpitmode0gamemode
i5 p0p0gyronoise0gyroy
i6 p0p0gamemodenoise0rotation
i7 p0p0eqz2rst0reseter
i8 p0p0eqz2pre0prescaler
o0 u0gamemode0f1dcockpitmode1b
o1 u0gamemode0f1dradarmode1b
o2 u0gamemode0f1dscoremode1b
o3 u0prescaler0f1dinc2prescale0prescaler1b
o4 u0reseter0f1dinc2reset0reseter1b
o5 u0rotation0f1dzero1b
o6 u0rotation0f1daddrotation0rotation0f1dgyrocorrection1b0gyroy1b
o7 u0gamemode0gamemode
o8 u0prescaler0prescaler
o9 u0reseter0reseter
o10 u0rotation0rotation
{"is_completed":true,"output_vars":["u0rotation0f1daddrotation0rotation0f1dgyrocorrection1b0gyroy1b","u0rotation0f1dzero1b","u0rotation0rotation","u0reseter0f1dinc2reset0reseter1b","u0reseter0reseter","u0prescaler0f1dinc2prescale0prescaler1b","u0prescaler0prescaler","u0gamemode0f1dscoremode1b","u0gamemode0f1dradarmode1b","u0gamemode0f1dcockpitmode1b","u0gamemode0gamemode"],"input_vars":["p0p0lt0rotation0f1dneg0f1dgamemodeswitch1b1b","p0p0gt0rotation0f1dgamemodeswitch1b","p0p0isscoremode0gamemode","p0p0isradarmode0gamemode","p0p0iscockpitmode0gamemode","p0p0gyronoise0gyroy","p0p0gamemodenoise0rotation","p0p0eqz2rst0reseter","p0p0eqz2pre0prescaler"],"formula":"((G ((((! (((! (((u0gamemode0f1dradarmode1b) && (! (u0gamemode0gamemode))) <-> ((u0gamemode0gamemode) && (! (u0gamemode0f1dradarmode1b))))) && (! ((u0gamemode0f1dscoremode1b) || (u0gamemode0f1dcockpitmode1b)))) <-> ((! (((u0gamemode0f1dscoremode1b) && (! (u0gamemode0f1dcockpitmode1b))) <-> ((u0gamemode0f1dcockpitmode1b) && (! (u0gamemode0f1dscoremode1b))))) && (! ((u0gamemode0f1dradarmode1b) || (u0gamemode0gamemode)))))) && (! (((u0prescaler0prescaler) && (! (u0prescaler0f1dinc2prescale0prescaler1b))) <-> ((u0prescaler0f1dinc2prescale0prescaler1b) && (! (u0prescaler0prescaler)))))) && (! (((u0reseter0reseter) && (! (u0reseter0f1dinc2reset0reseter1b))) <-> ((u0reseter0f1dinc2reset0reseter1b) && (! (u0reseter0reseter)))))) && (! (((u0rotation0f1dzero1b) && (! ((u0rotation0f1daddrotation0rotation0f1dgyrocorrection1b0gyroy1b) || (u0rotation0rotation)))) <-> ((! (((u0rotation0f1daddrotation0rotation0f1dgyrocorrection1b0gyroy1b) && (! (u0rotation0rotation))) <-> ((u0rotation0rotation) && (! (u0rotation0f1daddrotation0rotation0f1dgyrocorrection1b0gyroy1b))))) && (! (u0rotation0f1dzero1b))))))) && (((((G (! ((p0p0isscoremode0gamemode) && (p0p0isradarmode0gamemode)))) && (G (! ((p0p0isradarmode0gamemode) && (p0p0iscockpitmode0gamemode))))) && (G (! ((p0p0iscockpitmode0gamemode) && (p0p0isscoremode0gamemode))))) && (G (! ((p0p0lt0rotation0f1dneg0f1dgamemodeswitch1b1b) && (p0p0gt0rotation0f1dgamemodeswitch1b))))) -> (((((((G (u0prescaler0f1dinc2prescale0prescaler1b)) && (G (u0reseter0f1dinc2reset0reseter1b))) && (G ((((p0p0isscoremode0gamemode) && (p0p0lt0rotation0f1dneg0f1dgamemodeswitch1b1b)) || ((p0p0isradarmode0gamemode) && (p0p0gt0rotation0f1dgamemodeswitch1b))) <-> (u0gamemode0f1dcockpitmode1b)))) && (G (((p0p0iscockpitmode0gamemode) && (p0p0lt0rotation0f1dneg0f1dgamemodeswitch1b1b)) <-> (u0gamemode0f1dradarmode1b)))) && (G (((p0p0iscockpitmode0gamemode) && (p0p0gt0rotation0f1dgamemodeswitch1b)) <-> (u0gamemode0f1dscoremode1b)))) && (G (((((u0gamemode0f1dradarmode1b) || (u0gamemode0f1dcockpitmode1b)) || (u0gamemode0f1dscoremode1b)) || ((p0p0eqz2rst0reseter) && (p0p0gamemodenoise0rotation))) <-> (u0rotation0f1dzero1b)))) && (G ((((! ((((u0gamemode0f1dradarmode1b) || (u0gamemode0f1dcockpitmode1b)) || (u0gamemode0f1dscoremode1b)) || ((p0p0eqz2rst0reseter) && (p0p0gamemodenoise0rotation)))) && (p0p0eqz2pre0prescaler)) && (! (p0p0gyronoise0gyroy))) <-> (u0rotation0f1daddrotation0rotation0f1dgyrocorrection1b0gyroy1b))))))","total_time":167,"automaton":{"is_built":true,"build_duration":26,"total_states":4,"state_based_status":"true","prune_automaton_duration":0,"pruned_state_based_status":"true","prune_total_states":4,"total_edges":7},"dependency":{"dependency_approach":"automaton","tested_dependencies":[{"name":"u0gamemode0gamemode","duration":0,"is_dependent":true,"tested_dependency_set":["p0p0lt0rotation0f1dneg0f1dgamemodeswitch1b1b","p0p0gt0rotation0f1dgamemodeswitch1b","p0p0isscoremode0gamemode","p0p0isradarmode0gamemode","p0p0iscockpitmode0gamemode","p0p0gyronoise0gyroy","p0p0gamemodenoise0rotation","p0p0eqz2rst0reseter","p0p0eqz2pre0prescaler","u0rotation0f1daddrotation0rotation0f1dgyrocorrection1b0gyroy1b","u0rotation0f1dzero1b","u0rotation0rotation","u0reseter0f1dinc2reset0reseter1b","u0reseter0reseter","u0prescaler0f1dinc2prescale0prescaler1b","u0prescaler0prescaler","u0gamemode0f1dscoremode1b","u0gamemode0f1dradarmode1b","u0gamemode0f1dcockpitmode1b"]},{"name":"u0gamemode0f1dcockpitmode1b","duration":0,"is_dependent":false,"tested_dependency_set":["p0p0lt0rotation0f1dneg0f1dgamemodeswitch1b1b","p0p0gt0rotation0f1dgamemodeswitch1b","p0p0isscoremode0gamemode","p0p0isradarmode0gamemode","p0p0iscockpitmode0gamemode","p0p0gyronoise0gyroy","p0p0gamemodenoise0rotation","p0p0eqz2rst0reseter","p0p0eqz2pre0prescaler","u0rotation0f1daddrotation0rotation0f1dgyrocorrection1b0gyroy1b","u0rotation0f1dzero1b","u0rotation0rotation","u0reseter0f1dinc2reset0reseter1b","u0reseter0reseter","u0prescaler0f1dinc2prescale0prescaler1b","u0prescaler0prescaler","u0gamemode0f1dscoremode1b","u0gamemode0f1dradarmode1b"]},{"name":"u0gamemode0f1dradarmode1b","duration":0,"is_dependent":false,"tested_dependency_set":["p0p0lt0rotation0f1dneg0f1dgamemodeswitch1b1b","p0p0gt0rotation0f1dgamemodeswitch1b","p0p0isscoremode0gamemode","p0p0isradarmode0gamemode","p0p0iscockpitmode0gamemode","p0p0gyronoise0gyroy","p0p0gamemodenoise0rotation","p0p0eqz2rst0reseter","p0p0eqz2pre0prescaler","u0rotation0f1daddrotation0rotation0f1dgyrocorrection1b0gyroy1b","u0rotation0f1dzero1b","u0rotation0rotation","u0reseter0f1dinc2reset0reseter1b","u0reseter0reseter","u0prescaler0f1dinc2prescale0prescaler1b","u0prescaler0prescaler","u0gamemode0f1dscoremode1b","u0gamemode0f1dcockpitmode1b"]},{"name":"u0gamemode0f1dscoremode1b","duration":0,"is_dependent":false,"tested_dependency_set":["p0p0lt0rotation0f1dneg0f1dgamemodeswitch1b1b","p0p0gt0rotation0f1dgamemodeswitch1b","p0p0isscoremode0gamemode","p0p0isradarmode0gamemode","p0p0iscockpitmode0gamemode","p0p0gyronoise0gyroy","p0p0gamemodenoise0rotation","p0p0eqz2rst0reseter","p0p0eqz2pre0prescaler","u0rotation0f1daddrotation0rotation0f1dgyrocorrection1b0gyroy1b","u0rotation0f1dzero1b","u0rotation0rotation","u0reseter0f1dinc2reset0reseter1b","u0reseter0reseter","u0prescaler0f1dinc2prescale0prescaler1b","u0prescaler0prescaler","u0gamemode0f1dcockpitmode1b","u0gamemode0f1dradarmode1b"]},{"name":"u0prescaler0prescaler","duration":0,"is_dependent":true,"tested_dependency_set":["p0p0lt0rotation0f1dneg0f1dgamemodeswitch1b1b","p0p0gt0rotation0f1dgamemodeswitch1b","p0p0isscoremode0gamemode","p0p0isradarmode0gamemode","p0p0iscockpitmode0gamemode","p0p0gyronoise0gyroy","p0p0gamemodenoise0rotation","p0p0eqz2rst0reseter","p0p0eqz2pre0prescaler","u0rotation0f1daddrotation0rotation0f1dgyrocorrection1b0gyroy1b","u0rotation0f1dzero1b","u0rotation0rotation","u0reseter0f1dinc2reset0reseter1b","u0reseter0reseter","u0prescaler0f1dinc2prescale0prescaler1b","u0gamemode0f1dcockpitmode1b","u0gamemode0f1dradarmode1b","u0gamemode0f1dscoremode1b"]},{"name":"u0prescaler0f1dinc2prescale0prescaler1b","duration":0,"is_dependent":false,"tested_dependency_set":["p0p0lt0rotation0f1dneg0f1dgamemodeswitch1b1b","p0p0gt0rotation0f1dgamemodeswitch1b","p0p0isscoremode0gamemode","p0p0isradarmode0gamemode","p0p0iscockpitmode0gamemode","p0p0gyronoise0gyroy","p0p0gamemodenoise0rotation","p0p0eqz2rst0reseter","p0p0eqz2pre0prescaler","u0rotation0f1daddrotation0rotation0f1dgyrocorrection1b0gyroy1b","u0rotation0f1dzero1b","u0rotation0rotation","u0reseter0f1dinc2reset0reseter1b","u0reseter0reseter","u0gamemode0f1dcockpitmode1b","u0gamemode0f1dradarmode1b","u0gamemode0f1dscoremode1b"]},{"name":"u0reseter0reseter","duration":0,"is_dependent":true,"tested_dependency_set":["p0p0lt0rotation0f1dneg0f1dgamemodeswitch1b1b","p0p0gt0rotation0f1dgamemodeswitch1b","p0p0isscoremode0gamemode","p0p0isradarmode0gamemode","p0p0iscockpitmode0gamemode","p0p0gyronoise0gyroy","p0p0gamemodenoise0rotation","p0p0eqz2rst0reseter","p0p0eqz2pre0prescaler","u0rotation0f1daddrotation0rotation0f1dgyrocorrection1b0gyroy1b","u0rotation0f1dzero1b","u0rotation0rotation","u0reseter0f1dinc2reset0reseter1b","u0gamemode0f1dcockpitmode1b","u0gamemode0f1dradarmode1b","u0gamemode0f1dscoremode1b","u0prescaler0f1dinc2prescale0prescaler1b"]},{"name":"u0reseter0f1dinc2reset0reseter1b","duration":0,"is_dependent":false,"tested_dependency_set":["p0p0lt0rotation0f1dneg0f1dgamemodeswitch1b1b","p0p0gt0rotation0f1dgamemodeswitch1b","p0p0isscoremode0gamemode","p0p0isradarmode0gamemode","p0p0iscockpitmode0gamemode","p0p0gyronoise0gyroy","p0p0gamemodenoise0rotation","p0p0eqz2rst0reseter","p0p0eqz2pre0prescaler","u0rotation0f1daddrotation0rotation0f1dgyrocorrection1b0gyroy1b","u0rotation0f1dzero1b","u0rotation0rotation","u0gamemode0f1dcockpitmode1b","u0gamemode0f1dradarmode1b","u0gamemode0f1dscoremode1b","u0prescaler0f1dinc2prescale0prescaler1b"]},{"name":"u0rotation0rotation","duration":0,"is_dependent":true,"tested_dependency_set":["p0p0lt0rotation0f1dneg0f1dgamemodeswitch1b1b","p0p0gt0rotation0f1dgamemodeswitch1b","p0p0isscoremode0gamemode","p0p0isradarmode0gamemode","p0p0iscockpitmode0gamemode","p0p0gyronoise0gyroy","p0p0gamemodenoise0rotation","p0p0eqz2rst0reseter","p0p0eqz2pre0prescaler","u0rotation0f1daddrotation0rotation0f1dgyrocorrection1b0gyroy1b","u0rotation0f1dzero1b","u0gamemode0f1dcockpitmode1b","u0gamemode0f1dradarmode1b","u0gamemode0f1dscoremode1b","u0prescaler0f1dinc2prescale0prescaler1b","u0reseter0f1dinc2reset0reseter1b"]},{"name":"u0rotation0f1dzero1b","duration":0,"is_dependent":false,"tested_dependency_set":["p0p0lt0rotation0f1dneg0f1dgamemodeswitch1b1b","p0p0gt0rotation0f1dgamemodeswitch1b","p0p0isscoremode0gamemode","p0p0isradarmode0gamemode","p0p0iscockpitmode0gamemode","p0p0gyronoise0gyroy","p0p0gamemodenoise0rotation","p0p0eqz2rst0reseter","p0p0eqz2pre0prescaler","u0rotation0f1daddrotation0rotation0f1dgyrocorrection1b0gyroy1b","u0gamemode0f1dcockpitmode1b","u0gamemode0f1dradarmode1b","u0gamemode0f1dscoremode1b","u0prescaler0f1dinc2prescale0prescaler1b","u0reseter0f1dinc2reset0reseter1b"]},{"name":"u0rotation0f1daddrotation0rotation0f1dgyrocorrection1b0gyroy1b","duration":0,"is_dependent":false,"tested_dependency_set":["p0p0lt0rotation0f1dneg0f1dgamemodeswitch1b1b","p0p0gt0rotation0f1dgamemodeswitch1b","p0p0isscoremode0gamemode","p0p0isradarmode0gamemode","p0p0iscockpitmode0gamemode","p0p0gyronoise0gyroy","p0p0gamemodenoise0rotation","p0p0eqz2rst0reseter","p0p0eqz2pre0prescaler","u0gamemode0f1dcockpitmode1b","u0gamemode0f1dradarmode1b","u0gamemode0f1dscoremode1b","u0prescaler0f1dinc2prescale0prescaler1b","u0reseter0f1dinc2reset0reseter1b","u0rotation0f1dzero1b"]}],"total_duration":2,"is_completed":true,"skipped_dependencies":false,"total_pair_state":6,"search_pair_state_duration":0},"unate":{"skipped_unate":true},"synthesis":{"remove_dependent_ap_duration":0,"clone_nba_with_dep":0,"synthesis_dependents_duration":2,"model_checking_status":"UNKNOWN","merge_strategies_duration":130,"final_strategy":{"duration":2,"total_inputs":16,"total_outputs":4,"total_latches":4,"total_gates":418},"independent_strategy":{"duration":5,"realizability":"REALIZABLE","total_inputs":9,"total_outputs":7,"total_latches":0,"total_gates":71},"dependent_strategy":{"duration":2,"total_inputs":16,"total_outputs":4,"total_latches":4,"total_gates":418}}}
