aag 23 10 2 10 11
2
4
6
8
10
12
14
16
18
20
22 1
24 27
28
30
32
34
36
38
40
42
44
46
26 25 22
28 27 18
30 27 16
32 27 14
34 27 12
36 27 10
38 27 8
40 27 6
42 27 4
44 27 2
46 27 20
i0 in_0
i1 in_1
i2 in_2
i3 in_3
i4 in_4
i5 in_5
i6 in_6
i7 in_7
i8 in_8
i9 in_9
o0 out_9
o1 out_8
o2 out_7
o3 out_6
o4 out_5
o5 out_4
o6 out_3
o7 out_2
o8 out_1
o9 out_0
{"is_completed":true,"output_vars":["out_0","out_1","out_2","out_3","out_4","out_5","out_6","out_7","out_8","out_9"],"input_vars":["in_0","in_1","in_2","in_3","in_4","in_5","in_6","in_7","in_8","in_9"],"formula":"(G (((((((((((in_0) <-> (out_1)) && ((in_1) <-> (out_2))) && ((in_2) <-> (out_3))) && ((in_3) <-> (out_4))) && ((in_4) <-> (out_5))) && ((in_5) <-> (out_6))) && ((in_6) <-> (out_7))) && ((in_7) <-> (out_8))) && ((in_8) <-> (out_9))) && ((in_9) <-> (out_0))))","total_time":94,"automaton":{"is_built":true,"build_duration":1,"total_states":1,"state_based_status":"true","prune_automaton_duration":0,"pruned_state_based_status":"true","prune_total_states":1,"total_edges":1},"dependency":{"dependency_approach":"automaton","tested_dependencies":[{"name":"out_9","duration":0,"is_dependent":true,"tested_dependency_set":["in_0","in_1","in_2","in_3","in_4","in_5","in_6","in_7","in_8","in_9","out_0","out_1","out_2","out_3","out_4","out_5","out_6","out_7","out_8"]},{"name":"out_8","duration":0,"is_dependent":true,"tested_dependency_set":["in_0","in_1","in_2","in_3","in_4","in_5","in_6","in_7","in_8","in_9","out_0","out_1","out_2","out_3","out_4","out_5","out_6","out_7"]},{"name":"out_7","duration":0,"is_dependent":true,"tested_dependency_set":["in_0","in_1","in_2","in_3","in_4","in_5","in_6","in_7","in_8","in_9","out_0","out_1","out_2","out_3","out_4","out_5","out_6"]},{"name":"out_6","duration":0,"is_dependent":true,"tested_dependency_set":["in_0","in_1","in_2","in_3","in_4","in_5","in_6","in_7","in_8","in_9","out_0","out_1","out_2","out_3","out_4","out_5"]},{"name":"out_5","duration":0,"is_dependent":true,"tested_dependency_set":["in_0","in_1","in_2","in_3","in_4","in_5","in_6","in_7","in_8","in_9","out_0","out_1","out_2","out_3","out_4"]},{"name":"out_4","duration":0,"is_dependent":true,"tested_dependency_set":["in_0","in_1","in_2","in_3","in_4","in_5","in_6","in_7","in_8","in_9","out_0","out_1","out_2","out_3"]},{"name":"out_3","duration":0,"is_dependent":true,"tested_dependency_set":["in_0","in_1","in_2","in_3","in_4","in_5","in_6","in_7","in_8","in_9","out_0","out_1","out_2"]},{"name":"out_2","duration":0,"is_dependent":true,"tested_dependency_set":["in_0","in_1","in_2","in_3","in_4","in_5","in_6","in_7","in_8","in_9","out_0","out_1"]},{"name":"out_1","duration":0,"is_dependent":true,"tested_dependency_set":["in_0","in_1","in_2","in_3","in_4","in_5","in_6","in_7","in_8","in_9","out_0"]},{"name":"out_0","duration":1,"is_dependent":true,"tested_dependency_set":["in_0","in_1","in_2","in_3","in_4","in_5","in_6","in_7","in_8","in_9"]}],"total_duration":4,"is_completed":true,"skipped_dependencies":false,"total_pair_state":1,"search_pair_state_duration":0},"unate":{"skipped_unate":true},"synthesis":{"remove_dependent_ap_duration":0,"clone_nba_with_dep":0,"synthesis_dependents_duration":0,"model_checking_status":"UNKNOWN","merge_strategies_duration":85,"final_strategy":{"duration":0,"total_inputs":10,"total_outputs":10,"total_latches":1,"total_gates":100},"independent_strategy":{"duration":0,"realizability":"REALIZABLE","total_inputs":10,"total_outputs":0,"total_latches":0,"total_gates":0},"dependent_strategy":{"duration":0,"total_inputs":10,"total_outputs":10,"total_latches":1,"total_gates":100}}}
