aag 15 3 2 1 10
2
4
6
8 24
10 30
14
12 8 10
14 3 12
16 9 10
18 4 9
20 5 16
22 21 19
24 3 23
26 8 11
28 17 27
30 3 29
i0 cancel
i1 req
i2 go
o0 grant
{"is_completed":true,"output_vars":["grant"],"input_vars":["go","cancel","req"],"formula":"((G ((cancel) -> (X ((go) || (X (go)))))) -> (G ((((cancel) -> (X ((! (grant)) U (go)))) && ((grant) -> (X (! (grant))))) && ((req) -> (((grant) || (cancel)) || (X (((grant) || (cancel)) || (X (((grant) || (cancel)) || (X ((grant) || (cancel))))))))))))","total_time":6,"automaton":{"is_built":true,"build_duration":2,"total_states":18,"state_based_status":"true","prune_automaton_duration":0,"pruned_state_based_status":"true","prune_total_states":18,"total_edges":79},"dependency":{"dependency_approach":"automaton","tested_dependencies":[{"name":"grant","duration":0,"is_dependent":false,"tested_dependency_set":["go","cancel","req"]}],"total_duration":0,"is_completed":true,"skipped_dependencies":false,"total_pair_state":55,"search_pair_state_duration":0},"unate":{"skipped_unate":true},"synthesis":{"model_checking_status":"UNKNOWN","independent_strategy":{"duration":3,"realizability":"REALIZABLE","total_inputs":3,"total_outputs":1,"total_latches":2,"total_gates":10},"dependent_strategy":{"duration":-1,"total_inputs":-1,"total_outputs":-1,"total_latches":-1,"total_gates":-1}}}
