aag 29 2 3 3 24
2
4
6 45
8 53
10 58
14
27
28
12 8 11
14 7 12
16 10 5
18 9 17
20 9 11
22 6 20
24 7 18
26 25 23
28 6 12
30 10 4
32 9 31
34 33 13
36 11 4
38 8 36
40 6 38
42 7 35
44 43 41
46 9 30
48 47 13
50 7 49
52 51 23
54 11 5
56 8 54
58 6 56
i0 i0
i1 i1
o0 a0
o1 a1
o2 a2
{"is_completed":true,"output_vars":["a2","a1","a0"],"input_vars":["i1","i0"],"formula":"((((G (((! ((a0) && (a1))) && (! ((a1) && (a2)))) && (! ((a2) && (a0))))) && ((G (F (i0))) -> (G (F (a0))))) && ((G (F (i1))) -> (G (F (a1))))) && (G (F (a2))))","total_time":13,"automaton":{"is_built":true,"build_duration":3,"total_states":17,"state_based_status":"true","prune_automaton_duration":0,"pruned_state_based_status":"true","prune_total_states":17,"total_edges":45},"dependency":{"dependency_approach":"automaton","tested_dependencies":[{"name":"a0","duration":0,"is_dependent":false,"tested_dependency_set":["i1","i0","a2","a1"]},{"name":"a1","duration":0,"is_dependent":false,"tested_dependency_set":["i1","i0","a2","a0"]},{"name":"a2","duration":0,"is_dependent":false,"tested_dependency_set":["i1","i0","a0","a1"]}],"total_duration":0,"is_completed":true,"skipped_dependencies":false,"total_pair_state":141,"search_pair_state_duration":0},"unate":{"skipped_unate":true},"synthesis":{"model_checking_status":"UNKNOWN","independent_strategy":{"duration":9,"realizability":"REALIZABLE","total_inputs":2,"total_outputs":3,"total_latches":3,"total_gates":24},"dependent_strategy":{"duration":-1,"total_inputs":-1,"total_outputs":-1,"total_latches":-1,"total_gates":-1}}}
