aag 11 4 1 4 6
2
4
6
8
10 22
0
12
0
0
12 3 11
14 6 11
16 4 11
18 5 14
20 19 17
22 3 21
i0 r2b_ack0
i1 s2b_req0
i2 s2b_req1
i3 r2b_ack1
o0 b2r_req0
o1 b2r_req1
o2 b2s_ack0
o3 b2s_ack1
{"is_completed":true,"output_vars":["b2r_req1","b2r_req0","b2s_ack1","b2s_ack0"],"input_vars":["r2b_ack1","r2b_ack0","s2b_req1","s2b_req0"],"formula":"((((! (r2b_ack0)) && (G ((! (b2r_req0)) -> (X (! (r2b_ack0)))))) && (G ((b2r_req0) -> (X (F (r2b_ack0)))))) -> ((G ((((((r2b_ack0) -> (X (! (b2r_req0)))) && (((b2r_req0) && (! (r2b_ack0))) -> (X (b2r_req0)))) && (((b2r_req0) && (X (! (b2r_req0)))) -> (X ((! (b2r_req0)) U ((! (b2r_req0)) && (b2r_req1)))))) && (((s2b_req0) || (s2b_req1)) -> (X (F ((b2r_req0) || (b2r_req1)))))) && ((! (b2r_req0)) || (! (b2r_req1))))) && (! (b2r_req0))))","total_time":7,"automaton":{"is_built":true,"build_duration":2,"total_states":16,"state_based_status":"true","prune_automaton_duration":0,"pruned_state_based_status":"true","prune_total_states":16,"total_edges":78},"dependency":{"dependency_approach":"automaton","tested_dependencies":[{"name":"b2s_ack0","duration":0,"is_dependent":false,"tested_dependency_set":["r2b_ack1","r2b_ack0","s2b_req1","s2b_req0","b2r_req1","b2r_req0","b2s_ack1"]},{"name":"b2s_ack1","duration":0,"is_dependent":false,"tested_dependency_set":["r2b_ack1","r2b_ack0","s2b_req1","s2b_req0","b2r_req1","b2r_req0","b2s_ack0"]},{"name":"b2r_req0","duration":0,"is_dependent":false,"tested_dependency_set":["r2b_ack1","r2b_ack0","s2b_req1","s2b_req0","b2r_req1","b2s_ack0","b2s_ack1"]},{"name":"b2r_req1","duration":0,"is_dependent":false,"tested_dependency_set":["r2b_ack1","r2b_ack0","s2b_req1","s2b_req0","b2s_ack0","b2s_ack1","b2r_req0"]}],"total_duration":0,"is_completed":true,"skipped_dependencies":false,"total_pair_state":60,"search_pair_state_duration":0},"unate":{"skipped_unate":true},"synthesis":{"model_checking_status":"UNKNOWN","independent_strategy":{"duration":4,"realizability":"REALIZABLE","total_inputs":4,"total_outputs":4,"total_latches":1,"total_gates":6},"dependent_strategy":{"duration":-1,"total_inputs":-1,"total_outputs":-1,"total_latches":-1,"total_gates":-1}}}
