Hierarchy reader flattened 2 instances of logic boxes and left 0 black boxes.
aag 850 7 22 8 821
2
4
6
8
10
12
14
16 1313
18 1378
20 1491
22 1611
24 1
26 0
28 1615
30 1623
32 1625
34 1629
36 744
38 1635
40 1639
42 1643
44 1651
46 1673
48 1691
50 733
52 976
54 1693
56 1699
58 1701
199
0
232
335
419
438
903
1153
60 22 21
62 23 20
64 63 61
66 64 19
68 12 11
70 13 10
72 71 69
74 73 15
76 74 66
78 22 20
80 78 18
82 80 16
84 83 5
86 84 77
88 83 14
90 61 16
92 61 19
94 93 15
96 94 91
98 97 89
100 98 73
102 82 72
104 103 4
106 104 101
108 107 87
110 109 9
112 99 7
114 83 6
116 115 73
118 116 113
120 103 5
122 120 119
124 83 4
126 125 123
128 127 3
130 12 7
132 20 19
134 23 17
136 135 132
138 136 14
140 139 130
142 131 82
144 143 11
146 144 141
148 13 7
150 149 82
152 151 10
154 60 19
156 23 21
158 157 18
160 158 17
162 161 155
164 163 15
166 23 19
168 156 18
170 169 167
172 170 17
174 63 18
176 175 16
178 176 133
180 179 173
182 181 14
184 183 148
186 184 165
188 187 152
190 189 147
192 191 2
194 193 129
196 195 8
198 197 111
200 78 19
202 201 17
204 81 16
206 204 133
208 207 203
210 130 11
212 210 209
214 171 17
216 21 18
218 217 133
220 219 16
222 221 215
224 148 10
226 224 223
228 227 213
230 8 2
232 230 229
234 222 130
236 235 144
238 22 16
240 239 19
242 241 14
244 18 16
246 135 21
248 246 245
250 248 243
252 251 148
254 253 152
256 255 237
258 257 5
260 259 125
262 261 3
264 236 4
266 149 10
268 266 83
270 219 134
272 271 221
274 272 130
276 144 5
278 276 275
280 279 269
282 280 265
284 283 2
286 285 263
288 287 8
290 159 155
292 291 17
294 293 179
296 294 70
298 222 68
300 299 297
302 301 4
304 103 9
306 67 17
308 79 16
310 309 70
312 310 307
314 156 19
316 315 204
318 22 19
320 319 17
322 321 68
324 322 317
326 325 313
328 327 5
330 329 304
332 330 303
334 333 289
336 295 14
338 62 18
340 338 15
342 340 17
344 343 337
346 345 210
348 217 201
350 349 16
352 350 15
354 168 17
356 216 16
358 356 14
360 359 355
362 360 353
364 363 224
366 365 347
368 367 5
370 357 215
372 224 4
374 372 371
376 375 369
378 377 2
380 176 93
382 381 161
384 383 14
386 385 341
388 387 210
390 156 17
392 391 357
394 393 224
396 395 389
398 5 3
400 398 397
402 401 379
404 403 8
406 370 4
408 70 9
410 314 17
412 411 5
414 413 408
416 414 407
418 417 405
420 18 15
422 420 20
424 422 239
426 425 385
428 398 224
430 428 427
432 224 2
434 432 295
436 435 431
438 437 8
440 419 335
442 441 439
444 418 334
446 445 443
448 447 231
450 15 5
452 450 10
454 452 448
456 447 198
458 456 232
460 458 452
462 461 455
464 463 56
466 463 58
468 467 465
470 454 198
472 470 469
474 448 4
476 474 198
478 458 4
480 479 475
482 481 44
484 481 54
486 485 483
488 487 476
490 489 473
492 14 5
494 492 10
496 494 448
498 494 458
500 499 497
502 501 58
504 501 44
506 505 503
508 496 198
510 508 507
512 231 5
514 512 447
516 458 5
518 517 515
520 519 44
522 492 230
524 523 513
526 525 458
528 527 515
530 529 46
532 531 521
534 514 198
536 534 533
538 537 511
540 538 490
542 10 5
544 542 231
546 544 447
548 494 230
550 549 545
552 551 458
554 553 547
556 555 48
558 456 233
560 558 544
562 560 556
564 492 448
566 492 458
568 567 565
570 569 54
572 564 198
574 572 570
576 27 24
578 73 9
580 225 211
582 581 5
584 582 3
586 584 8
588 587 579
590 589 233
592 590 447
594 4 2
596 594 581
598 597 585
600 599 8
602 601 579
604 603 458
606 605 593
608 607 577
610 592 198
612 610 608
614 613 575
616 614 563
618 4 3
620 618 578
622 620 558
624 232 199
626 625 447
628 626 620
630 628 577
632 630 622
634 9 3
636 634 40
638 636 447
640 9 5
642 640 42
644 642 626
646 645 639
648 647 558
650 649 633
652 582 230
654 652 447
656 654 198
658 656 233
660 654 625
662 660 36
664 662 658
666 558 13
668 626 13
670 668 38
672 670 666
674 673 665
676 674 650
678 233 198
680 57 55
682 681 496
684 450 448
686 684 54
688 687 683
690 689 678
692 619 8
694 692 581
696 695 579
698 697 418
700 698 334
702 700 438
704 68 9
706 692 210
708 707 705
710 709 439
712 710 334
714 712 419
716 715 703
718 717 625
720 678 577
722 720 718
724 444 10
726 724 625
728 726 34
730 726 50
732 731 729
734 724 678
736 734 733
738 576 37
740 739 697
742 740 625
744 742 447
746 744 678
748 439 12
750 748 418
752 53 39
754 753 678
756 754 750
758 692 224
760 759 409
762 761 334
764 763 699
766 625 439
768 766 445
770 768 765
772 678 36
774 772 770
776 775 757
778 776 747
780 778 737
782 780 723
784 782 691
786 784 676
788 558 11
790 626 11
792 790 50
794 792 788
796 668 52
798 796 666
800 799 795
802 696 558
804 696 625
806 804 447
808 806 577
810 808 802
812 8 3
814 812 40
816 814 447
818 8 5
820 818 42
822 820 625
824 822 447
826 825 817
828 32 15
830 828 626
832 831 826
834 833 558
836 835 811
838 836 800
840 660 577
842 840 658
844 790 34
846 844 788
848 847 843
850 806 36
852 850 802
854 628 36
856 854 622
858 857 853
860 858 848
862 860 838
864 862 786
866 864 616
868 626 28
870 5 2
872 870 8
874 873 458
876 875 449
878 877 30
880 878 231
882 881 869
884 883 558
886 481 58
888 49 47
890 888 57
892 891 481
894 893 887
896 895 476
898 897 885
900 898 866
902 900 540
904 444 439
906 232 198
908 906 904
910 458 450
912 230 46
914 912 910
916 548 30
918 916 458
920 918 494
922 921 915
924 923 908
926 904 231
928 927 909
930 929 492
932 930 570
934 933 925
936 929 452
938 936 464
940 929 4
942 940 886
944 943 939
946 944 934
948 904 625
950 948 818
952 950 824
954 904 816
956 955 953
958 948 15
960 958 830
962 726 439
964 962 728
966 965 961
968 966 956
970 766 700
972 970 744
974 753 625
976 974 750
978 976 334
980 979 973
982 962 730
984 904 638
986 985 983
988 986 980
990 988 968
992 851 809
994 904 804
996 994 993
998 869 645
1000 999 948
1002 1001 997
1004 1002 990
1006 845 793
1008 948 11
1010 1008 1007
1012 929 494
1014 1012 56
1016 1014 501
1018 1017 1011
1020 1018 1004
1022 460 48
1024 872 458
1026 1024 30
1028 1027 1023
1030 1029 908
1032 797 671
1034 1033 13
1036 662 230
1038 1036 582
1040 1039 1035
1042 1041 948
1044 1043 1031
1046 1044 1020
1048 1046 946
1050 929 5
1052 1050 520
1054 904 512
1056 908 525
1058 1057 1055
1060 1059 530
1062 1061 1053
1064 904 590
1066 908 603
1068 1067 1065
1070 1069 608
1072 926 542
1074 908 551
1076 1075 1073
1078 1077 556
1080 1079 1071
1082 1080 1062
1084 911 685
1086 1085 54
1088 929 450
1090 1088 1086
1092 1012 504
1094 1093 1091
1096 1012 502
1098 936 466
1100 1099 1097
1102 1100 1094
1104 1102 1082
1106 893 485
1108 1107 940
1110 940 482
1112 619 7
1114 1113 8
1116 1115 74
1118 1116 233
1120 1118 199
1122 1120 904
1124 1116 908
1126 1125 1123
1128 1120 447
1130 1116 458
1132 1131 1129
1134 1133 739
1136 1134 1127
1138 908 873
1140 1139 927
1142 1141 878
1144 1143 1137
1146 1144 1111
1148 1146 1109
1150 1148 1104
1152 1150 1048
1154 410 15
1156 66 16
1158 21 19
1160 17 14
1162 1160 1158
1164 1163 1157
1166 1164 1155
1168 1167 70
1170 1161 314
1172 1171 1163
1174 1173 68
1176 1175 1169
1178 1177 5
1180 157 19
1182 1181 204
1184 320 169
1186 1185 1183
1188 1187 15
1190 209 14
1192 1191 1189
1194 1193 68
1196 204 155
1198 1197 1185
1200 1199 15
1202 205 203
1204 1203 14
1206 1205 1201
1208 1207 70
1210 1209 1195
1212 1211 4
1214 1213 1179
1216 1215 9
1218 135 18
1220 1219 94
1222 1221 1191
1224 1223 210
1226 62 19
1228 1226 16
1230 1229 271
1232 1231 15
1234 273 14
1236 1235 1233
1238 1237 224
1240 1239 1225
1242 1241 5
1244 1193 210
1246 166 17
1248 1247 221
1250 1249 15
1252 223 14
1254 1253 1251
1256 1255 224
1258 1257 1245
1260 1259 4
1262 1261 1243
1264 1263 2
1266 23 18
1268 1267 1159
1270 1269 16
1272 1271 135
1274 1273 15
1276 1275 1191
1278 1277 210
1280 159 16
1282 1281 215
1284 1283 15
1286 79 19
1288 1287 17
1290 1288 169
1292 217 16
1294 1292 93
1296 1295 14
1298 1296 1291
1300 1299 1285
1302 1301 224
1304 1303 1279
1306 1305 398
1308 1307 1265
1310 1309 8
1312 1311 1217
1314 22 18
1316 1315 1227
1318 1317 17
1320 1319 357
1322 1321 15
1324 357 271
1326 1325 14
1328 1327 1323
1330 1329 210
1332 60 18
1334 1333 1227
1336 1335 17
1338 1337 357
1340 1339 15
1342 1341 1327
1344 1343 224
1346 1345 1331
1348 1347 398
1350 1315 167
1352 1351 17
1354 1353 1183
1356 1355 15
1358 371 14
1360 1359 1357
1362 1361 210
1364 1247 351
1366 1365 15
1368 1367 1327
1370 1369 224
1372 1371 1363
1374 1373 870
1376 1375 1349
1378 1377 8
1380 1159 17
1382 1381 317
1384 73 5
1386 1384 1382
1388 73 4
1390 1388 137
1392 1391 304
1394 1392 1387
1396 1383 14
1398 20 17
1400 1267 133
1402 1401 16
1404 1403 1399
1406 1405 15
1408 1407 130
1410 1408 1397
1412 1411 144
1414 1289 317
1416 1415 14
1418 1288 217
1420 1419 1403
1422 1421 15
1424 1423 148
1426 1424 1417
1428 1427 152
1430 1429 1413
1432 1431 5
1434 1433 125
1436 1435 3
1438 176 155
1440 1439 1419
1442 1441 15
1444 411 88
1446 1445 130
1448 1446 1443
1450 1449 144
1452 177 173
1454 1453 15
1456 1226 17
1458 1457 88
1460 1459 148
1462 1460 1455
1464 1463 152
1466 1465 1451
1468 1467 5
1470 1452 148
1472 1471 152
1474 137 130
1476 1475 144
1478 1477 1473
1480 1479 4
1482 1481 1469
1484 1483 2
1486 1485 1437
1488 1487 8
1490 1489 1395
1492 315 17
1494 1493 317
1496 1495 15
1498 1397 1384
1500 1498 1497
1502 1181 16
1504 1185 15
1506 1504 1503
1508 1507 139
1510 1508 1388
1512 1511 304
1514 1512 1501
1516 1333 1181
1518 1517 16
1520 167 17
1522 1520 339
1524 1523 1519
1526 1525 15
1528 1527 140
1530 1529 144
1532 176 167
1534 1533 1291
1536 1535 14
1538 64 16
1540 1539 18
1542 1541 319
1544 1543 15
1546 1545 148
1548 1546 1537
1550 1549 152
1552 1551 1531
1554 1553 5
1556 1555 125
1558 1557 3
1560 1492 339
1562 1561 317
1564 1563 15
1566 1565 140
1568 1567 144
1570 1493 207
1572 1571 15
1574 1573 184
1576 1575 152
1578 1577 1569
1580 1579 5
1582 1508 130
1584 1583 144
1586 1453 14
1588 1521 177
1590 1589 15
1592 1591 148
1594 1592 1587
1596 1595 152
1598 1597 1585
1600 1599 4
1602 1601 1581
1604 1603 2
1606 1605 1559
1608 1607 8
1610 1609 1515
1612 992 817
1614 1612 998
1616 879 609
1618 887 483
1620 1618 1616
1622 1620 1106
1624 1135 831
1626 739 718
1628 1627 1006
1630 770 739
1632 1631 671
1634 1632 797
1636 639 631
1638 1636 855
1640 825 663
1642 1640 841
1644 577 232
1646 1644 656
1648 1647 1027
1650 1648 521
1652 522 30
1654 1652 458
1656 14 7
1658 1656 577
1660 1658 73
1662 1660 1024
1664 1663 1655
1666 1664 571
1668 569 44
1670 1669 531
1672 1670 1666
1674 1658 70
1676 1674 1024
1678 1677 919
1680 1678 557
1682 555 46
1684 681 501
1686 1685 1683
1688 1686 1680
1690 1688 506
1692 1087 915
1694 463 54
1696 460 46
1698 1697 1695
1700 1023 468
i0 p0b02room29somebody2leaves
i1 p0b02room29somebody2enters
i2 p0b02room29switch29toggled
i3 p0b02room29empty
i4 p0b02roomlight29off
i5 p0b02roomlight29on
i6 p0b02timer29timeout
o0 u02timer29start2new2timer0f1d2timer29min25231b
o1 u02timer29start2new2timer0f1d2timer29hour241b
o2 u02timer29start2new2timer0f1d2timer29hour251b
o3 u02roomlight29light0f1d2roomlight29turn2on1b
o4 u02roomlight29light0f1d2roomlight29toggle1b
o5 u02roomlight29light0f1d2roomlight29turn2off1b
o6 u02timer29start2new2timer02timer29start2new2timer
o7 u02roomlight29light02roomlight29light
{"is_completed":true,"output_vars":["u02roomlight29light0f1d2roomlight29turn2off1b","u02roomlight29light0f1d2roomlight29toggle1b","u02roomlight29light0f1d2roomlight29turn2on1b","u02roomlight29light02roomlight29light","u02timer29start2new2timer0f1d2timer29hour251b","u02timer29start2new2timer0f1d2timer29hour241b","u02timer29start2new2timer0f1d2timer29min25231b","u02timer29start2new2timer02timer29start2new2timer"],"input_vars":["p0b02room29somebody2leaves","p0b02room29somebody2enters","p0b02room29switch29toggled","p0b02room29empty","p0b02roomlight29off","p0b02roomlight29on","p0b02timer29timeout"],"formula":"((G ((! (((! (((u02timer29start2new2timer0f1d2timer29hour241b) && (! (u02timer29start2new2timer02timer29start2new2timer))) <-> ((u02timer29start2new2timer02timer29start2new2timer) && (! (u02timer29start2new2timer0f1d2timer29hour241b))))) && (! ((u02timer29start2new2timer0f1d2timer29hour251b) || (u02timer29start2new2timer0f1d2timer29min25231b)))) <-> ((! (((u02timer29start2new2timer0f1d2timer29hour251b) && (! (u02timer29start2new2timer0f1d2timer29min25231b))) <-> ((u02timer29start2new2timer0f1d2timer29min25231b) && (! (u02timer29start2new2timer0f1d2timer29hour251b))))) && (! ((u02timer29start2new2timer0f1d2timer29hour241b) || (u02timer29start2new2timer02timer29start2new2timer)))))) && (! (((! (((u02roomlight29light0f1d2roomlight29toggle1b) && (! (u02roomlight29light02roomlight29light))) <-> ((u02roomlight29light02roomlight29light) && (! (u02roomlight29light0f1d2roomlight29toggle1b))))) && (! ((u02roomlight29light0f1d2roomlight29turn2off1b) || (u02roomlight29light0f1d2roomlight29turn2on1b)))) <-> ((! (((u02roomlight29light0f1d2roomlight29turn2off1b) && (! (u02roomlight29light0f1d2roomlight29turn2on1b))) <-> ((u02roomlight29light0f1d2roomlight29turn2on1b) && (! (u02roomlight29light0f1d2roomlight29turn2off1b))))) && (! ((u02roomlight29light0f1d2roomlight29toggle1b) || (u02roomlight29light02roomlight29light)))))))) && ((((((((((G ((u02timer29start2new2timer0f1d2timer29min25231b) -> (F (p0b02timer29timeout)))) && (G ((u02timer29start2new2timer0f1d2timer29hour241b) -> (F (p0b02timer29timeout))))) && (G ((u02timer29start2new2timer0f1d2timer29hour251b) -> (F (p0b02timer29timeout))))) && (G (! ((p0b02roomlight29on) <-> (p0b02roomlight29off))))) && (G (((u02roomlight29light0f1d2roomlight29turn2on1b) || ((u02roomlight29light0f1d2roomlight29toggle1b) && (p0b02roomlight29off))) -> (X (F (((u02roomlight29light0f1d2roomlight29turn2off1b) || (u02roomlight29light0f1d2roomlight29toggle1b)) R (p0b02roomlight29on))))))) && (G (((u02roomlight29light0f1d2roomlight29turn2off1b) || ((u02roomlight29light0f1d2roomlight29toggle1b) && (p0b02roomlight29on))) -> (X (F (((u02roomlight29light0f1d2roomlight29turn2on1b) || (u02roomlight29light0f1d2roomlight29toggle1b)) R (p0b02roomlight29off))))))) && (G ((p0b02room29empty) -> (! (p0b02room29switch29toggled))))) && (G ((p0b02room29somebody2enters) -> (((! (p0b02room29empty)) U (p0b02room29somebody2leaves)) || (G (! (p0b02room29empty))))))) && (G (((p0b02room29somebody2leaves) && (p0b02room29empty)) -> (((p0b02room29empty) U (p0b02room29somebody2enters)) || (G (p0b02room29empty)))))) -> (G (((p0b02room29somebody2leaves) && (p0b02room29empty)) -> ((u02timer29start2new2timer0f1d2timer29hour251b) && (F ((p0b02room29somebody2enters) || ((p0b02timer29timeout) && (F (((p0b02roomlight29off) U (p0b02room29somebody2enters)) || (G (p0b02roomlight29off))))))))))))","total_time":681,"automaton":{"is_built":true,"build_duration":33,"total_states":17,"state_based_status":"true","prune_automaton_duration":0,"pruned_state_based_status":"true","prune_total_states":17,"total_edges":59},"dependency":{"dependency_approach":"automaton","tested_dependencies":[{"name":"u02timer29start2new2timer02timer29start2new2timer","duration":4,"is_dependent":true,"tested_dependency_set":["p0b02room29somebody2leaves","p0b02room29somebody2enters","p0b02room29switch29toggled","p0b02room29empty","p0b02roomlight29off","p0b02roomlight29on","p0b02timer29timeout","u02roomlight29light0f1d2roomlight29turn2off1b","u02roomlight29light0f1d2roomlight29toggle1b","u02roomlight29light0f1d2roomlight29turn2on1b","u02roomlight29light02roomlight29light","u02timer29start2new2timer0f1d2timer29hour251b","u02timer29start2new2timer0f1d2timer29hour241b","u02timer29start2new2timer0f1d2timer29min25231b"]},{"name":"u02timer29start2new2timer0f1d2timer29min25231b","duration":0,"is_dependent":false,"tested_dependency_set":["p0b02room29somebody2leaves","p0b02room29somebody2enters","p0b02room29switch29toggled","p0b02room29empty","p0b02roomlight29off","p0b02roomlight29on","p0b02timer29timeout","u02roomlight29light0f1d2roomlight29turn2off1b","u02roomlight29light0f1d2roomlight29toggle1b","u02roomlight29light0f1d2roomlight29turn2on1b","u02roomlight29light02roomlight29light","u02timer29start2new2timer0f1d2timer29hour251b","u02timer29start2new2timer0f1d2timer29hour241b"]},{"name":"u02timer29start2new2timer0f1d2timer29hour241b","duration":0,"is_dependent":false,"tested_dependency_set":["p0b02room29somebody2leaves","p0b02room29somebody2enters","p0b02room29switch29toggled","p0b02room29empty","p0b02roomlight29off","p0b02roomlight29on","p0b02timer29timeout","u02roomlight29light0f1d2roomlight29turn2off1b","u02roomlight29light0f1d2roomlight29toggle1b","u02roomlight29light0f1d2roomlight29turn2on1b","u02roomlight29light02roomlight29light","u02timer29start2new2timer0f1d2timer29hour251b","u02timer29start2new2timer0f1d2timer29min25231b"]},{"name":"u02timer29start2new2timer0f1d2timer29hour251b","duration":0,"is_dependent":false,"tested_dependency_set":["p0b02room29somebody2leaves","p0b02room29somebody2enters","p0b02room29switch29toggled","p0b02room29empty","p0b02roomlight29off","p0b02roomlight29on","p0b02timer29timeout","u02roomlight29light0f1d2roomlight29turn2off1b","u02roomlight29light0f1d2roomlight29toggle1b","u02roomlight29light0f1d2roomlight29turn2on1b","u02roomlight29light02roomlight29light","u02timer29start2new2timer0f1d2timer29min25231b","u02timer29start2new2timer0f1d2timer29hour241b"]},{"name":"u02roomlight29light02roomlight29light","duration":8,"is_dependent":true,"tested_dependency_set":["p0b02room29somebody2leaves","p0b02room29somebody2enters","p0b02room29switch29toggled","p0b02room29empty","p0b02roomlight29off","p0b02roomlight29on","p0b02timer29timeout","u02roomlight29light0f1d2roomlight29turn2off1b","u02roomlight29light0f1d2roomlight29toggle1b","u02roomlight29light0f1d2roomlight29turn2on1b","u02timer29start2new2timer0f1d2timer29min25231b","u02timer29start2new2timer0f1d2timer29hour241b","u02timer29start2new2timer0f1d2timer29hour251b"]},{"name":"u02roomlight29light0f1d2roomlight29turn2on1b","duration":0,"is_dependent":false,"tested_dependency_set":["p0b02room29somebody2leaves","p0b02room29somebody2enters","p0b02room29switch29toggled","p0b02room29empty","p0b02roomlight29off","p0b02roomlight29on","p0b02timer29timeout","u02roomlight29light0f1d2roomlight29turn2off1b","u02roomlight29light0f1d2roomlight29toggle1b","u02timer29start2new2timer0f1d2timer29min25231b","u02timer29start2new2timer0f1d2timer29hour241b","u02timer29start2new2timer0f1d2timer29hour251b"]},{"name":"u02roomlight29light0f1d2roomlight29toggle1b","duration":0,"is_dependent":false,"tested_dependency_set":["p0b02room29somebody2leaves","p0b02room29somebody2enters","p0b02room29switch29toggled","p0b02room29empty","p0b02roomlight29off","p0b02roomlight29on","p0b02timer29timeout","u02roomlight29light0f1d2roomlight29turn2off1b","u02timer29start2new2timer0f1d2timer29min25231b","u02timer29start2new2timer0f1d2timer29hour241b","u02timer29start2new2timer0f1d2timer29hour251b","u02roomlight29light0f1d2roomlight29turn2on1b"]},{"name":"u02roomlight29light0f1d2roomlight29turn2off1b","duration":0,"is_dependent":false,"tested_dependency_set":["p0b02room29somebody2leaves","p0b02room29somebody2enters","p0b02room29switch29toggled","p0b02room29empty","p0b02roomlight29off","p0b02roomlight29on","p0b02timer29timeout","u02timer29start2new2timer0f1d2timer29min25231b","u02timer29start2new2timer0f1d2timer29hour241b","u02timer29start2new2timer0f1d2timer29hour251b","u02roomlight29light0f1d2roomlight29turn2on1b","u02roomlight29light0f1d2roomlight29toggle1b"]}],"total_duration":14,"is_completed":true,"skipped_dependencies":false,"total_pair_state":117,"search_pair_state_duration":0},"unate":{"skipped_unate":true},"synthesis":{"remove_dependent_ap_duration":0,"clone_nba_with_dep":0,"synthesis_dependents_duration":4,"model_checking_status":"UNKNOWN","merge_strategies_duration":231,"final_strategy":{"duration":4,"total_inputs":13,"total_outputs":2,"total_latches":17,"total_gates":1385},"independent_strategy":{"duration":395,"realizability":"REALIZABLE","total_inputs":7,"total_outputs":6,"total_latches":4,"total_gates":601},"dependent_strategy":{"duration":4,"total_inputs":13,"total_outputs":2,"total_latches":17,"total_gates":1385}}}
