Hierarchy reader flattened 2 instances of logic boxes and left 0 black boxes.
aag 241 10 19 4 212
2
4
6
8
10
12
14
16
18
20
22 317
24 1
26 0
28 363
30 376
32 379
34 384
36 397
38 405
40 417
42 431
44 445
46 449
48 452
50 465
52 468
54 470
56 474
58 482
91
104
0
313
60 20 19
62 4 2
64 17 13
66 64 63
68 66 8
70 63 11
72 70 17
74 72 12
76 75 67
78 77 9
80 12 6
82 80 72
84 82 8
86 85 79
88 86 69
90 89 60
92 8 7
94 93 11
96 95 12
98 63 23
100 98 97
102 60 17
104 102 100
106 105 90
108 27 24
110 109 60
112 110 68
114 81 8
116 114 30
118 116 20
120 57 49
122 121 19
124 12 7
126 124 38
128 108 35
130 128 127
132 130 123
134 81 21
136 135 44
138 50 20
140 37 31
142 140 59
144 142 139
146 144 137
148 146 132
150 148 119
152 21 18
154 153 61
156 155 87
158 21 19
160 16 13
162 160 63
164 70 16
166 164 12
168 167 163
170 169 9
172 164 80
174 172 8
176 175 171
178 177 158
180 179 157
182 162 8
184 182 19
186 185 154
188 159 69
190 189 187
192 190 7
194 155 9
196 194 82
198 158 9
200 198 172
202 201 197
204 202 193
206 204 180
208 207 109
210 209 150
212 210 113
214 212 29
216 215 106
218 20 17
220 218 105
222 220 54
224 20 14
226 225 17
228 227 42
230 20 16
232 230 54
234 233 229
236 235 105
238 21 17
240 55 53
242 241 238
244 55 47
246 21 16
248 246 245
250 246 52
252 251 249
254 252 243
256 58 18
258 158 32
260 259 257
262 238 46
264 121 18
266 265 263
268 266 260
270 268 254
272 270 237
274 272 223
276 53 47
278 231 221
280 279 277
282 183 175
284 282 171
286 285 158
288 286 109
290 226 42
292 13 7
294 292 38
296 40 9
298 297 295
300 298 291
302 301 105
304 303 289
306 304 281
308 306 274
310 309 90
312 311 217
314 158 16
316 314 100
318 152 89
320 287 91
322 320 319
324 129 105
326 324 322
328 104 91
330 13 9
332 330 40
334 127 29
336 334 333
338 122 17
340 339 291
342 340 336
344 343 329
346 105 19
348 347 91
350 349 58
352 50 21
354 353 263
356 354 243
358 356 351
360 358 345
362 360 327
364 181 109
366 115 30
368 45 37
370 369 80
372 371 367
374 372 365
376 375 329
378 289 259
380 323 105
382 381 91
384 383 129
386 329 116
388 190 109
390 81 36
392 391 389
394 393 329
396 395 387
398 329 294
400 329 192
402 400 129
404 403 399
406 12 9
408 406 40
410 408 329
412 329 203
414 412 129
416 415 411
418 42 16
420 418 225
422 420 329
424 129 104
426 424 90
428 427 251
430 428 423
432 386 20
434 329 112
436 81 20
438 436 369
440 438 329
442 441 435
444 442 433
446 318 129
448 447 249
450 122 16
452 450 329
454 42 14
456 455 276
458 457 220
460 138 105
462 461 223
464 462 459
466 455 53
468 467 230
470 245 230
472 264 16
474 472 90
476 121 17
478 477 59
480 479 18
482 480 90
i0 p0b02room292room29empty
i1 p0b02room29bed29occupied
i2 p0b02room29somebody2leaves
i3 p0b02room29somebody2enters
i4 p0b02room29switch29toggled
i5 p0b02room29empty
i6 p0b02c2m29finished
i7 p0b02c2m29busy
i8 p0b02c2m29standby
i9 p0b02c2m29ready
o0 u02c2m29ctrl0f1d2c2m29turn2on1b
o1 u02c2m29ctrl0f1d2c2m29make2coffee1b
o2 u02c2m29ctrl0f1d2c2m29turn2off1b
o3 u02c2m29ctrl02c2m29ctrl
{"is_completed":true,"output_vars":["u02c2m29ctrl0f1d2c2m29turn2off1b","u02c2m29ctrl0f1d2c2m29make2coffee1b","u02c2m29ctrl0f1d2c2m29turn2on1b","u02c2m29ctrl02c2m29ctrl"],"input_vars":["p0b02room292room29empty","p0b02room29bed29occupied","p0b02room29somebody2leaves","p0b02room29somebody2enters","p0b02room29switch29toggled","p0b02room29empty","p0b02c2m29finished","p0b02c2m29busy","p0b02c2m29standby","p0b02c2m29ready"],"formula":"((G (! (((! (((u02c2m29ctrl0f1d2c2m29make2coffee1b) && (! (u02c2m29ctrl02c2m29ctrl))) <-> ((u02c2m29ctrl02c2m29ctrl) && (! (u02c2m29ctrl0f1d2c2m29make2coffee1b))))) && (! ((u02c2m29ctrl0f1d2c2m29turn2off1b) || (u02c2m29ctrl0f1d2c2m29turn2on1b)))) <-> ((! (((u02c2m29ctrl0f1d2c2m29turn2off1b) && (! (u02c2m29ctrl0f1d2c2m29turn2on1b))) <-> ((u02c2m29ctrl0f1d2c2m29turn2on1b) && (! (u02c2m29ctrl0f1d2c2m29turn2off1b))))) && (! ((u02c2m29ctrl0f1d2c2m29make2coffee1b) || (u02c2m29ctrl02c2m29ctrl))))))) && (((((((((((((G (((p0b02c2m29ready) || (p0b02c2m29standby)) || (p0b02c2m29busy))) && (G ((p0b02c2m29ready) -> ((! (p0b02c2m29standby)) && (! (p0b02c2m29busy)))))) && (G ((p0b02c2m29standby) -> ((! (p0b02c2m29busy)) && (! (p0b02c2m29ready)))))) && (G ((p0b02c2m29busy) -> ((! (p0b02c2m29ready)) && (! (p0b02c2m29standby)))))) && (G (((u02c2m29ctrl0f1d2c2m29turn2on1b) && (p0b02c2m29standby)) -> (X ((p0b02c2m29busy) U (((u02c2m29ctrl0f1d2c2m29make2coffee1b) || (u02c2m29ctrl0f1d2c2m29turn2off1b)) R (p0b02c2m29ready))))))) && (G (((u02c2m29ctrl0f1d2c2m29turn2off1b) && (p0b02c2m29ready)) -> (X ((p0b02c2m29busy) U ((u02c2m29ctrl0f1d2c2m29turn2on1b) R (p0b02c2m29standby))))))) && (G (((u02c2m29ctrl0f1d2c2m29make2coffee1b) && (p0b02c2m29ready)) -> (X ((p0b02c2m29busy) U ((p0b02c2m29finished) && (((u02c2m29ctrl0f1d2c2m29make2coffee1b) || (u02c2m29ctrl0f1d2c2m29turn2off1b)) R (p0b02c2m29ready)))))))) && (F ((p0b02c2m29standby) || (p0b02c2m29ready)))) && (G ((p0b02room29empty) -> (! (p0b02room29switch29toggled))))) && (G ((p0b02room29somebody2enters) -> (((! (p0b02room29empty)) U (p0b02room29somebody2leaves)) || (G (! (p0b02room29empty))))))) && (G (((p0b02room29somebody2leaves) && (p0b02room29empty)) -> (((p0b02room29empty) U (p0b02room29somebody2enters)) || (G (p0b02room29empty)))))) && (G ((p0b02room29bed29occupied) -> (! (p0b02room292room29empty))))) -> (G ((p0b02room29somebody2enters) -> (F (((p0b02c2m29ready) U ((p0b02room29somebody2leaves) && (p0b02room29empty))) || (G (p0b02c2m29ready))))))))","total_time":197,"automaton":{"is_built":true,"build_duration":10,"total_states":17,"state_based_status":"true","prune_automaton_duration":0,"pruned_state_based_status":"true","prune_total_states":17,"total_edges":60},"dependency":{"dependency_approach":"automaton","tested_dependencies":[{"name":"u02c2m29ctrl02c2m29ctrl","duration":2,"is_dependent":true,"tested_dependency_set":["p0b02room292room29empty","p0b02room29bed29occupied","p0b02room29somebody2leaves","p0b02room29somebody2enters","p0b02room29switch29toggled","p0b02room29empty","p0b02c2m29finished","p0b02c2m29busy","p0b02c2m29standby","p0b02c2m29ready","u02c2m29ctrl0f1d2c2m29turn2off1b","u02c2m29ctrl0f1d2c2m29make2coffee1b","u02c2m29ctrl0f1d2c2m29turn2on1b"]},{"name":"u02c2m29ctrl0f1d2c2m29turn2on1b","duration":0,"is_dependent":false,"tested_dependency_set":["p0b02room292room29empty","p0b02room29bed29occupied","p0b02room29somebody2leaves","p0b02room29somebody2enters","p0b02room29switch29toggled","p0b02room29empty","p0b02c2m29finished","p0b02c2m29busy","p0b02c2m29standby","p0b02c2m29ready","u02c2m29ctrl0f1d2c2m29turn2off1b","u02c2m29ctrl0f1d2c2m29make2coffee1b"]},{"name":"u02c2m29ctrl0f1d2c2m29make2coffee1b","duration":0,"is_dependent":false,"tested_dependency_set":["p0b02room292room29empty","p0b02room29bed29occupied","p0b02room29somebody2leaves","p0b02room29somebody2enters","p0b02room29switch29toggled","p0b02room29empty","p0b02c2m29finished","p0b02c2m29busy","p0b02c2m29standby","p0b02c2m29ready","u02c2m29ctrl0f1d2c2m29turn2off1b","u02c2m29ctrl0f1d2c2m29turn2on1b"]},{"name":"u02c2m29ctrl0f1d2c2m29turn2off1b","duration":0,"is_dependent":false,"tested_dependency_set":["p0b02room292room29empty","p0b02room29bed29occupied","p0b02room29somebody2leaves","p0b02room29somebody2enters","p0b02room29switch29toggled","p0b02room29empty","p0b02c2m29finished","p0b02c2m29busy","p0b02c2m29standby","p0b02c2m29ready","u02c2m29ctrl0f1d2c2m29turn2on1b","u02c2m29ctrl0f1d2c2m29make2coffee1b"]}],"total_duration":2,"is_completed":true,"skipped_dependencies":false,"total_pair_state":90,"search_pair_state_duration":0},"unate":{"skipped_unate":true},"synthesis":{"remove_dependent_ap_duration":0,"clone_nba_with_dep":0,"synthesis_dependents_duration":1,"model_checking_status":"UNKNOWN","merge_strategies_duration":126,"final_strategy":{"duration":1,"total_inputs":13,"total_outputs":1,"total_latches":17,"total_gates":664},"independent_strategy":{"duration":55,"realizability":"REALIZABLE","total_inputs":10,"total_outputs":3,"total_latches":1,"total_gates":46},"dependent_strategy":{"duration":1,"total_inputs":13,"total_outputs":1,"total_latches":17,"total_gates":664}}}
