aag 11 2 2 7 7
2
4
6 1
8 11
12
14
0
11
18
14
22
10 9 6
12 11 3
14 11 2
16 5 3
18 16 11
20 4 3
22 20 11
i0 p0p0on0reset
i1 p0p0on0clock
o0 u0angle0angle
o1 u0angle0resetangle
o2 u0color0color
o3 u0color0incolor
o4 u0radius0radius
o5 u0radius0f1dstartradius1b
o6 u0radius0f1ddec0radius1b
{"is_completed":true,"output_vars":["u0radius0f1ddec0radius1b","u0radius0f1dstartradius1b","u0radius0radius","u0color0incolor","u0color0color","u0angle0resetangle","u0angle0angle"],"input_vars":["p0p0on0reset","p0p0on0clock"],"formula":"(((((G (((! (((u0angle0angle) && (! (u0angle0resetangle))) <-> ((u0angle0resetangle) && (! (u0angle0angle))))) && (! (((u0color0color) && (! (u0color0incolor))) <-> ((u0color0incolor) && (! (u0color0color)))))) && (! (((u0radius0f1dstartradius1b) && (! ((u0radius0f1ddec0radius1b) || (u0radius0radius)))) <-> ((! (((u0radius0f1ddec0radius1b) && (! (u0radius0radius))) <-> ((u0radius0radius) && (! (u0radius0f1ddec0radius1b))))) && (! (u0radius0f1dstartradius1b))))))) && (G (u0color0incolor))) && (G ((p0p0on0reset) <-> (u0radius0f1dstartradius1b)))) && (G ((p0p0on0reset) <-> (u0angle0resetangle)))) && (G (((p0p0on0clock) && (! (p0p0on0reset))) <-> (u0radius0f1ddec0radius1b))))","total_time":123,"automaton":{"is_built":true,"build_duration":3,"total_states":1,"state_based_status":"true","prune_automaton_duration":0,"pruned_state_based_status":"true","prune_total_states":1,"total_edges":1},"dependency":{"dependency_approach":"automaton","tested_dependencies":[{"name":"u0angle0angle","duration":0,"is_dependent":true,"tested_dependency_set":["p0p0on0reset","p0p0on0clock","u0radius0f1ddec0radius1b","u0radius0f1dstartradius1b","u0radius0radius","u0color0incolor","u0color0color","u0angle0resetangle"]},{"name":"u0angle0resetangle","duration":0,"is_dependent":true,"tested_dependency_set":["p0p0on0reset","p0p0on0clock","u0radius0f1ddec0radius1b","u0radius0f1dstartradius1b","u0radius0radius","u0color0incolor","u0color0color"]},{"name":"u0color0color","duration":0,"is_dependent":true,"tested_dependency_set":["p0p0on0reset","p0p0on0clock","u0radius0f1ddec0radius1b","u0radius0f1dstartradius1b","u0radius0radius","u0color0incolor"]},{"name":"u0color0incolor","duration":0,"is_dependent":true,"tested_dependency_set":["p0p0on0reset","p0p0on0clock","u0radius0f1ddec0radius1b","u0radius0f1dstartradius1b","u0radius0radius"]},{"name":"u0radius0radius","duration":0,"is_dependent":true,"tested_dependency_set":["p0p0on0reset","p0p0on0clock","u0radius0f1ddec0radius1b","u0radius0f1dstartradius1b"]},{"name":"u0radius0f1dstartradius1b","duration":0,"is_dependent":true,"tested_dependency_set":["p0p0on0reset","p0p0on0clock","u0radius0f1ddec0radius1b"]},{"name":"u0radius0f1ddec0radius1b","duration":0,"is_dependent":true,"tested_dependency_set":["p0p0on0reset","p0p0on0clock"]}],"total_duration":0,"is_completed":true,"skipped_dependencies":false,"total_pair_state":1,"search_pair_state_duration":0},"unate":{"skipped_unate":true},"synthesis":{"remove_dependent_ap_duration":0,"clone_nba_with_dep":0,"synthesis_dependents_duration":0,"model_checking_status":"UNKNOWN","merge_strategies_duration":118,"final_strategy":{"duration":0,"total_inputs":2,"total_outputs":7,"total_latches":1,"total_gates":6},"independent_strategy":{"duration":0,"realizability":"REALIZABLE","total_inputs":2,"total_outputs":0,"total_latches":0,"total_gates":0},"dependent_strategy":{"duration":0,"total_inputs":2,"total_outputs":7,"total_latches":1,"total_gates":6}}}
