Hierarchy reader flattened 2 instances of logic boxes and left 0 black boxes.
aag 555 10 18 4 527
2
4
6
8
10
12
14
16
18
20
22 699
24 815
26 921
28 1009
30 1
32 0
34 1021
36 1032
38 1037
40 1055
42 1058
44 1070
46 1089
48 1107
50 414
52 1108
54 1110
56 422
179
241
250
479
58 28 26
60 58 24
62 61 19
64 62 17
66 18 15
68 13 5
70 59 25
72 28 24
74 73 23
76 74 71
78 29 26
80 79 25
82 73 22
84 82 81
86 85 77
88 86 68
90 69 60
92 91 11
94 92 89
96 61 4
98 96 10
100 99 95
102 100 66
104 67 60
106 105 16
108 106 103
110 109 65
112 111 21
114 61 14
116 19 15
118 61 22
120 28 25
122 121 118
124 75 68
126 124 123
128 127 92
130 58 25
132 131 74
134 29 27
136 135 25
138 137 118
140 139 133
142 141 5
144 143 97
146 145 10
148 147 129
150 149 116
152 151 115
154 153 16
156 134 22
158 157 133
160 159 116
162 19 14
164 162 141
166 165 161
168 167 17
170 61 18
172 171 169
174 172 155
176 175 20
178 177 113
180 29 25
182 27 24
184 182 12
186 185 181
188 187 23
190 189 135
192 191 66
194 25 22
196 25 2
198 197 23
200 199 195
202 18 14
204 202 134
206 204 201
208 207 193
210 209 17
212 66 16
214 12 11
216 215 25
218 23 10
220 219 217
222 134 5
224 222 221
226 224 212
228 227 211
230 229 21
232 17 15
234 232 20
236 234 19
238 236 130
240 239 231
242 28 27
244 243 79
246 245 24
248 246 22
250 248 236
252 240 178
254 252 251
256 241 179
258 257 251
260 259 253
262 7 5
264 10 8
266 264 262
268 11 7
270 268 68
272 271 267
274 66 21
276 116 20
278 277 275
280 33 30
282 281 16
284 282 279
286 284 273
288 286 261
290 261 36
292 291 289
294 16 11
296 294 38
298 296 261
300 38 17
302 300 261
304 303 299
306 304 292
308 215 5
310 308 212
312 18 17
314 14 2
316 315 312
318 317 311
320 319 21
322 308 15
324 323 16
326 325 19
328 326 20
330 329 321
332 331 281
334 332 261
336 53 45
338 337 232
340 325 18
342 341 21
344 327 20
346 345 343
348 346 42
350 349 339
352 350 335
354 313 21
356 19 17
358 357 20
360 13 6
362 361 281
364 362 359
366 364 355
368 366 261
370 261 34
372 371 369
374 372 352
376 374 306
378 377 254
380 261 234
382 380 54
384 383 280
386 385 254
388 42 12
390 388 359
392 390 355
394 392 261
396 394 254
398 314 18
400 398 254
402 400 44
404 51 41
406 405 21
408 406 254
410 405 20
412 410 251
414 412 240
416 414 178
418 57 49
420 419 18
422 420 252
424 423 417
426 424 409
428 426 403
430 428 397
432 347 261
434 254 42
436 434 432
438 55 53
440 399 233
442 440 254
444 443 401
446 445 439
448 447 437
450 448 430
452 450 387
454 440 44
456 419 19
458 17 7
460 458 46
462 16 7
464 462 46
466 465 461
468 466 457
470 468 455
472 471 261
474 472 254
476 475 452
478 476 379
480 182 23
482 245 23
484 483 12
486 23 7
488 486 244
490 135 22
492 360 58
494 493 491
496 494 489
498 496 485
500 499 25
502 501 481
504 503 3
506 245 25
508 78 24
510 509 507
512 511 23
514 59 24
516 514 22
518 517 513
520 519 12
522 13 7
524 78 25
526 525 118
528 527 483
530 529 522
532 134 24
534 59 23
536 534 533
538 537 527
540 539 360
542 541 531
544 542 521
546 545 2
548 547 505
550 549 202
552 26 25
554 553 183
556 135 83
558 556 554
560 559 12
562 74 13
564 180 6
566 565 244
568 566 562
570 244 25
572 571 82
574 573 569
576 574 561
578 577 66
580 579 63
582 580 551
584 583 17
586 136 22
588 242 24
590 589 131
592 591 23
594 593 587
596 595 5
598 597 97
600 599 10
602 515 131
604 603 23
606 134 25
608 607 82
610 609 68
612 610 605
614 613 92
616 615 66
618 616 601
620 619 106
622 621 585
624 623 21
626 29 24
628 627 121
630 629 23
632 631 573
634 633 360
636 525 74
638 637 573
640 639 522
642 61 12
644 643 641
646 644 635
648 647 116
650 515 137
652 487 13
654 652 650
656 653 60
658 657 162
660 658 655
662 661 171
664 662 649
666 665 17
668 246 23
670 517 137
672 670 669
674 673 5
676 675 97
678 677 10
680 650 68
682 681 92
684 683 116
686 684 679
688 117 60
690 689 16
692 690 687
694 693 667
696 695 20
698 697 625
700 481 13
702 553 29
704 486 25
706 705 702
708 706 700
710 709 521
712 711 3
714 518 360
716 534 183
718 517 361
720 718 717
722 721 2
724 722 715
726 725 713
728 727 202
730 571 509
732 731 22
734 247 181
736 735 23
738 737 733
740 739 360
742 525 247
744 743 23
746 745 733
748 747 522
750 554 482
752 751 249
754 753 12
756 755 749
758 756 741
760 759 66
762 761 729
764 763 17
766 765 227
768 767 21
770 116 16
772 770 224
774 131 12
776 774 249
778 27 7
780 779 25
782 242 6
784 783 780
786 589 23
788 786 785
790 509 22
792 790 607
794 793 789
796 795 13
798 797 777
800 799 15
802 652 606
804 803 14
806 805 356
808 806 801
810 809 773
812 811 20
814 813 769
816 507 74
818 817 85
820 819 522
822 360 87
824 823 643
826 824 821
828 827 3
830 605 83
832 831 13
834 651 23
836 835 119
838 837 12
840 839 833
842 841 2
844 843 829
846 845 202
848 525 183
850 849 22
852 851 77
854 853 360
856 851 817
858 857 522
860 157 24
862 860 535
864 863 12
866 865 859
868 866 855
870 869 66
872 871 63
874 872 847
876 875 17
878 877 109
880 879 21
882 827 162
884 28 22
886 885 27
888 887 71
890 889 12
892 29 23
894 892 781
896 22 13
898 896 555
900 899 895
902 900 891
904 903 116
906 905 171
908 906 883
910 909 17
912 116 100
914 913 690
916 915 911
918 917 20
920 919 881
922 589 81
924 923 22
926 703 534
928 927 925
930 929 522
932 627 534
934 933 925
936 935 360
938 937 931
940 939 3
942 553 243
944 943 13
946 535 25
948 947 481
950 948 945
952 951 2
954 953 941
956 955 202
958 80 22
960 959 927
962 961 522
964 959 933
966 965 360
968 967 963
970 969 66
972 971 63
974 972 957
976 21 17
978 976 975
980 61 16
982 939 162
984 194 27
986 985 927
988 987 522
990 985 933
992 991 360
994 993 989
996 995 116
998 997 171
1000 998 983
1002 20 17
1004 1002 1001
1006 1005 981
1008 1006 979
1010 280 43
1012 1011 432
1014 460 261
1016 1015 371
1018 1016 299
1020 1018 1013
1022 438 45
1024 1023 233
1026 1025 37
1028 1027 399
1030 1029 333
1032 1031 261
1034 395 369
1036 1034 303
1038 346 240
1040 340 21
1042 1040 178
1044 1043 1039
1046 1011 251
1048 1046 253
1050 1048 1045
1052 406 261
1054 1053 1051
1056 1011 346
1058 1056 261
1060 976 281
1062 336 55
1064 1062 37
1066 1064 1061
1068 1067 398
1070 1068 261
1072 16 8
1074 1072 42
1076 262 215
1078 1076 1074
1080 1078 279
1082 1080 261
1084 464 261
1086 1085 289
1088 1086 1083
1090 419 261
1092 1090 19
1094 1038 250
1096 328 241
1098 1096 251
1100 1099 1095
1102 1101 1011
1104 1102 178
1106 1105 1093
1108 338 261
1110 1063 380
i0 p0p0bright0outside29brightness
i1 p0b02room29bed29occupied
i2 p0b02room29sombebody2enters
i3 p0b02room29somebody2leaves
i4 p0b02room29sombebody2leaves
i5 p0b02room29somebody2enters
i6 p0b02room29switch29toggled
i7 p0b02room29empty
i8 p0b02roomlight29off
i9 p0b02roomlight29on
o0 u02roomlight29light0f1d2roomlight29turn2on1b
o1 u02roomlight29light0f1d2roomlight29toggle1b
o2 u02roomlight29light0f1d2roomlight29turn2off1b
o3 u02roomlight29light02roomlight29light
{"is_completed":true,"output_vars":["u02roomlight29light0f1d2roomlight29turn2off1b","u02roomlight29light0f1d2roomlight29toggle1b","u02roomlight29light0f1d2roomlight29turn2on1b","u02roomlight29light02roomlight29light"],"input_vars":["p0p0bright0outside29brightness","p0b02room29bed29occupied","p0b02room29sombebody2enters","p0b02room29somebody2leaves","p0b02room29sombebody2leaves","p0b02room29somebody2enters","p0b02room29switch29toggled","p0b02room29empty","p0b02roomlight29off","p0b02roomlight29on"],"formula":"((G (! (((! (((u02roomlight29light0f1d2roomlight29toggle1b) && (! (u02roomlight29light02roomlight29light))) <-> ((u02roomlight29light02roomlight29light) && (! (u02roomlight29light0f1d2roomlight29toggle1b))))) && (! ((u02roomlight29light0f1d2roomlight29turn2off1b) || (u02roomlight29light0f1d2roomlight29turn2on1b)))) <-> ((! (((u02roomlight29light0f1d2roomlight29turn2off1b) && (! (u02roomlight29light0f1d2roomlight29turn2on1b))) <-> ((u02roomlight29light0f1d2roomlight29turn2on1b) && (! (u02roomlight29light0f1d2roomlight29turn2off1b))))) && (! ((u02roomlight29light0f1d2roomlight29toggle1b) || (u02roomlight29light02roomlight29light))))))) && (((((((((G (! ((p0b02roomlight29on) <-> (p0b02roomlight29off)))) && (G (((u02roomlight29light0f1d2roomlight29turn2on1b) || ((u02roomlight29light0f1d2roomlight29toggle1b) && (p0b02roomlight29off))) -> (X (F (((u02roomlight29light0f1d2roomlight29turn2off1b) || (u02roomlight29light0f1d2roomlight29toggle1b)) R (p0b02roomlight29on))))))) && (G (((u02roomlight29light0f1d2roomlight29turn2off1b) || ((u02roomlight29light0f1d2roomlight29toggle1b) && (p0b02roomlight29on))) -> (X (F (((u02roomlight29light0f1d2roomlight29turn2on1b) || (u02roomlight29light0f1d2roomlight29toggle1b)) R (p0b02roomlight29off))))))) && (G ((p0b02room29empty) -> (! (p0b02room29switch29toggled))))) && (G ((p0b02room29somebody2enters) -> (((! (p0b02room29empty)) U ((p0b02room29sombebody2leaves) && (p0b02room29empty))) || (G (! (p0b02room29empty))))))) && (G (((p0b02room29somebody2leaves) && (p0b02room29empty)) -> (((p0b02room29empty) U (p0b02room29sombebody2enters)) || (G (p0b02room29empty)))))) && (G ((p0b02room29bed29occupied) -> (! (p0b02room29empty))))) && ((((! (p0b02room29empty)) U ((p0b02room29sombebody2leaves) && (p0b02room29empty))) || (G (! (p0b02room29empty)))) || (((p0b02room29empty) U (p0b02room29sombebody2enters)) || (G (p0b02room29empty))))) -> (G ((p0p0bright0outside29brightness) -> (((p0b02room29switch29toggled) && (p0b02roomlight29off)) -> (X (F (((p0b02roomlight29on) U ((p0b02room29switch29toggled) || (p0b02room29empty))) || (G (p0b02roomlight29on))))))))))","total_time":431,"automaton":{"is_built":true,"build_duration":26,"total_states":13,"state_based_status":"true","prune_automaton_duration":0,"pruned_state_based_status":"true","prune_total_states":13,"total_edges":40},"dependency":{"dependency_approach":"automaton","tested_dependencies":[{"name":"u02roomlight29light02roomlight29light","duration":1,"is_dependent":true,"tested_dependency_set":["p0p0bright0outside29brightness","p0b02room29bed29occupied","p0b02room29sombebody2enters","p0b02room29somebody2leaves","p0b02room29sombebody2leaves","p0b02room29somebody2enters","p0b02room29switch29toggled","p0b02room29empty","p0b02roomlight29off","p0b02roomlight29on","u02roomlight29light0f1d2roomlight29turn2off1b","u02roomlight29light0f1d2roomlight29toggle1b","u02roomlight29light0f1d2roomlight29turn2on1b"]},{"name":"u02roomlight29light0f1d2roomlight29turn2on1b","duration":0,"is_dependent":false,"tested_dependency_set":["p0p0bright0outside29brightness","p0b02room29bed29occupied","p0b02room29sombebody2enters","p0b02room29somebody2leaves","p0b02room29sombebody2leaves","p0b02room29somebody2enters","p0b02room29switch29toggled","p0b02room29empty","p0b02roomlight29off","p0b02roomlight29on","u02roomlight29light0f1d2roomlight29turn2off1b","u02roomlight29light0f1d2roomlight29toggle1b"]},{"name":"u02roomlight29light0f1d2roomlight29toggle1b","duration":0,"is_dependent":false,"tested_dependency_set":["p0p0bright0outside29brightness","p0b02room29bed29occupied","p0b02room29sombebody2enters","p0b02room29somebody2leaves","p0b02room29sombebody2leaves","p0b02room29somebody2enters","p0b02room29switch29toggled","p0b02room29empty","p0b02roomlight29off","p0b02roomlight29on","u02roomlight29light0f1d2roomlight29turn2off1b","u02roomlight29light0f1d2roomlight29turn2on1b"]},{"name":"u02roomlight29light0f1d2roomlight29turn2off1b","duration":0,"is_dependent":false,"tested_dependency_set":["p0p0bright0outside29brightness","p0b02room29bed29occupied","p0b02room29sombebody2enters","p0b02room29somebody2leaves","p0b02room29sombebody2leaves","p0b02room29somebody2enters","p0b02room29switch29toggled","p0b02room29empty","p0b02roomlight29off","p0b02roomlight29on","u02roomlight29light0f1d2roomlight29turn2on1b","u02roomlight29light0f1d2roomlight29toggle1b"]}],"total_duration":1,"is_completed":true,"skipped_dependencies":false,"total_pair_state":71,"search_pair_state_duration":0},"unate":{"skipped_unate":true},"synthesis":{"remove_dependent_ap_duration":0,"clone_nba_with_dep":0,"synthesis_dependents_duration":1,"model_checking_status":"UNKNOWN","merge_strategies_duration":141,"final_strategy":{"duration":1,"total_inputs":13,"total_outputs":1,"total_latches":13,"total_gates":439},"independent_strategy":{"duration":260,"realizability":"REALIZABLE","total_inputs":10,"total_outputs":3,"total_latches":4,"total_gates":507},"dependent_strategy":{"duration":1,"total_inputs":13,"total_outputs":1,"total_latches":13,"total_gates":439}}}
