Hierarchy reader flattened 2 instances of logic boxes and left 0 black boxes.
aag 10 1 3 4 6
2
4 1
6 21
8 10
2
0
0
16
10 8 3
12 7 4
14 12 11
16 15 3
18 8 2
20 19 12
i0 p0b0timeout
o0 u0system29start2new2timer0f1dmin25231b
o1 u0system29start2new2timer0f1dhour241b
o2 u0system29start2new2timer0f1dhour251b
o3 u0system29start2new2timer0system29start2new2timer
{"is_completed":true,"output_vars":["u0system29start2new2timer0f1dhour251b","u0system29start2new2timer0f1dhour241b","u0system29start2new2timer0f1dmin25231b","u0system29start2new2timer0system29start2new2timer"],"input_vars":["p0b0timeout"],"formula":"((((G (! (((! (((u0system29start2new2timer0f1dhour241b) && (! (u0system29start2new2timer0system29start2new2timer))) <-> ((u0system29start2new2timer0system29start2new2timer) && (! (u0system29start2new2timer0f1dhour241b))))) && (! ((u0system29start2new2timer0f1dhour251b) || (u0system29start2new2timer0f1dmin25231b)))) <-> ((! (((u0system29start2new2timer0f1dhour251b) && (! (u0system29start2new2timer0f1dmin25231b))) <-> ((u0system29start2new2timer0f1dmin25231b) && (! (u0system29start2new2timer0f1dhour251b))))) && (! ((u0system29start2new2timer0f1dhour241b) || (u0system29start2new2timer0system29start2new2timer))))))) && (G ((u0system29start2new2timer0f1dmin25231b) -> (F (p0b0timeout))))) && (G ((u0system29start2new2timer0f1dhour241b) -> (F (p0b0timeout))))) && (G ((u0system29start2new2timer0f1dhour251b) -> (F (p0b0timeout)))))","total_time":89,"automaton":{"is_built":true,"build_duration":1,"total_states":2,"state_based_status":"true","prune_automaton_duration":0,"pruned_state_based_status":"true","prune_total_states":2,"total_edges":4},"dependency":{"dependency_approach":"automaton","tested_dependencies":[{"name":"u0system29start2new2timer0system29start2new2timer","duration":0,"is_dependent":true,"tested_dependency_set":["p0b0timeout","u0system29start2new2timer0f1dhour251b","u0system29start2new2timer0f1dhour241b","u0system29start2new2timer0f1dmin25231b"]},{"name":"u0system29start2new2timer0f1dmin25231b","duration":0,"is_dependent":false,"tested_dependency_set":["p0b0timeout","u0system29start2new2timer0f1dhour251b","u0system29start2new2timer0f1dhour241b"]},{"name":"u0system29start2new2timer0f1dhour241b","duration":0,"is_dependent":false,"tested_dependency_set":["p0b0timeout","u0system29start2new2timer0f1dhour251b","u0system29start2new2timer0f1dmin25231b"]},{"name":"u0system29start2new2timer0f1dhour251b","duration":0,"is_dependent":false,"tested_dependency_set":["p0b0timeout","u0system29start2new2timer0f1dmin25231b","u0system29start2new2timer0f1dhour241b"]}],"total_duration":0,"is_completed":true,"skipped_dependencies":false,"total_pair_state":2,"search_pair_state_duration":0},"unate":{"skipped_unate":true},"synthesis":{"remove_dependent_ap_duration":0,"clone_nba_with_dep":0,"synthesis_dependents_duration":0,"model_checking_status":"UNKNOWN","merge_strategies_duration":75,"final_strategy":{"duration":0,"total_inputs":4,"total_outputs":1,"total_latches":2,"total_gates":40},"independent_strategy":{"duration":0,"realizability":"REALIZABLE","total_inputs":1,"total_outputs":3,"total_latches":0,"total_gates":0},"dependent_strategy":{"duration":0,"total_inputs":4,"total_outputs":1,"total_latches":2,"total_gates":40}}}
