Hierarchy reader flattened 2 instances of logic boxes and left 0 black boxes.
aag 848 7 22 8 819
2
4
6
8
10
12
14
16 1293
18 1356
20 1469
22 1589
24 1
26 0
28 1597
30 1621
32 1057
34 1625
36 1629
38 1633
40 1639
42 1653
44 1673
46 1679
48 1685
50 1689
52 1693
54 1697
56 1078
58 480
229
323
342
358
0
441
887
1129
60 22 20
62 60 18
64 62 16
66 13 7
68 67 64
70 69 4
72 22 16
74 73 19
76 75 2
78 23 17
80 18 16
82 81 21
84 82 79
86 84 77
88 87 66
90 89 70
92 13 6
94 93 64
96 95 5
98 23 21
100 98 18
102 23 19
104 103 101
106 105 17
108 20 19
110 21 18
112 111 109
114 113 16
116 115 107
118 116 92
120 119 96
122 121 91
124 123 11
126 65 10
128 127 125
130 129 9
132 120 10
134 67 4
136 134 65
138 113 78
140 139 115
142 140 92
144 96 11
146 144 143
148 147 137
150 148 133
152 151 8
154 153 131
156 155 14
158 7 4
160 22 21
162 161 19
164 163 17
166 164 101
168 23 20
170 169 18
172 171 16
174 172 109
176 175 167
178 176 158
180 6 5
182 180 116
184 183 179
186 185 10
188 181 159
190 188 64
192 191 15
194 169 161
196 194 19
198 197 17
200 61 16
202 201 158
204 202 199
206 98 19
208 63 16
210 208 207
212 22 19
214 213 17
216 215 180
218 216 211
220 219 205
222 221 11
224 223 192
226 224 187
228 227 157
230 177 2
232 168 18
234 232 3
236 234 17
238 237 231
240 92 5
242 240 239
244 66 4
246 60 19
248 247 111
250 249 16
252 250 3
254 100 17
256 110 16
258 256 2
260 259 255
262 260 253
264 263 244
266 265 243
268 267 11
270 257 107
272 244 10
274 272 271
276 275 269
278 277 8
280 99 18
282 280 17
284 172 163
286 285 283
288 287 2
290 289 235
292 291 240
294 98 17
296 295 257
298 297 244
300 299 293
302 11 9
304 302 301
306 305 279
308 307 14
310 270 10
312 158 15
314 206 17
316 315 11
318 317 312
320 318 311
322 321 309
324 18 3
326 324 20
328 326 73
330 329 289
332 302 244
334 332 331
336 244 8
338 336 177
340 339 335
342 341 14
344 247 17
346 208 109
348 347 345
350 349 240
352 244 117
354 353 351
356 14 8
358 356 355
360 189 3
362 360 196
364 65 11
366 364 363
368 65 2
370 160 16
372 371 165
374 373 3
376 375 369
378 376 189
380 191 10
382 380 379
384 383 367
386 385 15
388 377 13
390 65 12
392 391 189
394 392 389
396 191 11
398 396 395
400 399 127
402 401 9
404 108 79
406 404 2
408 407 92
410 409 96
412 160 19
414 412 16
416 415 167
418 417 3
420 104 17
422 421 175
424 423 2
426 425 66
428 426 419
430 429 70
432 431 411
434 433 8
436 435 403
438 437 14
440 439 387
442 441 358
444 443 322
446 57 47
448 447 4
450 448 444
452 323 229
454 15 11
456 454 36
458 456 453
460 15 9
462 460 34
464 462 453
466 465 459
468 467 322
470 469 451
472 471 343
474 59 49
476 475 6
478 476 343
480 478 444
482 481 473
484 483 228
486 322 228
488 486 343
490 443 5
492 490 488
494 453 343
496 495 487
498 497 490
500 498 46
502 500 492
504 443 7
506 504 488
508 504 497
510 508 48
512 510 506
514 513 503
516 189 15
518 245 241
520 10 9
522 521 14
524 522 519
526 525 517
528 526 443
530 528 488
532 528 497
534 532 32
536 534 530
538 343 228
540 538 444
542 497 443
544 14 11
546 544 36
548 546 542
550 548 540
552 551 537
554 552 514
556 554 485
558 440 358
560 558 10
562 357 10
564 563 561
566 565 488
568 565 497
570 568 52
572 45 43
574 573 568
576 568 50
578 577 575
580 578 571
582 581 566
584 561 356
586 585 30
588 586 497
590 11 3
592 590 558
594 592 42
596 11 2
598 596 4
600 598 558
602 600 30
604 27 24
606 519 11
608 606 356
610 608 605
612 610 558
614 14 9
616 614 34
618 617 613
620 618 603
622 620 595
624 622 589
626 559 356
628 40 11
630 628 627
632 630 497
634 590 357
636 635 593
638 637 50
640 638 497
642 641 633
644 642 624
646 440 359
648 521 13
650 649 14
652 604 33
654 653 360
656 654 651
658 656 443
660 658 647
662 357 11
664 596 558
666 665 663
668 667 42
670 669 661
672 671 497
674 568 40
676 675 673
678 676 644
680 679 488
682 681 583
684 682 556
686 627 598
688 686 488
690 686 497
692 690 40
694 690 52
696 695 693
698 697 688
700 608 542
702 700 605
704 608 540
706 704 702
708 707 699
710 700 32
712 710 704
714 11 8
716 714 14
718 716 558
720 718 486
722 13 2
724 722 189
726 724 720
728 726 342
730 724 718
732 730 494
734 733 729
736 735 605
738 726 343
740 738 736
742 741 713
744 742 708
746 527 443
748 746 322
750 748 228
752 750 343
754 746 497
756 754 605
758 756 752
760 590 4
762 760 558
764 760 357
766 765 763
768 767 488
770 767 497
772 770 52
774 772 768
776 775 759
778 754 32
780 778 752
782 520 516
784 782 443
786 784 497
788 786 605
790 788 488
792 791 781
794 792 776
796 627 596
798 796 497
800 798 50
802 662 4
804 803 601
806 805 497
808 806 44
810 809 801
812 811 488
814 508 58
816 814 506
818 605 532
820 818 530
822 821 817
824 822 813
826 824 794
828 568 54
830 828 566
832 690 54
834 832 688
836 835 831
838 770 54
840 838 768
842 498 56
844 842 492
846 845 841
848 846 836
850 38 3
852 850 542
854 852 540
856 762 497
858 856 44
860 858 488
862 861 855
864 542 28
866 864 540
868 718 497
870 868 30
872 720 343
874 872 870
876 875 867
878 876 862
880 878 848
882 880 826
884 882 744
886 884 684
888 487 342
890 646 453
892 890 889
894 892 7
896 894 510
898 892 562
900 898 576
902 901 897
904 440 357
906 904 596
908 906 800
910 892 782
912 910 788
914 913 909
916 914 902
918 892 526
920 918 534
922 598 357
924 922 892
926 924 692
928 927 921
930 892 802
932 930 808
934 892 5
936 934 500
938 937 933
940 938 928
942 940 916
944 690 50
946 833 695
948 946 945
950 949 924
952 892 764
954 952 838
956 646 527
958 956 322
960 958 229
962 646 228
964 522 244
966 965 313
968 967 323
970 968 962
972 971 961
974 973 343
976 443 228
978 976 967
980 979 749
982 487 343
984 982 981
986 984 605
988 986 974
990 668 497
992 991 633
994 892 662
996 994 993
998 997 989
1000 998 955
1002 1000 951
1004 1002 942
1006 853 549
1008 1007 892
1010 342 228
1012 1010 958
1014 180 15
1016 522 240
1018 1017 1015
1020 1019 343
1022 1020 323
1024 1022 962
1026 1025 1013
1028 750 342
1030 1022 976
1032 1031 1029
1034 1033 32
1036 1034 1027
1038 1037 1009
1040 829 571
1042 1041 898
1044 770 50
1046 1045 773
1048 1047 952
1050 1049 1043
1052 1050 1038
1054 892 702
1056 779 757
1058 956 497
1060 1058 1057
1062 1061 1055
1064 819 815
1066 1065 892
1068 675 575
1070 1069 898
1072 1071 1067
1074 1072 1062
1076 892 864
1078 450 228
1080 1079 481
1082 646 322
1084 1082 1081
1086 892 467
1088 1087 1085
1090 1088 1077
1092 984 32
1094 1092 974
1096 934 842
1098 1097 1095
1100 1098 1090
1102 1033 605
1104 1102 1027
1106 892 634
1108 1106 640
1110 904 588
1112 616 497
1114 1112 646
1116 1115 1111
1118 1116 1109
1120 1118 1105
1122 1120 1100
1124 1122 1074
1126 1124 1052
1128 1126 1004
1130 314 3
1132 196 16
1134 21 19
1136 17 2
1138 1136 1134
1140 1139 1133
1142 1140 1131
1144 1143 158
1146 1137 206
1148 1147 1139
1150 1149 180
1152 1151 1145
1154 1153 11
1156 99 19
1158 1157 208
1160 214 101
1162 1161 1159
1164 1163 3
1166 349 2
1168 1167 1165
1170 1169 180
1172 413 208
1174 1173 1161
1176 1175 3
1178 345 209
1180 1179 2
1182 1181 1177
1184 1183 158
1186 1185 1171
1188 1187 10
1190 1189 1155
1192 1191 15
1194 22 18
1196 1195 164
1198 1197 415
1200 1199 3
1202 1201 1167
1204 1203 240
1206 168 19
1208 1206 16
1210 1209 139
1212 1211 3
1214 141 2
1216 1215 1213
1218 1217 244
1220 1219 1205
1222 1221 11
1224 1169 240
1226 102 17
1228 1227 115
1230 1229 3
1232 117 2
1234 1233 1231
1236 1235 244
1238 1237 1225
1240 1239 10
1242 1241 1223
1244 1243 8
1246 23 18
1248 1247 1135
1250 1249 16
1252 1251 79
1254 1253 3
1256 1255 1167
1258 1257 240
1260 281 16
1262 1261 107
1264 1263 3
1266 61 19
1268 1267 17
1270 1268 101
1272 111 16
1274 1272 163
1276 1275 2
1278 1276 1271
1280 1279 1265
1282 1281 244
1284 1283 1259
1286 1285 302
1288 1287 1245
1290 1289 14
1292 1291 1193
1294 1207 1195
1296 1295 17
1298 1297 257
1300 1299 3
1302 257 139
1304 1303 2
1306 1305 1301
1308 1307 240
1310 160 18
1312 1311 1207
1314 1313 17
1316 1315 257
1318 1317 3
1320 1319 1305
1322 1321 244
1324 1323 1309
1326 1325 302
1328 1195 103
1330 1329 17
1332 1331 1159
1334 1333 3
1336 271 2
1338 1337 1335
1340 1339 240
1342 1227 251
1344 1343 3
1346 1345 1305
1348 1347 244
1350 1349 1341
1352 1351 714
1354 1353 1327
1356 1355 14
1358 1135 17
1360 1359 211
1362 189 11
1364 1362 1360
1366 189 10
1368 1366 405
1370 1369 192
1372 1370 1365
1374 1361 2
1376 20 17
1378 1247 109
1380 1379 16
1382 1381 1377
1384 1383 3
1386 1385 92
1388 1386 1375
1390 1389 96
1392 1269 211
1394 1393 2
1396 1268 111
1398 1397 1381
1400 1399 3
1402 1401 66
1404 1402 1395
1406 1405 70
1408 1407 1391
1410 1409 11
1412 1411 127
1414 1413 9
1416 413 172
1418 1417 1397
1420 1419 3
1422 368 315
1424 1423 92
1426 1424 1421
1428 1427 96
1430 421 173
1432 1431 3
1434 1206 17
1436 1435 368
1438 1437 66
1440 1438 1433
1442 1441 70
1444 1443 1429
1446 1445 11
1448 1430 66
1450 1449 70
1452 405 92
1454 1453 96
1456 1455 1451
1458 1457 10
1460 1459 1447
1462 1461 8
1464 1463 1415
1466 1465 14
1468 1467 1373
1470 207 17
1472 1471 211
1474 1473 3
1476 1375 1362
1478 1476 1475
1480 1157 16
1482 1161 3
1484 1482 1481
1486 1485 407
1488 1486 1366
1490 1489 192
1492 1490 1479
1494 1311 1157
1496 1495 16
1498 103 17
1500 1498 233
1502 1501 1497
1504 1503 3
1506 1505 408
1508 1507 96
1510 172 103
1512 1511 1271
1514 1513 2
1516 194 16
1518 1517 18
1520 1519 213
1522 1521 3
1524 1523 66
1526 1524 1515
1528 1527 70
1530 1529 1509
1532 1531 11
1534 1533 127
1536 1535 9
1538 1470 233
1540 1539 211
1542 1541 3
1544 1543 408
1546 1545 96
1548 1471 347
1550 1549 3
1552 1551 426
1554 1553 70
1556 1555 1547
1558 1557 11
1560 1486 92
1562 1561 96
1564 1431 2
1566 1499 173
1568 1567 3
1570 1569 66
1572 1570 1565
1574 1573 70
1576 1575 1563
1578 1577 10
1580 1579 1559
1582 1581 8
1584 1583 1537
1586 1585 14
1588 1587 1493
1590 1113 459
1592 1590 819
1594 865 535
1596 1594 1592
1598 829 589
1600 614 606
1602 1601 517
1604 1603 443
1606 519 356
1608 1606 560
1610 1609 1605
1612 605 497
1614 1612 1611
1616 1615 675
1618 1616 1598
1620 1618 580
1622 786 653
1624 1623 465
1626 703 549
1628 1626 711
1630 660 497
1632 1631 853
1634 612 497
1636 1635 633
1638 1636 871
1640 798 40
1642 664 30
1644 1642 497
1646 1645 991
1648 1646 801
1650 1648 1641
1652 1650 737
1654 605 158
1656 1654 722
1658 1656 868
1660 806 573
1662 1661 945
1664 1662 1659
1666 602 497
1668 1667 833
1670 1668 696
1672 1670 1664
1674 843 501
1676 1674 1103
1678 1676 1035
1680 815 511
1682 1093 987
1684 1682 1680
1686 594 497
1688 1687 641
1690 856 42
1692 1691 1045
1694 859 773
1696 1694 839
i0 p0b0timeout
i1 p0b0room29light29off
i2 p0b0room29light29on
i3 p0b0room29somebody2leaves
i4 p0b0room29somebody2enters
i5 p0b0switch29toggled
i6 p0b0room29empty
o0 u0room29light0f1dturn2on1b
o1 u0room29light0f1dtoggle1b
o2 u0room29light0f1dturn2off1b
o3 u0system29start2new2timer0f1dhour251b
o4 u0system29start2new2timer0f1dhour241b
o5 u0system29start2new2timer0f1dmin25231b
o6 u0room29light0room29light
o7 u0system29start2new2timer0system29start2new2timer
{"is_completed":true,"output_vars":["u0system29start2new2timer0f1dmin25231b","u0system29start2new2timer0f1dhour241b","u0system29start2new2timer0f1dhour251b","u0system29start2new2timer0system29start2new2timer","u0room29light0f1dturn2off1b","u0room29light0f1dtoggle1b","u0room29light0f1dturn2on1b","u0room29light0room29light"],"input_vars":["p0b0timeout","p0b0room29light29off","p0b0room29light29on","p0b0room29somebody2leaves","p0b0room29somebody2enters","p0b0switch29toggled","p0b0room29empty"],"formula":"((G ((! (((! (((u0room29light0f1dtoggle1b) && (! (u0room29light0room29light))) <-> ((u0room29light0room29light) && (! (u0room29light0f1dtoggle1b))))) && (! ((u0room29light0f1dturn2off1b) || (u0room29light0f1dturn2on1b)))) <-> ((! (((u0room29light0f1dturn2off1b) && (! (u0room29light0f1dturn2on1b))) <-> ((u0room29light0f1dturn2on1b) && (! (u0room29light0f1dturn2off1b))))) && (! ((u0room29light0f1dtoggle1b) || (u0room29light0room29light)))))) && (! (((! (((u0system29start2new2timer0f1dhour241b) && (! (u0system29start2new2timer0system29start2new2timer))) <-> ((u0system29start2new2timer0system29start2new2timer) && (! (u0system29start2new2timer0f1dhour241b))))) && (! ((u0system29start2new2timer0f1dmin25231b) || (u0system29start2new2timer0f1dhour251b)))) <-> ((! (((u0system29start2new2timer0f1dmin25231b) && (! (u0system29start2new2timer0f1dhour251b))) <-> ((u0system29start2new2timer0f1dhour251b) && (! (u0system29start2new2timer0f1dmin25231b))))) && (! ((u0system29start2new2timer0f1dhour241b) || (u0system29start2new2timer0system29start2new2timer)))))))) && ((((((((((G ((p0b0room29empty) -> (! (p0b0switch29toggled)))) && (G ((p0b0room29somebody2enters) -> (((! (p0b0room29empty)) U (p0b0room29somebody2leaves)) || (G (! (p0b0room29empty))))))) && (G (((p0b0room29somebody2leaves) && (p0b0room29empty)) -> (((p0b0room29empty) U (p0b0room29somebody2enters)) || (G (p0b0room29empty)))))) && (G (! ((p0b0room29light29on) <-> (p0b0room29light29off))))) && (G (((u0room29light0f1dturn2on1b) || ((u0room29light0f1dtoggle1b) && (p0b0room29light29off))) -> (X (F (((u0room29light0f1dturn2off1b) || (u0room29light0f1dtoggle1b)) R (p0b0room29light29on))))))) && (G (((u0room29light0f1dturn2off1b) || ((u0room29light0f1dtoggle1b) && (p0b0room29light29on))) -> (X (F (((u0room29light0f1dturn2on1b) || (u0room29light0f1dtoggle1b)) R (p0b0room29light29off))))))) && (G ((u0system29start2new2timer0f1dhour251b) -> (F (p0b0timeout))))) && (G ((u0system29start2new2timer0f1dhour241b) -> (F (p0b0timeout))))) && (G ((u0system29start2new2timer0f1dmin25231b) -> (F (p0b0timeout))))) -> (G (((p0b0room29somebody2leaves) && (p0b0room29empty)) -> ((u0system29start2new2timer0f1dhour251b) && (F ((p0b0room29somebody2enters) || ((p0b0timeout) && (F (((p0b0room29light29off) U (p0b0room29somebody2enters)) || (G (p0b0room29light29off))))))))))))","total_time":552,"automaton":{"is_built":true,"build_duration":25,"total_states":17,"state_based_status":"true","prune_automaton_duration":0,"pruned_state_based_status":"true","prune_total_states":17,"total_edges":59},"dependency":{"dependency_approach":"automaton","tested_dependencies":[{"name":"u0room29light0room29light","duration":4,"is_dependent":true,"tested_dependency_set":["p0b0timeout","p0b0room29light29off","p0b0room29light29on","p0b0room29somebody2leaves","p0b0room29somebody2enters","p0b0switch29toggled","p0b0room29empty","u0system29start2new2timer0f1dmin25231b","u0system29start2new2timer0f1dhour241b","u0system29start2new2timer0f1dhour251b","u0system29start2new2timer0system29start2new2timer","u0room29light0f1dturn2off1b","u0room29light0f1dtoggle1b","u0room29light0f1dturn2on1b"]},{"name":"u0room29light0f1dturn2on1b","duration":0,"is_dependent":false,"tested_dependency_set":["p0b0timeout","p0b0room29light29off","p0b0room29light29on","p0b0room29somebody2leaves","p0b0room29somebody2enters","p0b0switch29toggled","p0b0room29empty","u0system29start2new2timer0f1dmin25231b","u0system29start2new2timer0f1dhour241b","u0system29start2new2timer0f1dhour251b","u0system29start2new2timer0system29start2new2timer","u0room29light0f1dturn2off1b","u0room29light0f1dtoggle1b"]},{"name":"u0room29light0f1dtoggle1b","duration":0,"is_dependent":false,"tested_dependency_set":["p0b0timeout","p0b0room29light29off","p0b0room29light29on","p0b0room29somebody2leaves","p0b0room29somebody2enters","p0b0switch29toggled","p0b0room29empty","u0system29start2new2timer0f1dmin25231b","u0system29start2new2timer0f1dhour241b","u0system29start2new2timer0f1dhour251b","u0system29start2new2timer0system29start2new2timer","u0room29light0f1dturn2off1b","u0room29light0f1dturn2on1b"]},{"name":"u0room29light0f1dturn2off1b","duration":0,"is_dependent":false,"tested_dependency_set":["p0b0timeout","p0b0room29light29off","p0b0room29light29on","p0b0room29somebody2leaves","p0b0room29somebody2enters","p0b0switch29toggled","p0b0room29empty","u0system29start2new2timer0f1dmin25231b","u0system29start2new2timer0f1dhour241b","u0system29start2new2timer0f1dhour251b","u0system29start2new2timer0system29start2new2timer","u0room29light0f1dturn2on1b","u0room29light0f1dtoggle1b"]},{"name":"u0system29start2new2timer0system29start2new2timer","duration":7,"is_dependent":true,"tested_dependency_set":["p0b0timeout","p0b0room29light29off","p0b0room29light29on","p0b0room29somebody2leaves","p0b0room29somebody2enters","p0b0switch29toggled","p0b0room29empty","u0system29start2new2timer0f1dmin25231b","u0system29start2new2timer0f1dhour241b","u0system29start2new2timer0f1dhour251b","u0room29light0f1dturn2on1b","u0room29light0f1dtoggle1b","u0room29light0f1dturn2off1b"]},{"name":"u0system29start2new2timer0f1dhour251b","duration":0,"is_dependent":false,"tested_dependency_set":["p0b0timeout","p0b0room29light29off","p0b0room29light29on","p0b0room29somebody2leaves","p0b0room29somebody2enters","p0b0switch29toggled","p0b0room29empty","u0system29start2new2timer0f1dmin25231b","u0system29start2new2timer0f1dhour241b","u0room29light0f1dturn2on1b","u0room29light0f1dtoggle1b","u0room29light0f1dturn2off1b"]},{"name":"u0system29start2new2timer0f1dhour241b","duration":0,"is_dependent":false,"tested_dependency_set":["p0b0timeout","p0b0room29light29off","p0b0room29light29on","p0b0room29somebody2leaves","p0b0room29somebody2enters","p0b0switch29toggled","p0b0room29empty","u0system29start2new2timer0f1dmin25231b","u0room29light0f1dturn2on1b","u0room29light0f1dtoggle1b","u0room29light0f1dturn2off1b","u0system29start2new2timer0f1dhour251b"]},{"name":"u0system29start2new2timer0f1dmin25231b","duration":0,"is_dependent":false,"tested_dependency_set":["p0b0timeout","p0b0room29light29off","p0b0room29light29on","p0b0room29somebody2leaves","p0b0room29somebody2enters","p0b0switch29toggled","p0b0room29empty","u0room29light0f1dturn2on1b","u0room29light0f1dtoggle1b","u0room29light0f1dturn2off1b","u0system29start2new2timer0f1dhour251b","u0system29start2new2timer0f1dhour241b"]}],"total_duration":13,"is_completed":true,"skipped_dependencies":false,"total_pair_state":117,"search_pair_state_duration":0},"unate":{"skipped_unate":true},"synthesis":{"remove_dependent_ap_duration":0,"clone_nba_with_dep":0,"synthesis_dependents_duration":3,"model_checking_status":"UNKNOWN","merge_strategies_duration":238,"final_strategy":{"duration":3,"total_inputs":13,"total_outputs":2,"total_latches":17,"total_gates":1230},"independent_strategy":{"duration":269,"realizability":"REALIZABLE","total_inputs":7,"total_outputs":6,"total_latches":4,"total_gates":601},"dependent_strategy":{"duration":3,"total_inputs":13,"total_outputs":2,"total_latches":17,"total_gates":1230}}}
