Hierarchy reader flattened 2 instances of logic boxes and left 0 black boxes.
aag 684 7 25 4 652
2
4
6
8
10
12
14
16 671
18 837
20 985
22 1117
24 1198
26 1
28 0
30 1223
32 1239
34 1243
36 1257
38 1267
40 1272
42 1283
44 1287
46 1291
48 1333
50 1349
52 1355
54 484
56 1360
58 492
60 1364
62 1367
64 1369
117
166
176
553
66 19 17
68 67 25
70 23 21
72 25 20
74 73 71
76 75 66
78 77 69
80 6 5
82 80 79
84 15 11
86 85 12
88 70 66
90 89 24
92 91 81
94 93 87
96 94 83
98 90 86
100 99 9
102 100 97
104 7 5
106 12 11
108 106 14
110 109 104
112 111 91
114 112 8
116 115 103
118 25 19
120 25 23
122 120 20
124 122 18
126 125 119
128 127 16
130 122 19
132 130 17
134 25 22
136 134 18
138 136 17
140 139 133
142 140 129
144 143 3
146 24 23
148 146 21
150 149 73
152 151 66
154 25 16
156 155 139
158 156 153
160 159 2
162 161 145
164 110 8
166 164 163
168 134 21
170 168 66
172 80 9
174 172 87
176 174 170
178 177 116
180 8 5
182 180 167
184 7 2
186 184 109
188 186 182
190 188 178
192 188 177
194 192 40
196 194 190
198 167 116
200 198 177
202 106 44
204 203 43
206 205 200
208 8 2
210 208 38
212 210 167
214 59 37
216 214 65
218 176 117
220 219 52
222 221 216
224 223 9
226 225 213
228 227 178
230 229 207
232 230 197
234 29 26
236 235 192
238 236 190
240 219 167
242 241 179
244 12 10
246 245 14
248 246 32
250 104 8
252 7 4
254 253 81
256 255 9
258 257 251
260 14 13
262 260 259
264 262 235
266 265 249
268 104 14
270 268 13
272 270 8
274 7 3
276 274 180
278 276 109
280 256 109
282 281 279
284 282 273
286 285 235
288 287 266
290 289 243
292 179 166
294 244 219
296 294 293
298 296 50
300 299 291
302 301 200
304 303 239
306 304 232
308 198 176
310 309 179
312 80 56
314 312 311
316 104 56
318 316 243
320 262 11
322 320 243
324 322 235
326 325 319
328 326 315
330 329 200
332 182 60
334 219 9
336 60 5
338 336 334
340 339 333
342 341 178
344 208 177
346 345 38
348 346 219
350 348 293
352 209 200
354 352 350
356 13 11
358 356 44
360 358 219
362 360 293
364 356 200
366 364 362
368 367 355
370 368 343
372 370 331
374 372 306
376 243 7
378 376 54
380 200 7
382 380 378
384 245 8
386 166 117
388 387 384
390 388 50
392 15 13
394 392 46
396 394 219
398 396 293
400 398 392
402 401 391
404 403 200
406 405 383
408 376 62
410 408 380
412 259 109
414 413 200
416 413 243
418 416 40
420 418 414
422 421 411
424 422 406
426 243 30
428 247 32
430 428 219
432 430 293
434 433 427
436 435 200
438 244 15
440 438 259
442 440 200
444 440 243
446 444 40
448 446 442
450 449 437
452 48 5
454 452 243
456 15 12
458 456 46
460 458 219
462 460 293
464 463 455
466 465 200
468 416 235
470 468 414
472 471 467
474 472 450
476 474 424
478 116 6
480 478 62
482 55 35
484 483 478
486 485 481
488 487 6
490 167 8
492 490 215
494 490 52
496 490 64
498 497 495
500 498 493
502 501 8
504 503 489
506 505 200
508 376 34
510 508 380
512 252 9
514 513 251
516 515 167
518 517 117
520 199 176
522 258 116
524 234 41
526 525 109
528 526 523
530 528 521
532 530 519
534 412 167
536 534 178
538 536 532
540 444 235
542 540 442
544 543 539
546 544 511
548 546 507
550 548 476
552 550 374
554 134 19
556 134 20
558 25 21
560 559 557
562 561 18
564 563 555
566 565 16
568 557 149
570 569 19
572 570 17
574 573 139
576 574 567
578 577 80
580 557 71
582 581 19
584 583 137
586 585 17
588 25 18
590 561 19
592 591 589
594 593 16
596 595 587
598 597 252
600 599 579
602 601 260
604 70 19
606 605 80
608 607 253
610 245 15
612 610 154
614 612 609
616 120 19
618 617 125
620 619 16
622 621 133
624 255 244
626 624 623
628 627 615
630 628 603
632 631 9
634 120 21
636 634 19
638 637 563
640 639 16
642 641 133
644 104 15
646 644 3
648 646 643
650 617 589
652 651 16
654 653 77
656 655 3
658 17 2
660 658 636
662 661 657
664 663 270
666 665 649
668 667 384
670 669 633
672 136 16
674 120 18
676 675 571
678 677 17
680 679 673
682 681 80
684 571 125
686 685 17
688 687 673
690 689 252
692 691 683
694 693 260
696 558 19
698 697 589
700 699 17
702 634 18
704 703 555
706 705 16
708 707 701
710 709 80
712 675 591
714 713 16
716 715 701
718 717 252
720 719 711
722 721 244
724 637 589
726 725 17
728 727 673
730 729 80
732 169 73
734 733 18
736 734 16
738 737 727
740 739 252
742 741 731
744 743 610
746 745 723
748 746 695
750 749 9
752 651 17
754 591 137
756 755 16
758 757 753
760 759 3
762 589 583
764 763 17
766 559 123
768 767 16
770 769 765
772 771 2
774 773 761
776 775 644
778 118 16
780 779 153
782 780 735
784 783 3
786 635 557
788 787 19
790 169 123
792 791 18
794 793 789
796 795 17
798 767 18
800 799 697
802 801 16
804 803 797
806 805 2
808 807 785
810 809 268
812 811 777
814 813 13
816 776 11
818 709 3
820 91 2
822 821 819
824 104 10
826 824 823
828 827 817
830 829 12
832 831 815
834 833 8
836 835 751
838 753 155
840 839 80
842 252 72
844 843 841
846 845 15
848 149 123
850 849 19
852 72 18
854 853 851
856 855 17
858 72 19
860 556 18
862 861 859
864 863 16
866 865 857
868 867 252
870 869 83
872 871 14
874 873 847
876 875 13
878 846 11
880 767 19
882 881 589
884 883 17
886 675 119
888 887 16
890 889 885
892 891 80
894 72 17
896 859 637
898 896 793
900 899 16
902 901 895
904 903 252
906 905 893
908 907 10
910 909 879
912 911 12
914 913 877
916 915 9
918 556 19
920 919 735
922 921 17
924 793 591
926 925 16
928 927 10
930 928 923
932 859 735
934 933 17
936 853 555
938 937 16
940 939 935
942 940 11
944 943 931
946 945 12
948 851 735
950 949 17
952 733 19
954 953 861
956 955 16
958 957 14
960 958 951
962 940 15
964 963 961
966 965 13
968 967 947
970 969 3
972 919 793
974 973 17
976 803 2
978 976 975
980 979 164
982 980 971
984 983 917
986 171 139
988 986 567
990 989 80
992 134 17
994 993 567
996 995 252
998 997 991
1000 999 610
1002 148 66
1004 1003 135
1006 1005 255
1008 558 18
1010 80 16
1012 1011 253
1014 1013 1008
1016 1015 1007
1018 1017 260
1020 707 139
1022 1021 80
1024 918 17
1026 1009 555
1028 1027 16
1030 1029 139
1032 1030 1025
1034 1033 252
1036 1035 1023
1038 1037 244
1040 1039 1019
1042 1040 1001
1044 1043 9
1046 147 135
1048 1047 21
1050 1049 73
1052 1051 19
1054 1053 703
1056 1055 17
1058 1057 653
1060 1059 3
1062 1049 123
1064 1063 19
1066 787 18
1068 1067 1065
1070 1069 17
1072 1071 865
1074 1073 2
1076 1075 1061
1078 1077 260
1080 799 637
1082 1081 16
1084 1083 1025
1086 244 3
1088 1086 1085
1090 952 17
1092 725 16
1094 1093 1091
1096 1095 3
1098 556 16
1100 791 66
1102 1101 1099
1104 1103 2
1106 1105 1097
1108 1107 610
1110 1109 1089
1112 1110 1079
1114 1113 250
1116 1115 1045
1118 130 16
1120 1119 1003
1122 1121 610
1124 850 17
1126 860 16
1128 1127 1119
1130 1128 1125
1132 1131 244
1134 1133 1123
1136 274 5
1138 1136 1135
1140 113 8
1142 1140 1139
1144 91 7
1146 572 6
1148 1147 1145
1150 1149 5
1152 91 6
1154 1002 7
1156 1155 1153
1158 1157 4
1160 1159 1151
1162 1161 15
1164 255 13
1166 91 14
1168 1166 1165
1170 1169 245
1172 1170 1163
1174 673 573
1176 1175 6
1178 1177 1145
1180 1179 5
1182 1127 1003
1184 1183 7
1186 1185 1153
1188 1187 4
1190 1189 244
1192 1190 1181
1194 1193 1173
1196 1195 9
1198 1197 1143
1200 455 427
1202 1200 319
1204 399 339
1206 334 64
1208 219 202
1210 1208 293
1212 1211 1207
1214 1212 1204
1216 1214 469
1218 419 409
1220 1218 1216
1222 1220 1202
1224 296 42
1226 247 235
1228 1226 259
1230 1228 219
1232 1230 293
1234 1233 433
1236 1234 299
1238 1236 1225
1240 533 379
1242 1240 509
1244 334 215
1246 534 177
1248 280 176
1250 1248 116
1252 1251 1247
1254 1253 525
1256 1255 1245
1258 525 283
1260 1258 243
1262 334 52
1264 1263 351
1266 1264 1261
1268 525 412
1270 1268 219
1272 1270 293
1274 267 243
1276 245 42
1278 1276 219
1280 1278 293
1282 1281 1275
1284 525 322
1286 1285 363
1288 463 447
1290 1288 541
1292 278 116
1294 1292 166
1296 172 109
1298 1296 117
1300 1299 1295
1302 1301 177
1304 308 164
1306 1305 1303
1308 1307 525
1310 8 7
1312 1310 483
1314 1312 308
1316 38 3
1318 1316 166
1320 1318 178
1322 215 6
1324 1322 177
1326 1324 102
1328 1327 1321
1330 1328 1315
1332 1330 1309
1334 248 8
1336 1334 387
1338 1337 391
1340 272 235
1342 1340 243
1344 388 42
1346 1345 1343
1348 1346 1338
1350 495 213
1352 1350 195
1354 1352 237
1356 8 6
1358 1356 483
1360 1358 308
1362 1324 117
1364 1362 490
1366 481 315
1368 497 333
i0 p0b0cm29finished
i1 p0b0cm29busy
i2 p0b0cm29standby
i3 p0b0cm29ready
i4 p0b0room29somebody2leaves
i5 p0b0room29empty
i6 p0b0room29somebody2enters
o0 u0cm29ctrl0f1dturn2on1b
o1 u0cm29ctrl0f1dmake2coffee1b
o2 u0cm29ctrl0f1dturn2off1b
o3 u0cm29ctrl0cm29ctrl
{"is_completed":true,"output_vars":["u0cm29ctrl0f1dturn2off1b","u0cm29ctrl0f1dmake2coffee1b","u0cm29ctrl0f1dturn2on1b","u0cm29ctrl0cm29ctrl"],"input_vars":["p0b0cm29finished","p0b0cm29busy","p0b0cm29standby","p0b0cm29ready","p0b0room29somebody2leaves","p0b0room29empty","p0b0room29somebody2enters"],"formula":"((G (! (((! (((u0cm29ctrl0f1dmake2coffee1b) && (! (u0cm29ctrl0cm29ctrl))) <-> ((u0cm29ctrl0cm29ctrl) && (! (u0cm29ctrl0f1dmake2coffee1b))))) && (! ((u0cm29ctrl0f1dturn2off1b) || (u0cm29ctrl0f1dturn2on1b)))) <-> ((! (((u0cm29ctrl0f1dturn2off1b) && (! (u0cm29ctrl0f1dturn2on1b))) <-> ((u0cm29ctrl0f1dturn2on1b) && (! (u0cm29ctrl0f1dturn2off1b))))) && (! ((u0cm29ctrl0f1dmake2coffee1b) || (u0cm29ctrl0cm29ctrl))))))) && ((G ((((((((((p0b0room29somebody2enters) -> (((! (p0b0room29empty)) U (p0b0room29somebody2leaves)) || (G (! (p0b0room29empty))))) && (((p0b0room29somebody2leaves) && (p0b0room29empty)) -> (((p0b0room29empty) U (p0b0room29somebody2enters)) || (G (p0b0room29empty))))) && (((p0b0cm29ready) || (p0b0cm29standby)) || (p0b0cm29busy))) && ((p0b0cm29ready) -> ((! (p0b0cm29standby)) && (! (p0b0cm29busy))))) && ((p0b0cm29standby) -> ((! (p0b0cm29busy)) && (! (p0b0cm29ready))))) && ((p0b0cm29busy) -> ((! (p0b0cm29ready)) && (! (p0b0cm29standby))))) && ((((u0cm29ctrl0f1dturn2on1b) && (p0b0cm29standby)) -> (X (p0b0cm29busy))) U (((u0cm29ctrl0f1dmake2coffee1b) || (u0cm29ctrl0f1dturn2off1b)) R (p0b0cm29ready)))) && ((((u0cm29ctrl0f1dturn2off1b) && (p0b0cm29ready)) -> (X (p0b0cm29busy))) U ((u0cm29ctrl0f1dturn2on1b) R (p0b0cm29standby)))) && ((((u0cm29ctrl0f1dmake2coffee1b) && (p0b0cm29ready)) -> (X (p0b0cm29busy))) U ((p0b0cm29finished) && (((u0cm29ctrl0f1dmake2coffee1b) || (u0cm29ctrl0f1dturn2off1b)) R (p0b0cm29ready)))))) -> (G ((p0b0room29somebody2enters) -> (F (((p0b0cm29ready) U ((p0b0room29somebody2leaves) && (p0b0room29empty))) || (G (p0b0cm29ready))))))))","total_time":395,"automaton":{"is_built":true,"build_duration":9,"total_states":19,"state_based_status":"true","prune_automaton_duration":0,"pruned_state_based_status":"true","prune_total_states":19,"total_edges":64},"dependency":{"dependency_approach":"automaton","tested_dependencies":[{"name":"u0cm29ctrl0cm29ctrl","duration":2,"is_dependent":true,"tested_dependency_set":["p0b0cm29finished","p0b0cm29busy","p0b0cm29standby","p0b0cm29ready","p0b0room29somebody2leaves","p0b0room29empty","p0b0room29somebody2enters","u0cm29ctrl0f1dturn2off1b","u0cm29ctrl0f1dmake2coffee1b","u0cm29ctrl0f1dturn2on1b"]},{"name":"u0cm29ctrl0f1dturn2on1b","duration":0,"is_dependent":false,"tested_dependency_set":["p0b0cm29finished","p0b0cm29busy","p0b0cm29standby","p0b0cm29ready","p0b0room29somebody2leaves","p0b0room29empty","p0b0room29somebody2enters","u0cm29ctrl0f1dturn2off1b","u0cm29ctrl0f1dmake2coffee1b"]},{"name":"u0cm29ctrl0f1dmake2coffee1b","duration":0,"is_dependent":false,"tested_dependency_set":["p0b0cm29finished","p0b0cm29busy","p0b0cm29standby","p0b0cm29ready","p0b0room29somebody2leaves","p0b0room29empty","p0b0room29somebody2enters","u0cm29ctrl0f1dturn2off1b","u0cm29ctrl0f1dturn2on1b"]},{"name":"u0cm29ctrl0f1dturn2off1b","duration":0,"is_dependent":false,"tested_dependency_set":["p0b0cm29finished","p0b0cm29busy","p0b0cm29standby","p0b0cm29ready","p0b0room29somebody2leaves","p0b0room29empty","p0b0room29somebody2enters","u0cm29ctrl0f1dturn2on1b","u0cm29ctrl0f1dmake2coffee1b"]}],"total_duration":3,"is_completed":true,"skipped_dependencies":false,"total_pair_state":140,"search_pair_state_duration":0},"unate":{"skipped_unate":true},"synthesis":{"remove_dependent_ap_duration":0,"clone_nba_with_dep":0,"synthesis_dependents_duration":1,"model_checking_status":"UNKNOWN","merge_strategies_duration":163,"final_strategy":{"duration":1,"total_inputs":10,"total_outputs":1,"total_latches":19,"total_gates":640},"independent_strategy":{"duration":211,"realizability":"REALIZABLE","total_inputs":7,"total_outputs":3,"total_latches":5,"total_gates":514},"dependent_strategy":{"duration":1,"total_inputs":10,"total_outputs":1,"total_latches":19,"total_gates":640}}}
