Hierarchy reader flattened 2 instances of logic boxes and left 0 black boxes.
aag 30 2 8 2 20
2
4
6 1
8 1
10 0
12 45
14 47
16 53
18 59
20 60
7
34
22 15 13
24 22 17
26 11 8
28 21 19
30 28 26
32 30 24
34 33 6
36 16 4
38 5 2
40 26 13
42 41 39
44 43 37
46 26 15
48 16 5
50 41 38
52 51 49
54 47 7
56 29 5
58 57 55
60 29 4
i0 p0p0bright0outside29brightness
i1 p0b0room29shades29closed
o0 u0room29shades29ctrl0f1dmove2to0f1dpercent231b1b
o1 u0room29shades29ctrl0room29shades29ctrl
{"is_completed":true,"output_vars":["u0room29shades29ctrl0f1dmove2to0f1dpercent231b1b","u0room29shades29ctrl0room29shades29ctrl"],"input_vars":["p0p0bright0outside29brightness","p0b0room29shades29closed"],"formula":"((G (! (((u0room29shades29ctrl0room29shades29ctrl) && (! (u0room29shades29ctrl0f1dmove2to0f1dpercent231b1b))) <-> ((u0room29shades29ctrl0f1dmove2to0f1dpercent231b1b) && (! (u0room29shades29ctrl0room29shades29ctrl)))))) && ((G ((u0room29shades29ctrl0f1dmove2to0f1dpercent231b1b) -> (F (((! (u0room29shades29ctrl0f1dmove2to0f1dpercent231b1b)) && (! (u0room29shades29ctrl0room29shades29ctrl))) R (p0b0room29shades29closed))))) -> (G ((p0p0bright0outside29brightness) -> (F (p0b0room29shades29closed))))))","total_time":92,"automaton":{"is_built":true,"build_duration":1,"total_states":6,"state_based_status":"true","prune_automaton_duration":0,"pruned_state_based_status":"true","prune_total_states":6,"total_edges":14},"dependency":{"dependency_approach":"automaton","tested_dependencies":[{"name":"u0room29shades29ctrl0room29shades29ctrl","duration":0,"is_dependent":true,"tested_dependency_set":["p0p0bright0outside29brightness","p0b0room29shades29closed","u0room29shades29ctrl0f1dmove2to0f1dpercent231b1b"]},{"name":"u0room29shades29ctrl0f1dmove2to0f1dpercent231b1b","duration":0,"is_dependent":false,"tested_dependency_set":["p0p0bright0outside29brightness","p0b0room29shades29closed"]}],"total_duration":0,"is_completed":true,"skipped_dependencies":false,"total_pair_state":14,"search_pair_state_duration":0},"unate":{"skipped_unate":true},"synthesis":{"remove_dependent_ap_duration":0,"clone_nba_with_dep":0,"synthesis_dependents_duration":0,"model_checking_status":"UNKNOWN","merge_strategies_duration":88,"final_strategy":{"duration":0,"total_inputs":3,"total_outputs":1,"total_latches":6,"total_gates":48},"independent_strategy":{"duration":1,"realizability":"REALIZABLE","total_inputs":2,"total_outputs":1,"total_latches":1,"total_gates":0},"dependent_strategy":{"duration":0,"total_inputs":3,"total_outputs":1,"total_latches":6,"total_gates":48}}}
