Hierarchy reader flattened 2 instances of logic boxes and left 0 black boxes.
aag 442 6 25 4 411
2
4
6
8
10
12
14 573
16 621
18 653
20 703
22 1
24 0
26 727
28 741
30 763
32 767
34 781
36 796
38 799
40 809
42 819
44 825
46 838
48 848
50 856
52 862
54 868
56 873
58 875
60 878
62 884
153
166
192
507
64 19 17
66 64 15
68 67 20
70 69 11
72 69 3
74 21 14
76 21 17
78 21 19
80 78 16
82 81 77
84 83 15
86 85 75
88 87 2
90 89 73
92 91 5
94 21 3
96 69 2
98 97 95
100 99 4
102 101 93
104 103 10
106 105 71
108 107 13
110 5 3
112 4 2
114 113 111
116 114 11
118 117 69
120 21 18
122 120 16
124 20 19
126 124 17
128 126 15
130 129 123
132 5 2
134 4 3
136 135 133
138 137 11
140 138 131
142 141 119
144 143 12
146 145 109
148 147 9
150 69 8
152 151 149
154 78 15
156 120 17
158 156 14
160 159 155
162 12 9
164 162 138
166 164 161
168 156 15
170 168 132
172 170 11
174 127 123
176 132 15
178 176 175
180 134 128
182 181 179
184 183 13
186 185 173
188 13 11
190 189 9
192 190 187
194 31 29
196 152 10
198 196 193
200 198 132
202 198 112
204 203 201
206 205 195
208 193 152
210 208 167
212 192 153
214 213 167
216 215 209
218 11 9
220 218 60
222 52 5
224 223 51
226 225 3
228 30 2
230 229 227
232 230 221
234 134 12
236 234 30
238 235 111
240 239 48
242 241 237
244 50 2
246 112 10
248 44 12
250 248 246
252 110 30
254 253 251
256 254 245
258 256 242
260 258 232
262 261 217
264 262 210
266 246 213
268 47 45
270 269 266
272 270 202
274 132 10
276 274 213
278 51 49
280 278 45
282 281 276
284 282 200
286 12 8
288 286 40
290 11 8
292 290 42
294 293 289
296 290 60
298 286 56
300 286 58
302 301 299
304 302 297
306 304 294
308 12 4
310 308 46
312 112 12
314 278 29
316 315 10
318 317 37
320 318 31
322 321 312
324 323 311
326 46 4
328 44 3
330 329 27
332 330 327
334 13 8
336 334 116
338 13 9
340 338 10
342 340 114
344 343 165
346 344 337
348 346 32
350 349 332
352 350 324
354 353 167
356 25 22
358 357 336
360 59 41
362 360 57
364 363 334
366 54 13
368 61 43
370 369 10
372 371 367
374 372 365
376 34 8
378 188 38
380 379 377
382 380 374
384 382 359
386 34 9
388 386 6
390 389 55
392 391 12
394 392 167
396 395 384
398 59 57
400 167 162
402 401 339
404 403 399
406 405 396
408 406 355
410 409 193
412 411 306
414 309 133
416 415 52
418 417 356
420 51 37
422 421 234
424 218 42
426 28 3
428 36 5
430 429 427
432 430 425
434 432 423
436 434 418
438 437 167
440 62 10
442 403 40
444 443 441
446 444 439
448 447 193
450 449 412
452 451 152
454 453 285
456 454 273
458 456 265
460 458 207
462 266 50
464 462 202
466 53 37
468 467 276
470 468 200
472 471 465
474 347 32
476 357 218
478 476 234
480 479 475
482 12 6
484 483 386
486 46 5
488 62 11
490 134 30
492 491 489
494 492 487
496 494 485
498 496 480
500 499 217
502 500 210
504 503 472
506 504 460
508 78 17
510 508 15
512 157 81
514 513 14
516 515 511
518 517 132
520 134 83
522 521 519
524 523 11
526 120 14
528 527 511
530 529 132
532 21 16
534 533 65
536 535 15
538 537 527
540 539 134
542 541 531
544 543 13
546 545 525
548 547 190
550 132 14
552 550 80
554 125 121
556 555 17
558 557 533
560 559 15
562 561 75
564 563 134
566 565 553
568 188 8
570 568 567
572 571 549
574 513 15
576 83 14
578 577 575
580 579 134
582 581 171
584 583 11
586 533 127
588 587 15
590 589 527
592 591 134
594 592 13
596 595 585
598 597 190
600 537 159
602 601 132
604 533 509
606 605 14
608 121 65
610 609 15
612 611 607
614 613 134
616 615 603
618 617 568
620 619 599
622 508 14
624 623 575
626 132 11
628 626 625
630 176 80
632 631 181
634 633 13
636 635 629
638 637 190
640 557 123
642 641 15
644 643 623
646 645 132
648 647 593
650 649 568
652 651 639
654 78 14
656 655 643
658 657 2
660 659 73
662 661 5
664 655 169
666 665 3
668 667 97
670 669 4
672 671 663
674 673 10
676 675 71
678 677 13
680 679 145
682 681 9
684 14 2
686 684 122
688 687 114
690 133 68
692 691 689
694 693 188
696 189 68
698 697 8
700 698 695
702 701 683
704 363 338
706 705 367
708 707 213
710 356 33
712 711 346
714 369 218
716 489 27
718 716 485
720 718 715
722 720 713
724 723 217
726 725 709
728 357 338
730 729 47
732 730 37
734 732 194
736 734 53
738 737 276
740 739 283
742 217 110
744 49 45
746 744 53
748 420 194
750 748 746
752 751 742
754 486 217
756 347 217
758 756 357
760 759 755
762 760 753
764 756 32
766 765 759
768 711 164
770 768 166
772 770 208
774 483 376
776 334 56
778 777 775
780 778 773
782 53 31
784 37 29
786 784 782
788 786 280
790 788 477
792 791 234
794 793 311
796 795 217
798 379 359
800 711 342
802 800 193
804 802 153
806 361 334
808 807 805
810 768 167
812 810 192
814 812 152
816 297 293
818 816 815
820 266 195
822 463 271
824 822 821
826 45 29
828 51 31
830 828 826
832 831 3
834 833 47
836 217 4
838 836 835
840 246 12
842 840 217
844 278 268
846 844 786
848 847 842
850 217 2
852 467 5
854 853 828
856 855 850
858 782 420
860 859 312
862 860 217
864 400 363
866 865 395
868 867 193
870 482 376
872 871 299
874 301 289
876 369 8
878 876 196
880 369 9
882 881 63
884 883 196
i0 p0p0standby02c2m29intend
i1 p0p0ready02c2m29intend
i2 p0b02c2m29finished
i3 p0b02c2m29busy
i4 p0b02c2m29standby
i5 p0b02c2m29ready
o0 u02c2m29ctrl0f1d2c2m29turn2on1b
o1 u02c2m29ctrl0f1d2c2m29make2coffee1b
o2 u02c2m29ctrl0f1d2c2m29turn2off1b
o3 u02c2m29ctrl02c2m29ctrl
{"is_completed":true,"output_vars":["u02c2m29ctrl0f1d2c2m29turn2off1b","u02c2m29ctrl0f1d2c2m29make2coffee1b","u02c2m29ctrl0f1d2c2m29turn2on1b","u02c2m29ctrl02c2m29ctrl"],"input_vars":["p0p0standby02c2m29intend","p0p0ready02c2m29intend","p0b02c2m29finished","p0b02c2m29busy","p0b02c2m29standby","p0b02c2m29ready"],"formula":"((G (! (((! (((u02c2m29ctrl0f1d2c2m29make2coffee1b) && (! (u02c2m29ctrl02c2m29ctrl))) <-> ((u02c2m29ctrl02c2m29ctrl) && (! (u02c2m29ctrl0f1d2c2m29make2coffee1b))))) && (! ((u02c2m29ctrl0f1d2c2m29turn2off1b) || (u02c2m29ctrl0f1d2c2m29turn2on1b)))) <-> ((! (((u02c2m29ctrl0f1d2c2m29turn2off1b) && (! (u02c2m29ctrl0f1d2c2m29turn2on1b))) <-> ((u02c2m29ctrl0f1d2c2m29turn2on1b) && (! (u02c2m29ctrl0f1d2c2m29turn2off1b))))) && (! ((u02c2m29ctrl0f1d2c2m29make2coffee1b) || (u02c2m29ctrl02c2m29ctrl))))))) && ((((((((((G (((p0b02c2m29ready) || (p0b02c2m29standby)) || (p0b02c2m29busy))) && (G ((p0b02c2m29ready) -> ((! (p0b02c2m29standby)) && (! (p0b02c2m29busy)))))) && (G ((p0b02c2m29standby) -> ((! (p0b02c2m29busy)) && (! (p0b02c2m29ready)))))) && (G ((p0b02c2m29busy) -> ((! (p0b02c2m29ready)) && (! (p0b02c2m29standby)))))) && (G (((u02c2m29ctrl0f1d2c2m29turn2on1b) && (p0b02c2m29standby)) -> (X ((p0b02c2m29busy) U (((u02c2m29ctrl0f1d2c2m29make2coffee1b) || (u02c2m29ctrl0f1d2c2m29turn2off1b)) R (p0b02c2m29ready))))))) && (G (((u02c2m29ctrl0f1d2c2m29turn2off1b) && (p0b02c2m29ready)) -> (X ((p0b02c2m29busy) U ((u02c2m29ctrl0f1d2c2m29turn2on1b) R (p0b02c2m29standby))))))) && (G (((u02c2m29ctrl0f1d2c2m29make2coffee1b) && (p0b02c2m29ready)) -> (X ((p0b02c2m29busy) U ((p0b02c2m29finished) && (((u02c2m29ctrl0f1d2c2m29make2coffee1b) || (u02c2m29ctrl0f1d2c2m29turn2off1b)) R (p0b02c2m29ready)))))))) && (F ((p0b02c2m29standby) || (p0b02c2m29ready)))) && (G (! ((p0p0ready02c2m29intend) <-> (p0p0standby02c2m29intend))))) -> ((G ((p0p0ready02c2m29intend) -> (F (((p0b02c2m29ready) U (! (p0p0ready02c2m29intend))) || (G (p0b02c2m29ready)))))) && (G ((p0p0standby02c2m29intend) -> (F (((p0b02c2m29standby) U (! (p0p0standby02c2m29intend))) || (G (p0b02c2m29standby)))))))))","total_time":192,"automaton":{"is_built":true,"build_duration":6,"total_states":20,"state_based_status":"true","prune_automaton_duration":0,"pruned_state_based_status":"true","prune_total_states":20,"total_edges":94},"dependency":{"dependency_approach":"automaton","tested_dependencies":[{"name":"u02c2m29ctrl02c2m29ctrl","duration":5,"is_dependent":true,"tested_dependency_set":["p0p0standby02c2m29intend","p0p0ready02c2m29intend","p0b02c2m29finished","p0b02c2m29busy","p0b02c2m29standby","p0b02c2m29ready","u02c2m29ctrl0f1d2c2m29turn2off1b","u02c2m29ctrl0f1d2c2m29make2coffee1b","u02c2m29ctrl0f1d2c2m29turn2on1b"]},{"name":"u02c2m29ctrl0f1d2c2m29turn2on1b","duration":0,"is_dependent":false,"tested_dependency_set":["p0p0standby02c2m29intend","p0p0ready02c2m29intend","p0b02c2m29finished","p0b02c2m29busy","p0b02c2m29standby","p0b02c2m29ready","u02c2m29ctrl0f1d2c2m29turn2off1b","u02c2m29ctrl0f1d2c2m29make2coffee1b"]},{"name":"u02c2m29ctrl0f1d2c2m29make2coffee1b","duration":0,"is_dependent":false,"tested_dependency_set":["p0p0standby02c2m29intend","p0p0ready02c2m29intend","p0b02c2m29finished","p0b02c2m29busy","p0b02c2m29standby","p0b02c2m29ready","u02c2m29ctrl0f1d2c2m29turn2off1b","u02c2m29ctrl0f1d2c2m29turn2on1b"]},{"name":"u02c2m29ctrl0f1d2c2m29turn2off1b","duration":0,"is_dependent":false,"tested_dependency_set":["p0p0standby02c2m29intend","p0p0ready02c2m29intend","p0b02c2m29finished","p0b02c2m29busy","p0b02c2m29standby","p0b02c2m29ready","u02c2m29ctrl0f1d2c2m29turn2on1b","u02c2m29ctrl0f1d2c2m29make2coffee1b"]}],"total_duration":7,"is_completed":true,"skipped_dependencies":false,"total_pair_state":127,"search_pair_state_duration":1},"unate":{"skipped_unate":true},"synthesis":{"remove_dependent_ap_duration":0,"clone_nba_with_dep":0,"synthesis_dependents_duration":1,"model_checking_status":"UNKNOWN","merge_strategies_duration":167,"final_strategy":{"duration":1,"total_inputs":9,"total_outputs":1,"total_latches":20,"total_gates":704},"independent_strategy":{"duration":8,"realizability":"REALIZABLE","total_inputs":6,"total_outputs":3,"total_latches":4,"total_gates":201},"dependent_strategy":{"duration":1,"total_inputs":9,"total_outputs":1,"total_latches":20,"total_gates":704}}}
