Hierarchy reader flattened 2 instances of logic boxes and left 0 black boxes.
aag 14 4 2 16 8
2
4
6
8
10 1
12 21
1
0
1
14
0
19
0
0
0
21
0
22
24
26
21
28
14 6 4
16 7 3
18 16 5
20 13 10
22 21 15
24 21 16
26 21 17
28 21 18
i0 p0b0in4
i1 p0b0in3
i2 p0b0in25
i3 p0b0in24
o0 u0a0f1dc241b
o1 u0b0f1dc241b
o2 u0b0f1dc51b
o3 u0d0f1dfun0p1db0in251b1b
o4 u0f0f1dc61b
o5 u0g0f1dc31b
o6 u0a0a
o7 u0a0f1dc251b
o8 u0b0b
o9 u0c0c
o10 u0c0f1dc31b
o11 u0d0d
o12 u0e0e
o13 u0e0f1dfun0p1db0in31b1b
o14 u0f0f
o15 u0g0g
{"is_completed":true,"output_vars":["u0g0f1dc31b","u0g0g","u0f0f1dc61b","u0f0f","u0e0f1dfun0p1db0in31b1b","u0e0e","u0d0f1dfun0p1db0in251b1b","u0d0d","u0c0f1dc31b","u0c0c","u0b0f1dc51b","u0b0f1dc241b","u0b0b","u0a0f1dc251b","u0a0f1dc241b","u0a0a"],"input_vars":["p0b0in4","p0b0in3","p0b0in25","p0b0in24"],"formula":"(((((((((G (((((((! (((u0a0f1dc241b) && (! ((u0a0f1dc251b) || (u0a0a)))) <-> ((! (((u0a0f1dc251b) && (! (u0a0a))) <-> ((u0a0a) && (! (u0a0f1dc251b))))) && (! (u0a0f1dc241b))))) && (! (((u0b0f1dc241b) && (! ((u0b0f1dc51b) || (u0b0b)))) <-> ((! (((u0b0f1dc51b) && (! (u0b0b))) <-> ((u0b0b) && (! (u0b0f1dc51b))))) && (! (u0b0f1dc241b)))))) && (! (((u0c0c) && (! (u0c0f1dc31b))) <-> ((u0c0f1dc31b) && (! (u0c0c)))))) && (! (((u0d0d) && (! (u0d0f1dfun0p1db0in251b1b))) <-> ((u0d0f1dfun0p1db0in251b1b) && (! (u0d0d)))))) && (! (((u0e0e) && (! (u0e0f1dfun0p1db0in31b1b))) <-> ((u0e0f1dfun0p1db0in31b1b) && (! (u0e0e)))))) && (! (((u0f0f) && (! (u0f0f1dc61b))) <-> ((u0f0f1dc61b) && (! (u0f0f)))))) && (! (((u0g0g) && (! (u0g0f1dc31b))) <-> ((u0g0f1dc31b) && (! (u0g0g))))))) && (! ((u0a0f1dc241b) && (u0b0f1dc241b)))) && (G ((p0b0in24) -> (u0a0f1dc241b)))) && (G ((u0a0f1dc251b) <-> (u0c0f1dc31b)))) && (G (((p0b0in25) && (p0b0in3)) -> ((u0d0f1dfun0p1db0in251b1b) || (u0e0e))))) && (G (((p0b0in25) || (p0b0in4)) <-> (u0e0f1dfun0p1db0in31b1b)))) && (G ((u0a0f1dc251b) || (u0b0f1dc51b)))) && (G ((u0c0f1dc31b) <-> (u0f0f1dc61b)))) && (G ((((p0b0in25) || (p0b0in3)) || (p0b0in4)) -> (u0g0f1dc31b))))","total_time":87,"automaton":{"is_built":true,"build_duration":4,"total_states":1,"state_based_status":"true","prune_automaton_duration":0,"pruned_state_based_status":"true","prune_total_states":1,"total_edges":1},"dependency":{"dependency_approach":"automaton","tested_dependencies":[{"name":"u0a0a","duration":0,"is_dependent":true,"tested_dependency_set":["p0b0in4","p0b0in3","p0b0in25","p0b0in24","u0g0f1dc31b","u0g0g","u0f0f1dc61b","u0f0f","u0e0f1dfun0p1db0in31b1b","u0e0e","u0d0f1dfun0p1db0in251b1b","u0d0d","u0c0f1dc31b","u0c0c","u0b0f1dc51b","u0b0f1dc241b","u0b0b","u0a0f1dc251b","u0a0f1dc241b"]},{"name":"u0a0f1dc241b","duration":0,"is_dependent":false,"tested_dependency_set":["p0b0in4","p0b0in3","p0b0in25","p0b0in24","u0g0f1dc31b","u0g0g","u0f0f1dc61b","u0f0f","u0e0f1dfun0p1db0in31b1b","u0e0e","u0d0f1dfun0p1db0in251b1b","u0d0d","u0c0f1dc31b","u0c0c","u0b0f1dc51b","u0b0f1dc241b","u0b0b","u0a0f1dc251b"]},{"name":"u0a0f1dc251b","duration":0,"is_dependent":true,"tested_dependency_set":["p0b0in4","p0b0in3","p0b0in25","p0b0in24","u0g0f1dc31b","u0g0g","u0f0f1dc61b","u0f0f","u0e0f1dfun0p1db0in31b1b","u0e0e","u0d0f1dfun0p1db0in251b1b","u0d0d","u0c0f1dc31b","u0c0c","u0b0f1dc51b","u0b0f1dc241b","u0b0b","u0a0f1dc241b"]},{"name":"u0b0b","duration":0,"is_dependent":true,"tested_dependency_set":["p0b0in4","p0b0in3","p0b0in25","p0b0in24","u0g0f1dc31b","u0g0g","u0f0f1dc61b","u0f0f","u0e0f1dfun0p1db0in31b1b","u0e0e","u0d0f1dfun0p1db0in251b1b","u0d0d","u0c0f1dc31b","u0c0c","u0b0f1dc51b","u0b0f1dc241b","u0a0f1dc241b"]},{"name":"u0b0f1dc241b","duration":0,"is_dependent":false,"tested_dependency_set":["p0b0in4","p0b0in3","p0b0in25","p0b0in24","u0g0f1dc31b","u0g0g","u0f0f1dc61b","u0f0f","u0e0f1dfun0p1db0in31b1b","u0e0e","u0d0f1dfun0p1db0in251b1b","u0d0d","u0c0f1dc31b","u0c0c","u0b0f1dc51b","u0a0f1dc241b"]},{"name":"u0b0f1dc51b","duration":0,"is_dependent":false,"tested_dependency_set":["p0b0in4","p0b0in3","p0b0in25","p0b0in24","u0g0f1dc31b","u0g0g","u0f0f1dc61b","u0f0f","u0e0f1dfun0p1db0in31b1b","u0e0e","u0d0f1dfun0p1db0in251b1b","u0d0d","u0c0f1dc31b","u0c0c","u0a0f1dc241b","u0b0f1dc241b"]},{"name":"u0c0c","duration":0,"is_dependent":true,"tested_dependency_set":["p0b0in4","p0b0in3","p0b0in25","p0b0in24","u0g0f1dc31b","u0g0g","u0f0f1dc61b","u0f0f","u0e0f1dfun0p1db0in31b1b","u0e0e","u0d0f1dfun0p1db0in251b1b","u0d0d","u0c0f1dc31b","u0a0f1dc241b","u0b0f1dc241b","u0b0f1dc51b"]},{"name":"u0c0f1dc31b","duration":0,"is_dependent":true,"tested_dependency_set":["p0b0in4","p0b0in3","p0b0in25","p0b0in24","u0g0f1dc31b","u0g0g","u0f0f1dc61b","u0f0f","u0e0f1dfun0p1db0in31b1b","u0e0e","u0d0f1dfun0p1db0in251b1b","u0d0d","u0a0f1dc241b","u0b0f1dc241b","u0b0f1dc51b"]},{"name":"u0d0d","duration":0,"is_dependent":true,"tested_dependency_set":["p0b0in4","p0b0in3","p0b0in25","p0b0in24","u0g0f1dc31b","u0g0g","u0f0f1dc61b","u0f0f","u0e0f1dfun0p1db0in31b1b","u0e0e","u0d0f1dfun0p1db0in251b1b","u0a0f1dc241b","u0b0f1dc241b","u0b0f1dc51b"]},{"name":"u0d0f1dfun0p1db0in251b1b","duration":0,"is_dependent":false,"tested_dependency_set":["p0b0in4","p0b0in3","p0b0in25","p0b0in24","u0g0f1dc31b","u0g0g","u0f0f1dc61b","u0f0f","u0e0f1dfun0p1db0in31b1b","u0e0e","u0a0f1dc241b","u0b0f1dc241b","u0b0f1dc51b"]},{"name":"u0e0e","duration":0,"is_dependent":true,"tested_dependency_set":["p0b0in4","p0b0in3","p0b0in25","p0b0in24","u0g0f1dc31b","u0g0g","u0f0f1dc61b","u0f0f","u0e0f1dfun0p1db0in31b1b","u0a0f1dc241b","u0b0f1dc241b","u0b0f1dc51b","u0d0f1dfun0p1db0in251b1b"]},{"name":"u0e0f1dfun0p1db0in31b1b","duration":0,"is_dependent":true,"tested_dependency_set":["p0b0in4","p0b0in3","p0b0in25","p0b0in24","u0g0f1dc31b","u0g0g","u0f0f1dc61b","u0f0f","u0a0f1dc241b","u0b0f1dc241b","u0b0f1dc51b","u0d0f1dfun0p1db0in251b1b"]},{"name":"u0f0f","duration":0,"is_dependent":true,"tested_dependency_set":["p0b0in4","p0b0in3","p0b0in25","p0b0in24","u0g0f1dc31b","u0g0g","u0f0f1dc61b","u0a0f1dc241b","u0b0f1dc241b","u0b0f1dc51b","u0d0f1dfun0p1db0in251b1b"]},{"name":"u0f0f1dc61b","duration":0,"is_dependent":false,"tested_dependency_set":["p0b0in4","p0b0in3","p0b0in25","p0b0in24","u0g0f1dc31b","u0g0g","u0a0f1dc241b","u0b0f1dc241b","u0b0f1dc51b","u0d0f1dfun0p1db0in251b1b"]},{"name":"u0g0g","duration":0,"is_dependent":true,"tested_dependency_set":["p0b0in4","p0b0in3","p0b0in25","p0b0in24","u0g0f1dc31b","u0a0f1dc241b","u0b0f1dc241b","u0b0f1dc51b","u0d0f1dfun0p1db0in251b1b","u0f0f1dc61b"]},{"name":"u0g0f1dc31b","duration":0,"is_dependent":false,"tested_dependency_set":["p0b0in4","p0b0in3","p0b0in25","p0b0in24","u0a0f1dc241b","u0b0f1dc241b","u0b0f1dc51b","u0d0f1dfun0p1db0in251b1b","u0f0f1dc61b"]}],"total_duration":1,"is_completed":true,"skipped_dependencies":false,"total_pair_state":1,"search_pair_state_duration":0},"unate":{"skipped_unate":true},"synthesis":{"remove_dependent_ap_duration":0,"clone_nba_with_dep":0,"synthesis_dependents_duration":1,"model_checking_status":"UNKNOWN","merge_strategies_duration":79,"final_strategy":{"duration":1,"total_inputs":10,"total_outputs":10,"total_latches":1,"total_gates":185},"independent_strategy":{"duration":0,"realizability":"REALIZABLE","total_inputs":4,"total_outputs":6,"total_latches":0,"total_gates":3},"dependent_strategy":{"duration":1,"total_inputs":10,"total_outputs":10,"total_latches":1,"total_gates":185}}}
