Hierarchy reader flattened 2 instances of logic boxes and left 0 black boxes.
aag 187 4 16 3 167
2
4
6
8
10 275
12 284
14 292
16 1
18 296
20 301
22 304
24 313
26 325
28 339
30 342
32 349
34 357
36 360
38 369
40 374
54
72
259
42 4 3
44 8 7
46 9 6
48 47 45
50 49 42
52 15 12
54 52 50
56 13 11
58 57 14
60 5 2
62 12 10
64 63 15
66 64 60
68 67 43
70 69 49
72 71 59
74 73 55
76 74 42
78 72 54
80 79 42
82 80 28
84 82 76
86 8 4
88 86 2
90 88 74
92 88 79
94 92 32
96 94 90
98 35 27
100 99 80
102 100 76
104 103 97
106 104 85
108 86 3
110 108 74
112 108 79
114 33 27
116 114 29
118 117 112
120 118 110
122 41 25
124 123 112
126 124 110
128 4 2
130 128 6
132 130 8
134 27 25
136 37 33
138 136 134
140 41 29
142 140 138
144 143 132
146 19 16
148 44 42
150 148 147
152 86 38
154 153 151
156 30 7
158 22 9
160 159 21
162 160 157
164 38 4
166 165 146
168 166 162
170 168 154
172 170 145
174 173 55
176 40 3
178 177 39
180 179 5
182 7 2
184 43 28
186 184 183
188 43 26
190 24 5
192 34 2
194 193 191
196 194 189
198 196 187
200 198 181
202 61 43
204 203 49
206 205 147
208 60 6
210 209 131
212 211 40
214 37 35
216 215 183
218 217 33
220 219 5
222 221 213
224 222 207
226 224 200
228 226 175
230 229 73
232 90 24
234 233 231
236 234 127
238 236 121
240 215 112
242 240 110
244 92 34
246 244 90
248 80 40
250 248 76
252 251 247
254 252 243
256 254 238
258 256 106
260 56 15
262 260 50
264 59 44
266 15 11
268 266 46
270 269 265
272 271 60
274 273 263
276 60 44
278 276 267
280 261 50
282 281 279
284 283 59
286 269 45
288 287 60
290 59 51
292 290 289
294 204 147
296 294 79
298 163 79
300 299 207
302 147 54
304 302 73
306 155 79
308 307 125
310 241 119
312 310 308
314 35 29
316 314 138
318 5 3
320 318 317
322 321 181
324 322 297
326 60 46
328 326 147
330 328 79
332 41 39
334 332 316
336 335 208
338 337 331
340 294 55
342 340 72
344 135 92
346 245 95
348 346 345
350 60 32
352 191 98
354 353 2
356 355 351
358 335 132
360 358 79
362 164 79
364 363 249
366 101 83
368 366 364
370 314 27
372 370 332
374 373 130
i0 p0p0off02warnlight29intent
i1 p0p0on02warnlight29intent
i2 p0b02warnlight29off
i3 p0b02warnlight29on
o0 u02warnlight29control0f1d2warnlight29turn2on1b
o1 u02warnlight29control0f1d2warnlight29turn2off1b
o2 u02warnlight29control02warnlight29control
{"is_completed":true,"output_vars":["u02warnlight29control0f1d2warnlight29turn2off1b","u02warnlight29control0f1d2warnlight29turn2on1b","u02warnlight29control02warnlight29control"],"input_vars":["p0p0off02warnlight29intent","p0p0on02warnlight29intent","p0b02warnlight29off","p0b02warnlight29on"],"formula":"((G (! (((u02warnlight29control0f1d2warnlight29turn2on1b) && (! ((u02warnlight29control0f1d2warnlight29turn2off1b) || (u02warnlight29control02warnlight29control)))) <-> ((! (((u02warnlight29control0f1d2warnlight29turn2off1b) && (! (u02warnlight29control02warnlight29control))) <-> ((u02warnlight29control02warnlight29control) && (! (u02warnlight29control0f1d2warnlight29turn2off1b))))) && (! (u02warnlight29control0f1d2warnlight29turn2on1b)))))) && (((((G ((p0b02warnlight29on) <-> (! (p0b02warnlight29off)))) && (G ((((u02warnlight29control0f1d2warnlight29turn2on1b) -> (X (p0b02warnlight29on))) U (u02warnlight29control0f1d2warnlight29turn2off1b)) || (G ((u02warnlight29control0f1d2warnlight29turn2on1b) -> (X (p0b02warnlight29on))))))) && (G ((((u02warnlight29control0f1d2warnlight29turn2off1b) -> (X (p0b02warnlight29off))) U (u02warnlight29control0f1d2warnlight29turn2on1b)) || (G ((u02warnlight29control0f1d2warnlight29turn2off1b) -> (X (p0b02warnlight29off))))))) && (G (! ((p0p0on02warnlight29intent) <-> (p0p0off02warnlight29intent))))) -> ((G ((p0p0on02warnlight29intent) -> (F (((p0b02warnlight29on) U (! (p0p0on02warnlight29intent))) || (G (p0b02warnlight29on)))))) && (G ((p0p0off02warnlight29intent) -> (F (((p0b02warnlight29off) U (! (p0p0off02warnlight29intent))) || (G (p0b02warnlight29off)))))))))","total_time":126,"automaton":{"is_built":true,"build_duration":3,"total_states":12,"state_based_status":"true","prune_automaton_duration":0,"pruned_state_based_status":"true","prune_total_states":12,"total_edges":60},"dependency":{"dependency_approach":"automaton","tested_dependencies":[{"name":"u02warnlight29control02warnlight29control","duration":2,"is_dependent":true,"tested_dependency_set":["p0p0off02warnlight29intent","p0p0on02warnlight29intent","p0b02warnlight29off","p0b02warnlight29on","u02warnlight29control0f1d2warnlight29turn2off1b","u02warnlight29control0f1d2warnlight29turn2on1b"]},{"name":"u02warnlight29control0f1d2warnlight29turn2on1b","duration":0,"is_dependent":false,"tested_dependency_set":["p0p0off02warnlight29intent","p0p0on02warnlight29intent","p0b02warnlight29off","p0b02warnlight29on","u02warnlight29control0f1d2warnlight29turn2off1b"]},{"name":"u02warnlight29control0f1d2warnlight29turn2off1b","duration":0,"is_dependent":false,"tested_dependency_set":["p0p0off02warnlight29intent","p0p0on02warnlight29intent","p0b02warnlight29off","p0b02warnlight29on","u02warnlight29control0f1d2warnlight29turn2on1b"]}],"total_duration":3,"is_completed":true,"skipped_dependencies":false,"total_pair_state":60,"search_pair_state_duration":0},"unate":{"skipped_unate":true},"synthesis":{"remove_dependent_ap_duration":0,"clone_nba_with_dep":0,"synthesis_dependents_duration":1,"model_checking_status":"UNKNOWN","merge_strategies_duration":113,"final_strategy":{"duration":1,"total_inputs":6,"total_outputs":1,"total_latches":12,"total_gates":395},"independent_strategy":{"duration":4,"realizability":"REALIZABLE","total_inputs":4,"total_outputs":2,"total_latches":3,"total_gates":78},"dependent_strategy":{"duration":1,"total_inputs":6,"total_outputs":1,"total_latches":12,"total_gates":395}}}
