Hierarchy reader flattened 2 instances of logic boxes and left 0 black boxes.
aag 474 4 22 3 448
2
4
6
8
10 555
12 615
14 705
16 799
18 819
20 1
22 820
24 827
26 835
28 856
30 872
32 876
34 892
36 905
38 910
40 914
42 923
44 931
46 934
48 941
50 946
52 948
139
253
455
54 19 15
56 54 12
58 56 10
60 19 17
62 60 14
64 62 13
66 64 11
68 67 59
70 4 3
72 5 2
74 73 71
76 75 69
78 19 16
80 78 15
82 80 12
84 82 11
86 84 70
88 87 77
90 89 7
92 67 57
94 93 70
96 60 15
98 96 12
100 18 17
102 100 15
104 102 13
106 19 14
108 106 12
110 109 105
112 111 11
114 113 99
116 115 72
118 117 95
120 119 6
122 121 91
124 123 9
126 75 66
128 70 10
130 128 96
132 131 127
134 8 7
136 134 133
138 137 125
140 18 16
142 141 15
144 143 107
146 145 13
148 19 12
150 149 147
152 151 11
154 19 10
156 155 153
158 157 5
160 78 14
162 161 103
164 163 13
166 165 99
168 167 11
170 160 10
172 171 169
174 173 4
176 175 159
178 177 3
180 78 13
182 181 109
184 183 10
186 185 169
188 187 5
190 157 4
192 191 189
194 193 2
196 195 179
198 197 7
200 157 6
202 200 74
204 203 199
206 205 9
208 156 74
210 101 79
212 211 15
214 212 13
216 215 99
218 217 11
220 109 70
222 220 219
224 161 97
226 225 12
228 105 11
230 228 227
232 80 13
234 233 10
236 234 109
238 237 231
240 239 72
242 241 7
244 242 223
246 244 209
248 247 201
250 249 8
252 251 207
254 252 138
256 70 8
258 256 254
260 5 3
262 260 254
264 72 6
266 264 254
268 267 263
270 268 259
272 271 42
274 253 139
276 275 9
278 276 32
280 275 7
282 280 38
284 283 279
286 285 254
288 287 273
290 274 70
292 290 9
294 293 28
296 260 46
298 4 2
300 298 6
302 34 8
304 303 47
306 305 300
308 298 8
310 308 48
312 23 20
314 313 9
316 314 264
318 70 46
320 36 7
322 321 319
324 322 317
326 264 46
328 308 42
330 45 25
332 330 53
334 41 27
336 36 6
338 337 334
340 338 332
342 340 329
344 50 8
346 45 31
348 346 43
350 348 345
352 351 300
354 75 9
356 134 75
358 357 355
360 358 313
362 313 7
364 363 315
366 365 75
368 367 361
370 368 353
372 370 342
374 372 327
376 374 324
378 376 311
380 378 307
382 70 30
384 383 380
386 384 297
388 386 295
390 389 254
392 391 288
394 275 2
396 394 42
398 396 254
400 254 72
402 275 72
404 402 48
406 404 400
408 254 70
410 275 70
412 410 42
414 412 408
416 415 407
418 416 399
420 402 34
422 420 400
424 308 254
426 308 275
428 426 34
430 428 424
432 431 423
434 269 30
436 426 28
438 436 424
440 439 435
442 440 432
444 442 418
446 444 392
448 49 35
450 448 51
452 451 271
454 453 446
456 107 97
458 457 12
460 15 13
462 460 17
464 463 459
466 465 6
468 63 55
470 469 13
472 471 109
474 473 7
476 475 467
478 477 72
480 469 12
482 480 6
484 81 63
486 485 12
488 486 7
490 489 147
492 490 483
494 493 70
496 495 479
498 497 11
500 19 13
502 501 481
504 503 128
506 12 10
508 506 78
510 508 264
512 511 505
514 512 499
516 515 9
518 457 13
520 519 83
522 521 11
524 501 57
526 525 10
528 527 523
530 529 70
532 143 63
534 533 13
536 535 109
538 537 11
540 60 12
542 541 233
544 543 10
546 545 539
548 547 72
550 549 531
552 551 134
554 553 517
556 160 12
558 556 11
560 96 13
562 561 557
564 563 10
566 565 70
568 566 559
570 149 65
572 570 228
574 161 55
576 575 12
578 577 561
580 578 10
582 581 573
584 583 72
586 585 569
588 587 6
590 226 11
592 591 566
594 576 11
596 557 65
598 597 10
600 599 72
602 600 595
604 603 593
606 605 7
608 209 9
610 608 607
612 610 589
614 613 251
616 213 161
618 617 13
620 619 11
622 621 235
624 623 149
626 625 6
628 165 83
630 629 11
632 487 471
634 633 10
636 635 631
638 637 7
640 639 627
642 641 72
644 213 107
646 645 13
648 647 481
650 11 6
652 650 649
654 647 487
656 11 7
658 656 655
660 107 81
662 661 13
664 663 481
666 665 10
668 667 659
670 668 653
672 671 70
674 673 643
676 675 9
678 106 13
680 679 83
682 681 11
684 683 527
686 685 70
688 160 13
690 688 11
692 561 83
694 693 10
696 695 691
698 697 72
700 699 687
702 701 134
704 703 677
706 619 149
708 707 11
710 661 12
712 711 689
714 713 10
716 715 709
718 717 4
720 719 159
722 721 3
724 647 459
726 725 11
728 485 13
730 729 711
732 731 10
734 733 727
736 735 5
738 737 191
740 739 2
742 741 723
744 743 7
746 745 201
748 747 8
750 647 11
752 751 235
754 149 72
756 754 753
758 577 165
760 759 11
762 688 10
764 509 70
766 764 763
768 766 761
770 769 757
772 771 7
774 663 10
776 775 621
778 777 220
780 181 11
782 780 83
784 711 234
786 785 783
788 787 72
790 789 779
792 791 6
794 793 608
796 794 773
798 797 749
800 72 7
802 800 762
804 264 10
806 804 678
808 807 803
810 809 9
812 763 85
814 134 72
816 814 813
818 817 811
820 366 275
822 361 25
824 823 275
826 825 284
828 366 139
830 828 252
832 335 276
834 833 831
836 31 29
838 836 47
840 49 43
842 51 35
844 842 840
846 844 838
848 847 3
850 849 45
852 851 5
854 853 367
856 855 275
858 47 43
860 346 29
862 860 858
864 842 49
866 864 862
868 867 264
870 869 317
872 871 275
874 356 313
876 874 252
878 44 4
880 858 836
882 880 363
884 882 864
886 885 70
888 887 879
890 889 8
892 890 275
894 359 313
896 894 138
898 896 253
900 53 37
902 901 280
904 903 899
906 138 6
908 354 313
910 908 906
912 335 8
914 912 252
916 421 405
918 394 28
920 919 397
922 920 916
924 839 410
926 878 275
928 927 413
930 928 925
932 300 275
934 932 863
936 841 426
938 437 429
940 938 937
942 300 8
944 942 867
946 944 275
948 906 901
i0 p0p0closed02shades29intent
i1 p0p0opened02shades29intent
i2 p0b02shades29closed
i3 p0b02shades29open
o0 u02shades29ctrl0f1d2shades29move2to0f1d2shades29percent2423231b1b
o1 u02shades29ctrl0f1d2shades29move2to0f1d2shades29percent231b1b
o2 u02shades29ctrl02shades29ctrl
{"is_completed":true,"output_vars":["u02shades29ctrl0f1d2shades29move2to0f1d2shades29percent231b1b","u02shades29ctrl0f1d2shades29move2to0f1d2shades29percent2423231b1b","u02shades29ctrl02shades29ctrl"],"input_vars":["p0p0closed02shades29intent","p0p0opened02shades29intent","p0b02shades29closed","p0b02shades29open"],"formula":"((G (! (((u02shades29ctrl0f1d2shades29move2to0f1d2shades29percent2423231b1b) && (! ((u02shades29ctrl0f1d2shades29move2to0f1d2shades29percent231b1b) || (u02shades29ctrl02shades29ctrl)))) <-> ((! (((u02shades29ctrl0f1d2shades29move2to0f1d2shades29percent231b1b) && (! (u02shades29ctrl02shades29ctrl))) <-> ((u02shades29ctrl02shades29ctrl) && (! (u02shades29ctrl0f1d2shades29move2to0f1d2shades29percent231b1b))))) && (! (u02shades29ctrl0f1d2shades29move2to0f1d2shades29percent2423231b1b)))))) && (((((((G (! ((p0b02shades29open) && (p0b02shades29closed)))) && (G ((u02shades29ctrl0f1d2shades29move2to0f1d2shades29percent2423231b1b) -> (F (((! (u02shades29ctrl0f1d2shades29move2to0f1d2shades29percent2423231b1b)) && (! (u02shades29ctrl02shades29ctrl))) R (p0b02shades29open)))))) && (G ((u02shades29ctrl0f1d2shades29move2to0f1d2shades29percent231b1b) -> (F (((! (u02shades29ctrl0f1d2shades29move2to0f1d2shades29percent231b1b)) && (! (u02shades29ctrl02shades29ctrl))) R (p0b02shades29closed)))))) && (G (((p0b02shades29closed) && (! (u02shades29ctrl0f1d2shades29move2to0f1d2shades29percent2423231b1b))) -> (X (p0b02shades29closed))))) && (G (((p0b02shades29open) && (! (u02shades29ctrl0f1d2shades29move2to0f1d2shades29percent231b1b))) -> (X (p0b02shades29open))))) && (G (! ((p0p0opened02shades29intent) <-> (p0p0closed02shades29intent))))) -> ((G ((p0p0opened02shades29intent) -> (F (((p0b02shades29open) U (! (p0p0opened02shades29intent))) || (G (p0b02shades29open)))))) && (G ((p0p0closed02shades29intent) -> (F (((p0b02shades29closed) U (! (p0p0closed02shades29intent))) || (G (p0b02shades29closed)))))))))","total_time":177,"automaton":{"is_built":true,"build_duration":4,"total_states":16,"state_based_status":"true","prune_automaton_duration":0,"pruned_state_based_status":"true","prune_total_states":16,"total_edges":70},"dependency":{"dependency_approach":"automaton","tested_dependencies":[{"name":"u02shades29ctrl02shades29ctrl","duration":2,"is_dependent":true,"tested_dependency_set":["p0p0closed02shades29intent","p0p0opened02shades29intent","p0b02shades29closed","p0b02shades29open","u02shades29ctrl0f1d2shades29move2to0f1d2shades29percent231b1b","u02shades29ctrl0f1d2shades29move2to0f1d2shades29percent2423231b1b"]},{"name":"u02shades29ctrl0f1d2shades29move2to0f1d2shades29percent2423231b1b","duration":0,"is_dependent":false,"tested_dependency_set":["p0p0closed02shades29intent","p0p0opened02shades29intent","p0b02shades29closed","p0b02shades29open","u02shades29ctrl0f1d2shades29move2to0f1d2shades29percent231b1b"]},{"name":"u02shades29ctrl0f1d2shades29move2to0f1d2shades29percent231b1b","duration":0,"is_dependent":false,"tested_dependency_set":["p0p0closed02shades29intent","p0p0opened02shades29intent","p0b02shades29closed","p0b02shades29open","u02shades29ctrl0f1d2shades29move2to0f1d2shades29percent2423231b1b"]}],"total_duration":4,"is_completed":true,"skipped_dependencies":false,"total_pair_state":110,"search_pair_state_duration":1},"unate":{"skipped_unate":true},"synthesis":{"remove_dependent_ap_duration":0,"clone_nba_with_dep":0,"synthesis_dependents_duration":1,"model_checking_status":"UNKNOWN","merge_strategies_duration":152,"final_strategy":{"duration":1,"total_inputs":6,"total_outputs":1,"total_latches":16,"total_gates":432},"independent_strategy":{"duration":14,"realizability":"REALIZABLE","total_inputs":4,"total_outputs":2,"total_latches":5,"total_gates":345},"dependent_strategy":{"duration":1,"total_inputs":6,"total_outputs":1,"total_latches":16,"total_gates":432}}}
