aag 20 6 2 19 12
2
4
6
8
10
12
14 1
16 19
0
19
20
22
26
28
32
22
34
32
22
34
38
20
40
22
20
22
20
18 17 14
20 19 13
22 19 12
24 12 10
26 25 19
28 24 19
30 4 2
32 31 20
34 30 20
36 8 6
38 37 22
40 36 22
i0 p0p0hitcoord0xcoord0ycoord0f1dgetenemyradius0enemies0f1ddec0counter1b1b0f1dgetenemyangle0enemies0f1ddec0counter1b1b0rotation
i1 p0p0lt0f1dgetenemyradius0enemies0f1ddec0counter1b1b0tmpdist
i2 p0p0eq0ycoord0f1dhairliney1b
i3 p0p0eq0xcoord0f1dhairlinex1b
i4 p0p0eq0xcoord0f1ddec2size2x1b
i5 p0p0eqz0counter
o0 u0counter0counter
o1 u0counter0f1dincmod0counter0f1dinc0f1denemycount1b1b1b
o2 u0xcoord0xcoord
o3 u0xcoord0f1dinc2coord0xcoord1b
o4 u0ycoord0ycoord
o5 u0ycoord0f1dinc2coord0ycoord1b
o6 u0tmpdist0tmpdist
o7 u0tmpdist0f1dstartradius1b
o8 u0tmpdist0f1dgetenemyradius0enemies0f1ddec0counter1b1b
o9 u0tmpcolor0tmpcolor
o10 u0tmpcolor0f1dblackcolor1b
o11 u0tmpcolor0f1dgetenemycolor0enemies0f1ddec0counter1b1b
o12 u0color0tmpcolor
o13 u0color0color
o14 u0color0f1dwhitecolor1b
o15 u0bxcoord0xcoord
o16 u0bxcoord0bxcoord
o17 u0bycoord0ycoord
o18 u0bycoord0bycoord
{"is_completed":true,"output_vars":["u0bycoord0bycoord","u0bycoord0ycoord","u0bxcoord0bxcoord","u0bxcoord0xcoord","u0color0f1dwhitecolor1b","u0color0color","u0color0tmpcolor","u0tmpcolor0f1dgetenemycolor0enemies0f1ddec0counter1b1b","u0tmpcolor0f1dblackcolor1b","u0tmpcolor0tmpcolor","u0tmpdist0f1dgetenemyradius0enemies0f1ddec0counter1b1b","u0tmpdist0f1dstartradius1b","u0tmpdist0tmpdist","u0ycoord0f1dinc2coord0ycoord1b","u0ycoord0ycoord","u0xcoord0f1dinc2coord0xcoord1b","u0xcoord0xcoord","u0counter0f1dincmod0counter0f1dinc0f1denemycount1b1b1b","u0counter0counter"],"input_vars":["p0p0hitcoord0xcoord0ycoord0f1dgetenemyradius0enemies0f1ddec0counter1b1b0f1dgetenemyangle0enemies0f1ddec0counter1b1b0rotation","p0p0lt0f1dgetenemyradius0enemies0f1ddec0counter1b1b0tmpdist","p0p0eq0ycoord0f1dhairliney1b","p0p0eq0xcoord0f1dhairlinex1b","p0p0eq0xcoord0f1ddec2size2x1b","p0p0eqz0counter"],"formula":"(((((((((((((G ((((((((! (((u0counter0counter) && (! (u0counter0f1dincmod0counter0f1dinc0f1denemycount1b1b1b))) <-> ((u0counter0f1dincmod0counter0f1dinc0f1denemycount1b1b1b) && (! (u0counter0counter))))) && (! (((u0xcoord0xcoord) && (! (u0xcoord0f1dinc2coord0xcoord1b))) <-> ((u0xcoord0f1dinc2coord0xcoord1b) && (! (u0xcoord0xcoord)))))) && (! (((u0ycoord0ycoord) && (! (u0ycoord0f1dinc2coord0ycoord1b))) <-> ((u0ycoord0f1dinc2coord0ycoord1b) && (! (u0ycoord0ycoord)))))) && (! (((u0tmpdist0f1dstartradius1b) && (! ((u0tmpdist0f1dgetenemyradius0enemies0f1ddec0counter1b1b) || (u0tmpdist0tmpdist)))) <-> ((! (((u0tmpdist0f1dgetenemyradius0enemies0f1ddec0counter1b1b) && (! (u0tmpdist0tmpdist))) <-> ((u0tmpdist0tmpdist) && (! (u0tmpdist0f1dgetenemyradius0enemies0f1ddec0counter1b1b))))) && (! (u0tmpdist0f1dstartradius1b)))))) && (! (((u0tmpcolor0f1dblackcolor1b) && (! ((u0tmpcolor0f1dgetenemycolor0enemies0f1ddec0counter1b1b) || (u0tmpcolor0tmpcolor)))) <-> ((! (((u0tmpcolor0f1dgetenemycolor0enemies0f1ddec0counter1b1b) && (! (u0tmpcolor0tmpcolor))) <-> ((u0tmpcolor0tmpcolor) && (! (u0tmpcolor0f1dgetenemycolor0enemies0f1ddec0counter1b1b))))) && (! (u0tmpcolor0f1dblackcolor1b)))))) && (! (((u0color0color) && (! ((u0color0f1dwhitecolor1b) || (u0color0tmpcolor)))) <-> ((! (((u0color0f1dwhitecolor1b) && (! (u0color0tmpcolor))) <-> ((u0color0tmpcolor) && (! (u0color0f1dwhitecolor1b))))) && (! (u0color0color)))))) && (! (((u0bxcoord0xcoord) && (! (u0bxcoord0bxcoord))) <-> ((u0bxcoord0bxcoord) && (! (u0bxcoord0xcoord)))))) && (! (((u0bycoord0ycoord) && (! (u0bycoord0bycoord))) <-> ((u0bycoord0bycoord) && (! (u0bycoord0ycoord))))))) && (G (u0counter0f1dincmod0counter0f1dinc0f1denemycount1b1b1b))) && (G ((p0p0eqz0counter) <-> (u0xcoord0f1dinc2coord0xcoord1b)))) && (G (((p0p0eq0xcoord0f1ddec2size2x1b) && (p0p0eqz0counter)) <-> (u0ycoord0f1dinc2coord0ycoord1b)))) && (G ((((! (p0p0eqz0counter)) && (p0p0lt0f1dgetenemyradius0enemies0f1ddec0counter1b1b0tmpdist)) && (p0p0hitcoord0xcoord0ycoord0f1dgetenemyradius0enemies0f1ddec0counter1b1b0f1dgetenemyangle0enemies0f1ddec0counter1b1b0rotation)) <-> (u0tmpcolor0f1dgetenemycolor0enemies0f1ddec0counter1b1b)))) && (G ((((! (p0p0eqz0counter)) && (p0p0lt0f1dgetenemyradius0enemies0f1ddec0counter1b1b0tmpdist)) && (p0p0hitcoord0xcoord0ycoord0f1dgetenemyradius0enemies0f1ddec0counter1b1b0f1dgetenemyangle0enemies0f1ddec0counter1b1b0rotation)) <-> (u0tmpdist0f1dgetenemyradius0enemies0f1ddec0counter1b1b)))) && (G ((p0p0eqz0counter) <-> ((u0color0tmpcolor) || (u0color0f1dwhitecolor1b))))) && (G ((p0p0eqz0counter) <-> (u0tmpcolor0f1dblackcolor1b)))) && (G ((p0p0eqz0counter) <-> (u0tmpdist0f1dstartradius1b)))) && (G ((p0p0eqz0counter) <-> (u0bxcoord0xcoord)))) && (G ((p0p0eqz0counter) <-> (u0bycoord0ycoord)))) && (G ((u0color0f1dwhitecolor1b) -> ((p0p0eq0xcoord0f1dhairlinex1b) && (p0p0eq0ycoord0f1dhairliney1b))))) && (G ((u0color0tmpcolor) -> (! ((p0p0eq0xcoord0f1dhairlinex1b) && (p0p0eq0ycoord0f1dhairliney1b))))))","total_time":83,"automaton":{"is_built":true,"build_duration":2,"total_states":1,"state_based_status":"true","prune_automaton_duration":0,"pruned_state_based_status":"true","prune_total_states":1,"total_edges":1},"dependency":{"dependency_approach":"automaton","tested_dependencies":[{"name":"u0counter0counter","duration":0,"is_dependent":true,"tested_dependency_set":["p0p0hitcoord0xcoord0ycoord0f1dgetenemyradius0enemies0f1ddec0counter1b1b0f1dgetenemyangle0enemies0f1ddec0counter1b1b0rotation","p0p0lt0f1dgetenemyradius0enemies0f1ddec0counter1b1b0tmpdist","p0p0eq0ycoord0f1dhairliney1b","p0p0eq0xcoord0f1dhairlinex1b","p0p0eq0xcoord0f1ddec2size2x1b","p0p0eqz0counter","u0bycoord0bycoord","u0bycoord0ycoord","u0bxcoord0bxcoord","u0bxcoord0xcoord","u0color0f1dwhitecolor1b","u0color0color","u0color0tmpcolor","u0tmpcolor0f1dgetenemycolor0enemies0f1ddec0counter1b1b","u0tmpcolor0f1dblackcolor1b","u0tmpcolor0tmpcolor","u0tmpdist0f1dgetenemyradius0enemies0f1ddec0counter1b1b","u0tmpdist0f1dstartradius1b","u0tmpdist0tmpdist","u0ycoord0f1dinc2coord0ycoord1b","u0ycoord0ycoord","u0xcoord0f1dinc2coord0xcoord1b","u0xcoord0xcoord","u0counter0f1dincmod0counter0f1dinc0f1denemycount1b1b1b"]},{"name":"u0counter0f1dincmod0counter0f1dinc0f1denemycount1b1b1b","duration":0,"is_dependent":true,"tested_dependency_set":["p0p0hitcoord0xcoord0ycoord0f1dgetenemyradius0enemies0f1ddec0counter1b1b0f1dgetenemyangle0enemies0f1ddec0counter1b1b0rotation","p0p0lt0f1dgetenemyradius0enemies0f1ddec0counter1b1b0tmpdist","p0p0eq0ycoord0f1dhairliney1b","p0p0eq0xcoord0f1dhairlinex1b","p0p0eq0xcoord0f1ddec2size2x1b","p0p0eqz0counter","u0bycoord0bycoord","u0bycoord0ycoord","u0bxcoord0bxcoord","u0bxcoord0xcoord","u0color0f1dwhitecolor1b","u0color0color","u0color0tmpcolor","u0tmpcolor0f1dgetenemycolor0enemies0f1ddec0counter1b1b","u0tmpcolor0f1dblackcolor1b","u0tmpcolor0tmpcolor","u0tmpdist0f1dgetenemyradius0enemies0f1ddec0counter1b1b","u0tmpdist0f1dstartradius1b","u0tmpdist0tmpdist","u0ycoord0f1dinc2coord0ycoord1b","u0ycoord0ycoord","u0xcoord0f1dinc2coord0xcoord1b","u0xcoord0xcoord"]},{"name":"u0xcoord0xcoord","duration":0,"is_dependent":true,"tested_dependency_set":["p0p0hitcoord0xcoord0ycoord0f1dgetenemyradius0enemies0f1ddec0counter1b1b0f1dgetenemyangle0enemies0f1ddec0counter1b1b0rotation","p0p0lt0f1dgetenemyradius0enemies0f1ddec0counter1b1b0tmpdist","p0p0eq0ycoord0f1dhairliney1b","p0p0eq0xcoord0f1dhairlinex1b","p0p0eq0xcoord0f1ddec2size2x1b","p0p0eqz0counter","u0bycoord0bycoord","u0bycoord0ycoord","u0bxcoord0bxcoord","u0bxcoord0xcoord","u0color0f1dwhitecolor1b","u0color0color","u0color0tmpcolor","u0tmpcolor0f1dgetenemycolor0enemies0f1ddec0counter1b1b","u0tmpcolor0f1dblackcolor1b","u0tmpcolor0tmpcolor","u0tmpdist0f1dgetenemyradius0enemies0f1ddec0counter1b1b","u0tmpdist0f1dstartradius1b","u0tmpdist0tmpdist","u0ycoord0f1dinc2coord0ycoord1b","u0ycoord0ycoord","u0xcoord0f1dinc2coord0xcoord1b"]},{"name":"u0xcoord0f1dinc2coord0xcoord1b","duration":0,"is_dependent":true,"tested_dependency_set":["p0p0hitcoord0xcoord0ycoord0f1dgetenemyradius0enemies0f1ddec0counter1b1b0f1dgetenemyangle0enemies0f1ddec0counter1b1b0rotation","p0p0lt0f1dgetenemyradius0enemies0f1ddec0counter1b1b0tmpdist","p0p0eq0ycoord0f1dhairliney1b","p0p0eq0xcoord0f1dhairlinex1b","p0p0eq0xcoord0f1ddec2size2x1b","p0p0eqz0counter","u0bycoord0bycoord","u0bycoord0ycoord","u0bxcoord0bxcoord","u0bxcoord0xcoord","u0color0f1dwhitecolor1b","u0color0color","u0color0tmpcolor","u0tmpcolor0f1dgetenemycolor0enemies0f1ddec0counter1b1b","u0tmpcolor0f1dblackcolor1b","u0tmpcolor0tmpcolor","u0tmpdist0f1dgetenemyradius0enemies0f1ddec0counter1b1b","u0tmpdist0f1dstartradius1b","u0tmpdist0tmpdist","u0ycoord0f1dinc2coord0ycoord1b","u0ycoord0ycoord"]},{"name":"u0ycoord0ycoord","duration":0,"is_dependent":true,"tested_dependency_set":["p0p0hitcoord0xcoord0ycoord0f1dgetenemyradius0enemies0f1ddec0counter1b1b0f1dgetenemyangle0enemies0f1ddec0counter1b1b0rotation","p0p0lt0f1dgetenemyradius0enemies0f1ddec0counter1b1b0tmpdist","p0p0eq0ycoord0f1dhairliney1b","p0p0eq0xcoord0f1dhairlinex1b","p0p0eq0xcoord0f1ddec2size2x1b","p0p0eqz0counter","u0bycoord0bycoord","u0bycoord0ycoord","u0bxcoord0bxcoord","u0bxcoord0xcoord","u0color0f1dwhitecolor1b","u0color0color","u0color0tmpcolor","u0tmpcolor0f1dgetenemycolor0enemies0f1ddec0counter1b1b","u0tmpcolor0f1dblackcolor1b","u0tmpcolor0tmpcolor","u0tmpdist0f1dgetenemyradius0enemies0f1ddec0counter1b1b","u0tmpdist0f1dstartradius1b","u0tmpdist0tmpdist","u0ycoord0f1dinc2coord0ycoord1b"]},{"name":"u0ycoord0f1dinc2coord0ycoord1b","duration":0,"is_dependent":true,"tested_dependency_set":["p0p0hitcoord0xcoord0ycoord0f1dgetenemyradius0enemies0f1ddec0counter1b1b0f1dgetenemyangle0enemies0f1ddec0counter1b1b0rotation","p0p0lt0f1dgetenemyradius0enemies0f1ddec0counter1b1b0tmpdist","p0p0eq0ycoord0f1dhairliney1b","p0p0eq0xcoord0f1dhairlinex1b","p0p0eq0xcoord0f1ddec2size2x1b","p0p0eqz0counter","u0bycoord0bycoord","u0bycoord0ycoord","u0bxcoord0bxcoord","u0bxcoord0xcoord","u0color0f1dwhitecolor1b","u0color0color","u0color0tmpcolor","u0tmpcolor0f1dgetenemycolor0enemies0f1ddec0counter1b1b","u0tmpcolor0f1dblackcolor1b","u0tmpcolor0tmpcolor","u0tmpdist0f1dgetenemyradius0enemies0f1ddec0counter1b1b","u0tmpdist0f1dstartradius1b","u0tmpdist0tmpdist"]},{"name":"u0tmpdist0tmpdist","duration":0,"is_dependent":true,"tested_dependency_set":["p0p0hitcoord0xcoord0ycoord0f1dgetenemyradius0enemies0f1ddec0counter1b1b0f1dgetenemyangle0enemies0f1ddec0counter1b1b0rotation","p0p0lt0f1dgetenemyradius0enemies0f1ddec0counter1b1b0tmpdist","p0p0eq0ycoord0f1dhairliney1b","p0p0eq0xcoord0f1dhairlinex1b","p0p0eq0xcoord0f1ddec2size2x1b","p0p0eqz0counter","u0bycoord0bycoord","u0bycoord0ycoord","u0bxcoord0bxcoord","u0bxcoord0xcoord","u0color0f1dwhitecolor1b","u0color0color","u0color0tmpcolor","u0tmpcolor0f1dgetenemycolor0enemies0f1ddec0counter1b1b","u0tmpcolor0f1dblackcolor1b","u0tmpcolor0tmpcolor","u0tmpdist0f1dgetenemyradius0enemies0f1ddec0counter1b1b","u0tmpdist0f1dstartradius1b"]},{"name":"u0tmpdist0f1dstartradius1b","duration":0,"is_dependent":true,"tested_dependency_set":["p0p0hitcoord0xcoord0ycoord0f1dgetenemyradius0enemies0f1ddec0counter1b1b0f1dgetenemyangle0enemies0f1ddec0counter1b1b0rotation","p0p0lt0f1dgetenemyradius0enemies0f1ddec0counter1b1b0tmpdist","p0p0eq0ycoord0f1dhairliney1b","p0p0eq0xcoord0f1dhairlinex1b","p0p0eq0xcoord0f1ddec2size2x1b","p0p0eqz0counter","u0bycoord0bycoord","u0bycoord0ycoord","u0bxcoord0bxcoord","u0bxcoord0xcoord","u0color0f1dwhitecolor1b","u0color0color","u0color0tmpcolor","u0tmpcolor0f1dgetenemycolor0enemies0f1ddec0counter1b1b","u0tmpcolor0f1dblackcolor1b","u0tmpcolor0tmpcolor","u0tmpdist0f1dgetenemyradius0enemies0f1ddec0counter1b1b"]},{"name":"u0tmpdist0f1dgetenemyradius0enemies0f1ddec0counter1b1b","duration":0,"is_dependent":true,"tested_dependency_set":["p0p0hitcoord0xcoord0ycoord0f1dgetenemyradius0enemies0f1ddec0counter1b1b0f1dgetenemyangle0enemies0f1ddec0counter1b1b0rotation","p0p0lt0f1dgetenemyradius0enemies0f1ddec0counter1b1b0tmpdist","p0p0eq0ycoord0f1dhairliney1b","p0p0eq0xcoord0f1dhairlinex1b","p0p0eq0xcoord0f1ddec2size2x1b","p0p0eqz0counter","u0bycoord0bycoord","u0bycoord0ycoord","u0bxcoord0bxcoord","u0bxcoord0xcoord","u0color0f1dwhitecolor1b","u0color0color","u0color0tmpcolor","u0tmpcolor0f1dgetenemycolor0enemies0f1ddec0counter1b1b","u0tmpcolor0f1dblackcolor1b","u0tmpcolor0tmpcolor"]},{"name":"u0tmpcolor0tmpcolor","duration":0,"is_dependent":true,"tested_dependency_set":["p0p0hitcoord0xcoord0ycoord0f1dgetenemyradius0enemies0f1ddec0counter1b1b0f1dgetenemyangle0enemies0f1ddec0counter1b1b0rotation","p0p0lt0f1dgetenemyradius0enemies0f1ddec0counter1b1b0tmpdist","p0p0eq0ycoord0f1dhairliney1b","p0p0eq0xcoord0f1dhairlinex1b","p0p0eq0xcoord0f1ddec2size2x1b","p0p0eqz0counter","u0bycoord0bycoord","u0bycoord0ycoord","u0bxcoord0bxcoord","u0bxcoord0xcoord","u0color0f1dwhitecolor1b","u0color0color","u0color0tmpcolor","u0tmpcolor0f1dgetenemycolor0enemies0f1ddec0counter1b1b","u0tmpcolor0f1dblackcolor1b"]},{"name":"u0tmpcolor0f1dblackcolor1b","duration":0,"is_dependent":true,"tested_dependency_set":["p0p0hitcoord0xcoord0ycoord0f1dgetenemyradius0enemies0f1ddec0counter1b1b0f1dgetenemyangle0enemies0f1ddec0counter1b1b0rotation","p0p0lt0f1dgetenemyradius0enemies0f1ddec0counter1b1b0tmpdist","p0p0eq0ycoord0f1dhairliney1b","p0p0eq0xcoord0f1dhairlinex1b","p0p0eq0xcoord0f1ddec2size2x1b","p0p0eqz0counter","u0bycoord0bycoord","u0bycoord0ycoord","u0bxcoord0bxcoord","u0bxcoord0xcoord","u0color0f1dwhitecolor1b","u0color0color","u0color0tmpcolor","u0tmpcolor0f1dgetenemycolor0enemies0f1ddec0counter1b1b"]},{"name":"u0tmpcolor0f1dgetenemycolor0enemies0f1ddec0counter1b1b","duration":0,"is_dependent":true,"tested_dependency_set":["p0p0hitcoord0xcoord0ycoord0f1dgetenemyradius0enemies0f1ddec0counter1b1b0f1dgetenemyangle0enemies0f1ddec0counter1b1b0rotation","p0p0lt0f1dgetenemyradius0enemies0f1ddec0counter1b1b0tmpdist","p0p0eq0ycoord0f1dhairliney1b","p0p0eq0xcoord0f1dhairlinex1b","p0p0eq0xcoord0f1ddec2size2x1b","p0p0eqz0counter","u0bycoord0bycoord","u0bycoord0ycoord","u0bxcoord0bxcoord","u0bxcoord0xcoord","u0color0f1dwhitecolor1b","u0color0color","u0color0tmpcolor"]},{"name":"u0color0tmpcolor","duration":0,"is_dependent":true,"tested_dependency_set":["p0p0hitcoord0xcoord0ycoord0f1dgetenemyradius0enemies0f1ddec0counter1b1b0f1dgetenemyangle0enemies0f1ddec0counter1b1b0rotation","p0p0lt0f1dgetenemyradius0enemies0f1ddec0counter1b1b0tmpdist","p0p0eq0ycoord0f1dhairliney1b","p0p0eq0xcoord0f1dhairlinex1b","p0p0eq0xcoord0f1ddec2size2x1b","p0p0eqz0counter","u0bycoord0bycoord","u0bycoord0ycoord","u0bxcoord0bxcoord","u0bxcoord0xcoord","u0color0f1dwhitecolor1b","u0color0color"]},{"name":"u0color0color","duration":0,"is_dependent":true,"tested_dependency_set":["p0p0hitcoord0xcoord0ycoord0f1dgetenemyradius0enemies0f1ddec0counter1b1b0f1dgetenemyangle0enemies0f1ddec0counter1b1b0rotation","p0p0lt0f1dgetenemyradius0enemies0f1ddec0counter1b1b0tmpdist","p0p0eq0ycoord0f1dhairliney1b","p0p0eq0xcoord0f1dhairlinex1b","p0p0eq0xcoord0f1ddec2size2x1b","p0p0eqz0counter","u0bycoord0bycoord","u0bycoord0ycoord","u0bxcoord0bxcoord","u0bxcoord0xcoord","u0color0f1dwhitecolor1b"]},{"name":"u0color0f1dwhitecolor1b","duration":0,"is_dependent":true,"tested_dependency_set":["p0p0hitcoord0xcoord0ycoord0f1dgetenemyradius0enemies0f1ddec0counter1b1b0f1dgetenemyangle0enemies0f1ddec0counter1b1b0rotation","p0p0lt0f1dgetenemyradius0enemies0f1ddec0counter1b1b0tmpdist","p0p0eq0ycoord0f1dhairliney1b","p0p0eq0xcoord0f1dhairlinex1b","p0p0eq0xcoord0f1ddec2size2x1b","p0p0eqz0counter","u0bycoord0bycoord","u0bycoord0ycoord","u0bxcoord0bxcoord","u0bxcoord0xcoord"]},{"name":"u0bxcoord0xcoord","duration":0,"is_dependent":true,"tested_dependency_set":["p0p0hitcoord0xcoord0ycoord0f1dgetenemyradius0enemies0f1ddec0counter1b1b0f1dgetenemyangle0enemies0f1ddec0counter1b1b0rotation","p0p0lt0f1dgetenemyradius0enemies0f1ddec0counter1b1b0tmpdist","p0p0eq0ycoord0f1dhairliney1b","p0p0eq0xcoord0f1dhairlinex1b","p0p0eq0xcoord0f1ddec2size2x1b","p0p0eqz0counter","u0bycoord0bycoord","u0bycoord0ycoord","u0bxcoord0bxcoord"]},{"name":"u0bxcoord0bxcoord","duration":0,"is_dependent":true,"tested_dependency_set":["p0p0hitcoord0xcoord0ycoord0f1dgetenemyradius0enemies0f1ddec0counter1b1b0f1dgetenemyangle0enemies0f1ddec0counter1b1b0rotation","p0p0lt0f1dgetenemyradius0enemies0f1ddec0counter1b1b0tmpdist","p0p0eq0ycoord0f1dhairliney1b","p0p0eq0xcoord0f1dhairlinex1b","p0p0eq0xcoord0f1ddec2size2x1b","p0p0eqz0counter","u0bycoord0bycoord","u0bycoord0ycoord"]},{"name":"u0bycoord0ycoord","duration":0,"is_dependent":true,"tested_dependency_set":["p0p0hitcoord0xcoord0ycoord0f1dgetenemyradius0enemies0f1ddec0counter1b1b0f1dgetenemyangle0enemies0f1ddec0counter1b1b0rotation","p0p0lt0f1dgetenemyradius0enemies0f1ddec0counter1b1b0tmpdist","p0p0eq0ycoord0f1dhairliney1b","p0p0eq0xcoord0f1dhairlinex1b","p0p0eq0xcoord0f1ddec2size2x1b","p0p0eqz0counter","u0bycoord0bycoord"]},{"name":"u0bycoord0bycoord","duration":0,"is_dependent":true,"tested_dependency_set":["p0p0hitcoord0xcoord0ycoord0f1dgetenemyradius0enemies0f1ddec0counter1b1b0f1dgetenemyangle0enemies0f1ddec0counter1b1b0rotation","p0p0lt0f1dgetenemyradius0enemies0f1ddec0counter1b1b0tmpdist","p0p0eq0ycoord0f1dhairliney1b","p0p0eq0xcoord0f1dhairlinex1b","p0p0eq0xcoord0f1ddec2size2x1b","p0p0eqz0counter"]}],"total_duration":1,"is_completed":true,"skipped_dependencies":false,"total_pair_state":1,"search_pair_state_duration":0},"unate":{"skipped_unate":true},"synthesis":{"remove_dependent_ap_duration":0,"clone_nba_with_dep":0,"synthesis_dependents_duration":2,"model_checking_status":"UNKNOWN","merge_strategies_duration":75,"final_strategy":{"duration":2,"total_inputs":6,"total_outputs":19,"total_latches":1,"total_gates":26},"independent_strategy":{"duration":0,"realizability":"REALIZABLE","total_inputs":6,"total_outputs":0,"total_latches":0,"total_gates":0},"dependent_strategy":{"duration":2,"total_inputs":6,"total_outputs":19,"total_latches":1,"total_gates":26}}}
