Hierarchy reader flattened 2 instances of logic boxes and left 0 black boxes.
aag 95 3 13 3 79
2
4
6
8 98
10 119
12 128
14 1
16 0
18 137
20 150
22 161
24 169
26 178
28 183
30 186
32 190
44
56
78
34 9 5
36 34 2
38 6 4
40 13 11
42 40 39
44 42 37
46 12 11
48 46 34
50 12 10
52 51 4
54 53 49
56 55 6
58 17 14
60 58 25
62 21 19
64 62 27
66 31 23
68 33 29
70 68 66
72 70 64
74 72 60
76 57 45
78 76 75
80 9 3
82 80 13
84 10 6
86 85 83
88 87 5
90 12 8
92 91 7
94 92 4
96 95 51
98 96 89
100 11 5
102 101 7
104 11 8
106 105 81
108 107 5
110 109 103
112 111 13
114 9 7
116 114 46
118 117 113
120 81 10
122 13 5
124 122 121
126 93 51
128 126 125
130 56 44
132 131 18
134 61 38
136 135 133
138 26 4
140 5 2
142 59 39
144 143 21
146 145 141
148 147 139
150 149 131
152 67 7
154 61 39
156 154 57
158 156 44
160 159 153
162 61 5
164 162 45
166 164 56
168 167 157
170 58 21
172 171 2
174 173 27
176 131 5
178 176 175
180 176 69
182 181 167
184 67 6
186 184 57
188 69 4
190 188 45
i0 p0p0bright0outside29brightness
i1 p0b0room29shades29closed
i2 p0b0room29shades29open
o0 u0room29shades29ctrl0f1dmove2to0f1dpercent2423231b1b
o1 u0room29shades29ctrl0f1dmove2to0f1dpercent231b1b
o2 u0room29shades29ctrl0room29shades29ctrl
{"is_completed":true,"output_vars":["u0room29shades29ctrl0f1dmove2to0f1dpercent231b1b","u0room29shades29ctrl0f1dmove2to0f1dpercent2423231b1b","u0room29shades29ctrl0room29shades29ctrl"],"input_vars":["p0p0bright0outside29brightness","p0b0room29shades29closed","p0b0room29shades29open"],"formula":"((G (! (((u0room29shades29ctrl0f1dmove2to0f1dpercent2423231b1b) && (! ((u0room29shades29ctrl0f1dmove2to0f1dpercent231b1b) || (u0room29shades29ctrl0room29shades29ctrl)))) <-> ((! (((u0room29shades29ctrl0f1dmove2to0f1dpercent231b1b) && (! (u0room29shades29ctrl0room29shades29ctrl))) <-> ((u0room29shades29ctrl0room29shades29ctrl) && (! (u0room29shades29ctrl0f1dmove2to0f1dpercent231b1b))))) && (! (u0room29shades29ctrl0f1dmove2to0f1dpercent2423231b1b)))))) && ((((G (! ((p0b0room29shades29open) && (p0b0room29shades29closed)))) && (G ((u0room29shades29ctrl0f1dmove2to0f1dpercent2423231b1b) -> (F (((! (u0room29shades29ctrl0f1dmove2to0f1dpercent2423231b1b)) && (! (u0room29shades29ctrl0room29shades29ctrl))) R (p0b0room29shades29open)))))) && (G ((u0room29shades29ctrl0f1dmove2to0f1dpercent231b1b) -> (F (((! (u0room29shades29ctrl0f1dmove2to0f1dpercent231b1b)) && (! (u0room29shades29ctrl0room29shades29ctrl))) R (p0b0room29shades29closed)))))) -> (G ((p0p0bright0outside29brightness) -> (F (p0b0room29shades29closed))))))","total_time":98,"automaton":{"is_built":true,"build_duration":2,"total_states":9,"state_based_status":"true","prune_automaton_duration":0,"pruned_state_based_status":"true","prune_total_states":9,"total_edges":23},"dependency":{"dependency_approach":"automaton","tested_dependencies":[{"name":"u0room29shades29ctrl0room29shades29ctrl","duration":0,"is_dependent":true,"tested_dependency_set":["p0p0bright0outside29brightness","p0b0room29shades29closed","p0b0room29shades29open","u0room29shades29ctrl0f1dmove2to0f1dpercent231b1b","u0room29shades29ctrl0f1dmove2to0f1dpercent2423231b1b"]},{"name":"u0room29shades29ctrl0f1dmove2to0f1dpercent2423231b1b","duration":0,"is_dependent":false,"tested_dependency_set":["p0p0bright0outside29brightness","p0b0room29shades29closed","p0b0room29shades29open","u0room29shades29ctrl0f1dmove2to0f1dpercent231b1b"]},{"name":"u0room29shades29ctrl0f1dmove2to0f1dpercent231b1b","duration":0,"is_dependent":false,"tested_dependency_set":["p0p0bright0outside29brightness","p0b0room29shades29closed","p0b0room29shades29open","u0room29shades29ctrl0f1dmove2to0f1dpercent2423231b1b"]}],"total_duration":0,"is_completed":true,"skipped_dependencies":false,"total_pair_state":34,"search_pair_state_duration":0},"unate":{"skipped_unate":true},"synthesis":{"remove_dependent_ap_duration":0,"clone_nba_with_dep":0,"synthesis_dependents_duration":0,"model_checking_status":"UNKNOWN","merge_strategies_duration":91,"final_strategy":{"duration":0,"total_inputs":5,"total_outputs":1,"total_latches":9,"total_gates":136},"independent_strategy":{"duration":3,"realizability":"REALIZABLE","total_inputs":3,"total_outputs":2,"total_latches":3,"total_gates":68},"dependent_strategy":{"duration":0,"total_inputs":5,"total_outputs":1,"total_latches":9,"total_gates":136}}}
