Hierarchy reader flattened 2 instances of logic boxes and left 0 black boxes.
aag 87 4 14 3 69
2
4
6
8
10 104
12 106
14 1
16 0
18 123
20 131
22 134
24 136
26 151
28 156
30 165
32 168
34 170
36 175
42
52
102
38 12 10
40 8 6
42 40 39
44 4 2
46 44 7
48 47 11
50 41 13
52 50 49
54 17 14
56 21 19
58 56 54
60 28 9
62 30 7
64 63 61
66 64 58
68 40 24
70 27 23
72 37 35
74 72 70
76 74 69
78 76 66
80 79 43
82 43 32
84 55 8
86 85 83
88 87 7
90 43 6
92 90 30
94 41 24
96 95 93
98 96 89
100 98 81
102 101 53
104 50 48
106 105 39
108 52 42
110 54 25
112 111 40
114 113 19
116 115 109
118 32 7
120 119 61
122 120 117
124 20 7
126 54 27
128 127 46
130 129 125
132 35 23
134 133 9
136 111 41
138 20 6
140 47 26
142 141 139
144 143 109
146 55 41
148 146 47
150 149 145
152 53 8
154 111 7
156 154 152
158 136 52
160 36 7
162 161 63
164 162 159
166 9 6
168 166 111
170 152 133
172 90 36
174 173 93
i0 p0p0bright0outside29brightness
i1 p0b0room29screen29lowered
i2 p0b02shades29closed
i3 p0b02shades29open
o0 u02shades29ctrl0f1d2shades29move2to0f1d2shades29percent2423231b1b
o1 u02shades29ctrl0f1d2shades29move2to0f1d2shades29percent231b1b
o2 u02shades29ctrl02shades29ctrl
{"is_completed":true,"output_vars":["u02shades29ctrl0f1d2shades29move2to0f1d2shades29percent231b1b","u02shades29ctrl0f1d2shades29move2to0f1d2shades29percent2423231b1b","u02shades29ctrl02shades29ctrl"],"input_vars":["p0p0bright0outside29brightness","p0b0room29screen29lowered","p0b02shades29closed","p0b02shades29open"],"formula":"((G (! (((u02shades29ctrl0f1d2shades29move2to0f1d2shades29percent2423231b1b) && (! ((u02shades29ctrl0f1d2shades29move2to0f1d2shades29percent231b1b) || (u02shades29ctrl02shades29ctrl)))) <-> ((! (((u02shades29ctrl0f1d2shades29move2to0f1d2shades29percent231b1b) && (! (u02shades29ctrl02shades29ctrl))) <-> ((u02shades29ctrl02shades29ctrl) && (! (u02shades29ctrl0f1d2shades29move2to0f1d2shades29percent231b1b))))) && (! (u02shades29ctrl0f1d2shades29move2to0f1d2shades29percent2423231b1b)))))) && ((((((G (! ((p0b02shades29open) && (p0b02shades29closed)))) && (G ((u02shades29ctrl0f1d2shades29move2to0f1d2shades29percent2423231b1b) -> (F (((! (u02shades29ctrl0f1d2shades29move2to0f1d2shades29percent2423231b1b)) && (! (u02shades29ctrl02shades29ctrl))) R (p0b02shades29open)))))) && (G ((u02shades29ctrl0f1d2shades29move2to0f1d2shades29percent231b1b) -> (F (((! (u02shades29ctrl0f1d2shades29move2to0f1d2shades29percent231b1b)) && (! (u02shades29ctrl02shades29ctrl))) R (p0b02shades29closed)))))) && (G (((p0b02shades29closed) && (! (u02shades29ctrl0f1d2shades29move2to0f1d2shades29percent2423231b1b))) -> (X (p0b02shades29closed))))) && (G (((p0b02shades29open) && (! (u02shades29ctrl0f1d2shades29move2to0f1d2shades29percent231b1b))) -> (X (p0b02shades29open))))) -> (G (((p0b0room29screen29lowered) && (p0p0bright0outside29brightness)) -> (F (p0b02shades29closed))))))","total_time":98,"automaton":{"is_built":true,"build_duration":3,"total_states":11,"state_based_status":"true","prune_automaton_duration":0,"pruned_state_based_status":"true","prune_total_states":11,"total_edges":29},"dependency":{"dependency_approach":"automaton","tested_dependencies":[{"name":"u02shades29ctrl02shades29ctrl","duration":0,"is_dependent":true,"tested_dependency_set":["p0p0bright0outside29brightness","p0b0room29screen29lowered","p0b02shades29closed","p0b02shades29open","u02shades29ctrl0f1d2shades29move2to0f1d2shades29percent231b1b","u02shades29ctrl0f1d2shades29move2to0f1d2shades29percent2423231b1b"]},{"name":"u02shades29ctrl0f1d2shades29move2to0f1d2shades29percent2423231b1b","duration":0,"is_dependent":false,"tested_dependency_set":["p0p0bright0outside29brightness","p0b0room29screen29lowered","p0b02shades29closed","p0b02shades29open","u02shades29ctrl0f1d2shades29move2to0f1d2shades29percent231b1b"]},{"name":"u02shades29ctrl0f1d2shades29move2to0f1d2shades29percent231b1b","duration":0,"is_dependent":false,"tested_dependency_set":["p0p0bright0outside29brightness","p0b0room29screen29lowered","p0b02shades29closed","p0b02shades29open","u02shades29ctrl0f1d2shades29move2to0f1d2shades29percent2423231b1b"]}],"total_duration":0,"is_completed":true,"skipped_dependencies":false,"total_pair_state":50,"search_pair_state_duration":0},"unate":{"skipped_unate":true},"synthesis":{"remove_dependent_ap_duration":0,"clone_nba_with_dep":0,"synthesis_dependents_duration":0,"model_checking_status":"UNKNOWN","merge_strategies_duration":89,"final_strategy":{"duration":0,"total_inputs":6,"total_outputs":1,"total_latches":11,"total_gates":167},"independent_strategy":{"duration":3,"realizability":"REALIZABLE","total_inputs":4,"total_outputs":2,"total_latches":2,"total_gates":42},"dependent_strategy":{"duration":0,"total_inputs":6,"total_outputs":1,"total_latches":11,"total_gates":167}}}
