Hierarchy reader flattened 2 instances of logic boxes and left 0 black boxes.
aag 452 6 20 2 426
2
4
6
8
10
12
14 595
16 715
18 761
20 791
22 1
24 0
26 793
28 815
30 839
32 845
34 861
36 873
38 879
40 883
42 889
44 885
46 896
48 898
50 903
52 904
261
460
54 20 19
56 21 18
58 57 55
60 59 17
62 20 18
64 63 16
66 65 61
68 67 14
70 68 11
72 19 15
74 63 14
76 21 17
78 77 10
80 78 74
82 81 73
84 82 71
86 85 9
88 63 15
90 89 69
92 91 11
94 67 10
96 95 93
98 97 8
100 99 87
102 101 3
104 15 10
106 21 16
108 107 61
110 109 104
112 54 17
114 113 107
116 115 14
118 63 17
120 119 107
122 15 11
124 122 121
126 125 117
128 126 111
130 129 8
132 21 19
134 132 16
136 135 113
138 137 14
140 76 10
142 141 72
144 143 139
146 145 9
148 147 131
150 149 2
152 151 103
154 7 4
156 154 153
158 91 8
160 135 77
162 161 15
164 163 69
166 165 11
168 132 15
170 59 16
172 170 14
174 173 169
176 175 10
178 177 167
180 179 9
182 181 159
184 183 3
186 135 61
188 187 14
190 189 163
192 191 11
194 134 15
196 194 10
198 197 193
200 199 9
202 201 159
204 203 2
206 205 185
208 207 6
210 19 16
212 211 119
214 213 15
216 215 69
218 217 9
220 219 159
222 221 3
224 211 61
226 225 104
228 214 11
230 229 189
232 230 227
234 233 9
236 235 131
238 237 2
240 239 223
242 7 5
244 242 241
246 245 209
248 246 157
250 249 13
252 101 7
254 183 6
256 255 253
258 257 12
260 259 251
262 13 2
264 8 6
266 265 10
268 266 263
270 268 28
272 13 5
274 10 9
276 274 7
278 276 273
280 278 36
282 275 7
284 282 273
286 284 36
288 287 281
290 288 271
292 278 34
294 8 7
296 294 10
298 296 273
300 298 28
302 301 293
304 274 6
306 304 34
308 276 34
310 309 307
312 311 263
314 313 302
316 314 290
318 9 6
320 318 263
322 4 3
324 323 13
326 9 7
328 326 325
330 294 273
332 331 265
334 332 329
336 334 321
338 337 46
340 326 273
342 341 334
344 343 50
346 345 339
348 346 316
350 326 263
352 341 319
354 352 351
356 355 44
358 320 42
360 359 265
362 43 41
364 362 45
366 365 361
368 341 332
370 369 48
372 371 367
374 372 357
376 266 28
378 304 36
380 379 377
382 380 310
384 45 43
386 385 294
388 265 40
390 389 387
392 51 49
394 393 318
396 264 30
398 397 395
400 398 390
402 25 22
404 53 39
406 33 27
408 406 404
410 408 402
412 294 30
414 326 44
416 415 413
418 416 410
420 418 400
422 420 382
424 282 34
426 275 6
428 426 36
430 350 42
432 431 429
434 432 425
436 426 34
438 330 30
440 439 437
442 267 28
444 263 30
446 444 265
448 447 443
450 448 440
452 450 434
454 452 422
456 454 374
458 456 348
460 459 260
462 63 8
464 215 75
466 465 11
468 77 65
470 469 14
472 471 215
474 473 10
476 475 467
478 477 9
480 479 463
482 481 3
484 135 119
486 485 14
488 487 163
490 489 11
492 132 17
494 492 14
496 495 195
498 497 10
500 499 491
502 501 9
504 503 463
506 505 2
508 507 483
510 509 6
512 16 15
514 17 10
516 515 513
518 517 9
520 519 21
522 521 18
524 523 3
526 19 17
528 527 107
530 529 14
532 531 125
534 532 111
536 535 8
538 20 16
540 539 14
542 77 15
544 543 541
546 545 19
548 76 11
550 549 547
552 551 9
554 553 537
556 555 2
558 557 525
560 559 154
562 487 229
564 562 227
566 9 2
568 566 565
570 9 3
572 570 465
574 573 463
576 574 569
578 577 242
580 579 561
582 580 511
584 583 13
586 523 7
588 481 6
590 589 587
592 591 12
594 593 585
596 56 15
598 596 11
600 512 56
602 56 17
604 602 14
606 605 601
608 607 10
610 609 599
612 611 9
614 612 3
616 605 597
618 616 173
620 619 11
622 492 15
624 601 173
626 624 623
628 627 10
630 629 621
632 631 9
634 512 54
636 528 74
638 637 635
640 639 8
642 641 633
644 643 2
646 645 615
648 647 154
650 171 113
652 651 15
654 652 11
656 59 15
658 657 189
660 659 10
662 661 655
664 663 9
666 664 3
668 653 173
670 669 11
672 135 88
674 673 69
676 675 10
678 677 671
680 679 566
682 681 667
684 683 6
686 600 570
688 622 10
690 625 9
692 691 689
694 693 2
696 695 687
698 697 242
700 699 685
702 700 649
704 703 13
706 612 7
708 664 6
710 709 707
712 711 12
714 713 705
716 60 15
718 717 139
720 719 10
722 122 54
724 722 17
726 725 721
728 727 9
730 728 3
732 717 635
734 732 189
736 735 10
738 737 723
740 739 566
742 741 731
744 743 6
746 688 294
748 746 4
750 749 745
752 751 13
754 728 6
756 755 747
758 757 12
760 759 753
762 602 10
764 762 14
766 765 635
768 767 318
770 768 3
772 762 326
774 772 4
776 242 2
778 776 640
780 779 775
782 780 771
784 783 13
786 773 769
788 787 12
790 789 785
792 402 27
794 392 47
796 45 33
798 362 31
800 798 796
802 800 794
804 803 264
806 402 29
808 807 267
810 437 429
812 810 809
814 812 805
816 265 32
818 817 389
820 818 379
822 821 263
824 306 263
826 825 447
828 794 384
830 829 320
832 807 268
834 833 831
836 834 826
838 836 823
840 807 266
842 841 395
844 842 820
846 294 42
848 847 413
850 848 425
852 807 296
854 796 41
856 855 294
858 857 853
860 858 850
862 803 330
864 37 35
866 865 284
868 807 298
870 869 867
872 870 863
874 793 261
876 405 13
878 877 875
880 318 44
882 881 307
884 415 309
886 885 263
888 887 431
890 829 326
892 865 276
894 893 891
896 895 325
898 885 273
900 393 340
902 901 281
904 405 12
i0 p0p0between0t29pm70t29pm8
i1 p0p0bright0outside29brightness
i2 p0b0bed29exit
i3 p0b0alarm
i4 p0b0bed29enter
i5 p0b0room29shades29closed
o0 u0room29shades29ctrl0f1dmove2to0f1dpercent231b1b
o1 u0room29shades29ctrl0room29shades29ctrl
{"is_completed":true,"output_vars":["u0room29shades29ctrl0f1dmove2to0f1dpercent231b1b","u0room29shades29ctrl0room29shades29ctrl"],"input_vars":["p0p0between0t29pm70t29pm8","p0p0bright0outside29brightness","p0b0bed29exit","p0b0alarm","p0b0bed29enter","p0b0room29shades29closed"],"formula":"((G (! (((u0room29shades29ctrl0room29shades29ctrl) && (! (u0room29shades29ctrl0f1dmove2to0f1dpercent231b1b))) <-> ((u0room29shades29ctrl0f1dmove2to0f1dpercent231b1b) && (! (u0room29shades29ctrl0room29shades29ctrl)))))) && ((G ((u0room29shades29ctrl0f1dmove2to0f1dpercent231b1b) -> (F (((! (u0room29shades29ctrl0f1dmove2to0f1dpercent231b1b)) && (! (u0room29shades29ctrl0room29shades29ctrl))) R (p0b0room29shades29closed))))) -> (G ((p0b0bed29enter) -> (F ((((p0p0between0t29pm70t29pm8) -> (p0b0room29shades29closed)) U ((p0b0alarm) && (F ((((! (p0p0bright0outside29brightness)) -> (p0b0room29shades29closed)) U (p0b0bed29exit)) || (G ((! (p0p0bright0outside29brightness)) -> (p0b0room29shades29closed))))))) || (G ((p0p0between0t29pm70t29pm8) -> (p0b0room29shades29closed)))))))))","total_time":399,"automaton":{"is_built":true,"build_duration":7,"total_states":15,"state_based_status":"true","prune_automaton_duration":0,"pruned_state_based_status":"true","prune_total_states":15,"total_edges":78},"dependency":{"dependency_approach":"automaton","tested_dependencies":[{"name":"u0room29shades29ctrl0room29shades29ctrl","duration":1,"is_dependent":true,"tested_dependency_set":["p0p0between0t29pm70t29pm8","p0p0bright0outside29brightness","p0b0bed29exit","p0b0alarm","p0b0bed29enter","p0b0room29shades29closed","u0room29shades29ctrl0f1dmove2to0f1dpercent231b1b"]},{"name":"u0room29shades29ctrl0f1dmove2to0f1dpercent231b1b","duration":0,"is_dependent":false,"tested_dependency_set":["p0p0between0t29pm70t29pm8","p0p0bright0outside29brightness","p0b0bed29exit","p0b0alarm","p0b0bed29enter","p0b0room29shades29closed"]}],"total_duration":2,"is_completed":true,"skipped_dependencies":false,"total_pair_state":83,"search_pair_state_duration":1},"unate":{"skipped_unate":true},"synthesis":{"remove_dependent_ap_duration":0,"clone_nba_with_dep":0,"synthesis_dependents_duration":0,"model_checking_status":"UNKNOWN","merge_strategies_duration":123,"final_strategy":{"duration":0,"total_inputs":7,"total_outputs":1,"total_latches":15,"total_gates":369},"independent_strategy":{"duration":264,"realizability":"REALIZABLE","total_inputs":6,"total_outputs":1,"total_latches":4,"total_gates":316},"dependent_strategy":{"duration":0,"total_inputs":7,"total_outputs":1,"total_latches":15,"total_gates":369}}}
