Hierarchy reader flattened 2 instances of logic boxes and left 0 black boxes.
aag 93 6 6 8 81
2
4
6
8
10
12
14 1
16 0
18 175
20 177
22 178
24 187
26
26
30
36
93
93
129
171
26 13 11
28 12 9
30 29 10
32 10 8
34 33 12
36 35 2
38 17 14
40 38 23
42 40 19
44 34 2
46 11 6
48 46 45
50 48 20
52 51 42
54 11 7
56 54 45
58 57 31
60 59 20
62 7 4
64 62 11
66 64 45
68 67 31
70 69 24
72 71 61
74 72 52
76 75 27
78 6 3
80 78 11
82 12 4
84 82 80
86 84 24
88 39 30
90 89 87
92 90 77
94 54 13
96 95 31
98 97 39
100 98 94
102 63 26
104 102 45
106 105 85
108 107 24
110 84 31
112 111 105
114 113 108
116 115 101
118 60 56
120 70 66
122 53 31
124 123 121
126 124 119
128 126 116
130 102 3
132 131 85
134 133 108
136 80 50
138 7 3
140 138 26
142 30 3
144 143 141
146 145 98
148 43 37
150 149 147
152 150 137
154 152 135
156 64 3
158 157 143
160 159 70
162 138 11
164 163 143
166 165 60
168 167 161
170 168 154
172 41 34
174 173 19
176 99 72
178 41 35
180 39 13
182 180 48
184 183 51
186 184 109
i0 p0b02maschine2b29failed
i1 p0b02time296pm
i2 p0b02time298am
i3 p0b02door29failed
i4 p0b02c2m29failed
i5 p0b02power29failed
o0 u02c2m29intent0f1dready1b
o1 u02power29intent0f1don1b
o2 u02system0f1dnotify0f1d2c2m1b1b
o3 u02maschine2a29intent0f1dstop1b
o4 u02c2m29intent02c2m29intent
o5 u02power29intent02power29intent
o6 u02system02system
o7 u02maschine2a29intent02maschine2a29intent
{"is_completed":true,"output_vars":["u02maschine2a29intent0f1dstop1b","u02maschine2a29intent02maschine2a29intent","u02system0f1dnotify0f1d2c2m1b1b","u02system02system","u02power29intent0f1don1b","u02power29intent02power29intent","u02c2m29intent0f1dready1b","u02c2m29intent02c2m29intent"],"input_vars":["p0b02maschine2b29failed","p0b02time296pm","p0b02time298am","p0b02door29failed","p0b02c2m29failed","p0b02power29failed"],"formula":"((G ((((! (((u02c2m29intent02c2m29intent) && (! (u02c2m29intent0f1dready1b))) <-> ((u02c2m29intent0f1dready1b) && (! (u02c2m29intent02c2m29intent))))) && (! (((u02power29intent02power29intent) && (! (u02power29intent0f1don1b))) <-> ((u02power29intent0f1don1b) && (! (u02power29intent02power29intent)))))) && (! (((u02system02system) && (! (u02system0f1dnotify0f1d2c2m1b1b))) <-> ((u02system0f1dnotify0f1d2c2m1b1b) && (! (u02system02system)))))) && (! (((u02maschine2a29intent02maschine2a29intent) && (! (u02maschine2a29intent0f1dstop1b))) <-> ((u02maschine2a29intent0f1dstop1b) && (! (u02maschine2a29intent02maschine2a29intent))))))) && (((G ((p0b02power29failed) -> (p0b02c2m29failed))) && (G ((p0b02power29failed) -> (p0b02door29failed)))) -> ((((G ((! (p0b02c2m29failed)) -> ((p0b02time298am) -> (X (((u02c2m29intent0f1dready1b) U ((p0b02time296pm) || (p0b02c2m29failed))) || (G (u02c2m29intent0f1dready1b))))))) && (G ((! (p0b02c2m29failed)) -> ((u02c2m29intent0f1dready1b) -> (u02power29intent0f1don1b))))) && (G ((p0b02c2m29failed) -> (u02system0f1dnotify0f1d2c2m1b1b)))) && (G ((p0b02maschine2b29failed) -> (u02maschine2a29intent0f1dstop1b))))))","total_time":113,"automaton":{"is_built":true,"build_duration":5,"total_states":5,"state_based_status":"true","prune_automaton_duration":0,"pruned_state_based_status":"true","prune_total_states":5,"total_edges":11},"dependency":{"dependency_approach":"automaton","tested_dependencies":[{"name":"u02c2m29intent02c2m29intent","duration":0,"is_dependent":true,"tested_dependency_set":["p0b02maschine2b29failed","p0b02time296pm","p0b02time298am","p0b02door29failed","p0b02c2m29failed","p0b02power29failed","u02maschine2a29intent0f1dstop1b","u02maschine2a29intent02maschine2a29intent","u02system0f1dnotify0f1d2c2m1b1b","u02system02system","u02power29intent0f1don1b","u02power29intent02power29intent","u02c2m29intent0f1dready1b"]},{"name":"u02c2m29intent0f1dready1b","duration":0,"is_dependent":false,"tested_dependency_set":["p0b02maschine2b29failed","p0b02time296pm","p0b02time298am","p0b02door29failed","p0b02c2m29failed","p0b02power29failed","u02maschine2a29intent0f1dstop1b","u02maschine2a29intent02maschine2a29intent","u02system0f1dnotify0f1d2c2m1b1b","u02system02system","u02power29intent0f1don1b","u02power29intent02power29intent"]},{"name":"u02power29intent02power29intent","duration":0,"is_dependent":true,"tested_dependency_set":["p0b02maschine2b29failed","p0b02time296pm","p0b02time298am","p0b02door29failed","p0b02c2m29failed","p0b02power29failed","u02maschine2a29intent0f1dstop1b","u02maschine2a29intent02maschine2a29intent","u02system0f1dnotify0f1d2c2m1b1b","u02system02system","u02power29intent0f1don1b","u02c2m29intent0f1dready1b"]},{"name":"u02power29intent0f1don1b","duration":0,"is_dependent":false,"tested_dependency_set":["p0b02maschine2b29failed","p0b02time296pm","p0b02time298am","p0b02door29failed","p0b02c2m29failed","p0b02power29failed","u02maschine2a29intent0f1dstop1b","u02maschine2a29intent02maschine2a29intent","u02system0f1dnotify0f1d2c2m1b1b","u02system02system","u02c2m29intent0f1dready1b"]},{"name":"u02system02system","duration":0,"is_dependent":true,"tested_dependency_set":["p0b02maschine2b29failed","p0b02time296pm","p0b02time298am","p0b02door29failed","p0b02c2m29failed","p0b02power29failed","u02maschine2a29intent0f1dstop1b","u02maschine2a29intent02maschine2a29intent","u02system0f1dnotify0f1d2c2m1b1b","u02c2m29intent0f1dready1b","u02power29intent0f1don1b"]},{"name":"u02system0f1dnotify0f1d2c2m1b1b","duration":0,"is_dependent":false,"tested_dependency_set":["p0b02maschine2b29failed","p0b02time296pm","p0b02time298am","p0b02door29failed","p0b02c2m29failed","p0b02power29failed","u02maschine2a29intent0f1dstop1b","u02maschine2a29intent02maschine2a29intent","u02c2m29intent0f1dready1b","u02power29intent0f1don1b"]},{"name":"u02maschine2a29intent02maschine2a29intent","duration":0,"is_dependent":true,"tested_dependency_set":["p0b02maschine2b29failed","p0b02time296pm","p0b02time298am","p0b02door29failed","p0b02c2m29failed","p0b02power29failed","u02maschine2a29intent0f1dstop1b","u02c2m29intent0f1dready1b","u02power29intent0f1don1b","u02system0f1dnotify0f1d2c2m1b1b"]},{"name":"u02maschine2a29intent0f1dstop1b","duration":0,"is_dependent":false,"tested_dependency_set":["p0b02maschine2b29failed","p0b02time296pm","p0b02time298am","p0b02door29failed","p0b02c2m29failed","p0b02power29failed","u02c2m29intent0f1dready1b","u02power29intent0f1don1b","u02system0f1dnotify0f1d2c2m1b1b"]}],"total_duration":1,"is_completed":true,"skipped_dependencies":false,"total_pair_state":9,"search_pair_state_duration":0},"unate":{"skipped_unate":true},"synthesis":{"remove_dependent_ap_duration":0,"clone_nba_with_dep":0,"synthesis_dependents_duration":1,"model_checking_status":"UNKNOWN","merge_strategies_duration":102,"final_strategy":{"duration":1,"total_inputs":10,"total_outputs":4,"total_latches":5,"total_gates":377},"independent_strategy":{"duration":1,"realizability":"REALIZABLE","total_inputs":6,"total_outputs":4,"total_latches":0,"total_gates":8},"dependent_strategy":{"duration":1,"total_inputs":10,"total_outputs":4,"total_latches":5,"total_gates":377}}}
