Hierarchy reader flattened 2 instances of logic boxes and left 0 black boxes.
aag 302 5 15 5 282
2
4
6
8
10
12 479
14 539
16 566
18 1
20 0
22 573
24 577
26 583
28 584
30 589
32 595
34 601
36 605
38 348
40 346
99
130
140
315
435
42 17 15
44 42 11
46 16 13
48 42 12
50 49 47
52 51 10
54 53 45
56 4 3
58 56 55
60 17 14
62 16 12
64 63 10
66 64 61
68 66 8
70 69 45
72 4 2
74 72 71
76 75 59
78 77 7
80 15 13
82 81 3
84 82 66
86 8 2
88 87 10
90 89 42
92 91 85
94 6 5
96 94 93
98 97 79
100 9 2
102 101 61
104 14 12
106 104 87
108 107 11
110 109 103
112 111 94
114 16 14
116 114 12
118 10 2
120 119 105
122 121 87
124 7 4
126 124 123
128 127 117
130 128 113
132 17 10
134 132 124
136 94 66
138 137 135
140 139 101
142 131 98
144 140 86
146 141 11
148 146 86
150 149 145
152 151 142
154 130 99
156 155 151
158 156 32
160 158 152
162 141 10
164 163 87
166 164 6
168 166 142
170 166 155
172 170 32
174 172 168
176 175 161
178 10 3
180 21 18
182 181 94
184 182 178
186 184 140
188 186 155
190 155 22
192 191 189
194 193 142
196 140 88
198 196 24
200 198 155
202 200 6
204 98 6
206 196 131
208 206 204
210 208 202
212 211 195
214 212 176
216 155 7
218 216 36
220 163 24
222 39 27
224 223 5
226 225 221
228 226 219
230 229 142
232 156 34
234 232 152
236 170 34
238 236 168
240 239 235
242 240 231
244 242 214
246 125 95
248 10 9
250 248 2
252 251 247
254 253 155
256 254 28
258 100 30
260 258 155
262 9 3
264 262 30
266 264 155
268 164 32
270 223 4
272 36 6
274 273 41
276 274 180
278 276 271
280 278 269
282 280 267
284 282 261
286 284 257
288 287 142
290 252 155
292 290 28
294 247 178
296 294 9
298 296 155
300 294 140
302 300 155
304 303 299
306 305 181
308 307 293
310 309 142
312 311 289
314 312 244
316 233 159
318 317 148
320 252 181
322 26 5
324 323 29
326 324 321
328 327 141
330 87 11
332 330 6
334 332 141
336 334 172
338 337 329
340 338 319
342 341 155
344 41 37
346 345 204
348 270 131
350 349 267
352 350 347
354 268 155
356 354 330
358 216 40
360 145 10
362 361 24
364 362 155
366 364 11
368 367 359
370 368 357
372 370 352
374 373 141
376 155 5
378 376 38
380 379 219
382 381 141
384 247 181
386 384 361
388 386 155
390 247 146
392 390 388
394 190 141
396 180 29
398 397 252
400 398 130
402 400 98
404 252 141
406 404 402
408 407 261
410 408 395
412 410 393
414 334 236
416 252 131
418 416 99
420 419 255
422 181 141
424 422 421
426 425 415
428 426 412
430 428 383
432 430 375
434 432 343
436 17 8
438 437 249
440 439 2
442 13 11
444 443 4
446 105 7
448 446 444
450 448 441
452 14 11
454 453 43
456 455 8
458 249 47
460 458 457
462 461 2
464 117 5
466 16 15
468 467 10
470 469 13
472 471 6
474 472 464
476 474 463
478 477 451
480 467 105
482 115 10
484 483 481
486 485 4
488 487 465
490 489 100
492 81 17
494 493 10
496 480 4
498 496 495
500 499 465
502 501 3
504 445 105
506 505 16
508 507 86
510 509 503
512 510 491
514 513 7
516 63 11
518 517 67
520 519 86
522 480 330
524 523 85
526 524 521
528 527 5
530 251 5
532 531 117
534 533 529
536 535 6
538 537 515
540 114 10
542 541 43
544 543 3
546 11 2
548 547 14
550 549 8
552 105 11
554 553 551
556 555 17
558 557 545
560 559 94
562 126 17
564 563 117
566 564 561
568 397 254
570 261 191
572 570 569
574 389 365
576 574 316
578 418 397
580 376 223
582 581 579
584 397 290
586 397 298
588 587 267
590 302 181
592 355 201
594 592 591
596 237 189
598 203 173
600 598 596
602 403 219
604 602 359
i0 p0p02window29all2windows2closed02window29room
i1 p0b02heating29on
i2 p0b02heating29off
i3 p0b02window29closed
i4 p0b02window29opened
o0 u02heating29ctrl0f1d2heating29turn2on1b
o1 u02heating29ctrl0f1d2heating29turn2off1b
o2 u0music29ctrl0f1dplay0f1doverture1b1b
o3 u02heating29ctrl02heating29ctrl
o4 u0music29ctrl0music29ctrl
{"is_completed":true,"output_vars":["u0music29ctrl0f1dplay0f1doverture1b1b","u0music29ctrl0music29ctrl","u02heating29ctrl0f1d2heating29turn2off1b","u02heating29ctrl0f1d2heating29turn2on1b","u02heating29ctrl02heating29ctrl"],"input_vars":["p0p02window29all2windows2closed02window29room","p0b02heating29on","p0b02heating29off","p0b02window29closed","p0b02window29opened"],"formula":"((G ((! (((u02heating29ctrl0f1d2heating29turn2on1b) && (! ((u02heating29ctrl0f1d2heating29turn2off1b) || (u02heating29ctrl02heating29ctrl)))) <-> ((! (((u02heating29ctrl0f1d2heating29turn2off1b) && (! (u02heating29ctrl02heating29ctrl))) <-> ((u02heating29ctrl02heating29ctrl) && (! (u02heating29ctrl0f1d2heating29turn2off1b))))) && (! (u02heating29ctrl0f1d2heating29turn2on1b))))) && (! (((u0music29ctrl0music29ctrl) && (! (u0music29ctrl0f1dplay0f1doverture1b1b))) <-> ((u0music29ctrl0f1dplay0f1doverture1b1b) && (! (u0music29ctrl0music29ctrl))))))) && (((((G ((p0b02window29opened) -> (((! (p0p02window29all2windows2closed02window29room)) U (p0b02window29closed)) || (G (! (p0p02window29all2windows2closed02window29room)))))) && (G (! ((p0b02heating29off) <-> (p0b02heating29on))))) && (G ((u02heating29ctrl0f1d2heating29turn2on1b) -> (F ((u02heating29ctrl0f1d2heating29turn2off1b) R (p0b02heating29on)))))) && (G ((u02heating29ctrl0f1d2heating29turn2off1b) -> (F ((u02heating29ctrl0f1d2heating29turn2on1b) R (p0b02heating29off)))))) -> (G ((p0b02window29opened) -> ((u0music29ctrl0f1dplay0f1doverture1b1b) && (F (((p0b02heating29off) U ((p0b02window29closed) && (p0p02window29all2windows2closed02window29room))) || (G (p0b02heating29off)))))))))","total_time":187,"automaton":{"is_built":true,"build_duration":5,"total_states":11,"state_based_status":"true","prune_automaton_duration":0,"pruned_state_based_status":"true","prune_total_states":11,"total_edges":32},"dependency":{"dependency_approach":"automaton","tested_dependencies":[{"name":"u02heating29ctrl02heating29ctrl","duration":1,"is_dependent":true,"tested_dependency_set":["p0p02window29all2windows2closed02window29room","p0b02heating29on","p0b02heating29off","p0b02window29closed","p0b02window29opened","u0music29ctrl0f1dplay0f1doverture1b1b","u0music29ctrl0music29ctrl","u02heating29ctrl0f1d2heating29turn2off1b","u02heating29ctrl0f1d2heating29turn2on1b"]},{"name":"u02heating29ctrl0f1d2heating29turn2on1b","duration":0,"is_dependent":false,"tested_dependency_set":["p0p02window29all2windows2closed02window29room","p0b02heating29on","p0b02heating29off","p0b02window29closed","p0b02window29opened","u0music29ctrl0f1dplay0f1doverture1b1b","u0music29ctrl0music29ctrl","u02heating29ctrl0f1d2heating29turn2off1b"]},{"name":"u02heating29ctrl0f1d2heating29turn2off1b","duration":0,"is_dependent":false,"tested_dependency_set":["p0p02window29all2windows2closed02window29room","p0b02heating29on","p0b02heating29off","p0b02window29closed","p0b02window29opened","u0music29ctrl0f1dplay0f1doverture1b1b","u0music29ctrl0music29ctrl","u02heating29ctrl0f1d2heating29turn2on1b"]},{"name":"u0music29ctrl0music29ctrl","duration":1,"is_dependent":true,"tested_dependency_set":["p0p02window29all2windows2closed02window29room","p0b02heating29on","p0b02heating29off","p0b02window29closed","p0b02window29opened","u0music29ctrl0f1dplay0f1doverture1b1b","u02heating29ctrl0f1d2heating29turn2on1b","u02heating29ctrl0f1d2heating29turn2off1b"]},{"name":"u0music29ctrl0f1dplay0f1doverture1b1b","duration":0,"is_dependent":false,"tested_dependency_set":["p0p02window29all2windows2closed02window29room","p0b02heating29on","p0b02heating29off","p0b02window29closed","p0b02window29opened","u02heating29ctrl0f1d2heating29turn2on1b","u02heating29ctrl0f1d2heating29turn2off1b"]}],"total_duration":2,"is_completed":true,"skipped_dependencies":false,"total_pair_state":53,"search_pair_state_duration":0},"unate":{"skipped_unate":true},"synthesis":{"remove_dependent_ap_duration":0,"clone_nba_with_dep":0,"synthesis_dependents_duration":1,"model_checking_status":"UNKNOWN","merge_strategies_duration":161,"final_strategy":{"duration":1,"total_inputs":8,"total_outputs":2,"total_latches":11,"total_gates":508},"independent_strategy":{"duration":16,"realizability":"REALIZABLE","total_inputs":5,"total_outputs":3,"total_latches":3,"total_gates":225},"dependent_strategy":{"duration":1,"total_inputs":8,"total_outputs":2,"total_latches":11,"total_gates":508}}}
