Hierarchy reader flattened 2 instances of logic boxes and left 0 black boxes.
aag 470 6 17 6 447
2
4
6
8
10
12
14 765
16 807
18 853
20 867
22 1
24 0
26 868
28 881
30 885
32 893
34 907
36 921
38 935
40 579
42 937
44 941
46 684
151
181
304
306
601
715
48 21 18
50 48 16
52 50 15
54 21 16
56 54 14
58 57 10
60 58 53
62 48 17
64 62 15
66 57 11
68 66 65
70 13 9
72 70 69
74 72 61
76 20 19
78 77 49
80 79 17
82 81 55
84 83 15
86 85 66
88 76 17
90 89 55
92 91 15
94 93 58
96 13 8
98 96 95
100 98 87
102 101 75
104 6 4
106 105 3
108 106 103
110 21 19
112 110 17
114 113 55
116 115 14
118 93 10
120 118 117
122 117 11
124 122 85
126 125 96
128 126 121
130 110 16
132 130 14
134 133 53
136 10 9
138 136 13
140 138 135
142 141 129
144 4 3
146 144 6
148 146 143
150 149 109
152 12 9
154 152 69
156 154 61
158 12 8
160 158 95
162 160 87
164 163 157
166 165 106
168 158 125
170 168 121
172 136 12
174 172 135
176 175 171
178 177 146
180 179 167
182 19 17
184 183 55
186 185 15
188 21 17
190 188 14
192 191 187
194 193 13
196 62 14
198 196 12
200 199 195
202 201 11
204 20 18
206 205 17
208 207 131
210 209 15
212 112 14
214 213 211
216 13 10
218 216 215
220 219 203
222 221 9
224 112 15
226 225 191
228 227 13
230 229 199
232 231 11
234 188 15
236 235 213
238 237 216
240 239 233
242 241 8
244 243 223
246 245 3
248 207 55
250 249 15
252 21 14
254 253 251
256 255 13
258 257 199
260 259 11
262 251 117
264 263 216
266 265 261
268 267 2
270 269 105
272 270 247
274 50 14
276 275 214
278 277 216
280 279 261
282 281 9
284 224 13
286 285 197
288 287 11
290 234 216
292 291 289
294 293 8
296 295 283
298 297 3
300 269 104
302 300 299
304 303 273
306 255 104
308 305 180
310 308 150
312 136 3
314 312 306
316 312 105
318 317 315
320 319 310
322 304 181
324 323 150
326 325 309
328 327 319
330 328 42
332 330 320
334 306 2
336 105 2
338 337 335
340 339 310
342 339 327
344 342 30
346 344 340
348 347 333
350 8 3
352 350 10
354 352 306
356 352 105
358 357 355
360 359 310
362 359 327
364 362 30
366 364 360
368 354 310
370 354 327
372 25 22
374 373 370
376 374 368
378 377 367
380 378 348
382 335 104
384 383 310
386 383 327
388 386 28
390 388 384
392 328 44
394 392 320
396 395 391
398 310 11
400 327 11
402 400 46
404 402 398
406 306 3
408 406 310
410 406 327
412 410 28
414 412 408
416 415 405
418 416 396
420 342 44
422 420 340
424 350 306
426 425 107
428 427 34
430 428 327
432 407 107
434 433 30
436 47 39
438 437 10
440 32 9
442 372 27
444 442 441
446 444 439
448 446 435
450 448 431
452 451 310
454 453 423
456 362 44
458 456 360
460 386 373
462 460 384
464 463 459
466 464 454
468 466 418
470 468 380
472 400 38
474 472 398
476 342 40
478 476 340
480 479 475
482 350 105
484 483 425
486 485 327
488 486 40
490 488 310
492 362 40
494 492 360
496 495 491
498 496 480
500 327 314
502 500 34
504 314 310
506 504 502
508 342 36
510 508 340
512 511 507
514 106 10
516 515 355
518 517 310
520 517 327
522 520 36
524 522 518
526 500 36
528 526 504
530 529 525
532 530 512
534 532 498
536 410 373
538 536 408
540 328 40
542 540 320
544 543 539
546 342 42
548 546 340
550 362 42
552 550 360
554 553 549
556 554 544
558 370 28
560 558 368
562 9 3
564 562 306
566 564 34
568 566 327
570 562 105
572 571 565
574 573 40
576 574 327
578 577 569
580 579 310
582 581 561
584 342 34
586 584 340
588 520 34
590 588 518
592 591 587
594 592 582
596 594 556
598 596 534
600 598 470
602 336 327
604 547 477
606 605 602
608 180 105
610 609 273
612 611 150
614 308 151
616 614 105
618 617 613
620 619 388
622 576 570
624 623 621
626 602 344
628 356 327
630 628 364
632 631 627
634 632 624
636 634 607
638 400 307
640 638 472
642 628 550
644 643 641
646 327 316
648 646 330
650 488 482
652 651 649
654 652 644
656 602 584
658 514 327
660 658 588
662 661 657
664 602 508
666 658 522
668 667 665
670 668 662
672 670 654
674 434 327
676 675 431
678 327 106
680 678 677
682 638 402
684 438 308
686 445 327
688 687 685
690 689 307
692 691 683
694 692 681
696 619 460
698 602 420
700 699 697
702 628 456
704 646 392
706 705 703
708 706 700
710 708 694
712 710 672
714 712 636
716 563 254
718 52 10
720 562 253
722 720 235
724 722 719
726 725 105
728 726 717
730 255 2
732 196 11
734 131 63
736 735 14
738 737 53
740 739 10
742 741 733
744 743 9
746 255 11
748 253 85
750 749 10
752 751 747
754 753 8
756 755 745
758 757 3
760 759 731
762 761 104
764 763 729
766 92 11
768 15 10
770 768 735
772 771 767
774 773 9
776 64 10
778 776 8
780 779 775
782 781 106
784 263 11
786 110 15
788 787 213
790 789 10
792 791 785
794 793 9
796 224 11
798 797 777
800 799 8
802 801 795
804 803 146
806 805 783
808 252 183
810 81 51
812 811 15
814 813 809
816 815 11
818 817 741
820 819 9
822 749 11
824 255 10
826 825 823
828 827 8
830 829 821
832 831 146
834 196 2
836 91 8
838 88 11
840 839 49
842 840 837
844 843 15
846 845 809
848 847 106
850 849 835
852 850 833
854 80 15
856 855 275
858 312 104
860 858 857
862 88 15
864 862 316
866 865 861
868 443 327
870 461 421
872 389 345
874 872 870
876 585 509
878 876 604
880 878 874
882 675 537
884 882 413
886 440 327
888 306 9
890 888 868
892 891 887
894 486 30
896 372 29
898 897 424
900 898 327
902 901 431
904 902 489
906 904 895
908 551 457
910 375 365
912 910 908
914 523 493
916 589 559
918 916 914
920 918 912
922 150 12
924 922 181
926 924 305
928 927 615
930 929 443
932 931 473
934 932 403
936 541 503
938 527 393
940 938 331
i0 p0b0room29somebody2enters
i1 p0b0room29empty
i2 p0b0room29somebody2leaves
i3 p0b0timeout
i4 p0b0room29light29off
i5 p0b0room29light29on
o0 u0room29light0f1dturn2off1b
o1 u0room29light0f1dtoggle1b
o2 u0room29light0f1dturn2on1b
o3 u0system29start2new2timer0f1dhour251b
o4 u0room29light0room29light
o5 u0system29start2new2timer0system29start2new2timer
{"is_completed":true,"output_vars":["u0system29start2new2timer0f1dhour251b","u0system29start2new2timer0system29start2new2timer","u0room29light0f1dturn2on1b","u0room29light0f1dtoggle1b","u0room29light0f1dturn2off1b","u0room29light0room29light"],"input_vars":["p0b0room29somebody2enters","p0b0room29empty","p0b0room29somebody2leaves","p0b0timeout","p0b0room29light29off","p0b0room29light29on"],"formula":"((G ((! (((! (((u0room29light0f1dtoggle1b) && (! (u0room29light0room29light))) <-> ((u0room29light0room29light) && (! (u0room29light0f1dtoggle1b))))) && (! ((u0room29light0f1dturn2on1b) || (u0room29light0f1dturn2off1b)))) <-> ((! (((u0room29light0f1dturn2on1b) && (! (u0room29light0f1dturn2off1b))) <-> ((u0room29light0f1dturn2off1b) && (! (u0room29light0f1dturn2on1b))))) && (! ((u0room29light0f1dtoggle1b) || (u0room29light0room29light)))))) && (! (((u0system29start2new2timer0system29start2new2timer) && (! (u0system29start2new2timer0f1dhour251b))) <-> ((u0system29start2new2timer0f1dhour251b) && (! (u0system29start2new2timer0system29start2new2timer))))))) && (((G (((u0room29light0f1dturn2off1b) || ((u0room29light0f1dtoggle1b) && (p0b0room29light29on))) -> (X (F (((u0room29light0f1dturn2on1b) || (u0room29light0f1dtoggle1b)) R (p0b0room29light29off)))))) && (G ((u0system29start2new2timer0f1dhour251b) -> (F (p0b0timeout))))) -> (G (((p0b0room29somebody2leaves) && (p0b0room29empty)) -> ((u0system29start2new2timer0f1dhour251b) && (F ((p0b0room29somebody2enters) || ((p0b0timeout) && (F (((p0b0room29light29off) U (p0b0room29somebody2enters)) || (G (p0b0room29light29off))))))))))))","total_time":194,"automaton":{"is_built":true,"build_duration":7,"total_states":12,"state_based_status":"true","prune_automaton_duration":0,"pruned_state_based_status":"true","prune_total_states":12,"total_edges":42},"dependency":{"dependency_approach":"automaton","tested_dependencies":[{"name":"u0room29light0room29light","duration":1,"is_dependent":true,"tested_dependency_set":["p0b0room29somebody2enters","p0b0room29empty","p0b0room29somebody2leaves","p0b0timeout","p0b0room29light29off","p0b0room29light29on","u0system29start2new2timer0f1dhour251b","u0system29start2new2timer0system29start2new2timer","u0room29light0f1dturn2on1b","u0room29light0f1dtoggle1b","u0room29light0f1dturn2off1b"]},{"name":"u0room29light0f1dturn2off1b","duration":0,"is_dependent":false,"tested_dependency_set":["p0b0room29somebody2enters","p0b0room29empty","p0b0room29somebody2leaves","p0b0timeout","p0b0room29light29off","p0b0room29light29on","u0system29start2new2timer0f1dhour251b","u0system29start2new2timer0system29start2new2timer","u0room29light0f1dturn2on1b","u0room29light0f1dtoggle1b"]},{"name":"u0room29light0f1dtoggle1b","duration":0,"is_dependent":false,"tested_dependency_set":["p0b0room29somebody2enters","p0b0room29empty","p0b0room29somebody2leaves","p0b0timeout","p0b0room29light29off","p0b0room29light29on","u0system29start2new2timer0f1dhour251b","u0system29start2new2timer0system29start2new2timer","u0room29light0f1dturn2on1b","u0room29light0f1dturn2off1b"]},{"name":"u0room29light0f1dturn2on1b","duration":0,"is_dependent":false,"tested_dependency_set":["p0b0room29somebody2enters","p0b0room29empty","p0b0room29somebody2leaves","p0b0timeout","p0b0room29light29off","p0b0room29light29on","u0system29start2new2timer0f1dhour251b","u0system29start2new2timer0system29start2new2timer","u0room29light0f1dturn2off1b","u0room29light0f1dtoggle1b"]},{"name":"u0system29start2new2timer0system29start2new2timer","duration":1,"is_dependent":true,"tested_dependency_set":["p0b0room29somebody2enters","p0b0room29empty","p0b0room29somebody2leaves","p0b0timeout","p0b0room29light29off","p0b0room29light29on","u0system29start2new2timer0f1dhour251b","u0room29light0f1dturn2off1b","u0room29light0f1dtoggle1b","u0room29light0f1dturn2on1b"]},{"name":"u0system29start2new2timer0f1dhour251b","duration":0,"is_dependent":false,"tested_dependency_set":["p0b0room29somebody2enters","p0b0room29empty","p0b0room29somebody2leaves","p0b0timeout","p0b0room29light29off","p0b0room29light29on","u0room29light0f1dturn2off1b","u0room29light0f1dtoggle1b","u0room29light0f1dturn2on1b"]}],"total_duration":3,"is_completed":true,"skipped_dependencies":false,"total_pair_state":55,"search_pair_state_duration":0},"unate":{"skipped_unate":true},"synthesis":{"remove_dependent_ap_duration":0,"clone_nba_with_dep":0,"synthesis_dependents_duration":1,"model_checking_status":"UNKNOWN","merge_strategies_duration":156,"final_strategy":{"duration":1,"total_inputs":10,"total_outputs":2,"total_latches":12,"total_gates":573},"independent_strategy":{"duration":24,"realizability":"REALIZABLE","total_inputs":6,"total_outputs":4,"total_latches":4,"total_gates":271},"dependent_strategy":{"duration":1,"total_inputs":10,"total_outputs":2,"total_latches":12,"total_gates":573}}}
