Hierarchy reader flattened 2 instances of logic boxes and left 0 black boxes.
aag 67 4 12 3 51
2
4
6
8
10 81
12 85
14 1
16 0
18 92
20 101
22 104
24 106
26 121
28 127
30 130
32 134
38
48
70
34 12 10
36 8 6
38 36 35
40 4 2
42 40 7
44 43 13
46 37 11
48 46 45
50 17 14
52 50 25
54 27 23
56 54 31
58 33 29
60 21 19
62 60 58
64 62 56
66 64 52
68 49 39
70 68 67
72 13 11
74 37 35
76 74 73
78 42 11
80 79 77
82 72 43
84 83 39
86 48 38
88 53 36
90 89 19
92 91 87
94 20 7
96 50 27
98 97 42
100 99 95
102 31 23
104 103 9
106 53 37
108 51 37
110 108 43
112 20 6
114 43 26
116 115 113
118 117 87
120 119 111
122 106 48
124 59 7
126 125 123
128 103 8
130 128 49
132 59 6
134 132 39
i0 p0p0bright0outside29brightness
i1 p0b0room29screen29lowered
i2 p0b0room29shades29closed
i3 p0b0room29shades29open
o0 u0room29shades29ctrl0f1dmove2to0f1dpercent2423231b1b
o1 u0room29shades29ctrl0f1dmove2to0f1dpercent231b1b
o2 u0room29shades29ctrl0room29shades29ctrl
{"is_completed":true,"output_vars":["u0room29shades29ctrl0f1dmove2to0f1dpercent231b1b","u0room29shades29ctrl0f1dmove2to0f1dpercent2423231b1b","u0room29shades29ctrl0room29shades29ctrl"],"input_vars":["p0p0bright0outside29brightness","p0b0room29screen29lowered","p0b0room29shades29closed","p0b0room29shades29open"],"formula":"((G (! (((u0room29shades29ctrl0f1dmove2to0f1dpercent2423231b1b) && (! ((u0room29shades29ctrl0f1dmove2to0f1dpercent231b1b) || (u0room29shades29ctrl0room29shades29ctrl)))) <-> ((! (((u0room29shades29ctrl0f1dmove2to0f1dpercent231b1b) && (! (u0room29shades29ctrl0room29shades29ctrl))) <-> ((u0room29shades29ctrl0room29shades29ctrl) && (! (u0room29shades29ctrl0f1dmove2to0f1dpercent231b1b))))) && (! (u0room29shades29ctrl0f1dmove2to0f1dpercent2423231b1b)))))) && ((((G (! ((p0b0room29shades29open) && (p0b0room29shades29closed)))) && (G ((u0room29shades29ctrl0f1dmove2to0f1dpercent2423231b1b) -> (F (((! (u0room29shades29ctrl0f1dmove2to0f1dpercent2423231b1b)) && (! (u0room29shades29ctrl0room29shades29ctrl))) R (p0b0room29shades29open)))))) && (G ((u0room29shades29ctrl0f1dmove2to0f1dpercent231b1b) -> (F (((! (u0room29shades29ctrl0f1dmove2to0f1dpercent231b1b)) && (! (u0room29shades29ctrl0room29shades29ctrl))) R (p0b0room29shades29closed)))))) -> (G (((p0b0room29screen29lowered) && (p0p0bright0outside29brightness)) -> (F (p0b0room29shades29closed))))))","total_time":95,"automaton":{"is_built":true,"build_duration":2,"total_states":9,"state_based_status":"true","prune_automaton_duration":0,"pruned_state_based_status":"true","prune_total_states":9,"total_edges":23},"dependency":{"dependency_approach":"automaton","tested_dependencies":[{"name":"u0room29shades29ctrl0room29shades29ctrl","duration":0,"is_dependent":true,"tested_dependency_set":["p0p0bright0outside29brightness","p0b0room29screen29lowered","p0b0room29shades29closed","p0b0room29shades29open","u0room29shades29ctrl0f1dmove2to0f1dpercent231b1b","u0room29shades29ctrl0f1dmove2to0f1dpercent2423231b1b"]},{"name":"u0room29shades29ctrl0f1dmove2to0f1dpercent2423231b1b","duration":0,"is_dependent":false,"tested_dependency_set":["p0p0bright0outside29brightness","p0b0room29screen29lowered","p0b0room29shades29closed","p0b0room29shades29open","u0room29shades29ctrl0f1dmove2to0f1dpercent231b1b"]},{"name":"u0room29shades29ctrl0f1dmove2to0f1dpercent231b1b","duration":0,"is_dependent":false,"tested_dependency_set":["p0p0bright0outside29brightness","p0b0room29screen29lowered","p0b0room29shades29closed","p0b0room29shades29open","u0room29shades29ctrl0f1dmove2to0f1dpercent2423231b1b"]}],"total_duration":0,"is_completed":true,"skipped_dependencies":false,"total_pair_state":34,"search_pair_state_duration":0},"unate":{"skipped_unate":true},"synthesis":{"remove_dependent_ap_duration":0,"clone_nba_with_dep":0,"synthesis_dependents_duration":0,"model_checking_status":"UNKNOWN","merge_strategies_duration":88,"final_strategy":{"duration":0,"total_inputs":6,"total_outputs":1,"total_latches":9,"total_gates":132},"independent_strategy":{"duration":3,"realizability":"REALIZABLE","total_inputs":4,"total_outputs":2,"total_latches":2,"total_gates":42},"dependent_strategy":{"duration":0,"total_inputs":6,"total_outputs":1,"total_latches":9,"total_gates":132}}}
