Hierarchy reader flattened 2 instances of logic boxes and left 0 black boxes.
aag 45 4 5 25 36
2
4
6
8
10 1
12 0
14 83
16 84
18 68
24
25
0
30
31
0
0
35
0
48
49
0
48
49
0
70
89
0
89
90
89
0
89
0
89
20 5 3
22 8 7
24 22 20
26 9 3
28 26 5
30 28 6
32 7 4
34 32 26
36 8 3
38 37 5
40 27 4
42 41 39
44 43 7
46 29 6
48 47 45
50 24 7
52 50 28
54 21 6
56 4 2
58 57 9
60 58 55
62 61 25
64 13 10
66 64 19
68 67 63
70 68 52
72 64 17
74 21 7
76 74 59
78 77 47
80 79 73
82 81 15
84 73 63
86 85 69
88 86 82
90 89 34
i0 p0p0is2none0sensor2type
i1 p0p0is2mag0sensor2type
i2 p0p0is2alt0sensor2type
i3 p0p0is2acc2gyro0sensor2type
o0 u0cs2a2g0cs2in
o1 u0cs2a2g0f1dhigh1b
o2 u0cs2a2g2out0cs2a2g2out
o3 u0cs2alt0cs2in
o4 u0cs2alt0f1dhigh1b
o5 u0cs2alt2out0cs2alt2out
o6 u0cs2mag0cs2mag
o7 u0cs2mag0f1dhigh1b
o8 u0cs2mag2out0cs2mag2out
o9 u0sdi0sdi2in
o10 u0sdi0f1dhigh1b
o11 u0sdi2out0sdi2out
o12 u0spc0spc2in
o13 u0spc0f1dhigh1b
o14 u0spc2out0spc2out
o15 u0cs2a2g0cs2a2g
o16 u0cs2a2g2out0cs2a2g
o17 u0cs2alt0cs2alt
o18 u0cs2alt2out0cs2alt
o19 u0cs2mag0cs2in
o20 u0cs2mag2out0cs2mag
o21 u0sdi0sdi
o22 u0sdi2out0sdi
o23 u0spc0spc
o24 u0spc2out0spc
{"is_completed":true,"output_vars":["u0spc2out0spc2out","u0spc2out0spc","u0spc0f1dhigh1b","u0spc0spc2in","u0spc0spc","u0sdi2out0sdi2out","u0sdi2out0sdi","u0sdi0f1dhigh1b","u0sdi0sdi2in","u0sdi0sdi","u0cs2mag2out0cs2mag2out","u0cs2mag2out0cs2mag","u0cs2mag0f1dhigh1b","u0cs2mag0cs2mag","u0cs2mag0cs2in","u0cs2alt2out0cs2alt2out","u0cs2alt2out0cs2alt","u0cs2alt0f1dhigh1b","u0cs2alt0cs2in","u0cs2alt0cs2alt","u0cs2a2g2out0cs2a2g2out","u0cs2a2g2out0cs2a2g","u0cs2a2g0f1dhigh1b","u0cs2a2g0cs2in","u0cs2a2g0cs2a2g"],"input_vars":["p0p0is2none0sensor2type","p0p0is2mag0sensor2type","p0p0is2alt0sensor2type","p0p0is2acc2gyro0sensor2type"],"formula":"((G ((((((((((! (((u0cs2a2g0cs2in) && (! ((u0cs2a2g0f1dhigh1b) || (u0cs2a2g0cs2a2g)))) <-> ((! (((u0cs2a2g0f1dhigh1b) && (! (u0cs2a2g0cs2a2g))) <-> ((u0cs2a2g0cs2a2g) && (! (u0cs2a2g0f1dhigh1b))))) && (! (u0cs2a2g0cs2in))))) && (! (((u0cs2a2g2out0cs2a2g) && (! (u0cs2a2g2out0cs2a2g2out))) <-> ((u0cs2a2g2out0cs2a2g2out) && (! (u0cs2a2g2out0cs2a2g)))))) && (! (((u0cs2alt0cs2in) && (! ((u0cs2alt0f1dhigh1b) || (u0cs2alt0cs2alt)))) <-> ((! (((u0cs2alt0f1dhigh1b) && (! (u0cs2alt0cs2alt))) <-> ((u0cs2alt0cs2alt) && (! (u0cs2alt0f1dhigh1b))))) && (! (u0cs2alt0cs2in)))))) && (! (((u0cs2alt2out0cs2alt) && (! (u0cs2alt2out0cs2alt2out))) <-> ((u0cs2alt2out0cs2alt2out) && (! (u0cs2alt2out0cs2alt)))))) && (! (((u0cs2mag0cs2mag) && (! ((u0cs2mag0f1dhigh1b) || (u0cs2mag0cs2in)))) <-> ((! (((u0cs2mag0f1dhigh1b) && (! (u0cs2mag0cs2in))) <-> ((u0cs2mag0cs2in) && (! (u0cs2mag0f1dhigh1b))))) && (! (u0cs2mag0cs2mag)))))) && (! (((u0cs2mag2out0cs2mag) && (! (u0cs2mag2out0cs2mag2out))) <-> ((u0cs2mag2out0cs2mag2out) && (! (u0cs2mag2out0cs2mag)))))) && (! (((u0sdi0sdi2in) && (! ((u0sdi0f1dhigh1b) || (u0sdi0sdi)))) <-> ((! (((u0sdi0f1dhigh1b) && (! (u0sdi0sdi))) <-> ((u0sdi0sdi) && (! (u0sdi0f1dhigh1b))))) && (! (u0sdi0sdi2in)))))) && (! (((u0sdi2out0sdi) && (! (u0sdi2out0sdi2out))) <-> ((u0sdi2out0sdi2out) && (! (u0sdi2out0sdi)))))) && (! (((u0spc0spc2in) && (! ((u0spc0f1dhigh1b) || (u0spc0spc)))) <-> ((! (((u0spc0f1dhigh1b) && (! (u0spc0spc))) <-> ((u0spc0spc) && (! (u0spc0f1dhigh1b))))) && (! (u0spc0spc2in)))))) && (! (((u0spc2out0spc) && (! (u0spc2out0spc2out))) <-> ((u0spc2out0spc2out) && (! (u0spc2out0spc))))))) && (((((G ((p0p0is2alt0sensor2type) -> (! (((p0p0is2none0sensor2type) || (p0p0is2mag0sensor2type)) || (p0p0is2acc2gyro0sensor2type))))) && (G ((p0p0is2mag0sensor2type) -> (! (((p0p0is2none0sensor2type) || (p0p0is2alt0sensor2type)) || (p0p0is2acc2gyro0sensor2type)))))) && (G ((p0p0is2acc2gyro0sensor2type) -> (! (((p0p0is2none0sensor2type) || (p0p0is2mag0sensor2type)) || (p0p0is2alt0sensor2type)))))) && (G ((p0p0is2none0sensor2type) -> (! (((p0p0is2alt0sensor2type) || (p0p0is2mag0sensor2type)) || (p0p0is2acc2gyro0sensor2type)))))) -> (((((G ((p0p0is2alt0sensor2type) -> ((((u0cs2a2g0f1dhigh1b) && (u0cs2alt0cs2in)) && (u0cs2mag0f1dhigh1b)) && ((u0sdi0sdi2in) && (u0spc0spc2in))))) && (G ((p0p0is2mag0sensor2type) -> ((((u0cs2a2g0f1dhigh1b) && (u0cs2alt0f1dhigh1b)) && (u0cs2mag0cs2in)) && ((u0sdi0sdi2in) && (u0spc0spc2in)))))) && (G ((p0p0is2acc2gyro0sensor2type) -> ((((u0cs2a2g0cs2in) && (u0cs2alt0f1dhigh1b)) && (u0cs2mag0f1dhigh1b)) && ((u0sdi0sdi2in) && (u0spc0spc2in)))))) && (G ((p0p0is2none0sensor2type) -> (((((u0cs2a2g0f1dhigh1b) && (u0cs2alt0f1dhigh1b)) && (u0cs2mag0f1dhigh1b)) && (u0spc0f1dhigh1b)) && (u0sdi0f1dhigh1b))))) && (G (((((u0cs2a2g2out0cs2a2g) && (u0cs2alt2out0cs2alt)) && (u0cs2mag2out0cs2mag)) && (u0sdi2out0sdi)) && (u0spc2out0spc))))))","total_time":1754,"automaton":{"is_built":true,"build_duration":820,"total_states":4,"state_based_status":"true","prune_automaton_duration":0,"pruned_state_based_status":"true","prune_total_states":4,"total_edges":7},"dependency":{"dependency_approach":"automaton","tested_dependencies":[{"name":"u0cs2a2g0cs2a2g","duration":27,"is_dependent":true,"tested_dependency_set":["p0p0is2none0sensor2type","p0p0is2mag0sensor2type","p0p0is2alt0sensor2type","p0p0is2acc2gyro0sensor2type","u0spc2out0spc2out","u0spc2out0spc","u0spc0f1dhigh1b","u0spc0spc2in","u0spc0spc","u0sdi2out0sdi2out","u0sdi2out0sdi","u0sdi0f1dhigh1b","u0sdi0sdi2in","u0sdi0sdi","u0cs2mag2out0cs2mag2out","u0cs2mag2out0cs2mag","u0cs2mag0f1dhigh1b","u0cs2mag0cs2mag","u0cs2mag0cs2in","u0cs2alt2out0cs2alt2out","u0cs2alt2out0cs2alt","u0cs2alt0f1dhigh1b","u0cs2alt0cs2in","u0cs2alt0cs2alt","u0cs2a2g2out0cs2a2g2out","u0cs2a2g2out0cs2a2g","u0cs2a2g0f1dhigh1b","u0cs2a2g0cs2in"]},{"name":"u0cs2a2g0cs2in","duration":2,"is_dependent":false,"tested_dependency_set":["p0p0is2none0sensor2type","p0p0is2mag0sensor2type","p0p0is2alt0sensor2type","p0p0is2acc2gyro0sensor2type","u0spc2out0spc2out","u0spc2out0spc","u0spc0f1dhigh1b","u0spc0spc2in","u0spc0spc","u0sdi2out0sdi2out","u0sdi2out0sdi","u0sdi0f1dhigh1b","u0sdi0sdi2in","u0sdi0sdi","u0cs2mag2out0cs2mag2out","u0cs2mag2out0cs2mag","u0cs2mag0f1dhigh1b","u0cs2mag0cs2mag","u0cs2mag0cs2in","u0cs2alt2out0cs2alt2out","u0cs2alt2out0cs2alt","u0cs2alt0f1dhigh1b","u0cs2alt0cs2in","u0cs2alt0cs2alt","u0cs2a2g2out0cs2a2g2out","u0cs2a2g2out0cs2a2g","u0cs2a2g0f1dhigh1b"]},{"name":"u0cs2a2g0f1dhigh1b","duration":2,"is_dependent":false,"tested_dependency_set":["p0p0is2none0sensor2type","p0p0is2mag0sensor2type","p0p0is2alt0sensor2type","p0p0is2acc2gyro0sensor2type","u0spc2out0spc2out","u0spc2out0spc","u0spc0f1dhigh1b","u0spc0spc2in","u0spc0spc","u0sdi2out0sdi2out","u0sdi2out0sdi","u0sdi0f1dhigh1b","u0sdi0sdi2in","u0sdi0sdi","u0cs2mag2out0cs2mag2out","u0cs2mag2out0cs2mag","u0cs2mag0f1dhigh1b","u0cs2mag0cs2mag","u0cs2mag0cs2in","u0cs2alt2out0cs2alt2out","u0cs2alt2out0cs2alt","u0cs2alt0f1dhigh1b","u0cs2alt0cs2in","u0cs2alt0cs2alt","u0cs2a2g2out0cs2a2g2out","u0cs2a2g2out0cs2a2g","u0cs2a2g0cs2in"]},{"name":"u0cs2a2g2out0cs2a2g","duration":42,"is_dependent":true,"tested_dependency_set":["p0p0is2none0sensor2type","p0p0is2mag0sensor2type","p0p0is2alt0sensor2type","p0p0is2acc2gyro0sensor2type","u0spc2out0spc2out","u0spc2out0spc","u0spc0f1dhigh1b","u0spc0spc2in","u0spc0spc","u0sdi2out0sdi2out","u0sdi2out0sdi","u0sdi0f1dhigh1b","u0sdi0sdi2in","u0sdi0sdi","u0cs2mag2out0cs2mag2out","u0cs2mag2out0cs2mag","u0cs2mag0f1dhigh1b","u0cs2mag0cs2mag","u0cs2mag0cs2in","u0cs2alt2out0cs2alt2out","u0cs2alt2out0cs2alt","u0cs2alt0f1dhigh1b","u0cs2alt0cs2in","u0cs2alt0cs2alt","u0cs2a2g2out0cs2a2g2out","u0cs2a2g0cs2in","u0cs2a2g0f1dhigh1b"]},{"name":"u0cs2a2g2out0cs2a2g2out","duration":3,"is_dependent":false,"tested_dependency_set":["p0p0is2none0sensor2type","p0p0is2mag0sensor2type","p0p0is2alt0sensor2type","p0p0is2acc2gyro0sensor2type","u0spc2out0spc2out","u0spc2out0spc","u0spc0f1dhigh1b","u0spc0spc2in","u0spc0spc","u0sdi2out0sdi2out","u0sdi2out0sdi","u0sdi0f1dhigh1b","u0sdi0sdi2in","u0sdi0sdi","u0cs2mag2out0cs2mag2out","u0cs2mag2out0cs2mag","u0cs2mag0f1dhigh1b","u0cs2mag0cs2mag","u0cs2mag0cs2in","u0cs2alt2out0cs2alt2out","u0cs2alt2out0cs2alt","u0cs2alt0f1dhigh1b","u0cs2alt0cs2in","u0cs2alt0cs2alt","u0cs2a2g0cs2in","u0cs2a2g0f1dhigh1b"]},{"name":"u0cs2alt0cs2alt","duration":49,"is_dependent":true,"tested_dependency_set":["p0p0is2none0sensor2type","p0p0is2mag0sensor2type","p0p0is2alt0sensor2type","p0p0is2acc2gyro0sensor2type","u0spc2out0spc2out","u0spc2out0spc","u0spc0f1dhigh1b","u0spc0spc2in","u0spc0spc","u0sdi2out0sdi2out","u0sdi2out0sdi","u0sdi0f1dhigh1b","u0sdi0sdi2in","u0sdi0sdi","u0cs2mag2out0cs2mag2out","u0cs2mag2out0cs2mag","u0cs2mag0f1dhigh1b","u0cs2mag0cs2mag","u0cs2mag0cs2in","u0cs2alt2out0cs2alt2out","u0cs2alt2out0cs2alt","u0cs2alt0f1dhigh1b","u0cs2alt0cs2in","u0cs2a2g0cs2in","u0cs2a2g0f1dhigh1b","u0cs2a2g2out0cs2a2g2out"]},{"name":"u0cs2alt0cs2in","duration":3,"is_dependent":false,"tested_dependency_set":["p0p0is2none0sensor2type","p0p0is2mag0sensor2type","p0p0is2alt0sensor2type","p0p0is2acc2gyro0sensor2type","u0spc2out0spc2out","u0spc2out0spc","u0spc0f1dhigh1b","u0spc0spc2in","u0spc0spc","u0sdi2out0sdi2out","u0sdi2out0sdi","u0sdi0f1dhigh1b","u0sdi0sdi2in","u0sdi0sdi","u0cs2mag2out0cs2mag2out","u0cs2mag2out0cs2mag","u0cs2mag0f1dhigh1b","u0cs2mag0cs2mag","u0cs2mag0cs2in","u0cs2alt2out0cs2alt2out","u0cs2alt2out0cs2alt","u0cs2alt0f1dhigh1b","u0cs2a2g0cs2in","u0cs2a2g0f1dhigh1b","u0cs2a2g2out0cs2a2g2out"]},{"name":"u0cs2alt0f1dhigh1b","duration":3,"is_dependent":false,"tested_dependency_set":["p0p0is2none0sensor2type","p0p0is2mag0sensor2type","p0p0is2alt0sensor2type","p0p0is2acc2gyro0sensor2type","u0spc2out0spc2out","u0spc2out0spc","u0spc0f1dhigh1b","u0spc0spc2in","u0spc0spc","u0sdi2out0sdi2out","u0sdi2out0sdi","u0sdi0f1dhigh1b","u0sdi0sdi2in","u0sdi0sdi","u0cs2mag2out0cs2mag2out","u0cs2mag2out0cs2mag","u0cs2mag0f1dhigh1b","u0cs2mag0cs2mag","u0cs2mag0cs2in","u0cs2alt2out0cs2alt2out","u0cs2alt2out0cs2alt","u0cs2a2g0cs2in","u0cs2a2g0f1dhigh1b","u0cs2a2g2out0cs2a2g2out","u0cs2alt0cs2in"]},{"name":"u0cs2alt2out0cs2alt","duration":56,"is_dependent":true,"tested_dependency_set":["p0p0is2none0sensor2type","p0p0is2mag0sensor2type","p0p0is2alt0sensor2type","p0p0is2acc2gyro0sensor2type","u0spc2out0spc2out","u0spc2out0spc","u0spc0f1dhigh1b","u0spc0spc2in","u0spc0spc","u0sdi2out0sdi2out","u0sdi2out0sdi","u0sdi0f1dhigh1b","u0sdi0sdi2in","u0sdi0sdi","u0cs2mag2out0cs2mag2out","u0cs2mag2out0cs2mag","u0cs2mag0f1dhigh1b","u0cs2mag0cs2mag","u0cs2mag0cs2in","u0cs2alt2out0cs2alt2out","u0cs2a2g0cs2in","u0cs2a2g0f1dhigh1b","u0cs2a2g2out0cs2a2g2out","u0cs2alt0cs2in","u0cs2alt0f1dhigh1b"]},{"name":"u0cs2alt2out0cs2alt2out","duration":4,"is_dependent":false,"tested_dependency_set":["p0p0is2none0sensor2type","p0p0is2mag0sensor2type","p0p0is2alt0sensor2type","p0p0is2acc2gyro0sensor2type","u0spc2out0spc2out","u0spc2out0spc","u0spc0f1dhigh1b","u0spc0spc2in","u0spc0spc","u0sdi2out0sdi2out","u0sdi2out0sdi","u0sdi0f1dhigh1b","u0sdi0sdi2in","u0sdi0sdi","u0cs2mag2out0cs2mag2out","u0cs2mag2out0cs2mag","u0cs2mag0f1dhigh1b","u0cs2mag0cs2mag","u0cs2mag0cs2in","u0cs2a2g0cs2in","u0cs2a2g0f1dhigh1b","u0cs2a2g2out0cs2a2g2out","u0cs2alt0cs2in","u0cs2alt0f1dhigh1b"]},{"name":"u0cs2mag0cs2in","duration":66,"is_dependent":true,"tested_dependency_set":["p0p0is2none0sensor2type","p0p0is2mag0sensor2type","p0p0is2alt0sensor2type","p0p0is2acc2gyro0sensor2type","u0spc2out0spc2out","u0spc2out0spc","u0spc0f1dhigh1b","u0spc0spc2in","u0spc0spc","u0sdi2out0sdi2out","u0sdi2out0sdi","u0sdi0f1dhigh1b","u0sdi0sdi2in","u0sdi0sdi","u0cs2mag2out0cs2mag2out","u0cs2mag2out0cs2mag","u0cs2mag0f1dhigh1b","u0cs2mag0cs2mag","u0cs2a2g0cs2in","u0cs2a2g0f1dhigh1b","u0cs2a2g2out0cs2a2g2out","u0cs2alt0cs2in","u0cs2alt0f1dhigh1b","u0cs2alt2out0cs2alt2out"]},{"name":"u0cs2mag0cs2mag","duration":5,"is_dependent":false,"tested_dependency_set":["p0p0is2none0sensor2type","p0p0is2mag0sensor2type","p0p0is2alt0sensor2type","p0p0is2acc2gyro0sensor2type","u0spc2out0spc2out","u0spc2out0spc","u0spc0f1dhigh1b","u0spc0spc2in","u0spc0spc","u0sdi2out0sdi2out","u0sdi2out0sdi","u0sdi0f1dhigh1b","u0sdi0sdi2in","u0sdi0sdi","u0cs2mag2out0cs2mag2out","u0cs2mag2out0cs2mag","u0cs2mag0f1dhigh1b","u0cs2a2g0cs2in","u0cs2a2g0f1dhigh1b","u0cs2a2g2out0cs2a2g2out","u0cs2alt0cs2in","u0cs2alt0f1dhigh1b","u0cs2alt2out0cs2alt2out"]},{"name":"u0cs2mag0f1dhigh1b","duration":5,"is_dependent":false,"tested_dependency_set":["p0p0is2none0sensor2type","p0p0is2mag0sensor2type","p0p0is2alt0sensor2type","p0p0is2acc2gyro0sensor2type","u0spc2out0spc2out","u0spc2out0spc","u0spc0f1dhigh1b","u0spc0spc2in","u0spc0spc","u0sdi2out0sdi2out","u0sdi2out0sdi","u0sdi0f1dhigh1b","u0sdi0sdi2in","u0sdi0sdi","u0cs2mag2out0cs2mag2out","u0cs2mag2out0cs2mag","u0cs2a2g0cs2in","u0cs2a2g0f1dhigh1b","u0cs2a2g2out0cs2a2g2out","u0cs2alt0cs2in","u0cs2alt0f1dhigh1b","u0cs2alt2out0cs2alt2out","u0cs2mag0cs2mag"]},{"name":"u0cs2mag2out0cs2mag","duration":67,"is_dependent":true,"tested_dependency_set":["p0p0is2none0sensor2type","p0p0is2mag0sensor2type","p0p0is2alt0sensor2type","p0p0is2acc2gyro0sensor2type","u0spc2out0spc2out","u0spc2out0spc","u0spc0f1dhigh1b","u0spc0spc2in","u0spc0spc","u0sdi2out0sdi2out","u0sdi2out0sdi","u0sdi0f1dhigh1b","u0sdi0sdi2in","u0sdi0sdi","u0cs2mag2out0cs2mag2out","u0cs2a2g0cs2in","u0cs2a2g0f1dhigh1b","u0cs2a2g2out0cs2a2g2out","u0cs2alt0cs2in","u0cs2alt0f1dhigh1b","u0cs2alt2out0cs2alt2out","u0cs2mag0cs2mag","u0cs2mag0f1dhigh1b"]},{"name":"u0cs2mag2out0cs2mag2out","duration":4,"is_dependent":false,"tested_dependency_set":["p0p0is2none0sensor2type","p0p0is2mag0sensor2type","p0p0is2alt0sensor2type","p0p0is2acc2gyro0sensor2type","u0spc2out0spc2out","u0spc2out0spc","u0spc0f1dhigh1b","u0spc0spc2in","u0spc0spc","u0sdi2out0sdi2out","u0sdi2out0sdi","u0sdi0f1dhigh1b","u0sdi0sdi2in","u0sdi0sdi","u0cs2a2g0cs2in","u0cs2a2g0f1dhigh1b","u0cs2a2g2out0cs2a2g2out","u0cs2alt0cs2in","u0cs2alt0f1dhigh1b","u0cs2alt2out0cs2alt2out","u0cs2mag0cs2mag","u0cs2mag0f1dhigh1b"]},{"name":"u0sdi0sdi","duration":71,"is_dependent":true,"tested_dependency_set":["p0p0is2none0sensor2type","p0p0is2mag0sensor2type","p0p0is2alt0sensor2type","p0p0is2acc2gyro0sensor2type","u0spc2out0spc2out","u0spc2out0spc","u0spc0f1dhigh1b","u0spc0spc2in","u0spc0spc","u0sdi2out0sdi2out","u0sdi2out0sdi","u0sdi0f1dhigh1b","u0sdi0sdi2in","u0cs2a2g0cs2in","u0cs2a2g0f1dhigh1b","u0cs2a2g2out0cs2a2g2out","u0cs2alt0cs2in","u0cs2alt0f1dhigh1b","u0cs2alt2out0cs2alt2out","u0cs2mag0cs2mag","u0cs2mag0f1dhigh1b","u0cs2mag2out0cs2mag2out"]},{"name":"u0sdi0sdi2in","duration":5,"is_dependent":false,"tested_dependency_set":["p0p0is2none0sensor2type","p0p0is2mag0sensor2type","p0p0is2alt0sensor2type","p0p0is2acc2gyro0sensor2type","u0spc2out0spc2out","u0spc2out0spc","u0spc0f1dhigh1b","u0spc0spc2in","u0spc0spc","u0sdi2out0sdi2out","u0sdi2out0sdi","u0sdi0f1dhigh1b","u0cs2a2g0cs2in","u0cs2a2g0f1dhigh1b","u0cs2a2g2out0cs2a2g2out","u0cs2alt0cs2in","u0cs2alt0f1dhigh1b","u0cs2alt2out0cs2alt2out","u0cs2mag0cs2mag","u0cs2mag0f1dhigh1b","u0cs2mag2out0cs2mag2out"]},{"name":"u0sdi0f1dhigh1b","duration":5,"is_dependent":false,"tested_dependency_set":["p0p0is2none0sensor2type","p0p0is2mag0sensor2type","p0p0is2alt0sensor2type","p0p0is2acc2gyro0sensor2type","u0spc2out0spc2out","u0spc2out0spc","u0spc0f1dhigh1b","u0spc0spc2in","u0spc0spc","u0sdi2out0sdi2out","u0sdi2out0sdi","u0cs2a2g0cs2in","u0cs2a2g0f1dhigh1b","u0cs2a2g2out0cs2a2g2out","u0cs2alt0cs2in","u0cs2alt0f1dhigh1b","u0cs2alt2out0cs2alt2out","u0cs2mag0cs2mag","u0cs2mag0f1dhigh1b","u0cs2mag2out0cs2mag2out","u0sdi0sdi2in"]},{"name":"u0sdi2out0sdi","duration":77,"is_dependent":true,"tested_dependency_set":["p0p0is2none0sensor2type","p0p0is2mag0sensor2type","p0p0is2alt0sensor2type","p0p0is2acc2gyro0sensor2type","u0spc2out0spc2out","u0spc2out0spc","u0spc0f1dhigh1b","u0spc0spc2in","u0spc0spc","u0sdi2out0sdi2out","u0cs2a2g0cs2in","u0cs2a2g0f1dhigh1b","u0cs2a2g2out0cs2a2g2out","u0cs2alt0cs2in","u0cs2alt0f1dhigh1b","u0cs2alt2out0cs2alt2out","u0cs2mag0cs2mag","u0cs2mag0f1dhigh1b","u0cs2mag2out0cs2mag2out","u0sdi0sdi2in","u0sdi0f1dhigh1b"]},{"name":"u0sdi2out0sdi2out","duration":5,"is_dependent":false,"tested_dependency_set":["p0p0is2none0sensor2type","p0p0is2mag0sensor2type","p0p0is2alt0sensor2type","p0p0is2acc2gyro0sensor2type","u0spc2out0spc2out","u0spc2out0spc","u0spc0f1dhigh1b","u0spc0spc2in","u0spc0spc","u0cs2a2g0cs2in","u0cs2a2g0f1dhigh1b","u0cs2a2g2out0cs2a2g2out","u0cs2alt0cs2in","u0cs2alt0f1dhigh1b","u0cs2alt2out0cs2alt2out","u0cs2mag0cs2mag","u0cs2mag0f1dhigh1b","u0cs2mag2out0cs2mag2out","u0sdi0sdi2in","u0sdi0f1dhigh1b"]},{"name":"u0spc0spc","duration":84,"is_dependent":true,"tested_dependency_set":["p0p0is2none0sensor2type","p0p0is2mag0sensor2type","p0p0is2alt0sensor2type","p0p0is2acc2gyro0sensor2type","u0spc2out0spc2out","u0spc2out0spc","u0spc0f1dhigh1b","u0spc0spc2in","u0cs2a2g0cs2in","u0cs2a2g0f1dhigh1b","u0cs2a2g2out0cs2a2g2out","u0cs2alt0cs2in","u0cs2alt0f1dhigh1b","u0cs2alt2out0cs2alt2out","u0cs2mag0cs2mag","u0cs2mag0f1dhigh1b","u0cs2mag2out0cs2mag2out","u0sdi0sdi2in","u0sdi0f1dhigh1b","u0sdi2out0sdi2out"]},{"name":"u0spc0spc2in","duration":7,"is_dependent":false,"tested_dependency_set":["p0p0is2none0sensor2type","p0p0is2mag0sensor2type","p0p0is2alt0sensor2type","p0p0is2acc2gyro0sensor2type","u0spc2out0spc2out","u0spc2out0spc","u0spc0f1dhigh1b","u0cs2a2g0cs2in","u0cs2a2g0f1dhigh1b","u0cs2a2g2out0cs2a2g2out","u0cs2alt0cs2in","u0cs2alt0f1dhigh1b","u0cs2alt2out0cs2alt2out","u0cs2mag0cs2mag","u0cs2mag0f1dhigh1b","u0cs2mag2out0cs2mag2out","u0sdi0sdi2in","u0sdi0f1dhigh1b","u0sdi2out0sdi2out"]},{"name":"u0spc0f1dhigh1b","duration":6,"is_dependent":false,"tested_dependency_set":["p0p0is2none0sensor2type","p0p0is2mag0sensor2type","p0p0is2alt0sensor2type","p0p0is2acc2gyro0sensor2type","u0spc2out0spc2out","u0spc2out0spc","u0cs2a2g0cs2in","u0cs2a2g0f1dhigh1b","u0cs2a2g2out0cs2a2g2out","u0cs2alt0cs2in","u0cs2alt0f1dhigh1b","u0cs2alt2out0cs2alt2out","u0cs2mag0cs2mag","u0cs2mag0f1dhigh1b","u0cs2mag2out0cs2mag2out","u0sdi0sdi2in","u0sdi0f1dhigh1b","u0sdi2out0sdi2out","u0spc0spc2in"]},{"name":"u0spc2out0spc","duration":99,"is_dependent":true,"tested_dependency_set":["p0p0is2none0sensor2type","p0p0is2mag0sensor2type","p0p0is2alt0sensor2type","p0p0is2acc2gyro0sensor2type","u0spc2out0spc2out","u0cs2a2g0cs2in","u0cs2a2g0f1dhigh1b","u0cs2a2g2out0cs2a2g2out","u0cs2alt0cs2in","u0cs2alt0f1dhigh1b","u0cs2alt2out0cs2alt2out","u0cs2mag0cs2mag","u0cs2mag0f1dhigh1b","u0cs2mag2out0cs2mag2out","u0sdi0sdi2in","u0sdi0f1dhigh1b","u0sdi2out0sdi2out","u0spc0spc2in","u0spc0f1dhigh1b"]},{"name":"u0spc2out0spc2out","duration":6,"is_dependent":false,"tested_dependency_set":["p0p0is2none0sensor2type","p0p0is2mag0sensor2type","p0p0is2alt0sensor2type","p0p0is2acc2gyro0sensor2type","u0cs2a2g0cs2in","u0cs2a2g0f1dhigh1b","u0cs2a2g2out0cs2a2g2out","u0cs2alt0cs2in","u0cs2alt0f1dhigh1b","u0cs2alt2out0cs2alt2out","u0cs2mag0cs2mag","u0cs2mag0f1dhigh1b","u0cs2mag2out0cs2mag2out","u0sdi0sdi2in","u0sdi0f1dhigh1b","u0sdi2out0sdi2out","u0spc0spc2in","u0spc0f1dhigh1b"]}],"total_duration":718,"is_completed":true,"skipped_dependencies":false,"total_pair_state":5,"search_pair_state_duration":0},"unate":{"skipped_unate":true},"synthesis":{"remove_dependent_ap_duration":0,"clone_nba_with_dep":0,"synthesis_dependents_duration":4,"model_checking_status":"UNKNOWN","merge_strategies_duration":96,"final_strategy":{"duration":4,"total_inputs":19,"total_outputs":10,"total_latches":4,"total_gates":1105},"independent_strategy":{"duration":114,"realizability":"REALIZABLE","total_inputs":4,"total_outputs":15,"total_latches":0,"total_gates":14},"dependent_strategy":{"duration":4,"total_inputs":19,"total_outputs":10,"total_latches":4,"total_gates":1105}}}
