Hierarchy reader flattened 2 instances of logic boxes and left 0 black boxes.
aag 197 6 15 4 176
2
4
6
8
10
12
14 301
16 310
18 323
20 1
22 0
24 327
26 335
28 338
30 341
32 345
34 349
36 371
38 387
40 390
42 394
95
115
118
271
44 17 15
46 45 18
48 19 5
50 49 2
52 16 14
54 53 45
56 55 4
58 57 3
60 59 51
62 61 13
64 8 7
66 5 2
68 4 3
70 69 67
72 71 11
74 72 65
76 75 12
78 77 63
80 79 47
82 65 11
84 19 16
86 15 12
88 86 68
90 88 84
92 90 82
94 93 81
96 17 14
98 96 19
100 66 13
102 100 98
104 99 45
106 105 11
108 65 12
110 108 68
112 110 106
114 113 103
116 108 66
118 116 106
120 23 20
122 114 94
124 115 95
126 125 119
128 127 123
130 72 12
132 130 65
134 71 13
136 135 133
138 137 28
140 138 129
142 141 120
144 137 114
146 144 94
148 146 119
150 148 143
152 9 6
154 152 130
156 154 129
158 156 28
160 129 5
162 30 13
164 162 160
166 30 12
168 166 160
170 169 165
172 170 159
174 129 3
176 174 36
178 134 64
180 178 129
182 180 28
184 183 177
186 160 38
188 160 42
190 189 187
192 190 184
194 26 13
196 194 129
198 26 12
200 132 121
202 201 199
204 203 129
206 205 197
208 120 29
210 209 136
212 211 25
214 213 129
216 13 9
218 216 32
220 218 129
222 221 215
224 222 206
226 13 7
228 226 34
230 228 129
232 43 39
234 233 4
236 36 2
238 237 41
240 238 235
242 240 231
244 12 9
246 244 32
248 246 129
250 12 7
252 250 34
254 252 129
256 255 249
258 256 242
260 258 224
262 260 192
264 262 172
266 122 119
268 266 265
270 269 151
272 68 11
274 272 84
276 44 18
278 84 14
280 279 277
282 66 11
284 282 281
286 285 275
288 287 108
290 71 55
292 68 15
294 293 291
296 19 13
298 296 295
300 299 289
302 47 12
304 302 82
306 84 13
308 307 305
310 309 71
312 97 71
314 313 19
316 315 277
318 317 13
320 76 47
322 321 319
324 255 215
326 324 221
328 134 121
330 328 129
332 331 197
334 332 165
336 209 137
338 336 129
340 205 169
342 209 156
344 343 249
346 209 180
348 347 231
350 146 118
352 83 12
354 353 68
356 354 119
358 356 115
360 358 94
362 361 351
364 363 209
366 41 37
368 367 174
370 369 365
372 353 66
374 372 94
376 375 145
378 209 119
380 378 123
382 380 377
384 383 187
386 384 189
388 367 2
390 388 122
392 234 119
394 392 114
i0 p0b0room29light29off
i1 p0b0room29light29on
i2 p0b0room29somebody2leaves
i3 p0b0room29somebody2enters
i4 p0b0switch29toggled
i5 p0b0room29empty
o0 u0room29light0f1dturn2on1b
o1 u0room29light0f1dtoggle1b
o2 u0room29light0f1dturn2off1b
o3 u0room29light0room29light
{"is_completed":true,"output_vars":["u0room29light0f1dturn2off1b","u0room29light0f1dtoggle1b","u0room29light0f1dturn2on1b","u0room29light0room29light"],"input_vars":["p0b0room29light29off","p0b0room29light29on","p0b0room29somebody2leaves","p0b0room29somebody2enters","p0b0switch29toggled","p0b0room29empty"],"formula":"((G (! (((! (((u0room29light0f1dtoggle1b) && (! (u0room29light0room29light))) <-> ((u0room29light0room29light) && (! (u0room29light0f1dtoggle1b))))) && (! ((u0room29light0f1dturn2off1b) || (u0room29light0f1dturn2on1b)))) <-> ((! (((u0room29light0f1dturn2off1b) && (! (u0room29light0f1dturn2on1b))) <-> ((u0room29light0f1dturn2on1b) && (! (u0room29light0f1dturn2off1b))))) && (! ((u0room29light0f1dtoggle1b) || (u0room29light0room29light))))))) && (((((((G ((p0b0room29empty) -> (! (p0b0switch29toggled)))) && (G ((p0b0room29somebody2enters) -> (((! (p0b0room29empty)) U (p0b0room29somebody2leaves)) || (G (! (p0b0room29empty))))))) && (G (((p0b0room29somebody2leaves) && (p0b0room29empty)) -> (((p0b0room29empty) U (p0b0room29somebody2enters)) || (G (p0b0room29empty)))))) && (G (! ((p0b0room29light29on) <-> (p0b0room29light29off))))) && (G (((u0room29light0f1dturn2on1b) || ((u0room29light0f1dtoggle1b) && (p0b0room29light29off))) -> (X (F (((u0room29light0f1dturn2off1b) || (u0room29light0f1dtoggle1b)) R (p0b0room29light29on))))))) && (G (((u0room29light0f1dturn2off1b) || ((u0room29light0f1dtoggle1b) && (p0b0room29light29on))) -> (X (F (((u0room29light0f1dturn2on1b) || (u0room29light0f1dtoggle1b)) R (p0b0room29light29off))))))) -> (G ((X (p0b0room29light29on)) -> (! (p0b0room29empty))))))","total_time":139,"automaton":{"is_built":true,"build_duration":6,"total_states":11,"state_based_status":"true","prune_automaton_duration":0,"pruned_state_based_status":"true","prune_total_states":11,"total_edges":31},"dependency":{"dependency_approach":"automaton","tested_dependencies":[{"name":"u0room29light0room29light","duration":1,"is_dependent":true,"tested_dependency_set":["p0b0room29light29off","p0b0room29light29on","p0b0room29somebody2leaves","p0b0room29somebody2enters","p0b0switch29toggled","p0b0room29empty","u0room29light0f1dturn2off1b","u0room29light0f1dtoggle1b","u0room29light0f1dturn2on1b"]},{"name":"u0room29light0f1dturn2on1b","duration":0,"is_dependent":false,"tested_dependency_set":["p0b0room29light29off","p0b0room29light29on","p0b0room29somebody2leaves","p0b0room29somebody2enters","p0b0switch29toggled","p0b0room29empty","u0room29light0f1dturn2off1b","u0room29light0f1dtoggle1b"]},{"name":"u0room29light0f1dtoggle1b","duration":0,"is_dependent":false,"tested_dependency_set":["p0b0room29light29off","p0b0room29light29on","p0b0room29somebody2leaves","p0b0room29somebody2enters","p0b0switch29toggled","p0b0room29empty","u0room29light0f1dturn2off1b","u0room29light0f1dturn2on1b"]},{"name":"u0room29light0f1dturn2off1b","duration":0,"is_dependent":false,"tested_dependency_set":["p0b0room29light29off","p0b0room29light29on","p0b0room29somebody2leaves","p0b0room29somebody2enters","p0b0switch29toggled","p0b0room29empty","u0room29light0f1dturn2on1b","u0room29light0f1dtoggle1b"]}],"total_duration":1,"is_completed":true,"skipped_dependencies":false,"total_pair_state":52,"search_pair_state_duration":0},"unate":{"skipped_unate":true},"synthesis":{"remove_dependent_ap_duration":0,"clone_nba_with_dep":0,"synthesis_dependents_duration":0,"model_checking_status":"UNKNOWN","merge_strategies_duration":114,"final_strategy":{"duration":0,"total_inputs":9,"total_outputs":1,"total_latches":11,"total_gates":328},"independent_strategy":{"duration":15,"realizability":"REALIZABLE","total_inputs":6,"total_outputs":3,"total_latches":3,"total_gates":134},"dependent_strategy":{"duration":0,"total_inputs":9,"total_outputs":1,"total_latches":11,"total_gates":328}}}
