Hierarchy reader flattened 2 instances of logic boxes and left 0 black boxes.
aag 3987 4 190 6 3793
2
4
6
8
10 3233
12 3571
14 3783
16 4027
18 4195
20 4267
22 1
24 0
26 4351
28 4375
30 4419
32 4453
34 4375
36 4419
38 4481
40 4517
42 4481
44 4517
46 4527
48 4527
50 4527
52 4549
54 4581
56 4615
58 4655
60 4689
62 4693
64 4703
66 4703
68 4703
70 4731
72 4739
74 4751
76 4751
78 4751
80 4781
82 4799
84 4801
86 4803
88 4835
90 4835
92 4841
94 4841
96 1107
98 2208
100 4843
102 4851
104 4851
106 4859
108 1642
110 4861
112 4867
114 4867
116 4875
118 4979
120 5275
122 5319
124 5351
126 5373
128 5375
130 5375
132 5383
134 5383
136 5385
138 5475
140 5481
142 5595
144 5799
146 5831
148 5835
150 5835
152 5843
154 5843
156 5845
158 5845
160 5845
162 5845
164 5825
166 5825
168 5825
170 5849
172 5849
174 5849
176 5849
178 5887
180 5911
182 5941
184 5955
186 5998
188 6018
190 6051
192 6065
194 6083
196 6089
198 6089
200 6091
202 6137
204 6147
206 6147
208 6147
210 6147
212 6231
214 6265
216 6341
218 6373
220 6423
222 6471
224 6477
226 1927
228 1927
230 1927
232 1927
234 6500
236 6504
238 6513
240 6515
242 6515
244 1802
246 6525
248 6525
250 6525
252 6525
254 6535
256 2175
258 2175
260 2175
262 2175
264 6556
266 6564
268 6585
270 6587
272 6587
274 2186
276 6595
278 6595
280 6595
282 6595
284 6601
286 6603
288 6605
290 6619
292 6691
294 6741
296 6931
298 7077
300 7091
302 2236
304 1532
306 7103
308 1530
310 2210
312 7115
314 7157
316 7172
318 7225
320 7255
322 7299
324 7345
326 7371
328 7372
330 7385
332 7403
334 7407
336 7413
338 7501
340 7591
342 7631
344 7667
346 7685
348 7719
350 7741
352 7755
354 7765
356 7777
358 7797
360 7803
362 7811
364 7833
366 7841
368 7844
370 7877
372 7905
374 7933
376 7937
378 7940
380 7951
382 7956
384 7963
386 7968
388 7974
446
490
705
791
2263
2885
390 21 19
392 390 16
394 392 15
396 21 17
398 396 14
400 399 395
402 401 13
404 390 17
406 404 15
408 390 14
410 409 407
412 411 12
414 413 403
416 415 11
418 404 13
420 21 18
422 420 16
424 423 405
426 425 15
428 19 17
430 429 393
432 431 14
434 433 427
436 435 12
438 437 419
440 439 10
442 441 417
444 8 7
446 444 443
448 420 17
450 448 15
452 451 409
454 453 13
456 390 15
458 456 12
460 459 455
462 461 11
464 397 393
466 465 15
468 466 13
470 21 15
472 20 19
474 472 17
476 474 14
478 477 471
480 479 12
482 481 469
484 483 10
486 485 463
488 9 6
490 488 487
492 475 423
494 493 13
496 474 15
498 422 14
500 499 497
502 501 12
504 503 495
506 505 11
508 473 421
510 509 17
512 510 15
514 493 14
516 515 513
518 517 13
520 21 16
522 521 449
524 523 14
526 525 497
528 527 12
530 529 519
532 531 10
534 533 507
536 535 5
538 496 12
540 420 15
542 540 13
544 520 14
546 544 12
548 547 543
550 548 539
552 551 11
554 511 423
556 555 15
558 557 477
560 559 13
562 449 393
564 563 14
566 564 12
568 422 15
570 568 12
572 571 567
574 572 561
576 575 10
578 577 553
580 579 3
582 568 13
584 583 503
586 585 11
588 513 477
590 589 13
592 591 567
594 593 10
596 595 587
598 597 2
600 599 581
602 601 4
604 603 537
606 605 7
608 493 15
610 608 13
612 610 11
614 546 10
616 496 13
618 616 10
620 619 615
622 620 613
624 623 5
626 610 10
628 392 14
630 628 12
632 582 11
634 633 631
636 634 627
638 637 3
640 631 617
642 641 10
644 643 633
646 645 2
648 647 639
650 649 4
652 651 625
654 653 6
656 655 607
658 657 9
660 476 13
662 660 11
664 477 451
666 13 10
668 666 665
670 669 539
672 670 663
674 673 5
676 450 13
678 677 539
680 679 11
682 541 477
684 683 666
686 685 681
688 687 3
690 538 11
692 691 669
694 693 2
696 695 689
698 697 4
700 699 675
702 701 444
704 703 659
706 472 16
708 706 15
710 708 13
712 510 14
714 713 451
716 715 12
718 717 711
720 719 11
722 448 14
724 723 709
726 725 666
728 727 721
730 729 5
732 467 399
734 12 11
736 734 733
738 722 13
740 738 10
742 741 737
744 743 4
746 745 731
748 747 7
750 404 14
752 750 12
754 11 4
756 754 752
758 11 5
760 758 710
762 761 741
764 762 757
766 765 6
768 767 749
770 769 9
772 734 722
774 710 10
776 775 773
778 777 5
780 723 395
782 781 12
784 782 754
786 785 779
788 787 444
790 789 771
792 143 141
794 7 5
796 794 447
798 796 491
800 798 704
802 800 790
804 802 793
806 794 9
808 806 704
810 808 491
812 810 790
814 812 208
816 815 805
818 794 8
820 818 447
822 820 704
824 822 491
826 824 790
828 826 214
830 812 224
832 831 829
834 812 250
836 5 2
838 836 7
840 491 447
842 840 838
844 842 704
846 844 790
848 846 138
850 802 144
852 851 849
854 852 835
856 854 832
858 856 816
860 844 9
862 860 790
864 862 210
866 862 252
868 867 865
870 121 97
872 871 812
874 139 101
876 875 862
878 877 873
880 107 105
882 881 812
884 25 22
886 884 81
888 71 53
890 888 886
892 891 862
894 893 883
896 894 878
898 896 868
900 898 858
902 6 4
904 902 9
906 904 704
908 906 491
910 908 790
912 910 372
914 9 4
916 914 704
918 916 491
920 918 790
922 107 101
924 922 341
926 925 920
928 927 913
930 321 255
932 931 920
934 223 219
936 935 910
938 937 933
940 7 4
942 940 9
944 942 704
946 944 491
948 946 790
950 111 87
952 951 948
954 4 2
956 491 9
958 956 954
960 958 704
962 960 790
964 319 139
966 965 962
968 967 953
970 968 938
972 970 928
974 9 5
976 974 704
978 976 491
980 978 790
982 980 136
984 956 836
986 984 704
988 986 790
990 988 138
992 991 983
994 812 110
996 121 119
998 996 101
1000 999 980
1002 1001 995
1004 1002 992
1006 980 144
1008 974 6
1010 1008 704
1012 1010 491
1014 1012 790
1016 1014 218
1018 1017 1007
1020 1014 222
1022 980 250
1024 1023 1021
1026 1024 1018
1028 1026 1004
1030 1028 972
1032 1030 900
1034 862 46
1036 988 72
1038 846 74
1040 1039 1037
1042 1040 1035
1044 948 82
1046 143 73
1048 1046 145
1050 1049 920
1052 1051 1045
1054 63 51
1056 1055 862
1058 980 246
1060 1059 1057
1062 1060 1052
1064 1062 1042
1066 107 97
1068 341 121
1070 1068 117
1072 1070 1066
1074 1073 948
1076 954 7
1078 1076 840
1080 1078 704
1082 1080 9
1084 1082 790
1086 81 53
1088 101 87
1090 1088 964
1092 1090 1086
1094 884 71
1096 119 111
1098 1096 375
1100 1098 1094
1102 1100 1092
1104 1103 1084
1106 1105 1075
1108 940 8
1110 1108 447
1112 1110 704
1114 1112 491
1116 1114 790
1118 1116 220
1120 1116 284
1122 1121 1119
1124 1122 1106
1126 83 79
1128 1127 812
1130 862 282
1132 1131 1129
1134 910 340
1136 954 488
1138 1136 704
1140 1138 491
1142 1140 790
1144 217 139
1146 1144 373
1148 1147 1142
1150 1149 1135
1152 1150 1132
1154 1152 1124
1156 1154 1064
1158 948 284
1160 948 224
1162 1161 1159
1164 948 254
1166 948 144
1168 1167 1165
1170 1168 1162
1172 956 704
1174 837 790
1176 1174 7
1178 1176 1172
1180 83 73
1182 1180 143
1184 1183 1178
1186 948 320
1188 1187 1185
1190 1188 1170
1192 862 84
1194 812 92
1196 1195 1193
1198 980 102
1200 846 80
1202 101 99
1204 1203 988
1206 1205 1201
1208 988 70
1210 846 76
1212 1211 1209
1214 1212 1206
1216 1214 1199
1218 1216 1196
1220 1218 1190
1222 1220 1156
1224 447 7
1226 1224 3
1228 1226 491
1230 1228 704
1232 1230 9
1234 1232 790
1236 1234 118
1238 790 491
1240 4 3
1242 1240 1224
1244 1242 1238
1246 1244 9
1248 1246 704
1250 1248 374
1252 1251 1237
1254 842 790
1256 1254 8
1258 1256 704
1260 1258 214
1262 826 220
1264 1263 1261
1266 1264 1252
1268 73 69
1270 1269 980
1272 1055 812
1274 1273 1271
1276 75 65
1278 1277 862
1280 277 247
1282 1281 812
1284 1283 1279
1286 1284 1274
1288 1286 1266
1290 8 6
1292 1291 447
1294 1292 491
1296 1294 704
1298 1296 836
1300 1298 790
1302 1300 142
1304 975 819
1306 1305 447
1308 1306 491
1310 1308 704
1312 1310 790
1314 1312 144
1316 1315 1303
1318 920 324
1320 920 374
1322 1321 1319
1324 1322 1316
1326 910 144
1328 704 488
1330 1328 491
1332 1330 1174
1334 1332 1047
1336 1335 1327
1338 6 3
1340 1338 1172
1342 1340 790
1344 1342 372
1346 1240 6
1348 1346 790
1350 1348 1172
1352 1350 374
1354 1353 1345
1356 1354 1336
1358 1356 1324
1360 1358 1288
1362 121 105
1364 1363 1014
1366 836 488
1368 1366 704
1370 1368 1238
1372 1370 216
1374 1370 252
1376 1375 1373
1378 1376 1365
1380 111 109
1382 1381 846
1384 980 881
1386 1385 1383
1388 1386 1378
1390 1116 214
1392 940 447
1394 1392 491
1396 1394 704
1398 1396 790
1400 285 145
1402 1400 321
1404 1403 1398
1406 1405 1391
1408 119 101
1410 1409 1142
1412 121 107
1414 1413 910
1416 1415 1411
1418 1416 1406
1420 1418 1388
1422 862 136
1424 812 140
1426 1425 1423
1428 862 142
1430 812 144
1432 1431 1429
1434 1432 1426
1436 1014 106
1438 1370 118
1440 1439 1437
1442 1116 320
1444 447 444
1446 1444 704
1448 1446 491
1450 1448 1174
1452 215 143
1454 1453 1450
1456 1455 1443
1458 1456 1440
1460 1458 1434
1462 1460 1420
1464 1462 1360
1466 1464 1222
1468 1466 1032
1470 109 99
1472 1471 1234
1474 1242 8
1476 1474 790
1478 1476 704
1480 1478 374
1482 1444 3
1484 1482 491
1486 1484 704
1488 1486 790
1490 371 119
1492 1490 111
1494 1493 1488
1496 1495 1481
1498 1496 1473
1500 5 3
1502 1500 1224
1504 1502 491
1506 1504 704
1508 1506 790
1510 1508 8
1512 143 137
1514 1512 1126
1516 1515 1510
1518 1506 9
1520 1518 790
1522 1408 950
1524 1523 1520
1526 1525 1517
1528 1526 1498
1530 1510 108
1532 1342 98
1534 1533 1531
1536 1234 84
1538 1520 108
1540 1539 1537
1542 1540 1534
1544 1542 1528
1546 997 920
1548 1471 1084
1550 1549 1547
1552 1268 1126
1554 1553 862
1556 826 116
1558 1557 1555
1560 1558 1550
1562 1142 374
1564 281 145
1566 1565 826
1568 1567 1563
1570 826 284
1572 1510 74
1574 1573 1571
1576 1574 1568
1578 1576 1560
1580 1578 1544
1582 1142 1095
1584 988 252
1586 846 278
1588 1587 1585
1590 1588 1583
1592 1142 320
1594 885 790
1596 1594 976
1598 1596 980
1600 1599 1593
1602 1600 1590
1604 1500 1296
1606 1513 790
1608 1606 1604
1610 1508 1127
1612 1611 1609
1614 255 251
1616 1615 1014
1618 1617 1612
1620 1046 219
1622 1621 1142
1624 99 85
1626 1625 1520
1628 1627 1623
1630 1628 1618
1632 1630 1602
1634 1014 298
1636 1520 885
1638 1637 1635
1640 1492 884
1642 1641 1510
1644 85 49
1646 77 67
1648 1646 1644
1650 1649 1084
1652 1651 1643
1654 1652 1638
1656 1594 916
1658 1656 920
1660 1450 82
1662 1661 1659
1664 1300 885
1666 1408 884
1668 1667 1342
1670 1669 1665
1672 1670 1662
1674 1672 1654
1676 1674 1632
1678 1676 1580
1680 1089 812
1682 1127 802
1684 285 281
1686 1685 802
1688 1687 1683
1690 1688 1681
1692 812 254
1694 826 370
1696 1695 1693
1698 1696 1690
1700 948 100
1702 1116 370
1704 1080 790
1706 1704 80
1708 1398 340
1710 1709 1707
1712 1710 1703
1714 1712 1701
1716 1714 1698
1718 1312 120
1720 988 248
1722 117 115
1724 1722 113
1726 1725 802
1728 1727 1721
1730 1728 1719
1732 139 119
1734 1733 1300
1736 862 206
1738 1737 1735
1740 1738 1730
1742 121 115
1744 1743 826
1746 826 296
1748 139 111
1750 1748 371
1752 1751 1258
1754 1753 1747
1756 1754 1745
1758 1756 1740
1760 1758 1716
1762 948 324
1764 948 62
1766 1765 1763
1768 1500 9
1770 1768 491
1772 1770 704
1774 1772 790
1776 1774 72
1778 1508 74
1780 1779 1777
1782 1520 1513
1784 1783 1780
1786 1784 1766
1788 948 72
1790 1510 214
1792 1791 1789
1794 79 73
1796 1794 83
1798 1797 1520
1800 99 67
1802 1801 1142
1804 1803 1799
1806 1804 1792
1808 1806 1786
1810 1520 68
1812 1084 320
1814 1813 1811
1816 1014 140
1818 143 63
1820 1818 1180
1822 1821 1084
1824 1823 1817
1826 1824 1814
1828 1332 218
1830 910 324
1832 1831 1829
1834 884 111
1836 1834 1088
1838 1837 1234
1840 1520 46
1842 1841 1839
1844 1842 1832
1846 1844 1826
1848 1846 1808
1850 1848 1760
1852 1850 1678
1854 109 77
1856 279 249
1858 1856 1854
1860 1858 1800
1862 1861 862
1864 113 103
1866 1865 812
1868 1867 1863
1870 1116 144
1872 1076 8
1874 1872 840
1876 1874 704
1878 1876 790
1880 1878 214
1882 1881 1871
1884 1882 1868
1886 1878 320
1888 1116 324
1890 1889 1887
1892 1258 136
1894 826 140
1896 1895 1893
1898 1896 1890
1900 1898 1884
1902 862 86
1904 812 94
1906 1905 1903
1908 980 254
1910 812 280
1912 1911 1909
1914 1912 1906
1916 812 284
1918 1014 372
1920 1919 1917
1922 1370 64
1924 1014 246
1926 1925 1923
1928 1926 1920
1930 1928 1914
1932 1930 1900
1934 862 48
1936 988 66
1938 1937 1935
1940 1097 862
1942 1723 812
1944 1943 1941
1946 1944 1938
1948 910 298
1950 1142 318
1952 1951 1949
1954 1116 296
1956 964 213
1958 1957 1878
1960 1959 1955
1962 1960 1952
1964 1962 1946
1966 812 204
1968 1370 218
1970 1969 1967
1972 1878 110
1974 1116 116
1976 1975 1973
1978 1976 1970
1980 1116 1069
1982 1878 1491
1984 1983 1981
1986 826 112
1988 1258 278
1990 1989 1987
1992 1990 1984
1994 1992 1978
1996 1994 1964
1998 1996 1932
2000 988 64
2002 219 143
2004 2002 321
2006 2005 1350
2008 2007 2001
2010 69 65
2012 2011 1774
2014 988 68
2016 2015 2013
2018 2016 2008
2020 1704 138
2022 143 83
2024 2023 1398
2026 2025 2021
2028 1704 318
2030 1500 6
2032 2030 790
2034 2032 1172
2036 1512 1268
2038 2037 2034
2040 2039 2029
2042 2040 2026
2044 2042 2018
2046 794 704
2048 2046 1594
2050 2048 802
2052 1594 940
2054 2052 704
2056 2054 1398
2058 2057 2051
2060 117 111
2062 2061 1398
2064 996 375
2066 2065 1398
2068 2067 2063
2070 2068 2058
2072 2034 64
2074 1127 846
2076 2075 2073
2078 1350 72
2080 137 121
2082 2080 1096
2084 2083 802
2086 2085 2079
2088 2086 2076
2090 2088 2070
2092 2090 2044
2094 1520 1055
2096 931 910
2098 2097 2095
2100 1520 1277
2102 1269 812
2104 2103 2101
2106 2104 2098
2108 2034 218
2110 1258 885
2112 1126 143
2114 2113 1258
2116 2115 2111
2118 2116 2109
2120 1178 62
2122 962 70
2124 2123 2121
2126 2124 2118
2128 980 793
2130 119 81
2132 283 213
2134 2132 2130
2136 2135 1258
2138 1855 1258
2140 1820 321
2142 2141 1248
2144 2143 2139
2146 2144 2137
2148 2146 2129
2150 2148 2126
2152 2150 2106
2154 2152 2092
2156 1014 102
2158 1370 248
2160 2159 2157
2162 1370 142
2164 1014 144
2166 2165 2163
2168 2166 2160
2170 1258 74
2172 826 276
2174 2173 2171
2176 1300 136
2178 1312 140
2180 2179 2177
2182 2180 2174
2184 2182 2168
2186 1878 1855
2188 846 282
2190 2189 2187
2192 1370 138
2194 1878 887
2196 2195 2193
2198 2196 2190
2200 1398 324
2202 1370 372
2204 2203 2201
2206 1666 373
2208 2207 2034
2210 1488 108
2212 2211 2209
2214 2212 2204
2216 2214 2198
2218 1878 374
2220 1488 885
2222 2221 2219
2224 1094 101
2226 2225 1370
2228 1268 137
2230 2229 1370
2232 2231 2227
2234 2232 2222
2236 2034 98
2238 2023 1878
2240 2239 2237
2242 802 276
2244 1801 1370
2246 2245 2243
2248 2246 2240
2250 2248 2234
2252 2250 2216
2254 2252 2184
2256 2254 2154
2258 2256 1998
2260 2258 1852
2262 2260 1468
2264 6 2
2266 2264 8
2268 2266 704
2270 2268 491
2272 2270 790
2274 7 2
2276 2274 8
2278 2276 447
2280 9 2
2282 2281 2279
2284 2283 705
2286 2285 2269
2288 2287 1238
2290 791 491
2292 2290 2283
2294 2292 704
2296 2295 2289
2298 2297 885
2300 2298 2272
2302 179 177
2304 289 233
2306 2304 2302
2308 2307 2272
2310 2272 26
2312 2311 2309
2314 263 183
2316 2314 163
2318 2317 2272
2320 2319 2312
2322 155 147
2324 2323 2272
2326 135 125
2328 2327 2272
2330 2329 2325
2332 309 303
2334 2333 2272
2336 49 47
2338 2336 67
2340 259 229
2342 2340 888
2344 2342 2338
2346 2345 2272
2348 2347 2335
2350 2348 2330
2352 2350 2320
2354 2352 2301
2356 1290 3
2358 2356 790
2360 87 85
2362 2361 2358
2364 2363 2273
2366 77 75
2368 109 81
2370 2368 2366
2372 2370 2360
2374 2373 2365
2376 1290 270
2378 2272 286
2380 2379 2377
2382 2380 2375
2384 2359 2273
2386 373 371
2388 2386 1202
2390 2389 2385
2392 311 305
2394 2393 2272
2396 1290 294
2398 1290 954
2400 2398 790
2402 2400 352
2404 2403 2397
2406 2404 2395
2408 2406 2391
2410 2408 2382
2412 2358 4
2414 2413 2401
2416 2415 2229
2418 1290 4
2420 2418 1238
2422 2420 126
2424 2400 132
2426 2425 2423
2428 2358 362
2430 2412 366
2432 2431 2429
2434 2432 2426
2436 2434 2417
2438 2415 374
2440 2420 358
2442 2400 366
2444 2443 2441
2446 2444 2439
2448 305 291
2450 2448 361
2452 2450 65
2454 2332 287
2456 149 129
2458 2456 27
2460 1380 157
2462 2460 2458
2464 2462 2454
2466 311 289
2468 2466 2464
2470 2468 2452
2472 2471 2358
2474 123 33
2476 2474 153
2478 181 161
2480 355 185
2482 2480 2478
2484 1126 1054
2486 2484 2482
2488 2486 2476
2490 2489 2400
2492 2491 2473
2494 2492 2446
2496 1500 1290
2498 2496 1238
2500 137 133
2502 123 83
2504 2502 2500
2506 2002 153
2508 2506 2504
2510 2509 2498
2512 193 191
2514 261 231
2516 2514 2512
2518 175 169
2520 2518 2516
2522 325 321
2524 2522 341
2526 223 221
2528 225 141
2530 285 251
2532 2530 2528
2534 2532 2526
2536 2534 2524
2538 2536 2520
2540 2539 2420
2542 69 33
2544 2542 1054
2546 215 185
2548 2546 1794
2550 2548 2478
2552 2550 2544
2554 2553 2498
2556 2555 2541
2558 2556 2511
2560 2483 2412
2562 219 215
2564 321 319
2566 2564 2562
2568 2567 2400
2570 297 143
2572 2570 299
2574 2573 1290
2576 2517 1290
2578 2577 2575
2580 1725 1290
2582 185 181
2584 2582 2518
2586 2585 1290
2588 2587 2581
2590 2588 2578
2592 1290 226
2594 1290 26
2596 2595 2593
2598 245 243
2600 2599 1290
2602 1290 46
2604 2603 2601
2606 2604 2596
2608 197 89
2610 2608 241
2612 2611 1290
2614 1290 5
2616 261 255
2618 2616 1684
2620 2619 2614
2622 2621 2613
2624 2622 2606
2626 2624 2590
2628 209 145
2630 2628 225
2632 2526 2518
2634 2632 2630
2636 2635 2614
2638 1290 836
2640 2562 143
2642 2640 2582
2644 2643 2638
2646 2645 2637
2648 133 127
2650 161 153
2652 2650 2648
2654 2653 1290
2656 281 255
2658 2656 2562
2660 2659 1290
2662 2661 2655
2664 157 149
2666 2664 129
2668 2667 1290
2670 2669 2662
2672 2670 2646
2674 2672 2626
2676 2080 1268
2678 2526 880
2680 2678 2676
2682 277 251
2684 2682 285
2686 205 141
2688 247 225
2690 2688 2686
2692 95 93
2694 103 97
2696 2694 2692
2698 2696 2690
2700 2698 2684
2702 2700 2680
2704 2703 1290
2706 141 127
2708 2706 2512
2710 2709 2614
2712 2650 2504
2714 2712 2544
2716 2715 2638
2718 2717 2711
2720 2638 1795
2722 251 231
2724 2723 2614
2726 2725 2721
2728 1290 90
2730 1290 170
2732 2731 2729
2734 1290 256
2736 2475 1290
2738 2737 2735
2740 2738 2732
2742 2740 2726
2744 203 201
2746 273 199
2748 2746 275
2750 2748 2744
2752 2751 1290
2754 2628 1276
2756 2754 2484
2758 2757 1290
2760 2759 2753
2762 2760 2742
2764 2762 2718
2766 2764 2705
2768 2766 2674
2770 2768 2569
2772 2770 2561
2774 357 355
2776 2775 2420
2778 153 123
2780 133 33
2782 2780 2778
2784 2783 2412
2786 2785 2777
2788 2786 2772
2790 2788 2558
2792 2790 2494
2794 2792 2436
2796 151 131
2798 165 159
2800 2798 173
2802 2800 2796
2804 2803 2272
2806 279 253
2808 2806 283
2810 207 111
2812 213 211
2814 249 217
2816 2814 2812
2818 2816 2810
2820 2818 2808
2822 2821 2272
2824 2823 2805
2826 2824 2794
2828 1290 166
2830 2456 157
2832 2831 2272
2834 2833 2829
2836 2272 290
2838 1290 292
2840 2839 2837
2842 2840 2834
2844 2842 2826
2846 2844 2410
2848 363 361
2850 2297 1733
2852 2851 2848
2854 2853 2272
2856 9 3
2858 2857 1483
2860 2859 705
2862 2861 2357
2864 2863 1238
2866 2859 2290
2868 2866 704
2870 2869 2865
2872 2871 118
2874 2871 885
2876 2875 2873
2878 2877 2358
2880 2879 2855
2882 2880 2846
2884 2882 2354
2886 20 18
2888 2887 17
2890 409 13
2892 2890 2888
2894 571 547
2896 2894 2893
2898 2897 11
2900 521 429
2902 2901 15
2904 428 14
2906 2905 499
2908 2906 2903
2910 2909 13
2912 2905 471
2914 2913 12
2916 2915 2911
2918 2917 10
2920 2919 2899
2922 2921 3
2924 535 2
2926 2925 2923
2928 2927 5
2930 423 397
2932 2931 15
2934 420 14
2936 2935 2933
2938 2937 13
2940 629 609
2942 2941 12
2944 2943 2939
2946 2945 11
2948 751 471
2950 2949 13
2952 2889 521
2954 2953 12
2956 2955 2951
2958 2957 10
2960 2959 2947
2962 2961 1240
2964 2963 2929
2966 2965 7
2968 396 15
2970 2968 13
2972 751 457
2974 2973 12
2976 2975 2971
2978 2977 11
2980 431 15
2982 2981 399
2984 2983 13
2986 753 571
2988 2986 2985
2990 2989 10
2992 2991 2979
2994 2993 3
2996 2975 543
2998 2997 11
3000 2981 723
3002 3001 13
3004 629 569
3006 3005 12
3008 3007 3003
3010 3009 10
3012 3011 2999
3014 3013 2
3016 3015 2995
3018 3017 4
3020 13 11
3022 3020 426
3024 521 405
3026 3025 12
3028 3027 419
3030 14 10
3032 3030 3029
3034 3033 3023
3036 3035 1500
3038 3037 3019
3040 3039 6
3042 3041 2967
3044 3043 9
3046 406 13
3048 723 497
3050 3049 12
3052 3051 3047
3054 3053 11
3056 475 393
3058 15 12
3060 3058 3057
3062 19 16
3064 3063 449
3066 15 13
3068 3066 3065
3070 3069 3061
3072 3071 10
3074 3073 3055
3076 3075 3
3078 777 2
3080 3079 3077
3082 3081 5
3084 3025 15
3086 2931 14
3088 3087 3085
3090 3089 13
3092 427 409
3094 3093 12
3096 3095 3091
3098 3097 11
3100 2905 457
3102 3101 13
3104 3103 2955
3106 3105 10
3108 3107 3099
3110 3109 3
3112 428 15
3114 3113 409
3116 3115 12
3118 3117 403
3120 3119 11
3122 2969 2905
3124 3123 13
3126 3125 437
3128 3127 10
3130 3129 3121
3132 3131 2
3134 3133 3111
3136 3135 4
3138 3137 3083
3140 3139 7
3142 2953 14
3144 2887 15
3146 3144 405
3148 3147 3143
3150 3149 13
3152 3151 2955
3154 3153 11
3156 509 15
3158 521 511
3160 3159 14
3162 3161 3157
3164 3163 13
3166 3161 557
3168 3167 12
3170 3169 3165
3172 3171 10
3174 3173 3155
3176 3175 3
3178 3145 3143
3180 3179 13
3182 3181 2955
3184 3183 2
3186 3185 3177
3188 3187 5
3190 3063 475
3192 3191 15
3194 3193 433
3196 3195 13
3198 2889 423
3200 3199 14
3202 3201 467
3204 3203 12
3206 3205 3197
3208 3207 11
3210 472 15
3212 3211 3161
3214 3213 666
3216 3215 3209
3218 3217 3
3220 3219 3185
3222 3221 4
3224 3223 3189
3226 3225 6
3228 3227 3141
3230 3229 8
3232 3231 3045
3234 2953 15
3236 21 14
3238 3237 3235
3240 3239 12
3242 3241 2939
3244 3243 11
3246 520 15
3248 3247 2889
3250 3249 13
3252 3251 2955
3254 3253 10
3256 3255 3245
3258 3257 3
3260 2889 393
3262 3261 15
3264 3263 3087
3266 3265 12
3268 3267 583
3270 3269 11
3272 510 13
3274 3273 567
3276 3275 10
3278 3277 3271
3280 3279 2
3282 3281 3259
3284 3283 4
3286 19 3
3288 3287 17
3290 19 14
3292 3291 3289
3294 3293 21
3296 3066 3062
3298 3297 2915
3300 3298 3295
3302 3301 11
3304 465 14
3306 2887 16
3308 3307 405
3310 3309 15
3312 3311 3305
3314 3313 13
3316 3315 2915
3318 3317 2
3320 683 12
3322 509 16
3324 3322 15
3326 3325 565
3328 3327 13
3330 3329 3321
3332 3331 3
3334 3333 3319
3336 3335 10
3338 3337 3303
3340 3339 5
3342 3341 3285
3344 3343 7
3346 523 15
3348 3346 13
3350 3067 2953
3352 3351 3349
3354 3353 11
3356 3307 397
3358 3357 15
3360 521 475
3362 3361 14
3364 3363 3359
3366 3365 13
3368 3235 3161
3370 3369 12
3372 3371 3367
3374 3373 10
3376 3375 3355
3378 3377 3
3380 3351 469
3382 3381 11
3384 2901 14
3386 3385 3359
3388 3387 13
3390 3249 12
3392 3391 3389
3394 3393 10
3396 3395 3383
3398 3397 2
3400 3399 3379
3402 3401 5
3404 676 2
3406 3405 459
3408 3407 11
3410 2970 11
3412 750 10
3414 3413 3411
3416 3415 3
3418 456 13
3420 3419 571
3422 3421 10
3424 3423 3417
3426 3424 3409
3428 3427 4
3430 3429 3403
3432 3431 6
3434 3433 3345
3436 3435 9
3438 3211 629
3440 3439 13
3442 511 393
3444 3443 15
3446 3445 515
3448 3447 12
3450 3449 3441
3452 3451 11
3454 525 513
3456 3455 13
3458 3457 539
3460 3459 10
3462 3461 3453
3464 3463 3
3466 3144 393
3468 3467 545
3470 3469 13
3472 3347 515
3474 3473 12
3476 3475 3471
3478 3477 11
3480 3361 15
3482 3481 525
3484 3483 13
3486 563 15
3488 3487 2935
3490 3489 12
3492 3491 3485
3494 3493 10
3496 3495 3479
3498 3497 2
3500 3499 3465
3502 3501 5
3504 3087 471
3506 3505 13
3508 3481 723
3510 3509 12
3512 3511 3507
3514 3513 11
3516 3263 3143
3518 3517 12
3520 3519 3349
3522 3521 10
3524 3523 3515
3526 3525 3
3528 783 403
3530 3529 11
3532 433 407
3534 12 10
3536 3534 3533
3538 3537 3531
3540 3539 2
3542 3541 3527
3544 3543 4
3546 3545 3503
3548 3547 7
3550 420 13
3552 3551 2943
3554 3553 11
3556 3169 543
3558 3557 10
3560 3559 3555
3562 3561 3
3564 3562 902
3566 3565 3549
3568 3567 8
3570 3569 3437
3572 3323 475
3574 3573 15
3576 3575 515
3578 3577 13
3580 555 14
3582 3581 513
3584 3583 12
3586 3585 3579
3588 3587 11
3590 3582 709
3592 3591 13
3594 3593 529
3596 3595 10
3598 3597 3589
3600 3599 5
3602 3363 609
3604 3603 12
3606 3605 3151
3608 3607 11
3610 3363 3157
3612 3611 13
3614 3613 3169
3616 3615 10
3618 3617 3609
3620 3619 3
3622 3605 3181
3624 3623 11
3626 3385 3145
3628 3627 13
3630 3629 2955
3632 3631 10
3634 3633 3625
3636 3635 2
3638 3637 3621
3640 3639 4
3642 3641 3601
3644 3643 7
3646 3388 10
3648 3143 471
3650 3649 3020
3652 3651 2955
3654 3652 3647
3656 3655 3
3658 3657 3399
3660 3659 5
3662 3237 2969
3664 3663 13
3666 2903 751
3668 3667 12
3670 3669 3665
3672 3671 11
3674 733 13
3676 3235 3201
3678 3677 12
3680 3679 3675
3682 3681 10
3684 3683 3673
3686 3685 3
3688 2975 455
3690 3689 11
3692 739 482
3694 3693 10
3696 3695 3691
3698 3697 2
3700 3699 3687
3702 3701 4
3704 3703 3661
3706 3705 6
3708 3707 3645
3710 3709 9
3712 660 3
3714 673 2
3716 3715 3713
3718 3717 5
3720 3057 14
3722 3721 3211
3724 3723 13
3726 3581 3487
3728 3727 12
3730 3729 3725
3732 3731 11
3734 3733 3215
3736 3735 3
3738 3467 3363
3740 3739 13
3742 3159 15
3744 3743 3581
3746 3745 12
3748 3747 3741
3750 3749 11
3752 3161 3147
3754 3753 13
3756 3445 2935
3758 3757 12
3760 3759 3755
3762 3761 10
3764 3763 3751
3766 3765 2
3768 3767 3737
3770 3769 4
3772 3771 3719
3774 3773 7
3776 3221 6
3778 3777 3775
3780 3779 8
3782 3781 3711
3784 555 13
3786 609 545
3788 3787 12
3790 3789 3785
3792 3791 11
3794 557 515
3796 3795 13
3798 3797 3169
3800 3799 10
3802 3801 3793
3804 3803 3
3806 3805 2925
3808 3807 5
3810 734 498
3812 666 474
3814 3813 3811
3816 3815 3
3818 3817 599
3820 3819 4
3822 3821 3809
3824 3823 7
3826 3237 451
3828 3826 3325
3830 3829 13
3832 2903 629
3834 3833 12
3836 3835 3831
3838 3837 11
3840 723 471
3842 3841 13
3844 3843 3371
3846 3845 10
3848 3847 3839
3850 3849 3
3852 3144 2900
3854 3853 409
3856 3855 13
3858 3857 459
3860 3859 11
3862 3861 3695
3864 3863 2
3866 3865 3851
3868 3867 5
3870 3147 477
3872 3871 13
3874 3161 467
3876 3875 12
3878 3877 3873
3880 3879 11
3882 3363 3311
3884 3883 13
3886 3885 3007
3888 3887 10
3890 3889 3881
3892 3891 3
3894 3063 2889
3896 3895 15
3898 3897 3581
3900 3899 13
3902 3901 3371
3904 3903 11
3906 3385 3311
3908 3907 13
3910 3087 609
3912 3911 12
3914 3913 3909
3916 3915 10
3918 3917 3905
3920 3919 2
3922 3921 3893
3924 3923 4
3926 3925 3869
3928 3927 6
3930 3929 3825
3932 3931 9
3934 541 515
3936 3935 12
3938 3741 11
3940 3938 3937
3942 3144 397
3944 3943 525
3946 3945 13
3948 3947 10
3950 3948 3759
3952 3951 3941
3954 3953 4
3956 3948 3491
3958 3581 3347
3960 3959 12
3962 3471 11
3964 3962 3961
3966 3965 3957
3968 3967 5
3970 3969 3955
3972 3971 2
3974 707 429
3976 3975 15
3978 3977 3721
3980 3979 13
3982 515 451
3984 3983 12
3986 3985 4
3988 3986 3981
3990 3977 629
3992 3991 13
3994 3993 5
3996 3994 3729
3998 3997 3989
4000 3999 11
4002 3193 525
4004 4003 13
4006 394 12
4008 4007 10
4010 4008 4005
4012 4011 4001
4014 4013 3
4016 4015 7
4018 4016 3973
4020 3187 6
4022 4021 4019
4024 4023 8
4026 4025 3933
4028 3263 3237
4030 4029 12
4032 4031 543
4034 4033 11
4036 3274 569
4038 4037 10
4040 4039 4035
4042 4041 3
4044 4043 3281
4046 4045 4
4048 4047 3809
4050 4049 7
4052 3237 569
4054 4053 13
4056 609 409
4058 4057 12
4060 4059 4055
4062 4061 11
4064 3263 3161
4066 4065 12
4068 739 543
4070 4068 4067
4072 4071 10
4074 4073 4063
4076 4075 3
4078 408 13
4080 4079 753
4082 4081 11
4084 448 13
4086 477 467
4088 4087 12
4090 4089 4085
4092 4091 10
4094 4093 4083
4096 4095 2
4098 4097 4077
4100 4099 4
4102 633 615
4104 4103 1500
4106 4105 4101
4108 4107 6
4110 4109 4051
4112 4111 9
4114 3347 3087
4116 4115 13
4118 4117 3095
4120 4119 11
4122 3143 2969
4124 4123 12
4126 569 419
4128 4126 4125
4130 4129 10
4132 4131 4121
4134 4133 3
4136 443 2
4138 4137 4135
4140 4139 5
4142 3247 3087
4144 4143 13
4146 3305 3085
4148 4147 12
4150 4149 4145
4152 4151 11
4154 3199 15
4156 4155 3143
4158 4157 12
4160 4159 419
4162 4161 10
4164 4163 4153
4166 4165 3
4168 3305 457
4170 4169 12
4172 4171 403
4174 4173 11
4176 4175 441
4178 4177 2
4180 4179 4167
4182 4181 4
4184 4183 4141
4186 4185 7
4188 3562 6
4190 4189 4187
4192 4191 8
4194 4193 4113
4196 2934 13
4198 4197 571
4200 4199 11
4202 3534 517
4204 4203 4201
4206 4205 1240
4208 4207 731
4210 4209 7
4212 3210 3020
4214 3049 666
4216 4215 4213
4218 4217 3
4220 3574 3020
4222 4215 615
4224 4222 4221
4226 4225 2
4228 4227 4219
4230 4229 5
4232 618 3
4234 4233 647
4236 4235 4
4238 4237 4231
4240 4239 6
4242 4241 4211
4244 4243 9
4246 3051 661
4248 4247 11
4250 3853 477
4252 4251 13
4254 4253 539
4256 4255 10
4258 4257 4249
4260 4259 5
4262 4261 699
4264 4263 444
4266 4265 4245
4268 704 446
4270 4268 790
4272 4270 838
4274 4272 28
4276 2046 446
4278 4276 790
4280 4278 30
4282 4281 4275
4284 790 490
4286 4284 1368
4288 4286 38
4290 1594 841
4292 4290 1305
4294 4292 704
4296 4295 2109
4298 4296 4289
4300 2095 1791
4302 4300 4298
4304 4302 4282
4306 4272 34
4308 4278 36
4310 4309 4307
4312 4272 54
4314 4278 56
4316 4315 4313
4318 4316 4310
4320 2013 1612
4322 4320 1780
4324 4286 42
4326 4284 1010
4328 4326 44
4330 4329 4325
4332 4286 58
4334 4326 60
4336 4335 4333
4338 4336 4330
4340 4326 40
4342 4341 1841
4344 4342 4338
4346 4344 4322
4348 4346 4318
4350 4348 4304
4352 4338 1026
4354 831 815
4356 1917 1911
4358 4356 4354
4360 2129 983
4362 4360 1129
4364 1596 841
4366 4365 1909
4368 4366 1274
4370 4368 4362
4372 4370 4358
4374 4372 4352
4376 1920 1912
4378 1274 1132
4380 4378 4376
4382 1635 1385
4384 812 86
4386 1086 211
4388 4387 862
4390 4389 4385
4392 4390 4382
4394 1597 1209
4396 1585 1373
4398 4396 4394
4400 2129 1943
4402 4400 4398
4404 4402 4392
4406 4404 4380
4408 812 96
4410 4409 1905
4412 4354 4338
4414 4412 4410
4416 4414 1028
4418 4416 4406
4420 2264 9
4422 4420 704
4424 4422 4284
4426 4424 42
4428 4284 1328
4430 4428 44
4432 4270 36
4434 4433 4431
4436 4434 4427
4438 4270 2276
4440 4438 34
4442 4441 4336
4444 4442 4436
4446 4342 4316
4448 4446 4444
4450 4448 4322
4452 4450 4304
4454 832 816
4456 1693 835
4458 1273 1263
4460 4458 4456
4462 4460 4454
4464 2048 841
4466 802 136
4468 4467 1687
4470 4468 4465
4472 1683 851
4474 4472 2103
4476 4474 4470
4478 4476 4318
4480 4478 4462
4482 2085 2049
4484 4482 2103
4486 889 862
4488 4487 883
4490 4488 4484
4492 4490 1698
4494 1258 212
4496 4495 1747
4498 4496 4410
4500 4498 4318
4502 4500 4492
4504 1723 802
4506 2189 1201
4508 4506 4505
4510 4508 868
4512 4510 4458
4514 4512 858
4516 4514 4502
4518 4290 808
4520 4519 2095
4522 1799 1783
4524 4522 1811
4526 4524 4520
4528 69 51
4530 137 79
4532 4530 4528
4534 4533 1520
4536 9 7
4538 4536 704
4540 4538 4290
4542 4541 2121
4544 4542 1763
4546 4544 4535
4548 4546 1190
4550 4284 1138
4552 4550 42
4554 4284 906
4556 4554 44
4558 4557 4553
4560 4554 60
4562 4550 58
4564 4563 4561
4566 4564 1765
4568 4566 4558
4570 1656 841
4572 4571 1319
4574 4572 1162
4576 1052 938
4578 4576 4574
4580 4578 4568
4582 2123 1657
4584 4582 1949
4586 4584 1322
4588 1162 1052
4590 4588 4586
4592 1765 1547
4594 4564 4558
4596 4594 4592
4598 117 97
4600 4599 948
4602 1142 216
4604 1087 1084
4606 4605 4603
4608 4606 4601
4610 4608 4596
4612 4610 4590
4614 4612 972
4616 1765 1165
4618 4268 1108
4620 4618 790
4622 4620 36
4624 4270 1872
4626 4624 54
4628 4627 4623
4630 4628 4616
4632 4630 1406
4634 2201 1161
4636 4620 56
4638 4637 1789
4640 4638 4634
4642 2025 1119
4644 4624 34
4646 2054 841
4648 4647 4645
4650 4648 4642
4652 4650 4640
4654 4652 4632
4656 1066 87
4658 4657 948
4660 1084 889
4662 4661 4645
4664 4662 4659
4666 4664 1714
4668 4666 4640
4670 2063 2029
4672 1878 212
4674 4673 2067
4676 4674 4670
4678 2055 2021
4680 4678 1955
4682 4680 4676
4684 4682 4642
4686 4684 4632
4688 4686 4668
4690 4290 944
4692 4691 2143
4694 4290 1010
4696 2228 2002
4698 4697 2034
4700 4699 4695
4702 4700 4338
4704 2097 1829
4706 4704 4330
4708 910 222
4710 4709 1831
4712 884 61
4714 4713 4428
4716 137 69
4718 4717 2034
4720 4424 58
4722 4721 4719
4724 4722 4715
4726 4724 1336
4728 4726 4710
4730 4728 4706
4732 4290 906
4734 4733 2007
4736 4734 2079
4738 4736 4564
4740 822 490
4742 4741 4277
4744 4743 1594
4746 1791 1517
4748 4746 4745
4750 4748 4318
4752 1456 1122
4754 4752 4310
4756 4531 1510
4758 4438 54
4760 1446 490
4762 4761 4269
4764 4763 1594
4766 4765 4759
4768 4766 4757
4770 4270 56
4772 4771 1871
4774 1889 1661
4776 4774 4772
4778 4776 4768
4780 4778 4754
4782 321 83
4784 4782 1452
4786 4785 1478
4788 4787 4627
4790 1112 490
4792 4791 4619
4794 4793 1594
4796 4795 4637
4798 4796 4788
4800 1637 1525
4802 1839 1252
4804 862 52
4806 1665 1588
4808 4806 4805
4810 1258 370
4812 4811 2189
4814 4812 1373
4816 1903 865
4818 4816 4814
4820 4818 4808
4822 4498 1740
4824 4822 4820
4826 2203 1635
4828 1938 1386
4830 4828 4826
4832 4830 1218
4834 4832 4824
4836 1906 1131
4838 4836 1944
4840 4838 898
4842 1669 1354
4844 2227 2193
4846 4844 1440
4848 4826 1378
4850 4848 4846
4852 1583 1563
4854 4852 1952
4856 1416 1150
4858 4856 4854
4860 2221 1496
4862 2137 2111
4864 4862 1557
4866 4864 1756
4868 2219 2195
4870 4868 1976
4872 1984 1960
4874 4872 4870
4876 1340 791
4878 1338 658
4880 4878 1238
4882 4881 2359
4884 4882 4877
4886 4885 372
4888 1486 791
4890 1482 705
4892 4890 1238
4894 4893 2359
4896 4894 4889
4898 4897 370
4900 1240 9
4902 4901 1475
4904 4903 705
4906 2356 4
4908 4907 790
4910 4908 4905
4912 4903 704
4914 4913 791
4916 4915 491
4918 4916 4911
4920 4918 374
4922 4921 4899
4924 4922 4887
4926 1226 705
4928 4926 1238
4930 1230 791
4932 4931 2359
4934 4932 4929
4936 4935 110
4938 2466 2450
4940 4939 2358
4942 4941 2432
4944 4942 4937
4946 4944 2876
4948 4928 9
4950 1232 791
4952 4951 2359
4954 4952 4949
4956 4955 86
4958 2856 705
4960 4958 491
4962 4961 2357
4964 4963 790
4966 1172 791
4968 4966 3
4970 4969 4965
4972 4971 100
4974 4973 4957
4976 4974 4946
4978 4976 4924
4980 705 488
4982 4981 1291
4984 4983 1238
4986 1330 791
4988 4987 4985
4990 4989 298
4992 806 705
4994 4993 1291
4996 4995 1238
4998 810 791
5000 4999 4997
5002 5001 94
5004 4536 705
5006 5005 1291
5008 5007 1238
5010 4538 791
5012 5011 5009
5014 5013 96
5016 5015 5003
5018 5016 4991
5020 2274 840
5022 5020 791
5024 5022 704
5026 5020 705
5028 5026 790
5030 5029 5025
5032 5030 2273
5034 111 81
5036 5035 5033
5038 2278 491
5040 5038 791
5042 5040 704
5044 5038 790
5046 5044 705
5048 5047 5043
5050 5048 2273
5052 5051 370
5054 5053 5037
5056 4422 2290
5058 4420 1238
5060 5058 705
5062 5061 5057
5064 5062 2273
5066 5065 372
5068 974 705
5070 5069 1291
5072 5071 1238
5074 978 791
5076 5075 5073
5078 5077 104
5080 5079 5067
5082 5080 5054
5084 5065 216
5086 986 791
5088 984 790
5090 5088 705
5092 5091 5087
5094 5092 2273
5096 5095 252
5098 5097 5085
5100 1254 705
5102 844 791
5104 5103 5101
5106 5104 2273
5108 5107 282
5110 1444 705
5112 5111 1291
5114 5113 1238
5116 1448 791
5118 5117 5115
5120 5119 296
5122 5121 5109
5124 5122 5098
5126 5124 5082
5128 5126 5018
5130 860 791
5132 5100 9
5134 5133 2273
5136 5134 5131
5138 5137 210
5140 5026 9
5142 5141 2271
5144 5143 790
5146 5024 9
5148 5147 5145
5150 87 53
5152 5151 5149
5154 2280 491
5156 5154 705
5158 5157 2271
5160 5159 790
5162 4966 2
5164 5163 5161
5166 101 71
5168 5167 5165
5170 5169 5153
5172 5170 5139
5174 1291 659
5176 5175 1238
5178 5177 4967
5180 5179 106
5182 2849 2272
5184 5183 5181
5186 5184 2319
5188 2729 2601
5190 5188 2753
5192 5190 2444
5194 5192 2325
5196 2329 2309
5198 5196 5194
5200 5198 5186
5202 1296 791
5204 1292 705
5206 5205 1291
5208 5207 1238
5210 5209 5203
5212 5211 4
5214 5212 340
5216 5211 954
5218 375 319
5220 5219 5216
5222 5221 5215
5224 5222 5200
5226 796 705
5228 5227 1291
5230 5229 1238
5232 800 791
5234 5233 5231
5236 5235 114
5238 1224 705
5240 5239 1291
5242 5241 1238
5244 2290 1224
5246 5244 704
5248 5247 5243
5250 5249 116
5252 5251 5237
5254 5211 120
5256 5051 212
5258 5257 5255
5260 5258 5252
5262 2851 2840
5264 2406 2299
5266 5264 5262
5268 5266 5260
5270 5268 5224
5272 5270 5172
5274 5272 5128
5276 1502 705
5278 5276 1238
5280 5278 9
5282 1518 791
5284 5283 2359
5286 5284 5281
5288 5287 46
5290 1772 791
5292 1768 705
5294 5292 1238
5296 5295 2359
5298 5296 5291
5300 5299 64
5302 1506 791
5304 5279 2359
5306 5304 5303
5308 5307 74
5310 2458 157
5312 5311 2358
5314 5313 5309
5316 5314 5301
5318 5316 5289
5320 5077 246
5322 5077 64
5324 5235 74
5326 5325 5323
5328 5326 5321
5330 5235 276
5332 5331 2735
5334 5001 204
5336 5335 2731
5338 5001 46
5340 2829 2596
5342 5340 2669
5344 5342 5339
5346 5344 5336
5348 5346 5332
5350 5348 5328
5352 5107 74
5354 5095 64
5356 5355 5321
5358 5356 5353
5360 2593 2311
5362 5360 2834
5364 5362 5336
5366 5137 46
5368 5367 5332
5370 5368 5364
5372 5370 5358
5374 4282 1573
5376 4438 28
5378 4270 30
5380 5379 1573
5382 5380 5377
5384 2555 2511
5386 145 143
5388 5387 5211
5390 255 73
5392 5391 5179
5394 2737 2577
5396 2655 2587
5398 5396 5394
5400 5398 2777
5402 5400 5393
5404 5402 5389
5406 5001 208
5408 221 215
5410 5409 5119
5412 5411 5407
5414 5412 5404
5416 5212 2523
5418 5417 5414
5420 5249 82
5422 5077 68
5424 5235 78
5426 5425 5423
5428 5426 5421
5430 5077 250
5432 5001 50
5434 5433 5431
5436 5013 62
5438 4989 935
5440 5439 5437
5442 5440 5434
5444 5249 284
5446 5013 224
5448 5447 5445
5450 5235 280
5452 1306 705
5454 5453 1291
5456 5455 1238
5458 1310 791
5460 5459 5457
5462 141 137
5464 5463 5461
5466 5465 5451
5468 5466 5448
5470 5468 5442
5472 5470 5428
5474 5472 5418
5476 2726 2621
5478 5476 2646
5480 5478 2718
5482 5204 1500
5484 5483 4907
5486 5485 1238
5488 1604 791
5490 5489 5487
5492 5491 136
5494 4918 320
5496 2785 2561
5498 5496 5495
5500 5498 5493
5502 4926 9
5504 5503 4907
5506 5505 1238
5508 5507 4951
5510 5509 62
5512 5276 9
5514 5513 4907
5516 5515 1238
5518 5517 5283
5520 5519 50
5522 5521 5511
5524 5522 5500
5526 5277 4907
5528 5527 1238
5530 5529 5303
5532 5531 78
5534 5293 4907
5536 5535 1238
5538 5537 5291
5540 5539 68
5542 4959 4907
5544 5543 1238
5546 5545 4969
5548 5547 72
5550 5549 5541
5552 5550 5533
5554 4907 4879
5556 5555 1238
5558 5557 4877
5560 5559 218
5562 4907 2861
5564 5563 1238
5566 5565 2869
5568 5567 142
5570 5569 5561
5572 4907 4891
5574 5573 1238
5576 5575 4889
5578 5577 214
5580 4927 4907
5582 5581 1238
5584 5583 4931
5586 5585 82
5588 5587 5579
5590 5588 5570
5592 5590 5552
5594 5592 5524
5596 5212 324
5598 5048 2401
5600 5599 214
5602 2520 357
5604 5603 2420
5606 2483 2400
5608 2477 2400
5610 5609 5607
5612 5610 5605
5614 5612 2426
5616 5614 5601
5618 1238 658
5620 5619 2421
5622 5620 4967
5624 5623 254
5626 5238 1238
5628 5247 2421
5630 5628 5627
5632 5631 284
5634 5633 5625
5636 5634 5616
5638 5636 5597
5640 5216 320
5642 5141 2399
5644 5643 790
5646 5645 5147
5648 5647 62
5650 5649 5641
5652 5650 5638
5654 5062 2401
5656 5655 218
5658 5110 1238
5660 5659 2421
5662 5660 5117
5664 5663 220
5666 5665 5657
5668 4980 1238
5670 5669 2421
5672 5670 4987
5674 5673 222
5676 5004 790
5678 5011 2421
5680 5678 5677
5682 5681 224
5684 5683 5675
5686 5684 5666
5688 2399 2285
5690 5689 1238
5692 5691 2295
5694 5693 142
5696 5205 2419
5698 5697 1238
5700 5699 5203
5702 5701 144
5704 5703 5695
5706 4992 1238
5708 5707 2421
5710 5708 4999
5712 5711 208
5714 5092 2401
5716 5715 68
5718 5717 5713
5720 5718 5704
5722 5720 5686
5724 5104 2401
5726 5725 78
5728 5030 2401
5730 5729 82
5732 5731 5727
5734 5068 1238
5736 5735 2421
5738 5736 5075
5740 5739 250
5742 5226 1238
5744 5233 2421
5746 5744 5743
5748 5747 280
5750 5749 5741
5752 5750 5732
5754 1298 791
5756 1238 836
5758 5756 5204
5760 5759 2401
5762 5760 5755
5764 5763 136
5766 5133 2401
5768 5766 5131
5770 5769 50
5772 5771 5765
5774 5157 2399
5776 5775 790
5778 5777 5163
5780 5779 72
5782 5452 1238
5784 5459 2421
5786 5784 5783
5788 5787 140
5790 5789 5781
5792 5790 5772
5794 5792 5752
5796 5794 5722
5798 5796 5652
5800 1060 1024
5802 4354 1042
5804 5802 5800
5806 2243 2075
5808 5806 1687
5810 2015 2001
5812 5810 1909
5814 5812 5808
5816 2180 1970
5818 1316 1264
5820 5818 5816
5822 5820 5814
5824 5822 5804
5826 4623 4558
5828 5826 4645
5830 5828 5824
5832 4289 2073
5834 5832 4341
5836 4424 38
5838 4428 40
5840 5839 2073
5842 5840 5837
5844 2101 1841
5846 1967 1035
5848 5846 1284
5850 5706 170
5852 5734 226
5854 5853 5851
5856 1238 942
5858 5856 705
5860 75 47
5862 5861 5858
5864 1238 914
5866 5864 705
5868 5866 64
5870 5618 148
5872 5871 5869
5874 5872 5863
5876 5706 256
5878 157 129
5880 5879 5676
5882 5881 5877
5884 5882 5874
5886 5884 5854
5888 4960 790
5890 5888 148
5892 5879 4948
5894 4900 1238
5896 5894 705
5898 5896 64
5900 1244 705
5902 5900 9
5904 5902 5861
5906 5905 5899
5908 5906 5893
5910 5908 5891
5912 5742 256
5914 5913 5851
5916 5676 2665
5918 1392 1238
5920 5918 705
5922 5920 74
5924 65 47
5926 5925 5858
5928 5927 5923
5930 5928 5917
5932 5706 226
5934 5626 128
5936 5935 5933
5938 5936 5930
5940 5938 5914
5942 4948 2665
5944 4928 128
5946 5925 9
5948 5947 75
5950 5949 5900
5952 5951 5945
5954 5952 5943
5956 133 129
5958 5956 5462
5960 65 51
5962 5960 5860
5964 153 149
5966 127 123
5968 5966 5964
5970 5968 5962
5972 5970 5958
5974 189 161
5976 5974 237
5978 5976 157
5980 239 195
5982 357 269
5984 5982 5980
5986 355 267
5988 79 69
5990 5988 5986
5992 5990 5984
5994 5992 5978
5996 5994 5972
5998 5997 5858
6000 79 51
6002 129 123
6004 6002 5964
6006 6004 6000
6008 2500 2010
6010 5986 5860
6012 6010 6008
6014 6012 6006
6016 6014 5978
6018 6017 5902
6020 958 790
6022 6020 705
6024 6022 64
6026 6025 5877
6028 5156 790
6030 6028 148
6032 1078 790
6034 6032 705
6036 6034 9
6038 6036 5861
6040 6039 6031
6042 6040 6026
6044 5140 790
6046 6044 5879
6048 6047 5854
6050 6048 6042
6052 5028 128
6054 6034 5949
6056 6055 5933
6058 6056 6053
6060 6044 2665
6062 6061 5914
6064 6062 6058
6066 5984 2706
6068 6067 5858
6070 5990 5964
6072 6002 2500
6074 6072 5962
6076 6074 6070
6078 6076 5978
6080 6079 6036
6082 6081 6069
6084 1935 1737
6086 6084 1868
6088 6086 1196
6090 1651 1549
6092 5137 206
6094 2805 2613
6096 2341 2272
6098 6097 2335
6100 6098 6094
6102 6100 6093
6104 5149 1645
6106 5165 1801
6108 6107 6105
6110 6108 6102
6112 5095 248
6114 5033 1855
6116 5235 112
6118 6117 6115
6120 6118 6113
6122 5107 278
6124 6123 2380
6126 5001 92
6128 5077 102
6130 6129 6127
6132 6130 6124
6134 6132 6120
6136 6134 6110
6138 1555 1057
6140 6138 1426
6142 4456 1432
6144 6142 6140
6146 6144 4358
6148 5706 322
6150 5734 330
6152 6151 6149
6154 6001 5858
6156 355 69
6158 6156 5462
6160 6159 5866
6162 237 153
6164 6162 5966
6166 6165 5618
6168 6167 6161
6170 6168 6155
6172 5734 328
6174 267 133
6176 6174 5974
6178 6177 5676
6180 6179 6173
6182 6180 6170
6184 6182 6152
6186 5706 174
6188 5734 230
6190 6189 6187
6192 5676 268
6194 5866 356
6196 6195 6193
6198 6196 6190
6200 5706 260
6202 5618 238
6204 6203 6201
6206 5706 336
6208 5676 194
6210 6209 6207
6212 6210 6204
6214 5706 334
6216 5706 316
6218 193 185
6220 6219 5668
6222 6221 6217
6224 6222 6215
6226 6224 6212
6228 6226 6198
6230 6228 6184
6232 5294 328
6234 6001 5902
6236 4880 184
6238 6156 137
6240 6239 5896
6242 6241 6237
6244 6242 6235
6246 6244 6233
6248 5280 316
6250 5280 334
6252 6251 6249
6254 6177 4948
6256 2778 237
6258 6257 5888
6260 6259 6255
6262 6260 6252
6264 6262 6246
6266 5742 334
6268 6267 6217
6270 5858 4529
6272 355 79
6274 6272 5462
6276 6275 5920
6278 6277 6271
6280 6278 6149
6282 267 123
6284 6282 2648
6286 6285 5626
6288 5706 328
6290 6289 6287
6292 6290 6280
6294 6292 6268
6296 5706 230
6298 5920 356
6300 6299 6297
6302 5706 330
6304 5626 268
6306 6305 6303
6308 6306 6300
6310 5742 260
6312 6311 6187
6314 5658 190
6316 5676 238
6318 6317 6315
6320 6318 6312
6322 5976 153
6324 6322 195
6326 6325 5676
6328 5742 336
6330 5658 180
6332 6331 6329
6334 6332 6327
6336 6334 6320
6338 6336 6308
6340 6338 6294
6342 5278 334
6344 6343 6249
6346 4892 180
6348 6282 133
6350 6349 4928
6352 4529 9
6354 6272 137
6356 6354 6353
6358 6357 5900
6360 6359 6351
6362 6360 6347
6364 5280 328
6366 6323 4948
6368 6367 6365
6370 6368 6362
6372 6370 6344
6374 5132 316
6376 6375 6149
6378 5060 184
6380 5618 126
6382 6381 6379
6384 6239 6022
6386 5866 140
6388 6387 6385
6390 6388 6382
6392 6390 6376
6394 5090 328
6396 6395 6151
6398 6177 6044
6400 6399 6396
6402 6400 6392
6404 6036 6001
6406 5668 192
6408 6407 6405
6410 5132 334
6412 6257 6028
6414 6413 6411
6416 6414 6408
6418 6416 6212
6420 6418 6198
6422 6420 6402
6424 6323 6044
6426 5920 140
6428 5046 180
6430 50 9
6432 6431 6354
6434 6433 6034
6436 6435 6429
6438 6436 6427
6440 6036 68
6442 6441 6209
6444 6442 6438
6446 6444 6425
6448 5626 126
6450 6349 5028
6452 5132 328
6454 6453 6451
6456 6454 6449
6458 6456 6320
6460 5100 334
6462 6461 6329
6464 6462 6376
6466 6464 6308
6468 6466 6458
6470 6468 6446
6472 1813 1763
6474 6472 1823
6476 6474 1170
6478 1238 904
6480 6478 705
6482 137 123
6484 6482 2010
6486 2480 237
6488 6486 5964
6490 6488 6484
6492 2706 357
6494 239 193
6496 6494 6492
6498 6496 6490
6500 6499 6480
6502 5668 1240
6504 6502 6491
6506 5668 954
6508 6506 6491
6510 6497 6480
6512 6511 6509
6514 2245 2160
6516 2231 1969
6518 6516 1617
6520 1817 1021
6522 6520 6518
6524 6522 2166
6526 1623 1327
6528 910 254
6530 6529 1593
6532 6530 6526
6534 6532 4710
6536 1238 1110
6538 6536 705
6540 269 191
6542 5966 2774
6544 6542 6540
6546 79 75
6548 267 181
6550 6548 6546
6552 6550 5958
6554 6552 6544
6556 6555 6538
6558 1476 705
6560 6072 355
6562 6560 6550
6564 6563 6558
6566 1874 790
6568 6566 705
6570 5986 181
6572 6482 5956
6574 6572 6546
6576 6574 6570
6578 6577 6568
6580 6540 6492
6582 6581 6538
6584 6583 6579
6586 2139 1990
6588 2115 1567
6590 6588 1571
6592 1896 1264
6594 6592 6590
6596 2239 1882
6598 1890 1122
6600 6598 6596
6602 1627 1539
6604 1537 1473
6606 4971 98
6608 4955 84
6610 2455 2358
6612 4935 108
6614 6613 6611
6616 6614 6609
6618 6616 6607
6620 946 791
6622 6620 92
6624 5090 228
6626 5734 240
6628 6627 6625
6630 918 791
6632 6630 102
6634 6633 6628
6636 6634 6623
6638 6620 112
6640 1082 791
6642 6640 278
6644 6643 6639
6646 5132 258
6648 5706 270
6650 6649 6647
6652 5132 172
6654 5706 196
6656 6655 6653
6658 6656 6650
6660 6658 6644
6662 6640 206
6664 6044 286
6666 6665 6663
6668 309 131
6670 6668 159
6672 6671 6044
6674 960 791
6676 6674 248
6678 303 151
6680 6679 6028
6682 6681 6677
6684 6682 6673
6686 6684 6666
6688 6686 6660
6690 6688 6636
6692 6620 102
6694 6678 159
6696 6695 6044
6698 6640 248
6700 6699 6697
6702 6700 6693
6704 6669 5028
6706 5100 258
6708 6707 6705
6710 5742 270
6712 1080 791
6714 6712 278
6716 6715 6711
6718 6716 6708
6720 6656 6623
6722 6720 6718
6724 5132 228
6726 1396 791
6728 6726 112
6730 5706 240
6732 6731 6729
6734 6732 6725
6736 6734 6666
6738 6736 6722
6740 6738 6702
6742 6044 382
6744 6620 94
6746 6745 6743
6748 6620 114
6750 187 163
6752 369 289
6754 6752 6750
6756 6755 6044
6758 6757 6749
6760 6758 6746
6762 4998 388
6764 6630 104
6766 6765 6763
6768 265 135
6770 6769 6044
6772 5132 332
6774 5706 348
6776 6775 6773
6778 6776 6771
6780 6778 6766
6782 377 327
6784 6783 5090
6786 363 183
6788 6787 5060
6790 5866 358
6792 6791 6789
6794 6792 6785
6796 155 125
6798 6797 6028
6800 347 203
6802 6800 245
6804 6803 5618
6806 367 353
6808 6807 6022
6810 6809 6805
6812 6810 6799
6814 6812 6794
6816 6044 310
6818 4998 384
6820 6819 6817
6822 6820 6814
6824 6822 6780
6826 6824 6760
6828 6640 210
6830 6640 282
6832 6831 6829
6834 5010 300
6836 5676 342
6838 6837 6835
6840 5132 176
6842 5706 198
6844 6843 6841
6846 6844 6838
6848 5074 386
6850 5090 232
6852 5734 242
6854 6853 6851
6856 6854 6849
6858 6856 6846
6860 6858 6832
6862 5132 364
6864 5676 350
6866 6865 6863
6868 6028 378
6870 5668 294
6872 6871 6869
6874 6872 6866
6876 5132 380
6878 5676 200
6880 6879 6877
6882 5010 312
6884 5734 344
6886 6885 6883
6888 6886 6880
6890 6888 6874
6892 5132 314
6894 5706 338
6896 6895 6893
6898 5132 262
6900 5706 272
6902 6901 6899
6904 6902 6896
6906 4966 306
6908 6674 252
6910 6909 6907
6912 5676 274
6914 305 235
6916 6914 291
6918 6917 6028
6920 6919 6913
6922 6920 6910
6924 6922 6904
6926 6924 6890
6928 6926 6860
6930 6928 6826
6932 5706 242
6934 5132 326
6936 6935 6933
6938 235 155
6940 6938 305
6942 6940 379
6944 6943 6044
6946 6945 6936
6948 6896 6829
6950 6640 252
6952 6951 6757
6954 6952 6948
6956 5010 306
6958 6957 6863
6960 5676 346
6962 5626 350
6964 6963 6961
6966 6964 6958
6968 5246 312
6970 5920 358
6972 361 179
6974 6973 5046
6976 6975 6971
6978 6976 6969
6980 381 333
6982 6981 5100
6984 6807 6034
6986 6985 6983
6988 6986 6879
6990 6988 6978
6992 6990 6966
6994 6992 6954
6996 6994 6946
6998 4998 386
7000 6999 6819
7002 6620 104
7004 7003 6745
7006 5742 272
7008 5232 388
7010 5100 262
7012 7011 7009
7014 7012 7007
7016 7014 7004
7018 7016 7000
7020 275 203
7022 7021 5626
7024 5676 244
7026 7025 7023
7028 5132 376
7030 6712 282
7032 7031 7029
7034 7032 7026
7036 5028 382
7038 6726 114
7040 7039 7037
7042 311 291
7044 7043 5028
7046 5658 292
7048 7047 7045
7050 7048 7040
7052 7050 7034
7054 5742 348
7056 5132 232
7058 7057 7055
7060 5706 344
7062 2326 265
7064 7063 5028
7066 7065 7061
7068 7066 7058
7070 7068 6846
7072 7070 7052
7074 7072 7018
7076 7074 6996
7078 307 301
7080 7078 313
7082 7081 6620
7084 6951 6749
7086 7084 7083
7088 7004 6832
7090 7088 7086
7092 791 252
7094 7092 1140
7096 307 105
7098 7097 791
7100 7098 908
7102 7101 7095
7104 791 282
7106 7104 1876
7108 313 115
7110 7109 791
7112 7110 1114
7114 7113 7107
7116 6149 5851
7118 6207 6187
7120 6217 6215
7122 7120 7118
7124 7122 7116
7126 5933 5877
7128 6297 6201
7130 7128 7126
7132 6303 6289
7134 5975 5706
7136 269 157
7138 7136 5980
7140 267 237
7142 7140 5956
7144 7142 7138
7146 7144 5968
7148 7147 5706
7150 7149 7135
7152 7150 7132
7154 7152 7130
7156 7154 7124
7158 317 133
7160 7158 329
7162 335 267
7164 6002 2664
7166 7164 7162
7168 7166 7160
7170 7168 6322
7172 7171 5280
7174 5734 238
7176 7175 6311
7178 5734 6
7180 7178 6219
7182 7181 6268
7184 7182 7176
7186 6174 269
7188 7187 5742
7190 5967 5782
7192 1238 820
7194 7192 705
7196 7194 190
7198 7194 180
7200 7199 7197
7202 7200 7191
7204 7202 7189
7206 7135 6329
7208 6162 329
7210 7209 5734
7212 5706 194
7214 7213 7211
7216 7214 7206
7218 6190 6152
7220 7218 7216
7222 7220 7204
7224 7222 7184
7226 5482 1238
7228 7226 122
7230 7209 5294
7232 5975 9
7234 7233 6174
7236 7235 5278
7238 7237 7231
7240 7238 7229
7242 5278 8
7244 7242 180
7246 5668 1500
7248 7246 184
7250 7249 7245
7252 7250 7240
7254 7252 6344
7256 6303 6207
7258 7256 6376
7260 5132 156
7262 7261 5851
7264 5975 5132
7266 195 175
7268 7267 5706
7270 7269 7265
7272 7270 7262
7274 7272 7258
7276 6453 6411
7278 239 127
7280 7278 269
7282 7281 5706
7284 5956 123
7286 7140 5964
7288 7286 7284
7290 7289 5132
7292 7291 7283
7294 7292 7276
7296 7294 7130
7298 7296 7274
7300 6175 5100
7302 6163 5090
7304 7303 7301
7306 7304 6189
7308 7306 6396
7310 7270 7176
7312 7310 7308
7314 7178 192
7316 5756 4980
7318 7316 184
7320 7319 7315
7322 5742 268
7324 1256 705
7326 7324 180
7328 7327 7197
7330 7328 7323
7332 5758 122
7334 5782 126
7336 7335 7333
7338 7336 7330
7340 7338 6464
7342 7340 7320
7344 7342 7312
7346 7178 126
7348 7347 7315
7350 331 239
7352 7351 7178
7354 231 227
7356 237 123
7358 7356 329
7360 7358 5964
7362 7360 185
7364 7362 7354
7366 7365 7178
7368 7367 7353
7370 7368 7348
7372 7363 7246
7374 7361 7316
7376 7375 7347
7378 7355 7178
7380 7379 7353
7382 7380 7376
7384 7382 7320
7386 7284 7162
7388 7387 7194
7390 257 127
7392 269 261
7394 7392 337
7396 7394 7390
7398 7397 7194
7400 7399 7389
7402 7400 7200
7404 7387 7242
7406 7405 7245
7408 7387 7324
7410 7409 7399
7412 7410 7328
7414 369 187
7416 7415 5132
7418 6863 6841
7420 7418 7417
7422 383 311
7424 309 287
7426 7424 7422
7428 6938 6768
7430 7428 7426
7432 303 291
7434 379 305
7436 7434 7432
7438 7436 377
7440 2796 125
7442 7440 7438
7444 7442 7430
7446 7445 5132
7448 351 275
7450 347 345
7452 7450 7448
7454 245 203
7456 7454 7452
7458 7457 5706
7460 7459 7447
7462 7460 6904
7464 7462 7420
7466 6936 6776
7468 289 163
7470 7469 5132
7472 343 201
7474 7473 5706
7476 7475 7471
7478 5132 158
7480 7479 6653
7482 7480 7476
7484 7482 7466
7486 6843 6725
7488 7057 6877
7490 7488 7486
7492 6731 6655
7494 7492 6650
7496 7494 7490
7498 7496 7484
7500 7498 7464
7502 5232 312
7504 7316 6787
7506 7449 5742
7508 7507 7505
7510 7508 7503
7512 7510 6856
7514 7420 7014
7516 7514 7512
7518 4998 300
7520 5074 306
7522 7178 294
7524 7523 7521
7526 7524 7519
7528 7194 292
7530 7324 6973
7532 7531 7529
7534 379 155
7536 7535 5090
7538 383 135
7540 7539 5100
7542 7541 7537
7544 7542 7532
7546 7544 6819
7548 7476 6896
7550 7548 7546
7552 291 125
7554 7553 5758
7556 7555 7055
7558 347 245
7560 7559 5734
7562 5782 202
7564 7563 7561
7566 7564 7556
7568 6983 6785
7570 6915 5090
7572 311 265
7574 7573 5100
7576 7575 7571
7578 7576 7568
7580 6885 6843
7582 7580 7578
7584 7582 7566
7586 7584 7550
7588 7586 7526
7590 7588 7516
7592 359 343
7594 7592 2744
7596 7558 7448
7598 7596 7594
7600 7599 5858
7602 7422 379
7604 2448 2332
7606 7604 7602
7608 159 151
7610 7608 353
7612 131 125
7614 7612 6750
7616 7614 7610
7618 367 287
7620 7618 6752
7622 7620 7428
7624 7622 7616
7626 7624 7606
7628 7627 6036
7630 7629 7601
7632 241 203
7634 7632 243
7636 295 245
7638 7636 7450
7640 7638 7634
7642 7641 7178
7644 151 125
7646 379 183
7648 7646 7644
7650 7648 7432
7652 233 229
7654 363 305
7656 7654 7652
7658 6938 6782
7660 7658 7656
7662 7660 7650
7664 7663 7316
7666 7665 7643
7668 6800 359
7670 7668 7636
7672 7671 6480
7674 367 363
7676 7674 353
7678 7676 6940
7680 7678 7650
7682 7681 6506
7684 7683 7673
7686 293 203
7688 7686 7448
7690 273 271
7692 7690 349
7694 7692 7688
7696 7695 7194
7698 6980 6768
7700 309 291
7702 7700 6972
7704 7702 7698
7706 7612 383
7708 263 259
7710 7708 311
7712 7710 7706
7714 7712 7704
7716 7715 7324
7718 7717 7697
7720 7688 359
7722 7721 6538
7724 367 361
7726 7700 7572
7728 7726 7724
7730 179 135
7732 7730 353
7734 7732 7706
7736 7734 7728
7738 7737 6568
7740 7739 7723
7742 5706 156
7744 7743 5913
7746 5734 148
7748 5742 128
7750 7749 7747
7752 7750 7744
7754 7752 5854
7756 5280 156
7758 5278 128
7760 5294 148
7762 7761 7759
7764 7762 7757
7766 5100 128
7768 5090 148
7770 7769 7767
7772 7770 5853
7774 7772 5913
7776 7774 7262
7778 6668 259
7780 7779 5100
7782 6679 5090
7784 7783 7781
7786 7784 6655
7788 5132 286
7790 7789 6711
7792 7790 7786
7794 7480 6628
7796 7794 7792
7798 5888 302
7800 7425 4948
7802 7801 7799
7804 4928 308
7806 303 287
7808 7807 4948
7810 7809 7805
7812 5280 368
7814 5280 376
7816 7815 7813
7818 5280 286
7820 365 289
7822 7820 7606
7824 7823 5280
7826 5280 380
7828 7827 7825
7830 7828 7819
7832 7830 7816
7834 5278 308
7836 5294 302
7838 7837 7835
7840 7838 7819
7842 7620 7606
7844 7843 5902
7846 5280 364
7848 4948 288
7850 7849 7847
7852 5294 376
7854 5896 366
7856 4880 362
7858 7857 7855
7860 7858 7853
7862 7860 7827
7864 2448 379
7866 7865 5888
7868 7422 369
7870 7869 4948
7872 7871 7867
7874 7872 7862
7876 7874 7850
7878 7434 369
7880 7879 4948
7882 4928 382
7884 5900 366
7886 7885 7883
7888 7886 7815
7890 7888 7881
7892 5278 380
7894 4892 360
7896 7043 4928
7898 7897 7895
7900 7898 7893
7902 7900 7850
7904 7902 7890
7906 7226 290
7908 7242 360
7910 7246 362
7912 7911 7909
7914 7912 7907
7916 7893 7853
7918 7435 5294
7920 7423 5278
7922 7921 7919
7924 7922 7916
7926 7821 5280
7928 7927 7813
7930 7928 7924
7932 7930 7914
7934 7439 7246
7936 7935 7911
7938 7674 7436
7940 7939 6502
7942 7700 311
7944 383 381
7946 7944 7942
7948 7947 7242
7950 7949 7909
7952 7724 383
7954 7952 7942
7956 7955 6558
7958 7081 4998
7960 7959 6763
7962 7960 7000
7964 387 307
7966 7965 791
7968 7966 1012
7970 389 313
7972 7971 791
7974 7972 824
i0 p0p0eq0time0f1dzero1b
i1 p0b0btn2start2stop
i2 p0b0btn2sec
i3 p0b0btn2min
o0 u0time0f1dinc2minutes0time1b
o1 u0time0f1dinc2seconds0time1b
o2 u0time0f1dcountdown0time0dt1b
o3 u0time0f1dcountup0time0dt1b
o4 u0time0time
o5 u0time0f1dzero1b
{"is_completed":true,"output_vars":["u0time0f1dcountup0time0dt1b","u0time0f1dcountdown0time0dt1b","u0time0f1dinc2seconds0time1b","u0time0f1dinc2minutes0time1b","u0time0f1dzero1b","u0time0time"],"input_vars":["p0p0eq0time0f1dzero1b","p0b0btn2start2stop","p0b0btn2sec","p0b0btn2min"],"formula":"(((((((G (! (((! (((u0time0f1dinc2minutes0time1b) && (! ((u0time0time) || (u0time0f1dcountdown0time0dt1b)))) <-> ((! (((u0time0time) && (! (u0time0f1dcountdown0time0dt1b))) <-> ((u0time0f1dcountdown0time0dt1b) && (! (u0time0time))))) && (! (u0time0f1dinc2minutes0time1b))))) && (! (((u0time0f1dcountup0time0dt1b) || (u0time0f1dinc2seconds0time1b)) || (u0time0f1dzero1b)))) <-> ((! (((u0time0f1dinc2seconds0time1b) && (! ((u0time0f1dzero1b) || (u0time0f1dcountup0time0dt1b)))) <-> ((! (((u0time0f1dzero1b) && (! (u0time0f1dcountup0time0dt1b))) <-> ((u0time0f1dcountup0time0dt1b) && (! (u0time0f1dzero1b))))) && (! (u0time0f1dinc2seconds0time1b))))) && (! (((u0time0f1dcountdown0time0dt1b) || (u0time0f1dinc2minutes0time1b)) || (u0time0time))))))) && (G (((p0b0btn2min) && (p0b0btn2sec)) <-> (u0time0f1dzero1b)))) && (G ((((! ((u0time0f1dcountup0time0dt1b) || (u0time0f1dcountdown0time0dt1b))) && ((! (p0b0btn2min)) && (X (p0b0btn2min)))) && (X (! (p0b0btn2sec)))) <-> (X (u0time0f1dinc2minutes0time1b))))) && (G ((((! ((u0time0f1dcountup0time0dt1b) || (u0time0f1dcountdown0time0dt1b))) && ((! (p0b0btn2sec)) && (X (p0b0btn2sec)))) && (X (! (p0b0btn2min)))) <-> (X (u0time0f1dinc2seconds0time1b))))) && (G ((p0p0eq0time0f1dzero1b) -> (((((u0time0time) && ((((! (p0b0btn2start2stop)) && (X (p0b0btn2start2stop))) && (! ((! (p0b0btn2min)) && (X (p0b0btn2min))))) && (! ((! (p0b0btn2sec)) && (X (p0b0btn2sec)))))) -> (X ((((u0time0f1dcountup0time0dt1b) && (! ((((! (p0b0btn2min)) && (X (p0b0btn2min))) || ((! (p0b0btn2sec)) && (X (p0b0btn2sec)))) || ((! (p0b0btn2start2stop)) && (X (p0b0btn2start2stop)))))) U (((p0b0btn2min) && (p0b0btn2sec)) || ((u0time0f1dcountup0time0dt1b) && ((((! (p0b0btn2min)) && (X (p0b0btn2min))) || ((! (p0b0btn2sec)) && (X (p0b0btn2sec)))) || ((! (p0b0btn2start2stop)) && (X (p0b0btn2start2stop))))))) || (G ((u0time0f1dcountup0time0dt1b) && (! ((((! (p0b0btn2min)) && (X (p0b0btn2min))) || ((! (p0b0btn2sec)) && (X (p0b0btn2sec)))) || ((! (p0b0btn2start2stop)) && (X (p0b0btn2start2stop)))))))))) U ((u0time0f1dinc2minutes0time1b) || (u0time0f1dinc2seconds0time1b))) || (G (((u0time0time) && ((((! (p0b0btn2start2stop)) && (X (p0b0btn2start2stop))) && (! ((! (p0b0btn2min)) && (X (p0b0btn2min))))) && (! ((! (p0b0btn2sec)) && (X (p0b0btn2sec)))))) -> (X ((((u0time0f1dcountup0time0dt1b) && (! ((((! (p0b0btn2min)) && (X (p0b0btn2min))) || ((! (p0b0btn2sec)) && (X (p0b0btn2sec)))) || ((! (p0b0btn2start2stop)) && (X (p0b0btn2start2stop)))))) U (((p0b0btn2min) && (p0b0btn2sec)) || ((u0time0f1dcountup0time0dt1b) && ((((! (p0b0btn2min)) && (X (p0b0btn2min))) || ((! (p0b0btn2sec)) && (X (p0b0btn2sec)))) || ((! (p0b0btn2start2stop)) && (X (p0b0btn2start2stop))))))) || (G ((u0time0f1dcountup0time0dt1b) && (! ((((! (p0b0btn2min)) && (X (p0b0btn2min))) || ((! (p0b0btn2sec)) && (X (p0b0btn2sec)))) || ((! (p0b0btn2start2stop)) && (X (p0b0btn2start2stop))))))))))))))) && (G (((u0time0f1dinc2minutes0time1b) || (u0time0f1dinc2seconds0time1b)) -> (((((! ((u0time0f1dcountup0time0dt1b) || (u0time0f1dcountdown0time0dt1b))) && ((((! (p0b0btn2start2stop)) && (X (p0b0btn2start2stop))) && (! ((! (p0b0btn2min)) && (X (p0b0btn2min))))) && (! ((! (p0b0btn2sec)) && (X (p0b0btn2sec)))))) -> (X ((((u0time0f1dcountdown0time0dt1b) && (! ((((! (p0b0btn2min)) && (X (p0b0btn2min))) || ((! (p0b0btn2sec)) && (X (p0b0btn2sec)))) || ((! (p0b0btn2start2stop)) && (X (p0b0btn2start2stop)))))) U (((p0b0btn2min) && (p0b0btn2sec)) || ((u0time0f1dcountdown0time0dt1b) && ((((! (p0b0btn2min)) && (X (p0b0btn2min))) || ((! (p0b0btn2sec)) && (X (p0b0btn2sec)))) || ((! (p0b0btn2start2stop)) && (X (p0b0btn2start2stop))))))) || (G ((u0time0f1dcountdown0time0dt1b) && (! ((((! (p0b0btn2min)) && (X (p0b0btn2min))) || ((! (p0b0btn2sec)) && (X (p0b0btn2sec)))) || ((! (p0b0btn2start2stop)) && (X (p0b0btn2start2stop)))))))))) U (X (p0p0eq0time0f1dzero1b))) || (G (((! ((u0time0f1dcountup0time0dt1b) || (u0time0f1dcountdown0time0dt1b))) && ((((! (p0b0btn2start2stop)) && (X (p0b0btn2start2stop))) && (! ((! (p0b0btn2min)) && (X (p0b0btn2min))))) && (! ((! (p0b0btn2sec)) && (X (p0b0btn2sec)))))) -> (X ((((u0time0f1dcountdown0time0dt1b) && (! ((((! (p0b0btn2min)) && (X (p0b0btn2min))) || ((! (p0b0btn2sec)) && (X (p0b0btn2sec)))) || ((! (p0b0btn2start2stop)) && (X (p0b0btn2start2stop)))))) U (((p0b0btn2min) && (p0b0btn2sec)) || ((u0time0f1dcountdown0time0dt1b) && ((((! (p0b0btn2min)) && (X (p0b0btn2min))) || ((! (p0b0btn2sec)) && (X (p0b0btn2sec)))) || ((! (p0b0btn2start2stop)) && (X (p0b0btn2start2stop))))))) || (G ((u0time0f1dcountdown0time0dt1b) && (! ((((! (p0b0btn2min)) && (X (p0b0btn2min))) || ((! (p0b0btn2sec)) && (X (p0b0btn2sec)))) || ((! (p0b0btn2start2stop)) && (X (p0b0btn2start2stop))))))))))))))) && (G (((! ((u0time0f1dcountup0time0dt1b) || (u0time0f1dcountdown0time0dt1b))) && ((((((! (p0b0btn2start2stop)) && (X (p0b0btn2start2stop))) && ((! (p0b0btn2min)) && (X (p0b0btn2min)))) && (X (! (p0b0btn2sec)))) && (X (X (! (p0b0btn2sec))))) || (((((! (p0b0btn2start2stop)) && (X (p0b0btn2start2stop))) && ((! (p0b0btn2sec)) && (X (p0b0btn2sec)))) && (X (! (p0b0btn2min)))) && (X (X (! (p0b0btn2min))))))) -> (X (X ((((u0time0f1dcountdown0time0dt1b) && (! ((((! (p0b0btn2min)) && (X (p0b0btn2min))) || ((! (p0b0btn2sec)) && (X (p0b0btn2sec)))) || ((! (p0b0btn2start2stop)) && (X (p0b0btn2start2stop)))))) U (((p0b0btn2min) && (p0b0btn2sec)) || ((u0time0f1dcountdown0time0dt1b) && ((((! (p0b0btn2min)) && (X (p0b0btn2min))) || ((! (p0b0btn2sec)) && (X (p0b0btn2sec)))) || ((! (p0b0btn2start2stop)) && (X (p0b0btn2start2stop))))))) || (G ((u0time0f1dcountdown0time0dt1b) && (! ((((! (p0b0btn2min)) && (X (p0b0btn2min))) || ((! (p0b0btn2sec)) && (X (p0b0btn2sec)))) || ((! (p0b0btn2start2stop)) && (X (p0b0btn2start2stop)))))))))))))","total_time":3018,"automaton":{"is_built":true,"build_duration":42,"total_states":183,"state_based_status":"true","prune_automaton_duration":0,"pruned_state_based_status":"true","prune_total_states":183,"total_edges":2518},"dependency":{"dependency_approach":"automaton","tested_dependencies":[{"name":"u0time0time","duration":317,"is_dependent":true,"tested_dependency_set":["p0p0eq0time0f1dzero1b","p0b0btn2start2stop","p0b0btn2sec","p0b0btn2min","u0time0f1dcountup0time0dt1b","u0time0f1dcountdown0time0dt1b","u0time0f1dinc2seconds0time1b","u0time0f1dinc2minutes0time1b","u0time0f1dzero1b"]},{"name":"u0time0f1dzero1b","duration":356,"is_dependent":true,"tested_dependency_set":["p0p0eq0time0f1dzero1b","p0b0btn2start2stop","p0b0btn2sec","p0b0btn2min","u0time0f1dcountup0time0dt1b","u0time0f1dcountdown0time0dt1b","u0time0f1dinc2seconds0time1b","u0time0f1dinc2minutes0time1b"]},{"name":"u0time0f1dinc2minutes0time1b","duration":0,"is_dependent":false,"tested_dependency_set":["p0p0eq0time0f1dzero1b","p0b0btn2start2stop","p0b0btn2sec","p0b0btn2min","u0time0f1dcountup0time0dt1b","u0time0f1dcountdown0time0dt1b","u0time0f1dinc2seconds0time1b"]},{"name":"u0time0f1dinc2seconds0time1b","duration":0,"is_dependent":false,"tested_dependency_set":["p0p0eq0time0f1dzero1b","p0b0btn2start2stop","p0b0btn2sec","p0b0btn2min","u0time0f1dcountup0time0dt1b","u0time0f1dcountdown0time0dt1b","u0time0f1dinc2minutes0time1b"]},{"name":"u0time0f1dcountdown0time0dt1b","duration":0,"is_dependent":false,"tested_dependency_set":["p0p0eq0time0f1dzero1b","p0b0btn2start2stop","p0b0btn2sec","p0b0btn2min","u0time0f1dcountup0time0dt1b","u0time0f1dinc2minutes0time1b","u0time0f1dinc2seconds0time1b"]},{"name":"u0time0f1dcountup0time0dt1b","duration":0,"is_dependent":false,"tested_dependency_set":["p0p0eq0time0f1dzero1b","p0b0btn2start2stop","p0b0btn2sec","p0b0btn2min","u0time0f1dinc2minutes0time1b","u0time0f1dinc2seconds0time1b","u0time0f1dcountdown0time0dt1b"]}],"total_duration":862,"is_completed":true,"skipped_dependencies":false,"total_pair_state":2151,"search_pair_state_duration":188},"unate":{"skipped_unate":true},"synthesis":{"remove_dependent_ap_duration":0,"clone_nba_with_dep":0,"synthesis_dependents_duration":33,"model_checking_status":"UNKNOWN","merge_strategies_duration":682,"final_strategy":{"duration":33,"total_inputs":8,"total_outputs":2,"total_latches":183,"total_gates":4729},"independent_strategy":{"duration":1392,"realizability":"REALIZABLE","total_inputs":4,"total_outputs":4,"total_latches":6,"total_gates":956},"dependent_strategy":{"duration":33,"total_inputs":8,"total_outputs":2,"total_latches":183,"total_gates":4729}}}
