Hierarchy reader flattened 2 instances of logic boxes and left 0 black boxes.
aag 103 3 13 4 87
2
4
6
8 114
10 133
12 146
14 1
16 0
18 158
20 166
22 170
24 174
26 185
28 199
30 202
32 206
67
81
82
108
34 11 9
36 35 12
38 37 7
40 10 9
42 40 13
44 8 3
46 44 13
48 46 11
50 49 43
52 51 6
54 53 39
56 55 5
58 37 6
60 46 10
62 61 59
64 63 4
66 65 57
68 41 13
70 68 2
72 6 5
74 72 70
76 7 4
78 76 48
80 79 75
82 76 70
84 80 66
86 31 27
88 33 29
90 88 19
92 90 86
94 24 7
96 95 21
98 17 14
100 98 23
102 100 96
104 102 92
106 105 83
108 106 84
110 77 73
112 68 3
114 112 111
116 71 47
118 117 72
120 34 3
122 8 2
124 122 10
126 76 13
128 126 125
130 128 121
132 131 119
134 125 7
136 135 4
138 41 6
140 139 5
142 141 13
144 142 137
146 145 37
148 81 67
150 149 83
152 151 85
154 110 101
156 155 19
158 157 153
160 111 99
162 161 96
164 163 3
166 164 153
168 111 101
170 168 153
172 163 2
174 172 153
176 168 70
178 176 66
180 87 5
182 180 153
184 183 179
186 89 7
188 186 153
190 111 67
192 191 79
194 150 101
196 194 193
198 197 189
200 87 4
202 200 84
204 89 6
206 204 80
i0 p0b0room29empty
i1 p0b0room29light29off
i2 p0b0room29light29on
o0 u0room29light0f1dturn2on1b
o1 u0room29light0f1dtoggle1b
o2 u0room29light0f1dturn2off1b
o3 u0room29light0room29light
{"is_completed":true,"output_vars":["u0room29light0f1dturn2off1b","u0room29light0f1dtoggle1b","u0room29light0f1dturn2on1b","u0room29light0room29light"],"input_vars":["p0b0room29empty","p0b0room29light29off","p0b0room29light29on"],"formula":"((G (! (((! (((u0room29light0f1dtoggle1b) && (! (u0room29light0room29light))) <-> ((u0room29light0room29light) && (! (u0room29light0f1dtoggle1b))))) && (! ((u0room29light0f1dturn2off1b) || (u0room29light0f1dturn2on1b)))) <-> ((! (((u0room29light0f1dturn2off1b) && (! (u0room29light0f1dturn2on1b))) <-> ((u0room29light0f1dturn2on1b) && (! (u0room29light0f1dturn2off1b))))) && (! ((u0room29light0f1dtoggle1b) || (u0room29light0room29light))))))) && ((((G (! ((p0b0room29light29on) <-> (p0b0room29light29off)))) && (G (((u0room29light0f1dturn2on1b) || ((u0room29light0f1dtoggle1b) && (p0b0room29light29off))) -> (X (F (((u0room29light0f1dturn2off1b) || (u0room29light0f1dtoggle1b)) R (p0b0room29light29on))))))) && (G (((u0room29light0f1dturn2off1b) || ((u0room29light0f1dtoggle1b) && (p0b0room29light29on))) -> (X (F (((u0room29light0f1dturn2on1b) || (u0room29light0f1dtoggle1b)) R (p0b0room29light29off))))))) -> (G ((X (p0b0room29light29on)) -> (! (p0b0room29empty))))))","total_time":103,"automaton":{"is_built":true,"build_duration":2,"total_states":9,"state_based_status":"true","prune_automaton_duration":0,"pruned_state_based_status":"true","prune_total_states":9,"total_edges":23},"dependency":{"dependency_approach":"automaton","tested_dependencies":[{"name":"u0room29light0room29light","duration":0,"is_dependent":true,"tested_dependency_set":["p0b0room29empty","p0b0room29light29off","p0b0room29light29on","u0room29light0f1dturn2off1b","u0room29light0f1dtoggle1b","u0room29light0f1dturn2on1b"]},{"name":"u0room29light0f1dturn2on1b","duration":0,"is_dependent":false,"tested_dependency_set":["p0b0room29empty","p0b0room29light29off","p0b0room29light29on","u0room29light0f1dturn2off1b","u0room29light0f1dtoggle1b"]},{"name":"u0room29light0f1dtoggle1b","duration":0,"is_dependent":false,"tested_dependency_set":["p0b0room29empty","p0b0room29light29off","p0b0room29light29on","u0room29light0f1dturn2off1b","u0room29light0f1dturn2on1b"]},{"name":"u0room29light0f1dturn2off1b","duration":0,"is_dependent":false,"tested_dependency_set":["p0b0room29empty","p0b0room29light29off","p0b0room29light29on","u0room29light0f1dturn2on1b","u0room29light0f1dtoggle1b"]}],"total_duration":0,"is_completed":true,"skipped_dependencies":false,"total_pair_state":35,"search_pair_state_duration":0},"unate":{"skipped_unate":true},"synthesis":{"remove_dependent_ap_duration":0,"clone_nba_with_dep":0,"synthesis_dependents_duration":0,"model_checking_status":"UNKNOWN","merge_strategies_duration":94,"final_strategy":{"duration":0,"total_inputs":6,"total_outputs":1,"total_latches":9,"total_gates":200},"independent_strategy":{"duration":3,"realizability":"REALIZABLE","total_inputs":3,"total_outputs":3,"total_latches":3,"total_gates":68},"dependent_strategy":{"duration":0,"total_inputs":6,"total_outputs":1,"total_latches":9,"total_gates":200}}}
