Hierarchy reader flattened 2 instances of logic boxes and left 0 black boxes.
aag 243 6 20 3 217
2
4
6
8
10
12
14 303
16 355
18 375
20 1
22 0
24 401
26 406
28 419
30 422
32 438
34 447
36 450
38 460
40 164
42 466
44 474
46 478
48 480
50 482
52 486
95
133
277
54 19 14
56 19 17
58 11 7
60 16 14
62 60 59
64 63 57
66 65 2
68 67 55
70 69 13
72 18 17
74 72 15
76 75 55
78 77 4
80 17 2
82 81 54
84 74 9
86 85 83
88 86 79
90 12 11
92 90 89
94 93 71
96 17 15
98 60 58
100 99 97
102 101 18
104 57 9
106 104 61
108 107 103
110 109 13
112 14 7
114 112 18
116 19 5
118 117 3
120 15 8
122 120 118
124 123 115
126 125 16
128 127 11
130 129 12
132 131 111
134 132 94
136 133 95
138 137 11
140 138 40
142 12 5
144 142 137
146 144 48
148 147 141
150 149 134
152 12 10
154 152 30
156 94 10
158 23 20
160 158 31
162 161 13
164 162 156
166 165 155
168 167 132
170 4 2
172 170 137
174 134 48
176 174 172
178 38 10
180 179 53
182 161 153
184 4 3
186 184 48
188 28 12
190 13 9
192 190 5
194 193 34
196 185 143
198 8 5
200 199 171
202 200 196
204 203 46
206 205 195
208 206 189
210 208 187
212 210 183
214 212 180
216 215 134
218 217 177
220 218 169
222 220 151
224 43 29
226 225 13
228 226 137
230 228 134
232 231 222
234 45 43
236 234 158
238 237 94
240 159 10
242 241 239
244 243 12
246 153 5
248 246 30
250 38 11
252 26 5
254 33 25
256 254 51
258 256 253
260 45 37
262 261 13
264 263 258
266 264 251
268 266 249
270 269 94
272 271 245
274 273 132
276 275 232
278 116 80
280 119 16
282 280 120
284 283 279
286 285 11
288 287 12
290 56 2
292 11 8
294 292 16
296 295 291
298 297 15
300 299 13
302 301 289
304 18 3
306 304 60
308 19 15
310 308 17
312 311 307
314 313 10
316 14 6
318 316 304
320 120 11
322 321 319
324 323 16
326 5 3
328 327 19
330 328 15
332 330 17
334 333 325
336 334 315
338 337 13
340 18 5
342 341 17
344 343 8
346 56 4
348 347 345
350 90 15
352 350 349
354 353 339
356 142 72
358 357 281
360 359 8
362 5 2
364 363 56
366 365 361
368 367 11
370 56 13
372 371 369
374 373 15
376 161 152
378 263 25
380 379 137
382 381 377
384 226 9
386 51 39
388 387 7
390 53 41
392 390 389
394 393 11
396 395 385
398 397 137
400 399 382
402 183 27
404 403 137
406 404 5
408 182 95
410 408 132
412 225 137
414 412 13
416 414 8
418 417 411
420 153 137
422 420 161
424 159 153
426 425 33
428 47 35
430 428 49
432 431 4
434 433 426
436 435 3
438 436 137
440 427 2
442 440 137
444 431 172
446 445 443
448 161 90
450 448 132
452 161 133
454 387 6
456 454 11
458 457 453
460 459 420
462 12 8
464 462 225
466 464 132
468 225 9
470 469 45
472 471 12
474 472 132
476 429 198
478 476 137
480 431 144
482 454 156
484 389 53
486 485 156
i0 p0b02time296am
i1 p0b02time292423pm
i2 p0b0reaching2closed
i3 p0b0reaching2open
i4 p0b0closed
i5 p0b0open
o0 u0ctrl0f1dmove2to0f1dpercent2423231b1b
o1 u0ctrl0f1dmove2to0f1dpercent231b1b
o2 u0ctrl0ctrl
{"is_completed":true,"output_vars":["u0ctrl0f1dmove2to0f1dpercent231b1b","u0ctrl0f1dmove2to0f1dpercent2423231b1b","u0ctrl0ctrl"],"input_vars":["p0b02time296am","p0b02time292423pm","p0b0reaching2closed","p0b0reaching2open","p0b0closed","p0b0open"],"formula":"((G (! (((u0ctrl0f1dmove2to0f1dpercent2423231b1b) && (! ((u0ctrl0f1dmove2to0f1dpercent231b1b) || (u0ctrl0ctrl)))) <-> ((! (((u0ctrl0f1dmove2to0f1dpercent231b1b) && (! (u0ctrl0ctrl))) <-> ((u0ctrl0ctrl) && (! (u0ctrl0f1dmove2to0f1dpercent231b1b))))) && (! (u0ctrl0f1dmove2to0f1dpercent2423231b1b)))))) && (((((((G (! ((p0b0open) && (p0b0closed)))) && (G ((u0ctrl0f1dmove2to0f1dpercent2423231b1b) -> (X ((p0b0reaching2open) U (((! (u0ctrl0f1dmove2to0f1dpercent2423231b1b)) && (! (u0ctrl0ctrl))) R (p0b0open))))))) && (G ((u0ctrl0f1dmove2to0f1dpercent231b1b) -> (X ((p0b0reaching2closed) U (((! (u0ctrl0f1dmove2to0f1dpercent231b1b)) && (! (u0ctrl0ctrl))) R (p0b0closed))))))) && (G (((p0b0closed) && (! (u0ctrl0f1dmove2to0f1dpercent2423231b1b))) -> (X (p0b0closed))))) && (G (((p0b0open) && (! (u0ctrl0f1dmove2to0f1dpercent231b1b))) -> (X (p0b0open))))) && (G (F (p0b02time292423pm)))) -> ((G ((p0b02time296am) -> (X (F (((p0b0open) U (p0b02time292423pm)) || (G (p0b0open))))))) && (G ((p0b02time296am) -> (X ((p0b0reaching2open) U (((p0b0open) U (p0b02time292423pm)) || (G (p0b0open))))))))))","total_time":194,"automaton":{"is_built":true,"build_duration":5,"total_states":16,"state_based_status":"true","prune_automaton_duration":0,"pruned_state_based_status":"true","prune_total_states":16,"total_edges":53},"dependency":{"dependency_approach":"automaton","tested_dependencies":[{"name":"u0ctrl0ctrl","duration":2,"is_dependent":true,"tested_dependency_set":["p0b02time296am","p0b02time292423pm","p0b0reaching2closed","p0b0reaching2open","p0b0closed","p0b0open","u0ctrl0f1dmove2to0f1dpercent231b1b","u0ctrl0f1dmove2to0f1dpercent2423231b1b"]},{"name":"u0ctrl0f1dmove2to0f1dpercent2423231b1b","duration":0,"is_dependent":false,"tested_dependency_set":["p0b02time296am","p0b02time292423pm","p0b0reaching2closed","p0b0reaching2open","p0b0closed","p0b0open","u0ctrl0f1dmove2to0f1dpercent231b1b"]},{"name":"u0ctrl0f1dmove2to0f1dpercent231b1b","duration":0,"is_dependent":false,"tested_dependency_set":["p0b02time296am","p0b02time292423pm","p0b0reaching2closed","p0b0reaching2open","p0b0closed","p0b0open","u0ctrl0f1dmove2to0f1dpercent2423231b1b"]}],"total_duration":3,"is_completed":true,"skipped_dependencies":false,"total_pair_state":110,"search_pair_state_duration":1},"unate":{"skipped_unate":true},"synthesis":{"remove_dependent_ap_duration":0,"clone_nba_with_dep":0,"synthesis_dependents_duration":1,"model_checking_status":"UNKNOWN","merge_strategies_duration":122,"final_strategy":{"duration":1,"total_inputs":8,"total_outputs":1,"total_latches":16,"total_gates":393},"independent_strategy":{"duration":62,"realizability":"REALIZABLE","total_inputs":6,"total_outputs":2,"total_latches":3,"total_gates":198},"dependent_strategy":{"duration":1,"total_inputs":8,"total_outputs":1,"total_latches":16,"total_gates":393}}}
