Hierarchy reader flattened 2 instances of logic boxes and left 0 black boxes.
aag 31 3 8 2 20
2
4
6
8 1
10 1
12 0
14 47
16 49
18 54
20 61
22 62
9
36
24 13 10
26 24 19
28 23 21
30 17 15
32 30 28
34 32 26
36 35 8
38 14 7
40 4 2
42 40 7
44 42 27
46 45 39
48 24 17
50 14 6
52 51 26
54 53 43
56 49 9
58 29 7
60 59 57
62 29 6
i0 p0p0bright0outside29brightness
i1 p0b0room29screen29lowered
i2 p0b0room29shades29closed
o0 u0room29shades29ctrl0f1dmove2to0f1dpercent231b1b
o1 u0room29shades29ctrl0room29shades29ctrl
{"is_completed":true,"output_vars":["u0room29shades29ctrl0f1dmove2to0f1dpercent231b1b","u0room29shades29ctrl0room29shades29ctrl"],"input_vars":["p0p0bright0outside29brightness","p0b0room29screen29lowered","p0b0room29shades29closed"],"formula":"((G (! (((u0room29shades29ctrl0room29shades29ctrl) && (! (u0room29shades29ctrl0f1dmove2to0f1dpercent231b1b))) <-> ((u0room29shades29ctrl0f1dmove2to0f1dpercent231b1b) && (! (u0room29shades29ctrl0room29shades29ctrl)))))) && ((G ((u0room29shades29ctrl0f1dmove2to0f1dpercent231b1b) -> (F (((! (u0room29shades29ctrl0f1dmove2to0f1dpercent231b1b)) && (! (u0room29shades29ctrl0room29shades29ctrl))) R (p0b0room29shades29closed))))) -> (G (((p0b0room29screen29lowered) && (p0p0bright0outside29brightness)) -> (F (p0b0room29shades29closed))))))","total_time":82,"automaton":{"is_built":true,"build_duration":1,"total_states":6,"state_based_status":"true","prune_automaton_duration":0,"pruned_state_based_status":"true","prune_total_states":6,"total_edges":14},"dependency":{"dependency_approach":"automaton","tested_dependencies":[{"name":"u0room29shades29ctrl0room29shades29ctrl","duration":0,"is_dependent":true,"tested_dependency_set":["p0p0bright0outside29brightness","p0b0room29screen29lowered","p0b0room29shades29closed","u0room29shades29ctrl0f1dmove2to0f1dpercent231b1b"]},{"name":"u0room29shades29ctrl0f1dmove2to0f1dpercent231b1b","duration":0,"is_dependent":false,"tested_dependency_set":["p0p0bright0outside29brightness","p0b0room29screen29lowered","p0b0room29shades29closed"]}],"total_duration":0,"is_completed":true,"skipped_dependencies":false,"total_pair_state":14,"search_pair_state_duration":0},"unate":{"skipped_unate":true},"synthesis":{"remove_dependent_ap_duration":0,"clone_nba_with_dep":0,"synthesis_dependents_duration":0,"model_checking_status":"UNKNOWN","merge_strategies_duration":77,"final_strategy":{"duration":0,"total_inputs":4,"total_outputs":1,"total_latches":6,"total_gates":50},"independent_strategy":{"duration":1,"realizability":"REALIZABLE","total_inputs":3,"total_outputs":1,"total_latches":1,"total_gates":0},"dependent_strategy":{"duration":0,"total_inputs":4,"total_outputs":1,"total_latches":6,"total_gates":50}}}
