Hierarchy reader flattened 2 instances of logic boxes and left 0 black boxes.
aag 39 4 6 16 29
2
4
6
8
10 1
12 0
14 75
16 30
18 77
20 79
22
2
22
0
1
24
27
22
29
43
50
0
55
70
43
72
22 4 3
24 8 4
26 9 7
28 26 5
30 16 5
32 21 19
34 13 10
36 34 32
38 36 15
40 39 23
42 41 31
44 31 15
46 44 36
48 5 3
50 48 47
52 39 25
54 53 31
56 8 7
58 56 35
60 58 3
62 57 35
64 44 32
66 64 63
68 66 61
70 69 26
72 47 28
74 63 15
76 59 19
78 59 21
i0 p0b0in24
i1 p0b0in3
i2 p0b0in4
i3 p0b0in25
o0 u0c0f1dc31b
o1 u0a0f1dc241b
o2 u0a0f1dc251b
o3 u0b0f1dc241b
o4 u0b0f1dc51b
o5 u0d0f1dfun0p1db0in251b1b
o6 u0e0f1dfun0p1db0in31b1b
o7 u0f0f1dc61b
o8 u0g0f1dc31b
o9 u0c0c
o10 u0a0a
o11 u0b0b
o12 u0d0d
o13 u0e0e
o14 u0f0f
o15 u0g0g
{"is_completed":true,"output_vars":["u0g0f1dc31b","u0g0g","u0f0f1dc61b","u0f0f","u0e0f1dfun0p1db0in31b1b","u0e0e","u0d0f1dfun0p1db0in251b1b","u0d0d","u0b0f1dc51b","u0b0f1dc241b","u0b0b","u0a0f1dc251b","u0a0f1dc241b","u0a0a","u0c0f1dc31b","u0c0c"],"input_vars":["p0b0in24","p0b0in3","p0b0in4","p0b0in25"],"formula":"((G (((((((! (((u0c0c) && (! (u0c0f1dc31b))) <-> ((u0c0f1dc31b) && (! (u0c0c))))) && (! (((u0a0f1dc241b) && (! ((u0a0f1dc251b) || (u0a0a)))) <-> ((! (((u0a0f1dc251b) && (! (u0a0a))) <-> ((u0a0a) && (! (u0a0f1dc251b))))) && (! (u0a0f1dc241b)))))) && (! (((u0b0f1dc241b) && (! ((u0b0f1dc51b) || (u0b0b)))) <-> ((! (((u0b0f1dc51b) && (! (u0b0b))) <-> ((u0b0b) && (! (u0b0f1dc51b))))) && (! (u0b0f1dc241b)))))) && (! (((u0d0d) && (! (u0d0f1dfun0p1db0in251b1b))) <-> ((u0d0f1dfun0p1db0in251b1b) && (! (u0d0d)))))) && (! (((u0e0e) && (! (u0e0f1dfun0p1db0in31b1b))) <-> ((u0e0f1dfun0p1db0in31b1b) && (! (u0e0e)))))) && (! (((u0f0f) && (! (u0f0f1dc61b))) <-> ((u0f0f1dc61b) && (! (u0f0f)))))) && (! (((u0g0g) && (! (u0g0f1dc31b))) <-> ((u0g0f1dc31b) && (! (u0g0g))))))) && ((((p0b0in25) && (! (p0b0in4))) && (G ((u0c0f1dc31b) -> (F (p0b0in3))))) -> ((((((((! ((u0a0f1dc241b) && (u0b0f1dc241b))) && (G ((p0b0in24) -> (u0a0f1dc241b)))) && (G ((u0a0f1dc251b) <-> (u0c0f1dc31b)))) && (G (((p0b0in25) && (p0b0in3)) -> ((u0d0f1dfun0p1db0in251b1b) || (u0e0e))))) && (G (((p0b0in25) || (p0b0in4)) <-> (u0e0f1dfun0p1db0in31b1b)))) && (G ((u0a0f1dc251b) || (u0b0f1dc51b)))) && (G ((u0c0f1dc31b) <-> (u0f0f1dc61b)))) && (G ((((p0b0in25) || (p0b0in3)) || (p0b0in4)) -> (u0g0f1dc31b))))))","total_time":169,"automaton":{"is_built":true,"build_duration":15,"total_states":5,"state_based_status":"true","prune_automaton_duration":0,"pruned_state_based_status":"true","prune_total_states":5,"total_edges":9},"dependency":{"dependency_approach":"automaton","tested_dependencies":[{"name":"u0c0c","duration":0,"is_dependent":true,"tested_dependency_set":["p0b0in24","p0b0in3","p0b0in4","p0b0in25","u0g0f1dc31b","u0g0g","u0f0f1dc61b","u0f0f","u0e0f1dfun0p1db0in31b1b","u0e0e","u0d0f1dfun0p1db0in251b1b","u0d0d","u0b0f1dc51b","u0b0f1dc241b","u0b0b","u0a0f1dc251b","u0a0f1dc241b","u0a0a","u0c0f1dc31b"]},{"name":"u0c0f1dc31b","duration":0,"is_dependent":false,"tested_dependency_set":["p0b0in24","p0b0in3","p0b0in4","p0b0in25","u0g0f1dc31b","u0g0g","u0f0f1dc61b","u0f0f","u0e0f1dfun0p1db0in31b1b","u0e0e","u0d0f1dfun0p1db0in251b1b","u0d0d","u0b0f1dc51b","u0b0f1dc241b","u0b0b","u0a0f1dc251b","u0a0f1dc241b","u0a0a"]},{"name":"u0a0a","duration":1,"is_dependent":true,"tested_dependency_set":["p0b0in24","p0b0in3","p0b0in4","p0b0in25","u0g0f1dc31b","u0g0g","u0f0f1dc61b","u0f0f","u0e0f1dfun0p1db0in31b1b","u0e0e","u0d0f1dfun0p1db0in251b1b","u0d0d","u0b0f1dc51b","u0b0f1dc241b","u0b0b","u0a0f1dc251b","u0a0f1dc241b","u0c0f1dc31b"]},{"name":"u0a0f1dc241b","duration":0,"is_dependent":false,"tested_dependency_set":["p0b0in24","p0b0in3","p0b0in4","p0b0in25","u0g0f1dc31b","u0g0g","u0f0f1dc61b","u0f0f","u0e0f1dfun0p1db0in31b1b","u0e0e","u0d0f1dfun0p1db0in251b1b","u0d0d","u0b0f1dc51b","u0b0f1dc241b","u0b0b","u0a0f1dc251b","u0c0f1dc31b"]},{"name":"u0a0f1dc251b","duration":0,"is_dependent":false,"tested_dependency_set":["p0b0in24","p0b0in3","p0b0in4","p0b0in25","u0g0f1dc31b","u0g0g","u0f0f1dc61b","u0f0f","u0e0f1dfun0p1db0in31b1b","u0e0e","u0d0f1dfun0p1db0in251b1b","u0d0d","u0b0f1dc51b","u0b0f1dc241b","u0b0b","u0c0f1dc31b","u0a0f1dc241b"]},{"name":"u0b0b","duration":1,"is_dependent":true,"tested_dependency_set":["p0b0in24","p0b0in3","p0b0in4","p0b0in25","u0g0f1dc31b","u0g0g","u0f0f1dc61b","u0f0f","u0e0f1dfun0p1db0in31b1b","u0e0e","u0d0f1dfun0p1db0in251b1b","u0d0d","u0b0f1dc51b","u0b0f1dc241b","u0c0f1dc31b","u0a0f1dc241b","u0a0f1dc251b"]},{"name":"u0b0f1dc241b","duration":0,"is_dependent":false,"tested_dependency_set":["p0b0in24","p0b0in3","p0b0in4","p0b0in25","u0g0f1dc31b","u0g0g","u0f0f1dc61b","u0f0f","u0e0f1dfun0p1db0in31b1b","u0e0e","u0d0f1dfun0p1db0in251b1b","u0d0d","u0b0f1dc51b","u0c0f1dc31b","u0a0f1dc241b","u0a0f1dc251b"]},{"name":"u0b0f1dc51b","duration":0,"is_dependent":false,"tested_dependency_set":["p0b0in24","p0b0in3","p0b0in4","p0b0in25","u0g0f1dc31b","u0g0g","u0f0f1dc61b","u0f0f","u0e0f1dfun0p1db0in31b1b","u0e0e","u0d0f1dfun0p1db0in251b1b","u0d0d","u0c0f1dc31b","u0a0f1dc241b","u0a0f1dc251b","u0b0f1dc241b"]},{"name":"u0d0d","duration":1,"is_dependent":true,"tested_dependency_set":["p0b0in24","p0b0in3","p0b0in4","p0b0in25","u0g0f1dc31b","u0g0g","u0f0f1dc61b","u0f0f","u0e0f1dfun0p1db0in31b1b","u0e0e","u0d0f1dfun0p1db0in251b1b","u0c0f1dc31b","u0a0f1dc241b","u0a0f1dc251b","u0b0f1dc241b","u0b0f1dc51b"]},{"name":"u0d0f1dfun0p1db0in251b1b","duration":0,"is_dependent":false,"tested_dependency_set":["p0b0in24","p0b0in3","p0b0in4","p0b0in25","u0g0f1dc31b","u0g0g","u0f0f1dc61b","u0f0f","u0e0f1dfun0p1db0in31b1b","u0e0e","u0c0f1dc31b","u0a0f1dc241b","u0a0f1dc251b","u0b0f1dc241b","u0b0f1dc51b"]},{"name":"u0e0e","duration":2,"is_dependent":true,"tested_dependency_set":["p0b0in24","p0b0in3","p0b0in4","p0b0in25","u0g0f1dc31b","u0g0g","u0f0f1dc61b","u0f0f","u0e0f1dfun0p1db0in31b1b","u0c0f1dc31b","u0a0f1dc241b","u0a0f1dc251b","u0b0f1dc241b","u0b0f1dc51b","u0d0f1dfun0p1db0in251b1b"]},{"name":"u0e0f1dfun0p1db0in31b1b","duration":0,"is_dependent":false,"tested_dependency_set":["p0b0in24","p0b0in3","p0b0in4","p0b0in25","u0g0f1dc31b","u0g0g","u0f0f1dc61b","u0f0f","u0c0f1dc31b","u0a0f1dc241b","u0a0f1dc251b","u0b0f1dc241b","u0b0f1dc51b","u0d0f1dfun0p1db0in251b1b"]},{"name":"u0f0f","duration":2,"is_dependent":true,"tested_dependency_set":["p0b0in24","p0b0in3","p0b0in4","p0b0in25","u0g0f1dc31b","u0g0g","u0f0f1dc61b","u0c0f1dc31b","u0a0f1dc241b","u0a0f1dc251b","u0b0f1dc241b","u0b0f1dc51b","u0d0f1dfun0p1db0in251b1b","u0e0f1dfun0p1db0in31b1b"]},{"name":"u0f0f1dc61b","duration":0,"is_dependent":false,"tested_dependency_set":["p0b0in24","p0b0in3","p0b0in4","p0b0in25","u0g0f1dc31b","u0g0g","u0c0f1dc31b","u0a0f1dc241b","u0a0f1dc251b","u0b0f1dc241b","u0b0f1dc51b","u0d0f1dfun0p1db0in251b1b","u0e0f1dfun0p1db0in31b1b"]},{"name":"u0g0g","duration":2,"is_dependent":true,"tested_dependency_set":["p0b0in24","p0b0in3","p0b0in4","p0b0in25","u0g0f1dc31b","u0c0f1dc31b","u0a0f1dc241b","u0a0f1dc251b","u0b0f1dc241b","u0b0f1dc51b","u0d0f1dfun0p1db0in251b1b","u0e0f1dfun0p1db0in31b1b","u0f0f1dc61b"]},{"name":"u0g0f1dc31b","duration":0,"is_dependent":false,"tested_dependency_set":["p0b0in24","p0b0in3","p0b0in4","p0b0in25","u0c0f1dc31b","u0a0f1dc241b","u0a0f1dc251b","u0b0f1dc241b","u0b0f1dc51b","u0d0f1dfun0p1db0in251b1b","u0e0f1dfun0p1db0in31b1b","u0f0f1dc61b"]}],"total_duration":14,"is_completed":true,"skipped_dependencies":false,"total_pair_state":8,"search_pair_state_duration":0},"unate":{"skipped_unate":true},"synthesis":{"remove_dependent_ap_duration":0,"clone_nba_with_dep":0,"synthesis_dependents_duration":4,"model_checking_status":"UNKNOWN","merge_strategies_duration":129,"final_strategy":{"duration":4,"total_inputs":13,"total_outputs":7,"total_latches":5,"total_gates":902},"independent_strategy":{"duration":5,"realizability":"REALIZABLE","total_inputs":4,"total_outputs":9,"total_latches":0,"total_gates":4},"dependent_strategy":{"duration":4,"total_inputs":13,"total_outputs":7,"total_latches":5,"total_gates":902}}}
