Hierarchy reader flattened 2 instances of logic boxes and left 0 black boxes.
aag 15 12 2 3 1
2
4
6
8
10
12
14
16
18
20
22
24
26 1
28 31
1
0
0
30 29 26
i0 p0p0bright0outside29brightness
i1 p0b0t29am7
i2 p0b0bed29exit
i3 p0b0room29empty
i4 p0b0room29somebody2leaves
i5 p0b0room29light29on
i6 p0b0room29shades29open
i7 p0b0bed29occupied
i8 p0b0t29sunday
i9 p0b0t29saturday
i10 p0b0t29am6323
i11 p0b0alarm
o0 u0alarm29control0f1dturn2on1b
o1 u0alarm29control0f1dturn2off1b
o2 u0alarm29control0alarm29control
{"is_completed":true,"output_vars":["u0alarm29control0f1dturn2off1b","u0alarm29control0f1dturn2on1b","u0alarm29control0alarm29control"],"input_vars":["p0p0bright0outside29brightness","p0b0t29am7","p0b0bed29exit","p0b0room29empty","p0b0room29somebody2leaves","p0b0room29light29on","p0b0room29shades29open","p0b0bed29occupied","p0b0t29sunday","p0b0t29saturday","p0b0t29am6323","p0b0alarm"],"formula":"((G (! (((u0alarm29control0f1dturn2on1b) && (! ((u0alarm29control0f1dturn2off1b) || (u0alarm29control0alarm29control)))) <-> ((! (((u0alarm29control0f1dturn2off1b) && (! (u0alarm29control0alarm29control))) <-> ((u0alarm29control0alarm29control) && (! (u0alarm29control0f1dturn2off1b))))) && (! (u0alarm29control0f1dturn2on1b)))))) && (((G (((u0alarm29control0f1dturn2on1b) -> (u0alarm29control0f1dturn2off1b)) R (p0b0alarm))) && (G (((u0alarm29control0f1dturn2off1b) -> (u0alarm29control0f1dturn2on1b)) R (! (p0b0alarm))))) -> (G ((((p0b0t29am6323) && (! ((p0b0t29saturday) || (p0b0t29sunday)))) && (p0b0bed29occupied)) -> ((F (((((p0b0room29shades29open) <-> (p0p0bright0outside29brightness)) && ((p0b0room29light29on) <-> (! (p0p0bright0outside29brightness)))) U ((p0b0room29somebody2leaves) && (p0b0room29empty))) || (G (((p0b0room29shades29open) <-> (p0p0bright0outside29brightness)) && ((p0b0room29light29on) <-> (! (p0p0bright0outside29brightness))))))) && (F ((p0b0bed29exit) || ((p0b0t29am7) && (F (((p0b0alarm) U (p0b0bed29exit)) || (G (p0b0alarm))))))))))))","total_time":78,"automaton":{"is_built":true,"build_duration":0,"total_states":1,"state_based_status":"true","prune_automaton_duration":0,"pruned_state_based_status":"true","prune_total_states":1,"total_edges":1},"dependency":{"dependency_approach":"automaton","tested_dependencies":[{"name":"u0alarm29control0alarm29control","duration":0,"is_dependent":true,"tested_dependency_set":["p0p0bright0outside29brightness","p0b0t29am7","p0b0bed29exit","p0b0room29empty","p0b0room29somebody2leaves","p0b0room29light29on","p0b0room29shades29open","p0b0bed29occupied","p0b0t29sunday","p0b0t29saturday","p0b0t29am6323","p0b0alarm","u0alarm29control0f1dturn2off1b","u0alarm29control0f1dturn2on1b"]},{"name":"u0alarm29control0f1dturn2on1b","duration":0,"is_dependent":false,"tested_dependency_set":["p0p0bright0outside29brightness","p0b0t29am7","p0b0bed29exit","p0b0room29empty","p0b0room29somebody2leaves","p0b0room29light29on","p0b0room29shades29open","p0b0bed29occupied","p0b0t29sunday","p0b0t29saturday","p0b0t29am6323","p0b0alarm","u0alarm29control0f1dturn2off1b"]},{"name":"u0alarm29control0f1dturn2off1b","duration":0,"is_dependent":false,"tested_dependency_set":["p0p0bright0outside29brightness","p0b0t29am7","p0b0bed29exit","p0b0room29empty","p0b0room29somebody2leaves","p0b0room29light29on","p0b0room29shades29open","p0b0bed29occupied","p0b0t29sunday","p0b0t29saturday","p0b0t29am6323","p0b0alarm","u0alarm29control0f1dturn2on1b"]}],"total_duration":0,"is_completed":true,"skipped_dependencies":false,"total_pair_state":1,"search_pair_state_duration":0},"unate":{"skipped_unate":true},"synthesis":{"remove_dependent_ap_duration":0,"clone_nba_with_dep":0,"synthesis_dependents_duration":0,"model_checking_status":"UNKNOWN","merge_strategies_duration":72,"final_strategy":{"duration":0,"total_inputs":14,"total_outputs":1,"total_latches":1,"total_gates":4},"independent_strategy":{"duration":4,"realizability":"REALIZABLE","total_inputs":12,"total_outputs":2,"total_latches":0,"total_gates":0},"dependent_strategy":{"duration":0,"total_inputs":14,"total_outputs":1,"total_latches":1,"total_gates":4}}}
