Hierarchy reader flattened 2 instances of logic boxes and left 0 black boxes.
aag 129 4 16 4 109
2
4
6
8
10 123
12 139
14 1
16 152
18 169
20 185
22 192
24 215
26 226
28 236
30 240
32 246
34 248
36 252
38 254
40 259
59
0
66
108
42 12 10
44 8 6
46 45 5
48 47 43
50 13 7
52 51 10
54 53 9
56 54 5
58 57 49
60 9 6
62 13 10
64 62 60
66 64 5
68 32 5
70 69 39
72 8 5
74 72 36
76 35 31
78 76 41
80 78 75
82 80 70
84 17 14
86 23 21
88 29 25
90 88 86
92 90 84
94 36 9
96 95 27
98 97 5
100 99 19
102 100 92
104 102 82
106 67 58
108 106 105
110 50 8
112 111 65
114 113 5
116 9 7
118 116 4
120 118 13
122 121 115
124 43 8
126 124 51
128 127 55
130 129 5
132 116 13
134 43 4
136 134 133
138 137 131
140 66 59
142 60 5
144 72 7
146 145 119
148 146 143
150 149 85
152 150 141
154 141 9
156 154 40
158 71 7
160 148 85
162 161 100
164 163 141
166 165 159
168 166 157
170 149 58
172 67 59
174 172 147
176 175 171
178 177 85
180 31 21
182 181 7
184 183 179
186 35 23
188 187 9
190 189 151
192 191 141
194 154 28
196 7 2
198 197 117
200 198 46
202 201 119
204 203 85
206 8 2
208 207 24
210 209 205
212 211 141
214 213 195
216 85 5
218 217 186
220 62 5
222 221 60
224 222 219
226 224 59
228 216 7
230 229 25
232 231 2
234 233 29
236 235 8
238 58 6
240 238 181
242 181 44
244 242 66
246 244 58
248 187 8
250 187 44
252 250 172
254 238 71
256 40 8
258 257 75
i0 p0b0cm29finished
i1 p0b0cm29busy
i2 p0b0cm29standby
i3 p0b0cm29ready
o0 u0cm29ctrl0f1dturn2on1b
o1 u0cm29ctrl0f1dmake2coffee1b
o2 u0cm29ctrl0f1dturn2off1b
o3 u0cm29ctrl0cm29ctrl
{"is_completed":true,"output_vars":["u0cm29ctrl0f1dturn2off1b","u0cm29ctrl0f1dmake2coffee1b","u0cm29ctrl0f1dturn2on1b","u0cm29ctrl0cm29ctrl"],"input_vars":["p0b0cm29finished","p0b0cm29busy","p0b0cm29standby","p0b0cm29ready"],"formula":"((G (! (((! (((u0cm29ctrl0f1dmake2coffee1b) && (! (u0cm29ctrl0cm29ctrl))) <-> ((u0cm29ctrl0cm29ctrl) && (! (u0cm29ctrl0f1dmake2coffee1b))))) && (! ((u0cm29ctrl0f1dturn2off1b) || (u0cm29ctrl0f1dturn2on1b)))) <-> ((! (((u0cm29ctrl0f1dturn2off1b) && (! (u0cm29ctrl0f1dturn2on1b))) <-> ((u0cm29ctrl0f1dturn2on1b) && (! (u0cm29ctrl0f1dturn2off1b))))) && (! ((u0cm29ctrl0f1dmake2coffee1b) || (u0cm29ctrl0cm29ctrl))))))) && ((((((((G (((p0b0cm29ready) || (p0b0cm29standby)) || (p0b0cm29busy))) && (G ((p0b0cm29ready) -> ((! (p0b0cm29standby)) && (! (p0b0cm29busy)))))) && (G ((p0b0cm29standby) -> ((! (p0b0cm29busy)) && (! (p0b0cm29ready)))))) && (G ((p0b0cm29busy) -> ((! (p0b0cm29ready)) && (! (p0b0cm29standby)))))) && (G ((((u0cm29ctrl0f1dturn2on1b) && (p0b0cm29standby)) -> (X (p0b0cm29busy))) U (((u0cm29ctrl0f1dmake2coffee1b) || (u0cm29ctrl0f1dturn2off1b)) R (p0b0cm29ready))))) && (G ((((u0cm29ctrl0f1dturn2off1b) && (p0b0cm29ready)) -> (X (p0b0cm29busy))) U ((u0cm29ctrl0f1dturn2on1b) R (p0b0cm29standby))))) && (G ((((u0cm29ctrl0f1dmake2coffee1b) && (p0b0cm29ready)) -> (X (p0b0cm29busy))) U ((p0b0cm29finished) && (((u0cm29ctrl0f1dmake2coffee1b) || (u0cm29ctrl0f1dturn2off1b)) R (p0b0cm29ready)))))) -> (false)))","total_time":112,"automaton":{"is_built":true,"build_duration":3,"total_states":13,"state_based_status":"true","prune_automaton_duration":0,"pruned_state_based_status":"true","prune_total_states":13,"total_edges":38},"dependency":{"dependency_approach":"automaton","tested_dependencies":[{"name":"u0cm29ctrl0cm29ctrl","duration":0,"is_dependent":true,"tested_dependency_set":["p0b0cm29finished","p0b0cm29busy","p0b0cm29standby","p0b0cm29ready","u0cm29ctrl0f1dturn2off1b","u0cm29ctrl0f1dmake2coffee1b","u0cm29ctrl0f1dturn2on1b"]},{"name":"u0cm29ctrl0f1dturn2on1b","duration":0,"is_dependent":false,"tested_dependency_set":["p0b0cm29finished","p0b0cm29busy","p0b0cm29standby","p0b0cm29ready","u0cm29ctrl0f1dturn2off1b","u0cm29ctrl0f1dmake2coffee1b"]},{"name":"u0cm29ctrl0f1dmake2coffee1b","duration":0,"is_dependent":false,"tested_dependency_set":["p0b0cm29finished","p0b0cm29busy","p0b0cm29standby","p0b0cm29ready","u0cm29ctrl0f1dturn2off1b","u0cm29ctrl0f1dturn2on1b"]},{"name":"u0cm29ctrl0f1dturn2off1b","duration":0,"is_dependent":false,"tested_dependency_set":["p0b0cm29finished","p0b0cm29busy","p0b0cm29standby","p0b0cm29ready","u0cm29ctrl0f1dturn2on1b","u0cm29ctrl0f1dmake2coffee1b"]}],"total_duration":1,"is_completed":true,"skipped_dependencies":false,"total_pair_state":65,"search_pair_state_duration":0},"unate":{"skipped_unate":true},"synthesis":{"remove_dependent_ap_duration":0,"clone_nba_with_dep":0,"synthesis_dependents_duration":0,"model_checking_status":"UNKNOWN","merge_strategies_duration":99,"final_strategy":{"duration":0,"total_inputs":7,"total_outputs":1,"total_latches":13,"total_gates":309},"independent_strategy":{"duration":6,"realizability":"REALIZABLE","total_inputs":4,"total_outputs":3,"total_latches":2,"total_gates":33},"dependent_strategy":{"duration":0,"total_inputs":7,"total_outputs":1,"total_latches":13,"total_gates":309}}}
