Hierarchy reader flattened 2 instances of logic boxes and left 0 black boxes.
aag 14 11 2 6 1
2
4
6
8
10
12
14
16
18
20
22
24 1
26 29
1
0
1
0
0
0
28 27 24
i0 p0p0between0t29pm70t29pm8
i1 p0p0bright0outside29brightness
i2 p0b0bed29exit
i3 p0b0bed29enter
i4 p0b0alarm
i5 p0b0room29shades29closed
i6 p0b0room29shades29open
i7 p0b0room29somebody2leaves
i8 p0b0room29somebody2enters
i9 p0b0switch29toggled
i10 p0b0room29empty
o0 u0room29shades29ctrl0f1dmove2to0f1dpercent2423231b1b
o1 u0room29shades29ctrl0f1dmove2to0f1dpercent231b1b
o2 u0alarm29control0f1dturn2on1b
o3 u0alarm29control0f1dturn2off1b
o4 u0room29shades29ctrl0room29shades29ctrl
o5 u0alarm29control0alarm29control
{"is_completed":true,"output_vars":["u0alarm29control0f1dturn2off1b","u0alarm29control0f1dturn2on1b","u0alarm29control0alarm29control","u0room29shades29ctrl0f1dmove2to0f1dpercent231b1b","u0room29shades29ctrl0f1dmove2to0f1dpercent2423231b1b","u0room29shades29ctrl0room29shades29ctrl"],"input_vars":["p0p0between0t29pm70t29pm8","p0p0bright0outside29brightness","p0b0bed29exit","p0b0bed29enter","p0b0alarm","p0b0room29shades29closed","p0b0room29shades29open","p0b0room29somebody2leaves","p0b0room29somebody2enters","p0b0switch29toggled","p0b0room29empty"],"formula":"((G ((! (((u0room29shades29ctrl0f1dmove2to0f1dpercent2423231b1b) && (! ((u0room29shades29ctrl0f1dmove2to0f1dpercent231b1b) || (u0room29shades29ctrl0room29shades29ctrl)))) <-> ((! (((u0room29shades29ctrl0f1dmove2to0f1dpercent231b1b) && (! (u0room29shades29ctrl0room29shades29ctrl))) <-> ((u0room29shades29ctrl0room29shades29ctrl) && (! (u0room29shades29ctrl0f1dmove2to0f1dpercent231b1b))))) && (! (u0room29shades29ctrl0f1dmove2to0f1dpercent2423231b1b))))) && (! (((u0alarm29control0f1dturn2on1b) && (! ((u0alarm29control0f1dturn2off1b) || (u0alarm29control0alarm29control)))) <-> ((! (((u0alarm29control0f1dturn2off1b) && (! (u0alarm29control0alarm29control))) <-> ((u0alarm29control0alarm29control) && (! (u0alarm29control0f1dturn2off1b))))) && (! (u0alarm29control0f1dturn2on1b))))))) && (((((((((((G ((p0b0room29empty) -> (! (p0b0switch29toggled)))) && (G ((p0b0room29somebody2enters) -> (((! (p0b0room29empty)) U (p0b0room29somebody2leaves)) || (G (! (p0b0room29empty))))))) && (G (((p0b0room29somebody2leaves) && (p0b0room29empty)) -> (((p0b0room29empty) U (p0b0room29somebody2enters)) || (G (p0b0room29empty)))))) && (G (! ((p0b0room29shades29open) && (p0b0room29shades29closed))))) && (G ((u0room29shades29ctrl0f1dmove2to0f1dpercent2423231b1b) -> (F (((! (u0room29shades29ctrl0f1dmove2to0f1dpercent2423231b1b)) && (! (u0room29shades29ctrl0room29shades29ctrl))) R (p0b0room29shades29open)))))) && (G ((u0room29shades29ctrl0f1dmove2to0f1dpercent231b1b) -> (F (((! (u0room29shades29ctrl0f1dmove2to0f1dpercent231b1b)) && (! (u0room29shades29ctrl0room29shades29ctrl))) R (p0b0room29shades29closed)))))) && (G (F (p0p0between0t29pm70t29pm8)))) && (G (F (! (p0p0between0t29pm70t29pm8))))) && (G (((u0alarm29control0f1dturn2on1b) -> (u0alarm29control0f1dturn2off1b)) R (p0b0alarm)))) && (G (((u0alarm29control0f1dturn2off1b) -> (u0alarm29control0f1dturn2on1b)) R (! (p0b0alarm))))) -> (G ((p0b0bed29enter) -> (F ((((p0p0between0t29pm70t29pm8) -> (p0b0room29shades29closed)) U ((p0b0alarm) && (F ((((! (p0p0bright0outside29brightness)) -> (p0b0room29shades29closed)) U (p0b0bed29exit)) || (G ((! (p0p0bright0outside29brightness)) -> (p0b0room29shades29closed))))))) || (G ((p0p0between0t29pm70t29pm8) -> (p0b0room29shades29closed)))))))))","total_time":80,"automaton":{"is_built":true,"build_duration":1,"total_states":1,"state_based_status":"true","prune_automaton_duration":0,"pruned_state_based_status":"true","prune_total_states":1,"total_edges":1},"dependency":{"dependency_approach":"automaton","tested_dependencies":[{"name":"u0room29shades29ctrl0room29shades29ctrl","duration":0,"is_dependent":true,"tested_dependency_set":["p0p0between0t29pm70t29pm8","p0p0bright0outside29brightness","p0b0bed29exit","p0b0bed29enter","p0b0alarm","p0b0room29shades29closed","p0b0room29shades29open","p0b0room29somebody2leaves","p0b0room29somebody2enters","p0b0switch29toggled","p0b0room29empty","u0alarm29control0f1dturn2off1b","u0alarm29control0f1dturn2on1b","u0alarm29control0alarm29control","u0room29shades29ctrl0f1dmove2to0f1dpercent231b1b","u0room29shades29ctrl0f1dmove2to0f1dpercent2423231b1b"]},{"name":"u0room29shades29ctrl0f1dmove2to0f1dpercent2423231b1b","duration":0,"is_dependent":false,"tested_dependency_set":["p0p0between0t29pm70t29pm8","p0p0bright0outside29brightness","p0b0bed29exit","p0b0bed29enter","p0b0alarm","p0b0room29shades29closed","p0b0room29shades29open","p0b0room29somebody2leaves","p0b0room29somebody2enters","p0b0switch29toggled","p0b0room29empty","u0alarm29control0f1dturn2off1b","u0alarm29control0f1dturn2on1b","u0alarm29control0alarm29control","u0room29shades29ctrl0f1dmove2to0f1dpercent231b1b"]},{"name":"u0room29shades29ctrl0f1dmove2to0f1dpercent231b1b","duration":0,"is_dependent":false,"tested_dependency_set":["p0p0between0t29pm70t29pm8","p0p0bright0outside29brightness","p0b0bed29exit","p0b0bed29enter","p0b0alarm","p0b0room29shades29closed","p0b0room29shades29open","p0b0room29somebody2leaves","p0b0room29somebody2enters","p0b0switch29toggled","p0b0room29empty","u0alarm29control0f1dturn2off1b","u0alarm29control0f1dturn2on1b","u0alarm29control0alarm29control","u0room29shades29ctrl0f1dmove2to0f1dpercent2423231b1b"]},{"name":"u0alarm29control0alarm29control","duration":0,"is_dependent":true,"tested_dependency_set":["p0p0between0t29pm70t29pm8","p0p0bright0outside29brightness","p0b0bed29exit","p0b0bed29enter","p0b0alarm","p0b0room29shades29closed","p0b0room29shades29open","p0b0room29somebody2leaves","p0b0room29somebody2enters","p0b0switch29toggled","p0b0room29empty","u0alarm29control0f1dturn2off1b","u0alarm29control0f1dturn2on1b","u0room29shades29ctrl0f1dmove2to0f1dpercent2423231b1b","u0room29shades29ctrl0f1dmove2to0f1dpercent231b1b"]},{"name":"u0alarm29control0f1dturn2on1b","duration":0,"is_dependent":false,"tested_dependency_set":["p0p0between0t29pm70t29pm8","p0p0bright0outside29brightness","p0b0bed29exit","p0b0bed29enter","p0b0alarm","p0b0room29shades29closed","p0b0room29shades29open","p0b0room29somebody2leaves","p0b0room29somebody2enters","p0b0switch29toggled","p0b0room29empty","u0alarm29control0f1dturn2off1b","u0room29shades29ctrl0f1dmove2to0f1dpercent2423231b1b","u0room29shades29ctrl0f1dmove2to0f1dpercent231b1b"]},{"name":"u0alarm29control0f1dturn2off1b","duration":0,"is_dependent":false,"tested_dependency_set":["p0p0between0t29pm70t29pm8","p0p0bright0outside29brightness","p0b0bed29exit","p0b0bed29enter","p0b0alarm","p0b0room29shades29closed","p0b0room29shades29open","p0b0room29somebody2leaves","p0b0room29somebody2enters","p0b0switch29toggled","p0b0room29empty","u0room29shades29ctrl0f1dmove2to0f1dpercent2423231b1b","u0room29shades29ctrl0f1dmove2to0f1dpercent231b1b","u0alarm29control0f1dturn2on1b"]}],"total_duration":1,"is_completed":true,"skipped_dependencies":false,"total_pair_state":1,"search_pair_state_duration":0},"unate":{"skipped_unate":true},"synthesis":{"remove_dependent_ap_duration":0,"clone_nba_with_dep":0,"synthesis_dependents_duration":0,"model_checking_status":"UNKNOWN","merge_strategies_duration":73,"final_strategy":{"duration":0,"total_inputs":15,"total_outputs":2,"total_latches":1,"total_gates":16},"independent_strategy":{"duration":3,"realizability":"REALIZABLE","total_inputs":11,"total_outputs":4,"total_latches":0,"total_gates":0},"dependent_strategy":{"duration":0,"total_inputs":15,"total_outputs":2,"total_latches":1,"total_gates":16}}}
