Hierarchy reader flattened 2 instances of logic boxes and left 0 black boxes.
aag 70 5 11 4 54
2
4
6
8
10
12 97
14 103
16 1
18 0
20 105
22 118
24 124
26 137
28 138
30 140
32 62
52
56
42
94
34 13 9
36 7 5
38 36 14
40 38 34
42 40 11
44 15 12
46 44 8
48 45 10
50 49 47
52 50 43
54 35 10
56 54 38
58 33 27
60 59 8
62 60 57
64 36 8
66 64 30
68 19 16
70 68 29
72 25 23
74 72 21
76 74 70
78 59 9
80 37 30
82 81 79
84 82 76
86 84 67
88 86 63
90 57 43
92 90 53
94 92 89
96 48 39
98 6 2
100 98 48
102 101 41
104 68 21
106 98 10
108 29 25
110 108 31
112 111 37
114 68 23
116 114 113
118 117 107
120 72 31
122 120 70
124 123 106
126 56 53
128 57 52
130 129 127
132 105 43
134 132 131
136 135 79
138 109 36
140 111 64
i0 p0p0bright0outside29brightness
i1 p0b0room29empty
i2 p0b0switch29toggled
i3 p0b0room29light29on
i4 p0b0room29light29off
o0 u0room29light0f1dturn2on1b
o1 u0room29light0f1dtoggle1b
o2 u0room29light0f1dturn2off1b
o3 u0room29light0room29light
{"is_completed":true,"output_vars":["u0room29light0f1dturn2off1b","u0room29light0f1dtoggle1b","u0room29light0f1dturn2on1b","u0room29light0room29light"],"input_vars":["p0p0bright0outside29brightness","p0b0room29empty","p0b0switch29toggled","p0b0room29light29on","p0b0room29light29off"],"formula":"((G (! (((! (((u0room29light0f1dtoggle1b) && (! (u0room29light0room29light))) <-> ((u0room29light0room29light) && (! (u0room29light0f1dtoggle1b))))) && (! ((u0room29light0f1dturn2off1b) || (u0room29light0f1dturn2on1b)))) <-> ((! (((u0room29light0f1dturn2off1b) && (! (u0room29light0f1dturn2on1b))) <-> ((u0room29light0f1dturn2on1b) && (! (u0room29light0f1dturn2off1b))))) && (! ((u0room29light0f1dtoggle1b) || (u0room29light0room29light))))))) && ((G (((u0room29light0f1dturn2on1b) || ((u0room29light0f1dtoggle1b) && (p0b0room29light29off))) -> (X (F (((u0room29light0f1dturn2off1b) || (u0room29light0f1dtoggle1b)) R (p0b0room29light29on)))))) -> (G ((p0p0bright0outside29brightness) -> (((p0b0switch29toggled) && (p0b0room29light29off)) -> (X (F (((p0b0room29light29on) U ((p0b0switch29toggled) || (p0b0room29empty))) || (G (p0b0room29light29on))))))))))","total_time":99,"automaton":{"is_built":true,"build_duration":4,"total_states":8,"state_based_status":"true","prune_automaton_duration":0,"pruned_state_based_status":"true","prune_total_states":8,"total_edges":23},"dependency":{"dependency_approach":"automaton","tested_dependencies":[{"name":"u0room29light0room29light","duration":0,"is_dependent":true,"tested_dependency_set":["p0p0bright0outside29brightness","p0b0room29empty","p0b0switch29toggled","p0b0room29light29on","p0b0room29light29off","u0room29light0f1dturn2off1b","u0room29light0f1dtoggle1b","u0room29light0f1dturn2on1b"]},{"name":"u0room29light0f1dturn2on1b","duration":0,"is_dependent":false,"tested_dependency_set":["p0p0bright0outside29brightness","p0b0room29empty","p0b0switch29toggled","p0b0room29light29on","p0b0room29light29off","u0room29light0f1dturn2off1b","u0room29light0f1dtoggle1b"]},{"name":"u0room29light0f1dtoggle1b","duration":0,"is_dependent":false,"tested_dependency_set":["p0p0bright0outside29brightness","p0b0room29empty","p0b0switch29toggled","p0b0room29light29on","p0b0room29light29off","u0room29light0f1dturn2off1b","u0room29light0f1dturn2on1b"]},{"name":"u0room29light0f1dturn2off1b","duration":0,"is_dependent":false,"tested_dependency_set":["p0p0bright0outside29brightness","p0b0room29empty","p0b0switch29toggled","p0b0room29light29on","p0b0room29light29off","u0room29light0f1dturn2on1b","u0room29light0f1dtoggle1b"]}],"total_duration":0,"is_completed":true,"skipped_dependencies":false,"total_pair_state":24,"search_pair_state_duration":0},"unate":{"skipped_unate":true},"synthesis":{"remove_dependent_ap_duration":0,"clone_nba_with_dep":0,"synthesis_dependents_duration":0,"model_checking_status":"UNKNOWN","merge_strategies_duration":89,"final_strategy":{"duration":0,"total_inputs":8,"total_outputs":1,"total_latches":8,"total_gates":160},"independent_strategy":{"duration":4,"realizability":"REALIZABLE","total_inputs":5,"total_outputs":3,"total_latches":2,"total_gates":41},"dependent_strategy":{"duration":0,"total_inputs":8,"total_outputs":1,"total_latches":8,"total_gates":160}}}
