Hierarchy reader flattened 2 instances of logic boxes and left 0 black boxes.
aag 39 2 9 3 28
2
4
6 54
8 57
10 1
12 0
14 63
16 70
18 65
20 77
22 78
26
30
48
24 9 6
26 24 5
28 8 7
30 28 5
32 29 25
34 33 5
36 13 10
38 36 15
40 23 17
42 21 19
44 42 40
46 44 38
48 47 35
50 5 2
52 9 7
54 52 50
56 29 27
58 20 4
60 51 39
62 61 59
64 36 19
66 65 24
68 67 40
70 69 5
72 20 5
74 50 39
76 75 73
78 41 4
i0 p0p0gt0outside29temperature0room29temperature
i1 p0b0room29heating29off
o0 u0room29heating29ctrl0f1dturn2off1b
o1 u0room29heating29ctrl0f1dturn2on1b
o2 u0room29heating29ctrl0room29heating29ctrl
{"is_completed":true,"output_vars":["u0room29heating29ctrl0f1dturn2on1b","u0room29heating29ctrl0f1dturn2off1b","u0room29heating29ctrl0room29heating29ctrl"],"input_vars":["p0p0gt0outside29temperature0room29temperature","p0b0room29heating29off"],"formula":"((G (! (((u0room29heating29ctrl0f1dturn2off1b) && (! ((u0room29heating29ctrl0f1dturn2on1b) || (u0room29heating29ctrl0room29heating29ctrl)))) <-> ((! (((u0room29heating29ctrl0f1dturn2on1b) && (! (u0room29heating29ctrl0room29heating29ctrl))) <-> ((u0room29heating29ctrl0room29heating29ctrl) && (! (u0room29heating29ctrl0f1dturn2on1b))))) && (! (u0room29heating29ctrl0f1dturn2off1b)))))) && ((G ((u0room29heating29ctrl0f1dturn2off1b) -> (F ((u0room29heating29ctrl0f1dturn2on1b) R (p0b0room29heating29off))))) -> (G ((p0p0gt0outside29temperature0room29temperature) -> (F (p0b0room29heating29off))))))","total_time":83,"automaton":{"is_built":true,"build_duration":1,"total_states":6,"state_based_status":"true","prune_automaton_duration":0,"pruned_state_based_status":"true","prune_total_states":6,"total_edges":14},"dependency":{"dependency_approach":"automaton","tested_dependencies":[{"name":"u0room29heating29ctrl0room29heating29ctrl","duration":0,"is_dependent":true,"tested_dependency_set":["p0p0gt0outside29temperature0room29temperature","p0b0room29heating29off","u0room29heating29ctrl0f1dturn2on1b","u0room29heating29ctrl0f1dturn2off1b"]},{"name":"u0room29heating29ctrl0f1dturn2off1b","duration":0,"is_dependent":false,"tested_dependency_set":["p0p0gt0outside29temperature0room29temperature","p0b0room29heating29off","u0room29heating29ctrl0f1dturn2on1b"]},{"name":"u0room29heating29ctrl0f1dturn2on1b","duration":0,"is_dependent":false,"tested_dependency_set":["p0p0gt0outside29temperature0room29temperature","p0b0room29heating29off","u0room29heating29ctrl0f1dturn2off1b"]}],"total_duration":0,"is_completed":true,"skipped_dependencies":false,"total_pair_state":14,"search_pair_state_duration":0},"unate":{"skipped_unate":true},"synthesis":{"remove_dependent_ap_duration":0,"clone_nba_with_dep":0,"synthesis_dependents_duration":0,"model_checking_status":"UNKNOWN","merge_strategies_duration":78,"final_strategy":{"duration":0,"total_inputs":4,"total_outputs":1,"total_latches":6,"total_gates":73},"independent_strategy":{"duration":2,"realizability":"REALIZABLE","total_inputs":2,"total_outputs":2,"total_latches":2,"total_gates":11},"dependent_strategy":{"duration":0,"total_inputs":4,"total_outputs":1,"total_latches":6,"total_gates":73}}}
