Hierarchy reader flattened 2 instances of logic boxes and left 0 black boxes.
aag 245 9 19 4 217
2
4
6
8
10
12
14
16
18
20 353
22 1
24 0
26 377
28 399
30 409
32 410
34 417
36 425
38 429
40 437
42 441
44 453
46 456
48 471
50 475
52 476
54 482
56 490
75
78
0
347
58 17 15
60 58 11
62 6 5
64 63 10
66 9 3
68 66 58
70 68 64
72 71 61
74 73 18
76 21 18
78 76 73
80 17 14
82 16 15
84 83 81
86 85 66
88 86 64
90 88 19
92 19 11
94 92 85
96 95 75
98 96 91
100 98 79
102 100 32
104 79 11
106 60 18
108 104 75
110 109 107
112 111 30
114 112 104
116 115 103
118 117 74
120 79 74
122 78 75
124 11 7
126 125 65
128 126 28
130 128 123
132 130 18
134 10 5
136 134 30
138 136 123
140 25 22
142 140 33
144 142 139
146 144 133
148 147 120
150 10 7
152 150 38
154 152 123
156 141 6
158 156 106
160 158 123
162 124 38
164 18 12
166 40 15
168 166 165
170 169 27
172 170 163
174 172 29
176 174 161
178 176 155
180 179 120
182 107 95
184 183 6
186 184 123
188 186 141
190 86 7
192 191 19
194 68 7
196 195 18
198 141 10
200 198 197
202 200 193
204 202 123
206 205 189
208 207 120
210 209 181
212 210 149
214 18 14
216 40 12
218 216 214
220 18 15
222 220 79
224 222 44
226 225 219
228 227 74
230 43 37
232 10 4
234 233 18
236 234 231
238 236 123
240 238 120
242 66 63
244 243 10
246 56 16
248 247 49
250 20 18
252 250 58
254 252 249
256 254 245
258 51 45
260 258 53
262 261 214
264 262 74
266 265 257
268 266 241
270 268 229
272 232 32
274 272 197
276 274 193
278 276 123
280 232 42
282 281 37
284 282 279
286 285 120
288 222 52
290 19 14
292 290 52
294 19 17
296 294 34
298 297 293
300 298 289
302 301 74
304 303 287
306 304 270
308 222 216
310 308 74
312 56 17
314 312 123
316 314 120
318 40 14
320 318 165
322 320 123
324 322 120
326 325 317
328 326 311
330 50 15
332 331 55
334 332 47
336 250 73
338 336 335
340 339 328
342 340 306
344 342 212
346 344 119
348 245 80
350 21 19
352 350 348
354 143 100
356 261 15
358 357 49
360 359 19
362 55 47
364 363 17
366 364 15
368 367 137
370 368 172
372 370 361
374 372 315
376 374 355
378 66 64
380 379 125
382 59 18
384 84 19
386 385 383
388 386 381
390 388 141
392 232 231
394 127 28
396 395 393
398 396 391
400 186 32
402 183 141
404 402 123
406 405 401
408 406 113
410 143 99
412 141 19
414 412 348
416 415 297
418 233 36
420 418 123
422 421 131
424 422 189
426 279 155
428 426 205
430 290 50
432 143 78
434 433 431
436 434 323
438 239 161
440 438 133
442 82 19
444 442 143
446 444 245
448 53 45
450 449 290
452 451 447
454 363 80
456 454 123
458 48 18
460 458 79
462 461 225
464 222 50
466 465 289
468 466 309
470 468 462
472 214 50
474 473 219
476 449 214
478 16 14
480 478 363
482 480 74
484 363 15
486 485 57
488 487 16
490 488 74
i0 p0b02room29bed29occupied
i1 p0b02room29somebody2leaves
i2 p0b02room29somebody2enters
i3 p0b02room29switch29toggled
i4 p0b02room29empty
i5 p0b02c2m29finished
i6 p0b02c2m29busy
i7 p0b02c2m29standby
i8 p0b02c2m29ready
o0 u02c2m29ctrl0f1d2c2m29turn2on1b
o1 u02c2m29ctrl0f1d2c2m29make2coffee1b
o2 u02c2m29ctrl0f1d2c2m29turn2off1b
o3 u02c2m29ctrl02c2m29ctrl
{"is_completed":true,"output_vars":["u02c2m29ctrl0f1d2c2m29turn2off1b","u02c2m29ctrl0f1d2c2m29make2coffee1b","u02c2m29ctrl0f1d2c2m29turn2on1b","u02c2m29ctrl02c2m29ctrl"],"input_vars":["p0b02room29bed29occupied","p0b02room29somebody2leaves","p0b02room29somebody2enters","p0b02room29switch29toggled","p0b02room29empty","p0b02c2m29finished","p0b02c2m29busy","p0b02c2m29standby","p0b02c2m29ready"],"formula":"((G (! (((! (((u02c2m29ctrl0f1d2c2m29make2coffee1b) && (! (u02c2m29ctrl02c2m29ctrl))) <-> ((u02c2m29ctrl02c2m29ctrl) && (! (u02c2m29ctrl0f1d2c2m29make2coffee1b))))) && (! ((u02c2m29ctrl0f1d2c2m29turn2off1b) || (u02c2m29ctrl0f1d2c2m29turn2on1b)))) <-> ((! (((u02c2m29ctrl0f1d2c2m29turn2off1b) && (! (u02c2m29ctrl0f1d2c2m29turn2on1b))) <-> ((u02c2m29ctrl0f1d2c2m29turn2on1b) && (! (u02c2m29ctrl0f1d2c2m29turn2off1b))))) && (! ((u02c2m29ctrl0f1d2c2m29make2coffee1b) || (u02c2m29ctrl02c2m29ctrl))))))) && ((((((((((((((G (((p0b02c2m29ready) || (p0b02c2m29standby)) || (p0b02c2m29busy))) && (G ((p0b02c2m29ready) -> ((! (p0b02c2m29standby)) && (! (p0b02c2m29busy)))))) && (G ((p0b02c2m29standby) -> ((! (p0b02c2m29busy)) && (! (p0b02c2m29ready)))))) && (G ((p0b02c2m29busy) -> ((! (p0b02c2m29ready)) && (! (p0b02c2m29standby)))))) && (G (((u02c2m29ctrl0f1d2c2m29turn2on1b) && (p0b02c2m29standby)) -> (X ((p0b02c2m29busy) U (((u02c2m29ctrl0f1d2c2m29make2coffee1b) || (u02c2m29ctrl0f1d2c2m29turn2off1b)) R (p0b02c2m29ready))))))) && (G (((u02c2m29ctrl0f1d2c2m29turn2off1b) && (p0b02c2m29ready)) -> (X ((p0b02c2m29busy) U ((u02c2m29ctrl0f1d2c2m29turn2on1b) R (p0b02c2m29standby))))))) && (G (((u02c2m29ctrl0f1d2c2m29make2coffee1b) && (p0b02c2m29ready)) -> (X ((p0b02c2m29busy) U ((p0b02c2m29finished) && (((u02c2m29ctrl0f1d2c2m29make2coffee1b) || (u02c2m29ctrl0f1d2c2m29turn2off1b)) R (p0b02c2m29ready)))))))) && (F ((p0b02c2m29standby) || (p0b02c2m29ready)))) && (G ((p0b02room29empty) -> (! (p0b02room29switch29toggled))))) && (G ((p0b02room29somebody2enters) -> (((! (p0b02room29empty)) U ((p0b02room29somebody2leaves) && (p0b02room29empty))) || (G (! (p0b02room29empty))))))) && (G (((p0b02room29somebody2leaves) && (p0b02room29empty)) -> (((p0b02room29empty) U (p0b02room29somebody2enters)) || (G (p0b02room29empty)))))) && (G ((p0b02room29bed29occupied) -> (! (p0b02room29empty))))) && ((((! (p0b02room29empty)) U ((p0b02room29somebody2leaves) && (p0b02room29empty))) || (G (! (p0b02room29empty)))) || (((p0b02room29empty) U (p0b02room29somebody2enters)) || (G (p0b02room29empty))))) -> (G ((p0b02room29somebody2enters) -> (F (((p0b02c2m29ready) U ((p0b02room29somebody2leaves) && (p0b02room29empty))) || (G (p0b02c2m29ready))))))))","total_time":176,"automaton":{"is_built":true,"build_duration":10,"total_states":17,"state_based_status":"true","prune_automaton_duration":0,"pruned_state_based_status":"true","prune_total_states":17,"total_edges":60},"dependency":{"dependency_approach":"automaton","tested_dependencies":[{"name":"u02c2m29ctrl02c2m29ctrl","duration":2,"is_dependent":true,"tested_dependency_set":["p0b02room29bed29occupied","p0b02room29somebody2leaves","p0b02room29somebody2enters","p0b02room29switch29toggled","p0b02room29empty","p0b02c2m29finished","p0b02c2m29busy","p0b02c2m29standby","p0b02c2m29ready","u02c2m29ctrl0f1d2c2m29turn2off1b","u02c2m29ctrl0f1d2c2m29make2coffee1b","u02c2m29ctrl0f1d2c2m29turn2on1b"]},{"name":"u02c2m29ctrl0f1d2c2m29turn2on1b","duration":0,"is_dependent":false,"tested_dependency_set":["p0b02room29bed29occupied","p0b02room29somebody2leaves","p0b02room29somebody2enters","p0b02room29switch29toggled","p0b02room29empty","p0b02c2m29finished","p0b02c2m29busy","p0b02c2m29standby","p0b02c2m29ready","u02c2m29ctrl0f1d2c2m29turn2off1b","u02c2m29ctrl0f1d2c2m29make2coffee1b"]},{"name":"u02c2m29ctrl0f1d2c2m29make2coffee1b","duration":0,"is_dependent":false,"tested_dependency_set":["p0b02room29bed29occupied","p0b02room29somebody2leaves","p0b02room29somebody2enters","p0b02room29switch29toggled","p0b02room29empty","p0b02c2m29finished","p0b02c2m29busy","p0b02c2m29standby","p0b02c2m29ready","u02c2m29ctrl0f1d2c2m29turn2off1b","u02c2m29ctrl0f1d2c2m29turn2on1b"]},{"name":"u02c2m29ctrl0f1d2c2m29turn2off1b","duration":0,"is_dependent":false,"tested_dependency_set":["p0b02room29bed29occupied","p0b02room29somebody2leaves","p0b02room29somebody2enters","p0b02room29switch29toggled","p0b02room29empty","p0b02c2m29finished","p0b02c2m29busy","p0b02c2m29standby","p0b02c2m29ready","u02c2m29ctrl0f1d2c2m29turn2on1b","u02c2m29ctrl0f1d2c2m29make2coffee1b"]}],"total_duration":3,"is_completed":true,"skipped_dependencies":false,"total_pair_state":91,"search_pair_state_duration":0},"unate":{"skipped_unate":true},"synthesis":{"remove_dependent_ap_duration":0,"clone_nba_with_dep":0,"synthesis_dependents_duration":1,"model_checking_status":"UNKNOWN","merge_strategies_duration":136,"final_strategy":{"duration":1,"total_inputs":12,"total_outputs":1,"total_latches":17,"total_gates":668},"independent_strategy":{"duration":24,"realizability":"REALIZABLE","total_inputs":9,"total_outputs":3,"total_latches":1,"total_gates":36},"dependent_strategy":{"duration":1,"total_inputs":12,"total_outputs":1,"total_latches":17,"total_gates":668}}}
