Hierarchy reader flattened 2 instances of logic boxes and left 0 black boxes.
aag 74 4 10 5 60
2
4
6
8
10 121
12 122
14 1
16 0
18 129
20 67
22 137
24 141
26 147
28 148
55
0
6
105
114
30 4 2
32 31 13
34 12 10
36 35 30
38 37 9
40 38 33
42 31 8
44 13 11
46 13 7
48 47 35
50 48 45
52 50 42
54 53 41
56 18 9
58 31 6
60 17 14
62 60 23
64 63 58
66 60 21
68 18 8
70 69 29
72 70 66
74 72 65
76 75 53
78 77 57
80 79 41
82 61 58
84 83 23
86 58 9
88 87 85
90 61 59
92 31 9
94 93 26
96 95 25
98 96 91
100 98 89
102 101 54
104 103 81
106 29 19
108 106 23
110 108 66
112 110 96
114 113 7
116 10 8
118 117 6
120 118 32
122 47 37
124 67 55
126 107 9
128 127 125
130 63 59
132 27 25
134 133 30
136 135 131
138 31 24
140 139 65
142 64 8
144 133 42
146 145 143
148 107 8
i0 p0p0all2windows2closed0room
i1 p0b0room29window29closed
i2 p0b0room29window29opened
i3 p0b0room29heating29off
o0 u0room29heating29ctrl0f1dturn2off1b
o1 u0room29heating29ctrl0f1dturn2on1b
o2 u0music29ctrl0f1dplay0f1doverture1b1b
o3 u0room29heating29ctrl0room29heating29ctrl
o4 u0music29ctrl0music29ctrl
{"is_completed":true,"output_vars":["u0music29ctrl0f1dplay0f1doverture1b1b","u0music29ctrl0music29ctrl","u0room29heating29ctrl0f1dturn2on1b","u0room29heating29ctrl0f1dturn2off1b","u0room29heating29ctrl0room29heating29ctrl"],"input_vars":["p0p0all2windows2closed0room","p0b0room29window29closed","p0b0room29window29opened","p0b0room29heating29off"],"formula":"((G ((! (((u0room29heating29ctrl0f1dturn2off1b) && (! ((u0room29heating29ctrl0f1dturn2on1b) || (u0room29heating29ctrl0room29heating29ctrl)))) <-> ((! (((u0room29heating29ctrl0f1dturn2on1b) && (! (u0room29heating29ctrl0room29heating29ctrl))) <-> ((u0room29heating29ctrl0room29heating29ctrl) && (! (u0room29heating29ctrl0f1dturn2on1b))))) && (! (u0room29heating29ctrl0f1dturn2off1b))))) && (! (((u0music29ctrl0music29ctrl) && (! (u0music29ctrl0f1dplay0f1doverture1b1b))) <-> ((u0music29ctrl0f1dplay0f1doverture1b1b) && (! (u0music29ctrl0music29ctrl))))))) && ((G ((u0room29heating29ctrl0f1dturn2off1b) -> (F ((u0room29heating29ctrl0f1dturn2on1b) R (p0b0room29heating29off))))) -> (G ((p0b0room29window29opened) -> ((u0music29ctrl0f1dplay0f1doverture1b1b) && (F (((p0b0room29heating29off) U ((p0b0room29window29closed) && (p0p0all2windows2closed0room))) || (G (p0b0room29heating29off)))))))))","total_time":99,"automaton":{"is_built":true,"build_duration":3,"total_states":7,"state_based_status":"true","prune_automaton_duration":0,"pruned_state_based_status":"true","prune_total_states":7,"total_edges":19},"dependency":{"dependency_approach":"automaton","tested_dependencies":[{"name":"u0room29heating29ctrl0room29heating29ctrl","duration":0,"is_dependent":true,"tested_dependency_set":["p0p0all2windows2closed0room","p0b0room29window29closed","p0b0room29window29opened","p0b0room29heating29off","u0music29ctrl0f1dplay0f1doverture1b1b","u0music29ctrl0music29ctrl","u0room29heating29ctrl0f1dturn2on1b","u0room29heating29ctrl0f1dturn2off1b"]},{"name":"u0room29heating29ctrl0f1dturn2off1b","duration":0,"is_dependent":false,"tested_dependency_set":["p0p0all2windows2closed0room","p0b0room29window29closed","p0b0room29window29opened","p0b0room29heating29off","u0music29ctrl0f1dplay0f1doverture1b1b","u0music29ctrl0music29ctrl","u0room29heating29ctrl0f1dturn2on1b"]},{"name":"u0room29heating29ctrl0f1dturn2on1b","duration":0,"is_dependent":false,"tested_dependency_set":["p0p0all2windows2closed0room","p0b0room29window29closed","p0b0room29window29opened","p0b0room29heating29off","u0music29ctrl0f1dplay0f1doverture1b1b","u0music29ctrl0music29ctrl","u0room29heating29ctrl0f1dturn2off1b"]},{"name":"u0music29ctrl0music29ctrl","duration":0,"is_dependent":true,"tested_dependency_set":["p0p0all2windows2closed0room","p0b0room29window29closed","p0b0room29window29opened","p0b0room29heating29off","u0music29ctrl0f1dplay0f1doverture1b1b","u0room29heating29ctrl0f1dturn2off1b","u0room29heating29ctrl0f1dturn2on1b"]},{"name":"u0music29ctrl0f1dplay0f1doverture1b1b","duration":0,"is_dependent":false,"tested_dependency_set":["p0p0all2windows2closed0room","p0b0room29window29closed","p0b0room29window29opened","p0b0room29heating29off","u0room29heating29ctrl0f1dturn2off1b","u0room29heating29ctrl0f1dturn2on1b"]}],"total_duration":0,"is_completed":true,"skipped_dependencies":false,"total_pair_state":20,"search_pair_state_duration":0},"unate":{"skipped_unate":true},"synthesis":{"remove_dependent_ap_duration":0,"clone_nba_with_dep":0,"synthesis_dependents_duration":0,"model_checking_status":"UNKNOWN","merge_strategies_duration":90,"final_strategy":{"duration":0,"total_inputs":7,"total_outputs":2,"total_latches":7,"total_gates":177},"independent_strategy":{"duration":3,"realizability":"REALIZABLE","total_inputs":4,"total_outputs":3,"total_latches":2,"total_gates":42},"dependent_strategy":{"duration":0,"total_inputs":7,"total_outputs":2,"total_latches":7,"total_gates":177}}}
