Hierarchy reader flattened 2 instances of logic boxes and left 0 black boxes.
aag 32 2 7 4 23
2
4
6 1
8 0
10 53
12 56
14 58
16 63
18 64
5
20
37
46
20 5 2
22 9 6
24 22 15
26 24 11
28 27 4
30 19 17
32 4 3
34 32 31
36 35 29
38 29 2
40 12 5
42 41 30
44 42 26
46 45 39
48 4 2
50 48 25
52 51 11
54 24 13
56 55 5
58 49 25
60 49 23
62 61 35
64 31 5
i0 p0b0c
i1 p0b0a
o0 u0out0f1db1b
o1 u0out250f1dfun0p1db0a1b1b
o2 u0out0out
o3 u0out250out25
{"is_completed":true,"output_vars":["u0out250f1dfun0p1db0a1b1b","u0out250out25","u0out0f1db1b","u0out0out"],"input_vars":["p0b0c","p0b0a"],"formula":"((G ((! (((u0out0out) && (! (u0out0f1db1b))) <-> ((u0out0f1db1b) && (! (u0out0out))))) && (! (((u0out250out25) && (! (u0out250f1dfun0p1db0a1b1b))) <-> ((u0out250f1dfun0p1db0a1b1b) && (! (u0out250out25))))))) && (((G (F (p0b0a))) && (G (! ((p0b0a) && (p0b0c))))) -> ((G ((u0out0f1db1b) U (p0b0a))) && (G ((p0b0c) <-> (u0out250f1dfun0p1db0a1b1b))))))","total_time":95,"automaton":{"is_built":true,"build_duration":2,"total_states":6,"state_based_status":"true","prune_automaton_duration":0,"pruned_state_based_status":"true","prune_total_states":6,"total_edges":13},"dependency":{"dependency_approach":"automaton","tested_dependencies":[{"name":"u0out0out","duration":0,"is_dependent":true,"tested_dependency_set":["p0b0c","p0b0a","u0out250f1dfun0p1db0a1b1b","u0out250out25","u0out0f1db1b"]},{"name":"u0out0f1db1b","duration":0,"is_dependent":false,"tested_dependency_set":["p0b0c","p0b0a","u0out250f1dfun0p1db0a1b1b","u0out250out25"]},{"name":"u0out250out25","duration":0,"is_dependent":true,"tested_dependency_set":["p0b0c","p0b0a","u0out250f1dfun0p1db0a1b1b","u0out0f1db1b"]},{"name":"u0out250f1dfun0p1db0a1b1b","duration":0,"is_dependent":false,"tested_dependency_set":["p0b0c","p0b0a","u0out0f1db1b"]}],"total_duration":0,"is_completed":true,"skipped_dependencies":false,"total_pair_state":13,"search_pair_state_duration":0},"unate":{"skipped_unate":true},"synthesis":{"remove_dependent_ap_duration":0,"clone_nba_with_dep":0,"synthesis_dependents_duration":0,"model_checking_status":"UNKNOWN","merge_strategies_duration":89,"final_strategy":{"duration":0,"total_inputs":4,"total_outputs":2,"total_latches":6,"total_gates":100},"independent_strategy":{"duration":2,"realizability":"REALIZABLE","total_inputs":2,"total_outputs":2,"total_latches":0,"total_gates":1},"dependent_strategy":{"duration":0,"total_inputs":4,"total_outputs":2,"total_latches":6,"total_gates":100}}}
