Hierarchy reader flattened 2 instances of logic boxes and left 0 black boxes.
aag 85 1 11 8 73
2
4 153
6 154
8 1
10 0
12 57
14 159
16 160
18 162
20 164
22 168
24 171
28
32
34
7
38
97
118
149
26 4 2
28 27 7
30 7 4
32 30 2
34 6 5
36 6 4
38 37 3
40 39 3
42 32 28
44 43 35
46 44 41
48 46 18
50 43 24
52 11 8
54 43 12
56 55 52
58 56 51
60 16 3
62 4 3
64 23 15
66 65 63
68 67 61
70 68 58
72 70 49
74 73 6
76 41 29
78 41 33
80 79 77
82 81 53
84 78 20
86 85 83
88 76 33
90 88 87
92 34 18
94 93 91
96 94 75
98 61 25
100 20 2
102 22 2
104 103 101
106 104 98
108 52 13
110 19 15
112 111 2
114 113 108
116 114 106
118 117 36
120 59 39
122 42 35
124 123 18
126 31 20
128 127 64
130 128 125
132 131 2
134 111 34
136 135 21
138 137 32
140 36 16
142 140 3
144 143 139
146 144 133
148 146 121
150 30 3
152 151 35
154 63 7
156 139 103
158 156 83
160 109 28
162 111 46
164 137 78
166 139 23
168 167 38
170 61 51
i0 p0b0in24
o0 u0a0f1dval241b
o1 u0a0f1dval251b
o2 u0b0f1dval241b
o3 u0b0f1dval251b
o4 u0c0c
o5 u0a0a
o6 u0b0b
o7 u0c0val3
{"is_completed":true,"output_vars":["u0c0c","u0c0val3","u0b0f1dval251b","u0b0f1dval241b","u0b0b","u0a0f1dval251b","u0a0f1dval241b","u0a0a"],"input_vars":["p0b0in24"],"formula":"((G (((! (((u0a0f1dval241b) && (! ((u0a0f1dval251b) || (u0a0a)))) <-> ((! (((u0a0f1dval251b) && (! (u0a0a))) <-> ((u0a0a) && (! (u0a0f1dval251b))))) && (! (u0a0f1dval241b))))) && (! (((u0b0f1dval241b) && (! ((u0b0f1dval251b) || (u0b0b)))) <-> ((! (((u0b0f1dval251b) && (! (u0b0b))) <-> ((u0b0b) && (! (u0b0f1dval251b))))) && (! (u0b0f1dval241b)))))) && (! (((u0c0val3) && (! (u0c0c))) <-> ((u0c0c) && (! (u0c0val3))))))) && ((G (((u0a0f1dval241b) && (u0b0f1dval251b)) -> (X (p0b0in24)))) -> ((((G ((p0b0in24) <-> (u0c0val3))) && (G (F (u0c0val3)))) && (G (F (u0a0f1dval251b)))) && (G (F (u0b0f1dval241b))))))","total_time":103,"automaton":{"is_built":true,"build_duration":3,"total_states":8,"state_based_status":"true","prune_automaton_duration":0,"pruned_state_based_status":"true","prune_total_states":8,"total_edges":20},"dependency":{"dependency_approach":"automaton","tested_dependencies":[{"name":"u0a0a","duration":0,"is_dependent":true,"tested_dependency_set":["p0b0in24","u0c0c","u0c0val3","u0b0f1dval251b","u0b0f1dval241b","u0b0b","u0a0f1dval251b","u0a0f1dval241b"]},{"name":"u0a0f1dval241b","duration":0,"is_dependent":false,"tested_dependency_set":["p0b0in24","u0c0c","u0c0val3","u0b0f1dval251b","u0b0f1dval241b","u0b0b","u0a0f1dval251b"]},{"name":"u0a0f1dval251b","duration":0,"is_dependent":false,"tested_dependency_set":["p0b0in24","u0c0c","u0c0val3","u0b0f1dval251b","u0b0f1dval241b","u0b0b","u0a0f1dval241b"]},{"name":"u0b0b","duration":0,"is_dependent":true,"tested_dependency_set":["p0b0in24","u0c0c","u0c0val3","u0b0f1dval251b","u0b0f1dval241b","u0a0f1dval241b","u0a0f1dval251b"]},{"name":"u0b0f1dval241b","duration":0,"is_dependent":false,"tested_dependency_set":["p0b0in24","u0c0c","u0c0val3","u0b0f1dval251b","u0a0f1dval241b","u0a0f1dval251b"]},{"name":"u0b0f1dval251b","duration":0,"is_dependent":false,"tested_dependency_set":["p0b0in24","u0c0c","u0c0val3","u0a0f1dval241b","u0a0f1dval251b","u0b0f1dval241b"]},{"name":"u0c0val3","duration":0,"is_dependent":true,"tested_dependency_set":["p0b0in24","u0c0c","u0a0f1dval241b","u0a0f1dval251b","u0b0f1dval241b","u0b0f1dval251b"]},{"name":"u0c0c","duration":0,"is_dependent":false,"tested_dependency_set":["p0b0in24","u0a0f1dval241b","u0a0f1dval251b","u0b0f1dval241b","u0b0f1dval251b"]}],"total_duration":1,"is_completed":true,"skipped_dependencies":false,"total_pair_state":23,"search_pair_state_duration":0},"unate":{"skipped_unate":true},"synthesis":{"remove_dependent_ap_duration":0,"clone_nba_with_dep":0,"synthesis_dependents_duration":1,"model_checking_status":"UNKNOWN","merge_strategies_duration":94,"final_strategy":{"duration":1,"total_inputs":6,"total_outputs":3,"total_latches":8,"total_gates":280},"independent_strategy":{"duration":2,"realizability":"REALIZABLE","total_inputs":1,"total_outputs":5,"total_latches":2,"total_gates":16},"dependent_strategy":{"duration":1,"total_inputs":6,"total_outputs":3,"total_latches":8,"total_gates":280}}}
