Hierarchy reader flattened 2 instances of logic boxes and left 0 black boxes.
aag 4239 9 54 8 4176
2
4
6
8
10
12
14
16
18
20 6835
22 7045
24 7247
26 7371
28 7465
30 1
32 0
34 7473
36 7545
38 7551
40 7555
42 7579
44 864
46 7649
48 7653
50 7719
52 7727
54 7751
56 7825
58 7855
60 7919
62 7933
64 8005
66 8013
68 953
70 8027
72 8055
74 965
76 8063
78 8095
80 8157
82 8165
84 8229
86 8245
88 8275
90 8303
92 8321
94 8339
96 8357
98 8339
100 8365
102 4633
104 8375
106 8395
108 8413
110 8433
112 8437
114 8445
116 8453
118 8459
120 8467
122 8472
124 8476
126 8479
361
0
412
539
597
625
4261
6529
128 28 26
130 129 21
132 129 23
134 29 24
136 129 25
138 137 135
140 139 22
142 141 133
144 143 20
146 145 131
148 147 18
150 29 25
152 28 27
154 29 26
156 155 153
158 157 24
160 159 151
162 161 22
164 152 24
166 164 23
168 167 21
170 168 163
172 157 25
174 173 135
176 175 23
178 152 25
180 178 22
182 181 20
184 182 177
186 185 19
188 186 171
190 16 15
192 17 14
194 193 191
196 195 189
198 196 149
200 194 146
202 201 13
204 202 199
206 11 5
208 19 9
210 208 206
212 210 195
214 213 146
216 139 23
218 217 182
220 219 171
222 221 212
224 223 7
226 224 215
228 154 25
230 29 27
232 230 24
234 233 229
236 235 23
238 173 165
240 239 22
242 241 237
244 243 21
246 239 23
248 179 135
250 249 22
252 251 247
254 253 20
256 255 245
258 257 18
260 206 14
262 129 22
264 27 25
266 265 135
268 266 21
270 268 262
272 172 23
274 273 181
276 275 20
278 277 271
280 279 19
282 281 260
284 282 259
286 261 146
288 287 17
290 288 285
292 230 25
294 293 159
296 295 22
298 297 167
300 299 21
302 134 23
304 303 179
306 305 20
308 307 301
310 309 19
312 206 15
314 29 23
316 315 27
318 317 135
320 319 21
322 129 24
324 323 179
326 325 23
328 154 24
330 329 137
332 331 22
334 333 327
336 335 20
338 337 321
340 339 18
342 341 312
344 342 311
346 313 146
348 347 16
350 348 345
352 351 291
354 353 6
356 355 227
358 357 12
360 359 205
362 265 159
364 363 23
366 293 135
368 367 22
370 369 365
372 371 21
374 367 23
376 150 22
378 377 375
380 379 20
382 381 373
384 206 192
386 384 383
388 150 23
390 228 22
392 391 389
394 393 21
396 232 22
398 397 389
400 399 20
402 401 395
404 312 16
406 404 403
408 407 387
410 12 6
412 410 409
414 147 15
416 228 21
418 228 23
420 419 397
422 421 20
424 423 417
426 425 14
428 427 415
430 429 17
432 15 10
434 432 383
436 265 165
438 437 23
440 230 22
442 441 439
444 21 18
446 444 443
448 439 369
450 21 19
452 450 449
454 453 381
456 454 447
458 15 11
460 458 457
462 147 14
464 463 461
466 464 435
468 467 16
470 469 431
472 471 13
474 179 159
476 475 23
478 477 369
480 479 21
482 9 5
484 482 458
486 484 381
488 486 481
490 485 146
492 491 16
494 492 489
496 14 11
498 496 482
500 292 23
502 500 20
504 503 498
506 499 146
508 507 17
510 508 505
512 511 495
514 513 7
516 377 303
518 517 20
520 519 312
522 520 481
524 523 348
526 261 17
528 526 147
530 529 525
532 531 6
534 533 515
536 535 12
538 537 473
540 10 3
542 540 14
544 23 21
546 545 14
548 547 543
550 549 292
552 164 18
554 553 265
556 544 496
558 556 555
560 559 551
562 561 17
564 270 18
566 418 21
568 166 20
570 569 567
572 570 565
574 190 11
576 574 573
578 577 563
580 579 13
582 406 6
584 423 395
586 484 16
588 586 7
590 588 585
592 591 583
594 593 12
596 595 581
598 498 17
600 598 7
602 600 585
604 384 6
606 604 403
608 607 603
610 609 12
612 190 13
614 22 19
616 21 11
618 616 615
620 618 328
622 620 612
624 623 611
626 597 539
628 627 624
630 596 538
632 630 625
634 633 629
636 12 7
638 14 2
640 638 10
642 18 9
644 642 640
646 644 17
648 646 636
650 648 635
652 635 360
654 652 412
656 646 12
658 656 654
660 659 651
662 661 54
664 652 413
666 664 648
668 666 662
670 640 7
672 670 12
674 672 664
676 672 635
678 640 8
680 678 6
682 681 671
684 683 12
686 684 654
688 687 677
690 689 46
692 690 674
694 693 669
696 641 17
698 696 636
700 698 635
702 641 7
704 11 8
706 639 10
708 706 8
710 709 705
712 711 6
714 713 703
716 715 12
718 716 17
720 718 654
722 721 701
724 723 50
726 698 664
728 726 724
730 706 9
732 11 9
734 733 731
736 735 17
738 736 7
740 738 12
742 740 664
744 740 635
746 736 12
748 746 654
750 749 745
752 751 54
754 752 742
756 755 729
758 756 694
760 413 360
762 17 11
764 60 13
766 764 762
768 766 635
770 640 9
772 770 19
774 208 11
776 775 773
778 777 13
780 778 120
782 599 587
784 783 12
786 784 6
788 786 44
790 636 38
792 33 30
794 195 13
796 794 793
798 797 791
800 798 789
802 800 781
804 802 769
806 14 9
808 806 11
810 809 771
812 811 13
814 812 86
816 814 635
818 50 13
820 818 696
822 706 17
824 822 764
826 825 821
828 827 635
830 829 817
832 830 804
834 833 635
836 412 361
838 783 7
840 838 12
842 405 385
844 843 410
846 845 795
848 846 841
850 849 596
852 850 538
854 852 625
856 849 628
858 857 855
860 859 837
862 792 45
864 863 860
866 865 835
868 867 760
870 642 496
872 642 542
874 873 871
876 875 13
878 876 664
880 876 635
882 880 114
884 880 118
886 885 883
888 887 878
890 642 11
892 706 642
894 893 891
896 895 13
898 896 664
900 896 635
902 900 118
904 902 898
906 905 889
908 19 14
910 908 732
912 542 208
914 913 911
916 915 13
918 916 664
920 916 635
922 920 114
924 922 918
926 678 13
928 926 664
930 926 635
932 930 118
934 932 928
936 935 925
938 936 906
940 938 869
942 624 16
944 942 596
946 944 837
948 946 42
950 946 68
952 951 949
954 953 944
956 630 14
958 956 837
960 958 48
962 958 74
964 963 961
966 965 956
968 404 6
970 969 589
972 971 12
974 973 613
976 975 624
978 976 597
980 978 538
982 981 855
984 863 837
986 984 983
988 987 967
990 988 955
992 991 760
994 770 17
996 994 7
998 996 12
1000 998 664
1002 998 635
1004 994 12
1006 1004 654
1008 1007 1003
1010 1009 54
1012 1010 1000
1014 1013 993
1016 1014 940
1018 1016 758
1020 875 636
1022 1020 664
1024 1020 635
1026 875 12
1028 1026 654
1030 1029 1025
1032 1031 124
1034 1032 1022
1036 640 17
1038 1036 636
1040 1038 635
1042 684 17
1044 1042 654
1046 1045 1041
1048 1047 50
1050 1038 664
1052 1050 1048
1054 1053 1035
1056 711 17
1058 1056 636
1060 1058 635
1062 1056 12
1064 1062 654
1066 1065 1061
1068 1067 54
1070 1058 664
1072 1070 1068
1074 735 7
1076 1074 12
1078 1076 635
1080 895 6
1082 1081 1075
1084 1083 12
1086 1084 654
1088 1087 1079
1090 1089 86
1092 1076 664
1094 1092 1090
1096 1095 1073
1098 1096 1054
1100 678 17
1102 1100 636
1104 1102 635
1106 1100 12
1108 1106 654
1110 1109 1105
1112 1111 54
1114 1102 664
1116 1114 1112
1118 895 17
1120 1118 636
1122 1120 635
1124 1118 12
1126 1124 654
1128 1127 1123
1130 1129 54
1132 1120 664
1134 1132 1130
1136 1135 1117
1138 751 62
1140 1138 742
1142 1009 62
1144 1142 1000
1146 1145 1141
1148 1146 1136
1150 1148 1098
1152 1150 1018
1154 730 19
1156 1154 13
1158 1156 664
1160 1156 635
1162 1160 120
1164 1162 1158
1166 837 635
1168 16 11
1170 1168 13
1172 1170 208
1174 1172 1166
1176 1174 120
1178 1176 664
1180 1179 1165
1182 708 13
1184 1182 664
1186 1182 635
1188 1186 122
1190 1188 1184
1192 772 13
1194 1192 664
1196 1192 635
1198 1196 114
1200 1198 1194
1202 1201 1191
1204 1202 1180
1206 1196 118
1208 1206 1194
1210 1186 120
1212 1210 1184
1214 1213 1209
1216 13 8
1218 1216 707
1220 1218 664
1222 1218 1166
1224 1222 120
1226 1224 1220
1228 930 122
1230 1228 928
1232 1231 1227
1234 1232 1214
1236 1234 1204
1238 915 17
1240 1238 13
1242 1240 664
1244 1240 635
1246 1244 88
1248 1246 1242
1250 772 17
1252 1250 13
1254 1252 664
1256 1252 635
1258 1256 88
1260 1258 1254
1262 1261 1249
1264 542 9
1266 1264 13
1268 1266 664
1270 1266 635
1272 1270 86
1274 1272 1268
1276 770 13
1278 1276 664
1280 1276 635
1282 1280 84
1284 1282 1278
1286 1285 1275
1288 1286 1262
1290 930 116
1292 930 114
1294 1293 1291
1296 1295 928
1298 1186 116
1300 1298 1184
1302 1301 1297
1304 872 13
1306 1304 664
1308 1304 635
1310 1308 116
1312 1310 1306
1314 646 13
1316 1314 664
1318 1314 635
1320 1318 88
1322 1320 1316
1324 1323 1313
1326 1324 1302
1328 1326 1288
1330 1328 1236
1332 1100 13
1334 1332 664
1336 1332 635
1338 1336 96
1340 1338 1334
1342 1118 13
1344 1342 664
1346 1342 635
1348 1346 96
1350 1348 1344
1352 1351 1341
1354 910 13
1356 94 17
1358 1356 1354
1360 1358 1166
1362 1056 13
1364 1362 635
1366 1364 96
1368 1367 1361
1370 1369 664
1372 912 13
1374 1372 17
1376 1374 664
1378 1374 1166
1380 1378 94
1382 1380 1376
1384 1383 1371
1386 1384 1352
1388 871 645
1390 1389 13
1392 1390 17
1394 1392 664
1396 1392 1166
1398 1396 98
1400 1398 1394
1402 891 645
1404 1403 13
1406 1404 17
1408 1406 664
1410 1406 1166
1412 1410 98
1414 1412 1408
1416 1415 1401
1418 1378 98
1420 1418 1376
1422 911 773
1424 1423 13
1426 1424 17
1428 1426 664
1430 1426 1166
1432 1430 98
1434 1432 1428
1436 1435 1421
1438 1436 1416
1440 1438 1386
1442 1216 1168
1444 1442 664
1446 1442 1166
1448 1446 122
1450 1448 1444
1452 1308 122
1454 1452 1306
1456 1455 1451
1458 644 13
1460 1458 664
1462 1458 635
1464 1462 122
1466 1464 1460
1468 1424 664
1470 1424 635
1472 1470 120
1474 1472 1468
1476 1475 1467
1478 1476 1456
1480 1270 100
1482 1480 1268
1484 1280 100
1486 1484 1278
1488 1487 1483
1490 1186 102
1492 1490 1184
1494 930 102
1496 1494 928
1498 1497 1493
1500 1498 1488
1502 1500 1478
1504 1502 1440
1506 1504 1330
1508 1186 126
1510 1508 1184
1512 930 126
1514 1512 928
1516 1515 1511
1518 1446 126
1520 1518 1444
1522 1462 124
1524 1522 1460
1526 1525 1521
1528 1526 1516
1530 870 13
1532 1530 16
1534 1532 664
1536 1532 1166
1538 1536 122
1540 1538 1534
1542 1196 124
1544 1542 1194
1546 1545 1541
1548 1536 124
1550 1548 1534
1552 1372 664
1554 1372 635
1556 1554 124
1558 1556 1552
1560 1559 1551
1562 1560 1546
1564 1562 1528
1566 1554 116
1568 1566 1552
1570 1196 116
1572 1570 1194
1574 1573 1569
1576 711 13
1578 1576 664
1580 1576 635
1582 1580 118
1584 1582 1578
1586 892 13
1588 1586 664
1590 1586 635
1592 1590 126
1594 1592 1588
1596 1595 1585
1598 1596 1574
1600 1308 126
1602 1600 1306
1604 1462 126
1606 1604 1460
1608 1607 1603
1610 1170 642
1612 1610 664
1614 1610 1166
1616 1614 126
1618 1616 1612
1620 1186 124
1622 1620 1184
1624 1623 1619
1626 1624 1608
1628 1626 1598
1630 1628 1564
1632 1536 120
1634 1632 1534
1636 1554 120
1638 1636 1552
1640 1639 1635
1642 920 118
1644 1642 918
1646 1170 806
1648 1646 664
1650 1646 1166
1652 1650 86
1654 1652 1648
1656 1655 1645
1658 1656 1640
1660 808 13
1662 1660 664
1664 1660 635
1666 1664 84
1668 1666 1662
1670 1650 84
1672 1670 1648
1674 1673 1669
1676 875 17
1678 1676 13
1680 1678 664
1682 1678 635
1684 1682 88
1686 1684 1680
1688 1614 120
1690 1688 1612
1692 1691 1687
1694 1692 1674
1696 1694 1658
1698 1196 122
1700 1698 1194
1702 930 124
1704 1702 928
1706 1705 1701
1708 1446 124
1710 1708 1444
1712 1308 124
1714 1712 1306
1716 1715 1711
1718 1716 1706
1720 1362 664
1722 1364 88
1724 1722 1720
1726 1336 88
1728 1726 1334
1730 1729 1725
1732 1446 120
1734 1732 1444
1736 1554 122
1738 1736 1552
1740 1739 1735
1742 1740 1730
1744 1742 1718
1746 1744 1696
1748 1746 1630
1750 1748 1506
1752 1750 1152
1754 1265 809
1756 1755 17
1758 1756 7
1760 1758 12
1762 1760 664
1764 1760 635
1766 1676 6
1768 1767 1759
1770 1769 12
1772 1770 654
1774 1773 1765
1776 1775 64
1778 1776 1762
1780 646 6
1782 1781 997
1784 1783 12
1786 1784 654
1788 1787 1003
1790 1789 58
1792 1790 1000
1794 1793 1779
1796 1775 56
1798 1796 1762
1800 1111 56
1802 1800 1114
1804 1803 1799
1806 1804 1794
1808 678 636
1810 1808 664
1812 1808 635
1814 678 12
1816 1814 654
1818 1817 1813
1820 1819 78
1822 1820 1810
1824 770 7
1826 1824 12
1828 1826 664
1830 1826 635
1832 770 12
1834 1832 654
1836 1835 1831
1838 1837 82
1840 1838 1828
1842 1841 1823
1844 1111 62
1846 1844 1114
1848 1067 64
1850 1848 1070
1852 1851 1847
1854 1852 1842
1856 1854 1806
1858 1067 62
1860 1858 1070
1862 1676 636
1864 1862 664
1866 1862 635
1868 1676 12
1870 1868 654
1872 1871 1867
1874 1873 90
1876 1874 1864
1878 1877 1861
1880 1111 90
1882 1880 1114
1884 1238 636
1886 1884 664
1888 1884 635
1890 1238 12
1892 1890 654
1894 1893 1889
1896 1895 90
1898 1896 1886
1900 1899 1883
1902 1900 1878
1904 1789 56
1906 1904 1000
1908 1129 62
1910 1908 1132
1912 1911 1907
1914 723 60
1916 1914 726
1918 1047 60
1920 1918 1050
1922 1921 1917
1924 1922 1912
1926 1924 1902
1928 1926 1856
1930 644 636
1932 1930 664
1934 1930 635
1936 644 12
1938 1936 654
1940 1939 1935
1942 1941 82
1944 1942 1932
1946 1755 7
1948 1946 12
1950 1948 664
1952 1948 635
1954 875 6
1956 1955 1947
1958 1957 12
1960 1958 654
1962 1961 1953
1964 1963 84
1966 1964 1950
1968 1967 1945
1970 1067 88
1972 1970 1070
1974 1873 88
1976 1974 1864
1978 1977 1973
1980 1978 1968
1982 689 36
1984 1982 674
1986 735 12
1988 1986 654
1990 1989 1079
1992 1991 82
1994 1992 1092
1996 1995 1985
1998 1819 82
2000 1998 1810
2002 644 6
2004 2003 1825
2006 2005 12
2008 2006 654
2010 2009 1831
2012 2011 80
2014 2012 1828
2016 2015 2001
2018 2016 1996
2020 2018 1980
2022 1067 90
2024 2022 1070
2026 711 636
2028 2026 664
2030 2026 635
2032 711 12
2034 2032 654
2036 2035 2031
2038 2037 86
2040 2038 2028
2042 2041 2025
2044 1819 80
2046 2044 1810
2048 1089 78
2050 2048 1092
2052 2051 2047
2054 2052 2042
2056 1111 88
2058 2056 1114
2060 2011 78
2062 2060 1828
2064 2063 2059
2066 1895 88
2068 2066 1886
2070 1250 636
2072 2070 664
2074 2070 635
2076 1250 12
2078 2076 654
2080 2079 2075
2082 2081 88
2084 2082 2072
2086 2085 2069
2088 2086 2064
2090 2088 2054
2092 2090 2020
2094 2092 1928
2096 2094 1752
2098 772 636
2100 2098 664
2102 2098 635
2104 772 12
2106 2104 654
2108 2107 2103
2110 2109 124
2112 2109 126
2114 2113 2111
2116 2115 2100
2118 2011 84
2120 2011 86
2122 2121 2119
2124 2123 1828
2126 2125 2117
2128 13 11
2130 2128 635
2132 2130 46
2134 40 19
2136 2134 1166
2138 2137 2133
2140 12 9
2142 2140 52
2144 2142 1166
2146 1390 635
2148 2146 110
2150 2149 2145
2152 2150 2138
2154 1166 848
2156 2154 793
2158 1166 34
2160 641 13
2162 2160 635
2164 2162 36
2166 2165 2159
2168 1155 775
2170 118 13
2172 2170 2169
2174 2169 17
2176 96 13
2178 2176 2174
2180 2179 2173
2182 2181 635
2184 38 13
2186 2184 635
2188 13 9
2190 2188 52
2192 2190 635
2194 2193 2187
2196 2194 2183
2198 2196 2166
2200 2198 2157
2202 2200 2152
2204 2203 664
2206 702 12
2208 2206 664
2210 2206 635
2212 716 654
2214 2213 2211
2216 2215 36
2218 2215 46
2220 2219 2217
2222 2221 2208
2224 2223 2205
2226 2224 2126
2228 730 13
2230 2228 664
2232 2228 635
2234 2232 102
2236 2234 2230
2238 1614 102
2240 2238 1612
2242 2241 2237
2244 1664 100
2246 2244 1662
2248 900 76
2250 2248 898
2252 2251 2247
2254 2252 2242
2256 1166 17
2258 2256 1266
2260 2258 64
2262 2260 664
2264 1404 664
2266 1404 635
2268 2266 82
2270 2268 2264
2272 1354 664
2274 1354 635
2276 2274 112
2278 2276 2272
2280 2279 2271
2282 2280 2263
2284 2282 2254
2286 994 13
2288 2286 664
2290 2286 635
2292 2290 64
2294 2292 2288
2296 2232 104
2298 2296 2230
2300 2299 2295
2302 1470 110
2304 2302 1468
2306 1530 664
2308 1530 635
2310 2308 112
2312 2310 2306
2314 2313 2305
2316 2314 2300
2318 1280 76
2320 2318 1278
2322 2232 82
2324 2322 2230
2326 2325 2321
2328 1336 64
2330 2328 1334
2332 1216 762
2334 2332 1166
2336 2334 64
2338 2332 664
2340 2338 2336
2342 2341 2331
2344 2342 2326
2346 2344 2316
2348 2346 2284
2350 1819 84
2352 1819 86
2354 2353 2351
2356 2355 1810
2358 1354 16
2360 2358 1166
2362 2360 122
2364 2360 124
2366 2365 2363
2368 2358 664
2370 2368 2367
2372 1462 116
2374 1462 114
2376 1462 118
2378 2377 2375
2380 2378 2373
2382 2381 1460
2384 2383 2371
2386 706 13
2388 2386 635
2390 2388 46
2392 1174 126
2394 2393 2391
2396 2256 1586
2398 2396 98
2400 2399 2394
2402 2401 664
2404 2403 2384
2406 2404 2357
2408 2406 2348
2410 2408 2226
2412 2037 80
2414 2037 78
2416 2415 2413
2418 2417 2028
2420 661 90
2422 661 88
2424 2423 2421
2426 2425 666
2428 2427 2419
2430 915 636
2432 2430 664
2434 2430 635
2436 915 12
2438 2436 654
2440 2439 2435
2442 2441 122
2444 2441 126
2446 2445 2443
2448 2447 2432
2450 1941 124
2452 1941 122
2454 2453 2451
2456 2455 1932
2458 2457 2449
2460 2458 2428
2462 2258 66
2464 812 66
2466 2464 2256
2468 2467 2463
2470 1216 822
2472 2470 1166
2474 2472 66
2476 1216 44
2478 2476 195
2480 2478 1166
2482 2481 2475
2484 1660 64
2486 2484 2256
2488 2154 44
2490 2489 2487
2492 2490 2482
2494 2492 2468
2496 2495 664
2498 735 13
2500 2498 635
2502 2500 76
2504 2500 78
2506 2505 2503
2508 2507 2498
2510 640 13
2512 2510 635
2514 2512 72
2516 73 71
2518 2517 2388
2520 1170 635
2522 2520 2517
2524 2523 2519
2526 2524 2515
2528 930 78
2530 1580 78
2532 2531 2529
2534 2130 70
2536 2512 70
2538 2537 2535
2540 2538 2532
2542 2540 2526
2544 2542 2509
2546 2545 664
2548 2547 2497
2550 2037 84
2552 2037 82
2554 2553 2551
2556 2555 2028
2558 1963 80
2560 1963 78
2562 2561 2559
2564 2563 1950
2566 2565 2557
2568 2566 2548
2570 2568 2460
2572 2570 2410
2574 1756 13
2576 2574 664
2578 2574 635
2580 2578 58
2582 2580 2576
2584 1160 126
2586 2584 1158
2588 2587 2583
2590 1186 100
2592 2590 1184
2594 930 100
2596 2594 928
2598 2597 2593
2600 2598 2588
2602 2188 822
2604 2602 664
2606 2602 1166
2608 2606 62
2610 2608 2604
2612 1364 58
2614 2612 1720
2616 2615 2611
2618 1336 58
2620 2618 1334
2622 736 13
2624 2622 664
2626 2622 635
2628 2626 58
2630 2628 2624
2632 2631 2621
2634 2632 2616
2636 2634 2600
2638 1196 126
2640 2638 1194
2642 2188 707
2644 2642 17
2646 2644 664
2648 2644 1166
2650 2648 66
2652 2650 2646
2654 2653 2641
2656 664 17
2658 2256 68
2660 2658 2656
2662 1218 17
2664 2662 664
2666 2662 1166
2668 2666 66
2670 2668 2664
2672 2671 2661
2674 2672 2654
2676 98 17
2678 2676 1156
2680 2678 1166
2682 2676 778
2684 2682 1166
2686 2685 2681
2688 2687 664
2690 1410 62
2692 2690 1408
2694 2693 2689
2696 1536 126
2698 2696 1534
2700 1554 126
2702 2700 1552
2704 2703 2699
2706 2704 2694
2708 2706 2674
2710 2708 2636
2712 1222 82
2714 2712 1220
2716 1430 90
2718 2716 1428
2720 2719 2715
2722 1364 92
2724 2722 1720
2726 1336 92
2728 2726 1334
2730 2729 2725
2732 2730 2720
2734 1755 13
2736 2734 635
2738 2736 78
2740 2736 80
2742 2741 2739
2744 2734 664
2746 2744 2743
2748 2642 664
2750 2642 635
2752 2750 82
2754 2752 2748
2756 2755 2747
2758 1536 82
2760 2758 1534
2762 1186 82
2764 2762 1184
2766 2765 2761
2768 2766 2756
2770 2768 2732
2772 1378 90
2774 2772 1376
2776 2290 56
2778 2290 58
2780 2779 2777
2782 2781 2288
2784 2783 2775
2786 1346 54
2788 2786 1344
2790 2290 54
2792 2790 2288
2794 2793 2789
2796 2794 2784
2798 2470 664
2800 2472 90
2802 2800 2798
2804 664 15
2806 1166 15
2808 2806 74
2810 2808 2804
2812 2811 2803
2814 1580 76
2816 2814 1578
2818 930 76
2820 2818 928
2822 2821 2817
2824 2822 2812
2826 2824 2796
2828 2826 2770
2830 2828 2710
2832 1308 110
2834 2832 1306
2836 1536 110
2838 2836 1534
2840 2839 2835
2842 1462 108
2844 2842 1460
2846 920 108
2848 2846 918
2850 2849 2845
2852 2850 2840
2854 1256 94
2856 2854 1254
2858 1530 1356
2860 2858 1166
2862 1318 94
2864 2863 2861
2866 2865 664
2868 2867 2857
2870 2472 98
2872 2870 2798
2874 2666 98
2876 2874 2664
2878 2877 2873
2880 2878 2868
2882 2880 2852
2884 1446 102
2886 2884 1444
2888 1308 102
2890 2888 1306
2892 2891 2887
2894 1280 102
2896 2894 1278
2898 1462 102
2900 2898 1460
2902 2901 2897
2904 2902 2892
2906 1244 96
2908 2906 1242
2910 1256 96
2912 2910 1254
2914 2913 2909
2916 1222 110
2918 2916 1220
2920 1446 110
2922 2920 1444
2924 2923 2919
2926 2924 2914
2928 2926 2904
2930 2928 2882
2932 2472 64
2934 2932 2798
2936 2626 54
2938 2936 2624
2940 2939 2935
2942 1364 54
2944 1364 56
2946 2945 2943
2948 2947 1720
2950 1036 13
2952 2950 664
2954 2950 635
2956 2954 60
2958 2956 2952
2960 2959 2949
2962 2960 2940
2964 2606 66
2966 2964 2604
2968 2666 62
2970 2968 2664
2972 2971 2967
2974 1304 17
2976 2974 664
2978 2974 1166
2980 2978 62
2982 2980 2976
2984 2648 62
2986 2984 2646
2988 2987 2983
2990 2988 2972
2992 2990 2962
2994 1336 54
2996 2994 1334
2998 2978 98
3000 2998 2976
3002 3001 2997
3004 1682 96
3006 3004 1680
3008 1318 96
3010 3008 1316
3012 3011 3007
3014 3012 3002
3016 2472 62
3018 3016 2798
3020 1336 56
3022 3020 1334
3024 3023 3019
3026 2578 56
3028 3026 2576
3030 2954 50
3032 3030 2952
3034 3033 3029
3036 3034 3024
3038 3036 3014
3040 3038 2992
3042 3040 2930
3044 3042 2830
3046 1580 108
3048 3046 1578
3050 704 13
3052 3050 664
3054 3050 635
3056 3054 84
3058 3056 3052
3060 3059 3049
3062 1446 84
3064 3062 1444
3066 1446 82
3068 3066 1444
3070 3069 3065
3072 3070 3060
3074 1446 106
3076 3074 1444
3078 930 104
3080 3078 928
3082 3081 3077
3084 1446 104
3086 3084 1444
3088 1650 106
3090 3088 1648
3092 3091 3087
3094 3092 3082
3096 3094 3072
3098 930 84
3100 3098 928
3102 1196 112
3104 3102 1194
3106 3105 3101
3108 1580 114
3110 3108 1578
3112 1554 110
3114 3112 1552
3116 3115 3111
3118 3116 3106
3120 1308 82
3122 3120 1306
3124 1270 106
3126 3124 1268
3128 3127 3123
3130 1280 106
3132 3130 1278
3134 1186 84
3136 3134 1184
3138 3137 3133
3140 3138 3128
3142 3140 3118
3144 3142 3096
3146 2274 116
3148 3146 2272
3150 2256 42
3152 3150 2656
3154 3153 3149
3156 2188 1168
3158 3156 1166
3160 3158 82
3162 3156 664
3164 3162 3160
3166 2750 86
3168 3166 2748
3170 3169 3165
3172 3170 3154
3174 3054 112
3176 3054 116
3178 3177 3175
3180 3179 3052
3182 2954 793
3184 3182 2952
3186 3185 3181
3188 2512 36
3190 2510 664
3192 3190 3188
3194 2308 116
3196 3194 2306
3198 3197 3193
3200 3198 3186
3202 3200 3172
3204 2806 48
3206 3204 2804
3208 930 108
3210 3208 928
3212 3211 3207
3214 880 108
3216 3214 878
3218 930 106
3220 3218 928
3222 3221 3217
3224 3222 3212
3226 3054 100
3228 3226 3052
3230 1590 120
3232 3230 1588
3234 3233 3229
3236 2266 120
3238 3236 2264
3240 2512 46
3242 3240 3190
3244 3243 3239
3246 3244 3234
3248 3246 3224
3250 3248 3202
3252 3250 3144
3254 2472 94
3256 3254 2798
3258 1222 86
3260 3258 1220
3262 3261 3257
3264 1446 86
3266 3264 1444
3268 2232 86
3270 3268 2230
3272 3271 3267
3274 3272 3262
3276 1682 92
3278 3276 1680
3280 2666 90
3282 3280 2664
3284 3283 3279
3286 2978 90
3288 3286 2976
3290 1396 90
3292 3290 1394
3294 3293 3289
3296 3294 3284
3298 3296 3274
3300 1186 86
3302 3300 1184
3304 1580 80
3306 3304 1578
3308 3307 3303
3310 930 80
3312 3310 928
3314 1280 78
3316 1280 80
3318 3317 3315
3320 3319 1278
3322 3321 3313
3324 3322 3308
3326 1270 84
3328 3326 1268
3330 1318 92
3332 3330 1316
3334 3333 3329
3336 1244 92
3338 3336 1242
3340 1256 92
3342 3340 1254
3344 3343 3339
3346 3344 3334
3348 3346 3324
3350 3348 3298
3352 1554 112
3354 3352 1552
3356 1650 104
3358 3356 1648
3360 3359 3355
3362 1186 106
3364 3362 1184
3366 3158 102
3368 3366 3162
3370 3369 3365
3372 3370 3360
3374 1186 112
3376 1186 110
3378 3377 3375
3380 3379 1184
3382 1196 108
3384 3382 1194
3386 1462 112
3388 3386 1460
3390 3389 3385
3392 3390 3381
3394 3392 3372
3396 3158 104
3398 3396 3162
3400 1336 94
3402 3400 1334
3404 3403 3399
3406 2334 94
3408 3406 2338
3410 2978 94
3412 3410 2976
3414 3413 3409
3416 3414 3404
3418 1186 104
3420 3418 1184
3422 930 112
3424 3422 928
3426 3425 3421
3428 1308 112
3430 3428 1306
3432 1280 104
3434 3432 1278
3436 3435 3431
3438 3436 3426
3440 3438 3416
3442 3440 3394
3444 3442 3350
3446 3444 3252
3448 3446 3044
3450 3448 2572
3452 3450 2096
3454 2169 636
3456 3454 664
3458 3454 635
3460 2169 12
3462 3460 654
3464 3463 3459
3466 3465 118
3468 3466 3456
3470 2037 120
3472 3470 2028
3474 3473 3469
3476 1031 120
3478 3476 1022
3480 895 636
3482 3480 664
3484 3480 635
3486 895 12
3488 3486 654
3490 3489 3485
3492 3491 120
3494 3492 3482
3496 3495 3479
3498 3496 3474
3500 2109 122
3502 3500 2100
3504 2037 124
3506 3504 2028
3508 3507 3503
3510 1819 124
3512 3510 1810
3514 2441 124
3516 3514 2432
3518 3517 3513
3520 3518 3508
3522 3520 3498
3524 2174 636
3526 3524 664
3528 3524 635
3530 2174 12
3532 3530 654
3534 3533 3529
3536 3535 98
3538 3536 3526
3540 2037 100
3542 3540 2028
3544 3543 3539
3546 1963 100
3548 3546 1950
3550 1819 100
3552 3550 1810
3554 3553 3549
3556 3554 3544
3558 3465 126
3560 3558 3456
3562 1941 126
3564 3562 1932
3566 3565 3561
3568 2037 126
3570 3568 2028
3572 1819 126
3574 3572 1810
3576 3575 3571
3578 3576 3566
3580 3578 3556
3582 3580 3522
3584 1819 118
3586 3584 1810
3588 1941 118
3590 3588 1932
3592 3591 3587
3594 2441 118
3596 3594 2432
3598 2109 118
3600 3598 2100
3602 3601 3597
3604 3602 3592
3606 3465 120
3608 3606 3456
3610 2037 122
3612 3610 2028
3614 3613 3609
3616 1031 122
3618 3616 1022
3620 1819 122
3622 3620 1810
3624 3623 3619
3626 3624 3614
3628 3626 3604
3630 1819 120
3632 3630 1810
3634 1941 120
3636 3634 1932
3638 3637 3633
3640 2441 120
3642 3640 2432
3644 2109 120
3646 3644 2100
3648 3647 3643
3650 3648 3638
3652 1941 114
3654 3652 1932
3656 2441 114
3658 3656 2432
3660 3659 3655
3662 2109 114
3664 3662 2100
3666 2037 116
3668 3666 2028
3670 3669 3665
3672 3670 3660
3674 3672 3650
3676 3674 3628
3678 3676 3582
3680 3535 96
3682 3680 3526
3684 1067 98
3686 3684 1070
3688 3687 3683
3690 1873 98
3692 3690 1864
3694 1129 98
3696 3694 1132
3698 3697 3693
3700 3698 3688
3702 2109 112
3704 3702 2100
3706 2037 114
3708 3706 2028
3710 3709 3705
3712 1031 114
3714 3712 1022
3716 1819 114
3718 3716 1810
3720 3719 3715
3722 3720 3710
3724 3722 3700
3726 3491 102
3728 3491 126
3730 3729 3727
3732 3491 76
3734 3491 82
3736 3735 3733
3738 3736 3730
3740 3739 3482
3742 1031 116
3744 3742 1022
3746 1819 116
3748 3746 1810
3750 3749 3745
3752 1941 116
3754 3752 1932
3756 2441 116
3758 3756 2432
3760 3759 3755
3762 3760 3750
3764 3762 3741
3766 3764 3724
3768 661 92
3770 3768 666
3772 1895 92
3774 3772 1886
3776 3775 3771
3778 2081 92
3780 3778 2072
3782 1067 94
3784 3782 1070
3786 3785 3781
3788 3786 3776
3790 1111 96
3792 3790 1114
3794 661 96
3796 3794 666
3798 3797 3793
3800 1895 96
3802 3800 1886
3804 2081 96
3806 3804 2072
3808 3807 3803
3810 3808 3798
3812 3810 3788
3814 2109 116
3816 3814 2100
3818 2037 118
3820 3818 2028
3822 3821 3817
3824 1031 118
3826 3824 1022
3828 3491 118
3830 3828 3482
3832 3831 3827
3834 3832 3822
3836 1111 98
3838 3836 1114
3840 661 98
3842 3840 666
3844 3843 3839
3846 1895 98
3848 3846 1886
3850 2081 98
3852 3850 2072
3854 3853 3849
3856 3854 3844
3858 3856 3834
3860 3858 3812
3862 3860 3766
3864 3862 3678
3866 2081 90
3868 3866 2072
3870 1067 92
3872 3870 1070
3874 3873 3869
3876 1873 92
3878 3876 1864
3880 1111 92
3882 3880 1114
3884 3883 3879
3886 3884 3874
3888 2081 94
3890 3888 2072
3892 1067 96
3894 3892 1070
3896 3895 3891
3898 1873 96
3900 3898 1864
3902 1129 96
3904 3902 1132
3906 3905 3901
3908 3906 3896
3910 3908 3886
3912 1873 94
3914 3912 1864
3916 1111 94
3918 3916 1114
3920 3919 3915
3922 661 94
3924 3922 666
3926 1895 94
3928 3926 1886
3930 3929 3925
3932 3930 3920
3934 2109 108
3936 3934 2100
3938 2037 110
3940 3938 2028
3942 3941 3937
3944 1031 110
3946 3944 1022
3948 1819 110
3950 3948 1810
3952 3951 3947
3954 3952 3942
3956 3954 3932
3958 3956 3910
3960 1031 108
3962 3960 1022
3964 1819 108
3966 3964 1810
3968 3967 3963
3970 1941 108
3972 3970 1932
3974 2441 108
3976 3974 2432
3978 3977 3973
3980 3978 3968
3982 1031 112
3984 3982 1022
3986 1819 112
3988 3986 1810
3990 3989 3985
3992 1941 112
3994 3992 1932
3996 2441 112
3998 3996 2432
4000 3999 3995
4002 4000 3990
4004 4002 3980
4006 1941 110
4008 4006 1932
4010 2441 110
4012 4010 2432
4014 4013 4009
4016 2109 110
4018 4016 2100
4020 2037 112
4022 4020 2028
4024 4023 4019
4026 4024 4014
4028 1837 102
4030 4028 1828
4032 1941 102
4034 4032 1932
4036 4035 4031
4038 2037 104
4040 4038 2028
4042 1963 104
4044 4042 1950
4046 4045 4041
4048 4046 4036
4050 4048 4026
4052 4050 4004
4054 4052 3958
4056 2011 100
4058 4056 1828
4060 2037 102
4062 4060 2028
4064 4063 4059
4066 1991 102
4068 4066 1092
4070 1819 102
4072 4070 1810
4074 4073 4069
4076 4074 4064
4078 1963 106
4080 4078 1950
4082 1819 106
4084 4082 1810
4086 4085 4081
4088 2011 106
4090 4088 1828
4092 2037 108
4094 4092 2028
4096 4095 4091
4098 4096 4086
4100 4098 4076
4102 1089 104
4104 4102 1092
4106 1819 104
4108 4106 1810
4110 4109 4105
4112 2011 104
4114 4112 1828
4116 2037 106
4118 4116 2028
4120 4119 4115
4122 4120 4110
4124 1118 6
4126 4125 739
4128 4127 12
4130 4128 654
4132 4131 745
4134 4133 66
4136 4134 742
4138 1111 66
4140 4138 1114
4142 4141 4137
4144 1789 66
4146 4144 1000
4148 2215 70
4150 4148 2208
4152 4151 4147
4154 4152 4142
4156 4154 4122
4158 4156 4100
4160 1111 64
4162 4160 1114
4164 1789 64
4166 4164 1000
4168 4167 4163
4170 1067 66
4172 4170 1070
4174 1775 66
4176 4174 1762
4178 4177 4173
4180 4178 4168
4182 1991 76
4184 4182 1092
4186 1819 76
4188 4186 1810
4190 4189 4185
4192 1837 76
4194 4192 1828
4196 1941 76
4198 4196 1932
4200 4199 4195
4202 4200 4190
4204 4202 4180
4206 2517 689
4208 4206 674
4210 2215 72
4212 4210 2208
4214 4213 4209
4216 2037 76
4218 4216 2028
4220 1067 58
4222 4220 1070
4224 4223 4219
4226 4224 4214
4228 1775 58
4230 4228 1762
4232 4133 58
4234 4232 742
4236 4235 4231
4238 1111 58
4240 4238 1114
4242 1067 56
4244 4242 1070
4246 4245 4241
4248 4246 4236
4250 4248 4226
4252 4250 4204
4254 4252 4158
4256 4254 4054
4258 4256 3864
4260 4258 3452
4262 630 624
4264 4262 1058
4266 412 360
4268 4266 4262
4270 4268 1062
4272 4271 4265
4274 4273 1068
4276 4262 740
4278 4268 746
4280 4279 4277
4282 4281 752
4284 4283 4275
4286 4262 1102
4288 4268 1106
4290 4289 4287
4292 4291 1112
4294 4262 998
4296 4268 1004
4298 4297 4295
4300 4299 1010
4302 4301 4293
4304 4302 4284
4306 4262 698
4308 4268 718
4310 4309 4307
4312 4311 724
4314 4262 1038
4316 4268 1042
4318 4317 4315
4320 4319 1048
4322 4321 4313
4324 4262 672
4326 4268 684
4328 4327 4325
4330 1983 691
4332 4331 4329
4334 4333 4322
4336 4334 4304
4338 4262 648
4340 4268 656
4342 4341 4339
4344 4343 662
4346 4273 4220
4348 4347 4345
4350 4262 1760
4352 4268 1770
4354 4353 4351
4356 4355 4228
4358 4268 4128
4360 4359 4277
4362 4361 4232
4364 4363 4357
4366 4364 4348
4368 1797 1777
4370 4369 4355
4372 4273 4242
4374 4268 1784
4376 4375 4295
4378 4377 1790
4380 4379 4373
4382 4380 4371
4384 4382 4366
4386 4384 4336
4388 4262 1276
4390 4388 3319
4392 4262 1576
4394 3305 2531
4396 4395 4392
4398 4397 4391
4400 4262 2286
4402 2779 2293
4404 4403 4400
4406 4262 837
4408 4406 1532
4410 4408 2836
4412 4411 4405
4414 4412 4398
4416 4406 2470
4418 4416 3254
4420 4268 654
4422 1832 6
4424 2002 12
4426 4425 4423
4428 4427 46
4430 1080 12
4432 4430 36
4434 1986 6
4436 4434 46
4438 4437 4433
4440 4438 4429
4442 4441 4420
4444 4443 4419
4446 4435 4423
4448 71 37
4450 4449 4447
4452 4430 46
4454 4124 50
4456 1080 72
4458 2002 70
4460 4459 4457
4462 4460 4455
4464 4463 12
4466 4465 4453
4468 4466 4451
4470 4469 4420
4472 4262 926
4474 3311 2529
4476 4475 4472
4478 4477 4471
4480 4478 4444
4482 4480 4414
4484 4406 15
4486 4484 3204
4488 4416 3016
4490 4489 4487
4492 4406 2332
4494 4492 2336
4496 4408 1632
4498 4497 4495
4500 4498 4490
4502 4262 2228
4504 2297 2235
4506 4505 4502
4508 4416 2474
4510 4509 4507
4512 4406 2662
4514 4512 2968
4516 4406 2974
4518 4516 2980
4520 4519 4515
4522 4520 4510
4524 4522 4500
4526 4524 4482
4528 4516 3286
4530 4406 17
4532 4530 2658
4534 4533 4529
4536 4484 2808
4538 4512 2668
4540 4539 4537
4542 4540 4534
4544 4406 1374
4546 4544 1418
4548 4492 3406
4550 4549 4547
4552 4416 2800
4554 4512 3280
4556 4555 4553
4558 4556 4550
4560 4558 4542
4562 4406 2644
4564 4562 2650
4566 4544 2772
4568 4567 4565
4570 4124 12
4572 4570 60
4574 4572 4420
4576 4406 1426
4578 4576 2716
4580 4579 4575
4582 4580 4568
4584 4406 2602
4586 4584 2964
4588 4576 1432
4590 4589 4587
4592 4516 3410
4594 4544 1380
4596 4595 4593
4598 4596 4590
4600 4598 4582
4602 4600 4560
4604 4602 4526
4606 840 635
4608 8 6
4610 4608 843
4612 4611 839
4614 4613 12
4616 4614 654
4618 4617 4607
4620 4619 793
4622 4262 840
4624 4614 4268
4626 4625 4623
4628 4627 4620
4630 3158 86
4632 3367 3161
4634 4632 4631
4636 4406 3156
4638 4636 4635
4640 4639 4629
4642 4273 1858
4644 4262 2206
4646 4268 716
4648 4647 4645
4650 4649 2216
4652 4651 4643
4654 4652 4640
4656 4406 2486
4658 4584 2608
4660 4659 4657
4662 2861 1361
4664 4663 4406
4666 61 51
4668 4667 17
4670 4669 73
4672 4671 4447
4674 4430 70
4676 482 18
4678 4676 793
4680 410 11
4682 4680 195
4684 4682 4678
4686 4685 4675
4688 4686 4673
4690 4689 4420
4692 4691 4665
4694 4692 4660
4696 4406 1172
4698 4696 1176
4700 4406 1442
4702 4700 1448
4704 4703 4699
4706 1291 933
4708 4707 4472
4710 4262 1372
4712 1567 1557
4714 4713 4710
4716 4715 4709
4718 4716 4704
4720 4718 4694
4722 4649 2218
4724 4262 3480
4726 4268 3486
4728 4727 4725
4730 4729 3728
4732 4731 4723
4734 4732 4720
4736 4734 4654
4738 4736 4604
4740 4738 4386
4742 3075 2921
4744 4742 1733
4746 4745 4700
4748 3189 3183
4750 2191 791
4752 2185 767
4754 4752 4750
4756 4754 797
4758 4756 826
4760 4758 2173
4762 4760 815
4764 2179 781
4766 4764 4762
4768 4767 635
4770 4769 2166
4772 4770 4748
4774 4773 4262
4776 4775 4747
4778 4329 4206
4780 4649 4210
4782 4781 4779
4784 4782 4776
4786 4262 2026
4788 4268 2032
4790 4789 4787
4792 4791 2417
4794 4729 3732
4796 4262 1826
4798 4268 2006
4800 4799 4797
4802 4801 2060
4804 4803 4795
4806 4804 4793
4808 4806 4784
4810 4262 1076
4812 4268 1986
4814 4813 4811
4816 4815 1992
4818 4262 1808
4820 4268 1814
4822 4821 4819
4824 4823 1998
4826 4825 4817
4828 4268 1832
4830 4829 4797
4832 4831 1838
4834 4262 1930
4836 4268 1936
4838 4837 4835
4840 4839 1942
4842 4841 4833
4844 4842 4826
4846 4262 1948
4848 4268 1958
4850 4849 4847
4852 4851 2558
4854 4823 2044
4856 4855 4853
4858 4801 2012
4860 4791 2552
4862 4861 4859
4864 4862 4856
4866 4864 4844
4868 4866 4808
4870 4311 1914
4872 4319 1918
4874 4873 4871
4876 4377 1904
4878 4262 1120
4880 4268 1124
4882 4881 4879
4884 4883 1908
4886 4885 4877
4888 4886 4874
4890 4161 1845
4892 4891 4291
4894 4273 1848
4896 4377 4164
4898 4897 4895
4900 4898 4893
4902 4900 4888
4904 4377 4144
4906 4649 4148
4908 4907 4905
4910 4791 4216
4912 1651 1447
4914 4913 100
4916 4915 2686
4918 4917 4406
4920 4919 4911
4922 4920 4908
4924 4273 4170
4926 4355 4174
4928 4927 4925
4930 4361 4134
4932 4291 4138
4934 4933 4931
4936 4934 4928
4938 4936 4922
4940 4938 4902
4942 4940 4868
4944 4942 4740
4946 4113 4057
4948 4947 4801
4950 4107 4071
4952 4951 4823
4954 4953 4949
4956 3357 3089
4958 4957 1646
4960 2479 2135
4962 4961 1166
4964 4963 2489
4966 4964 4959
4968 4967 4406
4970 4187 1821
4972 4971 4823
4974 4973 4969
4976 4974 4954
4978 4239 1801
4980 4979 4291
4982 4422 19
4984 4982 4268
4986 4982 654
4988 85 81
4990 4989 4986
4992 4986 100
4994 4986 86
4996 4995 4993
4998 4996 4991
5000 4999 4984
5002 5001 4981
5004 1549 1539
5006 5005 1532
5008 2363 1709
5010 5008 5007
5012 5011 4406
5014 3903 3695
5016 5015 4883
5018 5017 5013
5020 5018 5002
5022 5020 4976
5024 3795 2423
5026 5025 4343
5028 4262 1884
5030 4268 1890
5032 5031 5029
5034 3801 3773
5036 5035 5033
5038 5037 5027
5040 4262 2098
5042 4268 2104
5044 5043 5041
5046 4017 3935
5048 5047 5045
5050 3923 3769
5052 5051 4343
5054 5053 5049
5056 5054 5038
5058 3265 3063
5060 5059 1442
5062 3259 1671
5064 5062 5061
5066 5065 4406
5068 3085 2885
5070 5069 1442
5072 1611 1443
5074 5072 1533
5076 5075 126
5078 5076 1166
5080 5079 3397
5082 1536 102
5084 5083 2365
5086 5084 5080
5088 5086 5071
5090 5089 4406
5092 5091 5067
5094 3871 1971
5096 5095 4273
5098 3881 2057
5100 5099 4291
5102 5101 5097
5104 5102 5092
5106 5104 5056
5108 5106 5022
5110 4262 1304
5112 5110 1452
5114 4262 1192
5116 5114 1542
5118 5117 5113
5120 4262 1182
5122 5120 1508
5124 4472 1512
5126 5125 5123
5128 5126 5118
5130 4262 1586
5132 5130 1592
5134 4472 1702
5136 5135 5133
5138 5110 1712
5140 4262 1458
5142 5140 1522
5144 5143 5139
5146 5144 5136
5148 5146 5128
5150 4388 2318
5152 1462 76
5154 5152 5140
5156 5155 5151
5158 4392 2814
5160 4406 2144
5162 5161 5159
5164 5162 5156
5166 5120 1298
5168 4392 1582
5170 5169 5167
5172 5114 1570
5174 5110 1310
5176 5175 5173
5178 5176 5170
5180 5178 5164
5182 5180 5148
5184 5120 3418
5186 4472 3078
5188 5187 5185
5190 4262 876
5192 5190 3214
5194 5140 2842
5196 5195 5193
5198 5196 5188
5200 4262 916
5202 5200 2846
5204 5114 3382
5206 5205 5203
5208 4262 1266
5210 5208 3124
5212 4388 3130
5214 5213 5211
5216 5214 5206
5218 5216 5198
5220 4392 3046
5222 4472 3208
5224 5223 5221
5226 4262 2950
5228 5226 3030
5230 4262 1362
5232 5230 2942
5234 5233 5229
5236 5234 5224
5238 4262 1332
5240 5238 2994
5242 4262 2622
5244 5242 2936
5246 5245 5241
5248 5230 2612
5250 5238 2618
5252 5251 5249
5254 5252 5246
5256 5254 5236
5258 5256 5218
5260 5258 5182
5262 5238 1726
5264 4262 1678
5266 5264 1684
5268 5267 5263
5270 4262 1314
5272 5270 1320
5274 5120 2590
5276 5275 5273
5278 5276 5268
5280 5270 2862
5282 4262 1252
5284 5282 2854
5286 5285 5281
5288 1723 1367
5290 5289 5230
5292 5291 5286
5294 5292 5278
5296 5270 3008
5298 4262 1240
5300 5298 2906
5302 5301 5297
5304 5282 2910
5306 5190 882
5308 5307 5305
5310 5308 5302
5312 4472 2594
5314 4262 3050
5316 5314 3226
5318 5317 5313
5320 5208 1480
5322 5238 1338
5324 5323 5321
5326 5324 5318
5328 5326 5310
5330 5328 5294
5332 5120 1620
5334 4262 1156
5336 5334 1162
5338 5337 5333
5340 5120 1188
5342 4472 1228
5344 5343 5341
5346 5344 5338
5348 5226 2956
5350 5238 2328
5352 5351 5349
5354 4472 2818
5356 880 76
5358 5356 5190
5360 5359 5355
5362 5360 5352
5364 5362 5346
5366 4262 1660
5368 5366 2244
5370 5120 1490
5372 5371 5369
5374 4472 1494
5376 5238 3400
5378 5377 5375
5380 5378 5372
5382 5140 1464
5384 4710 1736
5386 5385 5383
5388 5114 1698
5390 4388 1484
5392 5391 5389
5394 5392 5386
5396 5394 5380
5398 5396 5364
5400 5398 5330
5402 5400 5260
5404 4262 1424
5406 5404 2302
5408 5314 3174
5410 5409 5407
5412 5110 1600
5414 5140 1604
5416 5415 5413
5418 5416 5410
5420 4262 13
5422 635 70
5424 5422 5420
5426 4406 793
5428 5427 5425
5430 4262 72
5432 5430 2520
5434 958 624
5436 5434 960
5438 5437 5433
5440 5438 5428
5442 1590 102
5444 5442 5130
5446 4388 2894
5448 5447 5445
5450 5448 5440
5452 5450 5418
5454 4262 1404
5456 5454 2268
5458 4262 1342
5460 5458 1348
5462 5461 5457
5464 5404 1472
5466 4262 902
5468 5467 5465
5470 5468 5462
5472 4710 2700
5474 5114 2638
5476 5475 5473
5478 4262 2498
5480 5478 2504
5482 4502 2322
5484 5483 5481
5486 5484 5476
5488 5486 5470
5490 5488 5452
5492 4530 3150
5494 4406 3290
5496 5495 5493
5498 4416 2870
5500 4512 2874
5502 5501 5499
5504 5502 5496
5506 4562 2984
5508 5434 962
5510 635 46
5512 5510 5420
5514 5513 5509
5516 69 43
5518 5517 538
5520 5518 946
5522 5521 5514
5524 5522 5507
5526 4416 2932
5528 4696 2392
5530 5529 5527
5532 5530 5524
5534 5532 5504
5536 5534 5490
5538 5242 2628
5540 4262 2574
5542 5540 2580
5544 5543 5539
5546 5230 2944
5548 5238 3020
5550 5549 5547
5552 5550 5544
5554 5540 3026
5556 4400 2776
5558 5557 5555
5560 5314 3056
5562 5208 3326
5564 5563 5561
5566 5564 5558
5568 5566 5552
5570 4388 1282
5572 5366 1666
5574 5573 5571
5576 5110 3120
5578 4262 2642
5580 5578 2752
5582 5581 5577
5584 5582 5574
5586 5120 3134
5588 4472 3098
5590 5589 5587
5592 4262 2740
5594 5120 2762
5596 5595 5593
5598 5596 5590
5600 5598 5584
5602 5600 5568
5604 5120 1210
5606 4710 1636
5608 5607 5605
5610 5334 2584
5612 5458 2786
5614 5613 5611
5616 5614 5608
5618 5190 884
5620 5140 2376
5622 5621 5619
5624 5140 2372
5626 5114 1206
5628 5627 5625
5630 5628 5622
5632 5630 5616
5634 5130 3230
5636 4262 3146
5638 5637 5635
5640 2513 2389
5642 5641 5430
5644 624 44
5646 5644 852
5648 5646 860
5650 5649 5643
5652 5650 5638
5654 4400 2790
5656 5478 2502
5658 5657 5655
5660 5200 1642
5662 5454 3236
5664 5663 5661
5666 5664 5658
5668 5666 5652
5670 5668 5632
5672 5670 5602
5674 5672 5536
5676 5674 5402
5678 3460 6
5680 5678 4268
5682 5678 654
5684 5682 78
5686 5684 5680
5688 4986 106
5690 5688 4984
5692 5691 5687
5694 2436 6
5696 5694 4268
5698 5694 654
5700 5698 104
5702 5700 5696
5704 4986 104
5706 5704 4984
5708 5707 5703
5710 5708 5692
5712 5694 17
5714 5712 4268
5716 5712 654
5718 5716 58
5720 5718 5714
5722 5682 86
5724 5722 5680
5726 5725 5721
5728 2691 1413
5730 4406 1406
5732 5730 5729
5734 4986 78
5736 5734 4984
5738 5737 5733
5740 5738 5726
5742 5740 5710
5744 5716 64
5746 5744 5714
5748 2917 1225
5750 4406 1218
5752 5750 5749
5754 5753 5747
5756 2399 2261
5758 5757 4406
5760 5759 5754
5762 5682 104
5764 5762 5680
5766 117 113
5768 5767 2308
5770 3177 2277
5772 5770 5769
5774 5773 4262
5776 5775 5765
5778 4982 17
5780 5778 4268
5782 5778 654
5784 5782 58
5786 5784 5780
5788 5678 17
5790 5788 4268
5792 5788 654
5794 5792 58
5796 5794 5790
5798 5797 5787
5800 5798 5776
5802 5800 5760
5804 5802 5742
5806 4502 3268
5808 5208 1272
5810 5809 5807
5812 5578 3166
5814 5120 3374
5816 5815 5813
5818 5816 5810
5820 5270 3330
5822 5298 3336
5824 5823 5821
5826 5282 3340
5828 5120 3300
5830 5829 5827
5832 5830 5824
5834 5832 5818
5836 5238 2726
5838 5282 1258
5840 5230 2722
5842 5841 5839
5844 5842 5837
5846 4472 3422
5848 5110 3428
5850 5849 5847
5852 5140 3386
5854 5298 1246
5856 5855 5853
5858 5856 5850
5860 5858 5844
5862 5860 5834
5864 5110 2832
5866 4262 2148
5868 5867 5865
5870 4710 3112
5872 1270 104
5874 5872 5208
5876 5875 5871
5878 5876 5868
5880 5140 2374
5882 5200 922
5884 5883 5881
5886 5114 1198
5888 5120 3376
5890 5889 5887
5892 5890 5884
5894 5892 5878
5896 5114 3102
5898 4392 3108
5900 5899 5897
5902 4472 1292
5904 5264 3276
5906 5905 5903
5908 5906 5900
5910 4388 3432
5912 5120 3362
5914 5913 5911
5916 4472 3218
5918 4710 3352
5920 5919 5917
5922 5920 5914
5924 5922 5908
5926 5924 5894
5928 5926 5862
5930 5792 66
5932 5930 5790
5934 5698 86
5936 5934 5696
5938 5937 5933
5940 5716 56
5942 5940 5714
5944 5782 56
5946 5944 5780
5948 5947 5943
5950 5948 5938
5952 8 7
5954 5953 12
5956 5954 843
5958 5957 795
5960 5959 19
5962 5960 413
5964 5962 361
5966 5964 635
5968 5960 654
5970 5969 5967
5972 5964 4262
5974 5960 4268
5976 5975 5973
5978 5977 44
5980 5978 5971
5982 5782 64
5984 5982 5780
5986 5985 5981
5988 5716 66
5990 5988 5714
5992 5782 66
5994 5992 5780
5996 5995 5991
5998 5996 5986
6000 5998 5950
6002 6000 5928
6004 6002 5804
6006 6004 5676
6008 6006 5108
6010 6008 4944
6012 4823 3620
6014 5045 2110
6016 6015 6013
6018 4823 3510
6020 4839 2450
6022 6021 6019
6024 6022 6016
6026 4262 1020
6028 4268 1026
6030 6029 6027
6032 125 123
6034 6033 1031
6036 6034 6031
6038 4839 3562
6040 4791 3610
6042 6041 6039
6044 6042 6037
6046 6044 6024
6048 4262 2430
6050 4268 2436
6052 6051 6049
6054 6053 2444
6056 5045 2112
6058 6057 6055
6060 4262 3454
6062 4268 3460
6064 6063 6061
6066 6065 3558
6068 4883 1130
6070 6069 6067
6072 6070 6058
6074 6053 3514
6076 4262 1862
6078 4268 1868
6080 6079 6077
6082 6081 3912
6084 6083 6075
6086 4291 3916
6088 5033 3926
6090 6089 6087
6092 6090 6084
6094 6092 6072
6096 6094 6046
6098 6053 3594
6100 5045 3598
6102 6101 6099
6104 6065 3466
6106 4791 3470
6108 6107 6105
6110 6108 6102
6112 6031 3824
6114 4729 3828
6116 6115 6113
6118 4823 3584
6120 4839 3588
6122 6121 6119
6124 6122 6116
6126 6124 6110
6128 6053 3640
6130 5045 3644
6132 6131 6129
6134 4791 3568
6136 4823 3572
6138 6137 6135
6140 6138 6132
6142 6031 3476
6144 4729 3492
6146 6145 6143
6148 4823 3630
6150 4839 3634
6152 6151 6149
6154 6152 6146
6156 6154 6140
6158 6156 6126
6160 6158 6096
6162 4268 1084
6164 6163 4811
6166 2049 1091
6168 6166 4103
6170 6169 6165
6172 4262 2070
6174 4268 2076
6176 6175 6173
6178 3889 3805
6180 6178 3779
6182 6181 6177
6184 4061 4039
6186 6184 4117
6188 6187 4791
6190 6189 6183
6192 6190 6171
6194 6053 2442
6196 5045 3500
6198 6197 6195
6200 4791 3504
6202 6065 3606
6204 6203 6201
6206 6204 6198
6208 4281 1138
6210 4299 1142
6212 6211 6209
6214 4815 4182
6216 4831 4192
6218 6217 6215
6220 6218 6212
6222 6220 6206
6224 1975 1875
6226 6224 3877
6228 6227 6081
6230 4815 4066
6232 4729 3734
6234 6233 6231
6236 4831 4028
6238 4839 2452
6240 6239 6237
6242 6240 6234
6244 6242 6229
6246 6244 6222
6248 6246 6192
6250 6248 6160
6252 3893 2023
6254 6253 4273
6256 6177 2082
6258 4801 2120
6260 6259 6257
6262 6260 6255
6264 2067 1897
6266 6265 5033
6268 6031 3960
6270 6177 3866
6272 6271 6269
6274 6272 6267
6276 6274 6262
6278 4343 3840
6280 5033 3846
6282 6281 6279
6284 6177 3850
6286 4729 3726
6288 6287 6285
6290 6288 6282
6292 4291 3790
6294 4273 3782
6296 6295 6293
6298 4262 3524
6300 4268 3530
6302 6301 6299
6304 6303 3680
6306 4273 3684
6308 6307 6305
6310 6308 6296
6312 6310 6290
6314 6312 6276
6316 4791 2038
6318 4823 2352
6320 6319 6317
6322 5698 80
6324 101 85
6326 6325 5698
6328 6327 6323
6330 6329 5696
6332 5698 106
6334 5698 78
6336 6335 6333
6338 6337 5696
6340 6339 6331
6342 6340 6320
6344 4791 2550
6346 4851 1964
6348 6347 6345
6350 4823 2350
6352 4801 2118
6354 6353 6351
6356 6354 6348
6358 6356 6342
6360 6053 3974
6362 4851 4078
6364 6363 6361
6366 4291 1880
6368 4343 2420
6370 6369 6367
6372 6370 6364
6374 4406 2469
6376 3067 2759
6378 2713 1689
6380 6378 6376
6382 6381 4406
6384 6383 6375
6386 4823 3964
6388 4839 3970
6390 6389 6387
6392 6390 6384
6394 6392 6372
6396 6394 6358
6398 6396 6314
6400 6031 3712
6402 4823 3716
6404 6403 6401
6406 4839 3652
6408 6053 3656
6410 6409 6407
6412 6410 6404
6414 4839 3992
6416 6053 3996
6418 6417 6415
6420 5045 3702
6422 4791 3706
6424 6423 6421
6426 6424 6418
6428 6426 6412
6430 4839 3752
6432 6053 3756
6434 6433 6431
6436 5045 3814
6438 4791 3818
6440 6439 6437
6442 6440 6434
6444 5045 3662
6446 4791 3666
6448 6447 6445
6450 6031 3742
6452 4823 3746
6454 6453 6451
6456 6454 6448
6458 6456 6442
6460 6458 6428
6462 4823 4082
6464 4801 4088
6466 6465 6463
6468 4791 4092
6470 4839 4006
6472 6471 6469
6474 6472 6466
6476 4021 3541
6478 6477 4791
6480 6053 4010
6482 4851 3546
6484 6483 6481
6486 6484 6479
6488 6486 6474
6490 4823 3948
6492 6303 3536
6494 6493 6491
6496 6031 3982
6498 4823 3986
6500 6499 6497
6502 6500 6494
6504 4823 3550
6506 4291 3836
6508 6507 6505
6510 4791 3938
6512 6031 3944
6514 6513 6511
6516 6514 6508
6518 6516 6502
6520 6518 6488
6522 6520 6460
6524 6522 6398
6526 6524 6250
6528 6526 6010
6530 14 10
6532 233 137
6534 6533 22
6536 6535 217
6538 6537 20
6540 323 151
6542 6541 22
6544 233 132
6546 6545 6543
6548 6547 21
6550 6549 6539
6552 6551 19
6554 233 151
6556 6555 22
6558 6557 315
6560 6559 20
6562 29 22
6564 6563 6545
6566 6565 21
6568 6567 6561
6570 6569 18
6572 6571 6553
6574 6573 3
6576 501 181
6578 6577 21
6580 328 22
6582 6581 167
6584 6583 20
6586 6585 6579
6588 6587 19
6590 500 21
6592 22 21
6594 6592 152
6596 24 22
6598 6597 152
6600 6599 6581
6602 6601 20
6604 6603 6595
6606 6604 6591
6608 6607 18
6610 6609 6589
6612 6611 2
6614 6613 6575
6616 6615 6530
6618 136 23
6620 27 24
6622 6621 151
6624 6623 22
6626 6625 6619
6628 6627 21
6630 6629 6539
6632 6631 19
6634 165 137
6636 6635 23
6638 6637 6557
6640 6639 21
6642 6641 6561
6644 6643 18
6646 6645 6633
6648 6647 496
6650 6649 6617
6652 6651 17
6654 233 179
6656 6655 22
6658 6621 314
6660 6659 6657
6662 6661 20
6664 229 159
6666 6665 22
6668 165 151
6670 6669 23
6672 6671 6667
6674 6673 21
6676 6675 6663
6678 6677 19
6680 403 18
6682 6681 10
6684 6682 6679
6686 293 165
6688 6687 23
6690 6689 6667
6692 6691 21
6694 6693 6663
6696 6695 19
6698 6591 401
6700 6699 18
6702 6701 11
6704 6702 6697
6706 6705 190
6708 6706 6685
6710 6709 6653
6712 6711 13
6714 157 22
6716 6715 6671
6718 6717 21
6720 323 173
6722 6721 23
6724 267 22
6726 6725 6723
6728 6727 20
6730 6729 6719
6732 6731 19
6734 6635 22
6736 6735 389
6738 6737 21
6740 6725 247
6742 6741 20
6744 6743 6739
6746 6745 18
6748 6747 6733
6750 6749 598
6752 6715 365
6754 6753 21
6756 6665 23
6758 172 22
6760 6759 6757
6762 6761 20
6764 6763 6755
6766 6765 19
6768 475 22
6770 6769 365
6772 6771 21
6774 158 23
6776 6775 6759
6778 6777 20
6780 6779 6773
6782 6781 18
6784 6783 6767
6786 6785 586
6788 6787 6751
6790 6789 7
6792 134 22
6794 6793 477
6796 6795 21
6798 391 375
6800 6799 20
6802 6801 6797
6804 6803 19
6806 23 20
6808 6807 292
6810 6808 18
6812 6811 6805
6814 6813 384
6816 417 401
6818 6817 19
6820 6590 18
6822 6821 6819
6824 6823 404
6826 6825 6815
6828 6827 6
6830 6829 6791
6832 6831 12
6834 6833 6713
6836 439 141
6838 6837 20
6840 6621 179
6842 6841 22
6844 331 23
6846 6845 6843
6848 6847 21
6850 6849 6839
6852 6851 19
6854 6545 263
6856 6855 21
6858 6857 145
6860 6859 18
6862 6861 6853
6864 6863 3
6866 188 2
6868 6867 6865
6870 6869 6530
6872 6843 6619
6874 6873 21
6876 6875 6839
6878 6877 19
6880 317 151
6882 6881 21
6884 6883 145
6886 6885 18
6888 6887 6879
6890 6889 496
6892 6891 415
6894 6892 6871
6896 6895 17
6898 6769 6545
6900 6899 21
6902 233 173
6904 6903 22
6906 295 23
6908 6907 6905
6910 6909 20
6912 6911 6901
6914 6913 19
6916 6715 6545
6918 6917 21
6920 161 23
6922 6921 6905
6924 6923 20
6926 6925 6919
6928 6927 18
6930 6929 6915
6932 6931 432
6934 329 293
6936 6935 23
6938 6937 19
6940 6659 18
6942 6941 6939
6944 6905 20
6946 6944 6943
6948 158 22
6950 6948 19
6952 181 21
6954 6952 439
6956 6954 6951
6958 6957 458
6960 6958 6947
6962 6961 463
6964 6962 6933
6966 6965 16
6968 6967 6897
6970 6969 13
6972 265 233
6974 6973 22
6976 6975 6845
6978 6977 21
6980 6689 6563
6982 6981 20
6984 6983 6979
6986 6985 19
6988 6861 498
6990 6988 6987
6992 6991 508
6994 6845 181
6996 6995 21
6998 235 22
7000 6999 6689
7002 7001 20
7004 7003 6997
7006 7005 19
7008 7007 484
7010 7008 6929
7012 7011 492
7014 7013 6993
7016 7015 7
7018 383 18
7020 6808 19
7022 7021 260
7024 7022 7019
7026 7025 288
7028 6590 19
7030 7029 312
7032 7030 6681
7034 7033 348
7036 7035 7027
7038 7037 6
7040 7039 7017
7042 7041 12
7044 7043 6971
7046 441 375
7048 7047 20
7050 6623 23
7052 7051 6581
7054 7053 21
7056 7055 7049
7058 7057 19
7060 441 389
7062 7061 20
7064 6555 23
7066 7065 377
7068 7067 21
7070 7069 7063
7072 7071 18
7074 7073 7059
7076 7075 3
7078 325 21
7080 6581 327
7082 7080 6759
7084 7083 20
7086 7085 7079
7088 7087 2
7090 7089 7077
7092 7091 6530
7094 6621 137
7096 7095 23
7098 7097 6581
7100 7099 21
7102 7101 7049
7104 7103 19
7106 7097 377
7108 7107 21
7110 7109 7063
7112 7111 18
7114 7113 7105
7116 7115 496
7118 7117 415
7120 7118 7093
7122 7121 17
7124 6555 615
7126 440 19
7128 7127 7125
7130 7129 432
7132 458 230
7134 7133 7131
7136 7135 21
7138 23 19
7140 7138 6973
7142 23 18
7144 7142 6533
7146 7145 369
7148 7146 7141
7150 20 15
7152 7150 7149
7154 7153 463
7156 7154 7137
7158 7157 16
7160 7159 7123
7162 7161 13
7164 6721 21
7166 175 22
7168 7167 133
7170 7169 20
7172 7171 7165
7174 7173 18
7176 6723 251
7178 7177 21
7180 323 293
7182 7181 23
7184 6562 265
7186 7185 7183
7188 7187 20
7190 7189 7179
7192 7191 19
7194 7193 498
7196 7194 7175
7198 7197 508
7200 6723 263
7202 7201 21
7204 7203 145
7206 7205 18
7208 6535 177
7210 7209 21
7212 7097 6563
7214 7213 20
7216 7215 7211
7218 7217 19
7220 7219 484
7222 7220 7207
7224 7223 492
7226 7225 7199
7228 7227 7
7230 7172 260
7232 7231 288
7234 7204 312
7236 7235 348
7238 7237 7233
7240 7239 6
7242 7241 7229
7244 7243 12
7246 7245 7163
7248 303 229
7250 7249 20
7252 6563 477
7254 7253 21
7256 7255 7251
7258 7257 19
7260 391 303
7262 7261 20
7264 7263 6797
7266 7265 18
7268 7267 7259
7270 7269 3
7272 157 23
7274 7273 6563
7276 7275 21
7278 7277 6561
7280 7279 2
7282 7281 7271
7284 7283 6530
7286 6556 21
7288 7287 7251
7290 7289 19
7292 396 21
7294 7293 7263
7296 7295 18
7298 7297 7291
7300 7299 496
7302 7301 7285
7304 7303 17
7306 6807 6593
7308 190 19
7310 7308 228
7312 7310 7307
7314 7313 7305
7316 7315 13
7318 419 181
7320 7319 21
7322 6793 167
7324 7323 20
7326 7325 7321
7328 7327 19
7330 419 241
7332 7331 21
7334 7333 255
7336 7335 18
7338 7337 7329
7340 7339 598
7342 328 23
7344 7343 179
7346 7345 21
7348 391 167
7350 7349 20
7352 7351 7347
7354 7353 19
7356 475 21
7358 7357 6779
7360 7359 18
7362 7361 7355
7364 7363 586
7366 7365 7341
7368 7367 636
7370 7369 7317
7372 7343 6769
7374 7373 444
7376 6775 6769
7378 7377 450
7380 7379 6603
7382 7380 7375
7384 7383 496
7386 6605 6530
7388 7387 415
7390 7388 7385
7392 7391 17
7394 7273 6769
7396 7395 450
7398 444 157
7400 7399 6779
7402 7400 7397
7404 7403 458
7406 7359 432
7408 7407 463
7410 7408 7405
7412 7411 16
7414 7413 7393
7416 7415 13
7418 6619 181
7420 7419 20
7422 7421 271
7424 7423 19
7426 502 18
7428 7427 498
7430 7428 7425
7432 7431 508
7434 6949 167
7436 7435 21
7438 6937 181
7440 7439 20
7442 7441 7437
7444 7443 19
7446 7427 484
7448 7446 7445
7450 7449 492
7452 7451 7433
7454 7453 7
7456 842 6
7458 7456 147
7460 7459 7455
7462 7461 12
7464 7463 7417
7466 4751 635
7468 7467 2159
7470 7468 2157
7472 7470 2489
7474 793 195
7476 7474 837
7478 7476 2162
7480 1621 1583
7482 7480 7479
7484 1299 1189
7486 1723 1509
7488 7486 7484
7490 1491 1367
7492 2519 1211
7494 7492 7490
7496 7494 7488
7498 7496 7482
7500 3135 3109
7502 7500 3378
7504 2165 829
7506 3047 2391
7508 7506 7504
7510 7508 7502
7512 2815 2723
7514 2613 2591
7516 7514 7512
7518 3419 3363
7520 3301 2763
7522 7520 7518
7524 7522 7516
7526 7524 7510
7528 3017 2946
7530 4394 2871
7532 7530 7528
7534 3255 2475
7536 2933 2801
7538 7536 7534
7540 7538 7532
7542 7540 7526
7544 7542 7498
7546 796 635
7548 7547 2187
7550 7548 2481
7552 5971 863
7554 7553 2137
7556 192 13
7558 605 601
7560 7559 12
7562 7561 7557
7564 7563 538
7566 7565 851
7568 863 624
7570 7568 631
7572 7570 837
7574 7572 7567
7576 7575 3151
7578 7576 2659
7580 3031 2995
7582 1495 1339
7584 7582 7580
7586 2619 2595
7588 3021 2957
7590 7588 7586
7592 7590 7584
7594 1703 1513
7596 7594 933
7598 2537 2515
7600 1727 1229
7602 7600 7598
7604 7602 7596
7606 7604 7592
7608 3241 2329
7610 7608 3281
7612 3259 2713
7614 7612 7610
7616 3423 3401
7618 2819 2727
7620 7618 7616
7622 3219 3209
7624 3099 3079
7626 7624 7622
7628 7626 7620
7630 7628 7614
7632 1294 1225
7634 4748 4474
7636 7634 7632
7638 2969 2669
7640 2917 2875
7642 7640 7638
7644 7642 7636
7646 7644 7630
7648 7646 7606
7650 3205 987
7652 7650 2809
7654 3569 3471
7656 3783 3541
7658 7656 7654
7660 4149 3611
7662 3667 3505
7664 7662 7660
7666 7664 7658
7668 3819 3707
7670 4621 3685
7672 7670 7668
7674 7672 6186
7676 7674 7666
7678 1069 725
7680 7678 5094
7682 2554 2220
7684 7682 7680
7686 1915 1859
7688 4021 3893
7690 7688 7686
7692 2413 2039
7694 2415 1849
7696 7694 7692
7698 7696 7690
7700 4217 4211
7702 4221 4093
7704 7702 7700
7706 3939 2023
7708 4243 4171
7710 7708 7706
7712 7710 7704
7714 7712 7698
7716 7714 7684
7718 7716 7676
7720 793 784
7722 7721 789
7724 7723 1166
7726 7725 2145
7728 793 786
7730 47 37
7732 7730 2516
7734 7732 4669
7736 7735 4434
7738 7737 7729
7740 7739 654
7742 7741 753
7744 1993 1139
7746 4183 4067
7748 7746 7744
7750 7748 7742
7752 6224 2562
7754 7735 875
7756 496 17
7758 7756 4678
7760 7759 7755
7762 7761 6
7764 7762 654
7766 4368 3983
7768 7766 7765
7770 7768 7752
7772 3945 3913
7774 4229 4175
7776 7774 7772
7778 4043 3961
7780 3899 3877
7782 7780 7778
7784 7782 7776
7786 87 85
7788 7787 1963
7790 63 55
7792 7791 1873
7794 121 119
7796 7794 127
7798 83 77
7800 117 103
7802 7800 7798
7804 7802 6032
7806 7804 7796
7808 7807 1031
7810 7809 7793
7812 7810 7789
7814 4079 3547
7816 3713 3691
7818 7816 7814
7820 7818 7812
7822 7820 7784
7824 7822 7770
7826 4233 1909
7828 7826 6166
7830 4667 4570
7832 7733 4430
7834 7833 4685
7836 7834 7831
7838 7837 654
7840 7839 1131
7842 7840 5014
7844 7842 7828
7846 4135 4103
7848 3829 3493
7850 7848 7846
7852 7850 3738
7854 7852 7844
7856 4139 3621
7858 3631 3585
7860 7858 7856
7862 4161 1919
7864 4207 4083
7866 7864 7862
7868 7866 7860
7870 3837 3717
7872 7870 3747
7874 3573 3511
7876 3791 3551
7878 7876 7874
7880 7878 7872
7882 7880 7868
7884 4950 2354
7886 7884 4970
7888 2057 1999
7890 2045 1845
7892 7890 7888
7894 1113 691
7896 1983 1049
7898 7896 7894
7900 7898 7892
7902 3965 3881
7904 3949 3917
7906 7904 7902
7908 3987 1881
7910 7908 4978
7912 7910 7906
7914 7912 7900
7916 7914 7886
7918 7916 7882
7920 7735 4422
7922 7920 654
7924 7923 1011
7926 1839 1143
7928 4193 4029
7930 7928 7926
7932 7930 7924
7934 2061 1943
7936 4197 4145
7938 7936 7934
7940 4113 4033
7942 3841 3795
7944 7942 7940
7946 4089 4057
7948 3753 3653
7950 7948 7946
7952 7950 7944
7954 7952 7938
7956 4424 654
7958 7956 7731
7960 4667 1780
7962 7960 654
7964 7963 7959
7966 7964 663
7968 3589 1791
7970 3635 3563
7972 7970 7968
7974 7972 7966
7976 2454 2122
7978 661 62
7980 7956 2517
7982 7981 7979
7984 7982 5050
7986 7984 7976
7988 3993 3971
7990 4165 4007
7992 7990 7988
7994 2013 1905
7996 7994 2424
7998 7996 7992
8000 7998 7986
8002 8000 7974
8004 8002 7954
8006 7982 2121
8008 8006 7944
8010 8008 7938
8012 8010 7974
8014 3227 3057
8016 8014 2535
8018 2133 769
8020 8018 2337
8022 3407 3178
8024 8022 8020
8026 8024 8016
8028 2520 46
8030 8029 2523
8032 8030 3085
8034 8032 4742
8036 8034 5058
8038 5766 101
8040 8039 1446
8042 1709 1519
8044 8042 8041
8046 3067 2885
8048 1733 1449
8050 8048 8046
8052 8050 8044
8054 8052 8036
8056 2323 2235
8058 2937 2503
8060 8058 8056
8062 8060 2609
8064 2297 2249
8066 3269 3231
8068 8066 8064
8070 8068 2965
8072 1593 903
8074 1590 82
8076 8075 5443
8078 8076 8072
8080 2787 2629
8082 2505 1349
8084 8082 8080
8086 8084 8078
8088 2396 62
8090 8089 2399
8092 8090 8086
8094 8092 8070
8096 5873 5357
8098 1682 54
8100 1308 120
8102 8101 8099
8104 8102 8096
8106 8104 2463
8108 8106 2261
8110 3027 2581
8112 3005 2833
8114 8112 8110
8116 3429 3125
8118 3327 3277
8120 8118 8116
8122 8120 8114
8124 1685 1273
8126 1713 1601
8128 8126 8124
8130 2889 1481
8132 1453 1311
8134 8132 8130
8136 8134 8128
8138 8136 8122
8140 2999 2981
8142 8140 886
8144 3215 3121
8146 8144 3411
8148 3287 2742
8150 8148 8146
8152 8150 8142
8154 8152 8138
8156 8154 8108
8158 2753 2319
8160 2895 2791
8162 8160 8158
8164 8162 2985
8166 2843 1485
8168 1465 1321
8170 8168 8166
8172 3331 3317
8174 2863 2777
8176 8174 8172
8178 8176 8170
8180 1523 1283
8182 121 83
8184 8183 2146
8186 8185 1605
8188 8186 8180
8190 8188 2380
8192 8190 8178
8194 3315 2779
8196 3009 2899
8198 1318 54
8200 8199 5153
8202 8200 8196
8204 8202 8194
8206 1396 62
8208 3291 1399
8210 8208 8207
8212 3131 2293
8214 3433 3387
8216 8214 8212
8218 2149 817
8220 8218 2467
8222 8220 8216
8224 8222 8210
8226 8224 8204
8228 8226 8192
8230 3433 3237
8232 2377 1605
8234 8232 8230
8236 3167 2269
8238 8236 2651
8240 8238 8234
8242 8240 5728
8244 8242 8204
8246 6333 6327
8248 8246 5745
8250 6323 5941
8252 8250 2067
8254 3997 1897
8256 8254 8252
8258 8256 8248
8260 3515 2443
8262 3773 3757
8264 8262 8260
8266 4011 3975
8268 3927 3657
8270 8268 8266
8272 8270 8264
8274 8272 8258
8276 4993 4991
8278 8276 5689
8280 5983 5945
8282 8280 2111
8284 8282 8278
8286 8284 5046
8288 3779 3501
8290 3815 3703
8292 8290 8288
8294 3889 2083
8296 3867 3663
8298 8296 8294
8300 8298 8292
8302 8300 8286
8304 3641 2445
8306 3847 3801
8308 8306 8304
8310 6335 5719
8312 8310 5701
8314 5989 5935
8316 8314 3595
8318 8316 8312
8320 8318 8308
8322 3645 3599
8324 3851 3805
8326 8324 8322
8328 5735 5705
8330 8328 5785
8332 5993 4995
8334 8332 2113
8336 8334 8330
8338 8336 8326
8340 3559 3467
8342 3681 3537
8344 8342 8340
8346 5763 5685
8348 8346 5795
8350 5931 5723
8352 8350 3607
8354 8352 8348
8356 8354 8344
8358 2861 2245
8360 5769 1667
8362 8360 8358
8364 8362 2487
8366 3397 2239
8368 8182 127
8370 8369 1614
8372 8371 4631
8374 8372 8366
8376 2837 2697
8378 5766 103
8380 8378 8182
8382 8381 1536
8384 7786 101
8386 8385 1650
8388 8387 8383
8390 8388 8376
8392 5004 4956
8394 8392 8390
8396 2773 1381
8398 8396 4712
8400 1737 1247
8402 8400 923
8404 3353 3113
8406 3337 2847
8408 8406 8404
8410 8408 8402
8412 8410 8398
8414 1699 1259
8416 1571 1543
8418 8416 8414
8420 3383 3341
8422 2855 1199
8424 8422 8420
8426 3103 2303
8428 8426 2717
8430 8428 8424
8432 8430 8418
8434 3147 2277
8436 8434 1361
8438 2907 2701
8440 1643 1637
8442 8440 8438
8444 8442 1419
8446 2911 1207
8448 2639 1473
8450 8448 1433
8452 8450 8446
8454 2585 2183
8456 2681 1163
8458 8456 8454
8460 780 635
8462 8461 2685
8464 8462 2639
8466 8464 8446
8468 5766 111
8470 8468 6032
8472 8471 2360
8474 127 121
8476 8475 2360
8478 2393 1177
i0 p0p0bright0outside29brightness
i1 p0b02room29bed29occupied
i2 p0b02room29somebody2leaves
i3 p0b02room29somebody2enters
i4 p0b02room29switch29toggled
i5 p0b02room29empty
i6 p0b02roomlight29off
i7 p0b02roomlight29on
i8 p0b02timer29timeout
o0 u02timer29start2new2timer0f1d2timer29min25231b
o1 u02timer29start2new2timer0f1d2timer29hour241b
o2 u02timer29start2new2timer0f1d2timer29hour251b
o3 u02roomlight29light0f1d2roomlight29turn2on1b
o4 u02roomlight29light0f1d2roomlight29toggle1b
o5 u02roomlight29light0f1d2roomlight29turn2off1b
o6 u02timer29start2new2timer02timer29start2new2timer
o7 u02roomlight29light02roomlight29light
{"is_completed":true,"output_vars":["u02roomlight29light0f1d2roomlight29turn2off1b","u02roomlight29light0f1d2roomlight29toggle1b","u02roomlight29light0f1d2roomlight29turn2on1b","u02roomlight29light02roomlight29light","u02timer29start2new2timer0f1d2timer29hour251b","u02timer29start2new2timer0f1d2timer29hour241b","u02timer29start2new2timer0f1d2timer29min25231b","u02timer29start2new2timer02timer29start2new2timer"],"input_vars":["p0p0bright0outside29brightness","p0b02room29bed29occupied","p0b02room29somebody2leaves","p0b02room29somebody2enters","p0b02room29switch29toggled","p0b02room29empty","p0b02roomlight29off","p0b02roomlight29on","p0b02timer29timeout"],"formula":"((G ((! (((! (((u02timer29start2new2timer0f1d2timer29hour241b) && (! (u02timer29start2new2timer02timer29start2new2timer))) <-> ((u02timer29start2new2timer02timer29start2new2timer) && (! (u02timer29start2new2timer0f1d2timer29hour241b))))) && (! ((u02timer29start2new2timer0f1d2timer29hour251b) || (u02timer29start2new2timer0f1d2timer29min25231b)))) <-> ((! (((u02timer29start2new2timer0f1d2timer29hour251b) && (! (u02timer29start2new2timer0f1d2timer29min25231b))) <-> ((u02timer29start2new2timer0f1d2timer29min25231b) && (! (u02timer29start2new2timer0f1d2timer29hour251b))))) && (! ((u02timer29start2new2timer0f1d2timer29hour241b) || (u02timer29start2new2timer02timer29start2new2timer)))))) && (! (((! (((u02roomlight29light0f1d2roomlight29toggle1b) && (! (u02roomlight29light02roomlight29light))) <-> ((u02roomlight29light02roomlight29light) && (! (u02roomlight29light0f1d2roomlight29toggle1b))))) && (! ((u02roomlight29light0f1d2roomlight29turn2off1b) || (u02roomlight29light0f1d2roomlight29turn2on1b)))) <-> ((! (((u02roomlight29light0f1d2roomlight29turn2off1b) && (! (u02roomlight29light0f1d2roomlight29turn2on1b))) <-> ((u02roomlight29light0f1d2roomlight29turn2on1b) && (! (u02roomlight29light0f1d2roomlight29turn2off1b))))) && (! ((u02roomlight29light0f1d2roomlight29toggle1b) || (u02roomlight29light02roomlight29light)))))))) && ((((((((((((G ((u02timer29start2new2timer0f1d2timer29min25231b) -> (F (p0b02timer29timeout)))) && (G ((u02timer29start2new2timer0f1d2timer29hour241b) -> (F (p0b02timer29timeout))))) && (G ((u02timer29start2new2timer0f1d2timer29hour251b) -> (F (p0b02timer29timeout))))) && (G (! ((p0b02roomlight29on) <-> (p0b02roomlight29off))))) && (G (((u02roomlight29light0f1d2roomlight29turn2on1b) || ((u02roomlight29light0f1d2roomlight29toggle1b) && (p0b02roomlight29off))) -> (X (F (((u02roomlight29light0f1d2roomlight29turn2off1b) || (u02roomlight29light0f1d2roomlight29toggle1b)) R (p0b02roomlight29on))))))) && (G (((u02roomlight29light0f1d2roomlight29turn2off1b) || ((u02roomlight29light0f1d2roomlight29toggle1b) && (p0b02roomlight29on))) -> (X (F (((u02roomlight29light0f1d2roomlight29turn2on1b) || (u02roomlight29light0f1d2roomlight29toggle1b)) R (p0b02roomlight29off))))))) && (G ((p0b02room29empty) -> (! (p0b02room29switch29toggled))))) && (G ((p0b02room29somebody2enters) -> (((! (p0b02room29empty)) U ((p0b02room29somebody2leaves) && (p0b02room29empty))) || (G (! (p0b02room29empty))))))) && (G (((p0b02room29somebody2leaves) && (p0b02room29empty)) -> (((p0b02room29empty) U (p0b02room29somebody2enters)) || (G (p0b02room29empty)))))) && (G ((p0b02room29bed29occupied) -> (! (p0b02room29empty))))) && ((((! (p0b02room29empty)) U ((p0b02room29somebody2leaves) && (p0b02room29empty))) || (G (! (p0b02room29empty)))) || (((p0b02room29empty) U (p0b02room29somebody2enters)) || (G (p0b02room29empty))))) -> (((G ((X (p0b02roomlight29on)) -> (! (p0b02room29empty)))) && (G (((p0b02room29somebody2leaves) && (p0b02room29empty)) -> ((u02timer29start2new2timer0f1d2timer29hour251b) && (F ((p0b02room29somebody2enters) || ((p0b02timer29timeout) && (F (((p0b02roomlight29off) U (p0b02room29somebody2enters)) || (G (p0b02roomlight29off))))))))))) && (G ((p0p0bright0outside29brightness) -> (((p0b02room29switch29toggled) && (p0b02roomlight29off)) -> (X (F (((p0b02roomlight29on) U ((p0b02room29switch29toggled) || (p0b02room29empty))) || (G (p0b02roomlight29on)))))))))))","total_time":4200,"automaton":{"is_built":true,"build_duration":269,"total_states":48,"state_based_status":"true","prune_automaton_duration":0,"pruned_state_based_status":"true","prune_total_states":48,"total_edges":612},"dependency":{"dependency_approach":"automaton","tested_dependencies":[{"name":"u02timer29start2new2timer02timer29start2new2timer","duration":228,"is_dependent":true,"tested_dependency_set":["p0p0bright0outside29brightness","p0b02room29bed29occupied","p0b02room29somebody2leaves","p0b02room29somebody2enters","p0b02room29switch29toggled","p0b02room29empty","p0b02roomlight29off","p0b02roomlight29on","p0b02timer29timeout","u02roomlight29light0f1d2roomlight29turn2off1b","u02roomlight29light0f1d2roomlight29toggle1b","u02roomlight29light0f1d2roomlight29turn2on1b","u02roomlight29light02roomlight29light","u02timer29start2new2timer0f1d2timer29hour251b","u02timer29start2new2timer0f1d2timer29hour241b","u02timer29start2new2timer0f1d2timer29min25231b"]},{"name":"u02timer29start2new2timer0f1d2timer29min25231b","duration":0,"is_dependent":false,"tested_dependency_set":["p0p0bright0outside29brightness","p0b02room29bed29occupied","p0b02room29somebody2leaves","p0b02room29somebody2enters","p0b02room29switch29toggled","p0b02room29empty","p0b02roomlight29off","p0b02roomlight29on","p0b02timer29timeout","u02roomlight29light0f1d2roomlight29turn2off1b","u02roomlight29light0f1d2roomlight29toggle1b","u02roomlight29light0f1d2roomlight29turn2on1b","u02roomlight29light02roomlight29light","u02timer29start2new2timer0f1d2timer29hour251b","u02timer29start2new2timer0f1d2timer29hour241b"]},{"name":"u02timer29start2new2timer0f1d2timer29hour241b","duration":0,"is_dependent":false,"tested_dependency_set":["p0p0bright0outside29brightness","p0b02room29bed29occupied","p0b02room29somebody2leaves","p0b02room29somebody2enters","p0b02room29switch29toggled","p0b02room29empty","p0b02roomlight29off","p0b02roomlight29on","p0b02timer29timeout","u02roomlight29light0f1d2roomlight29turn2off1b","u02roomlight29light0f1d2roomlight29toggle1b","u02roomlight29light0f1d2roomlight29turn2on1b","u02roomlight29light02roomlight29light","u02timer29start2new2timer0f1d2timer29hour251b","u02timer29start2new2timer0f1d2timer29min25231b"]},{"name":"u02timer29start2new2timer0f1d2timer29hour251b","duration":0,"is_dependent":false,"tested_dependency_set":["p0p0bright0outside29brightness","p0b02room29bed29occupied","p0b02room29somebody2leaves","p0b02room29somebody2enters","p0b02room29switch29toggled","p0b02room29empty","p0b02roomlight29off","p0b02roomlight29on","p0b02timer29timeout","u02roomlight29light0f1d2roomlight29turn2off1b","u02roomlight29light0f1d2roomlight29toggle1b","u02roomlight29light0f1d2roomlight29turn2on1b","u02roomlight29light02roomlight29light","u02timer29start2new2timer0f1d2timer29min25231b","u02timer29start2new2timer0f1d2timer29hour241b"]},{"name":"u02roomlight29light02roomlight29light","duration":406,"is_dependent":true,"tested_dependency_set":["p0p0bright0outside29brightness","p0b02room29bed29occupied","p0b02room29somebody2leaves","p0b02room29somebody2enters","p0b02room29switch29toggled","p0b02room29empty","p0b02roomlight29off","p0b02roomlight29on","p0b02timer29timeout","u02roomlight29light0f1d2roomlight29turn2off1b","u02roomlight29light0f1d2roomlight29toggle1b","u02roomlight29light0f1d2roomlight29turn2on1b","u02timer29start2new2timer0f1d2timer29min25231b","u02timer29start2new2timer0f1d2timer29hour241b","u02timer29start2new2timer0f1d2timer29hour251b"]},{"name":"u02roomlight29light0f1d2roomlight29turn2on1b","duration":0,"is_dependent":false,"tested_dependency_set":["p0p0bright0outside29brightness","p0b02room29bed29occupied","p0b02room29somebody2leaves","p0b02room29somebody2enters","p0b02room29switch29toggled","p0b02room29empty","p0b02roomlight29off","p0b02roomlight29on","p0b02timer29timeout","u02roomlight29light0f1d2roomlight29turn2off1b","u02roomlight29light0f1d2roomlight29toggle1b","u02timer29start2new2timer0f1d2timer29min25231b","u02timer29start2new2timer0f1d2timer29hour241b","u02timer29start2new2timer0f1d2timer29hour251b"]},{"name":"u02roomlight29light0f1d2roomlight29toggle1b","duration":0,"is_dependent":false,"tested_dependency_set":["p0p0bright0outside29brightness","p0b02room29bed29occupied","p0b02room29somebody2leaves","p0b02room29somebody2enters","p0b02room29switch29toggled","p0b02room29empty","p0b02roomlight29off","p0b02roomlight29on","p0b02timer29timeout","u02roomlight29light0f1d2roomlight29turn2off1b","u02timer29start2new2timer0f1d2timer29min25231b","u02timer29start2new2timer0f1d2timer29hour241b","u02timer29start2new2timer0f1d2timer29hour251b","u02roomlight29light0f1d2roomlight29turn2on1b"]},{"name":"u02roomlight29light0f1d2roomlight29turn2off1b","duration":0,"is_dependent":false,"tested_dependency_set":["p0p0bright0outside29brightness","p0b02room29bed29occupied","p0b02room29somebody2leaves","p0b02room29somebody2enters","p0b02room29switch29toggled","p0b02room29empty","p0b02roomlight29off","p0b02roomlight29on","p0b02timer29timeout","u02timer29start2new2timer0f1d2timer29min25231b","u02timer29start2new2timer0f1d2timer29hour241b","u02timer29start2new2timer0f1d2timer29hour251b","u02roomlight29light0f1d2roomlight29turn2on1b","u02roomlight29light0f1d2roomlight29toggle1b"]}],"total_duration":651,"is_completed":true,"skipped_dependencies":false,"total_pair_state":430,"search_pair_state_duration":15},"unate":{"skipped_unate":true},"synthesis":{"remove_dependent_ap_duration":0,"clone_nba_with_dep":0,"synthesis_dependents_duration":36,"model_checking_status":"UNKNOWN","merge_strategies_duration":963,"final_strategy":{"duration":36,"total_inputs":15,"total_outputs":2,"total_latches":48,"total_gates":7771},"independent_strategy":{"duration":2276,"realizability":"REALIZABLE","total_inputs":9,"total_outputs":6,"total_latches":5,"total_gates":926},"dependent_strategy":{"duration":36,"total_inputs":15,"total_outputs":2,"total_latches":48,"total_gates":7771}}}
