Hierarchy reader flattened 2 instances of logic boxes and left 0 black boxes.
aag 4983 6 59 5 4918
2
4
6
8
10
12
14 4527
16 5525
18 6561
20 7565
22 8519
24 9315
26 9537
28 1
30 0
32 9547
34 9565
36 9569
38 9583
40 9589
42 9591
44 9601
46 9605
48 9615
50 9619
52 9635
54 9641
56 9649
58 9661
60 9679
62 9687
64 9697
66 9711
68 9717
70 9733
72 9745
74 9755
76 9767
78 9779
80 9781
82 9791
84 9805
86 9813
88 9827
90 9849
92 9867
94 9877
96 9887
98 9911
100 9913
102 9915
104 9921
106 9705
108 9923
110 9925
112 9929
114 9935
116 9937
118 9947
120 9957
122 9963
124 1573
126 9964
128 9897
130 9967
459
991
1067
2399
3407
132 12 11
134 7 4
136 27 24
138 136 22
140 138 21
142 27 25
144 142 23
146 145 139
148 147 20
150 149 141
152 151 19
154 25 23
156 155 139
158 157 21
160 136 23
162 142 22
164 163 161
166 165 20
168 167 159
170 169 18
172 171 153
174 173 17
176 158 19
178 162 20
180 26 24
182 181 23
184 182 21
186 185 179
188 187 18
190 189 177
192 191 16
194 193 175
196 195 15
198 26 25
200 198 23
202 201 139
204 203 20
206 205 159
208 207 19
210 147 21
212 136 20
214 213 211
216 215 18
218 217 209
220 219 17
222 138 20
224 154 21
226 224 18
228 227 223
230 228 177
232 231 16
234 233 221
236 235 14
238 237 197
240 239 9
242 17 15
244 27 22
246 244 20
248 247 211
250 249 18
252 154 20
254 252 19
256 160 21
258 256 19
260 259 255
262 260 251
264 263 242
266 210 19
268 267 189
270 269 16
272 210 18
274 27 23
276 274 21
278 200 20
280 279 277
282 281 19
284 283 273
286 17 14
288 286 285
290 289 271
292 290 265
294 293 8
296 295 241
298 297 134
300 144 21
302 300 18
304 303 9
306 273 8
308 307 305
310 223 211
312 311 19
314 313 16
316 314 309
318 158 18
320 300 19
322 321 17
324 322 319
326 325 317
328 327 14
330 144 20
332 330 19
334 333 17
336 334 273
338 301 223
340 339 19
342 227 16
344 342 341
346 345 337
348 347 15
350 349 5
352 350 329
354 342 321
356 355 15
358 356 337
360 321 273
362 361 17
364 303 267
366 365 16
368 367 363
370 369 14
372 371 359
374 6 4
376 374 373
378 377 353
380 378 299
382 381 132
384 13 10
386 300 243
388 333 303
390 389 242
392 391 387
394 135 8
396 395 393
398 331 257
400 399 19
402 160 20
404 403 301
406 405 18
408 407 401
410 409 17
412 222 19
414 178 18
416 415 277
418 416 413
420 419 16
422 421 411
424 423 15
426 267 227
428 427 17
430 277 213
432 431 19
434 275 139
436 435 21
438 437 179
440 439 18
442 441 433
444 443 16
446 445 429
448 447 14
450 449 425
452 451 394
454 453 397
456 455 384
458 457 383
460 245 183
462 461 19
464 461 21
466 27 20
468 467 465
470 469 18
472 471 463
474 473 11
476 203 21
478 477 247
480 479 19
482 199 137
484 483 23
486 485 163
488 487 21
490 489 179
492 491 18
494 493 481
496 495 17
498 476 19
500 274 20
502 162 21
504 503 501
506 505 18
508 500 19
510 509 507
512 510 499
514 513 16
516 515 497
518 517 15
520 200 21
522 485 245
524 523 20
526 525 521
528 527 19
530 467 257
532 531 18
534 533 529
536 535 17
538 245 201
540 539 21
542 541 253
544 543 19
546 521 223
548 547 18
550 549 545
552 551 16
554 553 537
556 555 14
558 557 519
560 559 9
562 201 163
564 563 20
566 565 521
568 567 19
570 489 149
572 571 18
574 573 569
576 575 17
578 403 141
580 579 19
582 244 21
584 583 223
586 585 18
588 587 581
590 589 16
592 591 577
594 593 15
596 245 161
598 597 20
600 598 19
602 245 145
604 603 20
606 605 257
608 607 18
610 609 601
612 611 17
614 520 18
616 140 19
618 617 333
620 618 615
622 621 16
624 623 613
626 625 14
628 627 595
630 629 8
632 631 561
634 633 134
636 521 179
638 637 19
640 165 21
642 640 18
644 643 639
646 645 17
648 502 19
650 649 501
652 651 16
654 653 647
656 655 15
658 503 167
660 659 19
662 142 20
664 663 641
666 665 18
668 667 661
670 669 17
672 502 18
674 617 255
676 674 673
678 677 16
680 679 671
682 681 14
684 683 657
686 685 5
688 641 331
690 689 18
692 691 639
694 693 17
696 402 19
698 503 403
700 699 18
702 701 697
704 703 16
706 705 695
708 707 15
710 166 19
712 663 257
714 713 18
716 715 711
718 717 17
720 583 253
722 721 19
724 722 16
726 725 719
728 727 14
730 729 709
732 731 374
734 733 687
736 734 635
738 737 3
740 275 163
742 741 20
744 743 541
746 745 19
748 747 507
750 749 16
752 751 497
754 753 15
756 563 21
758 757 525
760 759 19
762 641 467
764 763 18
766 765 761
768 767 17
770 756 18
772 222 18
774 773 771
776 774 545
778 777 16
780 779 769
782 781 14
784 783 755
786 785 9
788 565 477
790 789 19
792 605 489
794 793 18
796 795 791
798 797 17
800 743 141
802 801 19
804 583 149
806 805 18
808 807 803
810 809 16
812 811 799
814 813 15
816 599 257
818 817 19
820 604 18
822 821 643
824 822 819
826 825 17
828 663 141
830 829 19
832 330 18
834 833 771
836 834 831
838 837 16
840 839 827
842 841 14
844 843 815
846 845 8
848 847 787
850 849 134
852 505 19
854 853 701
856 855 16
858 857 695
860 859 15
862 711 667
864 863 17
866 865 725
868 867 14
870 869 861
872 871 374
874 873 687
876 874 851
878 877 2
880 879 739
882 881 10
884 883 475
886 885 13
888 399 18
890 888 17
892 503 331
894 893 19
896 895 507
898 897 16
900 899 891
902 901 15
904 18 17
906 905 502
908 642 17
910 909 907
912 911 14
914 913 903
916 915 9
918 178 19
920 919 889
922 921 17
924 663 503
926 925 19
928 927 507
930 929 16
932 931 923
934 933 15
936 690 17
938 162 19
940 18 16
942 940 893
944 943 939
946 944 937
948 947 14
950 949 935
952 951 8
954 953 917
956 955 5
958 19 17
960 959 15
962 960 330
964 256 18
966 964 286
968 967 963
970 9 4
972 970 7
974 972 969
976 952 374
978 977 975
980 978 957
982 981 11
984 473 10
986 985 983
988 987 12
990 989 887
992 301 179
994 993 19
996 331 277
998 997 18
1000 999 995
1002 1001 17
1004 142 19
1006 142 21
1008 1007 501
1010 1009 18
1012 1011 1005
1014 1013 16
1016 1015 1003
1018 1017 15
1020 1007 179
1022 1021 19
1024 1007 331
1026 1025 18
1028 1026 16
1030 1029 1023
1032 1030 937
1034 1033 14
1036 1035 1019
1038 394 384
1040 1038 1037
1042 276 19
1044 1043 407
1046 1045 17
1048 1047 421
1050 1049 15
1052 615 267
1054 1053 17
1056 1055 445
1058 1057 14
1060 1059 1051
1062 394 132
1064 1062 1061
1066 1065 1041
1068 1067 374
1070 970 6
1072 1070 1066
1074 1073 1069
1076 1075 458
1078 13 2
1080 1079 990
1082 1080 1076
1084 991 459
1086 1079 1075
1088 1086 1085
1090 1088 66
1092 1090 1082
1094 385 133
1096 1095 1075
1098 1096 1085
1100 1098 62
1102 1096 458
1104 1102 990
1106 1104 1100
1108 1107 1093
1110 1076 990
1112 1085 1075
1114 1112 92
1116 1114 1110
1118 375 9
1120 1118 1066
1122 1067 375
1124 1123 1121
1126 1125 12
1128 1126 458
1130 1128 990
1132 1126 1085
1134 1132 92
1136 1134 1130
1138 1137 1117
1140 1138 1108
1142 1112 86
1144 1142 1110
1146 990 458
1148 13 3
1150 1148 1146
1152 1148 1085
1154 1152 76
1156 1154 1150
1158 1157 1145
1160 1132 64
1162 1160 1130
1164 458 13
1166 1164 990
1168 1166 1125
1170 1125 13
1172 1170 1085
1174 1172 64
1176 1174 1168
1178 1177 1163
1180 1178 1158
1182 1180 1140
1184 7 5
1186 1184 458
1188 1186 990
1190 1184 1085
1192 1190 100
1194 1192 1188
1196 1069 8
1198 1197 990
1200 458 11
1202 1200 1198
1204 1197 11
1206 1204 1085
1208 1206 84
1210 1208 1202
1212 1211 1195
1214 375 8
1216 1214 1067
1218 1216 132
1220 1218 458
1222 1220 990
1224 1218 1085
1226 1224 118
1228 1226 1222
1230 1075 990
1232 1230 1200
1234 1075 11
1236 1234 1085
1238 1236 120
1240 1238 1232
1242 1241 1229
1244 1242 1212
1246 1198 1164
1248 1197 13
1250 1248 1085
1252 1250 94
1254 1252 1246
1256 1230 1164
1258 1075 13
1260 1258 1085
1262 1260 64
1264 1262 1256
1266 1265 1255
1268 1125 10
1270 1268 12
1272 1270 1146
1274 1270 990
1276 1274 124
1278 1274 126
1280 1279 1277
1282 1281 1272
1284 1075 10
1286 1284 1146
1288 1284 990
1290 1288 126
1292 1288 120
1294 1293 1291
1296 1295 1286
1298 1297 1283
1300 1298 1266
1302 1300 1244
1304 1302 1182
1306 1078 990
1308 1125 458
1310 1308 1306
1312 1125 1078
1314 1312 1085
1316 1314 106
1318 1316 1310
1320 1132 106
1322 1320 1130
1324 1323 1319
1326 1075 12
1328 1326 458
1330 1328 990
1332 1326 1085
1334 1332 108
1336 1334 1330
1338 1308 990
1340 990 13
1342 1341 459
1344 131 97
1346 1345 1125
1348 1346 1343
1350 1348 1338
1352 1351 1337
1354 1352 1324
1356 1078 10
1358 8 5
1360 1358 7
1362 1360 1356
1364 1362 1146
1366 1362 1085
1368 1366 36
1370 1368 1364
1372 1224 40
1374 1372 1222
1376 1375 1371
1378 12 10
1380 13 11
1382 1381 1379
1384 1383 1085
1386 1384 42
1388 1386 1146
1390 1079 11
1392 1390 1146
1394 1390 1085
1396 1394 112
1398 1396 1392
1400 1399 1389
1402 1400 1376
1404 1402 1354
1406 1146 1078
1408 1085 1078
1410 1408 76
1412 1410 1406
1414 1085 13
1416 1414 78
1418 1416 1166
1420 1419 1413
1422 1085 11
1424 1422 80
1426 1200 990
1428 1426 1424
1430 1201 991
1432 1431 1125
1434 1432 88
1436 1434 1338
1438 1437 1429
1440 1438 1420
1442 99 97
1444 1443 1260
1446 1444 1256
1448 1125 11
1450 1448 12
1452 1450 458
1454 1452 990
1456 1450 1085
1458 91 89
1460 1459 1456
1462 1460 1454
1464 1463 1447
1466 1431 1184
1468 1466 102
1470 1468 1188
1472 458 134
1474 1472 990
1476 1431 134
1478 1476 102
1480 1478 1474
1482 1481 1471
1484 1482 1464
1486 1484 1440
1488 1486 1404
1490 1488 1304
1492 134 46
1494 1492 1384
1496 134 8
1498 31 28
1500 1499 1356
1502 1500 1496
1504 1502 1085
1506 1085 32
1508 1507 1505
1510 1095 62
1512 1510 1125
1514 1383 40
1516 1514 1214
1518 1499 1358
1520 1518 1095
1522 1521 1517
1524 1523 1067
1526 1497 11
1528 1526 12
1530 1528 54
1532 1184 1095
1534 1532 46
1536 1535 1531
1538 1536 1525
1540 1538 1513
1542 1540 1508
1544 1542 1495
1546 1545 1146
1548 1132 66
1550 1548 1130
1552 1098 68
1554 1552 1104
1556 1555 1551
1558 1456 68
1560 1558 1454
1562 1268 124
1564 1562 990
1566 990 10
1568 1216 118
1570 1568 1566
1572 1571 1565
1574 1573 1146
1576 1575 1561
1578 1576 1556
1580 1383 1075
1582 1580 1146
1584 1580 1085
1586 1584 68
1588 1586 1582
1590 1288 88
1592 1288 90
1594 1593 1591
1596 1595 1286
1598 1597 1589
1600 1184 44
1602 1600 1408
1604 1306 1186
1606 1604 1602
1608 134 44
1610 1608 1408
1612 1472 1306
1614 1612 1610
1616 1615 1607
1618 1616 1598
1620 1618 1578
1622 1620 1547
1624 1152 116
1626 1624 1150
1628 1456 120
1630 1628 1454
1632 1631 1627
1634 1250 122
1636 1634 1246
1638 1432 126
1640 1638 1338
1642 1641 1637
1644 1642 1632
1646 1078 11
1648 1646 1146
1650 1646 1085
1652 1650 112
1654 1652 1648
1656 1408 116
1658 1656 1406
1660 1659 1655
1662 1206 118
1664 1662 1202
1666 1380 991
1668 1667 1341
1670 1669 114
1672 1670 1166
1674 1673 1665
1676 1674 1660
1678 1676 1644
1680 1306 1076
1682 1078 1075
1684 1682 1085
1686 1684 66
1688 1686 1680
1690 1584 62
1692 1690 1582
1694 1693 1689
1696 1270 1085
1698 1696 62
1700 1698 1272
1702 1332 64
1704 1702 1330
1706 1705 1701
1708 1706 1694
1710 1216 13
1712 1710 1085
1714 1712 122
1716 1714 1146
1718 1696 68
1720 1718 1272
1722 1721 1717
1724 1394 72
1726 1724 1392
1728 1650 72
1730 1728 1648
1732 1731 1727
1734 1732 1722
1736 1734 1708
1738 1736 1678
1740 1738 1622
1742 1740 1490
1744 1566 80
1746 1197 82
1748 1746 1085
1750 1748 1198
1752 1751 1745
1754 1753 458
1756 1456 124
1758 1456 126
1760 1759 1757
1762 1761 1454
1764 1763 1755
1766 1125 1085
1768 1383 62
1770 1768 1766
1772 1527 12
1774 1772 54
1776 1774 1085
1778 1492 1095
1780 1497 10
1782 1780 13
1784 1782 54
1786 1785 1779
1788 1786 1777
1790 1788 1771
1792 1791 1146
1794 1236 124
1796 1236 126
1798 1797 1795
1800 1799 1232
1802 1801 1793
1804 1802 1764
1806 1459 1274
1808 1806 1272
1810 1600 1079
1812 1810 1085
1814 1079 458
1816 1184 990
1818 1816 1814
1820 1818 1812
1822 458 12
1824 1822 990
1826 114 12
1828 1826 1431
1830 1828 1824
1832 1831 1821
1834 1832 1809
1836 1197 12
1838 1836 458
1840 1838 990
1842 1836 52
1844 1842 1085
1846 1844 1840
1848 1197 10
1850 1848 1146
1852 1848 990
1854 1852 84
1856 1854 1850
1858 1857 1847
1860 134 100
1862 1860 1085
1864 1862 1474
1866 1608 1079
1868 1866 1085
1870 990 134
1872 1870 1814
1874 1872 1868
1876 1875 1865
1878 1876 1858
1880 1878 1834
1882 1236 88
1884 1236 90
1886 1885 1883
1888 1887 1232
1890 131 129
1892 1891 1260
1894 1892 1256
1896 1895 1889
1898 1896 1880
1900 1898 1804
1902 1496 1095
1904 1902 1085
1906 1904 42
1908 1184 46
1910 1908 1384
1912 1783 1529
1914 1913 1085
1916 1914 42
1918 1917 1911
1920 1918 1907
1922 1781 1148
1924 1923 1773
1926 1925 36
1928 1926 1085
1930 1514 1197
1932 1930 1085
1934 1095 40
1936 1934 1216
1938 1937 49
1940 1938 1933
1942 1940 1929
1944 1781 36
1946 1944 1408
1948 1360 384
1950 1360 132
1952 1951 1949
1954 1953 1085
1956 1954 42
1958 1957 1947
1960 1958 1942
1962 1960 1920
1964 1963 1146
1966 1781 54
1968 1966 1414
1970 56 12
1972 1970 1190
1974 1973 1969
1976 1970 134
1978 1976 1085
1980 1184 13
1982 1980 56
1984 1982 1085
1986 1985 1979
1988 134 13
1990 1988 56
1992 1990 1085
1994 1948 54
1996 1994 1085
1998 1997 59
2000 1998 1993
2002 2000 1986
2004 2002 1974
2006 2005 1146
2008 2007 1965
2010 2008 1900
2012 1518 1356
2014 2012 1067
2016 2014 1085
2018 1518 132
2020 2018 1067
2022 2020 1085
2024 2023 2017
2026 2025 1146
2028 1216 12
2030 2028 458
2032 2030 990
2034 2028 1085
2036 2034 34
2038 2036 2032
2040 2039 2027
2042 1766 86
2044 2042 1338
2046 134 104
2048 2046 1343
2050 2048 1474
2052 2051 2045
2054 2052 2040
2056 1148 10
2058 2057 133
2060 2059 1497
2062 1497 1356
2064 2063 1382
2066 2064 1903
2068 2066 2061
2070 2068 1915
2072 1499 1146
2074 2072 2071
2076 1216 458
2078 2076 990
2080 1216 94
2082 2080 1343
2084 2082 2078
2086 2085 2075
2088 1172 128
2090 2088 1168
2092 1499 1366
2094 2092 1364
2096 2095 2091
2098 2096 2086
2100 2098 2054
2102 1088 106
2104 2102 1082
2106 1684 106
2108 2106 1680
2110 2109 2105
2112 1308 1080
2114 1125 1079
2116 2114 1085
2118 2116 106
2120 2118 2112
2122 1260 108
2124 2122 1256
2126 2125 2121
2128 2126 2110
2130 1132 108
2132 2130 1130
2134 1172 108
2136 2134 1168
2138 2137 2133
2140 1414 110
2142 2140 1166
2144 1184 104
2146 2144 1343
2148 2146 1188
2150 2149 2143
2152 2150 2138
2154 2152 2128
2156 2154 2100
2158 1356 990
2160 2158 112
2162 1356 1146
2164 2162 2160
2166 2057 1379
2168 2167 990
2170 2168 112
2172 2167 1146
2174 2172 2170
2176 2175 2165
2178 2031 1839
2180 2179 122
2182 1822 116
2184 1383 74
2186 2185 2183
2188 1128 128
2190 1822 110
2192 1197 34
2194 2193 1217
2196 85 83
2198 2196 35
2200 2199 458
2202 2200 2195
2204 2203 2191
2206 2204 2189
2208 2206 2186
2210 2208 2181
2212 2211 990
2214 2213 2176
2216 1197 1095
2218 2216 40
2220 2062 36
2222 2060 36
2224 2223 2221
2226 2224 2219
2228 132 74
2230 1448 124
2232 1568 11
2234 2233 2231
2236 2234 2229
2238 2236 2226
2240 2239 1146
2242 1328 96
2244 1328 98
2246 2245 2243
2248 1328 128
2250 1328 130
2252 2251 2249
2254 2252 2246
2256 2255 1330
2258 1128 98
2260 2258 1130
2262 1838 94
2264 2262 1840
2266 1822 76
2268 1822 78
2270 2269 2267
2272 2271 1824
2274 2273 2265
2276 2274 2261
2278 2276 2257
2280 2278 2241
2282 2280 2214
2284 2168 72
2286 2284 2172
2288 384 74
2290 2288 990
2292 51 39
2294 2292 71
2296 2294 2291
2298 2297 1146
2300 2299 2287
2302 1274 120
2304 2302 1272
2306 1288 124
2308 2306 1286
2310 2309 2305
2312 2310 2300
2314 1852 118
2316 2314 1850
2318 1378 1216
2320 2318 990
2322 2320 118
2324 2318 1146
2326 2324 2322
2328 2327 2317
2330 2320 84
2332 2330 2324
2334 2158 72
2336 2334 2162
2338 2337 2333
2340 2338 2328
2342 2340 2312
2344 2342 2282
2346 1684 60
2348 2346 1680
2350 2116 60
2352 2350 2112
2354 2353 2349
2356 1314 60
2358 2356 1310
2360 1132 60
2362 2360 1130
2364 2363 2359
2366 2364 2354
2368 1250 52
2370 2368 1246
2372 2034 52
2374 2372 2032
2376 2375 2371
2378 1088 60
2380 2378 1082
2382 1712 52
2384 2382 1146
2386 2385 2381
2388 2386 2376
2390 2388 2366
2392 2390 2344
2394 2392 2156
2396 2394 2010
2398 2396 1742
2400 1066 990
2402 1066 458
2404 2402 991
2406 2405 2401
2408 1950 54
2410 2408 1085
2412 1929 1777
2414 2412 2411
2416 2059 1360
2418 2416 1085
2420 2418 36
2422 2421 1986
2424 2422 2414
2426 2425 2407
2428 1066 13
2430 2428 1085
2432 1414 58
2434 2432 2430
2436 1072 990
2438 1072 458
2440 2438 991
2442 2441 2437
2444 2443 1079
2446 2444 2378
2448 2447 2435
2450 2443 1078
2452 2450 2346
2454 1120 990
2456 1120 458
2458 2456 991
2460 2459 2455
2462 2461 1079
2464 2462 2350
2466 2465 2453
2468 2466 2448
2470 2407 1078
2472 1408 48
2474 2472 2470
2476 1066 9
2478 2476 990
2480 2476 458
2482 2480 991
2484 2483 2479
2486 2485 13
2488 2486 2368
2490 2489 2475
2492 1118 11
2494 2492 12
2496 2494 2407
2498 1456 62
2500 2498 2496
2502 2443 1383
2504 2502 1690
2506 2505 2501
2508 2506 2490
2510 2508 2468
2512 2510 2427
2514 2444 2102
2516 2462 2118
2518 2517 2515
2520 2461 1078
2522 2520 1316
2524 1066 12
2526 2524 1118
2528 2526 1085
2530 2528 1320
2532 2531 2523
2534 2532 2518
2536 2528 2360
2538 2524 1070
2540 2538 1085
2542 2540 1334
2544 2543 2537
2546 1185 135
2548 2547 1066
2550 2548 1343
2552 2550 104
2554 2553 2544
2556 2554 2534
2558 1118 10
2560 2558 12
2562 2560 2407
2564 2562 1718
2566 1414 70
2568 2566 2430
2570 2569 2565
2572 2407 1390
2574 2572 1724
2576 2407 1646
2578 2576 1728
2580 2579 2575
2582 2580 2570
2584 2443 1095
2586 2584 1552
2588 2496 1558
2590 2589 2587
2592 2502 1586
2594 1095 459
2596 2594 2436
2598 2594 1230
2600 2598 68
2602 2600 2596
2604 2603 2593
2606 2604 2590
2608 2606 2582
2610 2608 2556
2612 1070 11
2614 2612 2407
2616 2614 1882
2618 2492 2404
2620 2619 2455
2622 2621 1434
2624 2623 2617
2626 2407 1148
2628 2626 1154
2630 2470 1410
2632 2631 2629
2634 2632 2624
2636 2444 1090
2638 2450 1686
2640 2639 2637
2642 2528 1548
2644 1530 1085
2646 1382 458
2648 2646 991
2650 2648 42
2652 2651 2645
2654 2653 1066
2656 2655 2643
2658 2656 2640
2660 2658 2634
2662 2407 1946
2664 2598 62
2666 2664 2596
2668 2667 2663
2670 2461 1770
2672 2520 2356
2674 2673 2671
2676 2674 2668
2678 11 9
2680 2678 2407
2682 2680 1208
2684 2443 1142
2686 2685 2683
2688 2584 1100
2690 1512 1085
2692 2458 1095
2694 2454 1095
2696 2695 2693
2698 2697 2690
2700 2699 2689
2702 2700 2686
2704 2702 2676
2706 2704 2660
2708 2706 2610
2710 2708 2512
2712 1993 1869
2714 2712 1495
2716 1611 1603
2718 2716 2714
2720 2718 1974
2722 2721 2407
2724 2218 459
2726 2724 990
2728 2594 2478
2730 2728 2726
2732 2218 458
2734 2732 991
2736 2482 1095
2738 2736 2734
2740 2739 2731
2742 2594 2400
2744 2594 990
2746 2744 42
2748 2746 2742
2750 1566 1066
2752 2750 1744
2754 2753 2749
2756 2754 2740
2758 2400 1356
2760 2758 2334
2762 2407 1812
2764 2763 2761
2766 2222 458
2768 2766 991
2770 2404 2060
2772 2770 2768
2774 1566 38
2776 2774 2750
2778 2777 2773
2780 2778 2764
2782 2780 2756
2784 2430 1070
2786 2784 1892
2788 2560 2400
2790 2788 1806
2792 2485 1748
2794 69 63
2796 2795 1102
2798 2796 991
2800 2440 1095
2802 2800 2798
2804 2803 2793
2806 2804 2791
2808 2806 2787
2810 2808 2782
2812 1566 1072
2814 2812 2306
2816 2788 1276
2818 2817 2815
2820 2558 1564
2822 2820 2400
2824 2788 1278
2826 2825 2823
2828 2826 2818
2830 1384 50
2832 2524 9
2834 2832 1844
2836 2835 2831
2838 2648 50
2840 2838 1066
2842 2788 2302
2844 2843 2841
2846 2844 2836
2848 2846 2828
2850 1450 459
2852 2850 990
2854 2494 68
2856 2854 459
2858 2856 2400
2860 2858 2852
2862 2476 1566
2864 2862 1854
2866 2865 2861
2868 2812 1590
2870 1452 991
2872 2854 2404
2874 2872 2870
2876 2875 2869
2878 2876 2866
2880 1382 50
2882 2881 1779
2884 2883 1085
2886 2884 1066
2888 2400 2167
2890 2888 2284
2892 2891 2887
2894 2228 1085
2896 2894 1066
2898 58 12
2900 2898 1085
2902 2900 2524
2904 2903 2897
2906 2904 2892
2908 2906 2878
2910 2908 2848
2912 2910 2810
2914 2912 2723
2916 2485 1095
2918 2216 1085
2920 2918 1499
2922 2920 2916
2924 2407 1953
2926 2924 1956
2928 2927 2923
2930 2407 1916
2932 2626 1624
2934 2933 2931
2936 2934 2928
2938 2407 2060
2940 2060 1085
2942 2940 36
2944 2942 2938
2946 2407 11
2948 1422 38
2950 2948 2946
2952 2951 2945
2954 2918 40
2956 2954 2916
2958 2461 2042
2960 2959 2957
2962 2960 2952
2964 2962 2936
2966 2486 1634
2968 2614 1794
2970 2969 2967
2972 2496 1756
2974 2784 2122
2976 2975 2973
2978 2976 2970
2980 2470 1656
2982 2680 1662
2984 2983 2981
2986 2614 1238
2988 2496 1628
2990 2989 2987
2992 2990 2984
2994 2992 2978
2996 2994 2964
2998 2758 2160
3000 2059 1499
3002 3000 1496
3004 3002 1085
3006 3004 2407
3008 3007 2999
3010 1512 459
3012 3010 990
3014 3012 2694
3016 2888 2170
3018 3017 3015
3020 3018 3008
3022 1066 134
3024 3022 1862
3026 1512 458
3028 3026 991
3030 3028 2692
3032 3031 3025
3034 2744 1499
3036 3034 2742
3038 1913 54
3040 2221 1535
3042 3040 3039
3044 3043 458
3046 3045 991
3048 1530 459
3050 1784 459
3052 3051 2289
3054 3052 3049
3056 3054 990
3058 3057 1066
3060 3058 3047
3062 3061 3037
3064 3062 3032
3066 3064 3020
3068 1534 1085
3070 1532 1066
3072 3070 3068
3074 2594 46
3076 3074 1870
3078 3076 1066
3080 3079 3073
3082 3074 1816
3084 3070 459
3086 3084 3082
3088 1079 48
3090 3088 1085
3092 3090 2407
3094 3093 3087
3096 3094 3080
3098 1499 1384
3100 2222 459
3102 3100 990
3104 2220 459
3106 3104 990
3108 3107 3103
3110 3109 2400
3112 3111 3099
3114 2862 2314
3116 2812 1292
3118 3117 3115
3120 3118 3112
3122 3120 3096
3124 3122 3066
3126 2496 1758
3128 2430 1118
3130 3128 2088
3132 3131 3127
3134 1914 1499
3136 3134 2407
3138 2407 1902
3140 3138 1906
3142 3141 3137
3144 3142 3132
3146 1378 74
3148 3146 990
3150 2538 458
3152 2251 2245
3154 3153 3150
3156 2524 458
3158 1822 70
3160 3158 3156
3162 1380 74
3164 3163 3161
3166 2526 458
3168 3166 2188
3170 3150 2248
3172 3171 3169
3174 3172 3164
3176 3174 3155
3178 2191 2183
3180 3178 2270
3182 3181 3156
3184 2832 458
3186 1838 122
3188 3186 3184
3190 3150 2242
3192 3191 3189
3194 3166 2258
3196 3184 2262
3198 3197 3195
3200 3198 3192
3202 3200 3183
3204 3202 3176
3206 3204 3149
3208 3206 1387
3210 2492 2230
3212 3210 1085
3214 3212 2407
3216 1828 1066
3218 3217 3215
3220 3218 3208
3222 2614 1796
3224 2621 1638
3226 3225 3223
3228 3226 3220
3230 3228 3144
3232 3230 3124
3234 3232 2996
3236 2430 1416
3238 2946 1424
3240 3239 3237
3242 2528 1134
3244 2486 1252
3246 3245 3243
3248 3246 3240
3250 1593 1291
3252 3251 2812
3254 2784 1444
3256 3255 3253
3258 1477 1467
3260 1066 102
3262 3260 3259
3264 1348 1120
3266 3265 3263
3268 3266 3256
3270 3268 3248
3272 2540 1702
3274 2784 1262
3276 3275 3273
3278 2528 1160
3280 3128 1174
3282 3281 3279
3284 3282 3276
3286 2496 1460
3288 2614 1884
3290 3289 3287
3292 2443 1114
3294 2562 1698
3296 3295 3293
3298 3296 3290
3300 3298 3284
3302 3300 3270
3304 2576 1652
3306 2428 990
3308 3307 1667
3310 3309 1670
3312 3311 3305
3314 1954 1499
3316 3314 2924
3318 1904 1499
3320 3318 3138
3322 3321 3317
3324 3322 3312
3326 2528 2130
3328 3128 2134
3330 3329 3327
3332 2450 2106
3334 2572 1396
3336 3335 3333
3338 3336 3330
3340 3338 3324
3342 1192 1066
3344 2648 1499
3346 1784 1085
3348 3347 3345
3350 3349 1066
3352 3351 3343
3354 1197 1085
3356 1079 34
3358 1078 34
3360 3359 3357
3362 3360 1515
3364 3362 1501
3366 3365 2485
3368 3366 3354
3370 2407 1910
3372 3371 3369
3374 3372 3352
3376 2940 1499
3378 3376 2938
3380 2062 1085
3382 3380 36
3384 3382 1066
3386 3385 3379
3388 2430 2140
3390 2407 1509
3392 3391 3389
3394 3392 3386
3396 3394 3374
3398 3396 3340
3400 3398 3302
3402 3400 3234
3404 3402 2914
3406 3404 2710
3408 605 225
3410 3409 19
3412 3411 1027
3414 3413 17
3416 599 503
3418 3417 19
3420 3418 16
3422 3421 3415
3424 3423 15
3426 523 21
3428 461 20
3430 3429 3427
3432 3431 19
3434 599 465
3436 3435 18
3438 3437 3433
3440 3439 17
3442 182 19
3444 3443 471
3446 3445 16
3448 3447 3441
3450 3449 14
3452 3451 3425
3454 3453 9
3456 245 155
3458 3457 20
3460 3459 185
3462 3461 19
3464 1007 403
3466 3465 18
3468 3467 3463
3470 3469 17
3472 741 21
3474 3473 467
3476 3475 19
3478 151 18
3480 3479 3477
3482 3481 16
3484 3483 3471
3486 3485 15
3488 183 139
3490 3489 20
3492 3491 541
3494 3493 19
3496 1007 599
3498 3497 18
3500 3499 3495
3502 3501 17
3504 484 21
3506 3505 3459
3508 3507 19
3510 3509 471
3512 3511 16
3514 3513 3503
3516 3515 14
3518 3517 3487
3520 3519 8
3522 3521 3455
3524 3523 5
3526 605 159
3528 3527 19
3530 743 489
3532 3531 18
3534 3533 3529
3536 3535 17
3538 477 213
3540 3539 19
3542 489 167
3544 3543 18
3546 3545 3541
3548 3547 16
3550 3549 3537
3552 3551 15
3554 485 139
3556 3555 21
3558 3557 3429
3560 3559 19
3562 3489 21
3564 3563 599
3566 3565 18
3568 3567 3561
3570 3569 17
3572 183 163
3574 3573 21
3576 182 20
3578 3577 3575
3580 3579 19
3582 3563 467
3584 3583 18
3586 3585 3581
3588 3587 16
3590 3589 3571
3592 3591 14
3594 3593 3553
3596 3595 9
3598 541 467
3600 3599 19
3602 3473 663
3604 3603 18
3606 3605 3601
3608 3607 17
3610 163 155
3612 3611 21
3614 3573 20
3616 3615 3613
3618 3617 19
3620 3619 1011
3622 3621 16
3624 3623 3609
3626 3625 15
3628 3573 19
3630 741 18
3632 3631 3629
3634 3633 17
3636 3611 19
3638 435 20
3640 3639 1007
3642 3641 18
3644 3643 3637
3646 3645 16
3648 3647 3635
3650 3649 14
3652 3651 3627
3654 3653 8
3656 3655 3597
3658 3657 4
3660 3659 3525
3662 3661 7
3664 663 159
3666 3665 19
3668 743 641
3670 3669 18
3672 3671 3667
3674 3673 17
3676 3545 697
3678 3677 16
3680 3679 3675
3682 3681 15
3684 136 21
3686 3685 743
3688 3687 19
3690 437 167
3692 3691 18
3694 3693 3689
3696 3695 17
3698 1007 253
3700 3699 19
3702 743 437
3704 3703 18
3706 3705 3701
3708 3707 16
3710 3709 3697
3712 3711 14
3714 3713 3683
3716 3715 9
3718 663 499
3720 3718 643
3722 3721 17
3724 771 403
3726 3725 16
3728 3727 3723
3730 3729 15
3732 743 257
3734 3733 19
3736 3735 3705
3738 3737 17
3740 402 18
3742 3741 3701
3744 3743 16
3746 3745 3739
3748 3747 14
3750 3749 3731
3752 3751 8
3754 3753 3717
3756 3755 5
3758 331 159
3760 3759 19
3762 1021 18
3764 3763 3761
3766 3765 17
3768 3476 9
3770 1007 743
3772 3771 19
3774 3772 8
3776 331 225
3778 3777 18
3780 3779 3775
3782 3780 3769
3784 3783 16
3786 3785 3767
3788 3787 15
3790 3611 20
3792 3791 301
3794 3793 19
3796 3795 1011
3798 3797 16
3800 3473 501
3802 3801 19
3804 603 21
3806 3805 167
3808 3807 18
3810 3809 3803
3812 3811 17
3814 3813 3799
3816 3815 8
3818 3457 21
3820 3819 167
3822 3821 18
3824 3823 3803
3826 3825 17
3828 3805 501
3830 3829 18
3832 3428 19
3834 3833 1043
3836 3834 3831
3838 3837 16
3840 3839 3827
3842 3841 9
3844 3843 3817
3846 3845 14
3848 3847 3789
3850 3849 4
3852 3851 3757
3854 3853 6
3856 3855 3663
3858 3857 3
3860 467 225
3862 3861 19
3864 3863 1027
3866 3865 17
3868 3577 3505
3870 3869 19
3872 3871 833
3874 3873 16
3876 3875 3867
3878 3877 15
3880 599 437
3882 3881 18
3884 3833 177
3886 3884 3883
3888 3887 17
3890 3459 225
3892 3891 19
3894 467 185
3896 3895 18
3898 3897 3893
3900 3899 16
3902 3901 3889
3904 3903 14
3906 3905 3879
3908 3907 9
3910 3429 489
3912 3911 19
3914 3913 3467
3916 3915 17
3918 484 19
3920 138 18
3922 3921 3919
3924 3923 16
3926 3925 3917
3928 3927 15
3930 3491 159
3932 3931 19
3934 599 225
3936 3935 18
3938 3937 3933
3940 3939 17
3942 3491 521
3944 3943 19
3946 3557 599
3948 3947 18
3950 3949 3945
3952 3951 16
3954 3953 3941
3956 3955 14
3958 3957 3929
3960 3959 8
3962 3961 3909
3964 3963 5
3966 3427 467
3968 3967 19
3970 3969 3533
3972 3971 16
3974 3973 3537
3976 3975 15
3978 540 19
3980 3979 3833
3982 3980 3437
3984 3983 17
3986 3575 3429
3988 3987 19
3990 3575 467
3992 3991 18
3994 3993 3989
3996 3995 16
3998 3997 3985
4000 3999 14
4002 4001 3977
4004 4003 9
4006 3613 467
4008 4007 19
4010 3473 331
4012 4011 18
4014 4013 4009
4016 4015 17
4018 4017 3623
4020 4019 15
4022 3631 3619
4024 4023 17
4026 4025 3647
4028 4027 14
4030 4029 4021
4032 4031 8
4034 4033 4005
4036 4035 4
4038 4037 3965
4040 4039 7
4042 663 225
4044 4043 19
4046 641 501
4048 4047 18
4050 4049 4045
4052 4051 17
4054 763 19
4056 4055 3533
4058 4057 16
4060 4059 4053
4062 4061 15
4064 743 583
4066 4065 19
4068 465 179
4070 4069 18
4072 4071 4067
4074 4073 17
4076 3473 3429
4078 4077 19
4080 4079 3631
4082 4081 16
4084 4083 4075
4086 4085 14
4088 4087 4063
4090 4089 9
4092 663 521
4094 4093 19
4096 4095 691
4098 4097 17
4100 743 503
4102 4101 19
4104 757 501
4106 4105 18
4108 4107 4103
4110 4109 16
4112 4111 4099
4114 4113 15
4116 27 21
4118 4117 663
4120 4119 18
4122 4121 4103
4124 4123 17
4126 3791 1007
4128 4127 19
4130 4129 507
4132 4131 16
4134 4133 4125
4136 4135 14
4138 4137 4115
4140 4139 8
4142 4141 4091
4144 4143 5
4146 3777 19
4148 1006 18
4150 4149 4147
4152 4151 17
4154 711 321
4156 4154 3779
4158 4157 16
4160 4159 4153
4162 4161 15
4164 1009 19
4166 4165 415
4168 4166 273
4170 4169 17
4172 4171 3799
4174 4173 14
4176 4175 4163
4178 4177 4
4180 4179 4145
4182 4181 6
4184 4183 4041
4186 4185 2
4188 4187 3859
4190 4189 384
4192 3639 211
4194 4193 18
4196 148 19
4198 4197 1043
4200 4198 4195
4202 4201 17
4204 605 503
4206 4205 19
4208 742 18
4210 4209 4207
4212 4211 16
4214 4213 4203
4216 4215 15
4218 4117 3459
4220 4219 19
4222 4221 3897
4224 4223 17
4226 501 465
4228 4227 19
4230 3639 3563
4232 4231 18
4234 4233 4229
4236 4235 16
4238 4237 4225
4240 4239 14
4242 4241 4217
4244 4243 9
4246 157 20
4248 4247 301
4250 4249 19
4252 3741 273
4254 4252 4251
4256 4255 17
4258 3473 223
4260 4259 19
4262 599 211
4264 4263 18
4266 4265 4261
4268 4267 16
4270 4269 4257
4272 4271 15
4274 4247 3805
4276 4275 19
4278 4277 3937
4280 4279 17
4282 3639 3427
4284 4283 19
4286 599 159
4288 4287 18
4290 4289 4285
4292 4291 16
4294 4293 4281
4296 4295 14
4298 4297 4273
4300 4299 8
4302 4301 4245
4304 4303 5
4306 997 19
4308 4307 3479
4310 4309 17
4312 4197 833
4314 4313 16
4316 4315 4311
4318 4317 15
4320 713 19
4322 663 185
4324 4323 18
4326 4325 4321
4328 4327 17
4330 501 437
4332 4331 16
4334 4333 4329
4336 4335 14
4338 4337 4319
4340 4339 9
4342 605 465
4344 4343 18
4346 4345 3433
4348 4347 17
4350 3819 3615
4352 4351 19
4354 4353 471
4356 4355 16
4358 4357 4349
4360 4359 15
4362 27 18
4364 4363 3989
4366 4365 17
4368 3819 3791
4370 4369 19
4372 4371 3993
4374 4373 16
4376 4375 4367
4378 4377 14
4380 4379 4361
4382 4381 8
4384 4383 4341
4386 4385 4
4388 4387 4305
4390 4389 7
4392 583 16
4394 4392 331
4396 663 437
4398 4396 17
4400 4399 4395
4402 4401 9
4404 3685 17
4406 4405 4393
4408 4407 663
4410 4408 8
4412 4411 4403
4414 4413 19
4416 3557 605
4418 4416 17
4420 4046 16
4422 4421 4419
4424 4423 18
4426 4425 4415
4428 4427 15
4430 3819 331
4432 4431 19
4434 4117 501
4436 4435 18
4438 4437 9
4440 4438 4433
4442 3819 663
4444 4443 19
4446 4445 8
4448 4446 4049
4450 4449 4441
4452 4451 16
4454 597 21
4456 4455 663
4458 4457 19
4460 3631 17
4462 4460 4459
4464 4463 4453
4466 4465 14
4468 4467 5
4470 4468 4429
4472 4397 19
4474 4473 3585
4476 4475 17
4478 4117 605
4480 4479 19
4482 4481 3631
4484 4483 16
4486 4485 4477
4488 4487 15
4490 4119 19
4492 3575 743
4494 4493 18
4496 4495 4491
4498 4497 17
4500 469 19
4502 4117 743
4504 4503 18
4506 4505 4501
4508 4507 16
4510 4509 4499
4512 4511 14
4514 4513 4489
4516 4515 4
4518 4517 4471
4520 4519 6
4522 4521 4391
4524 4523 132
4526 4525 4191
4528 224 19
4530 4529 4149
4532 4531 17
4534 3491 465
4536 4535 19
4538 3505 605
4540 4539 18
4542 4541 4537
4544 4543 16
4546 4545 4533
4548 4547 15
4550 3497 19
4552 3575 179
4554 4553 18
4556 4555 4551
4558 4557 17
4560 3913 471
4562 4561 16
4564 4563 4559
4566 4565 14
4568 4567 4549
4570 4569 9
4572 200 19
4574 4573 4149
4576 4574 773
4578 4577 17
4580 3759 18
4582 4581 3495
4584 4583 16
4586 4585 4579
4588 4587 15
4590 663 465
4592 4591 18
4594 4593 4551
4596 4595 17
4598 3577 489
4600 4599 19
4602 212 18
4604 4603 771
4606 4604 4601
4608 4607 16
4610 4609 4597
4612 4611 14
4614 4613 4589
4616 4615 8
4618 4617 4571
4620 4619 5
4622 225 179
4624 4623 19
4626 4625 643
4628 4627 17
4630 741 19
4632 3639 503
4634 4633 18
4636 4635 4631
4638 4637 16
4640 4639 4629
4642 4641 15
4644 3473 179
4646 4645 18
4648 4647 661
4650 4649 17
4652 3459 503
4654 4653 19
4656 4655 4505
4658 4657 16
4660 4659 4651
4662 4661 14
4664 4663 4643
4666 4665 9
4668 3605 481
4670 4669 17
4672 521 403
4674 4673 19
4676 4675 4149
4678 4677 16
4680 4679 4671
4682 4681 15
4684 487 20
4686 4685 3505
4688 4687 19
4690 743 277
4692 4691 18
4694 4693 4689
4696 4695 17
4698 154 19
4700 4699 4603
4702 4701 16
4704 4703 4697
4706 4705 14
4708 4707 4683
4710 4709 8
4712 4711 4667
4714 4713 4
4716 4715 4621
4718 4717 7
4720 641 403
4722 4721 18
4724 187 19
4726 4725 15
4728 4726 4723
4730 3575 605
4732 4731 18
4734 3807 19
4736 4735 14
4738 4736 4733
4740 4739 4729
4742 4741 8
4744 4625 15
4746 4744 4723
4748 3575 247
4750 4749 18
4752 4751 4736
4754 4753 4747
4756 4755 9
4758 4757 4743
4760 4759 17
4762 3429 257
4764 4763 19
4766 4765 4363
4768 4766 14
4770 3991 19
4772 533 15
4774 4772 4771
4776 4775 4769
4778 4777 16
4780 4779 5
4782 4780 4761
4784 4529 673
4786 4785 17
4788 148 18
4790 4789 4771
4792 4791 16
4794 4793 4787
4796 4795 15
4798 3465 19
4800 3613 247
4802 4801 18
4804 4803 4799
4806 4805 17
4808 3805 3639
4810 4809 18
4812 4811 4765
4814 4813 16
4816 4815 4807
4818 4817 14
4820 4819 4797
4822 4821 9
4824 184 19
4826 4825 701
4828 4827 17
4830 4771 609
4832 4831 16
4834 4833 4829
4836 4835 15
4838 4767 16
4840 3805 403
4842 4841 19
4844 4843 4803
4846 4845 17
4848 4847 4839
4850 4849 14
4852 4851 4837
4854 4853 8
4856 4855 4823
4858 4857 4
4860 4859 4783
4862 4861 6
4864 4863 4719
4866 4865 3
4868 4147 3763
4870 4869 17
4872 3685 3491
4874 4873 19
4876 3505 663
4878 4877 18
4880 4879 4875
4882 4881 16
4884 4883 4871
4886 4885 15
4888 467 301
4890 4889 19
4892 599 277
4894 4893 18
4896 4895 4891
4898 4897 17
4900 4247 489
4902 4901 19
4904 3505 167
4906 4905 18
4908 4907 4903
4910 4909 16
4912 4911 4899
4914 4913 14
4916 4915 4887
4918 4917 9
4920 520 19
4922 1007 247
4924 4923 18
4926 4925 255
4928 4926 4921
4930 4929 17
4932 3577 211
4934 4933 19
4936 4789 319
4938 4936 4935
4940 4939 16
4942 4941 4931
4944 4943 15
4946 467 277
4948 4947 19
4950 467 437
4952 4951 18
4954 4953 4949
4956 4955 17
4958 757 253
4960 4959 19
4962 403 225
4964 4963 18
4966 4965 4961
4968 4967 16
4970 4969 4957
4972 4971 14
4974 4973 4945
4976 4975 8
4978 4977 4919
4980 4979 5
4982 4045 643
4984 4983 17
4986 3669 19
4988 4987 507
4990 4989 16
4992 4991 4985
4994 4993 15
4996 4647 4103
4998 4997 17
5000 4247 503
5002 5001 19
5004 165 18
5006 5005 5003
5008 5007 16
5010 5009 4999
5012 5011 14
5014 5013 4995
5016 5015 9
5018 757 467
5020 5019 19
5022 5021 4013
5024 5023 17
5026 3615 225
5028 5027 19
5030 5029 1027
5032 5031 16
5034 5033 5025
5036 5035 15
5038 5029 3631
5040 5039 17
5042 3791 225
5044 5043 19
5046 5045 3643
5048 5047 16
5050 5049 5041
5052 5051 14
5054 5053 5037
5056 5055 8
5058 5057 5017
5060 5059 4
5062 5061 4981
5064 5063 7
5066 4455 167
5068 5067 18
5070 3491 257
5072 5071 19
5074 5073 16
5076 5074 5069
5078 3575 663
5080 5079 18
5082 4067 17
5084 5082 5081
5086 5085 5077
5088 5087 8
5090 5082 4555
5092 5074 5005
5094 5093 5091
5096 5095 9
5098 5097 5089
5100 5099 14
5102 4044 9
5104 19 8
5106 5104 4323
5108 5107 17
5110 5108 5103
5112 5110 4723
5114 3639 641
5116 5115 19
5118 3733 18
5120 5119 16
5122 5120 5117
5124 5123 5113
5126 5125 15
5128 5127 5
5130 5128 5101
5132 4147 673
5134 5133 17
5136 696 16
5138 5137 5135
5140 5139 15
5142 993 18
5144 5143 509
5146 5145 17
5148 3741 255
5150 5149 16
5152 5151 5147
5154 5153 14
5156 5155 5141
5158 5157 9
5160 4826 334
5162 212 19
5164 5163 16
5166 415 257
5168 5166 5164
5170 5169 15
5172 5170 5161
5174 4623 18
5176 617 509
5178 5176 5175
5180 5179 17
5182 3685 167
5184 5183 18
5186 5185 5073
5188 5187 16
5190 5189 5181
5192 5191 14
5194 5193 5173
5196 5195 8
5198 5197 5159
5200 5199 4
5202 5201 5131
5204 5203 6
5206 5205 5065
5208 5207 2
5210 5209 4867
5212 5211 10
5214 5213 475
5216 5215 13
5218 539 20
5220 5219 277
5222 5221 19
5224 5223 3741
5226 5225 17
5228 4685 185
5230 5229 19
5232 3563 247
5234 5233 18
5236 5235 5231
5238 5237 16
5240 5239 5227
5242 5241 15
5244 833 569
5246 5245 17
5248 525 277
5250 5249 19
5252 5251 4953
5254 5253 16
5256 5255 5247
5258 5257 14
5260 5259 5243
5262 5261 9
5264 257 223
5266 5265 19
5268 5267 3741
5270 5269 17
5272 278 19
5274 5273 4825
5276 5274 189
5278 5277 16
5280 5279 5271
5282 5281 15
5284 4572 17
5286 3555 20
5288 5287 277
5290 5289 19
5292 5291 3883
5294 5293 16
5296 5295 5285
5298 5297 14
5300 5299 5283
5302 5301 8
5304 5303 5263
5306 5305 5
5308 5219 3563
5310 5309 19
5312 3505 179
5314 5313 18
5316 5315 5311
5318 5317 17
5320 465 167
5322 5321 19
5324 3805 213
5326 5325 18
5328 5327 5323
5330 5329 16
5332 5331 5319
5334 5333 15
5336 5219 757
5338 5337 19
5340 5339 4635
5342 5341 17
5344 4801 19
5346 5345 471
5348 5347 16
5350 5349 5343
5352 5351 14
5354 5353 5335
5356 5355 9
5358 138 19
5360 5359 615
5362 5361 17
5364 4921 3921
5366 5365 16
5368 5367 5363
5370 5369 15
5372 4920 16
5374 958 547
5376 5375 4603
5378 5376 5373
5380 5379 14
5382 5381 5371
5384 5383 8
5386 5385 5357
5388 5387 4
5390 5389 5307
5392 5391 7
5394 5219 185
5396 5395 19
5398 274 18
5400 5399 5397
5402 5401 17
5404 4771 4363
5406 5405 16
5408 5407 5403
5410 5409 15
5412 5219 3819
5414 5413 19
5416 5415 573
5418 5417 17
5420 3473 599
5422 5421 19
5424 5423 471
5426 5425 16
5428 5427 5419
5430 5429 14
5432 5431 5411
5434 5433 970
5436 437 247
5438 5437 18
5440 5439 5164
5442 204 19
5444 407 17
5446 5444 5443
5448 5447 5441
5450 5449 4825
5452 5451 15
5454 549 209
5456 5455 17
5458 3567 433
5460 5459 16
5462 5461 5457
5464 5463 14
5466 5465 5453
5468 5467 8
5470 5397 407
5472 5471 17
5474 4825 601
5476 5474 5439
5478 5477 16
5480 5479 5473
5482 5481 15
5484 5219 159
5486 5485 19
5488 4789 615
5490 5488 5487
5492 5491 17
5494 4893 19
5496 5495 3585
5498 5497 16
5500 5499 5493
5502 5501 14
5504 5503 5483
5506 9 5
5508 5506 5505
5510 5509 5469
5512 5510 5435
5514 5513 6
5516 5515 5393
5518 5517 11
5520 5519 985
5522 5521 12
5524 5523 5217
5526 3967 18
5528 5527 4529
5530 5529 17
5532 3575 599
5534 5533 18
5536 5535 711
5538 5537 16
5540 5539 5531
5542 5541 15
5544 3685 599
5546 5545 18
5548 5547 601
5550 5549 17
5552 3805 253
5554 5553 19
5556 5555 3585
5558 5557 16
5560 5559 5551
5562 5561 14
5564 5563 5543
5566 5565 9
5568 3427 663
5570 5569 18
5572 5571 4573
5574 5573 17
5576 3819 213
5578 5577 18
5580 5579 5495
5582 5581 16
5584 5583 5575
5586 5585 15
5588 466 18
5590 3684 18
5592 5591 5589
5594 5592 819
5596 5595 17
5598 4455 3459
5600 5599 19
5602 3639 159
5604 5603 18
5606 5605 5601
5608 5607 16
5610 5609 5597
5612 5611 14
5614 5613 5587
5616 5615 8
5618 5617 5567
5620 5619 5
5622 247 159
5624 5623 19
5626 5625 471
5628 5627 17
5630 5535 3541
5632 5631 16
5634 5633 5629
5636 5635 15
5638 525 477
5640 5639 19
5642 5641 3949
5644 5643 17
5646 3577 465
5648 5647 19
5650 5649 3585
5652 5651 16
5654 5653 5645
5656 5655 14
5658 5657 5637
5660 5659 9
5662 3505 565
5664 5663 19
5666 4283 18
5668 5667 5665
5670 5669 17
5672 4455 467
5674 5673 19
5676 5675 5527
5678 5677 16
5680 5679 5671
5682 5681 15
5684 599 583
5686 5685 19
5688 3427 605
5690 5689 18
5692 5691 5687
5694 5693 17
5696 3427 743
5698 5697 18
5700 5699 5675
5702 5701 16
5704 5703 5695
5706 5705 14
5708 5707 5683
5710 5709 8
5712 5711 5661
5714 5713 4
5716 5715 5621
5718 5717 7
5720 3639 465
5722 5721 18
5724 5723 4625
5726 5725 17
5728 477 403
5730 5729 19
5732 5731 5535
5734 5733 16
5736 5735 5727
5738 5737 15
5740 167 141
5742 5741 19
5744 3685 247
5746 5745 18
5748 5747 5743
5750 5749 17
5752 3819 253
5754 5753 19
5756 5755 4953
5758 5757 16
5760 5759 5751
5762 5761 14
5764 5763 5739
5766 5765 9
5768 5313 19
5770 5769 5723
5772 5771 17
5774 3557 213
5776 5775 19
5778 5777 5535
5780 5779 16
5782 5781 5773
5784 5783 15
5786 4417 18
5788 5787 5743
5790 5789 17
5792 3491 3427
5794 5793 19
5796 5795 5547
5798 5797 16
5800 5799 5791
5802 5801 14
5804 5803 5785
5806 5805 8
5808 5807 5767
5810 5809 5
5812 3819 223
5814 5813 18
5816 5815 4529
5818 5817 17
5820 4789 227
5822 5820 4501
5824 5823 16
5826 5825 5819
5828 5827 15
5830 541 247
5832 5831 18
5834 5833 4799
5836 5835 17
5838 3563 3429
5840 5839 19
5842 5841 4811
5844 5843 16
5846 5845 5837
5848 5847 14
5850 5849 5829
5852 5851 9
5854 5579 4825
5856 5855 17
5858 605 185
5860 5859 18
5862 5861 4501
5864 5863 16
5866 5865 5857
5868 5867 15
5870 5833 4843
5872 5871 17
5874 5841 4363
5876 5875 16
5878 5877 5873
5880 5879 14
5882 5881 5869
5884 5883 8
5886 5885 5853
5888 5887 4
5890 5889 5811
5892 5891 6
5894 5893 5719
5896 5895 3
5898 5667 3979
5900 5899 17
5902 4495 3477
5904 5903 16
5906 5905 5901
5908 5907 15
5910 641 599
5912 5911 19
5914 3427 247
5916 5915 18
5918 5917 5913
5920 5919 17
5922 4117 3429
5924 5923 19
5926 5925 4495
5928 5927 16
5930 5929 5921
5932 5931 14
5934 5933 5909
5936 5935 9
5938 3427 331
5940 5939 18
5942 5273 177
5944 5942 5941
5946 5945 17
5948 3819 3639
5950 5949 18
5952 5951 3773
5954 5953 16
5956 5955 5947
5958 5957 15
5960 4455 605
5962 5961 18
5964 5963 3419
5966 5965 17
5968 3791 583
5970 5969 19
5972 3613 501
5974 5973 18
5976 5975 5971
5978 5977 16
5980 5979 5967
5982 5981 14
5984 5983 5959
5986 5985 8
5988 5987 5937
5990 5989 5
5992 599 541
5994 5993 19
5996 5995 471
5998 5997 17
6000 4495 463
6002 6001 16
6004 6003 5999
6006 6005 15
6008 525 465
6010 6009 19
6012 3427 599
6014 6013 18
6016 6015 6011
6018 6017 17
6020 3993 463
6022 6021 16
6024 6023 6019
6026 6025 14
6028 6027 6007
6030 6029 9
6032 3563 565
6034 6033 19
6036 6035 5527
6038 6037 17
6040 6039 5679
6042 6041 15
6044 597 19
6046 6045 5691
6048 6047 17
6050 6049 5703
6052 6051 14
6054 6053 6043
6056 6055 8
6058 6057 6031
6060 6059 4
6062 6061 5991
6064 6063 7
6066 3819 247
6068 6067 18
6070 3979 697
6072 6070 6069
6074 6073 17
6076 4685 211
6078 6077 19
6080 6079 3779
6082 6081 16
6084 6083 6075
6086 6085 15
6088 3473 403
6090 6089 19
6092 5741 18
6094 6093 6091
6096 6095 17
6098 3791 159
6100 6099 19
6102 6101 1011
6104 6103 16
6106 6105 6097
6108 6107 14
6110 6109 6087
6112 6111 9
6114 3427 403
6116 6115 19
6118 3819 599
6120 6119 18
6122 6121 6117
6124 6123 17
6126 525 437
6128 6127 19
6130 6129 4325
6132 6131 16
6134 6133 6125
6136 6135 15
6138 4117 403
6140 6139 19
6142 477 167
6144 6143 18
6146 6145 6141
6148 6147 17
6150 5841 4505
6152 6151 16
6154 6153 6149
6156 6155 14
6158 6157 6137
6160 6159 8
6162 6161 6113
6164 6163 4
6166 3979 711
6168 6167 9
6170 5322 8
6172 6171 471
6174 6172 6169
6176 6175 17
6178 6177 5929
6180 6179 15
6182 4117 167
6184 6183 19
6186 6185 5699
6188 6187 17
6190 4505 3433
6192 6191 16
6194 6193 6189
6196 6195 8
6198 3631 463
6200 6199 16
6202 3427 167
6204 6203 18
6206 6205 6185
6208 6207 17
6210 6209 6201
6212 6211 9
6214 6213 6197
6216 6215 14
6218 6217 6181
6220 6219 5
6222 6221 6165
6224 6223 6
6226 6225 6065
6228 6227 2
6230 6229 5897
6232 6231 384
6234 277 205
6236 6235 19
6238 6237 415
6240 6239 17
6242 3805 179
6244 6243 19
6246 6245 217
6248 6247 16
6250 6249 6241
6252 6251 15
6254 583 205
6256 6255 19
6258 6257 5589
6260 6259 17
6262 6067 19
6264 6263 5605
6266 6265 16
6268 6267 6261
6270 6269 14
6272 6271 6253
6274 6273 9
6276 5443 821
6278 6277 17
6280 3805 331
6282 6281 19
6284 6283 4195
6286 6285 16
6288 6287 6279
6290 6289 15
6292 5219 4455
6294 6293 19
6296 6295 533
6298 6297 17
6300 5831 19
6302 6301 5605
6304 6303 16
6306 6305 6299
6308 6307 14
6310 6309 6291
6312 6311 8
6314 6313 6275
6316 6315 5
6318 282 17
6320 311 18
6322 6321 341
6324 6323 16
6326 6325 6319
6328 6327 15
6330 4093 904
6332 3881 19
6334 501 211
6336 6335 18
6338 6337 6333
6340 6339 16
6342 6341 6331
6344 6343 14
6346 6345 6329
6348 6347 9
6350 569 533
6352 6351 17
6354 5675 507
6356 6355 16
6358 6357 6353
6360 6359 15
6362 488 18
6364 4455 565
6366 6365 19
6368 662 18
6370 6369 6367
6372 6370 6363
6374 6373 17
6376 541 501
6378 6377 18
6380 6379 6045
6382 6381 16
6384 6383 6375
6386 6385 14
6388 6387 6361
6390 6389 8
6392 6391 6349
6394 6393 4
6396 6395 6317
6398 6397 7
6400 6237 303
6402 6401 17
6404 247 225
6406 6405 19
6408 6407 6321
6410 6409 16
6412 6411 6403
6414 6413 15
6416 225 205
6418 6417 19
6420 821 615
6422 6420 6419
6424 6423 17
6426 249 19
6428 6427 5605
6430 6429 16
6432 6431 6425
6434 6433 14
6436 6435 6415
6438 6437 9
6440 5443 303
6442 6441 17
6444 4529 413
6446 6444 6321
6448 6447 16
6450 6449 6443
6452 6451 15
6454 521 247
6456 6455 18
6458 6457 6419
6460 6459 17
6462 5359 4603
6464 6462 319
6466 6465 16
6468 6467 6461
6470 6469 14
6472 6471 6453
6474 6473 8
6476 6475 6439
6478 6477 5
6480 5399 5223
6482 6481 17
6484 4731 19
6486 6485 4363
6488 6487 16
6490 6489 6483
6492 6491 15
6494 5415 795
6496 6495 17
6498 4117 599
6500 6499 19
6502 6501 471
6504 6503 16
6506 6505 6497
6508 6507 14
6510 6509 6493
6512 6511 9
6514 6237 407
6516 6515 17
6518 4825 413
6520 6518 5439
6522 6521 16
6524 6523 6517
6526 6525 15
6528 6457 209
6530 6529 17
6532 436 19
6534 6533 5163
6536 6534 3567
6538 6537 16
6540 6539 6531
6542 6541 14
6544 6543 6527
6546 6545 8
6548 6547 6513
6550 6549 4
6552 6551 6479
6554 6553 6
6556 6555 6399
6558 6557 132
6560 6559 6233
6562 5911 18
6564 6563 3945
6566 6565 17
6568 484 20
6570 6569 1007
6572 6571 19
6574 6573 4265
6576 6575 16
6578 6577 6567
6580 6579 15
6582 3577 503
6584 6583 19
6586 6585 5535
6588 6587 17
6590 3615 1007
6592 6591 19
6594 1007 467
6596 6595 18
6598 6597 6593
6600 6599 16
6602 6601 6589
6604 6603 14
6606 6605 6581
6608 6607 9
6610 3639 489
6612 6611 19
6614 641 179
6616 6615 18
6618 6617 6613
6620 6619 17
6622 5287 641
6624 6623 19
6626 817 18
6628 6627 6625
6630 6629 16
6632 6631 6621
6634 6633 15
6636 3577 641
6638 6637 19
6640 5421 18
6642 6641 6639
6644 6643 17
6646 4247 3473
6648 6647 19
6650 597 18
6652 6651 6649
6654 6653 16
6656 6655 6645
6658 6657 14
6660 6659 6635
6662 6661 8
6664 6663 6609
6666 6665 5
6668 3791 521
6670 6669 19
6672 773 643
6674 6672 6671
6676 6675 17
6678 1007 167
6680 6679 19
6682 6681 5327
6684 6683 16
6686 6685 6677
6688 6687 15
6690 4647 853
6692 6691 17
6694 3771 18
6696 6695 4129
6698 6697 16
6700 6699 6693
6702 6701 14
6704 6703 6689
6706 6705 9
6708 3613 743
6710 6709 19
6712 6711 4013
6714 6713 17
6716 6593 1011
6718 6717 16
6720 6719 6715
6722 6721 15
6724 3773 3605
6726 6725 17
6728 4129 1011
6730 6729 16
6732 6731 6727
6734 6733 14
6736 6735 6723
6738 6737 8
6740 6739 6707
6742 6741 4
6744 6743 6667
6746 6745 7
6748 4247 521
6750 6749 19
6752 3575 213
6754 6753 18
6756 6755 6751
6758 6757 17
6760 169 19
6762 6761 4265
6764 6763 16
6766 6765 6759
6768 6767 15
6770 3491 225
6772 6771 19
6774 277 247
6776 6775 18
6778 6777 6773
6780 6779 17
6782 3861 18
6784 6783 5045
6786 6785 16
6788 6787 6781
6790 6789 14
6792 6791 6769
6794 6793 9
6796 3575 223
6798 6797 18
6800 6799 6751
6802 6801 17
6804 3565 19
6806 6805 217
6808 6807 16
6810 6809 6803
6812 6811 15
6814 247 185
6816 6815 18
6818 6817 6773
6820 6819 17
6822 3429 185
6824 6823 19
6826 6825 5605
6828 6827 16
6830 6829 6821
6832 6831 14
6834 6833 6813
6836 6835 8
6838 6837 6795
6840 6839 5
6842 3613 223
6844 6843 18
6846 6845 6751
6848 6847 17
6850 4500 8
6852 147 18
6854 3819 743
6856 19 9
6858 6856 6855
6860 6859 6853
6862 6860 6851
6864 6863 16
6866 6865 6849
6868 6867 15
6870 3613 3491
6872 6871 19
6874 6873 4803
6876 6875 17
6878 6825 5951
6880 6879 16
6882 6881 6877
6884 6883 8
6886 3639 3613
6888 6887 18
6890 6889 5045
6892 6891 16
6894 6873 4925
6896 6895 17
6898 6897 6893
6900 6899 9
6902 6901 6885
6904 6903 14
6906 6905 6869
6908 6907 4
6910 6909 6841
6912 6911 6
6914 6913 6747
6916 6915 3
6918 641 213
6920 6919 18
6922 6921 3945
6924 6923 17
6926 3491 3473
6928 6927 19
6930 467 211
6932 6931 18
6934 6933 6929
6936 6935 16
6938 6937 6925
6940 6939 15
6942 6639 4555
6944 6943 17
6946 6929 6597
6948 6947 16
6950 6949 6945
6952 6951 14
6954 6953 6941
6956 6955 9
6958 6613 643
6960 6959 17
6962 3491 641
6964 6963 19
6966 6965 5119
6968 6967 16
6970 6969 6961
6972 6971 15
6974 6585 4647
6976 6975 17
6978 6977 6655
6980 6979 14
6982 6981 6973
6984 6983 8
6986 6985 6957
6988 6987 5
6990 4811 4631
6992 6991 16
6994 6993 6677
6996 6995 15
6998 4047 19
7000 6999 4647
7002 7001 17
7004 4247 1007
7006 7005 19
7008 7007 6695
7010 7009 16
7012 7011 7003
7014 7013 14
7016 7015 6997
7018 7017 9
7020 757 743
7022 7021 19
7024 7023 4013
7026 7025 17
7028 7027 6719
7030 7029 15
7032 7031 6735
7034 7033 8
7036 7035 7019
7038 7037 4
7040 7039 6989
7042 7041 7
7044 4247 477
7046 7045 19
7048 7047 5535
7050 7049 17
7052 5721 19
7054 7053 6933
7056 7055 16
7058 7057 7051
7060 7059 15
7062 3575 3491
7064 7063 19
7066 7065 5535
7068 7067 17
7070 3491 185
7072 7071 19
7074 4007 18
7076 7075 7073
7078 7077 16
7080 7079 7069
7082 7081 14
7084 7083 7061
7086 7085 9
7088 7047 4751
7090 7089 17
7092 3819 501
7094 7093 19
7096 7095 4195
7098 7097 16
7100 7099 7091
7102 7101 15
7104 7065 6641
7106 7105 17
7108 3613 213
7110 7109 18
7112 7111 4699
7114 7113 16
7116 7115 7107
7118 7117 14
7120 7119 7103
7122 7121 8
7124 7123 7087
7126 7125 5
7128 7047 4803
7130 7129 17
7132 6853 6761
7134 7133 16
7136 7135 7131
7138 7137 15
7140 599 301
7142 7141 18
7144 7143 7065
7146 7145 17
7148 7147 6893
7150 7149 14
7152 7151 7139
7154 7153 4
7156 7155 7127
7158 7157 6
7160 7159 7043
7162 7161 2
7164 7163 6917
7166 7165 10
7168 7167 475
7170 7169 13
7172 6093 3833
7174 7173 17
7176 6569 3805
7178 7177 19
7180 3563 213
7182 7181 18
7184 7183 7179
7186 7185 16
7188 7187 7175
7190 7189 15
7192 4889 18
7194 3833 649
7196 7194 7193
7198 7197 17
7200 3819 3429
7202 7201 19
7204 3639 185
7206 7205 18
7208 7207 7203
7210 7209 16
7212 7211 7199
7214 7213 14
7216 7215 7191
7218 7217 9
7220 583 467
7222 7221 18
7224 7223 6965
7226 7225 17
7228 3639 3557
7230 7229 18
7232 7231 723
7234 7233 16
7236 7235 7227
7238 7237 15
7240 640 19
7242 7241 3833
7244 7242 4953
7246 7245 17
7248 3639 3505
7250 7249 18
7252 7251 4353
7254 7253 16
7256 7255 7247
7258 7257 14
7260 7259 7239
7262 7261 8
7264 7263 7219
7266 7265 5
7268 3459 477
7270 7269 19
7272 3557 179
7274 7273 18
7276 7275 7271
7278 7277 17
7280 3821 19
7282 7281 5327
7284 7283 16
7286 7285 7279
7288 7287 15
7290 3459 757
7292 7291 19
7294 7293 6597
7296 7295 17
7298 3819 605
7300 7299 19
7302 3639 3575
7304 7303 18
7306 7305 7301
7308 7307 16
7310 7309 7297
7312 7311 14
7314 7313 7289
7316 7315 9
7318 4479 18
7320 7319 3629
7322 7321 17
7324 3805 3615
7326 7325 19
7328 7327 4495
7330 7329 16
7332 7331 7323
7334 7333 15
7336 3615 3473
7338 7337 19
7340 7339 4121
7342 7341 17
7344 3805 3791
7346 7345 19
7348 7347 4495
7350 7349 16
7352 7351 7343
7354 7353 14
7356 7355 7335
7358 7357 8
7360 7359 7317
7362 7361 4
7364 7363 7267
7366 7365 7
7368 3459 521
7370 7369 19
7372 7371 273
7374 7373 17
7376 3935 19
7378 437 223
7380 7379 18
7382 7381 7377
7384 7383 16
7386 7385 7375
7388 7387 15
7390 3459 159
7392 7391 19
7394 3409 18
7396 7395 7393
7398 7397 17
7400 605 211
7402 7401 19
7404 7403 7207
7406 7405 16
7408 7407 7399
7410 7409 14
7412 7411 7389
7414 7413 9
7416 4247 3505
7418 7417 19
7420 7419 273
7422 7421 17
7424 225 213
7426 7425 19
7428 7427 7381
7430 7429 16
7432 7431 7423
7434 7433 15
7436 157 19
7438 6405 18
7440 7439 7437
7442 7441 17
7444 147 19
7446 7445 7183
7448 7447 16
7450 7449 7443
7452 7451 14
7454 7453 7435
7456 7455 8
7458 7457 7415
7460 7459 5
7462 437 331
7464 7463 18
7466 7465 7371
7468 7467 17
7470 6711 4811
7472 7471 16
7474 7473 7469
7476 7475 15
7478 3613 3459
7480 7479 19
7482 3473 605
7484 7483 18
7486 7485 7481
7488 7487 17
7490 3805 663
7492 7491 19
7494 7493 6889
7496 7495 16
7498 7497 7489
7500 7499 14
7502 7501 7477
7504 7503 9
7506 6751 273
7508 7507 17
7510 4963 19
7512 7511 6321
7514 7513 16
7516 7515 7509
7518 7517 15
7520 4247 225
7522 7521 19
7524 246 18
7526 7525 303
7528 7526 7523
7530 7529 17
7532 7425 18
7534 7533 333
7536 7534 267
7538 7537 16
7540 7539 7531
7542 7541 14
7544 7543 7519
7546 7545 8
7548 7547 7505
7550 7549 4
7552 7551 7461
7554 7553 6
7556 7555 7367
7558 7557 11
7560 7559 985
7562 7561 12
7564 7563 7171
7566 583 179
7568 7567 19
7570 7569 251
7572 7571 17
7574 7525 617
7576 7574 919
7578 7577 16
7580 7579 7573
7582 7581 15
7584 3685 223
7586 7585 18
7588 7587 267
7590 7589 17
7592 247 141
7594 7593 18
7596 7595 617
7598 7597 16
7600 7599 7591
7602 7601 14
7604 7603 7583
7606 7605 9
7608 3685 179
7610 7609 19
7612 7611 251
7614 7613 17
7616 5437 19
7618 7617 6777
7620 7619 16
7622 7621 7615
7624 7623 15
7626 5265 18
7628 7627 1043
7630 7629 17
7632 605 437
7634 7633 18
7636 7635 7617
7638 7637 16
7640 7639 7631
7642 7641 14
7644 7643 7625
7646 7645 8
7648 7647 7607
7650 7649 5
7652 583 213
7654 7653 19
7656 7655 4289
7658 7657 17
7660 203 19
7662 3505 247
7664 7663 18
7666 7665 7661
7668 7667 16
7670 7669 7659
7672 7671 15
7674 5775 18
7676 7675 209
7678 7677 17
7680 3557 403
7682 7681 19
7684 479 18
7686 7685 7683
7688 7687 16
7690 7689 7679
7692 7691 14
7694 7693 7673
7696 7695 9
7698 3685 205
7700 7699 19
7702 599 477
7704 7703 18
7706 7705 7701
7708 7707 17
7710 5689 19
7712 3557 467
7714 7713 18
7716 7715 7711
7718 7717 16
7720 7719 7709
7722 7721 15
7724 3427 205
7726 7725 19
7728 541 213
7730 7729 18
7732 7731 7727
7734 7733 17
7736 6013 19
7738 7737 5691
7740 7739 16
7742 7741 7735
7744 7743 14
7746 7745 7723
7748 7747 8
7750 7749 7697
7752 7751 4
7754 7753 7651
7756 7755 7
7758 699 19
7760 7759 7675
7762 7761 17
7764 599 521
7766 7765 18
7768 5273 499
7770 7768 7767
7772 7771 16
7774 7773 7763
7776 7775 15
7778 7586 17
7780 7595 499
7782 7781 16
7784 7783 7779
7786 7785 14
7788 7787 7777
7790 7789 9
7792 4721 19
7794 7793 7675
7796 7795 17
7798 3557 205
7800 7799 19
7802 3505 599
7804 7803 18
7806 7805 7801
7808 7807 16
7810 7809 7797
7812 7811 15
7814 3557 223
7816 7815 18
7818 7817 617
7820 7819 17
7822 7181 19
7824 7823 5747
7826 7825 16
7828 7827 7821
7830 7829 14
7832 7831 7813
7834 7833 8
7836 7835 7791
7838 7837 5
7840 3539 18
7842 7841 7793
7844 7843 17
7846 7801 7665
7848 7847 16
7850 7849 7845
7852 7851 15
7854 477 223
7856 7855 18
7858 7857 617
7860 7859 17
7862 5777 5747
7864 7863 16
7866 7865 7861
7868 7867 14
7870 7869 7853
7872 7871 8
7874 5777 3921
7876 7875 14
7878 7801 549
7880 7879 15
7882 7881 7877
7884 7883 16
7886 7758 15
7888 7887 7857
7890 7889 17
7892 7891 7885
7894 7893 9
7896 7895 7873
7898 7897 4
7900 7899 7839
7902 7901 6
7904 7903 7757
7906 7905 3
7908 939 251
7910 7909 17
7912 3684 19
7914 7913 6369
7916 7914 4197
7918 7917 16
7920 7919 7911
7922 7921 15
7924 6533 5591
7926 7925 17
7928 7585 19
7930 7929 415
7932 7931 16
7934 7933 7927
7936 7935 14
7938 7937 7923
7940 7939 9
7942 919 259
7944 7942 251
7946 7945 17
7948 663 277
7950 7949 18
7952 7951 4197
7954 7952 6533
7956 7955 16
7958 7957 7947
7960 7959 15
7962 1043 965
7964 7963 17
7966 7379 19
7968 7967 441
7970 7969 16
7972 7971 7965
7974 7973 14
7976 7975 7961
7978 7977 8
7980 7979 7941
7982 7981 5
7984 4247 3557
7986 7985 19
7988 7987 4879
7990 7989 16
7992 7991 7659
7994 7993 15
7996 3563 205
7998 7997 19
8000 7999 7675
8002 8001 17
8004 6457 5777
8006 8005 16
8008 8007 8003
8010 8009 14
8012 8011 7995
8014 8013 9
8016 3427 223
8018 8017 19
8020 8019 3949
8022 8021 16
8024 8023 7709
8026 8025 15
8028 7841 7727
8030 8029 17
8032 3427 213
8034 8033 19
8036 3557 247
8038 8037 18
8040 8039 8035
8042 8041 16
8044 8043 8031
8046 8045 14
8048 8047 8027
8050 8049 8
8052 8051 8015
8054 8053 4
8056 8055 7983
8058 8057 7
8060 583 403
8062 8061 19
8064 8063 3949
8066 8065 17
8068 4455 4247
8070 8069 19
8072 4209 615
8074 8072 8071
8076 8075 16
8078 8077 8067
8080 8079 15
8082 6115 18
8084 8083 7241
8086 8085 17
8088 162 18
8090 8089 5777
8092 8091 16
8094 8093 8087
8096 8095 14
8098 8097 8081
8100 8099 9
8102 4455 403
8104 8103 19
8106 8105 3949
8108 8107 17
8110 3505 743
8112 8111 18
8114 8113 8071
8116 8115 16
8118 8117 8109
8120 8119 15
8122 4454 19
8124 8123 8083
8126 8125 17
8128 4455 179
8130 8129 18
8132 8131 7823
8134 8133 16
8136 8135 8127
8138 8137 14
8140 8139 8121
8142 8141 8
8144 8143 8101
8146 8145 5
8148 8063 7685
8150 8149 17
8152 279 141
8154 8153 19
8156 8155 615
8158 8157 16
8160 8159 8151
8162 8161 15
8164 579 18
8166 8165 259
8168 8167 17
8170 498 16
8172 8171 8169
8174 8173 14
8176 8175 8163
8178 8177 9
8180 8105 7705
8182 8181 17
8184 7701 5315
8186 8185 16
8188 8187 8183
8190 8189 15
8192 5729 18
8194 8193 7913
8196 8195 17
8198 7609 18
8200 8199 5777
8202 8201 16
8204 8203 8197
8206 8205 14
8208 8207 8191
8210 8209 8
8212 8211 8179
8214 8213 4
8216 8215 8147
8218 8217 6
8220 8219 8059
8222 8221 2
8224 8223 7907
8226 8225 384
8228 6295 4555
8230 8229 17
8232 7593 19
8234 4455 223
8236 8235 18
8238 8237 8233
8240 8239 16
8242 8241 8231
8244 8243 15
8246 5219 301
8248 8247 19
8250 8249 5833
8252 8251 17
8254 8017 18
8256 8255 617
8258 8257 16
8260 8259 8253
8262 8261 14
8264 8263 8245
8266 8265 9
8268 5219 3685
8270 8269 19
8272 8271 5861
8274 8273 17
8276 4117 149
8278 8277 18
8280 8279 7403
8282 8281 16
8284 8283 8275
8286 8285 15
8288 5223 795
8290 8289 17
8292 465 149
8294 8293 18
8296 8295 6427
8298 8297 16
8300 8299 8291
8302 8301 14
8304 8303 8287
8306 8305 8
8308 8307 8267
8310 8309 5
8312 6569 641
8314 8313 19
8316 8315 3467
8318 8317 17
8320 8039 5443
8322 8321 16
8324 8323 8319
8326 8325 15
8328 211 167
8330 8329 19
8332 476 18
8334 8333 415
8336 8334 8331
8338 8337 17
8340 3918 20
8342 8341 3685
8344 8343 16
8346 8345 8339
8348 8347 14
8350 8349 8327
8352 8351 9
8354 5219 477
8356 8355 19
8358 3505 467
8360 8359 18
8362 8361 8357
8364 8363 17
8366 3639 583
8368 8367 18
8370 8369 3969
8372 8371 16
8374 8373 8365
8376 8375 15
8378 5219 3427
8380 8379 19
8382 489 467
8384 8383 18
8386 8385 8381
8388 8387 17
8390 541 149
8392 8391 18
8394 8393 7737
8396 8395 16
8398 8397 8389
8400 8399 14
8402 8401 8377
8404 8403 8
8406 8405 8353
8408 8407 4
8410 8409 8311
8412 8411 7
8414 3505 223
8416 8415 18
8418 5273 16
8420 8418 267
8422 8420 8417
8424 5287 477
8426 8425 19
8428 7595 17
8430 8428 8427
8432 8431 8423
8434 8433 8
8436 8155 16
8438 8436 7817
8440 8428 5641
8442 8441 8439
8444 8443 9
8446 8445 8435
8448 8447 14
8450 6624 8
8452 641 525
8454 8453 6856
8456 673 17
8458 8456 8455
8460 8458 8451
8462 4573 16
8464 8462 7817
8466 8465 8461
8468 8467 15
8470 8469 5
8472 8470 8449
8474 6625 701
8476 8475 17
8478 3505 205
8480 8479 19
8482 8481 8039
8484 8483 16
8486 8485 8477
8488 8487 15
8490 8427 7685
8492 8491 17
8494 5287 3685
8496 8495 19
8498 8497 8039
8500 8499 16
8502 8501 8493
8504 8503 14
8506 8505 8489
8508 8507 4
8510 8509 8473
8512 8511 6
8514 8513 8413
8516 8515 132
8518 8517 8227
8520 3557 167
8522 8521 19
8524 4455 3639
8526 8525 18
8528 8527 8523
8530 8529 17
8532 8525 19
8534 5115 18
8536 8535 8533
8538 8537 16
8540 8539 8531
8542 8541 15
8544 5067 19
8546 3599 18
8548 8547 8545
8550 8549 17
8552 4455 3491
8554 8553 19
8556 4455 213
8558 8557 18
8560 8559 8555
8562 8561 16
8564 8563 8551
8566 8565 14
8568 8567 8543
8570 8569 9
8572 6203 19
8574 4455 149
8576 8575 18
8578 8577 8573
8580 8579 17
8582 8533 765
8584 8583 16
8586 8585 8581
8588 8587 15
8590 5589 673
8592 8590 661
8594 8593 17
8596 8071 6651
8598 8597 16
8600 8599 8595
8602 8601 14
8604 8603 8589
8606 8605 8
8608 8607 8571
8610 8609 5
8612 8037 19
8614 8613 5527
8616 8615 17
8618 8385 3969
8620 8619 16
8622 8621 8617
8624 8623 15
8626 523 19
8628 8627 8547
8630 8629 17
8632 8033 18
8634 8633 5795
8636 8635 16
8638 8637 8631
8640 8639 14
8642 8641 8625
8644 8643 9
8646 5219 3557
8648 8647 19
8650 8649 5527
8652 8651 17
8654 5917 5777
8656 8655 16
8658 8657 8653
8660 8659 15
8662 3557 525
8664 8663 19
8666 8665 7715
8668 8667 17
8670 7229 19
8672 8671 3949
8674 8673 16
8676 8675 8669
8678 8677 14
8680 8679 8661
8682 8681 8
8684 8683 8645
8686 8685 4
8688 8687 8611
8690 8689 7
8692 7273 19
8694 605 541
8696 8695 18
8698 8697 8693
8700 8699 17
8702 4285 573
8704 8703 16
8706 8705 8701
8708 8707 15
8710 8559 5795
8712 8711 16
8714 8713 8551
8716 8715 14
8718 8717 8709
8720 8719 9
8722 8693 8547
8724 8723 17
8726 4285 795
8728 8727 16
8730 8729 8725
8732 8731 15
8734 6651 5795
8736 8735 16
8738 8737 8551
8740 8739 14
8742 8741 8733
8744 8743 8
8746 8745 8721
8748 8747 5
8750 8693 5527
8752 8751 17
8754 599 489
8756 8755 18
8758 8757 5777
8760 8759 16
8762 8761 8753
8764 8763 15
8766 5183 19
8768 8767 7715
8770 8769 17
8772 8771 5799
8774 8773 14
8776 8775 8765
8778 8777 4
8780 8779 8749
8782 8781 6
8784 8783 8691
8786 8785 3
8788 4905 19
8790 5673 18
8792 8791 8789
8794 8793 17
8796 583 167
8798 8797 19
8800 8799 4723
8802 8801 16
8804 8803 8795
8806 8805 15
8808 663 541
8810 8809 18
8812 8811 8545
8814 8813 17
8816 3615 583
8818 8817 19
8820 8103 18
8822 8821 8819
8824 8823 16
8826 8825 8815
8828 8827 14
8830 8829 8807
8832 8831 9
8834 3543 19
8836 8835 5963
8838 8837 17
8840 6045 5005
8842 8841 16
8844 8843 8839
8846 8845 15
8848 165 19
8850 925 18
8852 8851 8849
8854 8853 17
8856 4455 743
8858 8857 18
8860 8859 5601
8862 8861 16
8864 8863 8855
8866 8865 14
8868 8867 8847
8870 8869 8
8872 8871 8833
8874 8873 5
8876 5995 3545
8878 8877 16
8880 8879 8617
8882 8881 15
8884 3615 3427
8886 8885 19
8888 8887 8633
8890 8889 16
8892 8891 8631
8894 8893 14
8896 8895 8883
8898 8897 9
8900 7713 19
8902 8901 5691
8904 8903 16
8906 8905 8653
8908 8907 15
8910 8900 16
8912 8664 17
8914 8913 5527
8916 8914 8911
8918 8917 14
8920 8919 8909
8922 8921 8
8924 8923 8899
8926 8925 4
8928 8927 8875
8930 8929 7
8932 6363 5743
8934 8933 16
8936 8935 8701
8938 8937 15
8940 801 18
8942 8941 8767
8944 8943 17
8946 3791 541
8948 8947 19
8950 5591 3741
8952 8950 8949
8954 8953 16
8956 8955 8945
8958 8957 14
8960 8959 8939
8962 8961 9
8964 5545 19
8966 8965 493
8968 8967 16
8970 8969 8725
8972 8971 15
8974 8333 4209
8976 8974 8767
8978 8977 17
8980 3687 18
8982 8981 3433
8984 8983 16
8986 8985 8979
8988 8987 14
8990 8989 8973
8992 8991 8
8994 8993 8963
8996 8995 5
8998 8533 3545
9000 8999 16
9002 9001 8753
9004 9003 15
9006 8767 5699
9008 9007 17
9010 5795 5185
9012 9011 16
9014 9013 9009
9016 9015 14
9018 9017 9005
9020 9019 4
9022 9021 8997
9024 9023 6
9026 9025 8931
9028 9027 2
9030 9029 8787
9032 9031 384
9034 8497 7251
9036 9035 17
9038 8791 6999
9040 9039 16
9042 9041 9037
9044 9043 15
9046 6921 6625
9048 9047 17
9050 489 403
9052 9051 19
9054 9053 6015
9056 9055 16
9058 9057 9049
9060 9059 14
9062 9061 9045
9064 9063 9
9066 4455 525
9068 9067 19
9070 9051 18
9072 9071 9069
9074 9073 17
9076 6615 19
9078 9077 6651
9080 9079 16
9082 9081 9075
9084 9083 15
9086 5287 503
9088 9087 19
9090 7653 18
9092 9091 9089
9094 9093 17
9096 9053 8757
9098 9097 16
9100 9099 9095
9102 9101 14
9104 9103 9085
9106 9105 8
9108 9107 9065
9110 9109 5
9112 8649 4541
9114 9113 17
9116 9115 8373
9118 9117 15
9120 4603 489
9122 9120 5443
9124 9123 17
9126 9125 9057
9128 9127 14
9130 9129 9119
9132 9131 9
9134 4673 18
9136 9135 5359
9138 9137 17
9140 8415 19
9142 9141 3921
9144 9143 16
9146 9145 9139
9148 9147 15
9150 7855 19
9152 521 213
9154 9153 18
9156 9155 9151
9158 9157 17
9160 3505 213
9162 9161 19
9164 140 18
9166 9165 4603
9168 9166 9163
9170 9169 16
9172 9171 9159
9174 9173 14
9176 9175 9149
9178 9177 8
9180 9179 9133
9182 9181 4
9184 9183 9111
9186 9185 7
9188 8361 7801
9190 9189 17
9192 3427 501
9194 9193 19
9196 9195 8791
9198 9197 16
9200 9199 9191
9202 9201 15
9204 7727 6921
9206 9205 17
9208 9207 9057
9210 9209 14
9212 9211 9203
9214 9213 9
9216 8649 8361
9218 9217 17
9220 5697 19
9222 9221 8791
9224 9223 16
9226 9225 9219
9228 9227 15
9230 8535 8381
9232 9231 17
9234 8835 8385
9236 9235 16
9238 9237 9233
9240 9239 14
9242 9241 9229
9244 9243 8
9246 9245 9215
9248 9247 5
9250 7801 7767
9252 9251 17
9254 9253 7865
9256 9255 15
9258 9155 7801
9260 9259 17
9262 9163 3949
9264 9263 16
9266 9265 9261
9268 9267 14
9270 9269 9257
9272 9271 9
9274 8791 3969
9276 9275 16
9278 9277 9219
9280 9279 15
9282 6611 18
9284 9283 8381
9286 9285 17
9288 8755 19
9290 9289 5527
9292 9291 16
9294 9293 9287
9296 9295 14
9298 9297 9281
9300 9299 8
9302 9301 9273
9304 9303 4
9306 9305 9249
9308 9307 6
9310 9309 9187
9312 9311 132
9314 9313 9033
9316 5272 17
9318 9164 16
9320 9319 9317
9322 970 15
9324 9322 9321
9326 8333 4573
9328 9327 16
9330 9134 8
9332 614 9
9334 9333 5443
9336 9334 9331
9338 9337 17
9340 9339 9329
9342 9341 15
9344 8333 7661
9346 9345 17
9348 4675 615
9350 9349 16
9352 9351 9347
9354 9353 8
9356 521 205
9358 9357 19
9360 9358 17
9362 520 16
9364 9363 9361
9366 9365 9
9368 9367 9355
9370 9369 14
9372 9371 9343
9374 9373 5
9376 9375 9325
9378 9377 7
9380 5442 17
9382 9381 9319
9384 9383 15
9386 614 16
9388 9387 9361
9390 9389 14
9392 9391 9385
9394 9393 6
9396 9395 9379
9398 9397 3
9400 205 141
9402 9401 19
9404 9403 615
9406 9405 17
9408 7857 4573
9410 9409 16
9412 9411 9407
9414 9413 15
9416 9359 4603
9418 9417 17
9420 548 16
9422 9421 5373
9424 9422 9419
9426 9425 14
9428 9427 9415
9430 9429 9
9432 9403 9135
9434 9433 17
9436 9435 9411
9438 9437 15
9440 7841 7661
9442 9441 17
9444 4675 549
9446 9445 16
9448 9447 9443
9450 9449 14
9452 9451 9439
9454 9453 8
9456 9455 9431
9458 9457 5
9460 3920 16
9462 9461 9317
9464 9463 9322
9466 9465 9459
9468 9467 7
9470 9381 5367
9472 9471 15
9474 9359 773
9476 9475 17
9478 9477 9421
9480 9479 14
9482 9481 9473
9484 9483 6
9486 9485 9469
9488 9487 2
9490 9489 9399
9492 9491 10
9494 9493 475
9496 9495 13
9498 6568 8
9500 200 9
9502 9501 9499
9504 16 15
9506 9504 9503
9508 140 17
9510 278 16
9512 9511 9509
9514 9513 14
9516 520 17
9518 9517 9515
9520 9518 9507
9522 9521 19
9524 9362 15
9526 9525 9523
9528 1184 11
9530 9528 9527
9532 9531 985
9534 9533 12
9536 9535 9497
9538 1863 1507
9540 9538 1387
9542 3099 1495
9544 9542 2831
9546 9544 9540
9548 2379 2103
9550 1335 1091
9552 52 12
9554 9553 3357
9556 9554 3001
9558 9557 3354
9560 9559 1703
9562 9560 9550
9564 9562 9548
9566 2943 2645
9568 9566 3377
9570 3077 3035
9572 2744 50
9574 9573 2747
9576 9574 9570
9578 1479 1425
9580 9578 2949
9582 9580 9576
9584 1553 1101
9586 2955 2921
9588 9586 9584
9590 3135 1917
9592 2411 1813
9594 9592 1973
9596 2418 1499
9598 9597 2421
9600 9598 9594
9602 3069 1957
9604 9602 3315
9606 3091 3005
9608 9606 2901
9610 1979 1869
9612 9610 2412
9614 9612 9608
9616 2885 1907
9618 9616 3319
9620 3359 1501
9622 9621 3354
9624 1687 1263
9626 9624 9623
9628 2369 2347
9630 2123 2107
9632 9630 9628
9634 9632 9626
9636 3380 1499
9638 3383 3347
9640 9638 9637
9642 1997 1985
9644 9642 2093
9646 1603 1369
9648 9646 9644
9650 1993 1505
9652 9650 1947
9654 1969 1611
9656 2473 2433
9658 9656 9654
9660 9658 9652
9662 2059 1518
9664 9662 1067
9666 9664 1085
9668 9667 2351
9670 1216 1085
9672 9670 3356
9674 2119 1161
9676 9674 9673
9678 9676 9668
9680 1520 1067
9682 9681 1937
9684 9683 1085
9686 9685 2691
9688 2357 2017
9690 9670 3358
9692 1317 1175
9694 9692 9691
9696 9694 9688
9698 2037 1321
9700 1549 1161
9702 9700 9698
9704 2373 2131
9706 2361 2023
9708 9706 9704
9710 9708 9702
9712 2023 1373
9714 2499 1559
9716 9714 9712
9718 1778 458
9720 9718 991
9722 9721 3345
9724 2839 2651
9726 9724 9722
9728 2141 2049
9730 9728 2567
9732 9730 9726
9734 3048 990
9736 9735 3103
9738 9736 1829
9740 9738 2895
9742 1725 1397
9744 9742 9740
9746 3050 990
9748 3107 2291
9750 9748 9747
9752 2335 2161
9754 9752 9750
9756 1530 458
9758 9756 991
9760 2769 2269
9762 9760 9759
9764 9762 1155
9766 9764 1625
9768 2221 1785
9770 9769 458
9772 9770 991
9774 9773 1411
9776 1657 1417
9778 9776 9774
9780 2775 1745
9782 1933 1749
9784 9782 1143
9786 1691 1115
9788 9786 1587
9790 9788 9784
9792 1663 1239
9794 2665 2601
9796 9794 9792
9798 2727 1209
9800 9798 1886
9802 9800 1798
9804 9802 9796
9806 1515 83
9808 9807 9670
9810 2043 1771
9812 9810 9809
9814 1431 84
9816 2744 40
9818 9817 9815
9820 9819 1216
9822 3013 1435
9824 9822 1639
9826 9824 9821
9828 1224 84
9830 1629 1227
9832 9830 9829
9834 1218 40
9836 9834 459
9838 9836 990
9840 2852 2795
9842 9841 9839
9844 9842 1461
9846 9844 1760
9848 9846 9832
9850 2318 40
9852 9850 1085
9854 9853 1135
9856 1719 1699
9858 1132 86
9860 2034 82
9862 9861 9859
9864 9862 9856
9866 9864 9854
9868 2799 2735
9870 9868 1445
9872 1635 1253
9874 9872 9870
9876 9874 1893
9878 1936 458
9880 9878 991
9882 9881 3029
9884 9882 2083
9886 9884 1349
9888 2870 2795
9890 1220 40
9892 9890 991
9894 2030 122
9896 9895 2189
9898 2030 94
9900 1442 131
9902 9901 1128
9904 9903 9899
9906 9904 9896
9908 9906 9893
9910 9908 9889
9912 1911 1193
9914 3083 1469
9916 1534 458
9918 9916 991
9920 9919 2147
9922 2383 2135
9924 3159 2191
9926 3149 2171
9928 9926 2285
9930 3163 1653
9932 1729 1671
9934 9932 9930
9936 2267 2183
9938 2307 1293
9940 9938 1855
9942 2315 1291
9944 9942 1594
9946 9944 9940
9948 2323 1277
9950 2331 1279
9952 2303 1807
9954 9952 9950
9956 9954 9948
9958 3187 2263
9960 9958 2246
9962 9960 2252
9964 2235 1085
9966 2089 1715
i0 p0p0gt0outside29temperature0room29temperature
i1 p0p0all2windows2closed0room
i2 p0b0room29window29closed
i3 p0b0room29window29opened
i4 p0b0room29heating29on
i5 p0b0room29heating29off
o0 u0room29heating29ctrl0f1dturn2on1b
o1 u0room29heating29ctrl0f1dturn2off1b
o2 u0music29ctrl0f1dplay0f1doverture1b1b
o3 u0room29heating29ctrl0room29heating29ctrl
o4 u0music29ctrl0music29ctrl
{"is_completed":true,"output_vars":["u0music29ctrl0f1dplay0f1doverture1b1b","u0music29ctrl0music29ctrl","u0room29heating29ctrl0f1dturn2off1b","u0room29heating29ctrl0f1dturn2on1b","u0room29heating29ctrl0room29heating29ctrl"],"input_vars":["p0p0gt0outside29temperature0room29temperature","p0p0all2windows2closed0room","p0b0room29window29closed","p0b0room29window29opened","p0b0room29heating29on","p0b0room29heating29off"],"formula":"(((G ((! (((u0room29heating29ctrl0f1dturn2on1b) && (! ((u0room29heating29ctrl0f1dturn2off1b) || (u0room29heating29ctrl0room29heating29ctrl)))) <-> ((! (((u0room29heating29ctrl0f1dturn2off1b) && (! (u0room29heating29ctrl0room29heating29ctrl))) <-> ((u0room29heating29ctrl0room29heating29ctrl) && (! (u0room29heating29ctrl0f1dturn2off1b))))) && (! (u0room29heating29ctrl0f1dturn2on1b))))) && (! (((u0music29ctrl0music29ctrl) && (! (u0music29ctrl0f1dplay0f1doverture1b1b))) <-> ((u0music29ctrl0f1dplay0f1doverture1b1b) && (! (u0music29ctrl0music29ctrl))))))) && ((G (((! ((p0b0room29heating29off) <-> (p0b0room29heating29on))) && ((u0room29heating29ctrl0f1dturn2on1b) -> (F ((u0room29heating29ctrl0f1dturn2off1b) R (p0b0room29heating29on))))) && ((u0room29heating29ctrl0f1dturn2off1b) -> (F ((u0room29heating29ctrl0f1dturn2on1b) R (p0b0room29heating29off)))))) -> (G ((p0p0gt0outside29temperature0room29temperature) -> (F (p0b0room29heating29off)))))) && ((G ((((! ((p0b0room29heating29off) <-> (p0b0room29heating29on))) && ((u0room29heating29ctrl0f1dturn2on1b) -> (F ((u0room29heating29ctrl0f1dturn2off1b) R (p0b0room29heating29on))))) && ((u0room29heating29ctrl0f1dturn2off1b) -> (F ((u0room29heating29ctrl0f1dturn2on1b) R (p0b0room29heating29off))))) && ((p0b0room29window29opened) -> (((! (p0p0all2windows2closed0room)) U (p0b0room29window29closed)) || (G (! (p0p0all2windows2closed0room))))))) -> (G ((p0b0room29window29opened) -> ((u0music29ctrl0f1dplay0f1doverture1b1b) && (F (((p0b0room29heating29off) U ((p0b0room29window29closed) && (p0p0all2windows2closed0room))) || (G (p0b0room29heating29off)))))))))","total_time":1234,"automaton":{"is_built":true,"build_duration":18,"total_states":51,"state_based_status":"true","prune_automaton_duration":0,"pruned_state_based_status":"true","prune_total_states":51,"total_edges":240},"dependency":{"dependency_approach":"automaton","tested_dependencies":[{"name":"u0room29heating29ctrl0room29heating29ctrl","duration":26,"is_dependent":true,"tested_dependency_set":["p0p0gt0outside29temperature0room29temperature","p0p0all2windows2closed0room","p0b0room29window29closed","p0b0room29window29opened","p0b0room29heating29on","p0b0room29heating29off","u0music29ctrl0f1dplay0f1doverture1b1b","u0music29ctrl0music29ctrl","u0room29heating29ctrl0f1dturn2off1b","u0room29heating29ctrl0f1dturn2on1b"]},{"name":"u0room29heating29ctrl0f1dturn2on1b","duration":0,"is_dependent":false,"tested_dependency_set":["p0p0gt0outside29temperature0room29temperature","p0p0all2windows2closed0room","p0b0room29window29closed","p0b0room29window29opened","p0b0room29heating29on","p0b0room29heating29off","u0music29ctrl0f1dplay0f1doverture1b1b","u0music29ctrl0music29ctrl","u0room29heating29ctrl0f1dturn2off1b"]},{"name":"u0room29heating29ctrl0f1dturn2off1b","duration":0,"is_dependent":false,"tested_dependency_set":["p0p0gt0outside29temperature0room29temperature","p0p0all2windows2closed0room","p0b0room29window29closed","p0b0room29window29opened","p0b0room29heating29on","p0b0room29heating29off","u0music29ctrl0f1dplay0f1doverture1b1b","u0music29ctrl0music29ctrl","u0room29heating29ctrl0f1dturn2on1b"]},{"name":"u0music29ctrl0music29ctrl","duration":42,"is_dependent":true,"tested_dependency_set":["p0p0gt0outside29temperature0room29temperature","p0p0all2windows2closed0room","p0b0room29window29closed","p0b0room29window29opened","p0b0room29heating29on","p0b0room29heating29off","u0music29ctrl0f1dplay0f1doverture1b1b","u0room29heating29ctrl0f1dturn2on1b","u0room29heating29ctrl0f1dturn2off1b"]},{"name":"u0music29ctrl0f1dplay0f1doverture1b1b","duration":0,"is_dependent":false,"tested_dependency_set":["p0p0gt0outside29temperature0room29temperature","p0p0all2windows2closed0room","p0b0room29window29closed","p0b0room29window29opened","p0b0room29heating29on","p0b0room29heating29off","u0room29heating29ctrl0f1dturn2on1b","u0room29heating29ctrl0f1dturn2off1b"]}],"total_duration":77,"is_completed":true,"skipped_dependencies":false,"total_pair_state":853,"search_pair_state_duration":8},"unate":{"skipped_unate":true},"synthesis":{"remove_dependent_ap_duration":0,"clone_nba_with_dep":0,"synthesis_dependents_duration":11,"model_checking_status":"UNKNOWN","merge_strategies_duration":757,"final_strategy":{"duration":11,"total_inputs":9,"total_outputs":2,"total_latches":51,"total_gates":2643},"independent_strategy":{"duration":366,"realizability":"REALIZABLE","total_inputs":6,"total_outputs":3,"total_latches":7,"total_gates":3698},"dependent_strategy":{"duration":11,"total_inputs":9,"total_outputs":2,"total_latches":51,"total_gates":2643}}}
