Hierarchy reader flattened 2 instances of logic boxes and left 0 black boxes.
aag 851 9 24 4 818
2
4
6
8
10
12
14
16
18
20 839
22 1049
24 1253
26 1403
28 1507
30 1
32 0
34 1520
36 1532
38 1545
40 1575
42 1578
44 1592
46 1611
48 1636
50 1652
52 1661
54 1664
56 1666
58 1676
60 1680
62 1688
64 1698
66 1702
321
477
507
732
68 28 26
70 68 24
72 70 22
74 73 5
76 29 27
78 77 25
80 79 23
82 29 26
84 82 24
86 27 25
88 87 85
90 89 22
92 91 81
94 93 20
96 84 23
98 29 24
100 98 22
102 101 97
104 76 25
106 104 22
108 107 102
110 109 21
112 111 95
114 113 15
116 103 21
118 79 22
120 83 24
122 121 118
124 123 81
126 125 20
128 127 117
130 129 14
132 131 115
134 133 4
136 135 75
138 137 3
140 82 25
142 23 21
144 22 20
146 145 143
148 76 24
150 148 147
152 151 141
154 153 5
156 73 4
158 157 155
160 159 2
162 161 139
164 163 19
166 28 27
168 166 25
170 167 83
172 171 24
174 173 169
176 174 23
178 73 21
180 28 25
182 180 22
184 183 178
186 184 177
188 169 23
190 83 25
192 191 85
194 193 22
196 195 189
198 197 20
200 17 7
202 200 15
204 202 4
206 204 199
208 206 187
210 205 72
212 211 3
214 212 209
216 29 25
218 166 24
220 219 217
222 221 22
224 28 24
226 225 23
228 170 25
230 229 226
232 231 223
234 233 21
236 202 5
238 167 25
240 238 23
242 26 25
244 243 99
246 245 22
248 247 241
250 249 20
252 251 236
254 252 235
256 237 72
258 257 2
260 258 255
262 261 215
264 263 13
266 71 22
268 266 79
270 269 97
272 271 21
274 200 14
276 274 127
278 276 273
280 172 23
282 281 269
284 283 21
286 202 95
288 286 285
290 201 72
292 291 4
294 292 289
296 294 279
298 297 75
300 299 3
302 200 5
304 302 152
306 303 72
308 307 2
310 308 305
312 311 301
314 313 12
316 315 265
318 317 18
320 319 165
322 173 80
324 323 123
326 325 20
328 24 23
330 328 26
332 99 87
334 333 22
336 335 331
338 337 21
340 339 327
342 341 14
344 105 102
346 345 21
348 347 327
350 349 15
352 351 343
354 5 2
356 354 8
358 356 353
360 327 111
362 361 15
364 363 343
366 354 9
368 366 365
370 4 3
372 140 23
374 68 25
376 27 24
378 377 375
380 379 22
382 381 373
384 20 14
386 384 383
388 375 149
390 389 22
392 391 373
394 20 15
396 394 393
398 140 22
400 242 23
402 401 399
404 403 21
406 405 397
408 406 387
410 409 370
412 411 369
414 412 359
416 415 19
418 372 21
420 148 144
422 421 419
424 204 3
426 424 423
428 236 2
430 144 24
432 143 76
434 432 431
436 145 25
438 437 434
440 438 428
442 441 427
444 443 13
446 140 21
448 447 421
450 449 202
452 376 22
454 452 20
456 455 405
458 457 274
460 459 451
462 461 370
464 302 2
466 464 434
468 467 463
470 469 12
472 471 445
474 473 18
476 475 417
478 168 22
480 478 20
482 218 142
484 483 481
486 18 14
488 200 12
490 488 486
492 490 370
494 492 485
496 370 19
498 218 21
500 480 14
502 501 499
504 503 496
506 505 495
508 476 320
510 477 321
512 511 506
514 508 507
516 515 513
518 371 355
520 14 13
522 521 200
524 523 18
526 525 519
528 33 30
530 528 43
532 531 527
534 57 41
536 535 3
538 537 533
540 46 5
542 19 2
544 542 52
546 545 541
548 496 64
550 549 49
552 550 546
554 58 15
556 555 37
558 557 18
560 19 14
562 560 42
564 562 519
566 64 2
568 566 19
570 15 3
572 570 62
574 573 569
576 38 19
578 577 574
580 578 565
582 580 559
584 582 552
586 19 4
588 14 3
590 589 18
592 591 587
594 593 66
596 59 55
598 597 586
600 571 62
602 18 15
604 602 566
606 605 601
608 606 599
610 608 595
612 597 486
614 602 54
616 60 5
618 617 615
620 618 613
622 620 610
624 622 584
626 624 538
628 627 517
630 529 18
632 519 202
634 632 13
636 634 9
638 10 9
640 638 488
642 640 519
644 643 637
646 644 633
648 647 630
650 542 5
652 61 47
654 653 4
656 655 53
658 657 651
660 487 2
662 660 587
664 663 64
666 665 659
668 19 15
670 669 561
672 671 36
674 18 13
676 674 38
678 66 18
680 678 588
682 681 677
684 535 2
686 50 9
688 54 19
690 45 35
692 690 689
694 692 687
696 694 685
698 696 682
700 698 673
702 700 666
704 702 649
706 531 526
708 529 519
710 708 668
712 15 8
714 713 19
716 714 708
718 708 490
720 719 717
722 720 711
724 722 707
726 724 704
728 726 629
730 729 508
732 730 506
734 229 219
736 735 22
738 737 323
740 739 21
742 239 85
744 743 22
746 188 99
748 747 745
750 749 20
752 751 741
754 753 14
756 266 105
758 757 227
760 759 20
762 218 22
764 762 21
766 104 23
768 766 21
770 768 8
772 771 765
774 772 761
776 775 15
778 777 755
780 779 370
782 171 23
784 266 191
786 785 783
788 787 21
790 118 85
792 77 24
794 793 23
796 794 239
798 797 20
800 798 791
802 801 789
804 803 15
806 173 23
808 266 169
810 809 807
812 811 20
814 813 179
816 815 14
818 817 805
820 819 354
822 518 73
824 823 821
826 824 781
828 827 19
830 519 14
832 830 488
834 73 18
836 834 833
838 837 829
840 239 121
842 841 23
844 843 745
846 845 20
848 239 219
850 848 23
852 377 239
854 853 22
856 855 851
858 857 21
860 859 204
862 860 847
864 863 212
866 768 236
868 73 2
870 868 867
872 871 865
874 873 13
876 170 24
878 877 23
880 171 25
882 881 85
884 883 22
886 885 879
888 887 21
890 840 23
892 377 169
894 893 22
896 895 891
898 897 20
900 899 274
902 900 889
904 377 22
906 904 229
908 907 21
910 908 879
912 847 202
914 912 911
916 915 292
918 916 903
920 919 75
922 921 3
924 769 15
926 925 302
928 927 73
930 274 5
932 930 768
934 933 929
936 935 2
938 937 923
940 939 12
942 941 875
944 943 18
946 849 23
948 181 173
950 949 22
952 951 947
954 21 15
956 954 953
958 377 217
960 959 23
962 242 22
964 963 961
966 965 20
968 21 14
970 968 380
972 971 967
974 972 957
976 975 4
978 977 75
980 979 3
982 173 141
984 983 22
986 69 24
988 987 23
990 988 375
992 991 985
994 993 20
996 377 243
998 997 22
1000 23 9
1002 1000 25
1004 1003 27
1006 1005 29
1008 1007 999
1010 1009 21
1012 1011 995
1014 1013 15
1016 77 23
1018 1016 181
1020 1019 757
1022 1021 21
1024 388 23
1026 171 22
1028 1027 1025
1030 1029 20
1032 1031 1023
1034 1033 14
1036 1035 1015
1038 1037 5
1040 1039 157
1042 1041 2
1044 1043 981
1046 1045 19
1048 1047 945
1050 479 281
1052 1051 20
1054 1053 499
1056 1055 14
1058 986 23
1060 793 22
1062 1060 243
1064 1063 1059
1066 1065 20
1068 219 87
1070 1069 22
1072 882 23
1074 1073 1071
1076 1075 21
1078 1077 1067
1080 1079 15
1082 1081 1057
1084 1083 356
1086 88 23
1088 1087 223
1090 1089 21
1092 806 191
1094 1060 881
1096 1095 1093
1098 1097 20
1100 1099 1091
1102 1101 15
1104 453 183
1106 1104 373
1108 1107 20
1110 28 23
1112 1111 170
1114 997 21
1116 1114 1113
1118 1117 1109
1120 1119 14
1122 1121 1103
1124 1123 370
1126 375 121
1128 1127 23
1130 1129 1071
1132 1131 21
1134 1133 1067
1136 1135 15
1138 1137 1057
1140 1139 366
1142 1141 1125
1144 1142 1085
1146 1145 19
1148 948 23
1150 1149 391
1152 1151 21
1154 120 23
1156 217 149
1158 1157 22
1160 1159 1155
1162 1161 20
1164 1163 1153
1166 1165 424
1168 1060 217
1170 1169 177
1172 1171 21
1174 959 22
1176 1175 797
1178 1177 20
1180 1179 1173
1182 1181 428
1184 1183 1167
1186 1185 13
1188 1149 855
1190 1189 21
1192 239 101
1194 1192 1155
1196 1195 20
1198 1197 1191
1200 1199 202
1202 947 399
1204 1203 21
1206 894 20
1208 1207 1205
1210 1209 274
1212 1211 1201
1214 1213 370
1216 767 173
1218 1217 21
1220 841 22
1222 795 20
1224 1222 1221
1226 1225 1219
1228 1227 274
1230 1061 21
1232 1230 807
1234 1222 855
1236 1235 202
1238 1236 1233
1240 1239 1229
1242 1241 354
1244 1243 1215
1246 1245 12
1248 1247 1187
1250 1249 18
1252 1251 1147
1254 332 23
1256 1255 999
1258 1257 21
1260 747 247
1262 1261 20
1264 1263 1259
1266 1265 15
1268 1087 999
1270 1269 21
1272 843 267
1274 1273 20
1276 1275 1271
1278 1277 14
1280 1279 1267
1282 1281 4
1284 1283 75
1286 1285 3
1288 1017 757
1290 1289 21
1292 243 173
1294 1293 22
1296 1295 989
1298 1297 20
1300 1299 1291
1302 1301 15
1304 767 178
1306 1305 813
1308 1307 14
1310 1309 1303
1312 1311 5
1314 1313 157
1316 1315 2
1318 1317 1287
1320 1319 19
1322 883 23
1324 1323 223
1326 1325 21
1328 374 22
1330 241 101
1332 1330 1329
1334 1333 20
1336 1335 204
1338 1336 1327
1340 1339 212
1342 375 85
1344 1343 22
1346 1345 241
1348 1347 20
1350 891 223
1352 1351 21
1354 1353 236
1356 1354 1349
1358 1357 258
1360 1359 1341
1362 1361 13
1364 1087 855
1366 1365 21
1368 1275 274
1370 1368 1367
1372 448 202
1374 1373 292
1376 1374 1371
1378 1377 75
1380 1379 3
1382 806 105
1384 1383 1230
1386 1235 14
1388 1386 1385
1390 1389 302
1392 1391 308
1394 1393 1381
1396 1395 12
1398 1397 1363
1400 1399 18
1402 1401 1321
1404 1156 23
1406 175 22
1408 1407 1405
1410 1409 394
1412 852 23
1414 181 85
1416 1415 22
1418 1417 1413
1420 1419 21
1422 84 22
1424 1423 1405
1426 1425 384
1428 1427 1421
1430 1428 1411
1432 1431 370
1434 763 181
1436 1434 281
1438 1437 20
1440 1111 183
1442 1441 954
1444 180 23
1446 1445 1329
1448 1447 968
1450 1449 1443
1452 1450 1439
1454 1453 354
1456 1455 1433
1458 1457 19
1460 1110 87
1462 1461 1417
1464 1463 21
1466 331 167
1468 1467 20
1470 1469 1465
1472 1471 634
1474 1405 951
1476 1475 200
1478 1476 15
1480 1413 951
1482 1481 21
1484 1405 1345
1486 1485 20
1488 1487 1483
1490 1489 274
1492 1491 1479
1494 1493 370
1496 1476 354
1498 1497 1495
1500 1499 12
1502 1501 1473
1504 1503 18
1506 1505 1459
1508 38 13
1510 1508 18
1512 686 19
1514 1513 35
1516 1514 1511
1518 1516 533
1520 1519 517
1522 63 49
1524 1523 2
1526 1525 37
1528 1526 709
1530 1529 668
1532 1530 517
1534 517 19
1536 1534 38
1538 564 517
1540 716 517
1542 1541 1539
1544 1542 1537
1546 517 3
1548 1546 535
1550 526 476
1552 1550 507
1554 424 13
1556 488 370
1558 1557 1555
1560 1559 18
1562 1561 497
1564 1563 477
1566 1564 506
1568 1567 1553
1570 1569 531
1572 1570 320
1574 1573 1549
1576 513 509
1578 1577 706
1580 830 529
1582 65 53
1584 1583 2
1586 55 45
1588 1586 1585
1590 1588 1581
1592 1591 1534
1594 525 354
1596 1594 320
1598 1597 1551
1600 531 506
1602 1600 509
1604 1602 1599
1606 517 5
1608 1606 653
1610 1609 1605
1612 517 18
1614 632 529
1616 67 65
1618 53 49
1620 1618 63
1622 1620 1616
1624 1623 2
1626 1586 59
1628 1626 37
1630 1628 1625
1632 1631 15
1634 1633 1615
1636 1635 1612
1638 636 10
1640 1639 643
1642 1641 42
1644 645 529
1646 1645 687
1648 1646 1643
1650 1649 18
1652 1650 517
1654 718 517
1656 517 486
1658 1656 1631
1660 1659 1655
1662 1527 560
1664 1662 517
1666 684 508
1668 1616 53
1670 1669 2
1672 1671 1626
1674 1673 586
1676 1674 517
1678 654 506
1680 1678 476
1682 570 517
1684 1669 18
1686 1685 1522
1688 1687 1682
1690 1583 603
1692 1522 679
1694 1693 14
1696 1695 1691
1698 1697 1546
1700 1669 496
1702 1700 517
i0 p0b02roomlight29off
i1 p0b02roomlight29on
i2 p0b02room29bed29occupied
i3 p0b02room29sombebody2enters
i4 p0b02room29somebody2leaves
i5 p0b02room29sombebody2leaves
i6 p0b02room29somebody2enters
i7 p0b02room29switch29toggled
i8 p0b02room29empty
o0 u02roomlight29light0f1d2roomlight29turn2on1b
o1 u02roomlight29light0f1d2roomlight29toggle1b
o2 u02roomlight29light0f1d2roomlight29turn2off1b
o3 u02roomlight29light02roomlight29light
{"is_completed":true,"output_vars":["u02roomlight29light0f1d2roomlight29turn2off1b","u02roomlight29light0f1d2roomlight29toggle1b","u02roomlight29light0f1d2roomlight29turn2on1b","u02roomlight29light02roomlight29light"],"input_vars":["p0b02roomlight29off","p0b02roomlight29on","p0b02room29bed29occupied","p0b02room29sombebody2enters","p0b02room29somebody2leaves","p0b02room29sombebody2leaves","p0b02room29somebody2enters","p0b02room29switch29toggled","p0b02room29empty"],"formula":"((G (! (((! (((u02roomlight29light0f1d2roomlight29toggle1b) && (! (u02roomlight29light02roomlight29light))) <-> ((u02roomlight29light02roomlight29light) && (! (u02roomlight29light0f1d2roomlight29toggle1b))))) && (! ((u02roomlight29light0f1d2roomlight29turn2off1b) || (u02roomlight29light0f1d2roomlight29turn2on1b)))) <-> ((! (((u02roomlight29light0f1d2roomlight29turn2off1b) && (! (u02roomlight29light0f1d2roomlight29turn2on1b))) <-> ((u02roomlight29light0f1d2roomlight29turn2on1b) && (! (u02roomlight29light0f1d2roomlight29turn2off1b))))) && (! ((u02roomlight29light0f1d2roomlight29toggle1b) || (u02roomlight29light02roomlight29light))))))) && (((((((((G ((p0b02room29empty) -> (! (p0b02room29switch29toggled)))) && (G ((p0b02room29somebody2enters) -> (((! (p0b02room29empty)) U ((p0b02room29sombebody2leaves) && (p0b02room29empty))) || (G (! (p0b02room29empty))))))) && (G (((p0b02room29somebody2leaves) && (p0b02room29empty)) -> (((p0b02room29empty) U (p0b02room29sombebody2enters)) || (G (p0b02room29empty)))))) && (G ((p0b02room29bed29occupied) -> (! (p0b02room29empty))))) && ((((! (p0b02room29empty)) U ((p0b02room29sombebody2leaves) && (p0b02room29empty))) || (G (! (p0b02room29empty)))) || (((p0b02room29empty) U (p0b02room29sombebody2enters)) || (G (p0b02room29empty))))) && (G (! ((p0b02roomlight29on) <-> (p0b02roomlight29off))))) && (G (((u02roomlight29light0f1d2roomlight29turn2on1b) || ((u02roomlight29light0f1d2roomlight29toggle1b) && (p0b02roomlight29off))) -> (X (F (((u02roomlight29light0f1d2roomlight29turn2off1b) || (u02roomlight29light0f1d2roomlight29toggle1b)) R (p0b02roomlight29on))))))) && (G (((u02roomlight29light0f1d2roomlight29turn2off1b) || ((u02roomlight29light0f1d2roomlight29toggle1b) && (p0b02roomlight29on))) -> (X (F (((u02roomlight29light0f1d2roomlight29turn2on1b) || (u02roomlight29light0f1d2roomlight29toggle1b)) R (p0b02roomlight29off))))))) -> ((G ((p0b02room29somebody2enters) -> (X (F (((p0b02roomlight29on) U (p0b02room29empty)) || (G (p0b02roomlight29on))))))) && (G ((p0b02room29empty) -> (X (F (p0b02roomlight29off))))))))","total_time":577,"automaton":{"is_built":true,"build_duration":16,"total_states":18,"state_based_status":"true","prune_automaton_duration":0,"pruned_state_based_status":"true","prune_total_states":18,"total_edges":76},"dependency":{"dependency_approach":"automaton","tested_dependencies":[{"name":"u02roomlight29light02roomlight29light","duration":2,"is_dependent":true,"tested_dependency_set":["p0b02roomlight29off","p0b02roomlight29on","p0b02room29bed29occupied","p0b02room29sombebody2enters","p0b02room29somebody2leaves","p0b02room29sombebody2leaves","p0b02room29somebody2enters","p0b02room29switch29toggled","p0b02room29empty","u02roomlight29light0f1d2roomlight29turn2off1b","u02roomlight29light0f1d2roomlight29toggle1b","u02roomlight29light0f1d2roomlight29turn2on1b"]},{"name":"u02roomlight29light0f1d2roomlight29turn2on1b","duration":0,"is_dependent":false,"tested_dependency_set":["p0b02roomlight29off","p0b02roomlight29on","p0b02room29bed29occupied","p0b02room29sombebody2enters","p0b02room29somebody2leaves","p0b02room29sombebody2leaves","p0b02room29somebody2enters","p0b02room29switch29toggled","p0b02room29empty","u02roomlight29light0f1d2roomlight29turn2off1b","u02roomlight29light0f1d2roomlight29toggle1b"]},{"name":"u02roomlight29light0f1d2roomlight29toggle1b","duration":0,"is_dependent":false,"tested_dependency_set":["p0b02roomlight29off","p0b02roomlight29on","p0b02room29bed29occupied","p0b02room29sombebody2enters","p0b02room29somebody2leaves","p0b02room29sombebody2leaves","p0b02room29somebody2enters","p0b02room29switch29toggled","p0b02room29empty","u02roomlight29light0f1d2roomlight29turn2off1b","u02roomlight29light0f1d2roomlight29turn2on1b"]},{"name":"u02roomlight29light0f1d2roomlight29turn2off1b","duration":0,"is_dependent":false,"tested_dependency_set":["p0b02roomlight29off","p0b02roomlight29on","p0b02room29bed29occupied","p0b02room29sombebody2enters","p0b02room29somebody2leaves","p0b02room29sombebody2leaves","p0b02room29somebody2enters","p0b02room29switch29toggled","p0b02room29empty","u02roomlight29light0f1d2roomlight29turn2on1b","u02roomlight29light0f1d2roomlight29toggle1b"]}],"total_duration":3,"is_completed":true,"skipped_dependencies":false,"total_pair_state":108,"search_pair_state_duration":0},"unate":{"skipped_unate":true},"synthesis":{"remove_dependent_ap_duration":0,"clone_nba_with_dep":0,"synthesis_dependents_duration":1,"model_checking_status":"UNKNOWN","merge_strategies_duration":225,"final_strategy":{"duration":1,"total_inputs":12,"total_outputs":1,"total_latches":18,"total_gates":725},"independent_strategy":{"duration":330,"realizability":"REALIZABLE","total_inputs":9,"total_outputs":3,"total_latches":5,"total_gates":835},"dependent_strategy":{"duration":1,"total_inputs":12,"total_outputs":1,"total_latches":18,"total_gates":725}}}
