Hierarchy reader flattened 2 instances of logic boxes and left 0 black boxes.
aag 11 3 2 4 6
2
4
6
8 1
10 15
12
16
20
22
12 6 4
14 11 8
16 15 13
18 7 3
20 18 15
22 19 15
i0 p0b0in4
i1 p0b0in3
i2 p0b0in25
o0 u0d0f1dfun0p1db0in251b1b
o1 u0d0d
o2 u0e0e
o3 u0e0f1dfun0p1db0in31b1b
{"is_completed":true,"output_vars":["u0e0f1dfun0p1db0in31b1b","u0e0e","u0d0f1dfun0p1db0in251b1b","u0d0d"],"input_vars":["p0b0in4","p0b0in3","p0b0in25"],"formula":"(((G ((! (((u0d0d) && (! (u0d0f1dfun0p1db0in251b1b))) <-> ((u0d0f1dfun0p1db0in251b1b) && (! (u0d0d))))) && (! (((u0e0e) && (! (u0e0f1dfun0p1db0in31b1b))) <-> ((u0e0f1dfun0p1db0in31b1b) && (! (u0e0e))))))) && (G (((p0b0in25) && (p0b0in3)) -> ((u0d0f1dfun0p1db0in251b1b) || (u0e0e))))) && (G (((p0b0in25) || (p0b0in4)) <-> (u0e0f1dfun0p1db0in31b1b))))","total_time":75,"automaton":{"is_built":true,"build_duration":0,"total_states":1,"state_based_status":"true","prune_automaton_duration":0,"pruned_state_based_status":"true","prune_total_states":1,"total_edges":1},"dependency":{"dependency_approach":"automaton","tested_dependencies":[{"name":"u0d0d","duration":0,"is_dependent":true,"tested_dependency_set":["p0b0in4","p0b0in3","p0b0in25","u0e0f1dfun0p1db0in31b1b","u0e0e","u0d0f1dfun0p1db0in251b1b"]},{"name":"u0d0f1dfun0p1db0in251b1b","duration":0,"is_dependent":false,"tested_dependency_set":["p0b0in4","p0b0in3","p0b0in25","u0e0f1dfun0p1db0in31b1b","u0e0e"]},{"name":"u0e0e","duration":0,"is_dependent":true,"tested_dependency_set":["p0b0in4","p0b0in3","p0b0in25","u0e0f1dfun0p1db0in31b1b","u0d0f1dfun0p1db0in251b1b"]},{"name":"u0e0f1dfun0p1db0in31b1b","duration":0,"is_dependent":true,"tested_dependency_set":["p0b0in4","p0b0in3","p0b0in25","u0d0f1dfun0p1db0in251b1b"]}],"total_duration":0,"is_completed":true,"skipped_dependencies":false,"total_pair_state":1,"search_pair_state_duration":0},"unate":{"skipped_unate":true},"synthesis":{"remove_dependent_ap_duration":0,"clone_nba_with_dep":0,"synthesis_dependents_duration":0,"model_checking_status":"UNKNOWN","merge_strategies_duration":74,"final_strategy":{"duration":0,"total_inputs":4,"total_outputs":3,"total_latches":1,"total_gates":17},"independent_strategy":{"duration":0,"realizability":"REALIZABLE","total_inputs":3,"total_outputs":1,"total_latches":0,"total_gates":1},"dependent_strategy":{"duration":0,"total_inputs":4,"total_outputs":3,"total_latches":1,"total_gates":17}}}
