Hierarchy reader flattened 2 instances of logic boxes and left 0 black boxes.
aag 488 2 48 3 438
2
4
6 641
8 649
10 650
12 1
14 0
16 656
18 659
20 679
22 701
24 751
26 753
28 757
30 759
32 763
34 766
36 793
38 852
40 859
42 602
44 887
46 502
48 889
50 183
52 261
54 893
56 297
58 911
60 913
62 323
64 915
66 935
68 939
70 941
72 610
74 516
76 512
78 945
80 947
82 169
84 488
86 957
88 959
90 961
92 967
94 590
96 971
98 973
100 977
125
151
635
102 9 7
104 102 2
106 11 6
108 10 8
110 109 3
112 110 107
114 113 105
116 115 4
118 102 11
120 5 3
122 120 118
124 123 117
126 102 10
128 11 8
130 128 6
132 131 127
134 133 3
136 109 2
138 137 135
140 139 5
142 106 3
144 136 103
146 145 143
148 147 4
150 149 141
152 124 5
154 152 150
156 154 82
158 152 2
160 158 150
162 55 53
164 162 81
166 165 160
168 167 157
170 154 50
172 99 85
174 43 27
176 174 73
178 176 172
180 179 160
182 181 171
184 182 168
186 4 2
188 186 124
190 188 150
192 95 93
194 75 63
196 194 192
198 197 190
200 187 121
202 201 124
204 202 150
206 204 90
208 124 120
210 208 150
212 210 60
214 213 207
216 214 199
218 216 184
220 160 68
222 210 70
224 223 221
226 150 124
228 4 3
230 228 226
232 230 76
234 226 3
236 234 78
238 237 233
240 238 224
242 151 125
244 15 12
246 245 243
248 16 4
250 248 243
252 251 247
254 253 226
256 234 52
258 230 177
260 259 257
262 260 255
264 262 240
266 210 48
268 57 47
270 268 69
272 271 230
274 273 267
276 243 18
278 34 2
280 279 277
282 281 226
284 283 274
286 77 47
288 287 160
290 210 28
292 154 56
294 293 291
296 294 289
298 230 92
300 234 100
302 301 299
304 302 296
306 304 284
308 306 264
310 308 218
312 95 75
314 313 230
316 234 62
318 210 30
320 319 317
322 320 315
324 210 64
326 154 92
328 327 325
330 71 49
332 331 160
334 89 65
336 335 230
338 337 333
340 338 328
342 244 21
344 343 230
346 230 60
348 347 345
350 89 67
352 351 160
354 342 29
356 355 190
358 357 353
360 358 348
362 360 340
364 362 322
366 31 23
368 39 37
370 368 67
372 370 366
374 373 230
376 91 75
378 377 160
380 379 375
382 230 96
384 210 32
386 190 46
388 387 385
390 388 383
392 390 380
394 204 68
396 79 77
398 396 57
400 399 190
402 401 395
404 160 86
406 405 402
408 160 32
410 160 78
412 411 409
414 412 406
416 414 392
418 101 95
420 419 160
422 25 23
424 37 29
426 424 422
428 427 160
430 429 421
432 204 54
434 83 81
436 434 73
438 437 190
440 439 433
442 160 62
444 443 440
446 444 430
448 59 49
450 449 230
452 59 45
454 452 342
456 455 160
458 457 451
460 230 90
462 243 40
464 462 226
466 465 461
468 466 458
470 468 446
472 470 416
474 87 71
476 474 59
478 477 190
480 49 33
482 481 190
484 483 479
486 85 59
488 487 210
490 53 51
492 490 174
494 493 190
496 495 489
498 496 484
500 47 25
502 501 210
504 27 21
506 505 210
508 507 503
510 77 45
512 511 210
514 75 39
516 515 210
518 517 513
520 518 508
522 520 498
524 234 80
526 172 83
528 527 230
530 529 525
532 210 88
534 245 210
536 535 533
538 190 96
540 45 25
542 37 23
544 542 540
546 545 190
548 547 539
550 548 536
552 550 530
554 552 522
556 33 29
558 556 474
560 558 540
562 561 230
564 190 173
566 39 31
568 567 190
570 569 565
572 570 563
574 55 51
576 575 230
578 65 61
580 578 566
582 581 160
584 583 577
586 584 572
588 95 67
590 589 210
592 190 100
594 593 591
596 578 350
598 597 190
600 43 23
602 601 210
604 603 599
606 604 594
608 73 37
610 609 210
612 210 86
614 613 611
616 210 98
618 154 96
620 619 617
622 620 614
624 622 606
626 624 586
628 626 554
630 628 472
632 630 364
634 632 310
636 131 119
638 637 120
640 639 117
642 142 4
644 126 120
646 645 137
648 646 643
650 128 120
652 150 125
654 244 19
656 655 652
658 277 247
660 150 122
662 208 151
664 663 661
666 342 27
668 667 665
670 500 486
672 671 662
674 660 515
676 675 673
678 676 669
680 652 3
682 53 43
684 682 63
686 684 366
688 687 680
690 652 228
692 312 73
694 692 370
696 694 666
698 697 690
700 699 689
702 652 201
704 59 55
706 704 69
708 85 25
710 47 33
712 710 708
714 712 706
716 715 702
718 652 186
720 542 490
722 29 27
724 73 57
726 724 722
728 726 720
730 396 97
732 434 330
734 732 730
736 99 87
738 45 43
740 738 736
742 740 342
744 742 734
746 744 728
748 747 718
750 749 717
752 535 507
754 457 405
756 754 429
758 375 345
760 547 484
762 760 357
764 151 124
766 764 655
768 152 151
770 424 51
772 770 724
774 773 768
776 158 151
778 422 342
780 174 47
782 510 486
784 782 736
786 784 780
788 786 778
790 789 776
792 791 775
794 77 73
796 85 83
798 796 794
800 37 31
802 71 63
804 802 800
806 804 798
808 93 89
810 808 97
812 810 740
814 812 806
816 67 65
818 81 79
820 818 722
822 820 816
824 448 268
826 490 418
828 826 824
830 828 822
832 830 778
834 832 814
836 835 186
838 39 33
840 838 55
842 69 61
844 842 376
846 844 840
848 846 837
850 764 201
852 850 849
854 278 243
856 463 251
858 856 855
860 49 45
862 860 81
864 736 396
866 864 862
868 867 680
870 556 59
872 708 574
874 872 870
876 83 71
878 876 97
880 878 270
882 880 874
884 883 690
886 885 869
888 563 451
890 565 495
892 890 440
894 91 61
896 895 702
898 816 192
900 101 89
902 900 194
904 902 566
906 904 898
908 907 718
910 909 897
912 599 569
914 583 353
916 566 480
918 842 818
920 918 916
922 162 91
924 922 902
926 924 920
928 927 776
930 898 878
932 931 768
934 933 929
936 539 402
938 936 388
940 409 333
942 383 274
944 942 238
946 577 530
948 901 680
950 93 91
952 950 578
954 953 690
956 955 949
958 347 337
960 593 216
962 421 379
964 443 328
966 964 962
968 619 411
970 968 224
972 617 613
974 533 461
976 974 302
i0 p0p0right2most0pos
i1 p0p0left2most0pos
o0 u0pos0f1dadd0pos0vel1b
o1 u0pos0f1dsub0pos0vel1b
o2 u0pos0pos
{"is_completed":true,"output_vars":["u0pos0f1dsub0pos0vel1b","u0pos0f1dadd0pos0vel1b","u0pos0pos"],"input_vars":["p0p0right2most0pos","p0p0left2most0pos"],"formula":"((G (! (((u0pos0f1dadd0pos0vel1b) && (! ((u0pos0f1dsub0pos0vel1b) || (u0pos0pos)))) <-> ((! (((u0pos0f1dsub0pos0vel1b) && (! (u0pos0pos))) <-> ((u0pos0pos) && (! (u0pos0f1dsub0pos0vel1b))))) && (! (u0pos0f1dadd0pos0vel1b)))))) && (((G ((u0pos0f1dadd0pos0vel1b) -> (X (! (p0p0left2most0pos))))) && (G ((u0pos0f1dsub0pos0vel1b) -> (X (! (p0p0right2most0pos)))))) -> (((((G ((p0p0left2most0pos) -> (F (u0pos0f1dadd0pos0vel1b)))) && (G ((p0p0right2most0pos) -> (F (u0pos0f1dsub0pos0vel1b))))) && (G (((! (p0p0left2most0pos)) && (! (p0p0right2most0pos))) -> (F ((u0pos0f1dsub0pos0vel1b) || (u0pos0f1dadd0pos0vel1b)))))) && (G ((p0p0left2most0pos) -> (((! (u0pos0f1dsub0pos0vel1b)) U (p0p0right2most0pos)) || (G (! (u0pos0f1dsub0pos0vel1b))))))) && (G ((p0p0right2most0pos) -> (((! (u0pos0f1dadd0pos0vel1b)) U (p0p0left2most0pos)) || (G (! (u0pos0f1dadd0pos0vel1b)))))))))","total_time":173,"automaton":{"is_built":true,"build_duration":4,"total_states":44,"state_based_status":"true","prune_automaton_duration":0,"pruned_state_based_status":"true","prune_total_states":44,"total_edges":325},"dependency":{"dependency_approach":"automaton","tested_dependencies":[{"name":"u0pos0pos","duration":3,"is_dependent":true,"tested_dependency_set":["p0p0right2most0pos","p0p0left2most0pos","u0pos0f1dsub0pos0vel1b","u0pos0f1dadd0pos0vel1b"]},{"name":"u0pos0f1dadd0pos0vel1b","duration":0,"is_dependent":false,"tested_dependency_set":["p0p0right2most0pos","p0p0left2most0pos","u0pos0f1dsub0pos0vel1b"]},{"name":"u0pos0f1dsub0pos0vel1b","duration":0,"is_dependent":false,"tested_dependency_set":["p0p0right2most0pos","p0p0left2most0pos","u0pos0f1dadd0pos0vel1b"]}],"total_duration":5,"is_completed":true,"skipped_dependencies":false,"total_pair_state":137,"search_pair_state_duration":2},"unate":{"skipped_unate":true},"synthesis":{"remove_dependent_ap_duration":0,"clone_nba_with_dep":0,"synthesis_dependents_duration":2,"model_checking_status":"UNKNOWN","merge_strategies_duration":156,"final_strategy":{"duration":2,"total_inputs":4,"total_outputs":1,"total_latches":44,"total_gates":760},"independent_strategy":{"duration":4,"realizability":"REALIZABLE","total_inputs":2,"total_outputs":2,"total_latches":3,"total_gates":44},"dependent_strategy":{"duration":2,"total_inputs":4,"total_outputs":1,"total_latches":44,"total_gates":760}}}
