Hierarchy reader flattened 2 instances of logic boxes and left 0 black boxes.
aag 57 2 15 4 40
2
4
6 1
8 83
10 95
12 61
14 0
16 0
18 18
20 99
22 0
24 73
26 103
28 111
30 76
32 115
34 48
0
0
0
93
36 4 2
38 35 31
40 29 25
42 40 33
44 42 38
46 45 36
48 18 4
50 49 25
52 20 4
54 28 2
56 55 53
58 56 50
60 17 13
62 60 11
64 19 15
66 64 23
68 66 62
70 68 58
72 25 15
74 72 38
76 75 4
78 14 2
80 26 2
82 9 6
84 82 81
86 84 79
88 86 77
90 88 70
92 90 47
94 23 11
96 95 4
98 97 53
100 61 2
102 101 81
104 25 19
106 105 2
108 79 55
110 108 107
112 65 36
114 113 47
i0 p0b0room29light29on
i1 p0b0room29light29off
o0 u0room29light0f1dturn2on1b
o1 u0room29light0f1dtoggle1b
o2 u0room29light0f1dturn2off1b
o3 u0room29light0room29light
{"is_completed":true,"output_vars":["u0room29light0f1dturn2off1b","u0room29light0f1dtoggle1b","u0room29light0f1dturn2on1b","u0room29light0room29light"],"input_vars":["p0b0room29light29on","p0b0room29light29off"],"formula":"(((G (! (((! (((u0room29light0f1dtoggle1b) && (! (u0room29light0room29light))) <-> ((u0room29light0room29light) && (! (u0room29light0f1dtoggle1b))))) && (! ((u0room29light0f1dturn2off1b) || (u0room29light0f1dturn2on1b)))) <-> ((! (((u0room29light0f1dturn2off1b) && (! (u0room29light0f1dturn2on1b))) <-> ((u0room29light0f1dturn2on1b) && (! (u0room29light0f1dturn2off1b))))) && (! ((u0room29light0f1dtoggle1b) || (u0room29light0room29light))))))) && (G (((u0room29light0f1dturn2on1b) || ((u0room29light0f1dtoggle1b) && (p0b0room29light29off))) -> (X (F (((u0room29light0f1dturn2off1b) || (u0room29light0f1dtoggle1b)) R (p0b0room29light29on))))))) && (G (((u0room29light0f1dturn2off1b) || ((u0room29light0f1dtoggle1b) && (p0b0room29light29on))) -> (X (F (((u0room29light0f1dturn2on1b) || (u0room29light0f1dtoggle1b)) R (p0b0room29light29off)))))))","total_time":96,"automaton":{"is_built":true,"build_duration":2,"total_states":14,"state_based_status":"true","prune_automaton_duration":0,"pruned_state_based_status":"true","prune_total_states":14,"total_edges":79},"dependency":{"dependency_approach":"automaton","tested_dependencies":[{"name":"u0room29light0room29light","duration":0,"is_dependent":true,"tested_dependency_set":["p0b0room29light29on","p0b0room29light29off","u0room29light0f1dturn2off1b","u0room29light0f1dtoggle1b","u0room29light0f1dturn2on1b"]},{"name":"u0room29light0f1dturn2on1b","duration":0,"is_dependent":false,"tested_dependency_set":["p0b0room29light29on","p0b0room29light29off","u0room29light0f1dturn2off1b","u0room29light0f1dtoggle1b"]},{"name":"u0room29light0f1dtoggle1b","duration":0,"is_dependent":false,"tested_dependency_set":["p0b0room29light29on","p0b0room29light29off","u0room29light0f1dturn2off1b","u0room29light0f1dturn2on1b"]},{"name":"u0room29light0f1dturn2off1b","duration":0,"is_dependent":false,"tested_dependency_set":["p0b0room29light29on","p0b0room29light29off","u0room29light0f1dturn2on1b","u0room29light0f1dtoggle1b"]}],"total_duration":1,"is_completed":true,"skipped_dependencies":false,"total_pair_state":31,"search_pair_state_duration":0},"unate":{"skipped_unate":true},"synthesis":{"remove_dependent_ap_duration":0,"clone_nba_with_dep":0,"synthesis_dependents_duration":0,"model_checking_status":"UNKNOWN","merge_strategies_duration":87,"final_strategy":{"duration":0,"total_inputs":5,"total_outputs":1,"total_latches":14,"total_gates":257},"independent_strategy":{"duration":3,"realizability":"REALIZABLE","total_inputs":2,"total_outputs":3,"total_latches":0,"total_gates":0},"dependent_strategy":{"duration":0,"total_inputs":5,"total_outputs":1,"total_latches":14,"total_gates":257}}}
