Hierarchy reader flattened 2 instances of logic boxes and left 0 black boxes.
aag 49 2 13 3 34
2
4
6 1
8 59
10 10
12 87
14 47
16 91
18 0
20 20
22 95
24 24
26 97
28 98
30 44
0
0
83
32 27 25
34 23 21
36 31 29
38 36 34
40 38 32
42 4 2
44 42 41
46 19 15
48 12 4
50 28 4
52 51 49
54 52 46
56 25 21
58 9 6
60 58 56
62 14 2
64 22 2
66 65 63
68 66 60
70 33 4
72 16 2
74 73 11
76 74 71
78 76 68
80 78 54
82 80 45
84 10 4
86 85 49
88 47 2
90 89 73
92 57 2
94 93 65
96 71 51
98 20 4
i0 p0b0room29heating29off
i1 p0b0room29heating29on
o0 u0room29heating29ctrl0f1dturn2on1b
o1 u0room29heating29ctrl0f1dturn2off1b
o2 u0room29heating29ctrl0room29heating29ctrl
{"is_completed":true,"output_vars":["u0room29heating29ctrl0f1dturn2off1b","u0room29heating29ctrl0f1dturn2on1b","u0room29heating29ctrl0room29heating29ctrl"],"input_vars":["p0b0room29heating29off","p0b0room29heating29on"],"formula":"(((G (! (((u0room29heating29ctrl0f1dturn2on1b) && (! ((u0room29heating29ctrl0f1dturn2off1b) || (u0room29heating29ctrl0room29heating29ctrl)))) <-> ((! (((u0room29heating29ctrl0f1dturn2off1b) && (! (u0room29heating29ctrl0room29heating29ctrl))) <-> ((u0room29heating29ctrl0room29heating29ctrl) && (! (u0room29heating29ctrl0f1dturn2off1b))))) && (! (u0room29heating29ctrl0f1dturn2on1b)))))) && (G ((u0room29heating29ctrl0f1dturn2on1b) -> (F ((u0room29heating29ctrl0f1dturn2off1b) R (p0b0room29heating29on)))))) && (G ((u0room29heating29ctrl0f1dturn2off1b) -> (F ((u0room29heating29ctrl0f1dturn2on1b) R (p0b0room29heating29off))))))","total_time":108,"automaton":{"is_built":true,"build_duration":2,"total_states":12,"state_based_status":"true","prune_automaton_duration":0,"pruned_state_based_status":"true","prune_total_states":12,"total_edges":63},"dependency":{"dependency_approach":"automaton","tested_dependencies":[{"name":"u0room29heating29ctrl0room29heating29ctrl","duration":0,"is_dependent":true,"tested_dependency_set":["p0b0room29heating29off","p0b0room29heating29on","u0room29heating29ctrl0f1dturn2off1b","u0room29heating29ctrl0f1dturn2on1b"]},{"name":"u0room29heating29ctrl0f1dturn2on1b","duration":0,"is_dependent":false,"tested_dependency_set":["p0b0room29heating29off","p0b0room29heating29on","u0room29heating29ctrl0f1dturn2off1b"]},{"name":"u0room29heating29ctrl0f1dturn2off1b","duration":0,"is_dependent":false,"tested_dependency_set":["p0b0room29heating29off","p0b0room29heating29on","u0room29heating29ctrl0f1dturn2on1b"]}],"total_duration":1,"is_completed":true,"skipped_dependencies":false,"total_pair_state":29,"search_pair_state_duration":0},"unate":{"skipped_unate":true},"synthesis":{"remove_dependent_ap_duration":0,"clone_nba_with_dep":0,"synthesis_dependents_duration":1,"model_checking_status":"UNKNOWN","merge_strategies_duration":80,"final_strategy":{"duration":1,"total_inputs":4,"total_outputs":1,"total_latches":12,"total_gates":185},"independent_strategy":{"duration":6,"realizability":"REALIZABLE","total_inputs":2,"total_outputs":2,"total_latches":0,"total_gates":0},"dependent_strategy":{"duration":1,"total_inputs":4,"total_outputs":1,"total_latches":12,"total_gates":185}}}
