Hierarchy reader flattened 2 instances of logic boxes and left 0 black boxes.
aag 29 6 5 2 18
2
4
6
8
10
12
14 1
16 0
18 59
20 47
22 49
38
55
24 11 9
26 25 7
28 4 2
30 29 13
32 30 27
34 12 6
36 34 29
38 37 33
40 18 13
42 40 32
44 17 14
46 44 21
48 44 23
50 48 46
52 51 39
54 53 43
56 47 13
58 57 41
i0 p0p0is2presentation0calendar
i1 p0p0is2meeting0calendar
i2 p0p0empty0dish2washer2status
i3 p0p0cleaned0dish2washer2status
i4 p0p0full0dish2washerstatus
i5 p0p0new2day0time
o0 u0coffe2machine0f1doff1b
o1 u0coffe2machine0coffe2machine
{"is_completed":true,"output_vars":["u0coffe2machine0f1doff1b","u0coffe2machine0coffe2machine"],"input_vars":["p0p0is2presentation0calendar","p0p0is2meeting0calendar","p0p0empty0dish2washer2status","p0p0cleaned0dish2washer2status","p0p0full0dish2washerstatus","p0p0new2day0time"],"formula":"((G (! (((u0coffe2machine0coffe2machine) && (! (u0coffe2machine0f1doff1b))) <-> ((u0coffe2machine0f1doff1b) && (! (u0coffe2machine0coffe2machine)))))) && ((G (G (F (p0p0new2day0time)))) -> ((G ((((((p0p0new2day0time) || (p0p0full0dish2washerstatus)) || (p0p0cleaned0dish2washer2status)) -> (u0coffe2machine0f1doff1b)) U (p0p0empty0dish2washer2status)) || (G ((((p0p0new2day0time) || (p0p0full0dish2washerstatus)) || (p0p0cleaned0dish2washer2status)) -> (u0coffe2machine0f1doff1b))))) && (G (((p0p0is2meeting0calendar) && (p0p0is2presentation0calendar)) -> (u0coffe2machine0f1doff1b))))))","total_time":99,"automaton":{"is_built":true,"build_duration":2,"total_states":4,"state_based_status":"true","prune_automaton_duration":0,"pruned_state_based_status":"true","prune_total_states":4,"total_edges":7},"dependency":{"dependency_approach":"automaton","tested_dependencies":[{"name":"u0coffe2machine0coffe2machine","duration":0,"is_dependent":true,"tested_dependency_set":["p0p0is2presentation0calendar","p0p0is2meeting0calendar","p0p0empty0dish2washer2status","p0p0cleaned0dish2washer2status","p0p0full0dish2washerstatus","p0p0new2day0time","u0coffe2machine0f1doff1b"]},{"name":"u0coffe2machine0f1doff1b","duration":0,"is_dependent":false,"tested_dependency_set":["p0p0is2presentation0calendar","p0p0is2meeting0calendar","p0p0empty0dish2washer2status","p0p0cleaned0dish2washer2status","p0p0full0dish2washerstatus","p0p0new2day0time"]}],"total_duration":0,"is_completed":true,"skipped_dependencies":false,"total_pair_state":7,"search_pair_state_duration":0},"unate":{"skipped_unate":true},"synthesis":{"remove_dependent_ap_duration":0,"clone_nba_with_dep":0,"synthesis_dependents_duration":0,"model_checking_status":"UNKNOWN","merge_strategies_duration":78,"final_strategy":{"duration":0,"total_inputs":7,"total_outputs":1,"total_latches":4,"total_gates":38},"independent_strategy":{"duration":2,"realizability":"REALIZABLE","total_inputs":6,"total_outputs":1,"total_latches":0,"total_gates":13},"dependent_strategy":{"duration":0,"total_inputs":7,"total_outputs":1,"total_latches":4,"total_gates":38}}}
