Hierarchy reader flattened 2 instances of logic boxes and left 0 black boxes.
aag 19 3 5 2 11
2
4
6
8 1
10 0
12 23
14 38
16 29
19
34
18 4 2
20 11 8
22 20 13
24 15 13
26 25 7
28 20 17
30 28 27
32 30 22
34 33 18
36 22 15
38 37 7
i0 p0p0full0dish2washer2status
i1 p0p0after2work0time
i2 p0p0new2day0time
o0 u0dish2washer0dish2washer
o1 u0dish2washer0on
{"is_completed":true,"output_vars":["u0dish2washer0dish2washer","u0dish2washer0on"],"input_vars":["p0p0full0dish2washer2status","p0p0after2work0time","p0p0new2day0time"],"formula":"((G (! (((u0dish2washer0on) && (! (u0dish2washer0dish2washer))) <-> ((u0dish2washer0dish2washer) && (! (u0dish2washer0on)))))) && ((G (G (F (p0p0new2day0time)))) -> (G ((u0dish2washer0on) <-> ((p0p0after2work0time) && (p0p0full0dish2washer2status))))))","total_time":78,"automaton":{"is_built":true,"build_duration":1,"total_states":4,"state_based_status":"true","prune_automaton_duration":0,"pruned_state_based_status":"true","prune_total_states":4,"total_edges":7},"dependency":{"dependency_approach":"automaton","tested_dependencies":[{"name":"u0dish2washer0on","duration":0,"is_dependent":true,"tested_dependency_set":["p0p0full0dish2washer2status","p0p0after2work0time","p0p0new2day0time","u0dish2washer0dish2washer"]},{"name":"u0dish2washer0dish2washer","duration":0,"is_dependent":false,"tested_dependency_set":["p0p0full0dish2washer2status","p0p0after2work0time","p0p0new2day0time"]}],"total_duration":0,"is_completed":true,"skipped_dependencies":false,"total_pair_state":7,"search_pair_state_duration":0},"unate":{"skipped_unate":true},"synthesis":{"remove_dependent_ap_duration":0,"clone_nba_with_dep":0,"synthesis_dependents_duration":0,"model_checking_status":"UNKNOWN","merge_strategies_duration":75,"final_strategy":{"duration":0,"total_inputs":4,"total_outputs":1,"total_latches":4,"total_gates":27},"independent_strategy":{"duration":1,"realizability":"REALIZABLE","total_inputs":3,"total_outputs":1,"total_latches":0,"total_gates":1},"dependent_strategy":{"duration":0,"total_inputs":4,"total_outputs":1,"total_latches":4,"total_gates":27}}}
