Hierarchy reader flattened 2 instances of logic boxes and left 0 black boxes.
aag 108 3 9 9 96
2
4
6
8 186
10 1
12 0
14 195
16 197
18 203
20 209
22 213
24 217
30
31
36
40
36
47
50
119
185
26 9 7
28 4 2
30 29 26
32 6 2
34 8 5
36 34 32
38 27 5
40 39 2
42 8 6
44 43 27
46 45 5
48 36 16
50 48 30
52 31 22
54 9 5
56 6 3
58 56 55
60 58 52
62 28 16
64 13 10
66 65 7
68 67 63
70 69 41
72 26 3
74 72 20
76 75 71
78 76 61
80 29 7
82 80 27
84 83 73
86 24 7
88 86 85
90 18 6
92 90 41
94 37 6
96 94 92
98 97 89
100 85 18
102 64 25
104 103 6
106 17 15
108 106 105
110 41 37
112 110 109
114 113 101
116 114 98
118 116 78
120 56 34
122 120 60
124 29 16
126 125 15
128 46 33
130 128 127
132 80 65
134 7 2
136 134 54
138 72 5
140 139 137
142 141 132
144 143 131
146 144 123
148 138 100
150 96 46
152 62 46
154 64 17
156 155 136
158 64 21
160 54 7
162 160 159
164 163 157
166 164 153
168 37 24
170 168 46
172 81 65
174 172 120
176 175 171
178 176 166
180 178 151
182 180 149
184 182 146
186 73 37
188 87 15
190 188 63
192 190 173
194 192 93
196 133 125
198 85 65
200 101 49
202 200 199
204 52 36
206 159 72
208 207 205
210 159 136
212 211 61
214 94 24
216 215 157
i0 p0p0clicked0toggle2button
i1 p0p0clicked0counter2button
i2 p0p0activated0toggle
o0 u0counter2button0f1dset2label0counter2button0value1b
o1 u0counter2button0f1dset2label0counter2button0f1dminus2one1b1b
o2 u0toggle0f1doff1b
o3 u0toggle0f1don1b
o4 u0value0f1dzero1b
o5 u0value0f1dinc0value1b
o6 u0counter2button0counter2button
o7 u0toggle0toggle
o8 u0value0value
{"is_completed":true,"output_vars":["u0value0f1dinc0value1b","u0value0f1dzero1b","u0value0value","u0toggle0f1don1b","u0toggle0f1doff1b","u0toggle0toggle","u0counter2button0f1dset2label0counter2button0f1dminus2one1b1b","u0counter2button0f1dset2label0counter2button0value1b","u0counter2button0counter2button"],"input_vars":["p0p0clicked0toggle2button","p0p0clicked0counter2button","p0p0activated0toggle"],"formula":"((G (((! (((u0counter2button0f1dset2label0counter2button0value1b) && (! ((u0counter2button0f1dset2label0counter2button0f1dminus2one1b1b) || (u0counter2button0counter2button)))) <-> ((! (((u0counter2button0f1dset2label0counter2button0f1dminus2one1b1b) && (! (u0counter2button0counter2button))) <-> ((u0counter2button0counter2button) && (! (u0counter2button0f1dset2label0counter2button0f1dminus2one1b1b))))) && (! (u0counter2button0f1dset2label0counter2button0value1b))))) && (! (((u0toggle0f1doff1b) && (! ((u0toggle0f1don1b) || (u0toggle0toggle)))) <-> ((! (((u0toggle0f1don1b) && (! (u0toggle0toggle))) <-> ((u0toggle0toggle) && (! (u0toggle0f1don1b))))) && (! (u0toggle0f1doff1b)))))) && (! (((u0value0f1dzero1b) && (! ((u0value0f1dinc0value1b) || (u0value0value)))) <-> ((! (((u0value0f1dinc0value1b) && (! (u0value0value))) <-> ((u0value0value) && (! (u0value0f1dinc0value1b))))) && (! (u0value0f1dzero1b))))))) && (((((((! (p0p0activated0toggle)) U (u0toggle0f1don1b)) || (G (! (p0p0activated0toggle)))) && (G (! ((p0p0clicked0toggle2button) && (p0p0clicked0counter2button))))) && (G ((u0toggle0f1don1b) -> (X (((p0p0activated0toggle) U (u0toggle0f1doff1b)) || (G (p0p0activated0toggle))))))) && (G ((u0toggle0f1doff1b) -> (X (((! (p0p0activated0toggle)) U (u0toggle0f1don1b)) || (G (! (p0p0activated0toggle)))))))) -> (((((G ((! (p0p0activated0toggle)) <-> (u0counter2button0f1dset2label0counter2button0value1b))) && (G ((p0p0activated0toggle) <-> (u0counter2button0f1dset2label0counter2button0f1dminus2one1b1b)))) && (G ((p0p0clicked0toggle2button) <-> ((p0p0activated0toggle) <-> (X (! (p0p0activated0toggle))))))) && (G ((p0p0clicked0counter2button) <-> (u0value0f1dinc0value1b)))) && (G (((p0p0activated0toggle) && (p0p0clicked0toggle2button)) <-> (u0value0f1dzero1b))))))","total_time":144,"automaton":{"is_built":true,"build_duration":6,"total_states":7,"state_based_status":"true","prune_automaton_duration":0,"pruned_state_based_status":"true","prune_total_states":7,"total_edges":19},"dependency":{"dependency_approach":"automaton","tested_dependencies":[{"name":"u0counter2button0counter2button","duration":0,"is_dependent":true,"tested_dependency_set":["p0p0clicked0toggle2button","p0p0clicked0counter2button","p0p0activated0toggle","u0value0f1dinc0value1b","u0value0f1dzero1b","u0value0value","u0toggle0f1don1b","u0toggle0f1doff1b","u0toggle0toggle","u0counter2button0f1dset2label0counter2button0f1dminus2one1b1b","u0counter2button0f1dset2label0counter2button0value1b"]},{"name":"u0counter2button0f1dset2label0counter2button0value1b","duration":0,"is_dependent":false,"tested_dependency_set":["p0p0clicked0toggle2button","p0p0clicked0counter2button","p0p0activated0toggle","u0value0f1dinc0value1b","u0value0f1dzero1b","u0value0value","u0toggle0f1don1b","u0toggle0f1doff1b","u0toggle0toggle","u0counter2button0f1dset2label0counter2button0f1dminus2one1b1b"]},{"name":"u0counter2button0f1dset2label0counter2button0f1dminus2one1b1b","duration":0,"is_dependent":false,"tested_dependency_set":["p0p0clicked0toggle2button","p0p0clicked0counter2button","p0p0activated0toggle","u0value0f1dinc0value1b","u0value0f1dzero1b","u0value0value","u0toggle0f1don1b","u0toggle0f1doff1b","u0toggle0toggle","u0counter2button0f1dset2label0counter2button0value1b"]},{"name":"u0toggle0toggle","duration":0,"is_dependent":true,"tested_dependency_set":["p0p0clicked0toggle2button","p0p0clicked0counter2button","p0p0activated0toggle","u0value0f1dinc0value1b","u0value0f1dzero1b","u0value0value","u0toggle0f1don1b","u0toggle0f1doff1b","u0counter2button0f1dset2label0counter2button0value1b","u0counter2button0f1dset2label0counter2button0f1dminus2one1b1b"]},{"name":"u0toggle0f1doff1b","duration":0,"is_dependent":false,"tested_dependency_set":["p0p0clicked0toggle2button","p0p0clicked0counter2button","p0p0activated0toggle","u0value0f1dinc0value1b","u0value0f1dzero1b","u0value0value","u0toggle0f1don1b","u0counter2button0f1dset2label0counter2button0value1b","u0counter2button0f1dset2label0counter2button0f1dminus2one1b1b"]},{"name":"u0toggle0f1don1b","duration":0,"is_dependent":false,"tested_dependency_set":["p0p0clicked0toggle2button","p0p0clicked0counter2button","p0p0activated0toggle","u0value0f1dinc0value1b","u0value0f1dzero1b","u0value0value","u0counter2button0f1dset2label0counter2button0value1b","u0counter2button0f1dset2label0counter2button0f1dminus2one1b1b","u0toggle0f1doff1b"]},{"name":"u0value0value","duration":1,"is_dependent":true,"tested_dependency_set":["p0p0clicked0toggle2button","p0p0clicked0counter2button","p0p0activated0toggle","u0value0f1dinc0value1b","u0value0f1dzero1b","u0counter2button0f1dset2label0counter2button0value1b","u0counter2button0f1dset2label0counter2button0f1dminus2one1b1b","u0toggle0f1doff1b","u0toggle0f1don1b"]},{"name":"u0value0f1dzero1b","duration":0,"is_dependent":false,"tested_dependency_set":["p0p0clicked0toggle2button","p0p0clicked0counter2button","p0p0activated0toggle","u0value0f1dinc0value1b","u0counter2button0f1dset2label0counter2button0value1b","u0counter2button0f1dset2label0counter2button0f1dminus2one1b1b","u0toggle0f1doff1b","u0toggle0f1don1b"]},{"name":"u0value0f1dinc0value1b","duration":0,"is_dependent":false,"tested_dependency_set":["p0p0clicked0toggle2button","p0p0clicked0counter2button","p0p0activated0toggle","u0counter2button0f1dset2label0counter2button0value1b","u0counter2button0f1dset2label0counter2button0f1dminus2one1b1b","u0toggle0f1doff1b","u0toggle0f1don1b","u0value0f1dzero1b"]}],"total_duration":3,"is_completed":true,"skipped_dependencies":false,"total_pair_state":20,"search_pair_state_duration":0},"unate":{"skipped_unate":true},"synthesis":{"remove_dependent_ap_duration":0,"clone_nba_with_dep":0,"synthesis_dependents_duration":2,"model_checking_status":"UNKNOWN","merge_strategies_duration":130,"final_strategy":{"duration":2,"total_inputs":9,"total_outputs":3,"total_latches":7,"total_gates":566},"independent_strategy":{"duration":2,"realizability":"REALIZABLE","total_inputs":3,"total_outputs":6,"total_latches":1,"total_gates":22},"dependent_strategy":{"duration":2,"total_inputs":9,"total_outputs":3,"total_latches":7,"total_gates":566}}}
