Hierarchy reader flattened 2 instances of logic boxes and left 0 black boxes.
aag 16 2 5 2 9
2
4
6 1
8 0
10 33
12 21
14 19
2
28
16 9 6
18 16 15
20 16 13
22 10 5
24 23 20
26 24 18
28 27 3
30 21 5
32 31 23
i0 p0p0is2full0trash2bin
i1 p0p0new2day0time
o0 u0call2center0f1dfacility2mangment0f1dclean1b0time1b
o1 u0call2center0call2center
{"is_completed":true,"output_vars":["u0call2center0f1dfacility2mangment0f1dclean1b0time1b","u0call2center0call2center"],"input_vars":["p0p0is2full0trash2bin","p0p0new2day0time"],"formula":"((G (! (((u0call2center0call2center) && (! (u0call2center0f1dfacility2mangment0f1dclean1b0time1b))) <-> ((u0call2center0f1dfacility2mangment0f1dclean1b0time1b) && (! (u0call2center0call2center)))))) && ((G (G (F (p0p0new2day0time)))) -> (G ((p0p0is2full0trash2bin) -> (u0call2center0f1dfacility2mangment0f1dclean1b0time1b)))))","total_time":77,"automaton":{"is_built":true,"build_duration":1,"total_states":4,"state_based_status":"true","prune_automaton_duration":0,"pruned_state_based_status":"true","prune_total_states":4,"total_edges":7},"dependency":{"dependency_approach":"automaton","tested_dependencies":[{"name":"u0call2center0call2center","duration":0,"is_dependent":true,"tested_dependency_set":["p0p0is2full0trash2bin","p0p0new2day0time","u0call2center0f1dfacility2mangment0f1dclean1b0time1b"]},{"name":"u0call2center0f1dfacility2mangment0f1dclean1b0time1b","duration":0,"is_dependent":false,"tested_dependency_set":["p0p0is2full0trash2bin","p0p0new2day0time"]}],"total_duration":0,"is_completed":true,"skipped_dependencies":false,"total_pair_state":7,"search_pair_state_duration":0},"unate":{"skipped_unate":true},"synthesis":{"remove_dependent_ap_duration":0,"clone_nba_with_dep":0,"synthesis_dependents_duration":0,"model_checking_status":"UNKNOWN","merge_strategies_duration":74,"final_strategy":{"duration":0,"total_inputs":3,"total_outputs":1,"total_latches":4,"total_gates":24},"independent_strategy":{"duration":1,"realizability":"REALIZABLE","total_inputs":2,"total_outputs":1,"total_latches":0,"total_gates":0},"dependent_strategy":{"duration":0,"total_inputs":3,"total_outputs":1,"total_latches":4,"total_gates":24}}}
