Hierarchy reader flattened 2 instances of logic boxes and left 0 black boxes.
aag 22 1 7 4 14
2
4 1
6 0
8 28
10 24
12 21
14 42
16 32
2
3
37
45
18 7 4
20 18 13
22 20 11
24 23 3
26 18 9
28 27 3
30 17 15
32 31 3
34 33 29
36 34 25
38 12 2
40 30 26
42 41 2
44 43 39
i0 p0p0new2day0time
o0 u0sitting2arrganent0f1dgenerate0calendar1b
o1 u0sitting2arragment0f1dsitting02arragment1b
o2 u0sitting2arrganent0sitting2arrganent
o3 u0sitting2arragment0sitting2arragment
{"is_completed":true,"output_vars":["u0sitting2arragment0f1dsitting02arragment1b","u0sitting2arragment0sitting2arragment","u0sitting2arrganent0f1dgenerate0calendar1b","u0sitting2arrganent0sitting2arrganent"],"input_vars":["p0p0new2day0time"],"formula":"((G ((! (((u0sitting2arrganent0sitting2arrganent) && (! (u0sitting2arrganent0f1dgenerate0calendar1b))) <-> ((u0sitting2arrganent0f1dgenerate0calendar1b) && (! (u0sitting2arrganent0sitting2arrganent))))) && (! (((u0sitting2arragment0sitting2arragment) && (! (u0sitting2arragment0f1dsitting02arragment1b))) <-> ((u0sitting2arragment0f1dsitting02arragment1b) && (! (u0sitting2arragment0sitting2arragment))))))) && ((G (G (F (p0p0new2day0time)))) -> (G ((p0p0new2day0time) -> ((u0sitting2arrganent0f1dgenerate0calendar1b) && (X ((u0sitting2arragment0f1dsitting02arragment1b) U (p0p0new2day0time))))))))","total_time":78,"automaton":{"is_built":true,"build_duration":1,"total_states":6,"state_based_status":"true","prune_automaton_duration":0,"pruned_state_based_status":"true","prune_total_states":6,"total_edges":13},"dependency":{"dependency_approach":"automaton","tested_dependencies":[{"name":"u0sitting2arrganent0sitting2arrganent","duration":0,"is_dependent":true,"tested_dependency_set":["p0p0new2day0time","u0sitting2arragment0f1dsitting02arragment1b","u0sitting2arragment0sitting2arragment","u0sitting2arrganent0f1dgenerate0calendar1b"]},{"name":"u0sitting2arrganent0f1dgenerate0calendar1b","duration":0,"is_dependent":false,"tested_dependency_set":["p0p0new2day0time","u0sitting2arragment0f1dsitting02arragment1b","u0sitting2arragment0sitting2arragment"]},{"name":"u0sitting2arragment0sitting2arragment","duration":0,"is_dependent":true,"tested_dependency_set":["p0p0new2day0time","u0sitting2arragment0f1dsitting02arragment1b","u0sitting2arrganent0f1dgenerate0calendar1b"]},{"name":"u0sitting2arragment0f1dsitting02arragment1b","duration":0,"is_dependent":false,"tested_dependency_set":["p0p0new2day0time","u0sitting2arrganent0f1dgenerate0calendar1b"]}],"total_duration":0,"is_completed":true,"skipped_dependencies":false,"total_pair_state":12,"search_pair_state_duration":0},"unate":{"skipped_unate":true},"synthesis":{"remove_dependent_ap_duration":0,"clone_nba_with_dep":0,"synthesis_dependents_duration":0,"model_checking_status":"UNKNOWN","merge_strategies_duration":75,"final_strategy":{"duration":0,"total_inputs":3,"total_outputs":2,"total_latches":6,"total_gates":62},"independent_strategy":{"duration":1,"realizability":"REALIZABLE","total_inputs":1,"total_outputs":2,"total_latches":0,"total_gates":0},"dependent_strategy":{"duration":0,"total_inputs":3,"total_outputs":2,"total_latches":6,"total_gates":62}}}
