Hierarchy reader flattened 2 instances of logic boxes and left 0 black boxes.
aag 26 4 5 3 17
2
4
6
8
10 1
12 0
14 49
16 50
18 52
22
26
40
20 9 7
22 21 5
24 20 3
26 25 4
28 13 10
30 28 19
32 17 15
34 32 30
36 4 2
38 37 20
40 38 35
42 21 4
44 28 17
46 45 42
48 47 15
50 45 43
52 43 31
i0 p0p0lte0counter0f1dseventeen1b
i1 p0p0gte0counter0f1dfour1b
i2 p0p0eq0counter0f1dtwo1b
i3 p0p0eq0counter0f1dthree1b
o0 u0sdi0f1dhigh1b
o1 u0sdi0f1dget2bit0read2address0f1dsub0f1deight1b0f1ddiv0counter0f1dtwo1b1b1b1b
o2 u0sdi0sdi
{"is_completed":true,"output_vars":["u0sdi0f1dget2bit0read2address0f1dsub0f1deight1b0f1ddiv0counter0f1dtwo1b1b1b1b","u0sdi0f1dhigh1b","u0sdi0sdi"],"input_vars":["p0p0lte0counter0f1dseventeen1b","p0p0gte0counter0f1dfour1b","p0p0eq0counter0f1dtwo1b","p0p0eq0counter0f1dthree1b"],"formula":"((G (! (((u0sdi0f1dhigh1b) && (! ((u0sdi0f1dget2bit0read2address0f1dsub0f1deight1b0f1ddiv0counter0f1dtwo1b1b1b1b) || (u0sdi0sdi)))) <-> ((! (((u0sdi0f1dget2bit0read2address0f1dsub0f1deight1b0f1ddiv0counter0f1dtwo1b1b1b1b) && (! (u0sdi0sdi))) <-> ((u0sdi0sdi) && (! (u0sdi0f1dget2bit0read2address0f1dsub0f1deight1b0f1ddiv0counter0f1dtwo1b1b1b1b))))) && (! (u0sdi0f1dhigh1b)))))) && (((G (! ((p0p0gte0counter0f1dfour1b) && (p0p0eq0counter0f1dtwo1b)))) && (G (! ((p0p0gte0counter0f1dfour1b) && (p0p0eq0counter0f1dthree1b))))) -> ((G (((p0p0eq0counter0f1dtwo1b) || (p0p0eq0counter0f1dthree1b)) -> (u0sdi0f1dhigh1b))) && (G (((p0p0gte0counter0f1dfour1b) && (p0p0lte0counter0f1dseventeen1b)) <-> (u0sdi0f1dget2bit0read2address0f1dsub0f1deight1b0f1ddiv0counter0f1dtwo1b1b1b1b))))))","total_time":85,"automaton":{"is_built":true,"build_duration":2,"total_states":4,"state_based_status":"true","prune_automaton_duration":0,"pruned_state_based_status":"true","prune_total_states":4,"total_edges":7},"dependency":{"dependency_approach":"automaton","tested_dependencies":[{"name":"u0sdi0sdi","duration":0,"is_dependent":true,"tested_dependency_set":["p0p0lte0counter0f1dseventeen1b","p0p0gte0counter0f1dfour1b","p0p0eq0counter0f1dtwo1b","p0p0eq0counter0f1dthree1b","u0sdi0f1dget2bit0read2address0f1dsub0f1deight1b0f1ddiv0counter0f1dtwo1b1b1b1b","u0sdi0f1dhigh1b"]},{"name":"u0sdi0f1dhigh1b","duration":0,"is_dependent":false,"tested_dependency_set":["p0p0lte0counter0f1dseventeen1b","p0p0gte0counter0f1dfour1b","p0p0eq0counter0f1dtwo1b","p0p0eq0counter0f1dthree1b","u0sdi0f1dget2bit0read2address0f1dsub0f1deight1b0f1ddiv0counter0f1dtwo1b1b1b1b"]},{"name":"u0sdi0f1dget2bit0read2address0f1dsub0f1deight1b0f1ddiv0counter0f1dtwo1b1b1b1b","duration":0,"is_dependent":false,"tested_dependency_set":["p0p0lte0counter0f1dseventeen1b","p0p0gte0counter0f1dfour1b","p0p0eq0counter0f1dtwo1b","p0p0eq0counter0f1dthree1b","u0sdi0f1dhigh1b"]}],"total_duration":0,"is_completed":true,"skipped_dependencies":false,"total_pair_state":6,"search_pair_state_duration":0},"unate":{"skipped_unate":true},"synthesis":{"remove_dependent_ap_duration":0,"clone_nba_with_dep":0,"synthesis_dependents_duration":0,"model_checking_status":"UNKNOWN","merge_strategies_duration":80,"final_strategy":{"duration":0,"total_inputs":6,"total_outputs":1,"total_latches":4,"total_gates":70},"independent_strategy":{"duration":1,"realizability":"REALIZABLE","total_inputs":4,"total_outputs":2,"total_latches":0,"total_gates":9},"dependent_strategy":{"duration":0,"total_inputs":6,"total_outputs":1,"total_latches":4,"total_gates":70}}}
