Hierarchy reader flattened 2 instances of logic boxes and left 0 black boxes.
aag 110 3 12 3 95
2
4
6
8 167
10 173
12 1
14 0
16 187
18 195
20 196
22 198
24 200
26 206
28 210
30 220
49
66
155
32 10 5
34 11 8
36 34 4
38 37 33
40 39 3
42 11 9
44 42 5
46 45 2
48 47 41
50 10 8
52 51 43
54 53 6
56 50 7
58 57 4
60 58 55
62 35 5
64 63 3
66 64 61
68 15 12
70 66 49
72 71 5
74 71 4
76 74 7
78 76 3
80 79 73
82 81 69
84 48 5
86 84 2
88 67 48
90 88 3
92 6 4
94 93 90
96 95 87
98 97 82
100 88 5
102 72 28
104 72 30
106 105 103
108 107 100
110 74 2
112 4 2
114 112 69
116 114 88
118 116 110
120 20 4
122 30 4
124 19 17
126 124 123
128 126 121
130 129 71
132 68 25
134 133 113
136 26 3
138 22 2
140 139 25
142 140 137
144 142 135
146 144 131
148 147 88
150 149 119
152 150 109
154 152 99
156 35 7
158 157 4
160 158 55
162 161 63
164 163 3
166 165 47
168 61 33
170 169 3
172 171 47
174 133 110
176 137 17
178 176 121
180 179 71
182 181 139
184 182 103
186 184 175
188 77 73
190 189 18
192 191 105
194 192 83
196 133 100
198 133 90
200 134 71
202 66 48
204 203 87
206 205 133
208 134 67
210 208 85
212 69 3
214 213 19
216 215 6
218 217 31
220 219 74
i0 p0p0is26off0light26input
i1 p0p0is26on0light26input
i2 p0b0env26outside26is26bright
o0 u0light26ctrl0f1ddo26turn2on1b
o1 u0light26ctrl0f1ddo26turn2off1b
o2 u0light26ctrl0light26ctrl
{"is_completed":true,"output_vars":["u0light26ctrl0f1ddo26turn2off1b","u0light26ctrl0f1ddo26turn2on1b","u0light26ctrl0light26ctrl"],"input_vars":["p0p0is26off0light26input","p0p0is26on0light26input","p0b0env26outside26is26bright"],"formula":"((G (! (((u0light26ctrl0f1ddo26turn2on1b) && (! ((u0light26ctrl0f1ddo26turn2off1b) || (u0light26ctrl0light26ctrl)))) <-> ((! (((u0light26ctrl0f1ddo26turn2off1b) && (! (u0light26ctrl0light26ctrl))) <-> ((u0light26ctrl0light26ctrl) && (! (u0light26ctrl0f1ddo26turn2off1b))))) && (! (u0light26ctrl0f1ddo26turn2on1b)))))) && (((((G ((u0light26ctrl0f1ddo26turn2on1b) -> (X (p0p0is26on0light26input)))) && (G ((u0light26ctrl0f1ddo26turn2off1b) -> (X (p0p0is26off0light26input))))) && (G ((u0light26ctrl0light26ctrl) -> (((p0p0is26on0light26input) <-> (X (p0p0is26on0light26input))) && ((p0p0is26off0light26input) <-> (X (p0p0is26off0light26input))))))) && (G (! ((p0p0is26on0light26input) && (p0p0is26off0light26input))))) -> (G ((p0b0env26outside26is26bright) -> (F (! (p0p0is26on0light26input)))))))","total_time":123,"automaton":{"is_built":true,"build_duration":3,"total_states":9,"state_based_status":"true","prune_automaton_duration":0,"pruned_state_based_status":"true","prune_total_states":9,"total_edges":23},"dependency":{"dependency_approach":"automaton","tested_dependencies":[{"name":"u0light26ctrl0light26ctrl","duration":0,"is_dependent":true,"tested_dependency_set":["p0p0is26off0light26input","p0p0is26on0light26input","p0b0env26outside26is26bright","u0light26ctrl0f1ddo26turn2off1b","u0light26ctrl0f1ddo26turn2on1b"]},{"name":"u0light26ctrl0f1ddo26turn2on1b","duration":0,"is_dependent":false,"tested_dependency_set":["p0p0is26off0light26input","p0p0is26on0light26input","p0b0env26outside26is26bright","u0light26ctrl0f1ddo26turn2off1b"]},{"name":"u0light26ctrl0f1ddo26turn2off1b","duration":0,"is_dependent":false,"tested_dependency_set":["p0p0is26off0light26input","p0p0is26on0light26input","p0b0env26outside26is26bright","u0light26ctrl0f1ddo26turn2on1b"]}],"total_duration":0,"is_completed":true,"skipped_dependencies":false,"total_pair_state":32,"search_pair_state_duration":0},"unate":{"skipped_unate":true},"synthesis":{"remove_dependent_ap_duration":0,"clone_nba_with_dep":0,"synthesis_dependents_duration":0,"model_checking_status":"UNKNOWN","merge_strategies_duration":93,"final_strategy":{"duration":0,"total_inputs":5,"total_outputs":1,"total_latches":9,"total_gates":123},"independent_strategy":{"duration":4,"realizability":"REALIZABLE","total_inputs":3,"total_outputs":2,"total_latches":2,"total_gates":30},"dependent_strategy":{"duration":0,"total_inputs":5,"total_outputs":1,"total_latches":9,"total_gates":123}}}
