Hierarchy reader flattened 2 instances of logic boxes and left 0 black boxes.
aag 55 3 9 3 43
2
4
6
8 69
10 1
12 0
14 71
16 74
18 76
20 93
22 107
24 111
30
31
64
26 7 3
28 27 4
30 29 8
32 4 2
34 32 20
36 6 4
38 13 10
40 38 19
42 41 36
44 43 35
46 32 7
48 38 17
50 49 46
52 32 6
54 23 17
56 54 25
58 57 52
60 59 51
62 60 44
64 63 30
66 6 5
68 67 31
70 43 15
72 33 7
74 72 49
76 41 37
78 33 6
80 39 5
82 81 54
84 83 78
86 78 24
88 87 21
90 89 30
92 91 85
94 32 24
96 95 23
98 31 7
100 98 97
102 46 20
104 103 51
106 104 101
108 52 20
110 109 59
i0 p0b02room29somebody2leaves
i1 p0b02room29empty
i2 p0b02room29somebody2enters
o0 u02roomlight29intend0f1don1b
o1 u02roomlight29intend0f1doff1b
o2 u02roomlight29intend02roomlight29intend
{"is_completed":true,"output_vars":["u02roomlight29intend0f1doff1b","u02roomlight29intend0f1don1b","u02roomlight29intend02roomlight29intend"],"input_vars":["p0b02room29somebody2leaves","p0b02room29empty","p0b02room29somebody2enters"],"formula":"((G (! (((u02roomlight29intend0f1don1b) && (! ((u02roomlight29intend0f1doff1b) || (u02roomlight29intend02roomlight29intend)))) <-> ((! (((u02roomlight29intend0f1doff1b) && (! (u02roomlight29intend02roomlight29intend))) <-> ((u02roomlight29intend02roomlight29intend) && (! (u02roomlight29intend0f1doff1b))))) && (! (u02roomlight29intend0f1don1b)))))) && ((((G ((((p0b02room29somebody2enters) -> (! (p0b02room29empty))) U ((p0b02room29empty) && (p0b02room29somebody2leaves))) || (G ((p0b02room29somebody2enters) -> (! (p0b02room29empty)))))) && (G ((((p0b02room29empty) -> (p0b02room29empty)) U (p0b02room29somebody2enters)) || (G ((p0b02room29empty) -> (p0b02room29empty)))))) && (G ((p0b02room29somebody2enters) -> (! (p0b02room29empty))))) -> ((G ((p0b02room29somebody2enters) -> (X (((u02roomlight29intend0f1don1b) U ((p0b02room29somebody2leaves) && (p0b02room29empty))) || (G (u02roomlight29intend0f1don1b)))))) && (G (((p0b02room29somebody2leaves) && (p0b02room29empty)) -> (X (((u02roomlight29intend0f1doff1b) U (p0b02room29somebody2enters)) || (G (u02roomlight29intend0f1doff1b)))))))))","total_time":88,"automaton":{"is_built":true,"build_duration":2,"total_states":7,"state_based_status":"true","prune_automaton_duration":0,"pruned_state_based_status":"true","prune_total_states":7,"total_edges":21},"dependency":{"dependency_approach":"automaton","tested_dependencies":[{"name":"u02roomlight29intend02roomlight29intend","duration":0,"is_dependent":true,"tested_dependency_set":["p0b02room29somebody2leaves","p0b02room29empty","p0b02room29somebody2enters","u02roomlight29intend0f1doff1b","u02roomlight29intend0f1don1b"]},{"name":"u02roomlight29intend0f1don1b","duration":0,"is_dependent":false,"tested_dependency_set":["p0b02room29somebody2leaves","p0b02room29empty","p0b02room29somebody2enters","u02roomlight29intend0f1doff1b"]},{"name":"u02roomlight29intend0f1doff1b","duration":0,"is_dependent":false,"tested_dependency_set":["p0b02room29somebody2leaves","p0b02room29empty","p0b02room29somebody2enters","u02roomlight29intend0f1don1b"]}],"total_duration":0,"is_completed":true,"skipped_dependencies":false,"total_pair_state":13,"search_pair_state_duration":0},"unate":{"skipped_unate":true},"synthesis":{"remove_dependent_ap_duration":0,"clone_nba_with_dep":0,"synthesis_dependents_duration":0,"model_checking_status":"UNKNOWN","merge_strategies_duration":83,"final_strategy":{"duration":0,"total_inputs":5,"total_outputs":1,"total_latches":7,"total_gates":149},"independent_strategy":{"duration":1,"realizability":"REALIZABLE","total_inputs":3,"total_outputs":2,"total_latches":1,"total_gates":9},"dependent_strategy":{"duration":0,"total_inputs":5,"total_outputs":1,"total_latches":7,"total_gates":149}}}
