Hierarchy reader flattened 2 instances of logic boxes and left 0 black boxes.
aag 55 5 8 15 42
2
4
6
8
10
12 34
14 1
16 0
18 85
20 69
22 99
24 107
26 110
28
30
35
34
1
28
28
37
36
62
0
0
78
78
0
28 10 8
30 9 6
32 29 13
34 33 5
36 6 2
38 17 14
40 38 21
42 24 4
44 43 40
46 12 5
48 46 24
50 27 23
52 18 5
54 53 50
56 54 49
58 56 44
60 31 29
62 60 59
64 30 28
66 65 20
68 67 38
70 13 5
72 71 24
74 73 54
76 74 68
78 77 29
80 28 5
82 80 41
84 83 53
86 38 30
88 87 4
90 89 28
92 51 47
94 93 38
96 95 91
98 97 43
100 34 24
102 50 38
104 103 80
106 105 101
108 51 29
110 108 34
i0 p0p0eq0counter0f1dfourtyone1b
i1 p0p0eq0counter0f1dfourty1b
i2 p0p0eqzi0prescaler
i3 p0p0eqz0counter
i4 p0p0do2write0write2control
o0 u0counter0f1done1b
o1 u0counter0f1dincmod0counter0f1dfourtytwo1b1b
o2 u0cs0f1dhigh1b
o3 u0cs0f1dlow1b
o4 u0prescaler0f1dinc0prescaler1b
o5 u0write2address0f1dget2write2address0write2control1b
o6 u0write2data0f1dget2write2data0write2control1b
o7 u0write2response0f1dbot1b
o8 u0write2response0f1dtop1b
o9 u0counter0counter
o10 u0cs0cs
o11 u0prescaler0prescaler
o12 u0write2address0write2address
o13 u0write2data0write2data
o14 u0write2response0write2response
{"is_completed":true,"output_vars":["u0write2response0f1dtop1b","u0write2response0f1dbot1b","u0write2response0write2response","u0write2data0f1dget2write2data0write2control1b","u0write2data0write2data","u0write2address0f1dget2write2address0write2control1b","u0write2address0write2address","u0prescaler0f1dinc0prescaler1b","u0prescaler0prescaler","u0cs0f1dlow1b","u0cs0f1dhigh1b","u0cs0cs","u0counter0f1dincmod0counter0f1dfourtytwo1b1b","u0counter0f1done1b","u0counter0counter"],"input_vars":["p0p0eq0counter0f1dfourtyone1b","p0p0eq0counter0f1dfourty1b","p0p0eqzi0prescaler","p0p0eqz0counter","p0p0do2write0write2control"],"formula":"((G ((((((! (((u0counter0f1done1b) && (! ((u0counter0f1dincmod0counter0f1dfourtytwo1b1b) || (u0counter0counter)))) <-> ((! (((u0counter0f1dincmod0counter0f1dfourtytwo1b1b) && (! (u0counter0counter))) <-> ((u0counter0counter) && (! (u0counter0f1dincmod0counter0f1dfourtytwo1b1b))))) && (! (u0counter0f1done1b))))) && (! (((u0cs0f1dhigh1b) && (! ((u0cs0f1dlow1b) || (u0cs0cs)))) <-> ((! (((u0cs0f1dlow1b) && (! (u0cs0cs))) <-> ((u0cs0cs) && (! (u0cs0f1dlow1b))))) && (! (u0cs0f1dhigh1b)))))) && (! (((u0prescaler0prescaler) && (! (u0prescaler0f1dinc0prescaler1b))) <-> ((u0prescaler0f1dinc0prescaler1b) && (! (u0prescaler0prescaler)))))) && (! (((u0write2address0write2address) && (! (u0write2address0f1dget2write2address0write2control1b))) <-> ((u0write2address0f1dget2write2address0write2control1b) && (! (u0write2address0write2address)))))) && (! (((u0write2data0write2data) && (! (u0write2data0f1dget2write2data0write2control1b))) <-> ((u0write2data0f1dget2write2data0write2control1b) && (! (u0write2data0write2data)))))) && (! (((u0write2response0f1dbot1b) && (! ((u0write2response0f1dtop1b) || (u0write2response0write2response)))) <-> ((! (((u0write2response0f1dtop1b) && (! (u0write2response0write2response))) <-> ((u0write2response0write2response) && (! (u0write2response0f1dtop1b))))) && (! (u0write2response0f1dbot1b))))))) && ((G ((u0counter0f1done1b) -> (F (p0p0eq0counter0f1dfourty1b)))) -> (((((((((G (u0prescaler0f1dinc0prescaler1b)) && (G (((p0p0eqzi0prescaler) && (! (p0p0eqz0counter))) <-> (u0counter0f1dincmod0counter0f1dfourtytwo1b1b)))) && (G (((p0p0do2write0write2control) && (p0p0eqz0counter)) <-> (u0write2data0f1dget2write2data0write2control1b)))) && (G (((p0p0do2write0write2control) && (p0p0eqz0counter)) <-> (u0write2address0f1dget2write2address0write2control1b)))) && (G (((p0p0do2write0write2control) && (p0p0eqz0counter)) -> ((u0cs0f1dlow1b) U (p0p0eq0counter0f1dfourty1b))))) && (G (F (u0cs0f1dhigh1b)))) && (G (((p0p0eq0counter0f1dfourtyone1b) && (p0p0eqzi0prescaler)) <-> (u0write2response0f1dtop1b)))) && (G ((! ((p0p0eq0counter0f1dfourtyone1b) && (p0p0eqzi0prescaler))) <-> (u0write2response0f1dbot1b)))) && (G (((p0p0do2write0write2control) && (p0p0eqz0counter)) <-> (u0counter0f1done1b))))))","total_time":162,"automaton":{"is_built":true,"build_duration":26,"total_states":6,"state_based_status":"true","prune_automaton_duration":0,"pruned_state_based_status":"true","prune_total_states":6,"total_edges":16},"dependency":{"dependency_approach":"automaton","tested_dependencies":[{"name":"u0counter0counter","duration":0,"is_dependent":true,"tested_dependency_set":["p0p0eq0counter0f1dfourtyone1b","p0p0eq0counter0f1dfourty1b","p0p0eqzi0prescaler","p0p0eqz0counter","p0p0do2write0write2control","u0write2response0f1dtop1b","u0write2response0f1dbot1b","u0write2response0write2response","u0write2data0f1dget2write2data0write2control1b","u0write2data0write2data","u0write2address0f1dget2write2address0write2control1b","u0write2address0write2address","u0prescaler0f1dinc0prescaler1b","u0prescaler0prescaler","u0cs0f1dlow1b","u0cs0f1dhigh1b","u0cs0cs","u0counter0f1dincmod0counter0f1dfourtytwo1b1b","u0counter0f1done1b"]},{"name":"u0counter0f1done1b","duration":0,"is_dependent":false,"tested_dependency_set":["p0p0eq0counter0f1dfourtyone1b","p0p0eq0counter0f1dfourty1b","p0p0eqzi0prescaler","p0p0eqz0counter","p0p0do2write0write2control","u0write2response0f1dtop1b","u0write2response0f1dbot1b","u0write2response0write2response","u0write2data0f1dget2write2data0write2control1b","u0write2data0write2data","u0write2address0f1dget2write2address0write2control1b","u0write2address0write2address","u0prescaler0f1dinc0prescaler1b","u0prescaler0prescaler","u0cs0f1dlow1b","u0cs0f1dhigh1b","u0cs0cs","u0counter0f1dincmod0counter0f1dfourtytwo1b1b"]},{"name":"u0counter0f1dincmod0counter0f1dfourtytwo1b1b","duration":0,"is_dependent":false,"tested_dependency_set":["p0p0eq0counter0f1dfourtyone1b","p0p0eq0counter0f1dfourty1b","p0p0eqzi0prescaler","p0p0eqz0counter","p0p0do2write0write2control","u0write2response0f1dtop1b","u0write2response0f1dbot1b","u0write2response0write2response","u0write2data0f1dget2write2data0write2control1b","u0write2data0write2data","u0write2address0f1dget2write2address0write2control1b","u0write2address0write2address","u0prescaler0f1dinc0prescaler1b","u0prescaler0prescaler","u0cs0f1dlow1b","u0cs0f1dhigh1b","u0cs0cs","u0counter0f1done1b"]},{"name":"u0cs0cs","duration":1,"is_dependent":true,"tested_dependency_set":["p0p0eq0counter0f1dfourtyone1b","p0p0eq0counter0f1dfourty1b","p0p0eqzi0prescaler","p0p0eqz0counter","p0p0do2write0write2control","u0write2response0f1dtop1b","u0write2response0f1dbot1b","u0write2response0write2response","u0write2data0f1dget2write2data0write2control1b","u0write2data0write2data","u0write2address0f1dget2write2address0write2control1b","u0write2address0write2address","u0prescaler0f1dinc0prescaler1b","u0prescaler0prescaler","u0cs0f1dlow1b","u0cs0f1dhigh1b","u0counter0f1done1b","u0counter0f1dincmod0counter0f1dfourtytwo1b1b"]},{"name":"u0cs0f1dhigh1b","duration":0,"is_dependent":false,"tested_dependency_set":["p0p0eq0counter0f1dfourtyone1b","p0p0eq0counter0f1dfourty1b","p0p0eqzi0prescaler","p0p0eqz0counter","p0p0do2write0write2control","u0write2response0f1dtop1b","u0write2response0f1dbot1b","u0write2response0write2response","u0write2data0f1dget2write2data0write2control1b","u0write2data0write2data","u0write2address0f1dget2write2address0write2control1b","u0write2address0write2address","u0prescaler0f1dinc0prescaler1b","u0prescaler0prescaler","u0cs0f1dlow1b","u0counter0f1done1b","u0counter0f1dincmod0counter0f1dfourtytwo1b1b"]},{"name":"u0cs0f1dlow1b","duration":0,"is_dependent":false,"tested_dependency_set":["p0p0eq0counter0f1dfourtyone1b","p0p0eq0counter0f1dfourty1b","p0p0eqzi0prescaler","p0p0eqz0counter","p0p0do2write0write2control","u0write2response0f1dtop1b","u0write2response0f1dbot1b","u0write2response0write2response","u0write2data0f1dget2write2data0write2control1b","u0write2data0write2data","u0write2address0f1dget2write2address0write2control1b","u0write2address0write2address","u0prescaler0f1dinc0prescaler1b","u0prescaler0prescaler","u0counter0f1done1b","u0counter0f1dincmod0counter0f1dfourtytwo1b1b","u0cs0f1dhigh1b"]},{"name":"u0prescaler0prescaler","duration":1,"is_dependent":true,"tested_dependency_set":["p0p0eq0counter0f1dfourtyone1b","p0p0eq0counter0f1dfourty1b","p0p0eqzi0prescaler","p0p0eqz0counter","p0p0do2write0write2control","u0write2response0f1dtop1b","u0write2response0f1dbot1b","u0write2response0write2response","u0write2data0f1dget2write2data0write2control1b","u0write2data0write2data","u0write2address0f1dget2write2address0write2control1b","u0write2address0write2address","u0prescaler0f1dinc0prescaler1b","u0counter0f1done1b","u0counter0f1dincmod0counter0f1dfourtytwo1b1b","u0cs0f1dhigh1b","u0cs0f1dlow1b"]},{"name":"u0prescaler0f1dinc0prescaler1b","duration":0,"is_dependent":false,"tested_dependency_set":["p0p0eq0counter0f1dfourtyone1b","p0p0eq0counter0f1dfourty1b","p0p0eqzi0prescaler","p0p0eqz0counter","p0p0do2write0write2control","u0write2response0f1dtop1b","u0write2response0f1dbot1b","u0write2response0write2response","u0write2data0f1dget2write2data0write2control1b","u0write2data0write2data","u0write2address0f1dget2write2address0write2control1b","u0write2address0write2address","u0counter0f1done1b","u0counter0f1dincmod0counter0f1dfourtytwo1b1b","u0cs0f1dhigh1b","u0cs0f1dlow1b"]},{"name":"u0write2address0write2address","duration":1,"is_dependent":true,"tested_dependency_set":["p0p0eq0counter0f1dfourtyone1b","p0p0eq0counter0f1dfourty1b","p0p0eqzi0prescaler","p0p0eqz0counter","p0p0do2write0write2control","u0write2response0f1dtop1b","u0write2response0f1dbot1b","u0write2response0write2response","u0write2data0f1dget2write2data0write2control1b","u0write2data0write2data","u0write2address0f1dget2write2address0write2control1b","u0counter0f1done1b","u0counter0f1dincmod0counter0f1dfourtytwo1b1b","u0cs0f1dhigh1b","u0cs0f1dlow1b","u0prescaler0f1dinc0prescaler1b"]},{"name":"u0write2address0f1dget2write2address0write2control1b","duration":0,"is_dependent":false,"tested_dependency_set":["p0p0eq0counter0f1dfourtyone1b","p0p0eq0counter0f1dfourty1b","p0p0eqzi0prescaler","p0p0eqz0counter","p0p0do2write0write2control","u0write2response0f1dtop1b","u0write2response0f1dbot1b","u0write2response0write2response","u0write2data0f1dget2write2data0write2control1b","u0write2data0write2data","u0counter0f1done1b","u0counter0f1dincmod0counter0f1dfourtytwo1b1b","u0cs0f1dhigh1b","u0cs0f1dlow1b","u0prescaler0f1dinc0prescaler1b"]},{"name":"u0write2data0write2data","duration":1,"is_dependent":true,"tested_dependency_set":["p0p0eq0counter0f1dfourtyone1b","p0p0eq0counter0f1dfourty1b","p0p0eqzi0prescaler","p0p0eqz0counter","p0p0do2write0write2control","u0write2response0f1dtop1b","u0write2response0f1dbot1b","u0write2response0write2response","u0write2data0f1dget2write2data0write2control1b","u0counter0f1done1b","u0counter0f1dincmod0counter0f1dfourtytwo1b1b","u0cs0f1dhigh1b","u0cs0f1dlow1b","u0prescaler0f1dinc0prescaler1b","u0write2address0f1dget2write2address0write2control1b"]},{"name":"u0write2data0f1dget2write2data0write2control1b","duration":0,"is_dependent":false,"tested_dependency_set":["p0p0eq0counter0f1dfourtyone1b","p0p0eq0counter0f1dfourty1b","p0p0eqzi0prescaler","p0p0eqz0counter","p0p0do2write0write2control","u0write2response0f1dtop1b","u0write2response0f1dbot1b","u0write2response0write2response","u0counter0f1done1b","u0counter0f1dincmod0counter0f1dfourtytwo1b1b","u0cs0f1dhigh1b","u0cs0f1dlow1b","u0prescaler0f1dinc0prescaler1b","u0write2address0f1dget2write2address0write2control1b"]},{"name":"u0write2response0write2response","duration":1,"is_dependent":true,"tested_dependency_set":["p0p0eq0counter0f1dfourtyone1b","p0p0eq0counter0f1dfourty1b","p0p0eqzi0prescaler","p0p0eqz0counter","p0p0do2write0write2control","u0write2response0f1dtop1b","u0write2response0f1dbot1b","u0counter0f1done1b","u0counter0f1dincmod0counter0f1dfourtytwo1b1b","u0cs0f1dhigh1b","u0cs0f1dlow1b","u0prescaler0f1dinc0prescaler1b","u0write2address0f1dget2write2address0write2control1b","u0write2data0f1dget2write2data0write2control1b"]},{"name":"u0write2response0f1dbot1b","duration":0,"is_dependent":false,"tested_dependency_set":["p0p0eq0counter0f1dfourtyone1b","p0p0eq0counter0f1dfourty1b","p0p0eqzi0prescaler","p0p0eqz0counter","p0p0do2write0write2control","u0write2response0f1dtop1b","u0counter0f1done1b","u0counter0f1dincmod0counter0f1dfourtytwo1b1b","u0cs0f1dhigh1b","u0cs0f1dlow1b","u0prescaler0f1dinc0prescaler1b","u0write2address0f1dget2write2address0write2control1b","u0write2data0f1dget2write2data0write2control1b"]},{"name":"u0write2response0f1dtop1b","duration":0,"is_dependent":false,"tested_dependency_set":["p0p0eq0counter0f1dfourtyone1b","p0p0eq0counter0f1dfourty1b","p0p0eqzi0prescaler","p0p0eqz0counter","p0p0do2write0write2control","u0counter0f1done1b","u0counter0f1dincmod0counter0f1dfourtytwo1b1b","u0cs0f1dhigh1b","u0cs0f1dlow1b","u0prescaler0f1dinc0prescaler1b","u0write2address0f1dget2write2address0write2control1b","u0write2data0f1dget2write2data0write2control1b","u0write2response0f1dbot1b"]}],"total_duration":9,"is_completed":true,"skipped_dependencies":false,"total_pair_state":11,"search_pair_state_duration":0},"unate":{"skipped_unate":true},"synthesis":{"remove_dependent_ap_duration":0,"clone_nba_with_dep":0,"synthesis_dependents_duration":5,"model_checking_status":"UNKNOWN","merge_strategies_duration":105,"final_strategy":{"duration":5,"total_inputs":14,"total_outputs":6,"total_latches":6,"total_gates":569},"independent_strategy":{"duration":14,"realizability":"REALIZABLE","total_inputs":5,"total_outputs":9,"total_latches":1,"total_gates":10},"dependent_strategy":{"duration":5,"total_inputs":14,"total_outputs":6,"total_latches":6,"total_gates":569}}}
