Hierarchy reader flattened 2 instances of logic boxes and left 0 black boxes.
aag 39 3 6 2 30
2
4
6
8 1
10 0
12 55
14 60
16 62
18 79
23
51
20 7 3
22 21 4
24 11 8
26 24 17
28 14 7
30 29 13
32 30 26
34 33 22
36 6 4
38 14 6
40 39 17
42 41 36
44 4 2
46 44 18
48 47 43
50 48 35
52 36 27
54 53 13
56 24 15
58 56 47
60 59 7
62 37 27
64 45 22
66 44 7
68 67 18
70 68 65
72 6 5
74 72 25
76 75 39
78 76 71
i0 p0b02room29somebody2leaves
i1 p0b02room29empty
i2 p0b02room29somebody2enters
o0 u02c2m29intend0f1dready1b
o1 u02c2m29intend02c2m29intend
{"is_completed":true,"output_vars":["u02c2m29intend0f1dready1b","u02c2m29intend02c2m29intend"],"input_vars":["p0b02room29somebody2leaves","p0b02room29empty","p0b02room29somebody2enters"],"formula":"((G (! (((u02c2m29intend02c2m29intend) && (! (u02c2m29intend0f1dready1b))) <-> ((u02c2m29intend0f1dready1b) && (! (u02c2m29intend02c2m29intend)))))) && ((((G ((((p0b02room29somebody2enters) -> (! (p0b02room29empty))) U ((p0b02room29empty) && (p0b02room29somebody2leaves))) || (G ((p0b02room29somebody2enters) -> (! (p0b02room29empty)))))) && (G ((((p0b02room29empty) -> (p0b02room29empty)) U (p0b02room29somebody2enters)) || (G ((p0b02room29empty) -> (p0b02room29empty)))))) && (G ((p0b02room29somebody2enters) -> (! (p0b02room29empty))))) -> (G ((p0b02room29somebody2enters) -> (X (((u02c2m29intend0f1dready1b) U ((p0b02room29somebody2leaves) && (p0b02room29empty))) || (G (u02c2m29intend0f1dready1b))))))))","total_time":95,"automaton":{"is_built":true,"build_duration":1,"total_states":5,"state_based_status":"true","prune_automaton_duration":0,"pruned_state_based_status":"true","prune_total_states":5,"total_edges":11},"dependency":{"dependency_approach":"automaton","tested_dependencies":[{"name":"u02c2m29intend02c2m29intend","duration":0,"is_dependent":true,"tested_dependency_set":["p0b02room29somebody2leaves","p0b02room29empty","p0b02room29somebody2enters","u02c2m29intend0f1dready1b"]},{"name":"u02c2m29intend0f1dready1b","duration":0,"is_dependent":false,"tested_dependency_set":["p0b02room29somebody2leaves","p0b02room29empty","p0b02room29somebody2enters"]}],"total_duration":0,"is_completed":true,"skipped_dependencies":false,"total_pair_state":9,"search_pair_state_duration":0},"unate":{"skipped_unate":true},"synthesis":{"remove_dependent_ap_duration":0,"clone_nba_with_dep":0,"synthesis_dependents_duration":0,"model_checking_status":"UNKNOWN","merge_strategies_duration":91,"final_strategy":{"duration":0,"total_inputs":4,"total_outputs":1,"total_latches":5,"total_gates":60},"independent_strategy":{"duration":1,"realizability":"REALIZABLE","total_inputs":3,"total_outputs":1,"total_latches":0,"total_gates":2},"dependent_strategy":{"duration":0,"total_inputs":4,"total_outputs":1,"total_latches":5,"total_gates":60}}}
