Hierarchy reader flattened 2 instances of logic boxes and left 0 black boxes.
aag 1012 7 24 4 981
2
4
6
8
10
12
14
16 1153
18 1369
20 1561
22 1733
24 1849
26 1
28 0
30 1857
32 1867
34 1879
36 1901
38 1904
40 1925
42 1935
44 1953
46 1959
48 1977
50 1983
52 1984
54 1988
56 1999
58 2007
60 2018
62 2024
325
449
485
935
64 24 23
66 65 21
68 66 18
70 25 22
72 71 65
74 73 20
76 74 19
78 77 69
80 79 16
82 4 3
84 25 21
86 84 18
88 25 20
90 88 19
92 91 87
94 93 17
96 95 82
98 96 81
100 5 2
102 70 21
104 102 19
106 88 18
108 107 105
110 109 17
112 25 23
114 112 20
116 115 103
118 117 19
120 114 18
122 121 119
124 123 16
126 125 111
128 126 100
130 129 99
132 131 10
134 112 21
136 135 75
138 137 19
140 139 69
142 141 16
144 24 22
146 145 20
148 146 19
150 149 87
152 151 17
154 153 82
156 154 143
158 118 16
160 112 18
162 160 16
164 163 100
166 164 159
168 166 111
170 169 157
172 171 11
174 144 20
176 19 17
178 177 174
180 101 83
182 180 178
184 183 15
186 184 173
188 186 133
190 13 7
192 146 18
194 25 19
196 195 16
198 196 193
200 22 21
202 200 19
204 145 21
206 205 89
208 207 18
210 209 17
212 210 203
214 213 199
216 215 100
218 23 21
220 219 75
222 221 19
224 147 67
226 225 18
228 227 16
230 228 223
232 144 21
234 232 19
236 205 115
238 237 18
240 239 17
242 240 235
244 242 149
246 245 231
248 247 82
250 249 217
252 251 190
254 190 181
256 255 178
258 257 11
260 258 253
262 179 10
264 263 261
266 265 9
268 179 5
270 204 18
272 271 149
274 273 17
276 223 69
278 277 16
280 279 275
282 281 11
284 271 91
286 285 17
288 287 143
290 289 10
292 291 283
294 190 4
296 294 293
298 297 269
300 299 3
302 179 4
304 190 5
306 304 127
308 307 303
310 309 2
312 191 179
314 313 311
316 314 301
318 317 8
320 319 267
322 321 14
324 323 189
326 70 20
328 72 21
330 329 327
332 331 19
334 333 69
336 335 10
338 327 135
340 339 19
342 200 18
344 343 341
346 345 11
348 347 337
350 349 16
352 24 21
354 353 89
356 355 19
358 23 10
360 358 356
362 114 19
364 362 11
366 365 87
368 366 361
370 369 17
372 371 351
374 373 100
376 22 20
378 377 18
380 378 205
382 21 11
384 383 380
386 385 235
388 387 17
390 389 125
392 391 82
394 393 375
396 395 15
398 294 3
400 398 158
402 362 17
404 134 18
406 404 16
408 407 403
410 304 2
412 410 9
414 412 409
416 415 401
418 417 11
420 177 134
422 421 403
424 423 410
426 64 20
428 427 233
430 429 18
432 430 17
434 432 10
436 435 125
438 437 398
440 439 425
442 441 8
444 443 419
446 445 14
448 447 397
450 64 21
452 450 19
454 452 16
456 426 19
458 456 17
460 459 455
462 14 10
464 462 8
466 464 398
468 466 461
470 82 15
472 456 10
474 450 18
476 475 473
478 477 17
480 479 455
482 481 470
484 483 469
486 448 324
488 486 484
490 4 2
492 490 15
494 492 488
496 449 325
498 497 484
500 486 485
502 501 499
504 503 492
506 504 48
508 506 494
510 11 3
512 510 14
514 512 488
516 512 503
518 516 48
520 518 514
522 521 509
524 15 11
526 524 488
528 524 503
530 528 46
532 530 526
534 14 11
536 534 488
538 534 503
540 538 46
542 540 536
544 543 533
546 544 522
548 29 26
550 534 254
552 550 549
554 552 503
556 549 464
558 556 254
560 558 503
562 561 555
564 563 488
566 11 2
568 566 14
570 568 488
572 568 503
574 572 62
576 574 570
578 577 565
580 538 42
582 580 536
584 488 462
586 503 462
588 586 42
590 588 584
592 591 583
594 592 578
596 594 546
598 572 48
600 598 570
602 10 2
604 602 14
606 604 488
608 604 503
610 608 48
612 610 606
614 613 601
616 503 15
618 616 602
620 510 503
622 621 619
624 623 58
626 566 15
628 626 503
630 628 44
632 630 626
634 15 4
636 634 503
638 636 42
640 638 634
642 641 633
644 642 625
646 645 488
648 647 614
650 648 596
652 586 32
654 652 584
656 488 15
658 616 34
660 658 656
662 661 655
664 15 2
666 664 488
668 664 503
670 668 48
672 670 666
674 488 3
676 503 3
678 676 36
680 678 674
682 681 673
684 682 662
686 634 488
688 636 50
690 688 686
692 668 60
694 692 666
696 695 691
698 616 42
700 698 656
702 538 32
704 702 536
706 705 701
708 706 696
710 708 684
712 516 62
714 712 514
716 572 60
718 716 570
720 719 715
722 181 15
724 10 9
726 725 14
728 726 254
730 729 723
732 730 488
734 730 503
736 734 549
738 736 732
740 528 32
742 740 526
744 743 739
746 744 720
748 734 38
750 748 732
752 488 5
754 503 5
756 754 40
758 756 752
760 759 751
762 608 62
764 762 606
766 504 62
768 766 494
770 769 765
772 770 760
774 772 746
776 774 710
778 754 54
780 778 752
782 538 56
784 782 536
786 785 781
788 586 56
790 788 584
792 616 50
794 792 656
796 795 791
798 796 786
800 605 569
802 801 503
804 802 58
806 10 3
808 806 14
810 809 471
812 811 62
814 722 549
816 53 37
818 817 2
820 55 41
822 821 4
824 823 819
826 15 10
828 826 32
830 59 45
832 831 806
834 833 829
836 834 824
838 836 815
840 838 813
842 548 39
844 843 731
846 38 8
848 846 550
850 14 9
852 850 34
854 853 31
856 807 44
858 856 627
860 61 49
862 535 3
864 862 861
866 865 859
868 866 854
870 868 849
872 870 845
874 872 840
876 874 805
878 877 488
880 879 798
882 636 56
884 882 686
886 626 488
888 628 58
890 888 886
892 891 885
894 538 50
896 894 536
898 586 50
900 898 584
902 901 897
904 902 892
906 608 60
908 906 606
910 504 60
912 910 494
914 913 909
916 516 60
918 916 514
920 676 52
922 920 674
924 923 919
926 924 914
928 926 904
930 928 880
932 930 776
934 932 650
936 329 147
938 937 19
940 378 135
942 941 939
944 943 17
946 353 75
948 947 18
950 949 357
952 951 16
954 953 945
956 955 82
958 64 18
960 72 20
962 103 19
964 962 961
966 965 959
968 967 17
970 427 353
972 971 19
974 74 18
976 975 973
978 977 16
980 979 969
982 981 100
984 983 957
986 985 11
988 73 21
990 989 115
992 991 18
994 993 357
996 995 17
998 961 18
1000 356 22
1002 1001 999
1004 1003 16
1006 1005 997
1008 1007 82
1010 959 235
1012 1011 17
1014 975 453
1016 1015 16
1018 1017 1013
1020 1019 100
1022 1021 1009
1024 1023 10
1026 1025 987
1028 1027 15
1030 11 9
1032 145 19
1034 233 75
1036 1035 18
1038 1037 1033
1040 1039 17
1042 453 271
1044 1043 16
1046 1045 1041
1048 1047 398
1050 115 85
1052 1051 19
1054 326 18
1056 1055 1053
1058 1057 17
1060 407 159
1062 1060 1059
1064 1063 410
1066 1065 1049
1068 1067 1030
1070 1033 227
1072 1071 17
1074 70 18
1076 1075 219
1078 1077 16
1080 1079 1073
1082 1081 398
1084 405 107
1086 1085 17
1088 1053 163
1090 1088 1087
1092 1091 410
1094 1093 1083
1096 1095 11
1098 23 20
1100 1099 103
1102 1101 19
1104 937 18
1106 1105 1103
1108 1107 17
1110 237 19
1112 1111 161
1114 1113 16
1116 1115 1109
1118 1117 398
1120 147 103
1122 1121 19
1124 1123 209
1126 1125 17
1128 115 67
1130 1129 18
1132 1131 1033
1134 1133 16
1136 1135 1127
1138 1137 410
1140 1139 1119
1142 1141 10
1144 1143 1097
1146 1145 8
1148 1147 1069
1150 1149 14
1152 1151 1029
1154 451 75
1156 1155 18
1158 1157 235
1160 1158 16
1162 431 17
1164 353 175
1166 1165 19
1168 1167 1162
1170 1169 1161
1172 1171 100
1174 113 21
1176 1175 147
1178 1177 19
1180 381 16
1182 1180 1179
1184 206 19
1186 971 18
1188 1187 17
1190 1188 1185
1192 1191 1183
1194 1193 82
1196 1195 1173
1198 1197 10
1200 1120 19
1202 1201 1162
1204 1203 1161
1206 1205 100
1208 947 19
1210 998 135
1212 1211 1209
1214 1213 16
1216 116 19
1218 378 113
1220 1219 1217
1222 1221 17
1224 1223 82
1226 1224 1215
1228 1227 1207
1230 1229 11
1232 1231 8
1234 1232 1199
1236 379 17
1238 1236 1201
1240 175 18
1242 1240 67
1244 1243 16
1246 1244 333
1248 1247 1239
1250 1249 100
1252 1177 18
1254 965 16
1256 1254 1253
1258 1236 1217
1260 1259 1257
1262 1261 82
1264 1263 1251
1266 1265 11
1268 1267 9
1270 1269 190
1272 1270 1235
1274 725 254
1276 1275 178
1278 1277 14
1280 1278 1273
1282 998 219
1284 219 147
1286 1285 19
1288 1287 1283
1290 1289 17
1292 24 20
1294 1293 19
1296 1295 1241
1298 1297 16
1300 1299 82
1302 1300 1291
1304 329 75
1306 1305 19
1308 1307 975
1310 1309 17
1312 137 18
1314 1032 354
1316 1315 1313
1318 1317 16
1320 1319 100
1322 1320 1311
1324 1323 1303
1326 1325 10
1328 1283 77
1330 1329 17
1332 219 89
1334 1333 19
1336 1285 18
1338 1337 1335
1340 1339 16
1342 1341 82
1344 1342 1331
1346 204 19
1348 1347 1313
1350 1349 16
1352 1055 235
1354 1353 17
1356 1355 100
1358 1356 1351
1360 1359 1345
1362 1361 11
1364 1363 184
1366 1364 1327
1368 1367 1281
1370 85 75
1372 1371 19
1374 1313 16
1376 1374 1373
1378 989 89
1380 1379 18
1382 75 19
1384 1382 205
1386 1385 17
1388 1386 1381
1390 1389 1377
1392 1391 82
1394 236 19
1396 353 327
1398 1397 18
1400 1399 17
1402 1400 1395
1404 221 18
1406 1315 16
1408 1406 1405
1410 1409 1403
1412 1411 100
1414 183 11
1416 1414 1413
1418 1416 1393
1420 1381 357
1422 1421 17
1424 1423 1005
1426 1425 4
1428 1427 269
1430 1429 3
1432 1159 17
1434 1433 1351
1436 1435 5
1438 1437 303
1440 1439 2
1442 1441 1431
1444 1443 10
1446 1445 1419
1448 1447 15
1450 1240 219
1452 1451 16
1454 1452 223
1456 1035 19
1458 1457 240
1460 1459 1455
1462 1461 100
1464 243 199
1466 1465 82
1468 1467 1463
1470 1469 190
1472 1471 258
1474 1473 263
1476 1475 9
1478 294 125
1480 295 178
1482 1481 3
1484 1482 1479
1486 453 343
1488 1487 16
1490 988 18
1492 1490 17
1494 304 77
1496 1494 1493
1498 1496 1489
1500 305 178
1502 1501 2
1504 1502 1499
1506 1505 1485
1508 1507 11
1510 1129 19
1512 1337 16
1514 1512 1511
1516 1105 17
1518 1516 1383
1520 1519 1515
1522 1521 100
1524 426 18
1526 329 16
1528 1526 1525
1530 1528 77
1532 1154 19
1534 1333 18
1536 1535 17
1538 1536 1533
1540 1539 1531
1542 1541 82
1544 1543 1523
1546 1545 190
1548 257 10
1550 1548 1547
1552 1551 1509
1554 1553 8
1556 1555 1477
1558 1557 14
1560 1559 1449
1562 377 19
1564 1562 329
1566 1565 16
1568 1566 1381
1570 113 19
1572 1571 1236
1574 1573 3
1576 1574 1569
1578 1304 19
1580 113 20
1582 1581 18
1584 1583 17
1586 1584 1579
1588 121 16
1590 1174 18
1592 1591 357
1594 1592 1588
1596 1595 2
1598 1596 1587
1600 1599 1577
1602 1601 10
1604 329 89
1606 1605 18
1608 1563 16
1610 1608 1607
1612 144 18
1614 1613 1287
1616 1615 17
1618 1617 3
1620 1618 1611
1622 1241 17
1624 1622 1579
1626 1295 16
1628 1626 1583
1630 1629 2
1632 1630 1625
1634 1633 1621
1636 1635 11
1638 1637 181
1640 1638 1603
1642 1641 184
1644 136 19
1646 1645 1622
1648 1294 451
1650 1649 1512
1652 1651 1647
1654 1653 100
1656 225 19
1658 1657 16
1660 1658 1105
1662 220 19
1664 1663 210
1666 1665 1661
1668 1667 82
1670 1669 1655
1672 1671 190
1674 1673 258
1676 1675 263
1678 1677 9
1680 1645 1516
1682 1681 1515
1684 1683 100
1686 989 378
1688 1687 1658
1690 1663 1536
1692 1691 1689
1694 1693 82
1696 1695 1685
1698 1697 190
1700 1699 258
1702 991 19
1704 1703 121
1706 1705 16
1708 459 294
1710 1708 433
1712 1710 1707
1714 1713 1482
1716 305 2
1718 1716 179
1720 1719 1715
1722 1721 10
1724 1723 1701
1726 1725 8
1728 1727 1679
1730 1729 14
1732 1731 1643
1734 1128 19
1736 232 18
1738 1737 1735
1740 1739 17
1742 1457 1219
1744 1743 16
1746 1745 1741
1748 1747 82
1750 1050 19
1752 1751 431
1754 1753 17
1756 1157 973
1758 1757 16
1760 1759 1755
1762 1761 100
1764 1763 1749
1766 1765 11
1768 1457 431
1770 1769 16
1772 176 174
1774 1773 1771
1776 1775 82
1778 1395 431
1780 1779 17
1782 1157 457
1784 1783 16
1786 1785 1781
1788 1787 100
1790 1789 1777
1792 1791 10
1794 1793 1767
1796 1795 15
1798 1735 431
1800 1799 17
1802 1591 973
1804 1803 16
1806 1805 1801
1808 1030 254
1810 1808 1807
1812 377 353
1814 1813 19
1816 1815 1491
1818 1817 17
1820 1457 1211
1822 1821 16
1824 1823 1819
1826 398 10
1828 1826 1825
1830 1751 1219
1832 1831 17
1834 1833 1215
1836 807 254
1838 1836 1835
1840 1839 1829
1842 1841 8
1844 1843 1811
1846 1845 14
1848 1847 1797
1850 855 503
1852 1851 749
1854 737 531
1856 1854 1852
1858 889 741
1860 549 181
1862 1860 528
1864 1863 631
1866 1864 1858
1868 826 503
1870 1868 181
1872 1870 38
1874 814 503
1876 1875 659
1878 1876 1873
1880 726 398
1882 1881 471
1884 1883 484
1886 1884 449
1888 731 448
1890 1888 485
1892 1891 1887
1894 1893 843
1896 1894 324
1898 1897 921
1900 1898 679
1902 499 487
1904 1903 844
1906 100 15
1908 726 410
1910 1909 1907
1912 1911 324
1914 1913 1889
1916 843 484
1918 1916 487
1920 1918 1915
1922 1921 779
1924 1922 757
1926 1870 549
1928 793 693
1930 699 671
1932 1930 1928
1934 1932 1927
1936 831 572
1938 599 581
1940 1938 1937
1942 783 555
1944 895 703
1946 717 575
1948 1946 1944
1950 1948 1942
1952 1950 1940
1954 848 503
1956 1955 555
1958 1956 541
1960 831 608
1962 611 589
1964 1962 1961
1966 789 561
1968 907 899
1970 763 653
1972 1970 1968
1974 1972 1966
1976 1974 1964
1978 1868 32
1980 831 618
1982 1981 1979
1984 818 486
1986 822 484
1988 1986 448
1990 911 883
1992 767 689
1994 639 507
1996 1994 1992
1998 1996 1990
2000 917 713
2002 831 620
2004 2003 519
2006 2004 2000
2008 62 14
2010 2009 830
2012 2011 10
2014 2013 860
2016 2015 535
2018 2016 676
2020 860 63
2022 2021 470
2024 2022 503
i0 p0b02roomlight29off
i1 p0b02roomlight29on
i2 p0b02room29bed29occupied
i3 p0b02room29somebody2leaves
i4 p0b02room29somebody2enters
i5 p0b02room29switch29toggled
i6 p0b02room29empty
o0 u02roomlight29light0f1d2roomlight29turn2on1b
o1 u02roomlight29light0f1d2roomlight29toggle1b
o2 u02roomlight29light0f1d2roomlight29turn2off1b
o3 u02roomlight29light02roomlight29light
{"is_completed":true,"output_vars":["u02roomlight29light0f1d2roomlight29turn2off1b","u02roomlight29light0f1d2roomlight29toggle1b","u02roomlight29light0f1d2roomlight29turn2on1b","u02roomlight29light02roomlight29light"],"input_vars":["p0b02roomlight29off","p0b02roomlight29on","p0b02room29bed29occupied","p0b02room29somebody2leaves","p0b02room29somebody2enters","p0b02room29switch29toggled","p0b02room29empty"],"formula":"((G (! (((! (((u02roomlight29light0f1d2roomlight29toggle1b) && (! (u02roomlight29light02roomlight29light))) <-> ((u02roomlight29light02roomlight29light) && (! (u02roomlight29light0f1d2roomlight29toggle1b))))) && (! ((u02roomlight29light0f1d2roomlight29turn2off1b) || (u02roomlight29light0f1d2roomlight29turn2on1b)))) <-> ((! (((u02roomlight29light0f1d2roomlight29turn2off1b) && (! (u02roomlight29light0f1d2roomlight29turn2on1b))) <-> ((u02roomlight29light0f1d2roomlight29turn2on1b) && (! (u02roomlight29light0f1d2roomlight29turn2off1b))))) && (! ((u02roomlight29light0f1d2roomlight29toggle1b) || (u02roomlight29light02roomlight29light))))))) && (((((((((G ((p0b02room29empty) -> (! (p0b02room29switch29toggled)))) && (G ((p0b02room29somebody2enters) -> (((! (p0b02room29empty)) U ((p0b02room29somebody2leaves) && (p0b02room29empty))) || (G (! (p0b02room29empty))))))) && (G (((p0b02room29somebody2leaves) && (p0b02room29empty)) -> (((p0b02room29empty) U (p0b02room29somebody2enters)) || (G (p0b02room29empty)))))) && (G ((p0b02room29bed29occupied) -> (! (p0b02room29empty))))) && ((((! (p0b02room29empty)) U ((p0b02room29somebody2leaves) && (p0b02room29empty))) || (G (! (p0b02room29empty)))) || (((p0b02room29empty) U (p0b02room29somebody2enters)) || (G (p0b02room29empty))))) && (G (! ((p0b02roomlight29on) <-> (p0b02roomlight29off))))) && (G (((u02roomlight29light0f1d2roomlight29turn2on1b) || ((u02roomlight29light0f1d2roomlight29toggle1b) && (p0b02roomlight29off))) -> (X (F (((u02roomlight29light0f1d2roomlight29turn2off1b) || (u02roomlight29light0f1d2roomlight29toggle1b)) R (p0b02roomlight29on))))))) && (G (((u02roomlight29light0f1d2roomlight29turn2off1b) || ((u02roomlight29light0f1d2roomlight29toggle1b) && (p0b02roomlight29on))) -> (X (F (((u02roomlight29light0f1d2roomlight29turn2on1b) || (u02roomlight29light0f1d2roomlight29toggle1b)) R (p0b02roomlight29off))))))) -> ((G ((p0b02room29somebody2enters) -> (X (F (((p0b02roomlight29on) U (p0b02room29empty)) || (G (p0b02roomlight29on))))))) && (G ((p0b02room29empty) -> (X (F (p0b02roomlight29off))))))))","total_time":333,"automaton":{"is_built":true,"build_duration":8,"total_states":18,"state_based_status":"true","prune_automaton_duration":0,"pruned_state_based_status":"true","prune_total_states":18,"total_edges":76},"dependency":{"dependency_approach":"automaton","tested_dependencies":[{"name":"u02roomlight29light02roomlight29light","duration":3,"is_dependent":true,"tested_dependency_set":["p0b02roomlight29off","p0b02roomlight29on","p0b02room29bed29occupied","p0b02room29somebody2leaves","p0b02room29somebody2enters","p0b02room29switch29toggled","p0b02room29empty","u02roomlight29light0f1d2roomlight29turn2off1b","u02roomlight29light0f1d2roomlight29toggle1b","u02roomlight29light0f1d2roomlight29turn2on1b"]},{"name":"u02roomlight29light0f1d2roomlight29turn2on1b","duration":0,"is_dependent":false,"tested_dependency_set":["p0b02roomlight29off","p0b02roomlight29on","p0b02room29bed29occupied","p0b02room29somebody2leaves","p0b02room29somebody2enters","p0b02room29switch29toggled","p0b02room29empty","u02roomlight29light0f1d2roomlight29turn2off1b","u02roomlight29light0f1d2roomlight29toggle1b"]},{"name":"u02roomlight29light0f1d2roomlight29toggle1b","duration":0,"is_dependent":false,"tested_dependency_set":["p0b02roomlight29off","p0b02roomlight29on","p0b02room29bed29occupied","p0b02room29somebody2leaves","p0b02room29somebody2enters","p0b02room29switch29toggled","p0b02room29empty","u02roomlight29light0f1d2roomlight29turn2off1b","u02roomlight29light0f1d2roomlight29turn2on1b"]},{"name":"u02roomlight29light0f1d2roomlight29turn2off1b","duration":0,"is_dependent":false,"tested_dependency_set":["p0b02roomlight29off","p0b02roomlight29on","p0b02room29bed29occupied","p0b02room29somebody2leaves","p0b02room29somebody2enters","p0b02room29switch29toggled","p0b02room29empty","u02roomlight29light0f1d2roomlight29turn2on1b","u02roomlight29light0f1d2roomlight29toggle1b"]}],"total_duration":4,"is_completed":true,"skipped_dependencies":false,"total_pair_state":106,"search_pair_state_duration":0},"unate":{"skipped_unate":true},"synthesis":{"remove_dependent_ap_duration":0,"clone_nba_with_dep":0,"synthesis_dependents_duration":1,"model_checking_status":"UNKNOWN","merge_strategies_duration":236,"final_strategy":{"duration":1,"total_inputs":10,"total_outputs":1,"total_latches":18,"total_gates":653},"independent_strategy":{"duration":81,"realizability":"REALIZABLE","total_inputs":7,"total_outputs":3,"total_latches":5,"total_gates":922},"dependent_strategy":{"duration":1,"total_inputs":10,"total_outputs":1,"total_latches":18,"total_gates":653}}}
