aag 31 1 3 4 27
2
4 53
6 61
8 63
12
14
18
33
10 6 9
12 5 10
14 4 10
16 7 8
18 5 16
20 4 16
22 7 9
24 5 22
26 25 21
28 2 27
30 3 20
32 31 29
34 6 8
36 4 22
38 5 35
40 39 37
42 17 11
44 5 43
46 45 37
48 2 47
50 3 41
52 51 49
54 4 7
56 25 55
58 2 57
60 31 59
62 19 15
i0 r_0
o0 g_0
o1 a_0
o2 b_0
o3 c_0
{"is_completed":true,"output_vars":["g_0","c_0","b_0","a_0"],"input_vars":["r_0"],"formula":"((((((((G (true)) && (((! (g_0)) U (r_0)) || (G (! (g_0))))) && (G (((g_0) && (X ((! (r_0)) && (! (g_0))))) -> (X (((! (g_0)) U (r_0)) || (G (! (g_0)))))))) && (G (((g_0) && (G (! (r_0)))) -> (F (! (g_0)))))) && (G ((r_0) -> (F (g_0))))) && (G ((a_0) <-> (X (b_0))))) && (G ((b_0) <-> (X (c_0))))) && (G ((c_0) <-> (X (g_0)))))","total_time":5,"automaton":{"is_built":true,"build_duration":3,"total_states":21,"state_based_status":"true","prune_automaton_duration":0,"pruned_state_based_status":"true","prune_total_states":21,"total_edges":72},"dependency":{"dependency_approach":"automaton","tested_dependencies":[{"name":"a_0","duration":0,"is_dependent":false,"tested_dependency_set":["r_0","g_0","c_0","b_0"]},{"name":"b_0","duration":0,"is_dependent":false,"tested_dependency_set":["r_0","g_0","c_0","a_0"]},{"name":"c_0","duration":0,"is_dependent":false,"tested_dependency_set":["r_0","g_0","a_0","b_0"]},{"name":"g_0","duration":0,"is_dependent":false,"tested_dependency_set":["r_0","a_0","b_0","c_0"]}],"total_duration":0,"is_completed":true,"skipped_dependencies":false,"total_pair_state":21,"search_pair_state_duration":0},"unate":{"skipped_unate":true},"synthesis":{"model_checking_status":"UNKNOWN","independent_strategy":{"duration":0,"realizability":"REALIZABLE","total_inputs":1,"total_outputs":4,"total_latches":3,"total_gates":27},"dependent_strategy":{"duration":-1,"total_inputs":-1,"total_outputs":-1,"total_latches":-1,"total_gates":-1}}}
