aag 16 2 2 1 12
2
4
6 22
8 32
12
10 6 9
12 3 10
14 6 8
16 4 11
18 5 14
20 19 17
22 3 21
24 7 8
26 4 24
28 5 10
30 29 27
32 3 31
i0 c_0
i1 r_0
o0 g_0
{"is_completed":true,"output_vars":["g_0"],"input_vars":["c_0","r_0"],"formula":"(((((((G (true)) && (((! (g_0)) U ((r_0) && (! (c_0)))) || (G (! (g_0))))) && (G (((g_0) && (X ((! ((r_0) && (! (c_0)))) && (! (g_0))))) -> (X (((! (g_0)) U ((r_0) && (! (c_0)))) || (G (! (g_0)))))))) && (G (((g_0) && (G (! ((r_0) && (! (c_0)))))) -> (F (! (g_0)))))) && (G (((r_0) && (! (c_0))) -> (F ((g_0) || (c_0)))))) && (G ((c_0) -> (! (g_0))))) && (G (! ((c_0) && (X (((! (r_0)) || (c_0)) U ((g_0) && ((! (r_0)) || (c_0)))))))))","total_time":2,"automaton":{"is_built":true,"build_duration":1,"total_states":5,"state_based_status":"true","prune_automaton_duration":0,"pruned_state_based_status":"true","prune_total_states":5,"total_edges":19},"dependency":{"dependency_approach":"automaton","tested_dependencies":[{"name":"g_0","duration":0,"is_dependent":false,"tested_dependency_set":["c_0","r_0"]}],"total_duration":0,"is_completed":true,"skipped_dependencies":false,"total_pair_state":5,"search_pair_state_duration":0},"unate":{"skipped_unate":true},"synthesis":{"model_checking_status":"UNKNOWN","independent_strategy":{"duration":0,"realizability":"REALIZABLE","total_inputs":2,"total_outputs":1,"total_latches":2,"total_gates":12},"dependent_strategy":{"duration":-1,"total_inputs":-1,"total_outputs":-1,"total_latches":-1,"total_gates":-1}}}
