Hierarchy reader flattened 2 instances of logic boxes and left 0 black boxes.
aag 873 3 39 3 831
2
4
6
8 803
10 973
12 1233
14 1379
16 1474
18 1554
20 1
22 0
24 1557
26 1563
28 508
30 1561
32 1605
34 1609
36 1622
38 1627
40 1586
42 1607
44 1631
46 1637
48 1643
50 1646
52 1657
54 1651
56 1669
58 1681
60 1682
62 1691
64 1694
66 1705
68 1725
70 1726
72 1733
74 1734
76 1738
78 1740
80 1745
82 460
84 1747
222
418
553
86 18 16
88 86 15
90 88 13
92 18 17
94 92 14
96 94 12
98 97 91
100 99 11
102 94 13
104 19 16
106 104 14
108 106 12
110 109 103
112 111 10
114 113 101
116 115 9
118 105 93
120 119 14
122 120 12
124 122 11
126 102 10
128 127 125
130 129 8
132 131 117
134 7 4
136 134 133
138 90 11
140 139 123
142 141 9
144 95 89
146 145 13
148 146 11
150 120 13
152 151 97
154 153 10
156 155 149
158 157 8
160 159 143
162 161 5
164 17 14
166 164 13
168 167 91
170 168 123
172 171 11
174 119 12
176 175 103
178 177 10
180 179 173
182 181 9
184 104 15
186 185 121
188 187 12
190 19 17
192 190 15
194 118 14
196 195 13
198 196 193
200 199 189
202 201 11
204 185 95
206 205 10
208 207 203
210 209 8
212 211 183
214 213 4
216 215 163
218 217 6
220 219 137
222 221 3
224 92 15
226 87 14
228 227 225
230 229 12
232 231 199
234 233 11
236 229 13
238 237 175
240 239 10
242 241 235
244 243 9
246 87 12
248 86 14
250 249 13
252 250 193
254 253 247
256 255 11
258 119 13
260 246 193
262 261 259
264 263 10
266 265 257
268 267 8
270 269 245
272 271 5
274 185 165
276 275 13
278 19 14
280 279 225
282 281 12
284 283 277
286 285 11
288 12 10
290 288 17
292 291 287
294 293 9
296 87 15
298 190 14
300 299 297
302 301 12
304 17 15
306 305 196
308 307 303
310 309 11
312 225 107
314 313 13
316 225 121
318 317 12
320 319 315
322 321 10
324 323 311
326 325 8
328 327 295
330 329 4
332 331 273
334 333 7
336 119 15
338 337 165
340 339 13
342 340 11
344 225 165
346 13 10
348 346 345
350 349 343
352 351 9
354 337 299
356 355 13
358 193 121
360 359 12
362 361 357
364 363 11
366 297 107
368 367 12
370 369 357
372 371 10
374 373 365
376 375 8
378 377 353
380 379 5
382 92 12
384 383 259
386 15 11
388 386 385
390 298 13
392 390 10
394 393 389
396 395 9
398 190 12
400 398 11
402 313 10
404 403 401
406 405 8
408 407 397
410 409 4
412 411 381
414 413 6
416 415 335
418 417 3
420 61 25
422 419 3
424 422 223
426 424 421
428 419 6
430 428 223
432 428 54
434 432 430
436 435 427
438 422 80
440 438 424
442 419 223
444 418 222
446 445 30
448 446 442
450 449 441
452 450 436
454 419 4
456 454 223
458 83 57
460 459 456
462 430 84
464 463 461
466 430 48
468 75 45
470 469 456
472 471 467
474 472 464
476 474 452
478 445 42
480 445 34
482 223 38
484 483 481
486 484 479
488 487 442
490 430 76
492 424 62
494 430 58
496 495 493
498 496 491
500 498 489
502 500 476
504 23 20
506 504 29
508 507 445
510 79 53
512 510 509
514 445 26
516 419 54
518 517 515
520 518 512
522 521 442
524 80 2
526 420 63
528 527 2
530 529 525
532 445 6
534 51 31
536 535 430
538 536 532
540 445 4
542 540 46
544 542 456
546 545 539
548 546 530
550 548 523
552 550 502
554 93 15
556 555 165
558 557 13
560 19 15
562 561 121
564 563 12
566 565 559
568 567 11
570 561 95
572 571 13
574 573 247
576 575 10
578 577 569
580 579 9
582 197 123
584 583 11
586 297 95
588 587 12
590 191 15
592 591 250
594 593 589
596 595 10
598 597 585
600 599 8
602 601 581
604 603 5
606 303 199
608 607 11
610 560 13
612 611 383
614 612 391
616 615 10
618 617 609
620 619 9
622 555 279
624 623 13
626 297 165
628 627 12
630 629 625
632 631 11
634 305 227
636 635 13
638 297 279
640 639 12
642 641 637
644 643 10
646 645 633
648 647 8
650 649 621
652 651 4
654 653 605
656 655 7
658 118 15
660 659 107
662 661 13
664 663 123
666 665 11
668 611 369
670 669 10
672 671 667
674 673 9
676 659 95
678 677 13
680 336 12
682 681 679
684 683 11
686 106 13
688 687 97
690 689 10
692 691 685
694 693 8
696 695 675
698 697 5
700 92 13
702 305 299
704 703 12
706 705 701
708 707 11
710 299 225
712 711 13
714 192 12
716 715 713
718 717 10
720 719 709
722 721 9
724 711 12
726 725 197
728 727 11
730 561 165
732 731 12
734 733 573
736 735 10
738 737 729
740 739 8
742 741 723
744 743 4
746 745 699
748 747 6
750 749 657
752 751 3
754 13 11
756 754 15
758 757 86
760 759 5
762 107 89
764 763 13
766 765 97
768 767 11
770 18 15
772 17 13
774 772 10
776 774 771
778 777 769
780 779 9
782 391 97
784 783 11
786 712 10
788 787 785
790 789 8
792 791 781
794 6 4
796 794 793
798 797 761
800 799 2
802 801 753
804 16 15
806 805 95
808 807 754
810 809 125
812 810 179
814 813 9
816 199 123
818 817 11
820 681 152
822 821 10
824 823 819
826 825 8
828 827 815
830 829 5
832 190 13
834 205 12
836 835 833
838 837 11
840 317 13
842 19 12
844 843 841
846 845 10
848 847 839
850 849 9
852 224 13
854 853 109
856 855 11
858 346 184
860 859 857
862 861 8
864 863 851
866 865 4
868 867 831
870 869 7
872 192 13
874 872 11
876 859 97
878 876 875
880 879 9
882 154 8
884 883 881
886 885 5
888 715 341
890 889 11
892 305 279
894 893 13
896 895 247
898 897 10
900 899 891
902 901 9
904 104 12
906 905 391
908 907 11
910 339 12
912 911 151
914 913 10
916 915 909
918 917 8
920 919 903
922 921 4
924 923 887
926 925 6
928 927 871
930 929 3
932 759 134
934 592 10
936 764 11
938 164 12
940 939 937
942 940 935
944 943 9
946 164 11
948 703 13
950 313 12
952 951 949
954 953 10
956 955 947
958 957 8
960 959 945
962 961 4
964 963 761
966 965 6
968 967 933
970 969 2
972 971 931
974 560 12
976 975 391
978 977 11
980 611 399
982 981 10
984 983 979
986 985 9
988 833 715
990 989 10
992 991 875
994 993 8
996 995 987
998 997 5
1000 382 10
1002 1001 809
1004 1003 9
1006 555 107
1008 1007 13
1010 1009 97
1012 1011 11
1014 359 13
1016 304 12
1018 1017 1015
1020 1019 10
1022 1021 1013
1024 1023 8
1026 1025 1005
1028 1027 4
1030 1029 999
1032 1031 7
1034 563 346
1036 105 15
1038 1037 11
1040 1038 250
1042 1041 629
1044 1042 1035
1046 1045 9
1048 367 13
1050 1049 261
1052 1051 11
1054 629 593
1056 1055 10
1058 1057 1053
1060 1059 8
1062 1061 1047
1064 1063 5
1066 301 13
1068 226 12
1070 1069 975
1072 1070 1067
1074 1073 11
1076 175 167
1078 1077 10
1080 1079 1075
1082 1081 9
1084 873 109
1086 1084 681
1088 1087 11
1090 873 687
1092 1090 629
1094 1093 10
1096 1095 1089
1098 1097 8
1100 1099 1083
1102 1101 4
1104 1103 1065
1106 1105 6
1108 1107 1033
1110 1109 3
1112 298 11
1114 629 315
1116 1115 10
1118 1117 1113
1120 1119 9
1122 1037 95
1124 1123 13
1126 1125 303
1128 1127 11
1130 305 121
1132 1131 12
1134 1133 611
1136 1135 10
1138 1137 1129
1140 1139 8
1142 1141 1121
1144 1143 134
1146 279 89
1148 1147 13
1150 1149 97
1152 1151 11
1154 296 12
1156 1155 773
1158 1157 10
1160 1159 1153
1162 1161 9
1164 1037 299
1166 1165 13
1168 1167 589
1170 1169 11
1172 193 95
1174 1173 12
1176 1175 357
1178 1177 10
1180 1179 1171
1182 1181 8
1184 1183 1163
1186 1185 5
1188 587 13
1190 1189 641
1192 1191 11
1194 104 13
1196 1195 1069
1198 1197 10
1200 1199 1193
1202 1201 9
1204 278 12
1206 681 10
1208 1206 1015
1210 187 13
1212 1211 11
1214 1213 1209
1216 1215 1205
1218 1217 8
1220 1219 1203
1222 1221 4
1224 1223 1187
1226 1225 6
1228 1227 1145
1230 1229 2
1232 1231 1111
1234 361 199
1236 1235 11
1238 731 13
1240 1239 319
1242 1241 10
1244 1243 1237
1246 1245 9
1248 305 250
1250 1249 123
1252 1251 11
1254 226 13
1256 1255 911
1258 1257 10
1260 1259 1253
1262 1261 8
1264 1263 1247
1266 1265 4
1268 1267 831
1270 1269 7
1272 205 13
1274 1273 247
1276 1275 11
1278 1211 1069
1280 1279 10
1282 1281 1277
1284 1283 9
1286 1069 259
1288 1287 11
1290 1173 13
1292 1291 911
1294 1293 10
1296 1295 1289
1298 1297 8
1300 1299 1285
1302 1301 5
1304 635 12
1306 1305 1211
1308 1307 11
1310 1069 1015
1312 1311 10
1314 1313 1309
1316 1315 9
1318 1255 1205
1320 1319 11
1322 345 12
1324 1323 593
1326 1325 10
1328 1327 1321
1330 1329 8
1332 1331 1317
1334 1333 4
1336 1335 1303
1338 1337 6
1340 1339 1271
1342 1341 3
1344 1149 939
1346 1345 11
1348 637 629
1350 1349 10
1352 1351 1347
1354 1353 9
1356 1037 165
1358 1357 13
1360 1359 629
1362 1361 11
1364 1133 1067
1366 1365 10
1368 1367 1363
1370 1369 8
1372 1371 1355
1374 794 2
1376 1374 1373
1378 1377 1343
1380 725 277
1382 1381 11
1384 1383 291
1386 1385 9
1388 805 107
1390 1389 13
1392 1391 303
1394 1393 11
1396 1395 403
1398 1397 8
1400 1399 1387
1402 1401 4
1404 1403 273
1406 1405 7
1408 340 10
1410 591 165
1412 1411 754
1414 1413 1409
1416 1415 9
1418 591 299
1420 1419 13
1422 1421 361
1424 1423 11
1426 1425 373
1428 1427 8
1430 1429 1417
1432 1431 5
1434 591 279
1436 1435 13
1438 1437 951
1440 1439 11
1442 281 13
1444 1443 843
1446 1445 10
1448 1447 1441
1450 1449 9
1452 1391 1305
1454 1453 11
1456 1443 369
1458 1457 10
1460 1459 1455
1462 1461 8
1464 1463 1451
1466 1465 4
1468 1467 1433
1470 1469 6
1472 1471 1407
1474 1473 3
1476 701 107
1478 1477 10
1480 1479 905
1482 1480 101
1484 1483 9
1486 701 123
1488 1487 11
1490 1273 97
1492 1491 10
1494 1493 1489
1496 1495 8
1498 1497 1485
1500 1499 134
1502 387 174
1504 1503 937
1506 1505 9
1508 681 147
1510 1509 11
1512 1511 155
1514 1513 8
1516 1515 1507
1518 1517 5
1520 835 147
1522 1521 11
1524 1273 383
1526 1525 10
1528 1527 1523
1530 1529 9
1532 771 95
1534 1533 13
1536 1535 835
1538 1537 11
1540 1539 1493
1542 1541 8
1544 1543 1531
1546 1545 4
1548 1547 1519
1550 1549 6
1552 1551 1501
1554 1553 3
1556 529 509
1558 505 445
1560 1559 447
1562 1560 515
1564 418 223
1566 419 222
1568 1567 1565
1570 1569 34
1572 5 3
1574 1572 7
1576 1574 1564
1578 1576 64
1580 1579 1571
1582 504 43
1584 1582 41
1586 1585 1569
1588 1574 66
1590 7 3
1592 1590 68
1594 1593 1589
1596 1595 1569
1598 1576 32
1600 1599 1597
1602 1600 1587
1604 1602 1580
1606 1559 479
1608 1606 481
1610 71 37
1612 1611 5
1614 1613 73
1616 1615 1590
1618 1584 39
1620 1618 1617
1622 1621 1564
1624 1583 223
1626 1625 483
1628 540 507
1630 1629 471
1632 504 31
1634 1633 540
1636 1635 543
1638 532 507
1640 491 467
1642 1640 1639
1644 1632 51
1646 1645 532
1648 1633 419
1650 1649 517
1652 419 26
1654 1653 525
1656 1654 1650
1658 454 222
1660 1658 459
1662 55 47
1664 1662 1632
1666 1665 454
1668 1667 1661
1670 428 222
1672 85 59
1674 1673 1670
1676 1645 428
1678 1677 433
1680 1678 1675
1682 1569 421
1684 223 3
1686 1685 1567
1688 1687 62
1690 1689 427
1692 65 33
1694 1693 1566
1696 1564 4
1698 1697 1659
1700 1699 66
1702 1696 1693
1704 1703 1701
1706 1564 6
1708 1707 1671
1710 1709 68
1712 1572 6
1714 1712 66
1716 1714 1569
1718 1712 1564
1720 1718 1693
1722 1721 1717
1724 1722 1711
1726 1696 1611
1728 1706 72
1730 1718 1611
1732 1731 1729
1734 1699 469
1736 77 49
1738 1737 1709
1740 511 442
1742 1566 511
1744 1743 439
1746 495 463
i0 c
i1 b
i2 a
o0 p1
o1 p2
o2 p0
{"is_completed":true,"output_vars":["p2","p1","p0"],"input_vars":["c","b","a"],"formula":"((G (((((p0) && (! (p1))) && (! (p2))) || (((! (p0)) && (p1)) && (! (p2)))) || (((! (p0)) && (! (p1))) && (p2)))) && ((((F (G (a))) || (F (G (b)))) || (G (F (c)))) <-> ((G (F (p0))) || ((G (F (p1))) && (! (G (F (p2))))))))","total_time":244,"automaton":{"is_built":true,"build_duration":6,"total_states":32,"state_based_status":"true","prune_automaton_duration":0,"pruned_state_based_status":"true","prune_total_states":32,"total_edges":106},"dependency":{"dependency_approach":"automaton","tested_dependencies":[{"name":"p0","duration":3,"is_dependent":true,"tested_dependency_set":["c","b","a","p2","p1"]},{"name":"p1","duration":0,"is_dependent":false,"tested_dependency_set":["c","b","a","p2"]},{"name":"p2","duration":0,"is_dependent":false,"tested_dependency_set":["c","b","a","p1"]}],"total_duration":6,"is_completed":true,"skipped_dependencies":false,"total_pair_state":445,"search_pair_state_duration":2},"unate":{"skipped_unate":true},"synthesis":{"remove_dependent_ap_duration":0,"clone_nba_with_dep":0,"synthesis_dependents_duration":1,"model_checking_status":"UNKNOWN","merge_strategies_duration":182,"final_strategy":{"duration":1,"total_inputs":5,"total_outputs":1,"total_latches":32,"total_gates":283},"independent_strategy":{"duration":47,"realizability":"REALIZABLE","total_inputs":3,"total_outputs":2,"total_latches":6,"total_gates":708},"dependent_strategy":{"duration":1,"total_inputs":5,"total_outputs":1,"total_latches":32,"total_gates":283}}}
