Hierarchy reader flattened 2 instances of logic boxes and left 0 black boxes.
aag 70 2 13 2 55
2
4
6 101
8 99
10 1
12 51
14 111
16 117
18 120
20 129
22 80
24 134
26 104
28 138
30 140
36
93
32 5 3
34 8 6
36 34 32
38 27 17
40 39 4
42 33 20
44 14 2
46 45 43
48 46 41
50 13 10
52 51 37
54 16 5
56 55 31
58 57 33
60 59 53
62 60 48
64 50 29
66 64 27
68 37 5
70 68 67
72 22 2
74 37 24
76 75 73
78 23 15
80 79 3
82 55 29
84 82 81
86 85 37
88 87 76
90 88 71
92 90 62
94 32 8
96 6 5
98 97 9
100 99 95
102 65 5
104 39 5
106 105 45
108 106 103
110 108 76
112 37 28
114 50 41
116 114 113
118 50 19
120 119 36
122 5 2
124 122 67
126 59 43
128 126 125
130 79 2
132 131 25
134 133 36
136 41 29
138 137 36
140 42 36
i0 b
i1 a
o0 p1
o1 p0
{"is_completed":true,"output_vars":["p1","p0"],"input_vars":["b","a"],"formula":"((G ((p0) <-> (! (p1)))) && ((F (G (((F (a)) || (G (F (b)))) || (F (G ((a) || (b))))))) <-> (G (F (p0)))))","total_time":89,"automaton":{"is_built":true,"build_duration":1,"total_states":10,"state_based_status":"true","prune_automaton_duration":0,"pruned_state_based_status":"true","prune_total_states":10,"total_edges":32},"dependency":{"dependency_approach":"automaton","tested_dependencies":[{"name":"p0","duration":0,"is_dependent":true,"tested_dependency_set":["b","a","p1"]},{"name":"p1","duration":0,"is_dependent":false,"tested_dependency_set":["b","a"]}],"total_duration":0,"is_completed":true,"skipped_dependencies":false,"total_pair_state":53,"search_pair_state_duration":0},"unate":{"skipped_unate":true},"synthesis":{"remove_dependent_ap_duration":0,"clone_nba_with_dep":0,"synthesis_dependents_duration":0,"model_checking_status":"UNKNOWN","merge_strategies_duration":81,"final_strategy":{"duration":0,"total_inputs":3,"total_outputs":1,"total_latches":10,"total_gates":89},"independent_strategy":{"duration":4,"realizability":"REALIZABLE","total_inputs":2,"total_outputs":1,"total_latches":2,"total_gates":14},"dependent_strategy":{"duration":0,"total_inputs":3,"total_outputs":1,"total_latches":10,"total_gates":89}}}
