Hierarchy reader flattened 2 instances of logic boxes and left 0 black boxes.
aag 1089 3 72 3 1014
2
4
6
8 1209
10 1311
12 1419
14 1503
16 1555
18 1
20 0
22 1062
24 1560
26 1562
28 1583
30 1603
32 1631
34 1572
36 1592
38 1626
40 1635
42 1639
44 1643
46 1633
48 1637
50 1641
52 1655
54 1671
56 1683
58 1691
60 1705
62 1711
64 1715
66 1721
68 1727
70 1733
72 1749
74 1759
76 1763
78 1769
80 1773
82 1785
84 1805
86 1813
88 1825
90 1853
92 1873
94 1899
96 1931
98 1949
100 1963
102 1985
104 2001
106 2007
108 2017
110 2029
112 2053
114 2089
116 2105
118 2110
120 2116
122 2127
124 2133
126 2139
128 2144
130 2146
132 2148
134 2154
136 2156
138 876
140 2158
142 2160
144 2164
146 2171
148 2177
150 2178
259
427
1083
152 17 14
154 152 11
156 16 15
158 157 153
160 159 13
162 152 12
164 163 161
166 165 10
168 167 155
170 169 9
172 162 11
174 152 10
176 175 173
178 177 8
180 179 171
182 181 7
184 156 13
186 185 163
188 187 11
190 188 9
192 11 9
194 193 152
196 195 191
198 197 6
200 199 183
202 201 3
204 184 10
206 205 155
208 207 9
210 172 8
212 211 209
214 213 7
216 154 8
218 217 191
220 219 6
222 221 215
224 223 2
226 225 203
228 227 5
230 152 13
232 230 11
234 232 8
236 192 184
238 237 235
240 239 6
242 233 205
244 9 7
246 244 243
248 162 10
250 248 3
252 251 247
254 252 241
256 255 4
258 257 229
260 15 12
262 261 185
264 263 11
266 17 15
268 266 10
270 269 265
272 271 9
274 16 14
276 275 13
278 266 12
280 279 277
282 281 11
284 15 13
286 285 279
288 287 10
290 289 283
292 291 8
294 293 273
296 295 7
298 287 193
300 261 231
302 301 11
304 302 9
306 305 299
308 307 6
310 309 297
312 311 3
314 279 185
316 315 11
318 266 13
320 17 12
322 321 319
324 323 10
326 325 317
328 327 9
330 289 233
332 331 8
334 333 329
336 335 7
338 284 10
340 279 233
342 341 9
344 343 339
346 345 6
348 347 337
350 349 2
352 351 313
354 353 5
356 275 12
358 357 185
360 359 11
362 360 9
364 269 235
366 364 363
368 367 7
370 339 303
372 371 9
374 268 8
376 375 373
378 377 6
380 379 369
382 381 3
384 321 285
386 385 11
388 17 10
390 389 387
392 391 9
394 17 13
396 395 279
398 397 11
400 399 269
402 401 8
404 403 393
406 405 7
408 399 339
410 409 9
412 318 8
414 413 411
416 415 6
418 417 407
420 419 2
422 421 383
424 423 4
426 425 355
428 426 3
430 428 258
432 258 3
434 428 259
436 435 433
438 437 48
440 437 42
442 441 439
444 443 430
446 426 258
448 5 2
450 448 446
452 427 259
454 453 448
456 454 64
458 454 22
460 459 457
462 461 450
464 463 445
466 7 4
468 466 446
470 466 258
472 470 56
474 473 53
476 475 468
478 258 4
480 478 426
482 480 110
484 6 3
486 484 4
488 486 446
490 488 22
492 491 483
494 7 2
496 494 446
498 494 258
500 498 108
502 500 496
504 426 6
506 504 478
508 6 4
510 508 258
512 109 69
514 513 510
516 514 506
518 517 503
520 518 492
522 520 477
524 522 464
526 426 2
528 258 6
530 528 526
532 6 2
534 532 258
536 534 72
538 536 530
540 494 5
542 540 446
544 542 66
546 545 539
548 526 478
550 4 2
552 550 258
554 552 66
556 554 548
558 510 66
560 558 506
562 561 557
564 562 546
566 528 428
568 484 258
570 568 74
572 570 566
574 486 258
576 574 78
578 576 488
580 579 573
582 552 78
584 582 548
586 478 428
588 4 3
590 588 258
592 590 80
594 592 586
596 595 585
598 596 580
600 598 564
602 534 74
604 602 530
606 532 4
608 606 258
610 608 78
612 610 426
614 613 605
616 498 80
618 616 496
620 568 84
622 620 566
624 623 619
626 624 614
628 116 6
630 629 73
632 631 426
634 632 258
636 635 626
638 636 600
640 426 5
642 640 124
644 428 126
646 645 643
648 647 258
650 534 84
652 650 530
654 653 649
656 21 18
658 657 453
660 658 488
662 542 26
664 663 661
666 664 654
668 453 100
670 668 446
672 552 80
674 672 548
676 675 671
678 453 44
680 678 446
682 258 5
684 682 428
686 5 3
688 686 258
690 688 24
692 690 684
694 693 681
696 694 676
698 696 666
700 688 26
702 700 684
704 448 258
706 704 26
708 706 450
710 709 703
712 526 258
714 258 2
716 714 74
718 716 712
720 432 74
722 720 430
724 723 719
726 724 710
728 704 24
730 728 450
732 542 24
734 733 731
736 590 24
738 736 586
740 552 24
742 740 548
744 743 739
746 744 734
748 746 726
750 748 698
752 750 638
754 752 524
756 588 453
758 756 76
760 758 586
762 550 453
764 762 76
766 764 548
768 767 761
770 494 453
772 770 76
774 772 496
776 484 453
778 566 82
780 778 776
782 781 775
784 782 768
786 640 258
788 640 259
790 789 683
792 791 46
794 792 786
796 566 70
798 796 776
800 799 795
802 453 2
804 802 70
806 804 712
808 532 453
810 808 70
812 810 530
814 813 807
816 814 800
818 816 784
820 453 4
822 820 106
824 822 480
826 762 64
828 826 548
830 802 106
832 830 712
834 833 829
836 834 825
838 808 82
840 838 530
842 791 657
844 842 786
846 845 841
848 657 437
850 848 430
852 453 88
854 93 91
856 855 258
858 857 853
860 859 446
862 861 851
864 862 846
866 864 836
868 866 818
870 426 7
872 870 258
874 139 97
876 875 872
878 504 258
880 141 113
882 881 878
884 883 877
886 137 95
888 887 872
890 101 99
892 891 7
894 105 103
896 69 65
898 896 894
900 898 893
902 901 446
904 903 889
906 904 884
908 258 7
910 908 640
912 7 5
914 912 258
916 914 56
918 916 910
920 590 26
922 920 586
924 923 919
926 924 906
928 453 106
930 929 109
932 931 446
934 878 142
936 81 79
938 67 59
940 938 936
942 114 6
944 63 61
946 944 943
948 946 940
950 108 4
952 951 948
954 111 77
956 954 129
958 68 2
960 959 656
962 960 956
964 962 952
966 965 446
968 967 935
970 968 933
972 970 926
974 914 54
976 974 910
978 470 54
980 978 468
982 981 977
984 568 86
986 984 566
988 534 86
990 988 530
992 991 987
994 992 982
996 574 26
998 996 488
1000 552 26
1002 1000 548
1004 1003 999
1006 574 24
1008 1006 488
1010 453 50
1012 1010 446
1014 1013 1009
1016 1014 1004
1018 1016 994
1020 1018 972
1022 912 453
1024 1022 52
1026 1024 910
1028 508 453
1030 1028 64
1032 1030 506
1034 1033 1027
1036 437 70
1038 1036 430
1040 791 40
1042 1040 786
1044 1043 1039
1046 1044 1034
1048 586 22
1050 1048 756
1052 656 23
1054 1053 762
1056 1054 548
1058 1057 1051
1060 686 453
1062 1060 1053
1064 1062 684
1066 540 453
1068 1066 22
1070 1068 542
1072 1071 1065
1074 1072 1058
1076 1074 1046
1078 1076 1020
1080 1078 868
1082 1080 754
1084 156 12
1086 1085 319
1088 1087 11
1090 1089 175
1092 1091 9
1094 389 14
1096 261 8
1098 1096 1095
1100 1099 1093
1102 1101 7
1104 159 12
1106 1105 319
1108 1107 11
1110 230 10
1112 278 10
1114 1113 1111
1116 1114 1109
1118 1117 9
1120 281 10
1122 1121 387
1124 1123 8
1126 1125 1119
1128 1127 6
1130 1129 1103
1132 1131 3
1134 204 8
1136 1134 7
1138 1104 11
1140 320 10
1142 1141 1139
1144 1143 9
1146 321 185
1148 10 8
1150 1148 1147
1152 1151 211
1154 1152 1145
1156 1155 6
1158 1157 1137
1160 1159 2
1162 1161 1133
1164 1163 5
1166 287 11
1168 395 163
1170 1169 10
1172 1171 1167
1174 1173 8
1176 1175 1093
1178 1177 7
1180 1179 1129
1182 1181 3
1184 388 285
1186 1185 1139
1188 1187 9
1190 1147 11
1192 321 161
1194 1193 10
1196 1195 1191
1198 1197 8
1200 1199 1189
1202 1201 532
1204 1203 1183
1206 1205 4
1208 1207 1165
1210 321 277
1212 1211 10
1214 1213 387
1216 1215 8
1218 1217 1093
1220 1219 7
1222 1111 1089
1224 1223 9
1226 397 10
1228 1227 1167
1230 1229 8
1232 1231 1225
1234 1233 6
1236 1235 1221
1238 1237 3
1240 1084 11
1242 1240 9
1244 189 167
1246 1245 8
1248 1247 1243
1250 1249 494
1252 1251 1239
1254 1253 4
1256 1148 152
1258 1257 1243
1260 1259 7
1262 15 9
1264 1263 386
1266 14 10
1268 1267 1263
1270 1269 394
1272 1271 1265
1274 1272 1261
1276 1275 2
1278 1191 325
1280 1279 8
1282 248 9
1284 1283 1281
1286 1285 7
1288 318 10
1290 1289 1139
1292 1291 9
1294 1191 269
1296 8 6
1298 1296 1295
1300 1299 1293
1302 1300 1287
1304 1303 3
1306 1305 1277
1308 1307 5
1310 1309 1255
1312 11 8
1314 1312 1169
1316 1315 1213
1318 1316 363
1320 1319 7
1322 385 10
1324 394 11
1326 1324 8
1328 1327 1323
1330 1328 1243
1332 1331 6
1334 1333 1321
1336 1335 3
1338 1323 1191
1340 1339 9
1342 289 155
1344 1343 8
1346 1345 1341
1348 1347 7
1350 288 9
1352 339 233
1354 1353 8
1356 1355 1351
1358 1357 6
1360 1359 1349
1362 1361 2
1364 1363 1337
1366 1365 5
1368 325 233
1370 1369 8
1372 1323 361
1374 1373 244
1376 339 249
1378 1376 1241
1380 9 6
1382 1380 1379
1384 1383 1375
1386 1384 1371
1388 1387 3
1390 1215 9
1392 1391 403
1394 1393 7
1396 318 11
1398 1397 339
1400 1399 9
1402 1325 1289
1404 1403 8
1406 1405 1401
1408 1407 6
1410 1409 1395
1412 1411 2
1414 1413 1389
1416 1415 4
1418 1417 1367
1420 261 161
1422 1421 11
1424 1423 1113
1426 1425 1380
1428 315 8
1430 1112 9
1432 1431 1243
1434 1433 7
1436 1435 1429
1438 1436 1427
1440 1439 3
1442 1431 1135
1444 1443 7
1446 1423 1141
1448 1447 9
1450 1449 1151
1452 1451 6
1454 1453 1445
1456 1455 2
1458 1457 1441
1460 1459 5
1462 1112 8
1464 1463 1243
1466 1465 7
1468 357 161
1470 1469 11
1472 1471 1113
1474 1473 9
1476 315 10
1478 1477 173
1480 1479 8
1482 1481 1475
1484 1483 6
1486 1485 1467
1488 1487 3
1490 1471 1185
1492 1491 9
1494 1493 1199
1496 1495 532
1498 1497 1489
1500 1499 4
1502 1501 1461
1504 232 9
1506 1504 7
1508 177 6
1510 1509 1507
1512 1511 3
1514 248 8
1516 1085 231
1518 1517 192
1520 1519 1515
1522 1521 7
1524 172 6
1526 1525 1523
1528 1527 2
1530 1529 1513
1532 1531 5
1534 248 6
1536 1135 211
1538 1536 1505
1540 1539 7
1542 1541 1535
1544 1543 3
1546 1519 1247
1548 1547 494
1550 1549 1545
1552 1551 4
1554 1553 1533
1556 656 27
1558 1556 25
1560 1559 688
1562 1557 1060
1564 682 427
1566 1565 789
1568 47 35
1570 1568 656
1572 1571 1567
1574 1567 40
1576 131 29
1578 1577 788
1580 1579 1575
1582 1580 1573
1584 432 427
1586 1585 435
1588 49 37
1590 1588 656
1592 1591 1587
1594 1587 42
1596 133 31
1598 1597 434
1600 1599 1595
1602 1600 1593
1604 870 259
1606 908 427
1608 1607 1605
1610 149 33
1612 1611 1609
1614 427 258
1616 426 259
1618 1617 1615
1620 1619 44
1622 51 39
1624 1622 656
1626 1625 1619
1628 1627 1621
1630 1628 1613
1632 843 793
1634 1632 1041
1636 849 439
1638 1636 441
1640 1011 659
1642 1640 679
1644 59 53
1646 1645 1022
1648 656 65
1650 1648 23
1652 1651 1066
1654 1653 1647
1656 69 67
1658 1656 1558
1660 1659 540
1662 1660 258
1664 57 55
1666 1664 944
1668 1667 914
1670 1669 1663
1672 63 57
1674 1673 1022
1676 69 27
1678 1676 656
1680 1679 1066
1682 1681 1675
1684 1053 454
1686 791 58
1688 1687 457
1690 1688 1685
1692 704 657
1694 1693 729
1696 945 682
1698 1676 67
1700 1699 704
1702 1701 1697
1704 1702 1694
1706 791 62
1708 1679 454
1710 1709 1707
1712 791 64
1714 1713 1685
1716 1657 682
1718 1717 707
1720 1718 1694
1722 791 68
1724 1557 454
1726 1725 1723
1728 1053 756
1730 1037 759
1732 1730 1729
1734 657 590
1736 1735 737
1738 75 73
1740 1739 432
1742 936 27
1744 1743 590
1746 1745 1741
1748 1746 1736
1750 1557 756
1752 437 74
1754 756 80
1756 1755 1753
1758 1756 1751
1760 437 76
1762 1761 1729
1764 937 432
1766 1765 921
1768 1766 1736
1770 437 80
1772 1771 1751
1774 83 71
1776 1775 776
1778 486 453
1780 1052 77
1782 1781 1778
1784 1783 1777
1786 87 75
1788 85 73
1790 1788 1786
1792 1791 568
1794 656 81
1796 1794 79
1798 27 25
1800 1798 1796
1802 1801 574
1804 1803 1793
1806 1794 27
1808 1807 1778
1810 1787 776
1812 1811 1809
1814 1055 853
1816 805 765
1818 820 64
1820 1819 823
1822 1820 1816
1824 1822 1814
1826 657 552
1828 1827 741
1830 478 66
1832 1831 1001
1834 1832 1828
1836 111 109
1838 1836 69
1840 1839 478
1842 1739 714
1844 937 552
1846 1845 857
1848 1846 1843
1850 1848 1841
1852 1850 1834
1854 762 80
1856 453 92
1858 1857 1855
1860 111 69
1862 1861 820
1864 1557 762
1866 802 74
1868 1867 1865
1870 1868 1863
1872 1870 1858
1874 466 453
1876 1874 1645
1878 1605 909
1880 1879 100
1882 770 106
1884 1883 1881
1886 1884 1877
1888 802 466
1890 1052 65
1892 1891 1888
1894 889 773
1896 1894 1893
1898 1896 1886
1900 1658 944
1902 1901 4
1904 111 79
1906 1904 1903
1908 945 4
1910 1909 3
1912 1911 1907
1914 894 99
1916 1914 1913
1918 1917 908
1920 501 473
1922 1920 1919
1924 1606 875
1926 979 617
1928 1926 1925
1930 1928 1922
1932 1888 1679
1934 1874 1673
1936 105 99
1938 1937 1879
1940 111 81
1942 1941 770
1944 1943 1939
1946 1944 1935
1948 1946 1933
1950 1055 669
1952 831 827
1954 820 58
1956 802 76
1958 1957 1955
1960 1958 1952
1962 1960 1950
1964 1837 714
1966 945 478
1968 1967 1965
1970 937 714
1972 1657 552
1974 1973 1971
1976 1974 1968
1978 895 258
1980 1979 1001
1982 1980 1828
1984 1982 1976
1986 453 104
1988 1987 1865
1990 1941 802
1992 820 62
1994 762 68
1996 1995 1993
1998 1996 1991
2000 1998 1988
2002 1055 929
2004 1957 1819
2006 2004 2002
2008 478 68
2010 1837 258
2012 2011 2009
2014 2012 1971
2016 2014 1834
2018 453 110
2020 2019 1865
2022 802 80
2024 820 68
2026 2025 2023
2028 2026 2020
2030 504 259
2032 2031 529
2034 2033 88
2036 606 453
2038 2036 1781
2040 1028 106
2042 2041 2039
2044 2042 2035
2046 1031 883
2048 839 811
2050 2048 2046
2052 2050 2044
2054 1739 534
2056 1836 1656
2058 2057 510
2060 2059 2055
2062 855 528
2064 1558 81
2066 2065 608
2068 2067 2063
2070 2068 2060
2072 528 427
2074 143 115
2076 2075 2072
2078 989 651
2080 528 116
2082 2081 611
2084 2082 2078
2086 2084 2077
2088 2086 2070
2090 2036 1807
2092 1861 1028
2094 2093 2091
2096 1787 808
2098 117 93
2100 2099 2033
2102 2101 2097
2104 2102 2094
2106 125 119
2108 2106 1570
2110 2109 788
2112 127 121
2114 2112 1590
2116 2115 434
2118 151 123
2120 2119 1604
2122 1624 129
2124 2123 1616
2126 2125 2121
2128 656 47
2130 2129 640
2132 2131 643
2134 656 49
2136 2135 428
2138 2137 645
2140 129 51
2142 2140 656
2144 2143 426
2146 1577 1564
2148 1597 1584
2150 2073 2031
2152 1610 135
2154 2153 2151
2156 1609 887
2158 2151 881
2160 2075 878
2162 2118 145
2164 2163 2030
2166 1606 134
2168 1614 146
2170 2169 2167
2172 1604 134
2174 1616 146
2176 2175 2173
2178 1604 144
i0 c
i1 b
i2 a
o0 p1
o1 p2
o2 p0
{"is_completed":true,"output_vars":["p2","p1","p0"],"input_vars":["c","b","a"],"formula":"((G (((((p0) && (! (p1))) && (! (p2))) || (((! (p0)) && (p1)) && (! (p2)))) || (((! (p0)) && (! (p1))) && (p2)))) && (((((F ((b) && (F (G (a))))) || (F ((c) && (F (G (! (a))))))) && (F (b))) && (F (c))) <-> ((G (F (p0))) || ((G (F (p2))) && (! (G (F (p1))))))))","total_time":296,"automaton":{"is_built":true,"build_duration":10,"total_states":66,"state_based_status":"true","prune_automaton_duration":0,"pruned_state_based_status":"true","prune_total_states":66,"total_edges":334},"dependency":{"dependency_approach":"automaton","tested_dependencies":[{"name":"p0","duration":18,"is_dependent":true,"tested_dependency_set":["c","b","a","p2","p1"]},{"name":"p1","duration":0,"is_dependent":false,"tested_dependency_set":["c","b","a","p2"]},{"name":"p2","duration":0,"is_dependent":false,"tested_dependency_set":["c","b","a","p1"]}],"total_duration":32,"is_completed":true,"skipped_dependencies":false,"total_pair_state":1073,"search_pair_state_duration":13},"unate":{"skipped_unate":true},"synthesis":{"remove_dependent_ap_duration":0,"clone_nba_with_dep":0,"synthesis_dependents_duration":2,"model_checking_status":"UNKNOWN","merge_strategies_duration":222,"final_strategy":{"duration":2,"total_inputs":5,"total_outputs":1,"total_latches":66,"total_gates":984},"independent_strategy":{"duration":26,"realizability":"REALIZABLE","total_inputs":3,"total_outputs":2,"total_latches":5,"total_gates":423},"dependent_strategy":{"duration":2,"total_inputs":5,"total_outputs":1,"total_latches":66,"total_gates":984}}}
