Hierarchy reader flattened 2 instances of logic boxes and left 0 black boxes.
aag 166 3 26 2 137
2
4
6
8 107
10 63
12 1
14 0
16 155
18 193
20 205
22 215
24 233
26 239
28 244
30 259
32 265
34 275
36 279
38 284
40 297
42 303
44 313
46 317
48 322
50 324
52 326
54 328
56 330
58 332
67
104
60 5 3
62 11 2
64 63 8
66 65 61
68 45 35
70 68 47
72 51 37
74 27 25
76 74 72
78 76 70
80 57 29
82 81 2
84 26 5
86 85 23
88 86 83
90 59 39
92 91 4
94 15 12
96 95 61
98 97 93
100 98 88
102 100 78
104 103 66
106 9 4
108 67 5
110 108 42
112 67 3
114 35 31
116 115 112
118 67 7
120 53 17
122 121 118
124 123 117
126 124 111
128 108 46
130 60 48
132 131 129
134 27 21
136 135 108
138 67 22
140 60 32
142 94 72
144 143 60
146 145 141
148 146 139
150 148 137
152 150 132
154 152 126
156 135 112
158 67 24
160 159 157
162 47 43
164 94 51
166 164 49
168 166 162
170 169 60
172 67 6
174 55 19
176 175 172
178 177 171
180 45 41
182 181 108
184 37 33
186 185 112
188 187 183
190 188 178
192 190 160
194 135 67
196 165 60
198 197 195
200 198 111
202 200 187
204 202 132
206 34 3
208 46 5
210 209 207
212 210 86
214 212 145
216 60 46
218 26 3
220 219 25
222 36 3
224 44 5
226 225 223
228 226 220
230 228 217
232 230 197
234 209 27
236 234 223
238 236 197
240 81 66
242 241 94
244 243 2
246 67 2
248 246 115
250 5 2
252 250 67
254 184 166
256 255 252
258 257 249
260 246 185
262 252 167
264 263 261
266 250 165
268 34 2
270 250 36
272 271 269
274 272 267
276 36 2
278 277 267
280 91 66
282 281 94
284 283 4
286 67 4
288 286 181
290 4 3
292 290 67
294 292 169
296 295 289
298 286 163
300 292 167
302 301 299
304 290 165
306 44 4
308 290 46
310 309 307
312 310 305
314 46 4
316 315 305
318 4 2
320 318 67
322 320 167
324 318 165
326 172 121
328 175 118
330 246 81
332 286 91
i0 c
i1 b
i2 a
o0 p1
o1 p0
{"is_completed":true,"output_vars":["p1","p0"],"input_vars":["c","b","a"],"formula":"((G ((p0) <-> (! (p1)))) && (((((G ((b) || (F (G (a))))) && (G ((c) || (F (G (! (a))))))) || (G (b))) || (G (c))) <-> (G (F (p0)))))","total_time":106,"automaton":{"is_built":true,"build_duration":5,"total_states":23,"state_based_status":"true","prune_automaton_duration":0,"pruned_state_based_status":"true","prune_total_states":23,"total_edges":113},"dependency":{"dependency_approach":"automaton","tested_dependencies":[{"name":"p0","duration":1,"is_dependent":true,"tested_dependency_set":["c","b","a","p1"]},{"name":"p1","duration":0,"is_dependent":false,"tested_dependency_set":["c","b","a"]}],"total_duration":2,"is_completed":true,"skipped_dependencies":false,"total_pair_state":89,"search_pair_state_duration":0},"unate":{"skipped_unate":true},"synthesis":{"remove_dependent_ap_duration":0,"clone_nba_with_dep":0,"synthesis_dependents_duration":0,"model_checking_status":"UNKNOWN","merge_strategies_duration":95,"final_strategy":{"duration":0,"total_inputs":4,"total_outputs":1,"total_latches":23,"total_gates":246},"independent_strategy":{"duration":3,"realizability":"REALIZABLE","total_inputs":3,"total_outputs":1,"total_latches":2,"total_gates":10},"dependent_strategy":{"duration":0,"total_inputs":4,"total_outputs":1,"total_latches":23,"total_gates":246}}}
