Hierarchy reader flattened 2 instances of logic boxes and left 0 black boxes.
aag 58 2 12 2 44
2
4
6 65
8 70
10 1
12 0
14 85
16 42
18 86
20 37
22 98
24 108
26 114
28 116
32
54
30 6 3
32 30 9
34 13 10
36 34 21
38 37 5
40 39 17
42 41 3
44 27 23
46 29 25
48 46 44
50 48 36
52 50 43
54 53 33
56 32 4
58 5 3
60 8 6
62 61 58
64 63 57
66 9 2
68 67 6
70 69 59
72 32 3
74 17 15
76 75 72
78 58 32
80 36 19
82 81 78
84 83 77
86 81 32
88 47 5
90 89 23
92 91 32
94 35 5
96 95 93
98 97 3
100 47 33
102 45 2
104 103 34
106 104 101
108 107 59
110 91 33
112 111 27
114 113 3
116 56 47
i0 b
i1 a
o0 p1
o1 p0
{"is_completed":true,"output_vars":["p1","p0"],"input_vars":["b","a"],"formula":"((G ((p0) <-> (! (p1)))) && ((G ((a) || (F (b)))) <-> (G (F (p0)))))","total_time":86,"automaton":{"is_built":true,"build_duration":1,"total_states":9,"state_based_status":"true","prune_automaton_duration":0,"pruned_state_based_status":"true","prune_total_states":9,"total_edges":29},"dependency":{"dependency_approach":"automaton","tested_dependencies":[{"name":"p0","duration":0,"is_dependent":true,"tested_dependency_set":["b","a","p1"]},{"name":"p1","duration":0,"is_dependent":false,"tested_dependency_set":["b","a"]}],"total_duration":0,"is_completed":true,"skipped_dependencies":false,"total_pair_state":27,"search_pair_state_duration":0},"unate":{"skipped_unate":true},"synthesis":{"remove_dependent_ap_duration":0,"clone_nba_with_dep":0,"synthesis_dependents_duration":0,"model_checking_status":"UNKNOWN","merge_strategies_duration":81,"final_strategy":{"duration":0,"total_inputs":3,"total_outputs":1,"total_latches":9,"total_gates":77},"independent_strategy":{"duration":2,"realizability":"REALIZABLE","total_inputs":2,"total_outputs":1,"total_latches":2,"total_gates":13},"dependent_strategy":{"duration":0,"total_inputs":3,"total_outputs":1,"total_latches":9,"total_gates":77}}}
