Hierarchy reader flattened 2 instances of logic boxes and left 0 black boxes.
aag 65 3 12 2 50
2
4
6
8 95
10 1
12 0
14 104
16 106
18 111
20 51
22 119
24 123
26 124
28 130
30 73
34
91
32 4 2
34 33 8
36 35 33
38 33 18
40 33 22
42 41 39
44 43 36
46 33 30
48 13 10
50 48 21
52 50 47
54 53 35
56 33 7
58 56 35
60 56 24
62 60 58
64 63 55
66 64 45
68 36 28
70 58 26
72 71 69
74 27 25
76 75 35
78 76 57
80 29 23
82 80 31
84 83 32
86 85 79
88 86 72
90 88 66
92 34 6
94 93 57
96 50 17
98 97 56
100 19 15
102 100 99
104 103 34
106 97 34
108 56 51
110 109 39
112 56 49
114 47 41
116 114 61
118 116 113
120 57 49
122 121 86
124 92 75
126 56 26
128 127 29
130 129 34
i0 c
i1 b
i2 a
o0 p1
o1 p0
{"is_completed":true,"output_vars":["p1","p0"],"input_vars":["c","b","a"],"formula":"((G ((p0) <-> (! (p1)))) && ((G ((a) || (F ((b) && (c))))) <-> (G (F (p0)))))","total_time":112,"automaton":{"is_built":true,"build_duration":2,"total_states":10,"state_based_status":"true","prune_automaton_duration":0,"pruned_state_based_status":"true","prune_total_states":10,"total_edges":32},"dependency":{"dependency_approach":"automaton","tested_dependencies":[{"name":"p0","duration":0,"is_dependent":true,"tested_dependency_set":["c","b","a","p1"]},{"name":"p1","duration":0,"is_dependent":false,"tested_dependency_set":["c","b","a"]}],"total_duration":0,"is_completed":true,"skipped_dependencies":false,"total_pair_state":30,"search_pair_state_duration":0},"unate":{"skipped_unate":true},"synthesis":{"remove_dependent_ap_duration":0,"clone_nba_with_dep":0,"synthesis_dependents_duration":0,"model_checking_status":"UNKNOWN","merge_strategies_duration":105,"final_strategy":{"duration":0,"total_inputs":4,"total_outputs":1,"total_latches":10,"total_gates":84},"independent_strategy":{"duration":2,"realizability":"REALIZABLE","total_inputs":3,"total_outputs":1,"total_latches":1,"total_gates":8},"dependent_strategy":{"duration":0,"total_inputs":4,"total_outputs":1,"total_latches":10,"total_gates":84}}}
