Hierarchy reader flattened 2 instances of logic boxes and left 0 black boxes.
aag 31 2 8 2 21
2
4
6 44
8 46
10 1
12 31
14 55
16 58
18 60
20 62
26
36
22 5 3
24 8 7
26 24 22
28 19 15
30 13 10
32 30 21
34 32 28
36 35 27
38 8 6
40 9 7
42 41 22
44 43 39
46 42 39
48 27 20
50 29 23
52 51 30
54 52 49
56 30 17
58 57 26
60 29 22
62 26 20
i0 b
i1 a
o0 p1
o1 p0
{"is_completed":true,"output_vars":["p1","p0"],"input_vars":["b","a"],"formula":"((G ((p0) <-> (! (p1)))) && ((G (F ((a) || (b)))) <-> (G (F (p0)))))","total_time":95,"automaton":{"is_built":true,"build_duration":1,"total_states":5,"state_based_status":"true","prune_automaton_duration":0,"pruned_state_based_status":"true","prune_total_states":5,"total_edges":12},"dependency":{"dependency_approach":"automaton","tested_dependencies":[{"name":"p0","duration":0,"is_dependent":true,"tested_dependency_set":["b","a","p1"]},{"name":"p1","duration":0,"is_dependent":false,"tested_dependency_set":["b","a"]}],"total_duration":0,"is_completed":true,"skipped_dependencies":false,"total_pair_state":15,"search_pair_state_duration":0},"unate":{"skipped_unate":true},"synthesis":{"remove_dependent_ap_duration":0,"clone_nba_with_dep":0,"synthesis_dependents_duration":0,"model_checking_status":"UNKNOWN","merge_strategies_duration":92,"final_strategy":{"duration":0,"total_inputs":3,"total_outputs":1,"total_latches":5,"total_gates":30},"independent_strategy":{"duration":1,"realizability":"REALIZABLE","total_inputs":2,"total_outputs":1,"total_latches":2,"total_gates":15},"dependent_strategy":{"duration":0,"total_inputs":3,"total_outputs":1,"total_latches":5,"total_gates":30}}}
