Hierarchy reader flattened 2 instances of logic boxes and left 0 black boxes.
aag 332 2 46 3 284
2
4
6 364
8 377
10 399
12 404
14 1
16 0
18 411
20 420
22 422
24 437
26 453
28 457
30 461
32 469
34 473
36 485
38 500
40 505
42 509
44 513
46 517
48 559
50 567
52 571
54 575
56 585
58 589
60 593
62 579
64 617
66 623
68 637
70 631
72 638
74 640
76 644
78 314
80 646
82 649
84 230
86 650
88 652
90 654
92 661
94 662
96 664
137
189
339
98 13 10
100 98 8
102 100 7
104 102 5
106 8 6
108 107 98
110 11 8
112 110 13
114 112 6
116 115 109
118 117 4
120 119 105
122 121 3
124 7 5
126 6 4
128 127 125
130 98 9
132 130 2
134 132 129
136 135 123
138 100 6
140 138 4
142 11 9
144 142 12
146 145 113
148 147 7
150 13 8
152 150 6
154 153 131
156 155 5
158 157 149
160 158 141
162 161 3
164 151 131
166 165 6
168 144 7
170 169 103
172 170 167
174 173 5
176 143 12
178 177 7
180 179 153
182 181 4
184 183 175
186 185 2
188 187 163
190 188 2
192 190 136
194 136 2
196 194 40
198 190 137
200 199 195
202 201 42
204 203 197
206 205 192
208 192 44
210 188 136
212 136 34
214 212 210
216 5 2
218 216 136
220 218 188
222 220 86
224 223 215
226 224 209
228 85 39
230 229 192
232 188 5
234 232 136
236 234 28
238 237 231
240 238 226
242 189 137
244 243 216
246 244 82
248 246 220
250 4 2
252 83 81
254 252 87
256 255 250
258 23 21
260 33 31
262 260 258
264 73 19
266 47 45
268 266 264
270 268 262
272 17 14
274 273 3
276 57 43
278 75 71
280 278 276
282 280 275
284 282 270
286 284 257
288 287 210
290 81 37
292 291 220
294 250 136
296 294 188
298 296 36
300 299 293
302 300 289
304 302 249
306 304 240
308 273 201
310 308 192
312 79 27
314 313 234
316 77 25
318 317 234
320 188 68
322 61 59
324 322 63
326 324 321
328 327 210
330 329 319
332 330 315
334 332 311
336 334 306
338 336 207
340 10 6
342 341 5
344 343 3
346 126 11
348 347 345
350 349 8
352 107 10
354 352 4
356 11 7
358 356 216
360 359 13
362 360 355
364 362 351
366 124 3
368 366 150
370 13 7
372 371 153
374 373 2
376 375 369
378 106 11
380 379 353
382 381 217
384 340 216
386 4 3
388 386 8
390 389 385
392 390 383
394 393 13
396 168 4
398 397 395
400 138 3
402 401 169
404 403 5
406 265 210
408 274 243
410 409 407
412 75 21
414 413 189
416 275 23
418 416 415
420 419 136
422 417 243
424 136 5
426 232 137
428 427 425
430 429 30
432 273 244
434 433 319
436 434 431
438 424 189
440 438 313
442 273 218
444 35 29
446 444 33
448 447 424
450 449 443
452 450 441
454 445 429
456 455 433
458 243 30
460 459 309
462 273 194
464 136 32
466 465 213
468 466 463
470 243 34
472 471 309
474 250 82
476 474 243
478 296 291
480 479 477
482 480 309
484 482 203
486 229 189
488 487 87
490 489 4
492 47 41
494 272 45
496 494 492
498 496 491
500 499 194
502 493 201
504 503 309
506 243 42
508 507 309
510 267 136
512 511 463
514 243 46
516 515 309
518 188 137
520 189 136
522 521 519
524 523 2
526 524 273
528 523 52
530 529 527
532 89 49
534 533 3
536 535 91
538 537 137
540 539 93
542 541 4
544 61 55
546 544 63
548 59 51
550 548 57
552 550 546
554 552 543
556 555 523
558 557 530
560 63 55
562 560 548
564 563 523
566 565 527
568 547 523
570 569 530
572 561 523
574 573 527
576 243 62
578 577 309
580 322 57
582 581 243
584 583 578
586 243 58
588 587 578
590 243 60
592 591 578
594 273 198
596 95 65
598 597 3
600 599 97
602 601 4
604 71 67
606 69 53
608 606 604
610 608 546
612 610 603
614 613 518
616 615 595
618 604 560
620 619 518
622 621 595
624 273 190
626 71 63
628 627 188
630 629 625
632 188 60
634 633 321
636 634 630
638 523 265
640 413 210
642 439 427
644 643 317
646 524 291
648 293 247
650 489 218
652 533 524
654 537 520
656 643 92
658 537 426
660 659 657
662 597 198
664 601 426
i0 b
i1 a
o0 p1
o1 p2
o2 p0
{"is_completed":true,"output_vars":["p2","p1","p0"],"input_vars":["b","a"],"formula":"((G (((((p0) && (! (p1))) && (! (p2))) || (((! (p0)) && (p1)) && (! (p2)))) || (((! (p0)) && (! (p1))) && (p2)))) && (((((G (F (a))) && (F (G (b)))) || (F (G (! (a))))) || (! (b))) <-> ((G (F (p0))) || ((G (F (p2))) && (! (G (F (p1))))))))","total_time":150,"automaton":{"is_built":true,"build_duration":6,"total_states":41,"state_based_status":"true","prune_automaton_duration":0,"pruned_state_based_status":"true","prune_total_states":41,"total_edges":145},"dependency":{"dependency_approach":"automaton","tested_dependencies":[{"name":"p0","duration":4,"is_dependent":true,"tested_dependency_set":["b","a","p2","p1"]},{"name":"p1","duration":0,"is_dependent":false,"tested_dependency_set":["b","a","p2"]},{"name":"p2","duration":0,"is_dependent":false,"tested_dependency_set":["b","a","p1"]}],"total_duration":8,"is_completed":true,"skipped_dependencies":false,"total_pair_state":589,"search_pair_state_duration":3},"unate":{"skipped_unate":true},"synthesis":{"remove_dependent_ap_duration":0,"clone_nba_with_dep":0,"synthesis_dependents_duration":1,"model_checking_status":"UNKNOWN","merge_strategies_duration":120,"final_strategy":{"duration":1,"total_inputs":4,"total_outputs":1,"total_latches":41,"total_gates":334},"independent_strategy":{"duration":11,"realizability":"REALIZABLE","total_inputs":2,"total_outputs":2,"total_latches":4,"total_gates":103},"dependent_strategy":{"duration":1,"total_inputs":4,"total_outputs":1,"total_latches":41,"total_gates":334}}}
