Hierarchy reader flattened 2 instances of logic boxes and left 0 black boxes.
aag 485 2 39 4 444
2
4
6 535
8 597
10 661
12 707
14 725
16 1
18 0
20 731
22 735
24 739
26 769
28 801
30 803
32 820
34 848
36 854
38 859
40 781
42 774
44 866
46 877
48 881
50 886
52 891
54 895
56 898
58 872
60 878
62 913
64 928
66 932
68 934
70 938
72 940
74 946
76 948
78 961
80 963
82 971
189
241
331
463
84 15 12
86 84 9
88 84 11
90 88 8
92 91 87
94 93 7
96 14 13
98 97 85
100 99 9
102 15 13
104 102 10
106 105 89
108 107 8
110 109 101
112 111 6
114 113 95
116 115 3
118 14 12
120 119 9
122 15 10
124 13 11
126 125 123
128 126 6
130 128 120
132 96 11
134 9 7
136 134 132
138 137 109
140 138 131
142 141 2
144 143 117
146 145 5
148 84 7
150 99 11
152 151 105
154 153 8
156 155 101
158 157 6
160 159 149
162 161 3
164 104 9
166 164 7
168 88 9
170 15 11
172 171 105
174 173 8
176 175 169
178 177 6
180 179 167
182 181 2
184 183 163
186 185 4
188 187 147
190 10 9
192 190 96
194 192 7
196 133 105
198 197 9
200 84 10
202 200 8
204 203 199
206 205 6
208 207 195
210 5 2
212 210 209
214 151 123
216 215 8
218 201 97
220 219 9
222 221 217
224 223 7
226 13 9
228 226 171
230 229 203
232 231 6
234 233 225
236 4 2
238 236 235
240 239 213
242 127 8
244 243 229
246 245 7
248 102 9
250 201 125
252 251 8
254 253 249
256 255 6
258 257 247
260 259 3
262 123 89
264 263 9
266 265 253
268 267 7
270 200 9
272 124 8
274 273 271
276 275 6
278 277 269
280 279 2
282 281 261
284 283 5
286 125 105
288 287 8
290 289 229
292 291 7
294 102 11
296 295 201
298 297 8
300 299 249
302 301 6
304 303 293
306 305 3
308 294 8
310 309 169
312 311 7
314 297 9
316 132 8
318 317 315
320 319 6
322 321 313
324 323 2
326 325 307
328 327 4
330 329 285
332 330 240
334 332 188
336 332 189
338 240 188
340 339 337
342 341 54
344 341 52
346 345 343
348 331 241
350 349 188
352 351 337
354 353 48
356 19 16
358 47 21
360 358 59
362 360 356
364 363 353
366 25 23
368 367 350
370 369 365
372 370 355
374 372 346
376 375 334
378 332 2
380 378 188
382 350 2
384 378 189
386 385 383
388 387 357
390 338 2
392 390 64
394 382 66
396 395 393
398 396 389
400 399 380
402 332 5
404 402 188
406 353 5
408 406 44
410 402 189
412 338 5
414 413 411
416 415 50
418 417 409
420 419 404
422 421 401
424 356 57
426 425 406
428 426 404
430 390 80
432 430 380
434 334 60
436 330 210
438 436 240
440 438 188
442 334 236
444 443 441
446 77 63
448 83 79
450 448 446
452 451 445
454 453 435
456 454 433
458 456 429
460 458 422
462 460 377
464 119 11
466 465 123
468 467 8
470 469 227
472 471 7
474 13 10
476 475 171
478 477 9
480 479 253
482 481 6
484 483 473
486 485 3
488 133 123
490 489 9
492 491 203
494 493 6
496 148 8
498 497 495
500 499 2
502 501 487
504 503 5
506 197 8
508 507 227
510 509 7
512 299 165
514 513 6
516 515 511
518 517 3
520 170 9
522 521 155
524 523 6
526 525 313
528 527 2
530 529 519
532 531 4
534 533 505
536 170 8
538 537 229
540 539 7
542 479 203
544 543 6
546 545 541
548 547 3
550 294 9
552 465 105
554 553 8
556 555 551
558 557 7
560 273 193
562 560 521
564 563 6
566 565 559
568 567 2
570 569 549
572 571 5
574 507 229
576 575 7
578 577 515
580 579 3
582 550 7
584 169 109
586 585 6
588 587 583
590 589 2
592 591 581
594 593 4
596 595 573
598 86 7
600 476 120
602 601 109
604 603 6
606 605 599
608 607 3
610 295 123
612 611 8
614 125 120
616 615 613
618 617 7
620 171 120
622 621 91
624 623 6
626 625 619
628 627 2
630 629 609
632 631 5
634 263 8
636 634 2
638 637 121
640 639 6
642 220 2
644 643 469
646 645 7
648 295 120
650 649 469
652 651 3
654 653 647
656 654 641
658 657 4
660 659 633
662 489 8
664 663 229
666 665 7
668 253 165
670 669 6
672 671 667
674 673 3
676 649 507
678 677 7
680 621 273
682 681 6
684 683 679
686 685 2
688 687 675
690 689 5
692 621 217
694 693 7
696 15 8
698 697 649
700 699 6
702 701 695
704 703 236
706 705 691
708 635 169
710 709 6
712 711 497
714 713 210
716 168 7
718 316 6
720 719 717
722 721 236
724 723 715
726 357 353
728 353 20
730 729 727
732 357 350
734 733 369
736 353 24
738 737 727
740 350 333
742 740 5
744 743 411
746 356 43
748 57 39
750 748 746
752 751 745
754 69 27
756 755 410
758 49 45
760 61 31
762 760 758
764 762 757
766 765 745
768 767 753
770 741 337
772 746 61
774 773 771
776 59 41
778 777 771
780 779 775
782 49 31
784 783 771
786 71 29
788 787 3
790 789 73
792 791 336
794 771 46
796 795 793
798 796 785
800 798 780
802 785 775
804 412 331
806 805 411
808 57 55
810 37 33
812 51 39
814 812 810
816 814 808
818 816 772
820 819 807
822 75 35
824 823 3
826 55 37
828 826 772
830 53 41
832 830 59
834 832 828
836 835 240
838 837 825
840 240 189
842 841 330
844 331 189
846 845 843
848 846 839
850 338 331
852 851 337
854 853 829
856 745 60
858 857 753
860 356 61
862 758 57
864 862 860
866 865 406
868 353 46
870 860 59
872 871 353
874 873 355
876 874 869
878 861 353
880 879 355
882 808 51
884 882 860
886 885 415
888 871 341
890 889 346
892 861 341
894 893 343
896 860 57
898 897 406
900 387 20
902 447 442
904 236 78
906 904 353
908 907 903
910 908 389
912 910 901
914 81 65
916 915 241
918 917 83
920 919 4
922 356 67
924 922 366
926 924 921
928 927 382
930 922 25
932 931 387
934 755 742
936 771 2
938 936 787
940 791 740
942 390 331
944 943 385
946 945 823
948 936 447
950 438 189
952 350 210
954 953 951
956 955 78
958 447 440
960 959 957
962 431 393
964 952 82
966 916 188
968 966 436
970 969 965
i0 b
i1 a
o0 p1
o1 p2
o2 p3
o3 p0
{"is_completed":true,"output_vars":["p3","p2","p1","p0"],"input_vars":["b","a"],"formula":"((G (((((((p0) && (! (p1))) && (! (p2))) && (! (p3))) || ((((! (p0)) && (p1)) && (! (p2))) && (! (p3)))) || ((((! (p0)) && (! (p1))) && (p2)) && (! (p3)))) || ((((! (p0)) && (! (p1))) && (! (p2))) && (p3)))) && (((G (F (a))) && (F (G (b)))) <-> ((G (F (p0))) || ((G (F (p2))) && (! (G (F (p1))))))))","total_time":178,"automaton":{"is_built":true,"build_duration":7,"total_states":33,"state_based_status":"true","prune_automaton_duration":0,"pruned_state_based_status":"true","prune_total_states":33,"total_edges":138},"dependency":{"dependency_approach":"automaton","tested_dependencies":[{"name":"p0","duration":6,"is_dependent":true,"tested_dependency_set":["b","a","p3","p2","p1"]},{"name":"p1","duration":0,"is_dependent":false,"tested_dependency_set":["b","a","p3","p2"]},{"name":"p2","duration":0,"is_dependent":false,"tested_dependency_set":["b","a","p3","p1"]},{"name":"p3","duration":0,"is_dependent":false,"tested_dependency_set":["b","a","p1","p2"]}],"total_duration":10,"is_completed":true,"skipped_dependencies":false,"total_pair_state":528,"search_pair_state_duration":4},"unate":{"skipped_unate":true},"synthesis":{"remove_dependent_ap_duration":0,"clone_nba_with_dep":0,"synthesis_dependents_duration":1,"model_checking_status":"UNKNOWN","merge_strategies_duration":141,"final_strategy":{"duration":1,"total_inputs":5,"total_outputs":1,"total_latches":33,"total_gates":341},"independent_strategy":{"duration":16,"realizability":"REALIZABLE","total_inputs":2,"total_outputs":3,"total_latches":5,"total_gates":272},"dependent_strategy":{"duration":1,"total_inputs":5,"total_outputs":1,"total_latches":33,"total_gates":341}}}
