Hierarchy reader flattened 2 instances of logic boxes and left 0 black boxes.
aag 29 2 8 2 19
2
4
6 25
8 1
10 0
12 40
14 46
16 51
18 57
20 58
24
38
22 4 2
24 23 7
26 11 8
28 26 13
30 23 16
32 21 19
34 32 31
36 34 28
38 37 25
40 29 23
42 17 15
44 42 26
46 45 24
48 27 23
50 49 31
52 29 22
54 33 25
56 55 53
58 33 24
i0 b
i1 a
o0 p1
o1 p0
{"is_completed":true,"output_vars":["p1","p0"],"input_vars":["b","a"],"formula":"((G ((p0) <-> (! (p1)))) && ((F ((a) && (b))) <-> (G (F (p0)))))","total_time":78,"automaton":{"is_built":true,"build_duration":1,"total_states":6,"state_based_status":"true","prune_automaton_duration":0,"pruned_state_based_status":"true","prune_total_states":6,"total_edges":13},"dependency":{"dependency_approach":"automaton","tested_dependencies":[{"name":"p0","duration":0,"is_dependent":true,"tested_dependency_set":["b","a","p1"]},{"name":"p1","duration":0,"is_dependent":false,"tested_dependency_set":["b","a"]}],"total_duration":0,"is_completed":true,"skipped_dependencies":false,"total_pair_state":9,"search_pair_state_duration":0},"unate":{"skipped_unate":true},"synthesis":{"remove_dependent_ap_duration":0,"clone_nba_with_dep":0,"synthesis_dependents_duration":0,"model_checking_status":"UNKNOWN","merge_strategies_duration":75,"final_strategy":{"duration":0,"total_inputs":3,"total_outputs":1,"total_latches":6,"total_gates":37},"independent_strategy":{"duration":1,"realizability":"REALIZABLE","total_inputs":2,"total_outputs":1,"total_latches":1,"total_gates":4},"dependent_strategy":{"duration":0,"total_inputs":3,"total_outputs":1,"total_latches":6,"total_gates":37}}}
