Hierarchy reader flattened 2 instances of logic boxes and left 0 black boxes.
aag 55 2 13 2 40
2
4
6 36
8 72
10 1
12 0
14 74
16 88
18 94
20 101
22 104
24 106
26 65
28 108
30 110
36
69
32 7 2
34 9 5
36 34 33
38 13 10
40 38 25
42 19 15
44 42 40
46 37 5
48 46 45
50 29 21
52 51 2
54 52 37
56 31 27
58 57 37
60 38 15
62 61 4
64 63 59
66 64 55
68 66 49
70 8 6
72 71 35
74 61 5
76 25 23
78 76 38
80 5 3
82 80 79
84 19 17
86 84 83
88 87 36
90 41 3
92 91 19
94 93 5
96 5 2
98 96 39
100 99 55
102 36 2
104 102 79
106 96 41
108 102 51
110 57 36
i0 b
i1 a
o0 p1
o1 p0
{"is_completed":true,"output_vars":["p1","p0"],"input_vars":["b","a"],"formula":"((G ((p0) <-> (! (p1)))) && (((F (a)) || (G (b))) <-> (G (F (p0)))))","total_time":85,"automaton":{"is_built":true,"build_duration":2,"total_states":10,"state_based_status":"true","prune_automaton_duration":0,"pruned_state_based_status":"true","prune_total_states":10,"total_edges":26},"dependency":{"dependency_approach":"automaton","tested_dependencies":[{"name":"p0","duration":0,"is_dependent":true,"tested_dependency_set":["b","a","p1"]},{"name":"p1","duration":0,"is_dependent":false,"tested_dependency_set":["b","a"]}],"total_duration":0,"is_completed":true,"skipped_dependencies":false,"total_pair_state":25,"search_pair_state_duration":0},"unate":{"skipped_unate":true},"synthesis":{"remove_dependent_ap_duration":0,"clone_nba_with_dep":0,"synthesis_dependents_duration":0,"model_checking_status":"UNKNOWN","merge_strategies_duration":80,"final_strategy":{"duration":0,"total_inputs":3,"total_outputs":1,"total_latches":10,"total_gates":74},"independent_strategy":{"duration":2,"realizability":"REALIZABLE","total_inputs":2,"total_outputs":1,"total_latches":2,"total_gates":10},"dependent_strategy":{"duration":0,"total_inputs":3,"total_outputs":1,"total_latches":10,"total_gates":74}}}
