Hierarchy reader flattened 2 instances of logic boxes and left 0 black boxes.
aag 37 3 9 2 25
2
4
6
8 31
10 1
12 0
14 58
16 65
18 68
20 70
22 73
24 74
31
47
26 5 3
28 26 7
30 29 9
32 13 10
34 33 29
36 21 17
38 36 35
40 39 30
42 25 23
44 43 30
46 45 41
48 21 19
50 48 32
52 51 28
54 17 15
56 54 53
58 57 31
60 32 21
62 61 28
64 63 17
66 31 29
68 66 51
70 61 29
72 45 35
74 66 43
i0 c
i1 b
i2 a
o0 p1
o1 p0
{"is_completed":true,"output_vars":["p1","p0"],"input_vars":["c","b","a"],"formula":"((G ((p0) <-> (! (p1)))) && ((G (((a) || (b)) || (c))) <-> (G (F (p0)))))","total_time":81,"automaton":{"is_built":true,"build_duration":1,"total_states":7,"state_based_status":"true","prune_automaton_duration":0,"pruned_state_based_status":"true","prune_total_states":7,"total_edges":18},"dependency":{"dependency_approach":"automaton","tested_dependencies":[{"name":"p0","duration":0,"is_dependent":true,"tested_dependency_set":["c","b","a","p1"]},{"name":"p1","duration":0,"is_dependent":false,"tested_dependency_set":["c","b","a"]}],"total_duration":0,"is_completed":true,"skipped_dependencies":false,"total_pair_state":13,"search_pair_state_duration":0},"unate":{"skipped_unate":true},"synthesis":{"remove_dependent_ap_duration":0,"clone_nba_with_dep":0,"synthesis_dependents_duration":0,"model_checking_status":"UNKNOWN","merge_strategies_duration":78,"final_strategy":{"duration":0,"total_inputs":4,"total_outputs":1,"total_latches":7,"total_gates":47},"independent_strategy":{"duration":1,"realizability":"REALIZABLE","total_inputs":3,"total_outputs":1,"total_latches":1,"total_gates":7},"dependent_strategy":{"duration":0,"total_inputs":4,"total_outputs":1,"total_latches":7,"total_gates":47}}}
