Hierarchy reader flattened 2 instances of logic boxes and left 0 black boxes.
aag 575 11 7 8 557
2
4
6
8
10
12
14
16
18
20
22
24 1
26 0
28 983
30 1121
32 1123
34 1149
36 1151
48
69
76
91
98
881
999
1119
38 19 14
40 38 22
42 12 10
44 16 3
46 44 42
48 46 40
50 18 6
52 51 3
54 53 16
56 22 18
58 14 12
60 58 57
62 10 6
64 62 17
66 65 60
68 66 55
70 12 8
72 17 2
74 72 70
76 74 40
78 18 4
80 79 17
82 81 2
84 4 3
86 84 8
88 87 60
90 88 83
92 58 20
94 92 57
96 16 2
98 97 94
100 58 21
102 22 8
104 103 79
106 105 2
108 107 100
110 22 10
112 111 51
114 113 16
116 115 99
118 116 108
120 107 92
122 115 98
124 122 120
126 125 119
128 127 77
130 100 3
132 58 18
134 21 8
136 134 5
138 136 132
140 58 19
142 140 134
144 143 139
146 22 2
148 146 145
150 149 131
152 151 17
154 58 22
156 21 11
158 156 51
160 158 154
162 51 23
164 162 100
166 165 161
168 167 3
170 70 14
172 156 19
174 172 170
176 136 11
178 132 7
180 178 176
182 181 175
184 183 146
186 185 169
188 187 16
190 189 153
192 191 99
194 92 3
196 20 8
198 196 5
200 198 132
202 196 140
204 203 201
206 205 146
208 207 195
210 209 17
212 162 92
214 20 11
216 214 51
218 216 154
220 219 213
222 221 3
224 214 19
226 224 170
228 198 11
230 228 178
232 231 227
234 233 146
236 235 223
238 237 16
240 239 211
242 241 98
244 243 193
246 245 76
248 247 129
250 249 90
252 100 78
254 252 23
256 21 9
258 256 4
260 58 56
262 260 258
264 263 255
266 265 2
268 267 131
270 269 17
272 23 7
274 272 252
276 178 22
278 258 11
280 278 276
282 281 275
284 283 2
286 285 169
288 287 16
290 289 271
292 291 99
294 92 78
296 294 23
298 20 9
300 298 4
302 300 260
304 303 297
306 305 2
308 307 195
310 309 17
312 294 272
314 300 11
316 314 276
318 317 313
320 319 2
322 321 223
324 323 16
326 325 311
328 327 98
330 329 293
332 91 77
334 332 331
336 335 251
338 337 49
340 108 17
342 154 3
344 21 10
346 344 51
348 346 342
350 42 14
352 350 146
354 7 5
356 355 18
358 357 256
360 358 352
362 361 349
364 363 16
366 365 341
368 367 99
370 120 17
372 20 10
374 372 51
376 374 342
378 357 298
380 378 352
382 381 377
384 383 16
386 385 371
388 387 98
390 389 369
392 391 77
394 357 134
396 394 352
398 397 349
400 399 16
402 401 153
404 403 99
406 357 196
408 406 352
410 409 377
412 411 16
414 413 211
416 415 98
418 417 405
420 419 76
422 421 393
424 423 90
426 56 2
428 426 7
430 350 258
432 430 428
434 433 349
436 435 16
438 437 271
440 439 99
442 350 300
444 442 428
446 445 377
448 447 16
450 449 311
452 451 98
454 453 441
456 455 332
458 457 425
460 459 48
462 461 339
464 463 68
466 12 6
468 466 14
470 468 23
472 21 18
474 472 470
476 468 56
478 476 156
480 479 475
482 481 3
484 476 11
486 484 256
488 487 475
490 489 5
492 491 483
494 493 16
496 495 341
498 497 99
500 20 18
502 500 470
504 476 214
506 505 503
508 507 3
510 484 298
512 511 503
514 513 5
516 515 509
518 517 16
520 519 371
522 521 98
524 523 499
526 525 77
528 468 426
530 528 176
532 531 483
534 533 16
536 535 153
538 537 99
540 528 228
542 541 509
544 543 16
546 545 211
548 547 98
550 549 539
552 551 76
554 553 527
556 555 90
558 489 4
560 559 483
562 561 16
564 563 271
566 565 99
568 513 4
570 569 509
572 571 16
574 573 311
576 575 98
578 577 567
580 579 332
582 581 557
584 69 49
586 584 583
588 587 465
590 589 32
592 338 68
594 592 590
596 79 23
598 19 9
600 599 597
602 100 2
604 602 601
606 130 57
608 607 605
610 609 17
612 172 154
614 613 165
616 615 44
618 617 611
620 619 99
622 224 154
624 623 213
626 625 44
628 370 57
630 629 627
632 631 98
634 633 621
636 635 77
638 146 142
640 639 607
642 641 17
644 643 617
646 645 99
648 94 3
650 202 146
652 651 649
654 653 17
656 655 627
658 657 98
660 659 647
662 661 76
664 663 637
666 665 90
668 254 2
670 669 607
672 671 17
674 673 617
676 675 99
678 296 2
680 679 649
682 681 17
684 683 627
686 685 98
688 687 677
690 689 332
692 691 667
694 693 49
696 44 22
698 344 140
700 698 696
702 701 611
704 703 99
706 372 140
708 706 696
710 709 629
712 711 98
714 713 705
716 715 77
718 701 643
720 719 99
722 709 655
724 723 98
726 725 721
728 727 76
730 729 717
732 731 90
734 701 673
736 735 99
738 709 683
740 739 98
742 741 737
744 743 332
746 745 733
748 747 48
750 749 695
752 751 68
754 474 44
756 755 611
758 757 99
760 502 44
762 761 629
764 763 98
766 765 759
768 767 77
770 755 643
772 771 99
774 761 655
776 775 98
778 777 773
780 779 76
782 781 769
784 783 90
786 755 673
788 787 99
790 761 683
792 791 98
794 793 789
796 795 332
798 797 785
800 799 584
802 801 753
804 27 24
806 805 803
808 694 68
810 808 806
812 97 57
814 812 14
816 91 76
818 812 10
820 818 48
822 820 817
824 817 49
826 824 814
828 827 823
830 829 68
832 824 69
834 812 6
836 834 832
838 837 831
840 839 30
842 840 814
844 69 48
846 845 817
848 34 13
850 813 30
852 851 849
854 36 15
856 855 29
858 856 852
860 859 846
862 812 30
864 862 845
866 864 817
868 867 804
870 868 861
872 870 843
874 824 68
876 874 873
878 877 811
880 878 595
882 90 48
884 882 392
886 90 77
888 886 49
890 888 127
892 891 885
894 893 68
896 888 69
898 896 525
900 899 895
902 901 590
904 882 716
906 888 635
908 907 905
910 909 68
912 896 767
914 913 911
916 915 806
918 886 820
920 888 814
922 921 919
924 923 68
926 896 834
928 927 925
930 929 840
932 97 60
934 932 817
936 934 49
938 814 48
940 938 817
942 941 937
944 943 68
946 814 466
948 946 832
950 949 945
952 951 805
954 932 77
956 954 90
958 956 49
960 938 886
962 961 959
964 963 68
966 946 896
968 967 965
970 969 952
972 845 805
974 972 934
976 974 956
978 933 805
980 978 846
982 981 861
984 982 867
986 886 845
988 986 985
990 989 977
992 990 971
994 992 931
996 994 917
998 996 903
1000 404 76
1002 368 77
1004 1003 1001
1006 1005 90
1008 332 99
1010 1008 439
1012 1011 1007
1014 1013 48
1016 192 76
1018 118 77
1020 1019 1017
1022 1021 90
1024 1008 291
1026 1025 1023
1028 1027 49
1030 1029 1015
1032 1031 68
1034 538 76
1036 498 77
1038 1037 1035
1040 1039 90
1042 1008 565
1044 1043 1041
1046 1045 584
1048 1047 1033
1050 1049 590
1052 720 76
1054 704 77
1056 1055 1053
1058 1057 90
1060 1008 735
1062 1061 1059
1064 1063 48
1066 646 76
1068 620 77
1070 1069 1067
1072 1071 90
1074 1008 675
1076 1075 1073
1078 1077 49
1080 1079 1065
1082 1081 68
1084 772 76
1086 758 77
1088 1087 1085
1090 1089 90
1092 1008 787
1094 1093 1091
1096 1095 584
1098 1097 1083
1100 1099 806
1102 952 99
1104 852 29
1106 1104 868
1108 1107 99
1110 1109 855
1112 1111 846
1114 1113 1103
1116 1114 1101
1118 1116 1051
1120 975 867
1122 807 591
1124 812 170
1126 1124 76
1128 1127 955
1130 1129 90
1132 332 4
1134 814 12
1136 1134 1132
1138 1137 1131
1140 1139 972
1142 90 12
1144 1143 1133
1146 1145 864
1148 1147 1141
1150 953 841
i0 p0p0second0selected
i1 p0p0in2range0f1dincrement0second2counter1b
i2 p0p0in2range0f1dincrement0first2counter1b
i3 p0p0in2range0f1ddecrement0second2counter1b
i4 p0p0in2range0f1ddecrement0first2counter1b
i5 p0p0in2range0second2counter
i6 p0p0in2range0first2counter
i7 p0p0first0selected
i8 p0p0button2pressed0up
i9 p0p0button2pressed0switch
i10 p0p0button2pressed0down
o0 u0first2counter0f1ddecrement0first2counter1b
o1 u0first2counter0f1dincrement0first2counter1b
o2 u0second2counter0f1ddecrement0second2counter1b
o3 u0second2counter0f1dincrement0second2counter1b
o4 u0selected0f1dtoggle0selected1b
o5 u0first2counter0first2counter
o6 u0second2counter0second2counter
o7 u0selected0selected
{"is_completed":true,"output_vars":["u0selected0f1dtoggle0selected1b","u0selected0selected","u0second2counter0f1dincrement0second2counter1b","u0second2counter0f1ddecrement0second2counter1b","u0second2counter0second2counter","u0first2counter0f1dincrement0first2counter1b","u0first2counter0f1ddecrement0first2counter1b","u0first2counter0first2counter"],"input_vars":["p0p0second0selected","p0p0in2range0f1dincrement0second2counter1b","p0p0in2range0f1dincrement0first2counter1b","p0p0in2range0f1ddecrement0second2counter1b","p0p0in2range0f1ddecrement0first2counter1b","p0p0in2range0second2counter","p0p0in2range0first2counter","p0p0first0selected","p0p0button2pressed0up","p0p0button2pressed0switch","p0p0button2pressed0down"],"formula":"((G (((! (((u0first2counter0f1ddecrement0first2counter1b) && (! ((u0first2counter0f1dincrement0first2counter1b) || (u0first2counter0first2counter)))) <-> ((! (((u0first2counter0f1dincrement0first2counter1b) && (! (u0first2counter0first2counter))) <-> ((u0first2counter0first2counter) && (! (u0first2counter0f1dincrement0first2counter1b))))) && (! (u0first2counter0f1ddecrement0first2counter1b))))) && (! (((u0second2counter0f1ddecrement0second2counter1b) && (! ((u0second2counter0f1dincrement0second2counter1b) || (u0second2counter0second2counter)))) <-> ((! (((u0second2counter0f1dincrement0second2counter1b) && (! (u0second2counter0second2counter))) <-> ((u0second2counter0second2counter) && (! (u0second2counter0f1dincrement0second2counter1b))))) && (! (u0second2counter0f1ddecrement0second2counter1b)))))) && (! (((u0selected0selected) && (! (u0selected0f1dtoggle0selected1b))) <-> ((u0selected0f1dtoggle0selected1b) && (! (u0selected0selected))))))) && (((((((((((p0p0in2range0first2counter) && (p0p0in2range0second2counter)) && (G (! ((p0p0first0selected) && (p0p0second0selected))))) && (G (! ((p0p0button2pressed0up) && (p0p0button2pressed0down))))) && (G (((p0p0in2range0first2counter) && (u0first2counter0first2counter)) -> (X (p0p0in2range0first2counter))))) && (G (((p0p0in2range0second2counter) && (u0second2counter0second2counter)) -> (X (p0p0in2range0second2counter))))) && (G (((p0p0in2range0f1dincrement0first2counter1b) && (u0first2counter0f1dincrement0first2counter1b)) -> (X (p0p0in2range0first2counter))))) && (G (((p0p0in2range0f1ddecrement0first2counter1b) && (u0first2counter0f1ddecrement0first2counter1b)) -> (X (p0p0in2range0first2counter))))) && (G (((p0p0in2range0f1dincrement0second2counter1b) && (u0second2counter0f1dincrement0second2counter1b)) -> (X (p0p0in2range0second2counter))))) && (G (((p0p0in2range0f1ddecrement0second2counter1b) && (u0second2counter0f1ddecrement0second2counter1b)) -> (X (p0p0in2range0second2counter))))) -> (((((G ((p0p0first0selected) -> ((((p0p0button2pressed0up) && (p0p0in2range0f1dincrement0first2counter1b)) <-> (u0first2counter0f1dincrement0first2counter1b)) && (((p0p0button2pressed0down) && (p0p0in2range0f1ddecrement0first2counter1b)) <-> (u0first2counter0f1ddecrement0first2counter1b))))) && (G ((p0p0second0selected) -> ((((p0p0button2pressed0up) && (p0p0in2range0f1dincrement0second2counter1b)) <-> (u0second2counter0f1dincrement0second2counter1b)) && (((p0p0button2pressed0down) && (p0p0in2range0f1ddecrement0second2counter1b)) <-> (u0second2counter0f1ddecrement0second2counter1b)))))) && (G ((p0p0button2pressed0switch) <-> (u0selected0f1dtoggle0selected1b)))) && (G (p0p0in2range0first2counter))) && (G (p0p0in2range0second2counter)))))","total_time":522,"automaton":{"is_built":true,"build_duration":206,"total_states":6,"state_based_status":"true","prune_automaton_duration":0,"pruned_state_based_status":"true","prune_total_states":6,"total_edges":13},"dependency":{"dependency_approach":"automaton","tested_dependencies":[{"name":"u0first2counter0first2counter","duration":0,"is_dependent":true,"tested_dependency_set":["p0p0second0selected","p0p0in2range0f1dincrement0second2counter1b","p0p0in2range0f1dincrement0first2counter1b","p0p0in2range0f1ddecrement0second2counter1b","p0p0in2range0f1ddecrement0first2counter1b","p0p0in2range0second2counter","p0p0in2range0first2counter","p0p0first0selected","p0p0button2pressed0up","p0p0button2pressed0switch","p0p0button2pressed0down","u0selected0f1dtoggle0selected1b","u0selected0selected","u0second2counter0f1dincrement0second2counter1b","u0second2counter0f1ddecrement0second2counter1b","u0second2counter0second2counter","u0first2counter0f1dincrement0first2counter1b","u0first2counter0f1ddecrement0first2counter1b"]},{"name":"u0first2counter0f1ddecrement0first2counter1b","duration":0,"is_dependent":false,"tested_dependency_set":["p0p0second0selected","p0p0in2range0f1dincrement0second2counter1b","p0p0in2range0f1dincrement0first2counter1b","p0p0in2range0f1ddecrement0second2counter1b","p0p0in2range0f1ddecrement0first2counter1b","p0p0in2range0second2counter","p0p0in2range0first2counter","p0p0first0selected","p0p0button2pressed0up","p0p0button2pressed0switch","p0p0button2pressed0down","u0selected0f1dtoggle0selected1b","u0selected0selected","u0second2counter0f1dincrement0second2counter1b","u0second2counter0f1ddecrement0second2counter1b","u0second2counter0second2counter","u0first2counter0f1dincrement0first2counter1b"]},{"name":"u0first2counter0f1dincrement0first2counter1b","duration":0,"is_dependent":false,"tested_dependency_set":["p0p0second0selected","p0p0in2range0f1dincrement0second2counter1b","p0p0in2range0f1dincrement0first2counter1b","p0p0in2range0f1ddecrement0second2counter1b","p0p0in2range0f1ddecrement0first2counter1b","p0p0in2range0second2counter","p0p0in2range0first2counter","p0p0first0selected","p0p0button2pressed0up","p0p0button2pressed0switch","p0p0button2pressed0down","u0selected0f1dtoggle0selected1b","u0selected0selected","u0second2counter0f1dincrement0second2counter1b","u0second2counter0f1ddecrement0second2counter1b","u0second2counter0second2counter","u0first2counter0f1ddecrement0first2counter1b"]},{"name":"u0second2counter0second2counter","duration":1,"is_dependent":true,"tested_dependency_set":["p0p0second0selected","p0p0in2range0f1dincrement0second2counter1b","p0p0in2range0f1dincrement0first2counter1b","p0p0in2range0f1ddecrement0second2counter1b","p0p0in2range0f1ddecrement0first2counter1b","p0p0in2range0second2counter","p0p0in2range0first2counter","p0p0first0selected","p0p0button2pressed0up","p0p0button2pressed0switch","p0p0button2pressed0down","u0selected0f1dtoggle0selected1b","u0selected0selected","u0second2counter0f1dincrement0second2counter1b","u0second2counter0f1ddecrement0second2counter1b","u0first2counter0f1ddecrement0first2counter1b","u0first2counter0f1dincrement0first2counter1b"]},{"name":"u0second2counter0f1ddecrement0second2counter1b","duration":0,"is_dependent":false,"tested_dependency_set":["p0p0second0selected","p0p0in2range0f1dincrement0second2counter1b","p0p0in2range0f1dincrement0first2counter1b","p0p0in2range0f1ddecrement0second2counter1b","p0p0in2range0f1ddecrement0first2counter1b","p0p0in2range0second2counter","p0p0in2range0first2counter","p0p0first0selected","p0p0button2pressed0up","p0p0button2pressed0switch","p0p0button2pressed0down","u0selected0f1dtoggle0selected1b","u0selected0selected","u0second2counter0f1dincrement0second2counter1b","u0first2counter0f1ddecrement0first2counter1b","u0first2counter0f1dincrement0first2counter1b"]},{"name":"u0second2counter0f1dincrement0second2counter1b","duration":0,"is_dependent":false,"tested_dependency_set":["p0p0second0selected","p0p0in2range0f1dincrement0second2counter1b","p0p0in2range0f1dincrement0first2counter1b","p0p0in2range0f1ddecrement0second2counter1b","p0p0in2range0f1ddecrement0first2counter1b","p0p0in2range0second2counter","p0p0in2range0first2counter","p0p0first0selected","p0p0button2pressed0up","p0p0button2pressed0switch","p0p0button2pressed0down","u0selected0f1dtoggle0selected1b","u0selected0selected","u0first2counter0f1ddecrement0first2counter1b","u0first2counter0f1dincrement0first2counter1b","u0second2counter0f1ddecrement0second2counter1b"]},{"name":"u0selected0selected","duration":1,"is_dependent":true,"tested_dependency_set":["p0p0second0selected","p0p0in2range0f1dincrement0second2counter1b","p0p0in2range0f1dincrement0first2counter1b","p0p0in2range0f1ddecrement0second2counter1b","p0p0in2range0f1ddecrement0first2counter1b","p0p0in2range0second2counter","p0p0in2range0first2counter","p0p0first0selected","p0p0button2pressed0up","p0p0button2pressed0switch","p0p0button2pressed0down","u0selected0f1dtoggle0selected1b","u0first2counter0f1ddecrement0first2counter1b","u0first2counter0f1dincrement0first2counter1b","u0second2counter0f1ddecrement0second2counter1b","u0second2counter0f1dincrement0second2counter1b"]},{"name":"u0selected0f1dtoggle0selected1b","duration":0,"is_dependent":false,"tested_dependency_set":["p0p0second0selected","p0p0in2range0f1dincrement0second2counter1b","p0p0in2range0f1dincrement0first2counter1b","p0p0in2range0f1ddecrement0second2counter1b","p0p0in2range0f1ddecrement0first2counter1b","p0p0in2range0second2counter","p0p0in2range0first2counter","p0p0first0selected","p0p0button2pressed0up","p0p0button2pressed0switch","p0p0button2pressed0down","u0first2counter0f1ddecrement0first2counter1b","u0first2counter0f1dincrement0first2counter1b","u0second2counter0f1ddecrement0second2counter1b","u0second2counter0f1dincrement0second2counter1b"]}],"total_duration":4,"is_completed":true,"skipped_dependencies":false,"total_pair_state":16,"search_pair_state_duration":0},"unate":{"skipped_unate":true},"synthesis":{"remove_dependent_ap_duration":0,"clone_nba_with_dep":0,"synthesis_dependents_duration":5,"model_checking_status":"UNKNOWN","merge_strategies_duration":170,"final_strategy":{"duration":5,"total_inputs":16,"total_outputs":3,"total_latches":6,"total_gates":1273},"independent_strategy":{"duration":135,"realizability":"REALIZABLE","total_inputs":11,"total_outputs":5,"total_latches":0,"total_gates":63},"dependent_strategy":{"duration":5,"total_inputs":16,"total_outputs":3,"total_latches":6,"total_gates":1273}}}
