Hierarchy reader flattened 2 instances of logic boxes and left 0 black boxes.
aag 121 3 20 2 98
2
4
6
8 49
10 51
12 1
14 0
16 140
18 148
20 156
22 161
24 163
26 168
28 172
30 183
32 189
34 209
36 227
38 235
40 236
42 238
44 240
46 242
53
137
48 9 3
50 11 5
52 51 49
54 5 3
56 54 16
58 15 12
60 59 55
62 61 57
64 4 2
66 55 16
68 66 65
70 39 29
72 22 5
74 73 70
76 24 3
78 44 6
80 79 77
82 80 74
84 39 27
86 85 4
88 43 41
90 88 47
92 90 87
94 92 82
96 94 69
98 96 62
100 99 52
102 59 3
104 103 4
106 28 2
108 107 27
110 108 58
112 111 105
114 44 7
116 33 31
118 37 35
120 118 116
122 120 115
124 122 113
126 125 52
128 29 17
130 128 33
132 131 64
134 133 127
136 134 101
138 58 17
140 139 54
142 23 19
144 142 58
146 53 5
148 146 145
150 25 21
152 150 58
154 53 3
156 154 153
158 59 5
160 159 73
162 103 77
164 139 2
166 165 108
168 167 5
170 165 29
172 171 5
174 30 3
176 4 3
178 138 33
180 179 176
182 181 175
184 176 139
186 32 3
188 187 185
190 179 64
192 41 35
194 193 6
196 195 43
198 197 52
200 30 2
202 71 4
204 203 201
206 204 199
208 206 191
210 167 4
212 45 37
214 213 7
216 215 47
218 217 52
220 39 33
222 221 2
224 223 219
226 224 211
228 32 2
230 229 39
232 171 4
234 233 230
236 193 7
238 197 53
240 213 6
242 217 53
i0 c
i1 b
i2 a
o0 p1
o1 p0
{"is_completed":true,"output_vars":["p1","p0"],"input_vars":["c","b","a"],"formula":"((G ((p0) <-> (! (p1)))) && (((((F ((b) && (G (F (a))))) || (F ((c) && (G (F (! (a))))))) && (F (b))) && (F (c))) <-> (G (F (p0)))))","total_time":100,"automaton":{"is_built":true,"build_duration":6,"total_states":17,"state_based_status":"true","prune_automaton_duration":0,"pruned_state_based_status":"true","prune_total_states":17,"total_edges":59},"dependency":{"dependency_approach":"automaton","tested_dependencies":[{"name":"p0","duration":0,"is_dependent":true,"tested_dependency_set":["c","b","a","p1"]},{"name":"p1","duration":0,"is_dependent":false,"tested_dependency_set":["c","b","a"]}],"total_duration":1,"is_completed":true,"skipped_dependencies":false,"total_pair_state":57,"search_pair_state_duration":0},"unate":{"skipped_unate":true},"synthesis":{"remove_dependent_ap_duration":0,"clone_nba_with_dep":0,"synthesis_dependents_duration":0,"model_checking_status":"UNKNOWN","merge_strategies_duration":89,"final_strategy":{"duration":0,"total_inputs":4,"total_outputs":1,"total_latches":17,"total_gates":178},"independent_strategy":{"duration":3,"realizability":"REALIZABLE","total_inputs":3,"total_outputs":1,"total_latches":2,"total_gates":9},"dependent_strategy":{"duration":0,"total_inputs":4,"total_outputs":1,"total_latches":17,"total_gates":178}}}
