Hierarchy reader flattened 2 instances of logic boxes and left 0 black boxes.
aag 61 3 13 2 45
2
4
6
8 35
10 37
12 1
14 0
16 76
18 84
20 92
22 97
24 101
26 104
28 110
30 121
32 122
39
73
34 9 5
36 11 7
38 37 35
40 26 7
42 24 5
44 33 31
46 44 43
48 46 41
50 15 12
52 50 17
54 22 7
56 55 29
58 56 52
60 58 48
62 61 38
64 53 4
66 35 26
68 67 65
70 69 6
72 71 63
74 7 5
76 74 53
78 23 19
80 78 50
82 39 7
84 82 81
86 25 21
88 86 50
90 39 5
92 90 89
94 51 7
96 95 55
98 51 5
100 99 43
102 65 27
104 103 7
106 53 6
108 107 29
110 109 5
112 103 6
114 28 4
116 45 38
118 117 115
120 118 113
122 45 39
i0 c
i1 b
i2 a
o0 p1
o1 p0
{"is_completed":true,"output_vars":["p1","p0"],"input_vars":["c","b","a"],"formula":"((G ((p0) <-> (! (p1)))) && (((F (a)) && (F (b))) <-> (G (F (p0)))))","total_time":88,"automaton":{"is_built":true,"build_duration":2,"total_states":10,"state_based_status":"true","prune_automaton_duration":0,"pruned_state_based_status":"true","prune_total_states":10,"total_edges":26},"dependency":{"dependency_approach":"automaton","tested_dependencies":[{"name":"p0","duration":0,"is_dependent":true,"tested_dependency_set":["c","b","a","p1"]},{"name":"p1","duration":0,"is_dependent":false,"tested_dependency_set":["c","b","a"]}],"total_duration":0,"is_completed":true,"skipped_dependencies":false,"total_pair_state":24,"search_pair_state_duration":0},"unate":{"skipped_unate":true},"synthesis":{"remove_dependent_ap_duration":0,"clone_nba_with_dep":0,"synthesis_dependents_duration":0,"model_checking_status":"UNKNOWN","merge_strategies_duration":82,"final_strategy":{"duration":0,"total_inputs":4,"total_outputs":1,"total_latches":10,"total_gates":96},"independent_strategy":{"duration":2,"realizability":"REALIZABLE","total_inputs":3,"total_outputs":1,"total_latches":2,"total_gates":9},"dependent_strategy":{"duration":0,"total_inputs":4,"total_outputs":1,"total_latches":10,"total_gates":96}}}
