aag 39 4 3 1 32
2
4
6
8
10 53
12 67
14 79
18
16 13 14
18 10 16
20 15 6
22 12 20
24 17 23
26 15 5
28 15 9
30 12 28
32 13 26
34 33 31
36 10 35
38 11 25
40 39 37
42 12 21
44 11 43
46 45 37
48 2 47
50 3 41
52 51 49
54 12 15
56 15 4
58 13 56
60 59 31
62 10 61
64 11 54
66 65 63
68 15 8
70 12 68
72 17 71
74 10 73
76 11 16
78 77 75
i0 p
i1 q
i2 r
i3 s
o0 acc
{"is_completed":true,"output_vars":["acc"],"input_vars":["s","r","q","p"],"formula":"((F ((p) && (X (F ((q) && (X (F ((r) && (X (F (s))))))))))) <-> (G (F (acc))))","total_time":5,"automaton":{"is_built":true,"build_duration":2,"total_states":15,"state_based_status":"true","prune_automaton_duration":0,"pruned_state_based_status":"true","prune_total_states":15,"total_edges":39},"dependency":{"dependency_approach":"automaton","tested_dependencies":[{"name":"acc","duration":0,"is_dependent":false,"tested_dependency_set":["s","r","q","p"]}],"total_duration":0,"is_completed":true,"skipped_dependencies":false,"total_pair_state":54,"search_pair_state_duration":0},"unate":{"skipped_unate":true},"synthesis":{"model_checking_status":"UNKNOWN","independent_strategy":{"duration":2,"realizability":"REALIZABLE","total_inputs":4,"total_outputs":1,"total_latches":3,"total_gates":32},"dependent_strategy":{"duration":-1,"total_inputs":-1,"total_outputs":-1,"total_latches":-1,"total_gates":-1}}}
