aag 48 3 3 1 42
2
4
6
8 75
10 93
12 96
47
14 11 12
16 10 13
18 8 16
20 9 14
22 21 19
24 8 13
26 4 24
28 5 23
30 29 27
32 10 12
34 9 33
36 35 19
38 5 37
40 39 27
42 2 41
44 3 31
46 45 43
48 15 17
50 11 13
52 8 50
54 9 49
56 55 53
58 4 54
60 5 57
62 61 59
64 35 53
66 5 65
68 67 59
70 2 69
72 3 63
74 73 71
76 9 13
78 77 19
80 35 25
82 4 81
84 5 79
86 85 83
88 2 82
90 3 87
92 91 89
94 5 18
96 2 94
i0 p
i1 q
i2 r
o0 acc
{"is_completed":true,"output_vars":["acc"],"input_vars":["r","q","p"],"formula":"((G ((p) -> (F (q)))) <-> (G (F (acc))))","total_time":4,"automaton":{"is_built":true,"build_duration":1,"total_states":10,"state_based_status":"true","prune_automaton_duration":0,"pruned_state_based_status":"true","prune_total_states":10,"total_edges":32},"dependency":{"dependency_approach":"automaton","tested_dependencies":[{"name":"acc","duration":0,"is_dependent":false,"tested_dependency_set":["r","q","p"]}],"total_duration":0,"is_completed":true,"skipped_dependencies":false,"total_pair_state":30,"search_pair_state_duration":0},"unate":{"skipped_unate":true},"synthesis":{"model_checking_status":"UNKNOWN","independent_strategy":{"duration":2,"realizability":"REALIZABLE","total_inputs":3,"total_outputs":1,"total_latches":3,"total_gates":42},"dependent_strategy":{"duration":-1,"total_inputs":-1,"total_outputs":-1,"total_latches":-1,"total_gates":-1}}}
