aag 157 2 5 1 150
2
4
6 143
8 205
10 251
12 307
14 314
59
16 15 4
18 12 16
20 12 15
22 10 20
24 11 18
26 25 23
28 13 15
30 29 19
32 11 31
34 8 32
36 9 27
38 37 35
40 13 16
42 10 40
44 11 15
46 45 43
48 8 47
50 9 24
52 51 49
54 6 53
56 7 39
58 57 55
60 15 5
62 12 61
64 10 28
66 11 63
68 67 65
70 12 60
72 10 15
74 11 70
76 75 73
78 8 77
80 9 69
82 81 79
84 67 73
86 11 28
88 87 73
90 8 89
92 9 85
94 93 91
96 6 95
98 7 83
100 99 97
102 14 5
104 13 102
106 105 21
108 11 107
110 109 23
112 10 70
114 45 113
116 8 115
118 9 111
120 119 117
122 10 60
124 11 20
126 125 123
128 8 127
130 119 129
132 6 131
134 7 121
136 135 133
138 2 137
140 3 101
142 141 139
144 14 4
146 13 144
148 11 146
150 149 65
152 10 31
154 8 152
156 9 151
158 157 155
160 10 18
162 125 161
164 8 163
166 9 32
168 167 165
170 6 169
172 7 159
174 173 171
176 8 160
178 9 86
180 179 177
182 13 103
184 183 19
186 11 185
188 187 65
190 9 189
192 191 49
194 6 193
196 7 181
198 197 195
200 2 199
202 3 175
204 203 201
206 13 14
208 207 21
210 11 209
212 211 65
214 29 71
216 11 215
218 217 113
220 8 219
222 9 213
224 223 221
226 7 225
228 227 133
230 8 215
232 9 108
234 233 231
236 8 15
238 119 237
240 6 239
242 7 235
244 243 241
246 2 245
248 3 229
250 249 247
252 105 71
254 11 253
256 10 215
258 75 257
260 8 259
262 9 254
264 263 261
266 211 73
268 13 60
270 269 21
272 10 271
274 125 273
276 8 275
278 9 267
280 279 277
282 6 281
284 7 265
286 285 283
288 207 71
290 11 289
292 291 65
294 9 293
296 295 261
298 7 297
300 299 283
302 2 301
304 3 287
306 305 303
308 8 24
310 9 22
312 311 309
314 7 313
i0 p
i1 q
o0 acc
{"is_completed":true,"output_vars":["acc"],"input_vars":["q","p"],"formula":"((G ((p) -> (X (X (X (q)))))) <-> (G (F (acc))))","total_time":7,"automaton":{"is_built":true,"build_duration":1,"total_states":27,"state_based_status":"true","prune_automaton_duration":0,"pruned_state_based_status":"true","prune_total_states":27,"total_edges":88},"dependency":{"dependency_approach":"automaton","tested_dependencies":[{"name":"acc","duration":0,"is_dependent":false,"tested_dependency_set":["q","p"]}],"total_duration":0,"is_completed":true,"skipped_dependencies":false,"total_pair_state":133,"search_pair_state_duration":0},"unate":{"skipped_unate":true},"synthesis":{"model_checking_status":"UNKNOWN","independent_strategy":{"duration":4,"realizability":"REALIZABLE","total_inputs":2,"total_outputs":1,"total_latches":5,"total_gates":150},"dependent_strategy":{"duration":-1,"total_inputs":-1,"total_outputs":-1,"total_latches":-1,"total_gates":-1}}}
