aag 40 2 3 1 35
2
4
6 65
8 77
10 80
35
12 9 11
14 7 12
16 7 9
18 4 16
20 5 14
22 21 19
24 9 10
26 7 24
28 4 26
30 2 28
32 3 23
34 33 31
36 8 10
38 6 12
40 7 37
42 41 39
44 4 12
46 5 43
48 47 45
50 6 11
52 41 51
54 4 38
56 5 53
58 57 55
60 2 59
62 3 49
64 63 61
66 8 11
68 6 66
70 17 69
72 4 71
74 2 72
76 33 75
78 7 66
80 4 78
i0 p
i1 q
o0 acc
{"is_completed":true,"output_vars":["acc"],"input_vars":["q","p"],"formula":"((G ((p) -> (G (q)))) <-> (G (F (acc))))","total_time":4,"automaton":{"is_built":true,"build_duration":1,"total_states":11,"state_based_status":"true","prune_automaton_duration":0,"pruned_state_based_status":"true","prune_total_states":11,"total_edges":36},"dependency":{"dependency_approach":"automaton","tested_dependencies":[{"name":"acc","duration":0,"is_dependent":false,"tested_dependency_set":["q","p"]}],"total_duration":0,"is_completed":true,"skipped_dependencies":false,"total_pair_state":38,"search_pair_state_duration":0},"unate":{"skipped_unate":true},"synthesis":{"model_checking_status":"UNKNOWN","independent_strategy":{"duration":2,"realizability":"REALIZABLE","total_inputs":2,"total_outputs":1,"total_latches":3,"total_gates":35},"dependent_strategy":{"duration":-1,"total_inputs":-1,"total_outputs":-1,"total_latches":-1,"total_gates":-1}}}
