aag 23 2 2 1 19
2
4
6 35
8 47
23
10 8 4
12 6 8
14 7 10
16 15 13
18 2 17
20 3 8
22 21 19
24 8 5
26 5 9
28 6 27
30 7 25
32 31 29
34 2 32
36 6 9
38 7 24
40 39 37
42 2 41
44 3 36
46 45 43
i0 p
i1 q
o0 acc
{"is_completed":true,"output_vars":["acc"],"input_vars":["q","p"],"formula":"((G (F ((p) -> (X (X (X (q))))))) <-> (G (F (acc))))","total_time":14,"automaton":{"is_built":true,"build_duration":1,"total_states":5,"state_based_status":"true","prune_automaton_duration":0,"pruned_state_based_status":"true","prune_total_states":5,"total_edges":12},"dependency":{"dependency_approach":"automaton","tested_dependencies":[{"name":"acc","duration":0,"is_dependent":false,"tested_dependency_set":["q","p"]}],"total_duration":0,"is_completed":true,"skipped_dependencies":false,"total_pair_state":15,"search_pair_state_duration":0},"unate":{"skipped_unate":true},"synthesis":{"model_checking_status":"UNKNOWN","independent_strategy":{"duration":1,"realizability":"REALIZABLE","total_inputs":2,"total_outputs":1,"total_latches":2,"total_gates":19},"dependent_strategy":{"duration":-1,"total_inputs":-1,"total_outputs":-1,"total_latches":-1,"total_gates":-1}}}
