aag 78 3 3 1 72
2
4
6
8 97
10 113
12 157
65
14 10 12
16 11 13
18 17 15
20 8 19
22 9 14
24 23 21
26 6 25
28 7 14
30 29 27
32 9 10
34 8 16
36 9 17
38 37 35
40 6 39
42 7 32
44 43 41
46 4 45
48 5 31
50 49 47
52 8 17
54 23 53
56 5 55
58 57 47
60 2 59
62 3 51
64 63 61
66 8 11
68 9 19
70 69 67
72 69 35
74 6 73
76 7 71
78 77 75
80 6 52
82 4 81
84 5 79
86 85 83
88 5 22
90 89 83
92 2 91
94 3 87
96 95 93
98 12 11
100 8 10
102 9 99
104 103 101
106 104 7
108 4 6
110 5 107
112 111 109
114 10 13
116 8 114
118 9 98
120 119 117
122 8 18
124 6 122
126 7 121
128 127 125
130 43 81
132 4 131
134 5 129
136 135 133
138 9 12
140 139 67
142 6 22
144 7 141
146 145 143
148 5 147
150 149 133
152 2 151
154 3 137
156 155 153
i0 p
i1 q
i2 r
o0 acc
{"is_completed":true,"output_vars":["acc"],"input_vars":["r","q","p"],"formula":"(((G ((p) -> (F (q)))) && (G ((q) -> (F (r))))) <-> (G (F (acc))))","total_time":7,"automaton":{"is_built":true,"build_duration":2,"total_states":18,"state_based_status":"true","prune_automaton_duration":0,"pruned_state_based_status":"true","prune_total_states":18,"total_edges":85},"dependency":{"dependency_approach":"automaton","tested_dependencies":[{"name":"acc","duration":0,"is_dependent":false,"tested_dependency_set":["r","q","p"]}],"total_duration":0,"is_completed":true,"skipped_dependencies":false,"total_pair_state":72,"search_pair_state_duration":0},"unate":{"skipped_unate":true},"synthesis":{"model_checking_status":"UNKNOWN","independent_strategy":{"duration":4,"realizability":"REALIZABLE","total_inputs":3,"total_outputs":1,"total_latches":3,"total_gates":72},"dependent_strategy":{"duration":-1,"total_inputs":-1,"total_outputs":-1,"total_latches":-1,"total_gates":-1}}}
