aag 53 2 3 1 48
2
4
6 59
8 91
10 107
27
12 8 10
14 6 12
16 4 14
18 5 12
20 19 17
22 2 21
24 3 14
26 25 23
28 8 11
30 6 13
32 7 29
34 33 31
36 9 10
38 7 36
40 4 38
42 5 35
44 43 41
46 6 9
48 33 47
50 5 49
52 51 41
54 2 53
56 3 45
58 57 55
60 37 29
62 7 61
64 9 11
66 6 64
68 7 13
70 69 67
72 4 71
74 5 62
76 75 73
78 6 28
80 33 79
82 5 81
84 83 41
86 2 85
88 3 77
90 89 87
92 6 65
94 7 10
96 95 93
98 60 7
100 98 5
102 2 101
104 3 97
106 105 103
i0 p_1
i1 p_0
o0 acc
{"is_completed":true,"output_vars":["acc"],"input_vars":["p_0","p_1"],"formula":"((((F (p_0)) || (G (p_1))) && (F (p_1))) <-> (G (F (acc))))","total_time":5,"automaton":{"is_built":true,"build_duration":1,"total_states":14,"state_based_status":"true","prune_automaton_duration":0,"pruned_state_based_status":"true","prune_total_states":14,"total_edges":39},"dependency":{"dependency_approach":"automaton","tested_dependencies":[{"name":"acc","duration":0,"is_dependent":false,"tested_dependency_set":["p_0","p_1"]}],"total_duration":0,"is_completed":true,"skipped_dependencies":false,"total_pair_state":40,"search_pair_state_duration":0},"unate":{"skipped_unate":true},"synthesis":{"model_checking_status":"UNKNOWN","independent_strategy":{"duration":3,"realizability":"REALIZABLE","total_inputs":2,"total_outputs":1,"total_latches":3,"total_gates":48},"dependent_strategy":{"duration":-1,"total_inputs":-1,"total_outputs":-1,"total_latches":-1,"total_gates":-1}}}
