aag 1016 4 6 1 1006
2
4
6
8
10 661
12 1077
14 1433
16 1751
18 1999
20 2033
209
22 18 21
24 16 22
26 17 21
28 27 25
30 14 29
32 15 24
34 33 31
36 14 24
38 12 36
40 13 35
42 41 39
44 19 21
46 17 44
48 47 25
50 14 49
52 17 22
54 15 52
56 55 37
58 12 57
60 13 50
62 61 59
64 10 63
66 11 43
68 67 65
70 13 36
72 71 59
74 10 73
76 67 75
78 8 77
80 9 69
82 81 79
84 14 22
86 33 85
88 13 87
90 89 39
92 11 91
94 93 65
96 13 24
98 12 54
100 71 99
102 10 101
104 11 96
106 105 103
108 8 107
110 9 95
112 111 109
114 6 113
116 7 83
118 117 115
120 93 75
122 97 39
124 11 123
126 125 75
128 8 127
130 9 121
132 131 129
134 6 133
136 7 121
138 137 135
140 4 139
142 5 119
144 143 141
146 13 32
148 10 98
150 11 146
152 151 149
154 8 153
156 111 155
158 6 157
160 117 159
162 13 84
164 163 39
166 11 165
168 167 149
170 167 75
172 8 171
174 9 169
176 175 173
178 14 52
180 13 178
182 11 180
184 183 149
186 8 148
188 9 185
190 189 187
192 6 191
194 7 177
196 195 193
198 4 197
200 5 161
202 201 199
204 2 203
206 3 145
208 207 205
210 17 19
212 15 210
214 213 179
216 12 178
218 13 215
220 219 217
222 16 44
224 53 223
226 14 225
228 15 21
230 229 227
232 27 223
234 14 233
236 15 29
238 237 235
240 12 239
242 13 231
244 243 241
246 10 245
248 11 221
250 249 247
252 15 44
254 253 179
256 15 46
258 12 256
260 13 255
262 261 259
264 14 222
266 15 233
268 267 265
270 14 26
272 237 271
274 12 273
276 13 269
278 277 275
280 10 279
282 11 263
284 283 281
286 8 285
288 9 251
290 289 287
292 19 20
294 17 292
296 15 294
298 297 227
300 15 22
302 301 179
304 12 303
306 13 299
308 307 305
310 16 21
312 53 311
314 15 313
316 315 227
318 237 227
320 12 319
322 13 317
324 323 321
326 10 325
328 11 309
330 329 327
332 253 265
334 267 271
336 12 335
338 13 333
340 339 337
342 10 341
344 283 343
346 8 345
348 9 331
350 349 347
352 6 351
354 7 291
356 355 353
358 18 20
360 17 359
362 15 360
364 363 271
366 15 222
368 367 179
370 12 369
372 13 365
374 373 371
376 14 44
378 229 377
380 13 379
382 381 241
384 10 383
386 11 375
388 387 385
390 13 335
392 391 259
394 11 393
396 395 281
398 8 397
400 9 389
402 401 399
404 293 23
406 17 405
408 15 406
410 409 271
412 315 179
414 12 413
416 13 411
418 417 415
420 315 377
422 13 421
424 423 321
426 10 425
428 11 419
430 429 427
432 9 431
434 433 347
436 6 435
438 7 403
440 439 437
442 4 441
444 5 357
446 445 443
448 297 179
450 257 179
452 12 451
454 13 449
456 455 453
458 301 235
460 12 459
462 13 413
464 463 461
466 10 465
468 11 457
470 469 467
472 13 369
474 15 225
476 14 46
478 301 477
480 12 479
482 13 474
484 483 481
486 10 485
488 11 472
490 489 487
492 8 491
494 9 471
496 495 493
498 213 227
500 237 179
502 12 501
504 13 499
506 505 503
508 301 227
510 12 509
512 323 511
514 10 513
516 11 507
518 517 515
520 475 477
522 12 521
524 13 366
526 525 523
528 10 527
530 489 529
532 8 531
534 9 519
536 535 533
538 6 537
540 7 497
542 541 539
544 14 21
546 237 545
548 47 311
550 14 549
552 12 550
554 13 547
556 555 553
558 267 227
560 13 559
562 561 275
564 10 563
566 11 557
568 567 565
570 253 551
572 12 571
574 13 21
576 575 573
578 12 547
580 575 579
582 10 581
584 11 577
586 585 583
588 8 587
590 9 569
592 591 589
594 33 227
596 12 376
598 13 595
600 599 597
602 367 227
604 15 26
606 605 179
608 12 607
610 13 603
612 611 609
614 10 613
616 11 601
618 617 615
620 361 311
622 15 621
624 623 545
626 12 21
628 13 625
630 629 627
632 10 21
634 11 631
636 635 633
638 8 637
640 9 619
642 641 639
644 6 643
646 7 593
648 647 645
650 4 649
652 5 543
654 653 651
656 2 655
658 3 447
660 659 657
662 295 25
664 15 663
666 665 85
668 15 549
670 669 51
672 12 671
674 13 667
676 675 673
678 367 51
680 15 49
682 681 235
684 12 683
686 13 679
688 687 685
690 10 689
692 11 677
694 693 691
696 295 311
698 15 697
700 699 85
702 33 51
704 12 703
706 13 701
708 707 705
710 15 310
712 711 37
714 681 551
716 12 715
718 13 713
720 719 717
722 10 721
724 11 709
726 725 723
728 8 727
730 9 695
732 731 729
734 361 25
736 15 735
738 737 31
740 669 477
742 12 741
744 13 739
746 745 743
748 267 551
750 257 227
752 12 751
754 13 749
756 755 753
758 10 757
760 11 747
762 761 759
764 253 477
766 12 765
768 555 767
770 669 227
772 12 771
774 575 773
776 10 775
778 11 769
780 779 777
782 8 781
784 9 763
786 785 783
788 6 787
790 7 733
792 791 789
794 14 313
796 33 795
798 253 51
800 12 799
802 13 797
804 803 801
806 711 31
808 257 545
810 12 809
812 13 807
814 813 811
816 10 815
818 11 805
820 819 817
822 711 795
824 12 679
826 13 823
828 827 825
830 257 551
832 12 831
834 813 833
836 10 835
838 11 829
840 839 837
842 8 841
844 9 821
846 845 843
848 555 801
850 681 795
852 12 851
854 575 853
856 10 855
858 11 849
860 859 857
862 669 795
864 12 863
866 575 865
868 10 867
870 859 869
872 8 871
874 9 861
876 875 873
878 6 877
880 7 847
882 881 879
884 4 883
886 5 793
888 887 885
890 315 31
892 12 891
894 675 893
896 681 477
898 12 897
900 13 521
902 901 899
904 10 903
906 11 895
908 907 905
910 301 31
912 12 911
914 707 913
916 315 37
918 13 917
920 919 717
922 10 921
924 11 915
926 925 923
928 8 927
930 9 909
932 931 929
934 407 25
936 15 935
938 937 271
940 315 271
942 12 941
944 13 939
946 945 943
948 13 765
950 949 259
952 10 951
954 11 947
956 955 953
958 13 239
960 959 767
962 229 235
964 13 963
966 965 773
968 10 967
970 11 961
972 971 969
974 8 973
976 9 957
978 977 975
980 6 979
982 7 933
984 983 981
986 14 310
988 12 986
990 555 989
992 33 271
994 12 993
996 561 995
998 10 997
1000 11 991
1002 1001 999
1004 253 987
1006 12 1005
1008 575 1007
1010 33 545
1012 12 1011
1014 575 1013
1016 10 1015
1018 11 1009
1020 1019 1017
1022 8 1021
1024 9 1003
1026 1025 1023
1028 12 264
1030 599 1029
1032 611 217
1034 10 1033
1036 11 1031
1038 1037 1035
1040 301 795
1042 12 1041
1044 675 1043
1046 367 37
1048 10 1047
1050 11 1045
1052 1051 1049
1054 8 1053
1056 9 1039
1058 1057 1055
1060 6 1059
1062 7 1027
1064 1063 1061
1066 4 1065
1068 5 985
1070 1069 1067
1072 2 1071
1074 3 889
1076 1075 1073
1078 665 265
1080 301 271
1082 12 1081
1084 13 1079
1086 1085 1083
1088 367 235
1090 12 1089
1092 13 794
1094 1093 1091
1096 10 1095
1098 11 1087
1100 1099 1097
1102 229 271
1104 12 1103
1106 1085 1105
1108 367 271
1110 12 1109
1112 13 234
1114 1113 1111
1116 10 1115
1118 11 1107
1120 1119 1117
1122 8 1121
1124 9 1101
1126 1125 1123
1128 665 987
1130 13 1129
1132 1131 1083
1134 55 795
1136 12 603
1138 13 1135
1140 1139 1137
1142 10 1141
1144 11 1133
1146 1145 1143
1148 301 551
1150 367 477
1152 12 1151
1154 13 1149
1156 1155 1153
1158 33 265
1160 12 1159
1162 13 911
1164 1163 1161
1166 10 1165
1168 11 1157
1170 1169 1167
1172 8 1171
1174 9 1147
1176 1175 1173
1178 6 1177
1180 7 1127
1182 1181 1179
1184 13 664
1186 1185 943
1188 367 545
1190 12 1189
1192 13 1011
1194 1193 1191
1196 10 1195
1198 11 1187
1200 1199 1197
1202 1185 275
1204 13 264
1206 1205 1111
1208 10 1207
1210 11 1203
1212 1211 1209
1214 8 1213
1216 9 1201
1218 1217 1215
1220 937 551
1222 13 1221
1224 1223 893
1226 301 545
1228 12 823
1230 13 1227
1232 1231 1229
1234 10 1233
1236 11 1225
1238 1237 1235
1240 1155 825
1242 33 987
1244 12 1243
1246 1163 1245
1248 10 1247
1250 11 1241
1252 1251 1249
1254 8 1253
1256 9 1239
1258 1257 1255
1260 6 1259
1262 7 1219
1264 1263 1261
1266 4 1265
1268 5 1183
1270 1269 1267
1272 211 25
1274 15 1273
1276 1275 265
1278 13 1277
1280 1279 275
1282 253 271
1284 12 1283
1286 13 751
1288 1287 1285
1290 10 1289
1292 11 1281
1294 1293 1291
1296 1279 1105
1298 257 235
1300 13 1299
1302 1301 1285
1304 10 1303
1306 11 1297
1308 1307 1305
1310 8 1309
1312 9 1295
1314 1313 1311
1316 12 255
1318 13 226
1320 1319 1317
1322 10 1321
1324 1293 1323
1326 237 377
1328 13 1327
1330 1329 767
1332 681 227
1334 12 1333
1336 959 1335
1338 10 1337
1340 11 1331
1342 1341 1339
1344 8 1343
1346 9 1325
1348 1347 1345
1350 6 1349
1352 7 1315
1354 1353 1351
1356 363 477
1358 13 1357
1360 1359 305
1362 605 37
1364 711 51
1366 12 1365
1368 13 1363
1370 1369 1367
1372 10 1371
1374 11 1361
1376 1375 1373
1378 711 477
1380 12 1379
1382 13 604
1384 1383 1381
1386 10 1385
1388 1375 1387
1390 8 1389
1392 9 1377
1394 1393 1391
1396 297 37
1398 12 22
1400 13 1397
1402 1401 1399
1404 12 1047
1406 71 1405
1408 10 1407
1410 11 1403
1412 1411 1409
1414 9 1413
1416 6 1414
1418 7 1395
1420 1419 1417
1422 4 1421
1424 5 1355
1426 1425 1423
1428 2 1427
1430 3 1271
1432 1431 1429
1434 699 227
1436 12 313
1438 13 1435
1440 1439 1437
1442 33 377
1444 301 265
1446 12 1445
1448 13 1443
1450 1449 1447
1452 10 1451
1454 11 1441
1456 1455 1453
1458 229 795
1460 12 1459
1462 1439 1461
1464 33 235
1466 13 1465
1468 1467 1399
1470 10 1469
1472 11 1463
1474 1473 1471
1476 8 1475
1478 9 1457
1480 1479 1477
1482 407 311
1484 15 1483
1486 1485 271
1488 12 317
1490 13 1487
1492 1491 1489
1494 301 377
1496 12 1495
1498 13 479
1500 1499 1497
1502 10 1501
1504 11 1493
1506 1505 1503
1508 699 37
1510 13 1509
1512 1511 1043
1514 301 37
1516 12 1149
1518 13 1515
1520 1519 1517
1522 10 1521
1524 11 1513
1526 1525 1523
1528 8 1527
1530 9 1507
1532 1531 1529
1534 6 1533
1536 7 1481
1538 1537 1535
1540 699 179
1542 315 235
1544 12 1543
1546 13 1541
1548 1547 1545
1550 55 265
1552 12 1551
1554 1449 1553
1556 10 1555
1558 11 1549
1560 1559 1557
1562 1547 241
1564 12 52
1566 1205 1565
1568 10 1567
1570 11 1563
1572 1571 1569
1574 8 1573
1576 9 1561
1578 1577 1575
1580 1491 1545
1582 11 1581
1584 1583 1503
1586 1485 551
1588 315 545
1590 12 1589
1592 13 1587
1594 1593 1591
1596 1163 1517
1598 10 1597
1600 11 1595
1602 1601 1599
1604 8 1603
1606 9 1585
1608 1607 1605
1610 6 1609
1612 7 1579
1614 1613 1611
1616 4 1615
1618 5 1539
1620 1619 1617
1622 699 795
1624 13 1623
1626 1625 1437
1628 13 1495
1630 1629 1447
1632 10 1631
1634 11 1627
1636 1635 1633
1638 1625 1461
1640 1231 1043
1642 10 1641
1644 11 1639
1646 1645 1643
1648 8 1647
1650 9 1637
1652 1651 1649
1654 237 477
1656 13 1655
1658 1657 1497
1660 10 1659
1662 1505 1661
1664 9 1663
1666 1665 1529
1668 6 1667
1670 7 1653
1672 1671 1669
1674 367 795
1676 13 1675
1678 1677 801
1680 605 227
1682 12 1681
1684 1467 1683
1686 10 1685
1688 11 1679
1690 1689 1687
1692 605 795
1694 12 1693
1696 1193 1695
1698 10 1697
1700 1689 1699
1702 8 1701
1704 9 1691
1706 1705 1703
1708 13 233
1710 1709 767
1712 10 239
1714 11 1711
1716 1715 1713
1718 267 377
1720 13 1719
1722 1721 767
1724 11 1723
1726 1725 1713
1728 8 1727
1730 9 1717
1732 1731 1729
1734 6 1733
1736 7 1707
1738 1737 1735
1740 4 1739
1742 5 1673
1744 1743 1741
1746 2 1745
1748 3 1621
1750 1749 1747
1752 409 51
1754 13 1753
1756 1755 1043
1758 315 85
1760 711 179
1762 12 1761
1764 13 1759
1766 1765 1763
1768 10 1767
1770 11 1757
1772 1771 1769
1774 12 310
1776 919 1775
1778 10 1777
1780 1771 1779
1782 8 1781
1784 9 1773
1786 1785 1783
1788 297 987
1790 13 1789
1792 1791 511
1794 827 1763
1796 10 1795
1798 11 1793
1800 1799 1797
1802 455 1043
1804 525 1405
1806 10 1805
1808 11 1803
1810 1809 1807
1812 8 1811
1814 9 1801
1816 1815 1813
1818 6 1817
1820 7 1787
1822 1821 1819
1824 409 551
1826 13 1825
1828 1827 1043
1830 475 85
1832 711 85
1834 12 1833
1836 13 1831
1838 1837 1835
1840 10 1839
1842 11 1829
1844 1843 1841
1846 1827 1437
1848 13 891
1850 1849 1775
1852 10 1851
1854 11 1847
1856 1855 1853
1858 8 1857
1860 9 1845
1862 1861 1859
1864 1791 1043
1866 367 85
1868 12 1867
1870 1677 1869
1872 10 1871
1874 11 1865
1876 1875 1873
1878 455 511
1880 10 366
1882 11 1879
1884 1883 1881
1886 8 1885
1888 9 1877
1890 1889 1887
1892 6 1891
1894 7 1863
1896 1895 1893
1898 4 1897
1900 5 1823
1902 1901 1899
1904 711 227
1906 12 1905
1908 463 1907
1910 10 1909
1912 1771 1911
1914 9 1913
1916 1915 1783
1918 297 265
1920 13 1919
1922 1921 511
1924 323 1907
1926 10 1925
1928 11 1923
1930 1929 1927
1932 297 85
1934 13 1933
1936 1935 1043
1938 11 1937
1940 1939 1049
1942 8 1941
1944 9 1931
1946 1945 1943
1948 6 1947
1950 7 1917
1952 1951 1949
1954 1185 511
1956 11 1955
1958 1957 1049
1960 1957 1881
1962 8 1961
1964 9 1959
1966 1965 1963
1968 665 37
1970 13 1969
1972 1971 1043
1974 11 1973
1976 1975 1049
1978 9 1977
1980 1979 1055
1982 6 1981
1984 7 1967
1986 1985 1983
1988 4 1987
1990 5 1953
1992 1991 1989
1994 2 1993
1996 3 1903
1998 1997 1995
2000 10 38
2002 9 2000
2004 9 38
2006 6 2004
2008 7 2002
2010 2009 2007
2012 5 2011
2014 10 36
2016 9 2014
2018 9 36
2020 6 2018
2022 7 2016
2024 2023 2021
2026 5 2025
2028 2 2026
2030 3 2012
2032 2031 2029
i0 p_0
i1 p_1
i2 q_0
i3 q_1
o0 acc
{"is_completed":true,"output_vars":["acc"],"input_vars":["q_0","q_1","p_0","p_1"],"formula":"(((F ((p_0) && (F (p_1)))) && (F ((q_0) && (F (q_1))))) <-> (G (F (acc))))","total_time":16,"automaton":{"is_built":true,"build_duration":3,"total_states":19,"state_based_status":"true","prune_automaton_duration":0,"pruned_state_based_status":"true","prune_total_states":19,"total_edges":74},"dependency":{"dependency_approach":"automaton","tested_dependencies":[{"name":"acc","duration":0,"is_dependent":false,"tested_dependency_set":["q_0","q_1","p_0","p_1"]}],"total_duration":0,"is_completed":true,"skipped_dependencies":false,"total_pair_state":120,"search_pair_state_duration":0},"unate":{"skipped_unate":true},"synthesis":{"model_checking_status":"UNKNOWN","independent_strategy":{"duration":11,"realizability":"REALIZABLE","total_inputs":4,"total_outputs":1,"total_latches":6,"total_gates":1006},"dependent_strategy":{"duration":-1,"total_inputs":-1,"total_outputs":-1,"total_latches":-1,"total_gates":-1}}}
