aag 631 4 5 5 622
2
4
6
8
10 577
12 833
14 997
16 1095
18 1263
75
186
293
300
354
20 17 18
22 14 20
24 13 22
26 15 20
28 12 26
30 25 29
32 2 31
34 3 24
36 35 33
38 16 19
40 14 38
42 12 40
44 25 43
46 10 24
48 11 45
50 49 47
52 27 41
54 12 53
56 25 55
58 10 31
60 11 57
62 61 59
64 2 63
66 3 51
68 67 65
70 4 69
72 5 37
74 73 71
76 11 24
78 15 38
80 79 23
82 13 81
84 17 19
86 14 84
88 13 86
90 89 29
92 10 91
94 11 82
96 95 93
98 27 87
100 13 99
102 101 29
104 10 103
106 77 105
108 8 107
110 9 97
112 111 109
114 2 113
116 3 76
118 117 115
120 14 17
122 12 120
124 13 78
126 10 124
128 11 122
130 129 127
132 12 86
134 25 133
136 10 132
138 11 135
140 139 137
142 8 141
144 9 131
146 145 143
148 16 18
150 14 149
152 12 150
154 25 153
156 83 29
158 10 157
160 11 155
162 161 159
164 10 99
166 139 165
168 8 167
170 9 163
172 171 169
174 2 173
176 3 147
178 177 175
180 4 179
182 5 119
184 183 181
186 7 185
188 14 19
190 15 19
192 12 190
194 13 188
196 195 193
198 191 41
200 12 199
202 13 53
204 203 201
206 10 205
208 11 197
210 209 207
212 9 211
214 2 212
216 9 51
218 21 39
220 15 219
222 221 23
224 13 223
226 225 43
228 27 151
230 12 78
232 13 229
234 233 231
236 10 235
238 11 227
240 239 237
242 9 241
244 2 242
246 3 216
248 247 245
250 4 249
252 5 214
254 253 251
256 15 149
258 257 189
260 13 259
262 261 193
264 15 17
266 265 189
268 12 19
270 13 267
272 271 269
274 10 273
276 11 263
278 277 275
280 9 279
282 2 280
284 5 282
286 285 251
288 6 287
290 7 255
292 291 289
294 2 28
296 4 294
298 73 297
300 6 299
302 15 84
304 303 189
306 191 121
308 12 307
310 13 305
312 311 309
314 12 305
316 13 190
318 317 315
320 10 319
322 11 313
324 323 321
326 89 309
328 12 188
330 13 302
332 331 329
334 10 333
336 11 327
338 337 335
340 8 339
342 9 325
344 343 341
346 2 345
348 3 325
350 349 347
352 4 351
354 6 352
356 303 23
358 13 357
360 331 133
362 10 361
364 11 358
366 365 363
368 13 120
370 11 368
372 371 335
374 8 373
376 9 367
378 377 375
380 13 264
382 381 29
384 359 133
386 10 385
388 11 383
390 389 387
392 27 189
394 12 256
396 13 393
398 397 395
400 14 219
402 265 401
404 13 403
406 405 269
408 10 407
410 11 399
412 411 409
414 8 413
416 9 391
418 417 415
420 2 419
422 3 379
424 423 421
426 303 151
428 13 427
430 11 428
432 431 127
434 8 433
436 217 435
438 221 121
440 265 151
442 12 441
444 13 439
446 445 443
448 221 151
450 13 449
452 451 193
454 10 453
456 11 447
458 457 455
460 265 87
462 12 461
464 13 149
466 465 463
468 79 87
470 12 469
472 13 38
474 473 471
476 10 475
478 11 467
480 479 477
482 8 481
484 9 459
486 485 483
488 2 487
490 3 437
492 491 489
494 4 493
496 5 425
498 497 495
500 303 41
502 13 501
504 12 302
506 10 504
508 11 502
510 509 507
512 8 511
514 465 395
516 12 259
518 13 441
520 519 517
522 10 521
524 11 515
526 525 523
528 8 527
530 9 31
532 531 529
534 2 533
536 3 512
538 537 535
540 257 41
542 13 541
544 543 29
546 221 189
548 13 547
550 549 395
552 10 551
554 11 545
556 555 553
558 8 557
560 9 28
562 561 559
564 2 563
566 4 564
568 5 539
570 569 567
572 6 571
574 7 499
576 575 573
578 12 149
580 549 579
582 12 541
584 549 583
586 10 585
588 11 581
590 589 587
592 221 87
594 13 593
596 595 579
598 12 547
600 261 599
602 10 601
604 11 597
606 605 603
608 8 607
610 9 591
612 611 609
614 13 150
616 615 579
618 13 219
620 619 583
622 10 621
624 11 617
626 625 623
628 25 443
630 225 29
632 10 631
634 11 629
636 635 633
638 8 637
640 9 627
642 641 639
644 2 643
646 3 613
648 647 645
650 257 121
652 12 651
654 261 653
656 10 259
658 11 655
660 659 657
662 271 599
664 10 663
666 605 665
668 8 667
670 9 661
672 671 669
674 12 220
676 503 675
678 12 393
680 331 679
682 10 681
684 11 677
686 685 683
688 12 219
690 89 689
692 331 55
694 10 693
696 11 691
698 697 695
700 8 699
702 9 687
704 703 701
706 2 705
708 3 673
710 709 707
712 4 711
714 5 649
716 715 713
718 465 517
720 10 719
722 11 149
724 723 721
726 12 229
728 543 727
730 11 729
732 731 553
734 8 733
736 9 725
738 737 735
740 191 151
742 12 741
744 261 743
746 261 269
748 10 747
750 11 745
752 751 749
754 11 152
756 755 127
758 8 757
760 9 753
762 761 759
764 2 763
766 3 739
768 767 765
770 13 220
772 771 29
774 397 675
776 10 775
778 11 773
780 779 777
782 8 725
784 9 781
786 785 783
788 397 231
790 10 789
792 11 770
794 793 791
796 429 743
798 191 23
800 13 799
802 801 315
804 10 803
806 11 797
808 807 805
810 8 809
812 9 795
814 813 811
816 2 815
818 3 787
820 819 817
822 4 821
824 5 769
826 825 823
828 6 827
830 7 717
832 831 829
834 359 315
836 10 835
838 11 614
840 839 837
842 8 841
844 9 24
846 845 843
848 11 380
850 849 363
852 503 315
854 10 853
856 11 396
858 857 855
860 8 859
862 9 851
864 863 861
866 2 865
868 3 847
870 869 867
872 303 401
874 12 38
876 13 873
878 877 875
880 359 329
882 10 881
884 11 879
886 885 883
888 79 401
890 12 889
892 369 891
894 12 501
896 359 895
898 10 897
900 11 893
902 901 899
904 8 903
906 9 887
908 907 905
910 79 121
912 13 911
914 913 891
916 877 895
918 10 917
920 11 915
922 921 919
924 8 923
926 907 925
928 2 927
930 3 909
932 931 929
934 4 933
936 5 871
938 937 935
940 369 193
942 11 941
944 943 883
946 8 945
948 2 528
950 3 946
952 951 949
954 465 743
956 465 269
958 10 957
960 11 955
962 961 959
964 445 579
966 519 599
968 10 967
970 11 965
972 971 969
974 8 973
976 9 963
978 977 975
980 2 979
982 3 809
984 983 981
986 4 985
988 5 953
990 989 987
992 6 991
994 7 939
996 995 993
998 10 894
1000 209 999
1002 13 19
1004 1003 505
1006 203 895
1008 10 1007
1010 11 1005
1012 1011 1009
1014 8 1013
1016 213 1015
1018 2 1017
1020 3 1001
1022 1021 1019
1024 303 121
1026 12 1025
1028 89 1027
1030 125 505
1032 10 1031
1034 11 1029
1036 1035 1033
1038 12 84
1040 125 1039
1042 10 1041
1044 11 305
1046 1045 1043
1048 8 1047
1050 9 1037
1052 1051 1049
1054 1003 43
1056 473 505
1058 10 1057
1060 11 1055
1062 1061 1059
1064 8 1063
1066 2 1064
1068 3 1053
1070 1069 1067
1072 4 1071
1074 5 1023
1076 1075 1073
1078 2 974
1080 3 810
1082 1081 1079
1084 4 1083
1086 5 948
1088 1087 1085
1090 6 1089
1092 7 1077
1094 1093 1091
1096 225 727
1098 451 675
1100 10 1099
1102 11 1097
1104 1103 1101
1106 83 727
1108 913 29
1110 10 1109
1112 11 1107
1114 1113 1111
1116 12 449
1118 25 1117
1120 913 675
1122 10 1121
1124 11 1119
1126 1125 1123
1128 8 1127
1130 9 1115
1132 1131 1129
1134 2 1133
1136 3 1105
1138 1137 1135
1140 225 55
1142 233 675
1144 10 1143
1146 11 1141
1148 1147 1145
1150 12 20
1152 225 1151
1154 221 41
1156 12 1155
1158 233 1157
1160 10 1159
1162 11 1153
1164 1163 1161
1166 8 1165
1168 9 1149
1170 1169 1167
1172 27 121
1174 13 1173
1176 1175 1157
1178 10 1177
1180 11 20
1182 1181 1179
1184 8 1183
1186 9 63
1188 1187 1185
1190 2 1189
1192 3 1171
1194 1193 1191
1196 4 1195
1198 5 1139
1200 1199 1197
1202 771 727
1204 549 675
1206 10 1205
1208 11 1203
1210 1209 1207
1212 25 727
1214 11 1213
1216 1215 159
1218 9 1217
1220 1219 759
1222 2 1221
1224 3 1211
1226 1225 1223
1228 8 781
1230 737 1229
1232 429 579
1234 12 267
1236 801 1235
1238 10 1237
1240 11 1233
1242 1241 1239
1244 9 1243
1246 2 1244
1248 3 1231
1250 1249 1247
1252 4 1251
1254 5 1227
1256 1255 1253
1258 6 1257
1260 7 1201
1262 1261 1259
i0 b_0
i1 b_1
i2 grant_pwr
i3 obstacle
o0 f_0
o1 req_pwr
o2 open
o3 down
o4 up
{"is_completed":true,"output_vars":["req_pwr","open","down","up","f_0"],"input_vars":["obstacle","grant_pwr","b_0","b_1"],"formula":"(((! (b_0)) && (! (b_1))) -> (((true) && (! (f_0))) && ((((G ((((((b_0) && (! (((true) && (! (f_0))) && (open)))) -> (X (b_0))) && (((b_1) && (! (((true) && (f_0)) && (open)))) -> (X (b_1)))) && (((b_0) && (((true) && (! (f_0))) && (open))) -> (X (! (b_0))))) && (((b_1) && (((true) && (f_0)) && (open))) -> (X (! (b_1)))))) && ((G (F (req_pwr))) -> (G (F (grant_pwr))))) && (G (F (! (obstacle))))) -> ((((G (((((((((((((up) <-> (((true) && (! (f_0))) && (X ((true) && (f_0))))) && ((down) <-> (((true) && (f_0)) && (X ((true) && (! (f_0))))))) && (! ((up) && (down)))) && ((! (grant_pwr)) -> ((! (up)) && (! (down))))) && (((open) && (obstacle)) -> (X (open)))) && ((open) -> ((! (up)) && (! (down))))) && (((true) && (! (f_0))) -> (X (((true) && (! (f_0))) || ((true) && (f_0)))))) && (((true) && (f_0)) -> (X (((true) && (f_0)) || ((true) && (! (f_0))))))) && ((((true) && (! (f_0))) && (up)) -> (b_1))) && ((((true) && (f_0)) && (down)) -> ((b_0) || ((! (b_0)) && (! (b_1)))))) && ((((true) && (! (f_0))) && (open)) -> (b_0))) && ((((true) && (f_0)) && (open)) -> (b_1)))) && (G (F ((b_0) -> (((true) && (! (f_0))) && (open)))))) && (G (F ((b_1) -> (((true) && (f_0)) && (open)))))) && (! (F (G (((! (b_0)) && (! (b_1))) && (! ((true) && (! (f_0))))))))))))","total_time":39,"automaton":{"is_built":true,"build_duration":7,"total_states":22,"state_based_status":"true","prune_automaton_duration":0,"pruned_state_based_status":"true","prune_total_states":22,"total_edges":89},"dependency":{"dependency_approach":"automaton","tested_dependencies":[{"name":"f_0","duration":0,"is_dependent":false,"tested_dependency_set":["obstacle","grant_pwr","b_0","b_1","req_pwr","open","down","up"]},{"name":"up","duration":0,"is_dependent":false,"tested_dependency_set":["obstacle","grant_pwr","b_0","b_1","req_pwr","open","down","f_0"]},{"name":"down","duration":0,"is_dependent":false,"tested_dependency_set":["obstacle","grant_pwr","b_0","b_1","req_pwr","open","f_0","up"]},{"name":"open","duration":0,"is_dependent":false,"tested_dependency_set":["obstacle","grant_pwr","b_0","b_1","req_pwr","f_0","up","down"]},{"name":"req_pwr","duration":0,"is_dependent":false,"tested_dependency_set":["obstacle","grant_pwr","b_0","b_1","f_0","up","down","open"]}],"total_duration":0,"is_completed":true,"skipped_dependencies":false,"total_pair_state":151,"search_pair_state_duration":0},"unate":{"skipped_unate":true},"synthesis":{"model_checking_status":"UNKNOWN","independent_strategy":{"duration":30,"realizability":"REALIZABLE","total_inputs":4,"total_outputs":5,"total_latches":5,"total_gates":622},"dependent_strategy":{"duration":-1,"total_inputs":-1,"total_outputs":-1,"total_latches":-1,"total_gates":-1}}}
