Hierarchy reader flattened 2 instances of logic boxes and left 0 black boxes.
aag 87 2 14 13 71
2
4
6 133
8 140
10 151
12 159
14 1
16 97
18 161
20 163
22 165
24 167
26 169
28 171
30 173
32 175
13
38
51
0
59
62
64
66
68
70
72
74
113
34 32 3
36 12 3
38 36 34
40 12 2
42 32 4
44 42 40
46 32 5
48 46 40
50 49 45
52 17 14
54 13 4
56 54 53
58 57 45
60 13 2
62 60 18
64 60 20
66 60 22
68 60 24
70 60 26
72 60 28
74 60 30
76 13 3
78 76 30
80 76 24
82 81 79
84 76 28
86 76 26
88 87 85
90 88 82
92 13 5
94 92 53
96 95 49
98 76 22
100 99 35
102 76 20
104 76 18
106 105 103
108 106 100
110 108 96
112 110 90
114 37 4
116 6 2
118 11 9
120 118 117
122 120 114
124 119 2
126 125 7
128 117 13
130 128 127
132 131 123
134 116 8
136 117 9
138 137 13
140 138 135
142 13 10
144 142 135
146 13 11
148 146 134
150 149 145
152 36 7
154 152 118
156 142 134
158 157 155
160 105 58
162 103 63
164 99 65
166 81 67
168 87 69
170 85 71
172 79 73
174 75 35
i0 p0b0wait
i1 p0b0start
o0 u0finished0p1dbf1b
o1 u0finished0finished
o2 u0finished0p1dbt1b
o3 u0out0out
o4 u0out0f1dconst241b
o5 u0out0f1dconst251b
o6 u0out0f1dconst31b
o7 u0out0f1dconst41b
o8 u0out0f1dconst51b
o9 u0out0f1dconst61b
o10 u0out0f1dconst71b
o11 u0out0f1dconst81b
o12 u0out0f1dnone1b
{"is_completed":true,"output_vars":["u0out0f1dnone1b","u0out0f1dconst81b","u0out0f1dconst71b","u0out0f1dconst61b","u0out0f1dconst51b","u0out0f1dconst41b","u0out0f1dconst31b","u0out0f1dconst251b","u0out0f1dconst241b","u0out0out","u0finished0p1dbf1b","u0finished0p1dbt1b","u0finished0finished"],"input_vars":["p0b0wait","p0b0start"],"formula":"(((((((((((((G ((! (((u0finished0p1dbt1b) && (! ((u0finished0p1dbf1b) || (u0finished0finished)))) <-> ((! (((u0finished0p1dbf1b) && (! (u0finished0finished))) <-> ((u0finished0finished) && (! (u0finished0p1dbf1b))))) && (! (u0finished0p1dbt1b))))) && (! (((! (((! (((u0out0f1dconst251b) && (! (u0out0f1dconst61b))) <-> ((u0out0f1dconst61b) && (! (u0out0f1dconst251b))))) && (! (((u0out0out) || (u0out0f1dconst41b)) || (u0out0f1dconst81b)))) <-> ((! (((u0out0f1dconst41b) && (! ((u0out0f1dconst81b) || (u0out0out)))) <-> ((! (((u0out0f1dconst81b) && (! (u0out0out))) <-> ((u0out0out) && (! (u0out0f1dconst81b))))) && (! (u0out0f1dconst41b))))) && (! ((u0out0f1dconst251b) || (u0out0f1dconst61b)))))) && (! (((((u0out0f1dnone1b) || (u0out0f1dconst71b)) || (u0out0f1dconst51b)) || (u0out0f1dconst31b)) || (u0out0f1dconst241b)))) <-> ((! (((! (((u0out0f1dconst31b) && (! (u0out0f1dconst71b))) <-> ((u0out0f1dconst71b) && (! (u0out0f1dconst31b))))) && (! (((u0out0f1dconst241b) || (u0out0f1dconst51b)) || (u0out0f1dnone1b)))) <-> ((! (((u0out0f1dconst51b) && (! ((u0out0f1dnone1b) || (u0out0f1dconst241b)))) <-> ((! (((u0out0f1dnone1b) && (! (u0out0f1dconst241b))) <-> ((u0out0f1dconst241b) && (! (u0out0f1dnone1b))))) && (! (u0out0f1dconst51b))))) && (! ((u0out0f1dconst31b) || (u0out0f1dconst71b)))))) && (! (((((u0out0f1dconst81b) || (u0out0f1dconst61b)) || (u0out0f1dconst41b)) || (u0out0f1dconst251b)) || (u0out0out)))))))) && ((p0b0start) R ((p0b0start) -> (u0out0f1dconst241b)))) && (((u0out0f1dnone1b) U (p0b0start)) || (G (u0out0f1dnone1b)))) && ((u0out0f1dconst81b) R (u0finished0p1dbf1b))) && (G ((u0out0f1dconst241b) -> (X ((p0b0wait) R (((p0b0wait) -> (u0out0f1dconst251b)) && ((! (p0b0wait)) -> (u0out0f1dnone1b)))))))) && (G ((u0out0f1dconst251b) -> (X ((p0b0wait) R (((p0b0wait) -> (u0out0f1dconst31b)) && ((! (p0b0wait)) -> (u0out0f1dnone1b)))))))) && (G ((u0out0f1dconst31b) -> (X ((p0b0wait) R (((p0b0wait) -> (u0out0f1dconst41b)) && ((! (p0b0wait)) -> (u0out0f1dnone1b)))))))) && (G ((u0out0f1dconst41b) -> (X ((p0b0wait) R (((p0b0wait) -> (u0out0f1dconst51b)) && ((! (p0b0wait)) -> (u0out0f1dnone1b)))))))) && (G ((u0out0f1dconst51b) -> (X ((p0b0wait) R (((p0b0wait) -> (u0out0f1dconst61b)) && ((! (p0b0wait)) -> (u0out0f1dnone1b)))))))) && (G ((u0out0f1dconst61b) -> (X ((p0b0wait) R (((p0b0wait) -> (u0out0f1dconst71b)) && ((! (p0b0wait)) -> (u0out0f1dnone1b)))))))) && (G ((u0out0f1dconst71b) -> (X ((p0b0wait) R (((p0b0wait) -> (u0out0f1dconst81b)) && ((! (p0b0wait)) -> (u0out0f1dnone1b)))))))) && (G ((u0out0f1dconst81b) -> (X ((p0b0wait) R ((((p0b0wait) -> (((p0b0start) R ((p0b0start) -> (u0out0f1dconst241b))) && (((u0out0f1dnone1b) U (p0b0start)) || (G (u0out0f1dnone1b))))) && ((! (p0b0wait)) -> (u0out0f1dnone1b))) && ((p0b0wait) <-> (u0finished0p1dbt1b)))))))) && (G ((u0finished0p1dbt1b) -> (X ((u0out0f1dconst81b) R (u0finished0p1dbf1b))))))","total_time":134,"automaton":{"is_built":true,"build_duration":5,"total_states":9,"state_based_status":"true","prune_automaton_duration":0,"pruned_state_based_status":"true","prune_total_states":9,"total_edges":19},"dependency":{"dependency_approach":"automaton","tested_dependencies":[{"name":"u0finished0finished","duration":0,"is_dependent":true,"tested_dependency_set":["p0b0wait","p0b0start","u0out0f1dnone1b","u0out0f1dconst81b","u0out0f1dconst71b","u0out0f1dconst61b","u0out0f1dconst51b","u0out0f1dconst41b","u0out0f1dconst31b","u0out0f1dconst251b","u0out0f1dconst241b","u0out0out","u0finished0p1dbf1b","u0finished0p1dbt1b"]},{"name":"u0finished0p1dbt1b","duration":0,"is_dependent":true,"tested_dependency_set":["p0b0wait","p0b0start","u0out0f1dnone1b","u0out0f1dconst81b","u0out0f1dconst71b","u0out0f1dconst61b","u0out0f1dconst51b","u0out0f1dconst41b","u0out0f1dconst31b","u0out0f1dconst251b","u0out0f1dconst241b","u0out0out","u0finished0p1dbf1b"]},{"name":"u0finished0p1dbf1b","duration":0,"is_dependent":false,"tested_dependency_set":["p0b0wait","p0b0start","u0out0f1dnone1b","u0out0f1dconst81b","u0out0f1dconst71b","u0out0f1dconst61b","u0out0f1dconst51b","u0out0f1dconst41b","u0out0f1dconst31b","u0out0f1dconst251b","u0out0f1dconst241b","u0out0out"]},{"name":"u0out0out","duration":0,"is_dependent":true,"tested_dependency_set":["p0b0wait","p0b0start","u0out0f1dnone1b","u0out0f1dconst81b","u0out0f1dconst71b","u0out0f1dconst61b","u0out0f1dconst51b","u0out0f1dconst41b","u0out0f1dconst31b","u0out0f1dconst251b","u0out0f1dconst241b","u0finished0p1dbf1b"]},{"name":"u0out0f1dconst241b","duration":0,"is_dependent":true,"tested_dependency_set":["p0b0wait","p0b0start","u0out0f1dnone1b","u0out0f1dconst81b","u0out0f1dconst71b","u0out0f1dconst61b","u0out0f1dconst51b","u0out0f1dconst41b","u0out0f1dconst31b","u0out0f1dconst251b","u0finished0p1dbf1b"]},{"name":"u0out0f1dconst251b","duration":0,"is_dependent":true,"tested_dependency_set":["p0b0wait","p0b0start","u0out0f1dnone1b","u0out0f1dconst81b","u0out0f1dconst71b","u0out0f1dconst61b","u0out0f1dconst51b","u0out0f1dconst41b","u0out0f1dconst31b","u0finished0p1dbf1b"]},{"name":"u0out0f1dconst31b","duration":0,"is_dependent":true,"tested_dependency_set":["p0b0wait","p0b0start","u0out0f1dnone1b","u0out0f1dconst81b","u0out0f1dconst71b","u0out0f1dconst61b","u0out0f1dconst51b","u0out0f1dconst41b","u0finished0p1dbf1b"]},{"name":"u0out0f1dconst41b","duration":0,"is_dependent":true,"tested_dependency_set":["p0b0wait","p0b0start","u0out0f1dnone1b","u0out0f1dconst81b","u0out0f1dconst71b","u0out0f1dconst61b","u0out0f1dconst51b","u0finished0p1dbf1b"]},{"name":"u0out0f1dconst51b","duration":0,"is_dependent":true,"tested_dependency_set":["p0b0wait","p0b0start","u0out0f1dnone1b","u0out0f1dconst81b","u0out0f1dconst71b","u0out0f1dconst61b","u0finished0p1dbf1b"]},{"name":"u0out0f1dconst61b","duration":0,"is_dependent":true,"tested_dependency_set":["p0b0wait","p0b0start","u0out0f1dnone1b","u0out0f1dconst81b","u0out0f1dconst71b","u0finished0p1dbf1b"]},{"name":"u0out0f1dconst71b","duration":0,"is_dependent":true,"tested_dependency_set":["p0b0wait","p0b0start","u0out0f1dnone1b","u0out0f1dconst81b","u0finished0p1dbf1b"]},{"name":"u0out0f1dconst81b","duration":0,"is_dependent":true,"tested_dependency_set":["p0b0wait","p0b0start","u0out0f1dnone1b","u0finished0p1dbf1b"]},{"name":"u0out0f1dnone1b","duration":0,"is_dependent":true,"tested_dependency_set":["p0b0wait","p0b0start","u0finished0p1dbf1b"]}],"total_duration":2,"is_completed":true,"skipped_dependencies":false,"total_pair_state":9,"search_pair_state_duration":0},"unate":{"skipped_unate":true},"synthesis":{"remove_dependent_ap_duration":0,"clone_nba_with_dep":0,"synthesis_dependents_duration":3,"model_checking_status":"UNKNOWN","merge_strategies_duration":121,"final_strategy":{"duration":3,"total_inputs":3,"total_outputs":12,"total_latches":9,"total_gates":49},"independent_strategy":{"duration":0,"realizability":"REALIZABLE","total_inputs":2,"total_outputs":1,"total_latches":4,"total_gates":46},"dependent_strategy":{"duration":3,"total_inputs":3,"total_outputs":12,"total_latches":9,"total_gates":49}}}
