aag 11 2 2 3 7
2
4
6 1
8 15
18
20
22
10 4 3
12 5 2
14 9 6
16 15 13
18 16 11
20 15 10
22 15 12
i0 p0p0exit2event0top
i1 p0p0enter2event0bottom
o0 u0steps0steps
o1 u0steps0f1dmove1b
o2 u0steps0f1dstop1b
{"is_completed":true,"output_vars":["u0steps0f1dstop1b","u0steps0f1dmove1b","u0steps0steps"],"input_vars":["p0p0exit2event0top","p0p0enter2event0bottom"],"formula":"(((G (! (((u0steps0f1dmove1b) && (! ((u0steps0f1dstop1b) || (u0steps0steps)))) <-> ((! (((u0steps0f1dstop1b) && (! (u0steps0steps))) <-> ((u0steps0steps) && (! (u0steps0f1dstop1b))))) && (! (u0steps0f1dmove1b)))))) && (G (((p0p0enter2event0bottom) && (! (p0p0exit2event0top))) <-> (u0steps0f1dmove1b)))) && (G (((p0p0exit2event0top) && (! (p0p0enter2event0bottom))) <-> (u0steps0f1dstop1b))))","total_time":90,"automaton":{"is_built":true,"build_duration":0,"total_states":1,"state_based_status":"true","prune_automaton_duration":0,"pruned_state_based_status":"true","prune_total_states":1,"total_edges":1},"dependency":{"dependency_approach":"automaton","tested_dependencies":[{"name":"u0steps0steps","duration":0,"is_dependent":true,"tested_dependency_set":["p0p0exit2event0top","p0p0enter2event0bottom","u0steps0f1dstop1b","u0steps0f1dmove1b"]},{"name":"u0steps0f1dmove1b","duration":0,"is_dependent":true,"tested_dependency_set":["p0p0exit2event0top","p0p0enter2event0bottom","u0steps0f1dstop1b"]},{"name":"u0steps0f1dstop1b","duration":0,"is_dependent":true,"tested_dependency_set":["p0p0exit2event0top","p0p0enter2event0bottom"]}],"total_duration":0,"is_completed":true,"skipped_dependencies":false,"total_pair_state":1,"search_pair_state_duration":0},"unate":{"skipped_unate":true},"synthesis":{"remove_dependent_ap_duration":0,"clone_nba_with_dep":0,"synthesis_dependents_duration":0,"model_checking_status":"UNKNOWN","merge_strategies_duration":89,"final_strategy":{"duration":0,"total_inputs":2,"total_outputs":3,"total_latches":1,"total_gates":8},"independent_strategy":{"duration":0,"realizability":"REALIZABLE","total_inputs":2,"total_outputs":0,"total_latches":0,"total_gates":0},"dependent_strategy":{"duration":0,"total_inputs":2,"total_outputs":3,"total_latches":1,"total_gates":8}}}
