Hierarchy reader flattened 2 instances of logic boxes and left 0 black boxes.
aag 286 4 12 16 270
2
4
6
8
10 517
12 523
14 531
16 1
18 0
20 157
22 136
24 569
26 573
28 289
30 317
32 322
51
65
81
72
58
83
92
96
98
102
107
329
403
419
441
503
34 15 13
36 34 11
38 4 2
40 39 36
42 8 7
44 42 40
46 40 9
48 46 6
50 49 45
52 15 10
54 8 6
56 55 39
58 56 52
60 13 11
62 60 56
64 63 59
66 14 12
68 67 11
70 69 53
72 71 57
74 15 12
76 74 11
78 76 56
80 79 73
82 47 45
84 4 3
86 5 2
88 87 85
90 89 55
92 91 71
94 71 55
96 94 84
98 94 86
100 75 61
102 101 56
104 58 13
106 105 73
108 107 102
110 109 97
112 110 93
114 112 98
116 109 99
118 117 115
120 119 56
122 73 59
124 123 83
126 81 65
128 19 16
130 128 23
132 131 127
134 132 125
136 134 120
138 127 125
140 138 20
142 140 119
144 119 57
146 144 125
148 146 127
150 148 22
152 148 129
154 153 151
156 154 143
158 156 137
160 159 50
162 109 93
164 9 7
166 164 96
168 166 162
170 110 92
172 5 3
174 172 7
176 174 9
178 176 170
180 179 169
182 181 99
184 86 7
186 184 9
188 186 114
190 189 183
192 122 83
194 192 80
196 194 191
198 106 93
200 198 166
202 176 92
204 202 97
206 204 106
208 207 201
210 209 99
212 186 93
214 212 98
216 214 106
218 217 211
220 219 192
222 81 64
224 222 220
226 225 197
228 129 50
230 228 227
232 102 28
234 232 65
236 234 80
238 236 50
240 238 220
242 102 93
244 106 96
246 244 242
248 122 82
250 248 246
252 65 32
254 252 80
256 222 26
258 257 255
260 259 50
262 260 250
264 106 98
266 264 242
268 58 30
270 268 82
272 270 266
274 82 24
276 100 86
278 276 104
280 278 274
282 281 273
284 282 263
286 284 241
288 286 231
290 107 99
292 56 10
294 292 34
296 294 290
298 172 92
300 299 97
302 274 50
304 302 301
306 304 296
308 106 102
310 308 298
312 311 247
314 313 270
316 315 307
318 311 267
320 319 248
322 320 260
324 323 316
326 324 288
328 326 161
330 80 64
332 330 146
334 332 155
336 143 137
338 337 330
340 339 335
342 96 42
344 342 162
346 174 8
348 346 170
350 349 345
352 351 99
354 184 8
356 354 114
358 357 353
360 359 194
362 342 198
364 346 92
366 364 97
368 366 106
370 369 363
372 371 99
374 354 93
376 374 98
378 376 106
380 379 373
382 381 192
384 382 222
386 385 361
388 129 51
390 388 387
392 360 64
394 392 390
396 196 64
398 396 230
400 399 395
402 400 340
404 155 144
406 405 137
408 248 127
410 408 407
412 248 142
414 323 263
416 414 413
418 416 411
420 138 99
422 112 57
424 422 420
426 424 155
428 127 56
430 428 136
432 431 143
434 433 125
436 434 99
438 436 112
440 439 427
442 106 103
444 442 93
446 444 342
448 368 103
450 449 447
452 451 99
454 378 103
456 455 453
458 457 390
460 444 166
462 206 103
464 463 461
466 465 99
468 216 103
470 469 467
472 471 230
474 473 459
476 192 127
478 476 475
480 131 56
482 480 138
484 482 120
486 485 143
488 487 125
490 125 57
492 490 155
494 493 489
496 98 92
498 497 442
500 498 495
502 501 479
504 52 3
506 504 7
508 505 37
510 509 39
512 9 6
514 512 510
516 515 507
518 504 9
520 510 42
522 521 519
524 35 5
526 524 55
528 526 68
530 529 73
532 94 89
534 533 299
536 512 106
538 536 535
540 222 192
542 540 538
544 172 170
546 162 96
548 547 545
550 549 99
552 551 115
554 512 194
556 554 553
558 557 543
560 559 388
562 236 51
564 538 122
566 564 562
568 567 561
570 562 382
572 571 391
i0 p0p0write2finished0write2response
i1 p0p0read2finished0read2response
i2 p0p0do2write0spi2control
i3 p0p0do2read0spi2control
o0 u0last2cmd0spi2control
o1 u0read2control0f1dno2read2cmd1b
o2 u0read2control0f1dread2cmd0last2cmd1b
o3 u0spi2pins0spi2pins
o4 u0spi2pins0write2spi2pins
o5 u0spi2pins0f1ddefault2spi2pins1b
o6 u0spi2response0f1dno2response1b
o7 u0spi2response0f1dmake2read2out0read2response0last2cmd1b
o8 u0spi2response0f1dmake2write2out0write2response0last2cmd1b
o9 u0write2control0f1dno2write2cmd1b
o10 u0write2control0f1dwrite2cmd0last2cmd1b
o11 u0last2cmd0last2cmd
o12 u0read2control0read2control
o13 u0spi2pins0read2spi2pins
o14 u0spi2response0spi2response
o15 u0write2control0write2control
{"is_completed":true,"output_vars":["u0write2control0f1dwrite2cmd0last2cmd1b","u0write2control0f1dno2write2cmd1b","u0write2control0write2control","u0spi2response0f1dmake2write2out0write2response0last2cmd1b","u0spi2response0f1dmake2read2out0read2response0last2cmd1b","u0spi2response0f1dno2response1b","u0spi2response0spi2response","u0spi2pins0f1ddefault2spi2pins1b","u0spi2pins0write2spi2pins","u0spi2pins0spi2pins","u0spi2pins0read2spi2pins","u0read2control0f1dread2cmd0last2cmd1b","u0read2control0f1dno2read2cmd1b","u0read2control0read2control","u0last2cmd0spi2control","u0last2cmd0last2cmd"],"input_vars":["p0p0write2finished0write2response","p0p0read2finished0read2response","p0p0do2write0spi2control","p0p0do2read0spi2control"],"formula":"((G (((((! (((u0last2cmd0last2cmd) && (! (u0last2cmd0spi2control))) <-> ((u0last2cmd0spi2control) && (! (u0last2cmd0last2cmd))))) && (! (((u0read2control0f1dno2read2cmd1b) && (! ((u0read2control0f1dread2cmd0last2cmd1b) || (u0read2control0read2control)))) <-> ((! (((u0read2control0f1dread2cmd0last2cmd1b) && (! (u0read2control0read2control))) <-> ((u0read2control0read2control) && (! (u0read2control0f1dread2cmd0last2cmd1b))))) && (! (u0read2control0f1dno2read2cmd1b)))))) && (! (((! (((u0spi2pins0write2spi2pins) && (! (u0spi2pins0read2spi2pins))) <-> ((u0spi2pins0read2spi2pins) && (! (u0spi2pins0write2spi2pins))))) && (! ((u0spi2pins0f1ddefault2spi2pins1b) || (u0spi2pins0spi2pins)))) <-> ((! (((u0spi2pins0f1ddefault2spi2pins1b) && (! (u0spi2pins0spi2pins))) <-> ((u0spi2pins0spi2pins) && (! (u0spi2pins0f1ddefault2spi2pins1b))))) && (! ((u0spi2pins0write2spi2pins) || (u0spi2pins0read2spi2pins))))))) && (! (((! (((u0spi2response0f1dmake2read2out0read2response0last2cmd1b) && (! (u0spi2response0spi2response))) <-> ((u0spi2response0spi2response) && (! (u0spi2response0f1dmake2read2out0read2response0last2cmd1b))))) && (! ((u0spi2response0f1dmake2write2out0write2response0last2cmd1b) || (u0spi2response0f1dno2response1b)))) <-> ((! (((u0spi2response0f1dmake2write2out0write2response0last2cmd1b) && (! (u0spi2response0f1dno2response1b))) <-> ((u0spi2response0f1dno2response1b) && (! (u0spi2response0f1dmake2write2out0write2response0last2cmd1b))))) && (! ((u0spi2response0f1dmake2read2out0read2response0last2cmd1b) || (u0spi2response0spi2response))))))) && (! (((u0write2control0f1dno2write2cmd1b) && (! ((u0write2control0f1dwrite2cmd0last2cmd1b) || (u0write2control0write2control)))) <-> ((! (((u0write2control0f1dwrite2cmd0last2cmd1b) && (! (u0write2control0write2control))) <-> ((u0write2control0write2control) && (! (u0write2control0f1dwrite2cmd0last2cmd1b))))) && (! (u0write2control0f1dno2write2cmd1b))))))) && (((G (! ((p0p0do2read0spi2control) && (p0p0do2write0spi2control)))) && (G (! ((p0p0read2finished0read2response) && (p0p0write2finished0write2response))))) -> (((((((((((((((((p0p0do2read0spi2control) || (p0p0do2write0spi2control)) R (u0spi2pins0f1ddefault2spi2pins1b)) && (G (((u0spi2pins0read2spi2pins) || (u0spi2pins0write2spi2pins)) || (u0spi2pins0f1ddefault2spi2pins1b)))) && (G ((((p0p0do2read0spi2control) || (p0p0do2write0spi2control)) && (u0spi2pins0f1ddefault2spi2pins1b)) <-> (u0last2cmd0spi2control)))) && (G (((p0p0do2read0spi2control) && (u0spi2pins0f1ddefault2spi2pins1b)) -> (X (u0read2control0f1dread2cmd0last2cmd1b))))) && (G (((p0p0do2write0spi2control) && (u0spi2pins0f1ddefault2spi2pins1b)) -> (X (u0write2control0f1dwrite2cmd0last2cmd1b))))) && (G ((! ((p0p0do2read0spi2control) && (u0spi2pins0f1ddefault2spi2pins1b))) -> (X (u0read2control0f1dno2read2cmd1b))))) && (G ((! ((p0p0do2write0spi2control) && (u0spi2pins0f1ddefault2spi2pins1b))) -> (X (u0write2control0f1dno2write2cmd1b))))) && (G (((p0p0do2read0spi2control) && (u0spi2pins0f1ddefault2spi2pins1b)) -> (X ((p0p0read2finished0read2response) R (u0spi2pins0read2spi2pins)))))) && (G (((p0p0do2write0spi2control) && (u0spi2pins0f1ddefault2spi2pins1b)) -> (X ((p0p0write2finished0write2response) R (u0spi2pins0write2spi2pins)))))) && (G (((u0spi2pins0read2spi2pins) && (p0p0read2finished0read2response)) -> (X (((p0p0do2read0spi2control) || (p0p0do2write0spi2control)) R (u0spi2pins0f1ddefault2spi2pins1b)))))) && (G (((u0spi2pins0write2spi2pins) && (p0p0write2finished0write2response)) -> (X (((p0p0do2read0spi2control) || (p0p0do2write0spi2control)) R (u0spi2pins0f1ddefault2spi2pins1b)))))) && (G (! ((u0read2control0f1dread2cmd0last2cmd1b) && (u0write2control0f1dwrite2cmd0last2cmd1b))))) && (G ((p0p0read2finished0read2response) <-> (u0spi2response0f1dmake2read2out0read2response0last2cmd1b)))) && (G ((p0p0write2finished0write2response) <-> (u0spi2response0f1dmake2write2out0write2response0last2cmd1b)))) && (G (((u0spi2response0f1dmake2write2out0write2response0last2cmd1b) || (u0spi2response0f1dmake2read2out0read2response0last2cmd1b)) || (u0spi2response0f1dno2response1b))))))","total_time":233,"automaton":{"is_built":true,"build_duration":24,"total_states":8,"state_based_status":"true","prune_automaton_duration":0,"pruned_state_based_status":"true","prune_total_states":8,"total_edges":19},"dependency":{"dependency_approach":"automaton","tested_dependencies":[{"name":"u0last2cmd0last2cmd","duration":2,"is_dependent":true,"tested_dependency_set":["p0p0write2finished0write2response","p0p0read2finished0read2response","p0p0do2write0spi2control","p0p0do2read0spi2control","u0write2control0f1dwrite2cmd0last2cmd1b","u0write2control0f1dno2write2cmd1b","u0write2control0write2control","u0spi2response0f1dmake2write2out0write2response0last2cmd1b","u0spi2response0f1dmake2read2out0read2response0last2cmd1b","u0spi2response0f1dno2response1b","u0spi2response0spi2response","u0spi2pins0f1ddefault2spi2pins1b","u0spi2pins0write2spi2pins","u0spi2pins0spi2pins","u0spi2pins0read2spi2pins","u0read2control0f1dread2cmd0last2cmd1b","u0read2control0f1dno2read2cmd1b","u0read2control0read2control","u0last2cmd0spi2control"]},{"name":"u0last2cmd0spi2control","duration":0,"is_dependent":false,"tested_dependency_set":["p0p0write2finished0write2response","p0p0read2finished0read2response","p0p0do2write0spi2control","p0p0do2read0spi2control","u0write2control0f1dwrite2cmd0last2cmd1b","u0write2control0f1dno2write2cmd1b","u0write2control0write2control","u0spi2response0f1dmake2write2out0write2response0last2cmd1b","u0spi2response0f1dmake2read2out0read2response0last2cmd1b","u0spi2response0f1dno2response1b","u0spi2response0spi2response","u0spi2pins0f1ddefault2spi2pins1b","u0spi2pins0write2spi2pins","u0spi2pins0spi2pins","u0spi2pins0read2spi2pins","u0read2control0f1dread2cmd0last2cmd1b","u0read2control0f1dno2read2cmd1b","u0read2control0read2control"]},{"name":"u0read2control0read2control","duration":3,"is_dependent":true,"tested_dependency_set":["p0p0write2finished0write2response","p0p0read2finished0read2response","p0p0do2write0spi2control","p0p0do2read0spi2control","u0write2control0f1dwrite2cmd0last2cmd1b","u0write2control0f1dno2write2cmd1b","u0write2control0write2control","u0spi2response0f1dmake2write2out0write2response0last2cmd1b","u0spi2response0f1dmake2read2out0read2response0last2cmd1b","u0spi2response0f1dno2response1b","u0spi2response0spi2response","u0spi2pins0f1ddefault2spi2pins1b","u0spi2pins0write2spi2pins","u0spi2pins0spi2pins","u0spi2pins0read2spi2pins","u0read2control0f1dread2cmd0last2cmd1b","u0read2control0f1dno2read2cmd1b","u0last2cmd0spi2control"]},{"name":"u0read2control0f1dno2read2cmd1b","duration":0,"is_dependent":false,"tested_dependency_set":["p0p0write2finished0write2response","p0p0read2finished0read2response","p0p0do2write0spi2control","p0p0do2read0spi2control","u0write2control0f1dwrite2cmd0last2cmd1b","u0write2control0f1dno2write2cmd1b","u0write2control0write2control","u0spi2response0f1dmake2write2out0write2response0last2cmd1b","u0spi2response0f1dmake2read2out0read2response0last2cmd1b","u0spi2response0f1dno2response1b","u0spi2response0spi2response","u0spi2pins0f1ddefault2spi2pins1b","u0spi2pins0write2spi2pins","u0spi2pins0spi2pins","u0spi2pins0read2spi2pins","u0read2control0f1dread2cmd0last2cmd1b","u0last2cmd0spi2control"]},{"name":"u0read2control0f1dread2cmd0last2cmd1b","duration":0,"is_dependent":false,"tested_dependency_set":["p0p0write2finished0write2response","p0p0read2finished0read2response","p0p0do2write0spi2control","p0p0do2read0spi2control","u0write2control0f1dwrite2cmd0last2cmd1b","u0write2control0f1dno2write2cmd1b","u0write2control0write2control","u0spi2response0f1dmake2write2out0write2response0last2cmd1b","u0spi2response0f1dmake2read2out0read2response0last2cmd1b","u0spi2response0f1dno2response1b","u0spi2response0spi2response","u0spi2pins0f1ddefault2spi2pins1b","u0spi2pins0write2spi2pins","u0spi2pins0spi2pins","u0spi2pins0read2spi2pins","u0last2cmd0spi2control","u0read2control0f1dno2read2cmd1b"]},{"name":"u0spi2pins0read2spi2pins","duration":3,"is_dependent":true,"tested_dependency_set":["p0p0write2finished0write2response","p0p0read2finished0read2response","p0p0do2write0spi2control","p0p0do2read0spi2control","u0write2control0f1dwrite2cmd0last2cmd1b","u0write2control0f1dno2write2cmd1b","u0write2control0write2control","u0spi2response0f1dmake2write2out0write2response0last2cmd1b","u0spi2response0f1dmake2read2out0read2response0last2cmd1b","u0spi2response0f1dno2response1b","u0spi2response0spi2response","u0spi2pins0f1ddefault2spi2pins1b","u0spi2pins0write2spi2pins","u0spi2pins0spi2pins","u0last2cmd0spi2control","u0read2control0f1dno2read2cmd1b","u0read2control0f1dread2cmd0last2cmd1b"]},{"name":"u0spi2pins0spi2pins","duration":0,"is_dependent":false,"tested_dependency_set":["p0p0write2finished0write2response","p0p0read2finished0read2response","p0p0do2write0spi2control","p0p0do2read0spi2control","u0write2control0f1dwrite2cmd0last2cmd1b","u0write2control0f1dno2write2cmd1b","u0write2control0write2control","u0spi2response0f1dmake2write2out0write2response0last2cmd1b","u0spi2response0f1dmake2read2out0read2response0last2cmd1b","u0spi2response0f1dno2response1b","u0spi2response0spi2response","u0spi2pins0f1ddefault2spi2pins1b","u0spi2pins0write2spi2pins","u0last2cmd0spi2control","u0read2control0f1dno2read2cmd1b","u0read2control0f1dread2cmd0last2cmd1b"]},{"name":"u0spi2pins0write2spi2pins","duration":0,"is_dependent":false,"tested_dependency_set":["p0p0write2finished0write2response","p0p0read2finished0read2response","p0p0do2write0spi2control","p0p0do2read0spi2control","u0write2control0f1dwrite2cmd0last2cmd1b","u0write2control0f1dno2write2cmd1b","u0write2control0write2control","u0spi2response0f1dmake2write2out0write2response0last2cmd1b","u0spi2response0f1dmake2read2out0read2response0last2cmd1b","u0spi2response0f1dno2response1b","u0spi2response0spi2response","u0spi2pins0f1ddefault2spi2pins1b","u0last2cmd0spi2control","u0read2control0f1dno2read2cmd1b","u0read2control0f1dread2cmd0last2cmd1b","u0spi2pins0spi2pins"]},{"name":"u0spi2pins0f1ddefault2spi2pins1b","duration":0,"is_dependent":false,"tested_dependency_set":["p0p0write2finished0write2response","p0p0read2finished0read2response","p0p0do2write0spi2control","p0p0do2read0spi2control","u0write2control0f1dwrite2cmd0last2cmd1b","u0write2control0f1dno2write2cmd1b","u0write2control0write2control","u0spi2response0f1dmake2write2out0write2response0last2cmd1b","u0spi2response0f1dmake2read2out0read2response0last2cmd1b","u0spi2response0f1dno2response1b","u0spi2response0spi2response","u0last2cmd0spi2control","u0read2control0f1dno2read2cmd1b","u0read2control0f1dread2cmd0last2cmd1b","u0spi2pins0spi2pins","u0spi2pins0write2spi2pins"]},{"name":"u0spi2response0spi2response","duration":4,"is_dependent":true,"tested_dependency_set":["p0p0write2finished0write2response","p0p0read2finished0read2response","p0p0do2write0spi2control","p0p0do2read0spi2control","u0write2control0f1dwrite2cmd0last2cmd1b","u0write2control0f1dno2write2cmd1b","u0write2control0write2control","u0spi2response0f1dmake2write2out0write2response0last2cmd1b","u0spi2response0f1dmake2read2out0read2response0last2cmd1b","u0spi2response0f1dno2response1b","u0last2cmd0spi2control","u0read2control0f1dno2read2cmd1b","u0read2control0f1dread2cmd0last2cmd1b","u0spi2pins0spi2pins","u0spi2pins0write2spi2pins","u0spi2pins0f1ddefault2spi2pins1b"]},{"name":"u0spi2response0f1dno2response1b","duration":0,"is_dependent":false,"tested_dependency_set":["p0p0write2finished0write2response","p0p0read2finished0read2response","p0p0do2write0spi2control","p0p0do2read0spi2control","u0write2control0f1dwrite2cmd0last2cmd1b","u0write2control0f1dno2write2cmd1b","u0write2control0write2control","u0spi2response0f1dmake2write2out0write2response0last2cmd1b","u0spi2response0f1dmake2read2out0read2response0last2cmd1b","u0last2cmd0spi2control","u0read2control0f1dno2read2cmd1b","u0read2control0f1dread2cmd0last2cmd1b","u0spi2pins0spi2pins","u0spi2pins0write2spi2pins","u0spi2pins0f1ddefault2spi2pins1b"]},{"name":"u0spi2response0f1dmake2read2out0read2response0last2cmd1b","duration":0,"is_dependent":false,"tested_dependency_set":["p0p0write2finished0write2response","p0p0read2finished0read2response","p0p0do2write0spi2control","p0p0do2read0spi2control","u0write2control0f1dwrite2cmd0last2cmd1b","u0write2control0f1dno2write2cmd1b","u0write2control0write2control","u0spi2response0f1dmake2write2out0write2response0last2cmd1b","u0last2cmd0spi2control","u0read2control0f1dno2read2cmd1b","u0read2control0f1dread2cmd0last2cmd1b","u0spi2pins0spi2pins","u0spi2pins0write2spi2pins","u0spi2pins0f1ddefault2spi2pins1b","u0spi2response0f1dno2response1b"]},{"name":"u0spi2response0f1dmake2write2out0write2response0last2cmd1b","duration":0,"is_dependent":false,"tested_dependency_set":["p0p0write2finished0write2response","p0p0read2finished0read2response","p0p0do2write0spi2control","p0p0do2read0spi2control","u0write2control0f1dwrite2cmd0last2cmd1b","u0write2control0f1dno2write2cmd1b","u0write2control0write2control","u0last2cmd0spi2control","u0read2control0f1dno2read2cmd1b","u0read2control0f1dread2cmd0last2cmd1b","u0spi2pins0spi2pins","u0spi2pins0write2spi2pins","u0spi2pins0f1ddefault2spi2pins1b","u0spi2response0f1dno2response1b","u0spi2response0f1dmake2read2out0read2response0last2cmd1b"]},{"name":"u0write2control0write2control","duration":5,"is_dependent":true,"tested_dependency_set":["p0p0write2finished0write2response","p0p0read2finished0read2response","p0p0do2write0spi2control","p0p0do2read0spi2control","u0write2control0f1dwrite2cmd0last2cmd1b","u0write2control0f1dno2write2cmd1b","u0last2cmd0spi2control","u0read2control0f1dno2read2cmd1b","u0read2control0f1dread2cmd0last2cmd1b","u0spi2pins0spi2pins","u0spi2pins0write2spi2pins","u0spi2pins0f1ddefault2spi2pins1b","u0spi2response0f1dno2response1b","u0spi2response0f1dmake2read2out0read2response0last2cmd1b","u0spi2response0f1dmake2write2out0write2response0last2cmd1b"]},{"name":"u0write2control0f1dno2write2cmd1b","duration":0,"is_dependent":false,"tested_dependency_set":["p0p0write2finished0write2response","p0p0read2finished0read2response","p0p0do2write0spi2control","p0p0do2read0spi2control","u0write2control0f1dwrite2cmd0last2cmd1b","u0last2cmd0spi2control","u0read2control0f1dno2read2cmd1b","u0read2control0f1dread2cmd0last2cmd1b","u0spi2pins0spi2pins","u0spi2pins0write2spi2pins","u0spi2pins0f1ddefault2spi2pins1b","u0spi2response0f1dno2response1b","u0spi2response0f1dmake2read2out0read2response0last2cmd1b","u0spi2response0f1dmake2write2out0write2response0last2cmd1b"]},{"name":"u0write2control0f1dwrite2cmd0last2cmd1b","duration":0,"is_dependent":false,"tested_dependency_set":["p0p0write2finished0write2response","p0p0read2finished0read2response","p0p0do2write0spi2control","p0p0do2read0spi2control","u0last2cmd0spi2control","u0read2control0f1dno2read2cmd1b","u0read2control0f1dread2cmd0last2cmd1b","u0spi2pins0spi2pins","u0spi2pins0write2spi2pins","u0spi2pins0f1ddefault2spi2pins1b","u0spi2response0f1dno2response1b","u0spi2response0f1dmake2read2out0read2response0last2cmd1b","u0spi2response0f1dmake2write2out0write2response0last2cmd1b","u0write2control0f1dno2write2cmd1b"]}],"total_duration":21,"is_completed":true,"skipped_dependencies":false,"total_pair_state":18,"search_pair_state_duration":0},"unate":{"skipped_unate":true},"synthesis":{"remove_dependent_ap_duration":0,"clone_nba_with_dep":0,"synthesis_dependents_duration":5,"model_checking_status":"UNKNOWN","merge_strategies_duration":158,"final_strategy":{"duration":5,"total_inputs":15,"total_outputs":5,"total_latches":8,"total_gates":723},"independent_strategy":{"duration":22,"realizability":"REALIZABLE","total_inputs":4,"total_outputs":11,"total_latches":3,"total_gates":121},"dependent_strategy":{"duration":5,"total_inputs":15,"total_outputs":5,"total_latches":8,"total_gates":723}}}
