Hierarchy reader flattened 2 instances of logic boxes and left 0 black boxes.
aag 172 5 13 3 154
2
4
6
8
10
12 227
14 233
16 1
18 0
20 257
22 266
24 274
26 287
28 313
30 321
32 329
34 345
36 125
69
89
219
38 14 13
40 39 9
42 14 12
44 43 8
46 45 41
48 6 5
50 48 11
52 50 47
54 7 5
56 54 10
58 15 12
60 13 8
62 61 59
64 63 3
66 64 56
68 67 53
70 46 4
72 59 5
74 73 7
76 74 71
78 6 4
80 79 77
82 81 11
84 54 3
86 85 10
88 87 83
90 68 54
92 90 88
94 48 10
96 94 69
98 96 88
100 11 7
102 100 68
104 102 89
106 105 93
108 106 99
110 109 34
112 110 92
114 10 8
116 114 90
118 116 88
120 118 30
122 92 36
124 123 121
126 88 68
128 19 16
130 128 25
132 54 28
134 23 21
136 134 33
138 136 133
140 138 130
142 141 126
144 143 124
146 96 8
148 147 117
150 88 26
152 150 149
154 152 118
156 115 90
158 156 88
160 69 56
162 161 157
164 88 30
166 164 163
168 166 158
170 169 155
172 170 144
174 101 5
176 174 115
178 176 69
180 179 157
182 181 88
184 183 105
186 185 26
188 186 158
190 9 3
192 190 56
194 193 51
196 195 69
198 191 10
200 199 90
202 201 197
204 203 88
206 205 105
208 207 129
210 200 88
212 210 208
214 213 189
216 214 172
218 216 113
220 38 8
222 221 72
224 223 100
226 224 71
228 15 13
230 228 54
232 230 199
234 89 69
236 78 11
238 237 87
240 239 131
242 241 21
244 243 235
246 22 8
248 246 88
250 32 9
252 250 68
254 253 249
256 254 245
258 22 9
260 238 131
262 260 69
264 263 259
266 265 88
268 238 68
270 268 89
272 271 89
274 273 131
276 69 50
278 276 88
280 279 105
282 281 30
284 209 187
286 284 283
288 160 88
290 288 34
292 161 91
294 293 28
296 294 88
298 129 3
300 299 27
302 114 54
304 302 301
306 304 69
308 306 88
310 309 297
312 310 291
314 309 167
316 288 36
318 317 291
320 318 314
322 32 8
324 322 68
326 270 131
328 327 325
330 302 298
332 330 126
334 333 153
336 104 36
338 98 28
340 339 337
342 340 334
344 342 111
i0 p0p0resume2app0sys
i1 p0p0play2button0sys
i2 p0p0pause2button0sys
i3 p0p0music2playing0mp
i4 p0p0leave2app0sys
o0 u0ctrl0f1dpause0mp1b
o1 u0ctrl0f1dplay0tr0f1dtrack2pos0mp1b1b
o2 u0ctrl0ctrl
{"is_completed":true,"output_vars":["u0ctrl0f1dplay0tr0f1dtrack2pos0mp1b1b","u0ctrl0f1dpause0mp1b","u0ctrl0ctrl"],"input_vars":["p0p0resume2app0sys","p0p0play2button0sys","p0p0pause2button0sys","p0p0music2playing0mp","p0p0leave2app0sys"],"formula":"((G (! (((u0ctrl0f1dpause0mp1b) && (! ((u0ctrl0f1dplay0tr0f1dtrack2pos0mp1b1b) || (u0ctrl0ctrl)))) <-> ((! (((u0ctrl0f1dplay0tr0f1dtrack2pos0mp1b1b) && (! (u0ctrl0ctrl))) <-> ((u0ctrl0ctrl) && (! (u0ctrl0f1dplay0tr0f1dtrack2pos0mp1b1b))))) && (! (u0ctrl0f1dpause0mp1b)))))) && ((((((G ((p0p0leave2app0sys) -> ((! (p0p0play2button0sys)) && (! (p0p0pause2button0sys))))) && (G (! ((p0p0play2button0sys) && (p0p0pause2button0sys))))) && (G (! ((p0p0leave2app0sys) && (p0p0resume2app0sys))))) && (G ((u0ctrl0f1dplay0tr0f1dtrack2pos0mp1b1b) -> (X (((p0p0music2playing0mp) U (u0ctrl0f1dpause0mp1b)) || (G (p0p0music2playing0mp))))))) && (G ((u0ctrl0f1dpause0mp1b) -> (X (((! (p0p0music2playing0mp)) U (u0ctrl0f1dplay0tr0f1dtrack2pos0mp1b1b)) || (G (! (p0p0music2playing0mp)))))))) -> ((((((G ((p0p0play2button0sys) -> (u0ctrl0f1dplay0tr0f1dtrack2pos0mp1b1b))) && (G ((p0p0pause2button0sys) -> (u0ctrl0f1dpause0mp1b)))) && (G ((u0ctrl0f1dpause0mp1b) -> ((p0p0leave2app0sys) || (p0p0pause2button0sys))))) && (G ((u0ctrl0f1dplay0tr0f1dtrack2pos0mp1b1b) -> (! (p0p0leave2app0sys))))) && (G (((((u0ctrl0f1dpause0mp1b) && (p0p0pause2button0sys)) -> (! (u0ctrl0f1dplay0tr0f1dtrack2pos0mp1b1b))) U (p0p0play2button0sys)) || (G (((u0ctrl0f1dpause0mp1b) && (p0p0pause2button0sys)) -> (! (u0ctrl0f1dplay0tr0f1dtrack2pos0mp1b1b))))))) && (G (((p0p0music2playing0mp) && (p0p0leave2app0sys)) -> (((! ((u0ctrl0f1dpause0mp1b) && (((! ((! (p0p0pause2button0sys)) -> (u0ctrl0f1dplay0tr0f1dtrack2pos0mp1b1b))) U (((! (p0p0pause2button0sys)) -> (u0ctrl0f1dplay0tr0f1dtrack2pos0mp1b1b)) && (! (p0p0leave2app0sys)))) || (G (! ((! (p0p0pause2button0sys)) -> (u0ctrl0f1dplay0tr0f1dtrack2pos0mp1b1b))))))) U (((u0ctrl0f1dpause0mp1b) && (((! ((! (p0p0pause2button0sys)) -> (u0ctrl0f1dplay0tr0f1dtrack2pos0mp1b1b))) U (((! (p0p0pause2button0sys)) -> (u0ctrl0f1dplay0tr0f1dtrack2pos0mp1b1b)) && (! (p0p0leave2app0sys)))) || (G (! ((! (p0p0pause2button0sys)) -> (u0ctrl0f1dplay0tr0f1dtrack2pos0mp1b1b)))))) && (p0p0leave2app0sys))) || (G (! ((u0ctrl0f1dpause0mp1b) && (((! ((! (p0p0pause2button0sys)) -> (u0ctrl0f1dplay0tr0f1dtrack2pos0mp1b1b))) U (((! (p0p0pause2button0sys)) -> (u0ctrl0f1dplay0tr0f1dtrack2pos0mp1b1b)) && (! (p0p0leave2app0sys)))) || (G (! ((! (p0p0pause2button0sys)) -> (u0ctrl0f1dplay0tr0f1dtrack2pos0mp1b1b))))))))))))))","total_time":106,"automaton":{"is_built":true,"build_duration":3,"total_states":10,"state_based_status":"true","prune_automaton_duration":0,"pruned_state_based_status":"true","prune_total_states":10,"total_edges":32},"dependency":{"dependency_approach":"automaton","tested_dependencies":[{"name":"u0ctrl0ctrl","duration":0,"is_dependent":true,"tested_dependency_set":["p0p0resume2app0sys","p0p0play2button0sys","p0p0pause2button0sys","p0p0music2playing0mp","p0p0leave2app0sys","u0ctrl0f1dplay0tr0f1dtrack2pos0mp1b1b","u0ctrl0f1dpause0mp1b"]},{"name":"u0ctrl0f1dpause0mp1b","duration":0,"is_dependent":false,"tested_dependency_set":["p0p0resume2app0sys","p0p0play2button0sys","p0p0pause2button0sys","p0p0music2playing0mp","p0p0leave2app0sys","u0ctrl0f1dplay0tr0f1dtrack2pos0mp1b1b"]},{"name":"u0ctrl0f1dplay0tr0f1dtrack2pos0mp1b1b","duration":0,"is_dependent":false,"tested_dependency_set":["p0p0resume2app0sys","p0p0play2button0sys","p0p0pause2button0sys","p0p0music2playing0mp","p0p0leave2app0sys","u0ctrl0f1dpause0mp1b"]}],"total_duration":0,"is_completed":true,"skipped_dependencies":false,"total_pair_state":33,"search_pair_state_duration":0},"unate":{"skipped_unate":true},"synthesis":{"remove_dependent_ap_duration":0,"clone_nba_with_dep":0,"synthesis_dependents_duration":0,"model_checking_status":"UNKNOWN","merge_strategies_duration":97,"final_strategy":{"duration":0,"total_inputs":7,"total_outputs":1,"total_latches":10,"total_gates":201},"independent_strategy":{"duration":2,"realizability":"REALIZABLE","total_inputs":5,"total_outputs":2,"total_latches":2,"total_gates":48},"dependent_strategy":{"duration":0,"total_inputs":7,"total_outputs":1,"total_latches":10,"total_gates":201}}}
