Hierarchy reader flattened 2 instances of logic boxes and left 0 black boxes.
aag 77 2 10 6 65
2
4
6 5
8 3
10 1
12 0
14 125
16 133
18 143
20 149
22 155
24 118
28
32
0
0
109
118
26 4 3
28 26 6
30 5 2
32 30 8
34 5 3
36 34 33
38 36 14
40 29 26
42 13 10
44 43 26
46 44 40
48 47 39
50 33 5
52 50 20
54 29 3
56 43 3
58 56 54
60 59 53
62 60 48
64 36 24
66 43 34
68 67 65
70 40 24
72 43 5
74 8 2
76 75 72
78 25 21
80 79 30
82 80 33
84 83 77
86 84 71
88 86 68
90 36 22
92 50 24
94 93 91
96 25 23
98 97 54
100 36 20
102 101 99
104 102 94
106 104 88
108 106 62
110 21 15
112 110 42
114 112 96
116 4 2
118 116 115
120 91 39
122 120 101
124 122 68
126 28 18
128 127 57
130 128 39
132 130 102
134 32 16
136 135 73
138 136 39
140 138 53
142 140 94
144 43 30
146 145 83
148 146 135
150 97 40
152 127 45
154 152 151
i0 p0b0btn2sec
i1 p0b0btn2min
o0 u0time0f1dinc2minutes0time1b
o1 u0time0f1dinc2seconds0time1b
o2 u0time0f1dcountdown0time0dt1b
o3 u0time0f1dcountup0time0dt1b
o4 u0time0time
o5 u0time0f1dzero1b
{"is_completed":true,"output_vars":["u0time0f1dcountup0time0dt1b","u0time0f1dcountdown0time0dt1b","u0time0f1dinc2seconds0time1b","u0time0f1dinc2minutes0time1b","u0time0f1dzero1b","u0time0time"],"input_vars":["p0b0btn2sec","p0b0btn2min"],"formula":"((((G (! (((! (((u0time0f1dinc2minutes0time1b) && (! ((u0time0time) || (u0time0f1dcountdown0time0dt1b)))) <-> ((! (((u0time0time) && (! (u0time0f1dcountdown0time0dt1b))) <-> ((u0time0f1dcountdown0time0dt1b) && (! (u0time0time))))) && (! (u0time0f1dinc2minutes0time1b))))) && (! (((u0time0f1dcountup0time0dt1b) || (u0time0f1dinc2seconds0time1b)) || (u0time0f1dzero1b)))) <-> ((! (((u0time0f1dinc2seconds0time1b) && (! ((u0time0f1dzero1b) || (u0time0f1dcountup0time0dt1b)))) <-> ((! (((u0time0f1dzero1b) && (! (u0time0f1dcountup0time0dt1b))) <-> ((u0time0f1dcountup0time0dt1b) && (! (u0time0f1dzero1b))))) && (! (u0time0f1dinc2seconds0time1b))))) && (! (((u0time0f1dcountdown0time0dt1b) || (u0time0f1dinc2minutes0time1b)) || (u0time0time))))))) && (G (((p0b0btn2min) && (p0b0btn2sec)) <-> (u0time0f1dzero1b)))) && (G ((((! ((u0time0f1dcountup0time0dt1b) || (u0time0f1dcountdown0time0dt1b))) && ((! (p0b0btn2min)) && (X (p0b0btn2min)))) && (X (! (p0b0btn2sec)))) <-> (X (u0time0f1dinc2minutes0time1b))))) && (G ((((! ((u0time0f1dcountup0time0dt1b) || (u0time0f1dcountdown0time0dt1b))) && ((! (p0b0btn2sec)) && (X (p0b0btn2sec)))) && (X (! (p0b0btn2min)))) <-> (X (u0time0f1dinc2seconds0time1b)))))","total_time":110,"automaton":{"is_built":true,"build_duration":3,"total_states":7,"state_based_status":"true","prune_automaton_duration":0,"pruned_state_based_status":"true","prune_total_states":7,"total_edges":30},"dependency":{"dependency_approach":"automaton","tested_dependencies":[{"name":"u0time0time","duration":0,"is_dependent":true,"tested_dependency_set":["p0b0btn2sec","p0b0btn2min","u0time0f1dcountup0time0dt1b","u0time0f1dcountdown0time0dt1b","u0time0f1dinc2seconds0time1b","u0time0f1dinc2minutes0time1b","u0time0f1dzero1b"]},{"name":"u0time0f1dzero1b","duration":0,"is_dependent":true,"tested_dependency_set":["p0b0btn2sec","p0b0btn2min","u0time0f1dcountup0time0dt1b","u0time0f1dcountdown0time0dt1b","u0time0f1dinc2seconds0time1b","u0time0f1dinc2minutes0time1b"]},{"name":"u0time0f1dinc2minutes0time1b","duration":0,"is_dependent":false,"tested_dependency_set":["p0b0btn2sec","p0b0btn2min","u0time0f1dcountup0time0dt1b","u0time0f1dcountdown0time0dt1b","u0time0f1dinc2seconds0time1b"]},{"name":"u0time0f1dinc2seconds0time1b","duration":0,"is_dependent":false,"tested_dependency_set":["p0b0btn2sec","p0b0btn2min","u0time0f1dcountup0time0dt1b","u0time0f1dcountdown0time0dt1b","u0time0f1dinc2minutes0time1b"]},{"name":"u0time0f1dcountdown0time0dt1b","duration":0,"is_dependent":false,"tested_dependency_set":["p0b0btn2sec","p0b0btn2min","u0time0f1dcountup0time0dt1b","u0time0f1dinc2minutes0time1b","u0time0f1dinc2seconds0time1b"]},{"name":"u0time0f1dcountup0time0dt1b","duration":0,"is_dependent":false,"tested_dependency_set":["p0b0btn2sec","p0b0btn2min","u0time0f1dinc2minutes0time1b","u0time0f1dinc2seconds0time1b","u0time0f1dcountdown0time0dt1b"]}],"total_duration":1,"is_completed":true,"skipped_dependencies":false,"total_pair_state":12,"search_pair_state_duration":0},"unate":{"skipped_unate":true},"synthesis":{"remove_dependent_ap_duration":0,"clone_nba_with_dep":0,"synthesis_dependents_duration":0,"model_checking_status":"UNKNOWN","merge_strategies_duration":102,"final_strategy":{"duration":0,"total_inputs":6,"total_outputs":2,"total_latches":7,"total_gates":169},"independent_strategy":{"duration":1,"realizability":"REALIZABLE","total_inputs":2,"total_outputs":4,"total_latches":2,"total_gates":4},"dependent_strategy":{"duration":0,"total_inputs":6,"total_outputs":2,"total_latches":7,"total_gates":169}}}
