Hierarchy reader flattened 2 instances of logic boxes and left 0 black boxes.
aag 5 2 2 6 1
2
4
6 1
8 11
5
4
5
4
0
0
10 9 6
i0 p0p0slow0speed
i1 p0p0clear2ahead0track
o0 u0accel0f1ddeaccel1b
o1 u0accel0f1dspeed2up1b
o2 u0brakes0f1dhit2brakes1b
o3 u0brakes0f1doff2brakes1b
o4 u0accel0accel
o5 u0brakes0brakes
{"is_completed":true,"output_vars":["u0brakes0f1doff2brakes1b","u0brakes0f1dhit2brakes1b","u0brakes0brakes","u0accel0f1dspeed2up1b","u0accel0f1ddeaccel1b","u0accel0accel"],"input_vars":["p0p0slow0speed","p0p0clear2ahead0track"],"formula":"(((G ((! (((u0accel0f1ddeaccel1b) && (! ((u0accel0f1dspeed2up1b) || (u0accel0accel)))) <-> ((! (((u0accel0f1dspeed2up1b) && (! (u0accel0accel))) <-> ((u0accel0accel) && (! (u0accel0f1dspeed2up1b))))) && (! (u0accel0f1ddeaccel1b))))) && (! (((u0brakes0f1dhit2brakes1b) && (! ((u0brakes0f1doff2brakes1b) || (u0brakes0brakes)))) <-> ((! (((u0brakes0f1doff2brakes1b) && (! (u0brakes0brakes))) <-> ((u0brakes0brakes) && (! (u0brakes0f1doff2brakes1b))))) && (! (u0brakes0f1dhit2brakes1b))))))) && (G ((((u0accel0f1ddeaccel1b) && (u0brakes0f1dhit2brakes1b)) U ((p0p0slow0speed) || (p0p0clear2ahead0track))) || (G ((u0accel0f1ddeaccel1b) && (u0brakes0f1dhit2brakes1b)))))) && (G ((p0p0clear2ahead0track) -> ((u0accel0f1dspeed2up1b) && (u0brakes0f1doff2brakes1b)))))","total_time":86,"automaton":{"is_built":true,"build_duration":0,"total_states":1,"state_based_status":"true","prune_automaton_duration":0,"pruned_state_based_status":"true","prune_total_states":1,"total_edges":1},"dependency":{"dependency_approach":"automaton","tested_dependencies":[{"name":"u0accel0accel","duration":0,"is_dependent":true,"tested_dependency_set":["p0p0slow0speed","p0p0clear2ahead0track","u0brakes0f1doff2brakes1b","u0brakes0f1dhit2brakes1b","u0brakes0brakes","u0accel0f1dspeed2up1b","u0accel0f1ddeaccel1b"]},{"name":"u0accel0f1ddeaccel1b","duration":0,"is_dependent":false,"tested_dependency_set":["p0p0slow0speed","p0p0clear2ahead0track","u0brakes0f1doff2brakes1b","u0brakes0f1dhit2brakes1b","u0brakes0brakes","u0accel0f1dspeed2up1b"]},{"name":"u0accel0f1dspeed2up1b","duration":0,"is_dependent":false,"tested_dependency_set":["p0p0slow0speed","p0p0clear2ahead0track","u0brakes0f1doff2brakes1b","u0brakes0f1dhit2brakes1b","u0brakes0brakes","u0accel0f1ddeaccel1b"]},{"name":"u0brakes0brakes","duration":0,"is_dependent":true,"tested_dependency_set":["p0p0slow0speed","p0p0clear2ahead0track","u0brakes0f1doff2brakes1b","u0brakes0f1dhit2brakes1b","u0accel0f1ddeaccel1b","u0accel0f1dspeed2up1b"]},{"name":"u0brakes0f1dhit2brakes1b","duration":0,"is_dependent":false,"tested_dependency_set":["p0p0slow0speed","p0p0clear2ahead0track","u0brakes0f1doff2brakes1b","u0accel0f1ddeaccel1b","u0accel0f1dspeed2up1b"]},{"name":"u0brakes0f1doff2brakes1b","duration":0,"is_dependent":false,"tested_dependency_set":["p0p0slow0speed","p0p0clear2ahead0track","u0accel0f1ddeaccel1b","u0accel0f1dspeed2up1b","u0brakes0f1dhit2brakes1b"]}],"total_duration":0,"is_completed":true,"skipped_dependencies":false,"total_pair_state":1,"search_pair_state_duration":0},"unate":{"skipped_unate":true},"synthesis":{"remove_dependent_ap_duration":0,"clone_nba_with_dep":0,"synthesis_dependents_duration":0,"model_checking_status":"UNKNOWN","merge_strategies_duration":84,"final_strategy":{"duration":0,"total_inputs":6,"total_outputs":2,"total_latches":1,"total_gates":31},"independent_strategy":{"duration":0,"realizability":"REALIZABLE","total_inputs":2,"total_outputs":4,"total_latches":0,"total_gates":0},"dependent_strategy":{"duration":0,"total_inputs":6,"total_outputs":2,"total_latches":1,"total_gates":31}}}
