Hierarchy reader flattened 2 instances of logic boxes and left 0 black boxes.
aag 114 3 9 8 102
2
4
6
8 208
10 1
12 0
14 215
16 217
18 223
20 175
22 225
24 229
30
31
36
40
46
50
151
207
26 9 7
28 4 2
30 29 26
32 5 2
34 32 6
36 34 8
38 27 5
40 39 2
42 6 3
44 8 4
46 44 42
48 36 16
50 48 30
52 28 16
54 52 41
56 32 26
58 13 10
60 26 3
62 60 59
64 62 56
66 60 20
68 67 65
70 68 55
72 29 7
74 72 27
76 75 61
78 77 18
80 41 37
82 73 59
84 82 80
86 24 7
88 86 77
90 89 85
92 90 79
94 92 70
96 80 31
98 97 61
100 29 16
102 100 99
104 18 6
106 104 41
108 37 6
110 108 24
112 111 107
114 108 41
116 114 113
118 117 103
120 40 36
122 42 5
124 123 47
126 31 22
128 126 125
130 128 121
132 126 34
134 133 131
136 135 96
138 72 59
140 121 14
142 141 139
144 143 99
146 145 137
148 146 118
150 148 94
152 140 47
154 47 41
156 155 57
158 157 100
160 159 153
162 47 6
164 162 110
166 130 122
168 167 165
170 168 160
172 67 63
174 172 133
176 162 106
178 177 79
180 178 174
182 155 29
184 183 82
186 59 56
188 56 20
190 189 187
192 56 16
194 87 53
196 194 139
198 196 193
200 198 190
202 200 185
204 202 180
206 204 170
208 61 37
210 194 83
212 210 107
214 212 141
216 139 101
218 77 59
220 79 49
222 220 219
224 190 131
226 193 187
228 226 111
i0 p0p0clicked0toggle2button
i1 p0p0clicked0counter2button
i2 p0p0activated0toggle
o0 u0counter2button0f1dset2label0counter2button0value1b
o1 u0counter2button0f1dset2label0counter2button0f1dminus2one1b1b
o2 u0toggle0f1doff1b
o3 u0toggle0f1don1b
o4 u0value0f1dinc0value1b
o5 u0counter2button0counter2button
o6 u0toggle0toggle
o7 u0value0value
{"is_completed":true,"output_vars":["u0value0f1dinc0value1b","u0value0value","u0toggle0f1don1b","u0toggle0f1doff1b","u0toggle0toggle","u0counter2button0f1dset2label0counter2button0f1dminus2one1b1b","u0counter2button0f1dset2label0counter2button0value1b","u0counter2button0counter2button"],"input_vars":["p0p0clicked0toggle2button","p0p0clicked0counter2button","p0p0activated0toggle"],"formula":"((G (((! (((u0counter2button0f1dset2label0counter2button0value1b) && (! ((u0counter2button0f1dset2label0counter2button0f1dminus2one1b1b) || (u0counter2button0counter2button)))) <-> ((! (((u0counter2button0f1dset2label0counter2button0f1dminus2one1b1b) && (! (u0counter2button0counter2button))) <-> ((u0counter2button0counter2button) && (! (u0counter2button0f1dset2label0counter2button0f1dminus2one1b1b))))) && (! (u0counter2button0f1dset2label0counter2button0value1b))))) && (! (((u0toggle0f1doff1b) && (! ((u0toggle0f1don1b) || (u0toggle0toggle)))) <-> ((! (((u0toggle0f1don1b) && (! (u0toggle0toggle))) <-> ((u0toggle0toggle) && (! (u0toggle0f1don1b))))) && (! (u0toggle0f1doff1b)))))) && (! (((u0value0value) && (! (u0value0f1dinc0value1b))) <-> ((u0value0f1dinc0value1b) && (! (u0value0value))))))) && (((((((! (p0p0activated0toggle)) U (u0toggle0f1don1b)) || (G (! (p0p0activated0toggle)))) && (G (! ((p0p0clicked0toggle2button) && (p0p0clicked0counter2button))))) && (G ((u0toggle0f1don1b) -> (X (((p0p0activated0toggle) U (u0toggle0f1doff1b)) || (G (p0p0activated0toggle))))))) && (G ((u0toggle0f1doff1b) -> (X (((! (p0p0activated0toggle)) U (u0toggle0f1don1b)) || (G (! (p0p0activated0toggle)))))))) -> ((((G ((! (p0p0activated0toggle)) <-> (u0counter2button0f1dset2label0counter2button0value1b))) && (G ((p0p0activated0toggle) <-> (u0counter2button0f1dset2label0counter2button0f1dminus2one1b1b)))) && (G ((p0p0clicked0toggle2button) <-> ((p0p0activated0toggle) <-> (X (! (p0p0activated0toggle))))))) && (G (((p0p0clicked0counter2button) && (p0p0activated0toggle)) <-> (u0value0f1dinc0value1b))))))","total_time":138,"automaton":{"is_built":true,"build_duration":5,"total_states":7,"state_based_status":"true","prune_automaton_duration":0,"pruned_state_based_status":"true","prune_total_states":7,"total_edges":19},"dependency":{"dependency_approach":"automaton","tested_dependencies":[{"name":"u0counter2button0counter2button","duration":0,"is_dependent":true,"tested_dependency_set":["p0p0clicked0toggle2button","p0p0clicked0counter2button","p0p0activated0toggle","u0value0f1dinc0value1b","u0value0value","u0toggle0f1don1b","u0toggle0f1doff1b","u0toggle0toggle","u0counter2button0f1dset2label0counter2button0f1dminus2one1b1b","u0counter2button0f1dset2label0counter2button0value1b"]},{"name":"u0counter2button0f1dset2label0counter2button0value1b","duration":0,"is_dependent":false,"tested_dependency_set":["p0p0clicked0toggle2button","p0p0clicked0counter2button","p0p0activated0toggle","u0value0f1dinc0value1b","u0value0value","u0toggle0f1don1b","u0toggle0f1doff1b","u0toggle0toggle","u0counter2button0f1dset2label0counter2button0f1dminus2one1b1b"]},{"name":"u0counter2button0f1dset2label0counter2button0f1dminus2one1b1b","duration":0,"is_dependent":false,"tested_dependency_set":["p0p0clicked0toggle2button","p0p0clicked0counter2button","p0p0activated0toggle","u0value0f1dinc0value1b","u0value0value","u0toggle0f1don1b","u0toggle0f1doff1b","u0toggle0toggle","u0counter2button0f1dset2label0counter2button0value1b"]},{"name":"u0toggle0toggle","duration":0,"is_dependent":true,"tested_dependency_set":["p0p0clicked0toggle2button","p0p0clicked0counter2button","p0p0activated0toggle","u0value0f1dinc0value1b","u0value0value","u0toggle0f1don1b","u0toggle0f1doff1b","u0counter2button0f1dset2label0counter2button0value1b","u0counter2button0f1dset2label0counter2button0f1dminus2one1b1b"]},{"name":"u0toggle0f1doff1b","duration":0,"is_dependent":false,"tested_dependency_set":["p0p0clicked0toggle2button","p0p0clicked0counter2button","p0p0activated0toggle","u0value0f1dinc0value1b","u0value0value","u0toggle0f1don1b","u0counter2button0f1dset2label0counter2button0value1b","u0counter2button0f1dset2label0counter2button0f1dminus2one1b1b"]},{"name":"u0toggle0f1don1b","duration":0,"is_dependent":false,"tested_dependency_set":["p0p0clicked0toggle2button","p0p0clicked0counter2button","p0p0activated0toggle","u0value0f1dinc0value1b","u0value0value","u0counter2button0f1dset2label0counter2button0value1b","u0counter2button0f1dset2label0counter2button0f1dminus2one1b1b","u0toggle0f1doff1b"]},{"name":"u0value0value","duration":0,"is_dependent":true,"tested_dependency_set":["p0p0clicked0toggle2button","p0p0clicked0counter2button","p0p0activated0toggle","u0value0f1dinc0value1b","u0counter2button0f1dset2label0counter2button0value1b","u0counter2button0f1dset2label0counter2button0f1dminus2one1b1b","u0toggle0f1doff1b","u0toggle0f1don1b"]},{"name":"u0value0f1dinc0value1b","duration":0,"is_dependent":false,"tested_dependency_set":["p0p0clicked0toggle2button","p0p0clicked0counter2button","p0p0activated0toggle","u0counter2button0f1dset2label0counter2button0value1b","u0counter2button0f1dset2label0counter2button0f1dminus2one1b1b","u0toggle0f1doff1b","u0toggle0f1don1b"]}],"total_duration":2,"is_completed":true,"skipped_dependencies":false,"total_pair_state":20,"search_pair_state_duration":0},"unate":{"skipped_unate":true},"synthesis":{"remove_dependent_ap_duration":0,"clone_nba_with_dep":0,"synthesis_dependents_duration":2,"model_checking_status":"UNKNOWN","merge_strategies_duration":125,"final_strategy":{"duration":2,"total_inputs":8,"total_outputs":3,"total_latches":7,"total_gates":525},"independent_strategy":{"duration":2,"realizability":"REALIZABLE","total_inputs":3,"total_outputs":5,"total_latches":1,"total_gates":20},"dependent_strategy":{"duration":2,"total_inputs":8,"total_outputs":3,"total_latches":7,"total_gates":525}}}
