aag 10 3 2 3 5
2
4
6
8 1
10 13
0
18
20
12 11 8
14 4 3
16 14 7
18 17 13
20 16 13
i0 p0p0gt0counter0f1dthirtyfour1b
i1 p0p0is2even0counter
i2 p0p0eqz0counter
o0 u0spc0spc
o1 u0spc0f1dhigh1b
o2 u0spc0f1dlow1b
{"is_completed":true,"output_vars":["u0spc0f1dlow1b","u0spc0f1dhigh1b","u0spc0spc"],"input_vars":["p0p0gt0counter0f1dthirtyfour1b","p0p0is2even0counter","p0p0eqz0counter"],"formula":"(((G (! (((u0spc0f1dhigh1b) && (! ((u0spc0f1dlow1b) || (u0spc0spc)))) <-> ((! (((u0spc0f1dlow1b) && (! (u0spc0spc))) <-> ((u0spc0spc) && (! (u0spc0f1dlow1b))))) && (! (u0spc0f1dhigh1b)))))) && (G ((((! (p0p0is2even0counter)) || (p0p0gt0counter0f1dthirtyfour1b)) || (p0p0eqz0counter)) <-> (u0spc0f1dhigh1b)))) && (G ((! (((! (p0p0is2even0counter)) || (p0p0gt0counter0f1dthirtyfour1b)) || (p0p0eqz0counter))) <-> (u0spc0f1dlow1b))))","total_time":103,"automaton":{"is_built":true,"build_duration":0,"total_states":1,"state_based_status":"true","prune_automaton_duration":0,"pruned_state_based_status":"true","prune_total_states":1,"total_edges":1},"dependency":{"dependency_approach":"automaton","tested_dependencies":[{"name":"u0spc0spc","duration":0,"is_dependent":true,"tested_dependency_set":["p0p0gt0counter0f1dthirtyfour1b","p0p0is2even0counter","p0p0eqz0counter","u0spc0f1dlow1b","u0spc0f1dhigh1b"]},{"name":"u0spc0f1dhigh1b","duration":0,"is_dependent":true,"tested_dependency_set":["p0p0gt0counter0f1dthirtyfour1b","p0p0is2even0counter","p0p0eqz0counter","u0spc0f1dlow1b"]},{"name":"u0spc0f1dlow1b","duration":0,"is_dependent":true,"tested_dependency_set":["p0p0gt0counter0f1dthirtyfour1b","p0p0is2even0counter","p0p0eqz0counter"]}],"total_duration":0,"is_completed":true,"skipped_dependencies":false,"total_pair_state":1,"search_pair_state_duration":0},"unate":{"skipped_unate":true},"synthesis":{"remove_dependent_ap_duration":0,"clone_nba_with_dep":0,"synthesis_dependents_duration":0,"model_checking_status":"UNKNOWN","merge_strategies_duration":97,"final_strategy":{"duration":0,"total_inputs":3,"total_outputs":3,"total_latches":1,"total_gates":6},"independent_strategy":{"duration":0,"realizability":"REALIZABLE","total_inputs":3,"total_outputs":0,"total_latches":0,"total_gates":0},"dependent_strategy":{"duration":0,"total_inputs":3,"total_outputs":3,"total_latches":1,"total_gates":6}}}
