Hierarchy reader flattened 2 instances of logic boxes and left 0 black boxes.
aag 53 3 6 6 44
2
4
6
8 3
10 1
12 0
14 107
16 42
18 42
22
45
55
87
101
102
20 7 2
22 20 8
24 13 10
26 25 2
28 14 2
30 28 23
32 31 27
34 23 20
36 34 33
38 19 15
40 38 24
42 41 3
44 43 37
46 6 2
48 46 23
50 48 18
52 48 33
54 53 51
56 4 2
58 56 6
60 58 50
62 20 5
64 63 59
66 65 33
68 22 16
70 68 62
72 7 4
74 73 41
76 6 5
78 77 3
80 78 74
82 81 71
84 82 67
86 84 61
88 69 31
90 56 7
92 90 89
94 39 3
96 95 24
98 97 72
100 99 93
102 76 41
104 69 32
106 104 51
i0 p0p0zero0users
i1 p0p0exit2event0top
i2 p0p0enter2event0bottom
o0 u0steps0f1dstop1b
o1 u0steps0steps
o2 u0steps0f1dmove1b
o3 u0users0users
o4 u0users0f1ddec0users1b
o5 u0users0f1dinc0users1b
{"is_completed":true,"output_vars":["u0users0f1dinc0users1b","u0users0f1ddec0users1b","u0users0users","u0steps0f1dstop1b","u0steps0f1dmove1b","u0steps0steps"],"input_vars":["p0p0zero0users","p0p0exit2event0top","p0p0enter2event0bottom"],"formula":"(((((G ((! (((u0steps0f1dmove1b) && (! ((u0steps0f1dstop1b) || (u0steps0steps)))) <-> ((! (((u0steps0f1dstop1b) && (! (u0steps0steps))) <-> ((u0steps0steps) && (! (u0steps0f1dstop1b))))) && (! (u0steps0f1dmove1b))))) && (! (((u0users0f1ddec0users1b) && (! ((u0users0f1dinc0users1b) || (u0users0users)))) <-> ((! (((u0users0f1dinc0users1b) && (! (u0users0users))) <-> ((u0users0users) && (! (u0users0f1dinc0users1b))))) && (! (u0users0f1ddec0users1b))))))) && (G (((p0p0enter2event0bottom) && (! (p0p0exit2event0top))) <-> (u0users0f1dinc0users1b)))) && (G (((p0p0exit2event0top) && (! (p0p0enter2event0bottom))) <-> (u0users0f1ddec0users1b)))) && (G (((p0p0zero0users) && (p0p0enter2event0bottom)) <-> (u0steps0f1dmove1b)))) && (G ((((! (p0p0zero0users)) && (X (p0p0zero0users))) && (X (! (p0p0enter2event0bottom)))) <-> (X (u0steps0f1dstop1b)))))","total_time":97,"automaton":{"is_built":true,"build_duration":2,"total_states":4,"state_based_status":"true","prune_automaton_duration":0,"pruned_state_based_status":"true","prune_total_states":4,"total_edges":10},"dependency":{"dependency_approach":"automaton","tested_dependencies":[{"name":"u0steps0steps","duration":0,"is_dependent":true,"tested_dependency_set":["p0p0zero0users","p0p0exit2event0top","p0p0enter2event0bottom","u0users0f1dinc0users1b","u0users0f1ddec0users1b","u0users0users","u0steps0f1dstop1b","u0steps0f1dmove1b"]},{"name":"u0steps0f1dmove1b","duration":0,"is_dependent":true,"tested_dependency_set":["p0p0zero0users","p0p0exit2event0top","p0p0enter2event0bottom","u0users0f1dinc0users1b","u0users0f1ddec0users1b","u0users0users","u0steps0f1dstop1b"]},{"name":"u0steps0f1dstop1b","duration":0,"is_dependent":false,"tested_dependency_set":["p0p0zero0users","p0p0exit2event0top","p0p0enter2event0bottom","u0users0f1dinc0users1b","u0users0f1ddec0users1b","u0users0users"]},{"name":"u0users0users","duration":0,"is_dependent":true,"tested_dependency_set":["p0p0zero0users","p0p0exit2event0top","p0p0enter2event0bottom","u0users0f1dinc0users1b","u0users0f1ddec0users1b","u0steps0f1dstop1b"]},{"name":"u0users0f1ddec0users1b","duration":0,"is_dependent":true,"tested_dependency_set":["p0p0zero0users","p0p0exit2event0top","p0p0enter2event0bottom","u0users0f1dinc0users1b","u0steps0f1dstop1b"]},{"name":"u0users0f1dinc0users1b","duration":0,"is_dependent":true,"tested_dependency_set":["p0p0zero0users","p0p0exit2event0top","p0p0enter2event0bottom","u0steps0f1dstop1b"]}],"total_duration":1,"is_completed":true,"skipped_dependencies":false,"total_pair_state":5,"search_pair_state_duration":0},"unate":{"skipped_unate":true},"synthesis":{"remove_dependent_ap_duration":0,"clone_nba_with_dep":0,"synthesis_dependents_duration":1,"model_checking_status":"UNKNOWN","merge_strategies_duration":90,"final_strategy":{"duration":1,"total_inputs":4,"total_outputs":5,"total_latches":4,"total_gates":94},"independent_strategy":{"duration":0,"realizability":"REALIZABLE","total_inputs":3,"total_outputs":1,"total_latches":1,"total_gates":2},"dependent_strategy":{"duration":1,"total_inputs":4,"total_outputs":5,"total_latches":4,"total_gates":94}}}
