Hierarchy reader flattened 2 instances of logic boxes and left 0 black boxes.
aag 736 11 16 8 709
2
4
6
8
10
12
14
16
18
20
22
24 1
26 0
28 1423
30 1431
32 1442
34 1445
36 1445
38 1445
40 1451
42 1463
44 1359
46 1465
48 1469
50 1471
52 1473
54 1311
82
149
197
309
393
1159
1305
1413
56 17 11
58 22 10
60 21 19
62 60 16
64 62 58
66 65 57
68 14 12
70 22 18
72 71 3
74 72 68
76 8 4
78 76 6
80 78 74
82 80 67
84 16 2
86 85 68
88 86 71
90 9 5
92 10 6
94 92 90
96 95 88
98 97 20
100 8 3
102 101 5
104 103 68
106 105 17
108 68 3
110 108 77
112 111 16
114 113 107
116 115 18
118 22 8
120 119 19
122 90 17
124 123 3
126 125 120
128 127 117
130 129 92
132 18 6
134 133 87
136 87 11
138 137 23
140 139 18
142 141 135
144 142 131
146 145 21
148 147 99
150 9 4
152 150 108
154 152 56
156 152 10
158 157 155
160 132 23
162 160 159
164 68 2
166 164 8
168 166 58
170 169 153
172 19 17
174 172 6
176 174 171
178 177 163
180 179 21
182 86 9
184 10 4
186 184 182
188 187 155
190 71 6
192 190 20
194 192 189
196 195 181
198 101 68
200 199 17
202 201 113
204 23 10
206 204 203
208 207 19
210 69 17
212 211 113
214 213 11
216 8 5
218 217 108
220 219 16
222 221 201
224 223 58
226 225 215
228 226 208
230 198 5
232 231 153
234 233 17
236 108 16
238 237 10
240 238 235
242 17 3
244 243 76
246 245 86
248 247 11
250 23 18
252 250 249
254 252 241
256 255 229
258 257 6
260 243 5
262 261 8
264 263 86
266 265 10
268 266 22
270 100 4
272 271 86
274 273 11
276 71 7
278 276 275
280 278 207
282 280 269
284 283 21
286 284 259
288 86 77
290 289 11
292 291 267
294 293 7
296 183 10
298 297 249
300 299 6
302 301 71
304 302 295
306 305 20
308 307 287
310 17 4
312 310 164
314 313 237
316 315 11
318 166 5
320 318 17
322 321 6
324 322 317
326 325 23
328 327 18
330 321 237
332 331 11
334 164 9
336 334 4
338 318 23
340 339 337
342 341 17
344 19 6
346 344 343
348 346 333
350 312 22
352 351 237
354 353 10
356 217 151
358 164 17
360 358 357
362 361 7
364 362 355
366 365 21
368 366 349
370 368 329
372 91 86
374 373 92
376 76 17
378 376 108
380 379 93
382 11 7
384 71 20
386 384 383
388 386 381
390 388 375
392 391 371
394 148 83
396 392 196
398 396 309
400 22 11
402 400 334
404 164 23
406 405 403
408 18 7
410 408 21
412 410 4
414 412 407
416 414 398
418 7 5
420 419 18
422 421 21
424 400 166
426 424 422
428 426 197
430 428 392
432 422 407
434 432 396
436 435 431
438 437 308
440 439 417
442 149 83
444 442 308
446 132 21
448 407 5
450 448 446
452 450 392
454 452 196
456 446 5
458 456 424
460 458 197
462 460 392
464 463 455
466 465 444
468 410 58
470 468 336
472 470 398
474 308 196
476 421 58
478 334 21
480 478 476
482 480 392
484 482 474
486 485 473
488 487 82
490 441 83
492 491 489
494 493 148
496 495 467
498 497 52
500 498 441
502 172 118
504 502 164
506 504 21
508 506 197
510 508 392
512 23 5
514 513 121
516 21 17
518 516 164
520 518 515
522 520 396
524 523 511
526 525 308
528 312 23
530 21 18
532 530 528
534 532 398
536 535 527
538 27 24
540 537 83
542 522 308
544 543 535
546 545 82
548 547 541
550 549 148
552 526 442
554 553 551
556 555 539
558 556 537
560 68 23
562 560 4
564 68 9
566 564 4
568 566 22
570 568 11
572 571 563
574 573 410
576 574 398
578 392 308
580 564 400
582 581 561
584 583 196
586 68 8
588 586 400
590 588 197
592 591 585
594 593 422
596 594 578
598 597 577
600 583 456
602 600 392
604 602 196
606 590 456
608 606 392
610 609 605
612 611 444
614 599 83
616 566 468
618 616 398
620 564 21
622 620 476
624 622 392
626 624 474
628 627 619
630 629 82
632 631 615
634 633 148
636 635 613
638 637 54
640 638 599
642 641 559
644 642 501
646 645 394
648 320 70
650 649 505
652 651 21
654 652 197
656 654 392
658 18 4
660 659 17
662 68 21
664 662 119
666 664 660
668 666 396
670 668 2
672 671 657
674 673 308
676 22 17
678 676 336
680 679 529
682 681 530
684 682 398
686 685 675
688 687 83
690 670 308
692 691 685
694 693 82
696 695 689
698 697 148
700 674 442
702 701 699
704 703 48
706 688 148
708 706 704
710 236 58
712 710 60
714 712 82
716 714 396
718 579 399
720 719 83
722 236 59
724 722 19
726 236 23
728 726 408
730 729 725
732 731 21
734 732 720
736 735 717
738 737 148
740 726 446
742 740 442
744 742 578
746 745 739
748 747 539
750 734 148
752 750 748
754 50 16
756 754 637
758 148 16
760 758 614
762 760 756
764 763 753
766 309 197
768 767 83
770 768 148
772 82 11
774 773 148
776 85 71
778 83 15
780 779 776
782 780 774
784 190 85
786 784 442
788 787 783
790 767 38
792 790 789
794 776 14
796 794 792
798 149 82
800 799 539
802 800 767
804 71 17
806 804 392
808 806 164
810 808 802
812 811 797
814 393 88
816 806 68
818 817 815
820 819 802
822 799 767
824 822 28
826 30 16
828 826 822
830 829 825
832 68 20
834 832 393
836 516 108
838 836 392
840 839 835
842 308 83
844 196 148
846 845 843
848 847 48
850 848 841
852 851 830
854 852 821
856 854 812
858 802 89
860 44 17
862 46 15
864 863 861
866 865 822
868 867 859
870 236 71
872 870 392
874 872 802
876 822 38
878 876 776
880 879 875
882 880 868
884 55 53
886 884 51
888 887 847
890 888 834
892 891 882
894 876 777
896 32 2
898 896 822
900 34 14
902 900 822
904 903 899
906 36 12
908 906 822
910 909 904
912 910 895
914 40 3
916 914 822
918 42 13
920 918 822
922 921 917
924 799 38
926 924 16
928 392 72
930 928 767
932 930 926
934 392 74
936 934 516
938 814 20
940 939 937
942 847 539
944 942 941
946 945 933
948 946 922
950 948 912
952 950 892
954 952 856
956 955 770
958 133 21
960 958 82
962 960 710
964 962 396
966 958 722
968 966 392
970 968 768
972 971 965
974 973 148
976 722 446
978 976 442
980 978 578
982 981 975
984 983 48
986 970 148
988 986 984
990 71 12
992 990 85
994 992 196
996 776 8
998 996 197
1000 999 995
1002 1001 308
1004 196 4
1006 1004 776
1008 1006 309
1010 1009 1003
1012 1011 924
1014 767 88
1016 1014 800
1018 1017 1013
1020 1019 394
1022 108 58
1024 1022 960
1026 1024 396
1028 108 59
1030 1028 958
1032 1030 392
1034 1032 768
1036 1035 1027
1038 1037 148
1040 1028 446
1042 1040 392
1044 1042 444
1046 1045 1039
1048 1047 52
1050 1034 148
1052 1050 1048
1054 1053 1021
1056 1054 989
1058 1056 957
1060 1058 764
1062 11 9
1064 1063 22
1066 1065 421
1068 1066 68
1070 1068 2
1072 1070 16
1074 1072 21
1076 1074 396
1078 430 16
1080 1079 1077
1082 1081 308
1084 416 16
1086 1085 1083
1088 1087 83
1090 488 16
1092 1091 1089
1094 1093 148
1096 466 16
1098 1097 1095
1100 1099 48
1102 1088 148
1104 1102 1100
1106 22 21
1108 1106 586
1110 1108 660
1112 1110 197
1114 1112 392
1116 1115 669
1118 1117 308
1120 569 563
1122 516 18
1124 1122 1121
1126 1124 398
1128 1127 1119
1130 1129 83
1132 668 308
1134 1133 1127
1136 1135 82
1138 1137 1131
1140 1139 148
1142 1118 442
1144 1143 1141
1146 1145 50
1148 1130 148
1150 1148 1146
1152 1151 1105
1154 1152 1060
1156 1154 709
1158 1156 647
1160 842 148
1162 1160 434
1164 454 444
1166 1165 1163
1168 1167 498
1170 1160 1076
1172 474 16
1174 452 442
1176 1174 1172
1178 1177 1171
1180 1179 1100
1182 1132 799
1184 1182 1146
1186 1185 1181
1188 1186 1169
1190 799 690
1192 1190 704
1194 602 442
1196 583 422
1198 1196 392
1200 1198 394
1202 1201 1195
1204 1203 1172
1206 1204 756
1208 1198 196
1210 1208 1160
1212 604 444
1214 1213 1211
1216 1215 638
1218 1217 1207
1220 897 29
1222 1220 851
1224 1223 799
1226 821 793
1228 1226 1225
1230 922 882
1232 1230 1228
1234 909 903
1236 933 895
1238 1236 1234
1240 847 834
1242 1240 887
1244 809 89
1246 1245 539
1248 1247 1243
1250 1249 799
1252 1251 829
1254 1252 1238
1256 1254 1232
1258 1257 474
1260 474 83
1262 1260 1032
1264 1026 308
1266 1265 1263
1268 1267 148
1270 1044 196
1272 1271 1269
1274 1273 1048
1276 994 308
1278 1276 1012
1280 1260 968
1282 964 308
1284 1283 1281
1286 1285 148
1288 980 196
1290 1289 1287
1292 1291 984
1294 1293 1279
1296 1294 1275
1298 1296 1259
1300 1298 1218
1302 1300 1193
1304 1302 1188
1306 757 639
1308 1306 499
1310 1308 1101
1312 1147 705
1314 799 719
1316 879 830
1318 1316 1234
1320 917 895
1322 804 38
1324 1323 899
1326 1325 2
1328 921 859
1330 1328 867
1332 1330 1327
1334 1332 1320
1336 1334 1318
1338 1337 1314
1340 843 197
1342 1341 148
1344 1343 445
1346 944 936
1348 850 838
1350 1349 1347
1352 1351 1345
1354 719 88
1356 1354 1016
1358 933 875
1360 1358 811
1362 1360 1357
1364 1362 1049
1366 1364 1353
1368 782 719
1370 720 149
1372 1370 784
1374 1373 1369
1376 1375 792
1378 1014 774
1380 88 6
1382 1380 149
1384 1382 768
1386 1385 1379
1388 1387 539
1390 1380 1370
1392 1354 774
1394 1393 1391
1396 1395 1388
1398 1397 1377
1400 1398 1366
1402 1400 1339
1404 985 749
1406 1404 557
1408 1406 1402
1410 1408 1312
1412 1410 1310
1414 921 909
1416 1414 904
1418 1416 830
1420 1320 868
1422 1420 1418
1424 776 393
1426 1425 807
1428 1427 876
1430 1429 821
1432 935 815
1434 1433 539
1436 1425 929
1438 1437 38
1440 1439 1435
1442 1441 822
1444 1017 879
1446 1322 2
1448 1446 1314
1450 1449 811
1452 197 9
1454 1453 308
1456 1455 1005
1458 800 88
1460 1458 1457
1462 1461 1013
1464 1389 793
1466 945 851
1468 1466 1243
1470 1312 557
1472 1404 1049
i0 p0p0second0selected
i1 p0p0in2range0f1dincrement0second2counter1b
i2 p0p0in2range0f1dincrement0first2counter1b
i3 p0p0in2range0f1ddecrement0second2counter1b
i4 p0p0in2range0f1ddecrement0first2counter1b
i5 p0p0in2range0second2counter
i6 p0p0in2range0first2counter
i7 p0p0first0selected
i8 p0p0button2pressed0up
i9 p0p0button2pressed0switch
i10 p0p0button2pressed0down
o0 u0first2counter0f1ddecrement0first2counter1b
o1 u0first2counter0f1dincrement0first2counter1b
o2 u0second2counter0f1ddecrement0second2counter1b
o3 u0second2counter0f1dincrement0second2counter1b
o4 u0selected0f1dtoggle0selected1b
o5 u0first2counter0first2counter
o6 u0second2counter0second2counter
o7 u0selected0selected
{"is_completed":true,"output_vars":["u0selected0f1dtoggle0selected1b","u0selected0selected","u0second2counter0f1dincrement0second2counter1b","u0second2counter0f1ddecrement0second2counter1b","u0second2counter0second2counter","u0first2counter0f1dincrement0first2counter1b","u0first2counter0f1ddecrement0first2counter1b","u0first2counter0first2counter"],"input_vars":["p0p0second0selected","p0p0in2range0f1dincrement0second2counter1b","p0p0in2range0f1dincrement0first2counter1b","p0p0in2range0f1ddecrement0second2counter1b","p0p0in2range0f1ddecrement0first2counter1b","p0p0in2range0second2counter","p0p0in2range0first2counter","p0p0first0selected","p0p0button2pressed0up","p0p0button2pressed0switch","p0p0button2pressed0down"],"formula":"((G (((! (((u0first2counter0f1ddecrement0first2counter1b) && (! ((u0first2counter0f1dincrement0first2counter1b) || (u0first2counter0first2counter)))) <-> ((! (((u0first2counter0f1dincrement0first2counter1b) && (! (u0first2counter0first2counter))) <-> ((u0first2counter0first2counter) && (! (u0first2counter0f1dincrement0first2counter1b))))) && (! (u0first2counter0f1ddecrement0first2counter1b))))) && (! (((u0second2counter0f1ddecrement0second2counter1b) && (! ((u0second2counter0f1dincrement0second2counter1b) || (u0second2counter0second2counter)))) <-> ((! (((u0second2counter0f1dincrement0second2counter1b) && (! (u0second2counter0second2counter))) <-> ((u0second2counter0second2counter) && (! (u0second2counter0f1dincrement0second2counter1b))))) && (! (u0second2counter0f1ddecrement0second2counter1b)))))) && (! (((u0selected0selected) && (! (u0selected0f1dtoggle0selected1b))) <-> ((u0selected0f1dtoggle0selected1b) && (! (u0selected0selected))))))) && (((((((((((((p0p0in2range0first2counter) && (p0p0in2range0second2counter)) && (G (! ((p0p0first0selected) && (p0p0second0selected))))) && (G (! ((p0p0button2pressed0up) && (p0p0button2pressed0down))))) && (G (((p0p0first0selected) && (u0selected0selected)) <-> (X (p0p0first0selected))))) && (G (((p0p0second0selected) && (u0selected0selected)) <-> (X (p0p0second0selected))))) && (G (((p0p0in2range0first2counter) && (u0first2counter0first2counter)) <-> (X (p0p0in2range0first2counter))))) && (G (((p0p0in2range0second2counter) && (u0second2counter0second2counter)) <-> (X (p0p0in2range0second2counter))))) && (G (((p0p0in2range0f1dincrement0first2counter1b) && (u0first2counter0f1dincrement0first2counter1b)) <-> (X (p0p0in2range0first2counter))))) && (G (((p0p0in2range0f1ddecrement0first2counter1b) && (u0first2counter0f1ddecrement0first2counter1b)) <-> (X (p0p0in2range0first2counter))))) && (G (((p0p0in2range0f1dincrement0second2counter1b) && (u0second2counter0f1dincrement0second2counter1b)) <-> (X (p0p0in2range0second2counter))))) && (G (((p0p0in2range0f1ddecrement0second2counter1b) && (u0second2counter0f1ddecrement0second2counter1b)) <-> (X (p0p0in2range0second2counter))))) -> (((((((G ((p0p0first0selected) -> ((((((p0p0button2pressed0up) && (p0p0in2range0f1dincrement0first2counter1b)) <-> (u0first2counter0f1dincrement0first2counter1b)) && (((p0p0button2pressed0down) && (p0p0in2range0f1ddecrement0first2counter1b)) <-> (u0first2counter0f1ddecrement0first2counter1b))) U (p0p0button2pressed0switch)) || (G ((((p0p0button2pressed0up) && (p0p0in2range0f1dincrement0first2counter1b)) <-> (u0first2counter0f1dincrement0first2counter1b)) && (((p0p0button2pressed0down) && (p0p0in2range0f1ddecrement0first2counter1b)) <-> (u0first2counter0f1ddecrement0first2counter1b))))))) && (G ((p0p0second0selected) -> ((((((p0p0button2pressed0up) && (p0p0in2range0f1dincrement0second2counter1b)) <-> (u0second2counter0f1dincrement0second2counter1b)) && (((p0p0button2pressed0down) && (p0p0in2range0f1ddecrement0second2counter1b)) <-> (u0second2counter0f1ddecrement0second2counter1b))) U (p0p0button2pressed0switch)) || (G ((((p0p0button2pressed0up) && (p0p0in2range0f1dincrement0second2counter1b)) <-> (u0second2counter0f1dincrement0second2counter1b)) && (((p0p0button2pressed0down) && (p0p0in2range0f1ddecrement0second2counter1b)) <-> (u0second2counter0f1ddecrement0second2counter1b)))))))) && (G ((p0p0button2pressed0switch) <-> (u0selected0f1dtoggle0selected1b)))) && (G (p0p0in2range0first2counter))) && (G (p0p0in2range0second2counter))) && (G (! ((u0first2counter0f1dincrement0first2counter1b) && (u0second2counter0f1dincrement0second2counter1b))))) && (G (! ((u0first2counter0f1ddecrement0first2counter1b) && (u0second2counter0f1ddecrement0second2counter1b)))))))","total_time":970,"automaton":{"is_built":true,"build_duration":397,"total_states":15,"state_based_status":"true","prune_automaton_duration":0,"pruned_state_based_status":"true","prune_total_states":15,"total_edges":44},"dependency":{"dependency_approach":"automaton","tested_dependencies":[{"name":"u0first2counter0first2counter","duration":3,"is_dependent":true,"tested_dependency_set":["p0p0second0selected","p0p0in2range0f1dincrement0second2counter1b","p0p0in2range0f1dincrement0first2counter1b","p0p0in2range0f1ddecrement0second2counter1b","p0p0in2range0f1ddecrement0first2counter1b","p0p0in2range0second2counter","p0p0in2range0first2counter","p0p0first0selected","p0p0button2pressed0up","p0p0button2pressed0switch","p0p0button2pressed0down","u0selected0f1dtoggle0selected1b","u0selected0selected","u0second2counter0f1dincrement0second2counter1b","u0second2counter0f1ddecrement0second2counter1b","u0second2counter0second2counter","u0first2counter0f1dincrement0first2counter1b","u0first2counter0f1ddecrement0first2counter1b"]},{"name":"u0first2counter0f1ddecrement0first2counter1b","duration":0,"is_dependent":false,"tested_dependency_set":["p0p0second0selected","p0p0in2range0f1dincrement0second2counter1b","p0p0in2range0f1dincrement0first2counter1b","p0p0in2range0f1ddecrement0second2counter1b","p0p0in2range0f1ddecrement0first2counter1b","p0p0in2range0second2counter","p0p0in2range0first2counter","p0p0first0selected","p0p0button2pressed0up","p0p0button2pressed0switch","p0p0button2pressed0down","u0selected0f1dtoggle0selected1b","u0selected0selected","u0second2counter0f1dincrement0second2counter1b","u0second2counter0f1ddecrement0second2counter1b","u0second2counter0second2counter","u0first2counter0f1dincrement0first2counter1b"]},{"name":"u0first2counter0f1dincrement0first2counter1b","duration":0,"is_dependent":false,"tested_dependency_set":["p0p0second0selected","p0p0in2range0f1dincrement0second2counter1b","p0p0in2range0f1dincrement0first2counter1b","p0p0in2range0f1ddecrement0second2counter1b","p0p0in2range0f1ddecrement0first2counter1b","p0p0in2range0second2counter","p0p0in2range0first2counter","p0p0first0selected","p0p0button2pressed0up","p0p0button2pressed0switch","p0p0button2pressed0down","u0selected0f1dtoggle0selected1b","u0selected0selected","u0second2counter0f1dincrement0second2counter1b","u0second2counter0f1ddecrement0second2counter1b","u0second2counter0second2counter","u0first2counter0f1ddecrement0first2counter1b"]},{"name":"u0second2counter0second2counter","duration":5,"is_dependent":true,"tested_dependency_set":["p0p0second0selected","p0p0in2range0f1dincrement0second2counter1b","p0p0in2range0f1dincrement0first2counter1b","p0p0in2range0f1ddecrement0second2counter1b","p0p0in2range0f1ddecrement0first2counter1b","p0p0in2range0second2counter","p0p0in2range0first2counter","p0p0first0selected","p0p0button2pressed0up","p0p0button2pressed0switch","p0p0button2pressed0down","u0selected0f1dtoggle0selected1b","u0selected0selected","u0second2counter0f1dincrement0second2counter1b","u0second2counter0f1ddecrement0second2counter1b","u0first2counter0f1ddecrement0first2counter1b","u0first2counter0f1dincrement0first2counter1b"]},{"name":"u0second2counter0f1ddecrement0second2counter1b","duration":0,"is_dependent":false,"tested_dependency_set":["p0p0second0selected","p0p0in2range0f1dincrement0second2counter1b","p0p0in2range0f1dincrement0first2counter1b","p0p0in2range0f1ddecrement0second2counter1b","p0p0in2range0f1ddecrement0first2counter1b","p0p0in2range0second2counter","p0p0in2range0first2counter","p0p0first0selected","p0p0button2pressed0up","p0p0button2pressed0switch","p0p0button2pressed0down","u0selected0f1dtoggle0selected1b","u0selected0selected","u0second2counter0f1dincrement0second2counter1b","u0first2counter0f1ddecrement0first2counter1b","u0first2counter0f1dincrement0first2counter1b"]},{"name":"u0second2counter0f1dincrement0second2counter1b","duration":0,"is_dependent":false,"tested_dependency_set":["p0p0second0selected","p0p0in2range0f1dincrement0second2counter1b","p0p0in2range0f1dincrement0first2counter1b","p0p0in2range0f1ddecrement0second2counter1b","p0p0in2range0f1ddecrement0first2counter1b","p0p0in2range0second2counter","p0p0in2range0first2counter","p0p0first0selected","p0p0button2pressed0up","p0p0button2pressed0switch","p0p0button2pressed0down","u0selected0f1dtoggle0selected1b","u0selected0selected","u0first2counter0f1ddecrement0first2counter1b","u0first2counter0f1dincrement0first2counter1b","u0second2counter0f1ddecrement0second2counter1b"]},{"name":"u0selected0selected","duration":6,"is_dependent":true,"tested_dependency_set":["p0p0second0selected","p0p0in2range0f1dincrement0second2counter1b","p0p0in2range0f1dincrement0first2counter1b","p0p0in2range0f1ddecrement0second2counter1b","p0p0in2range0f1ddecrement0first2counter1b","p0p0in2range0second2counter","p0p0in2range0first2counter","p0p0first0selected","p0p0button2pressed0up","p0p0button2pressed0switch","p0p0button2pressed0down","u0selected0f1dtoggle0selected1b","u0first2counter0f1ddecrement0first2counter1b","u0first2counter0f1dincrement0first2counter1b","u0second2counter0f1ddecrement0second2counter1b","u0second2counter0f1dincrement0second2counter1b"]},{"name":"u0selected0f1dtoggle0selected1b","duration":0,"is_dependent":false,"tested_dependency_set":["p0p0second0selected","p0p0in2range0f1dincrement0second2counter1b","p0p0in2range0f1dincrement0first2counter1b","p0p0in2range0f1ddecrement0second2counter1b","p0p0in2range0f1ddecrement0first2counter1b","p0p0in2range0second2counter","p0p0in2range0first2counter","p0p0first0selected","p0p0button2pressed0up","p0p0button2pressed0switch","p0p0button2pressed0down","u0first2counter0f1ddecrement0first2counter1b","u0first2counter0f1dincrement0first2counter1b","u0second2counter0f1ddecrement0second2counter1b","u0second2counter0f1dincrement0second2counter1b"]}],"total_duration":16,"is_completed":true,"skipped_dependencies":false,"total_pair_state":93,"search_pair_state_duration":0},"unate":{"skipped_unate":true},"synthesis":{"remove_dependent_ap_duration":0,"clone_nba_with_dep":0,"synthesis_dependents_duration":6,"model_checking_status":"UNKNOWN","merge_strategies_duration":217,"final_strategy":{"duration":6,"total_inputs":16,"total_outputs":3,"total_latches":15,"total_gates":1878},"independent_strategy":{"duration":325,"realizability":"REALIZABLE","total_inputs":11,"total_outputs":5,"total_latches":0,"total_gates":270},"dependent_strategy":{"duration":6,"total_inputs":16,"total_outputs":3,"total_latches":15,"total_gates":1878}}}
