REALIZABLE
aag 79 1 4 1 74
2
4 81
6 105
8 135
10 159
37
12 9 10
14 8 11
16 6 14
18 4 16
20 5 12
22 21 19
24 13 15
26 6 25
28 4 26
30 21 29
32 2 31
34 3 23
36 35 33
38 9 11
40 8 10
42 6 41
44 7 38
46 45 43
48 6 11
50 7 25
52 51 49
54 4 53
56 5 47
58 57 55
60 6 9
62 7 14
64 63 61
66 7 9
68 67 43
70 4 69
72 5 65
74 73 71
76 2 75
78 3 59
80 79 77
82 51 61
84 4 62
86 5 83
88 87 85
90 6 12
92 67 91
94 4 93
96 5 9
98 97 95
100 2 99
102 3 89
104 103 101
106 7 8
108 7 11
110 109 61
112 4 111
114 5 106
116 115 113
118 6 38
120 7 12
122 121 119
124 4 123
126 5 62
128 127 125
130 2 129
132 3 117
134 133 131
136 7 10
138 137 27
140 121 27
142 4 141
144 5 139
146 145 143
148 63 27
150 4 149
152 145 151
154 2 153
156 3 147
158 157 155
i0 r
o0 g
