REALIZABLE
aag 3504 7 7 8 3490
2
4
6
8
10
12
14
16 3817
18 4873
20 5681
22 6181
24 6641
26 6885
28 7009
243
1001
1489
1993
2143
2301
2497
2815
30 26 28
32 24 29
34 25 31
36 35 33
38 22 29
40 23 37
42 41 39
44 20 29
46 21 43
48 47 45
50 18 29
52 19 49
54 53 51
56 26 29
58 27 28
60 59 57
62 25 61
64 63 33
66 23 65
68 67 39
70 21 69
72 71 45
74 19 73
76 75 51
78 16 77
80 17 55
82 81 79
84 9 83
86 7 84
88 9 77
90 7 88
92 10 90
94 11 86
96 95 93
98 27 29
100 24 98
102 25 56
104 103 101
106 103 33
108 22 107
110 23 105
112 111 109
114 23 56
116 115 109
118 20 117
120 21 113
122 121 119
124 23 102
126 125 109
128 115 39
130 20 129
132 21 127
134 133 131
136 18 135
138 19 123
140 139 137
142 133 119
144 20 56
146 21 117
148 147 145
150 18 149
152 19 143
154 153 151
156 16 155
158 17 141
160 159 157
162 9 161
164 7 162
166 14 164
168 15 97
170 169 167
172 15 164
174 12 172
176 13 171
178 177 175
180 7 77
182 7 161
184 14 182
186 15 180
188 187 185
190 15 182
192 12 190
194 13 189
196 195 193
198 4 197
200 5 179
202 201 199
204 14 162
206 15 88
208 207 205
210 15 162
212 12 210
214 13 209
216 215 213
218 14 161
220 15 77
222 221 219
224 15 161
226 12 224
228 13 223
230 229 227
232 4 231
234 5 217
236 235 233
238 2 237
240 3 203
242 241 239
244 25 98
246 21 244
248 22 102
250 20 248
252 18 250
254 19 246
256 255 253
258 24 56
260 25 58
262 261 259
264 23 263
266 23 244
268 20 266
270 21 264
272 271 269
274 22 244
276 20 274
278 18 276
280 19 273
282 281 279
284 16 283
286 17 257
288 287 285
290 9 289
292 7 290
294 11 292
296 14 294
298 15 294
300 12 298
302 13 296
304 303 301
306 63 101
308 25 29
310 309 259
312 22 311
314 23 307
316 315 313
318 22 258
320 125 319
322 20 321
324 21 317
326 325 323
328 22 56
330 23 98
332 331 329
334 20 333
336 18 334
338 19 327
340 339 337
342 23 260
344 21 342
346 20 38
348 21 266
350 349 347
352 18 351
354 19 344
356 355 353
358 16 357
360 17 341
362 361 359
364 111 319
366 21 365
368 23 100
370 20 368
372 18 370
374 19 366
376 375 373
378 20 108
380 349 379
382 18 381
384 16 382
386 17 377
388 387 385
390 8 389
392 9 363
394 393 391
396 7 395
398 67 329
400 309 101
402 23 401
404 403 319
406 20 405
408 21 399
410 409 407
412 245 259
414 23 413
416 415 329
418 21 417
420 419 407
422 18 421
424 19 411
426 425 423
428 23 308
430 429 329
432 20 431
434 21 258
436 435 433
438 22 413
440 429 439
442 429 109
444 20 443
446 21 441
448 447 445
450 18 449
452 19 437
454 453 451
456 16 455
458 17 427
460 459 457
462 23 107
464 463 319
466 21 465
468 467 269
470 415 319
472 20 110
474 21 471
476 475 473
478 18 477
480 19 469
482 481 479
484 429 319
486 21 485
488 487 445
490 18 489
492 453 491
494 16 493
496 17 483
498 497 495
500 8 499
502 9 461
504 503 501
506 7 505
508 10 506
510 11 396
512 511 509
514 14 513
516 23 62
518 517 313
520 21 519
522 521 323
524 19 523
526 525 337
528 17 527
530 529 359
532 21 321
534 19 532
536 535 373
538 17 537
540 539 385
542 8 541
544 9 531
546 545 543
548 7 547
550 63 259
552 23 551
554 553 329
556 21 555
558 557 407
560 19 559
562 561 423
564 17 563
566 565 457
568 115 319
570 21 569
572 571 269
574 19 573
576 575 479
578 17 577
580 579 495
582 8 581
584 9 567
586 585 583
588 7 587
590 10 588
592 11 548
594 593 591
596 15 595
598 12 596
600 13 514
602 601 599
604 4 603
606 5 305
608 607 605
610 20 485
612 71 611
614 403 313
616 20 615
618 435 617
620 18 619
622 19 613
624 623 621
626 261 33
628 23 627
630 629 439
632 21 631
634 633 611
636 23 311
638 637 329
640 429 39
642 20 641
644 21 639
646 645 643
648 18 647
650 19 635
652 651 649
654 16 653
656 17 625
658 657 655
660 9 659
662 67 109
664 21 663
666 665 611
668 267 319
670 403 439
672 20 671
674 21 669
676 675 673
678 18 677
680 19 667
682 681 679
684 369 313
686 20 102
688 21 685
690 689 687
692 415 249
694 21 693
696 695 379
698 18 697
700 19 691
702 701 699
704 16 703
706 17 683
708 707 705
710 9 709
712 10 710
714 11 660
716 715 713
718 14 717
720 553 39
722 21 721
724 723 611
726 403 329
728 20 727
730 435 729
732 18 731
734 19 725
736 735 733
738 17 737
740 739 655
742 9 741
744 553 109
746 21 745
748 747 611
750 675 407
752 18 751
754 19 749
756 755 753
758 17 757
760 759 705
762 9 761
764 10 762
766 11 742
768 767 765
770 15 769
772 12 770
774 13 718
776 775 773
778 315 39
780 21 779
782 781 323
784 331 313
786 20 785
788 18 786
790 19 783
792 791 789
794 261 101
796 23 795
798 797 275
800 21 799
802 695 347
804 18 803
806 19 800
808 807 805
810 16 809
812 17 793
814 813 811
816 22 32
818 111 817
820 21 819
822 369 275
824 20 823
826 18 824
828 19 820
830 829 827
832 21 823
834 19 832
836 835 699
838 16 837
840 17 831
842 841 839
844 8 843
846 9 815
848 847 845
850 475 673
852 18 851
854 681 853
856 23 32
858 857 313
860 21 859
862 861 433
864 645 445
866 18 865
868 19 863
870 869 867
872 16 871
874 17 855
876 875 873
878 463 817
880 21 879
882 881 269
884 111 275
886 20 885
888 475 887
890 18 889
892 19 883
894 893 891
896 17 895
898 897 873
900 8 899
902 9 877
904 903 901
906 10 905
908 11 849
910 909 907
912 14 911
914 517 39
916 21 915
918 917 323
920 19 919
922 921 337
924 17 923
926 925 811
928 125 817
930 21 929
932 19 930
934 933 373
936 17 935
938 937 839
940 8 939
942 9 927
944 943 941
946 475 407
948 18 947
950 755 949
952 17 951
954 953 873
956 115 817
958 21 957
960 959 269
962 19 961
964 963 479
966 17 965
968 967 873
970 8 969
972 9 955
974 973 971
976 10 975
978 11 945
980 979 977
982 15 981
984 12 982
986 13 912
988 987 985
990 4 989
992 5 777
994 993 991
996 2 995
998 3 609
1000 999 997
1002 111 329
1004 22 105
1006 23 258
1008 1007 1005
1010 20 1009
1012 21 1003
1014 1013 1011
1016 125 329
1018 20 929
1020 21 1017
1022 1021 1019
1024 18 1023
1026 19 1015
1028 1027 1025
1030 533 145
1032 931 145
1034 18 1033
1036 19 1031
1038 1037 1035
1040 16 1039
1042 17 1029
1044 1043 1041
1046 9 1045
1048 7 1046
1050 41 313
1052 21 1051
1054 1053 729
1056 21 431
1058 1057 407
1060 18 1059
1062 19 1055
1064 1063 1061
1066 553 319
1068 22 308
1070 403 1069
1072 20 1071
1074 21 1067
1076 1075 1073
1078 369 109
1080 20 1079
1082 247 1081
1084 18 1083
1086 19 1077
1088 1087 1085
1090 16 1089
1092 17 1065
1094 1093 1091
1096 9 1095
1098 7 1096
1100 409 729
1102 19 1101
1104 1103 1061
1106 429 249
1108 20 1107
1110 571 1109
1112 19 1111
1114 1113 1085
1116 16 1115
1118 17 1105
1120 1119 1117
1122 9 1121
1124 7 1122
1126 10 1124
1128 11 1098
1130 1129 1127
1132 14 1131
1134 15 1048
1136 1135 1133
1138 15 1131
1140 12 1138
1142 13 1137
1144 1143 1141
1146 7 1045
1148 20 1003
1150 325 1149
1152 331 319
1154 20 1153
1156 21 1107
1158 1157 1155
1160 18 1159
1162 19 1151
1164 1163 1161
1166 369 1069
1168 20 1167
1170 21 516
1172 1171 1169
1174 19 1173
1176 1175 1085
1178 16 1177
1180 17 1165
1182 1181 1179
1184 369 249
1186 20 1185
1188 367 1187
1190 1157 371
1192 18 1191
1194 19 1189
1196 1195 1193
1198 21 124
1200 1199 1169
1202 19 1201
1204 1203 1085
1206 16 1205
1208 17 1197
1210 1209 1207
1212 8 1211
1214 9 1183
1216 1215 1213
1218 7 1217
1220 315 329
1222 21 1221
1224 1223 1149
1226 19 1225
1228 1227 1161
1230 1199 251
1232 19 1231
1234 1233 1085
1236 16 1235
1238 17 1229
1240 1239 1237
1242 1209 1237
1244 8 1243
1246 9 1241
1248 1247 1245
1250 7 1249
1252 10 1250
1254 11 1218
1256 1255 1253
1258 14 1257
1260 15 1146
1262 1261 1259
1264 15 1257
1266 12 1264
1268 13 1263
1270 1269 1267
1272 4 1271
1274 5 1145
1276 1275 1273
1278 245 33
1280 22 401
1282 23 1279
1284 1283 1281
1286 20 1285
1288 467 1287
1290 22 100
1292 463 1291
1294 20 1293
1296 21 615
1298 1297 1295
1300 18 1299
1302 19 1289
1304 1303 1301
1306 23 29
1308 1307 1281
1310 20 1309
1312 571 1311
1314 857 109
1316 20 1315
1318 21 98
1320 1319 1317
1322 18 1321
1324 19 1313
1326 1325 1323
1328 16 1327
1330 17 1305
1332 1331 1329
1334 9 1333
1336 409 45
1338 1307 817
1340 20 1339
1342 1297 1341
1344 18 1343
1346 19 1337
1348 1347 1345
1350 17 1349
1352 1351 1329
1354 9 1353
1356 10 1354
1358 11 1334
1360 1359 1357
1362 14 1361
1364 15 1046
1366 1365 1363
1368 15 1361
1370 12 1368
1372 13 1367
1374 1373 1371
1376 463 39
1378 20 1377
1380 325 1379
1382 1283 817
1384 20 1383
1386 21 1071
1388 1387 1385
1390 18 1389
1392 19 1381
1394 1393 1391
1396 857 1281
1398 20 1397
1400 1171 1399
1402 19 1401
1404 1403 1323
1406 16 1405
1408 17 1395
1410 1409 1407
1412 367 1399
1414 857 1291
1416 20 1415
1418 1387 1417
1420 18 1419
1422 19 1413
1424 1423 1421
1426 1199 1399
1428 19 1427
1430 1429 1323
1432 16 1431
1434 17 1425
1436 1435 1433
1438 8 1437
1440 9 1411
1442 1441 1439
1444 1223 1379
1446 19 1445
1448 1447 1391
1450 17 1449
1452 1451 1433
1454 9 1453
1456 1455 1439
1458 10 1457
1460 11 1443
1462 1461 1459
1464 14 1463
1466 15 1045
1468 1467 1465
1470 15 1463
1472 12 1470
1474 13 1469
1476 1475 1473
1478 4 1477
1480 5 1375
1482 1481 1479
1484 2 1483
1486 3 1277
1488 1487 1485
1490 21 1290
1492 1491 323
1494 1007 1069
1496 20 1495
1498 1491 1497
1500 18 1499
1502 19 1493
1504 1503 1501
1506 20 1290
1508 21 1004
1510 1509 1507
1512 1007 249
1514 21 1513
1516 18 1514
1518 19 1511
1520 1519 1517
1522 16 1521
1524 17 1505
1526 1525 1523
1528 9 1527
1530 7 1528
1532 22 98
1534 1007 1533
1536 20 1535
1538 1491 1537
1540 857 1533
1542 1007 1281
1544 20 1543
1546 21 1541
1548 1547 1545
1550 18 1549
1552 19 1539
1554 1553 1551
1556 369 1281
1558 1007 817
1560 20 1559
1562 21 1557
1564 1563 1561
1566 637 275
1568 20 1567
1570 21 107
1572 1571 1569
1574 18 1573
1576 19 1565
1578 1577 1575
1580 16 1579
1582 17 1555
1584 1583 1581
1586 9 1585
1588 7 1586
1590 21 1532
1592 1591 1537
1594 19 1593
1596 1595 1551
1598 797 1281
1600 22 1279
1602 857 1601
1604 20 1603
1606 21 1599
1608 1607 1605
1610 19 1609
1612 1611 1575
1614 16 1613
1616 17 1597
1618 1617 1615
1620 9 1619
1622 7 1620
1624 10 1622
1626 11 1588
1628 1627 1625
1630 14 1629
1632 15 1530
1634 1633 1631
1636 15 1629
1638 12 1636
1640 13 1635
1642 1641 1639
1644 7 1527
1646 1007 1291
1648 415 1533
1650 20 1649
1652 21 1647
1654 1653 1651
1656 115 1281
1658 20 1657
1660 21 1603
1662 1661 1659
1664 18 1663
1666 19 1655
1668 1667 1665
1670 857 39
1672 637 817
1674 20 1673
1676 21 1671
1678 1677 1675
1680 19 1679
1682 1681 1575
1684 16 1683
1686 17 1669
1688 1687 1685
1690 265 1281
1692 637 1601
1694 20 1693
1696 21 1691
1698 1697 1695
1700 637 39
1702 20 1701
1704 1661 1703
1706 18 1705
1708 19 1699
1710 1709 1707
1712 629 39
1714 21 1713
1716 1715 1675
1718 19 1717
1720 1719 1575
1722 16 1721
1724 17 1711
1726 1725 1723
1728 8 1727
1730 9 1689
1732 1731 1729
1734 7 1733
1736 21 1535
1738 1737 1651
1740 19 1739
1742 1741 1665
1744 1307 1601
1746 20 1745
1748 1715 1747
1750 19 1749
1752 1751 1575
1754 16 1753
1756 17 1743
1758 1757 1755
1760 1725 1755
1762 8 1761
1764 9 1759
1766 1765 1763
1768 7 1767
1770 10 1768
1772 11 1734
1774 1773 1771
1776 14 1775
1778 15 1644
1780 1779 1777
1782 15 1775
1784 12 1782
1786 13 1781
1788 1787 1785
1790 4 1789
1792 5 1643
1794 1793 1791
1796 343 1281
1798 21 1797
1800 1799 323
1802 267 313
1804 20 1803
1806 1653 1805
1808 18 1807
1810 19 1801
1812 1811 1809
1814 20 318
1816 1607 1815
1818 429 1601
1820 20 1819
1822 21 56
1824 1823 1821
1826 18 1825
1828 19 1817
1830 1829 1827
1832 16 1831
1834 17 1813
1836 1835 1833
1838 9 1837
1840 20 1068
1842 1653 1841
1844 18 1843
1846 19 1590
1848 1847 1845
1850 429 275
1852 20 1851
1854 1823 1853
1856 18 1855
1858 1829 1857
1860 16 1859
1862 17 1849
1864 1863 1861
1866 9 1865
1868 10 1866
1870 11 1838
1872 1871 1869
1874 14 1873
1876 15 1528
1878 1877 1875
1880 15 1873
1882 12 1880
1884 13 1879
1886 1885 1883
1888 1653 269
1890 125 1069
1892 20 1891
1894 21 1559
1896 1895 1893
1898 18 1897
1900 19 1889
1902 1901 1899
1904 1677 611
1906 19 1905
1908 1907 1857
1910 16 1909
1912 17 1903
1914 1913 1911
1916 1697 611
1918 429 313
1920 20 1919
1922 1895 1921
1924 18 1923
1926 19 1917
1928 1927 1925
1930 1715 611
1932 19 1931
1934 1933 1857
1936 16 1935
1938 17 1929
1940 1939 1937
1942 8 1941
1944 9 1915
1946 1945 1943
1948 1737 269
1950 19 1949
1952 1951 1899
1954 17 1953
1956 1955 1937
1958 9 1957
1960 1959 1943
1962 10 1961
1964 11 1947
1966 1965 1963
1968 14 1967
1970 15 1527
1972 1971 1969
1974 15 1967
1976 12 1974
1978 13 1973
1980 1979 1977
1982 4 1981
1984 5 1887
1986 1985 1983
1988 2 1987
1990 3 1795
1992 1991 1989
1994 1491 1011
1996 1509 1537
1998 18 1997
2000 19 1995
2002 2001 1999
2004 20 1647
2006 1509 2005
2008 20 1006
2010 21 1009
2012 2011 2009
2014 18 2013
2016 19 2007
2018 2017 2015
2020 16 2019
2022 17 2003
2024 2023 2021
2026 9 2025
2028 7 2026
2030 1491 1399
2032 1563 1537
2034 18 2033
2036 19 2031
2038 2037 2035
2040 20 1541
2042 1563 2041
2044 20 856
2046 21 1397
2048 2047 2045
2050 18 2049
2052 19 2043
2054 2053 2051
2056 16 2055
2058 17 2039
2060 2059 2057
2062 9 2061
2064 7 2062
2066 14 2064
2068 15 2028
2070 2069 2067
2072 15 2064
2074 12 2072
2076 13 2071
2078 2077 2075
2080 7 2025
2082 7 2061
2084 14 2082
2086 15 2080
2088 2087 2085
2090 15 2082
2092 12 2090
2094 13 2089
2096 2095 2093
2098 4 2097
2100 5 2079
2102 2101 2099
2104 14 2062
2106 15 2026
2108 2107 2105
2110 15 2062
2112 12 2110
2114 13 2109
2116 2115 2113
2118 14 2061
2120 15 2025
2122 2121 2119
2124 15 2061
2126 12 2124
2128 13 2123
2130 2129 2127
2132 4 2131
2134 5 2117
2136 2135 2133
2138 2 2137
2140 3 2103
2142 2141 2139
2144 21 368
2146 19 2144
2148 2147 279
2150 17 2149
2152 9 2150
2154 7 2152
2156 25 27
2158 2157 33
2160 23 2159
2162 21 2160
2164 2163 277
2166 1007 275
2168 21 2167
2170 2169 825
2172 18 2171
2174 19 2165
2176 2175 2173
2178 265 275
2180 21 2179
2182 2181 277
2184 21 274
2186 18 2184
2188 19 2183
2190 2189 2187
2192 16 2191
2194 17 2177
2196 2195 2193
2198 9 2197
2200 7 2198
2202 21 628
2204 2203 277
2206 19 2205
2208 2207 2173
2210 17 2209
2212 2211 2193
2214 9 2213
2216 7 2214
2218 10 2216
2220 11 2200
2222 2221 2219
2224 14 2223
2226 15 2154
2228 2227 2225
2230 15 2223
2232 12 2230
2234 13 2229
2236 2235 2233
2238 7 2150
2240 7 2213
2242 14 2240
2244 15 2238
2246 2245 2243
2248 15 2240
2250 12 2248
2252 13 2247
2254 2253 2251
2256 4 2255
2258 5 2237
2260 2259 2257
2262 14 2214
2264 15 2152
2266 2265 2263
2268 15 2214
2270 12 2268
2272 13 2267
2274 2273 2271
2276 14 2213
2278 15 2150
2280 2279 2277
2282 15 2213
2284 12 2282
2286 13 2281
2288 2287 2285
2290 4 2289
2292 5 2275
2294 2293 2291
2296 2 2295
2298 3 2261
2300 2299 2297
2302 19 348
2304 16 2302
2306 9 2304
2308 7 2306
2310 15 2308
2312 12 2310
2314 13 2308
2316 2315 2313
2318 267 1005
2320 21 2319
2322 2321 2005
2324 19 2323
2326 2325 2015
2328 16 2327
2330 2023 2329
2332 7 2331
2334 331 1281
2336 21 2335
2338 2337 2041
2340 19 2339
2342 2341 2051
2344 16 2343
2346 2059 2345
2348 7 2347
2350 14 2348
2352 15 2332
2354 2353 2351
2356 15 2348
2358 12 2356
2360 13 2355
2362 2361 2359
2364 4 2363
2366 5 2317
2368 2367 2365
2370 1013 323
2372 20 1017
2374 533 2373
2376 18 2375
2378 19 2371
2380 2379 2377
2382 487 2373
2384 19 2383
2386 2385 2377
2388 16 2387
2390 17 2381
2392 2391 2389
2394 9 2393
2396 67 313
2398 21 2397
2400 2399 611
2402 637 319
2404 21 2403
2406 2405 729
2408 18 2407
2410 19 2401
2412 2411 2409
2414 35 259
2416 23 2415
2418 2417 319
2420 21 2419
2422 2421 433
2424 487 643
2426 18 2425
2428 19 2423
2430 2429 2427
2432 16 2431
2434 17 2413
2436 2435 2433
2438 9 2437
2440 14 2438
2442 15 2394
2444 2443 2441
2446 15 2438
2448 12 2446
2450 13 2445
2452 2451 2449
2454 21 443
2456 2455 119
2458 19 2457
2460 2459 151
2462 16 2461
2464 159 2463
2466 16 55
2468 17 77
2470 2469 2467
2472 14 2471
2474 15 2465
2476 2475 2473
2478 15 2471
2480 12 2478
2482 13 2477
2484 2483 2481
2486 4 2485
2488 5 2453
2490 2489 2487
2492 2 2491
2494 3 2369
2496 2495 2493
2498 21 248
2500 18 2498
2502 19 2008
2504 2503 2501
2506 20 124
2508 21 318
2510 2509 2507
2512 20 328
2514 133 2513
2516 18 2515
2518 19 2511
2520 2519 2517
2522 16 2521
2524 17 2505
2526 2525 2523
2528 9 2527
2530 7 2528
2532 111 39
2534 21 2533
2536 2535 251
2538 931 131
2540 18 2539
2542 19 2537
2544 2543 2541
2546 553 1005
2548 20 2335
2550 21 2547
2552 2551 2549
2554 857 275
2556 20 2555
2558 21 1006
2560 2559 2557
2562 18 2561
2564 19 2553
2566 2565 2563
2568 16 2567
2570 17 2545
2572 2571 2569
2574 9 2573
2576 7 2574
2578 14 2576
2580 15 2530
2582 2581 2579
2584 15 2576
2586 12 2584
2588 13 2583
2590 2589 2587
2592 7 2527
2594 125 1291
2596 1007 39
2598 20 2597
2600 21 2595
2602 2601 2599
2604 18 2603
2606 2543 2605
2608 517 1005
2610 20 1557
2612 21 2609
2614 2613 2611
2616 19 2615
2618 2617 2563
2620 16 2619
2622 17 2607
2624 2623 2621
2626 781 2373
2628 415 39
2630 20 2629
2632 2601 2631
2634 18 2633
2636 19 2627
2638 2637 2635
2640 17 2639
2642 2641 2621
2644 8 2643
2646 9 2625
2648 2647 2645
2650 7 2649
2652 14 2650
2654 15 2592
2656 2655 2653
2658 15 2650
2660 12 2658
2662 13 2657
2664 2663 2661
2666 4 2665
2668 5 2591
2670 2669 2667
2672 125 39
2674 20 2673
2676 781 2675
2678 931 643
2680 18 2679
2682 19 2677
2684 2683 2681
2686 1283 1069
2688 20 2687
2690 2551 2689
2692 21 856
2694 2693 2557
2696 18 2695
2698 19 2691
2700 2699 2697
2702 16 2701
2704 17 2685
2706 2705 2703
2708 9 2707
2710 20 1280
2712 2535 2711
2714 931 2675
2716 18 2715
2718 19 2713
2720 2719 2717
2722 17 2721
2724 2723 2703
2726 9 2725
2728 10 2726
2730 11 2708
2732 2731 2729
2734 14 2733
2736 15 2528
2738 2737 2735
2740 15 2733
2742 12 2740
2744 13 2739
2746 2745 2743
2748 2601 347
2750 18 2749
2752 2719 2751
2754 857 1069
2756 20 2755
2758 2613 2757
2760 19 2759
2762 2761 2697
2764 16 2763
2766 17 2753
2768 2767 2765
2770 267 39
2772 20 2771
2774 2601 2773
2776 18 2775
2778 2683 2777
2780 17 2779
2782 2781 2765
2784 8 2783
2786 9 2769
2788 2787 2785
2790 14 2789
2792 15 2527
2794 2793 2791
2796 15 2789
2798 12 2796
2800 13 2795
2802 2801 2799
2804 4 2803
2806 5 2747
2808 2807 2805
2810 2 2809
2812 3 2671
2814 2813 2811
2816 265 1533
2818 21 2817
2820 2819 1695
2822 21 2555
2824 2823 1287
2826 18 2825
2828 19 2821
2830 2829 2827
2832 1307 109
2834 21 2833
2836 2835 45
2838 18 2837
2840 53 2839
2842 16 2841
2844 17 2831
2846 2845 2843
2848 8 55
2850 9 2847
2852 2851 2849
2854 6 55
2856 7 2853
2858 2857 2855
2860 349 1537
2862 463 1533
2864 21 2863
2866 18 2864
2868 19 2861
2870 2869 2867
2872 331 1069
2874 20 258
2876 21 2873
2878 2877 2875
2880 20 428
2882 121 2881
2884 18 2883
2886 19 2879
2888 2887 2885
2890 16 2889
2892 17 2871
2894 2893 2891
2896 9 2895
2898 2897 2849
2900 7 2899
2902 2901 2855
2904 10 2903
2906 11 2859
2908 2907 2905
2910 14 2909
2912 15 55
2914 2913 2911
2916 629 1533
2918 21 2917
2920 2919 1695
2922 19 2921
2924 2923 2827
2926 17 2925
2928 2927 2843
2930 9 2929
2932 2931 2849
2934 7 2933
2936 2935 2855
2938 11 2937
2940 2939 2905
2942 14 55
2944 15 2941
2946 2945 2943
2948 12 2947
2950 13 2915
2952 2951 2949
2954 47 1695
2956 857 439
2958 21 2957
2960 2959 45
2962 18 2961
2964 19 2955
2966 2965 2963
2968 17 2967
2970 2969 2843
2972 2157 259
2974 23 2973
2976 2975 1533
2978 21 2977
2980 2979 1651
2982 637 1533
2984 20 2983
2986 2959 2985
2988 18 2987
2990 19 2981
2992 2991 2989
2994 1307 275
2996 20 2995
2998 1571 2997
3000 18 2999
3002 53 3001
3004 16 3003
3006 17 2993
3008 3007 3005
3010 8 3009
3012 9 2971
3014 3013 3011
3016 7 3015
3018 3017 2855
3020 21 727
3022 3021 1537
3024 111 1533
3026 21 3025
3028 3027 1815
3030 18 3029
3032 19 3023
3034 3033 3031
3036 20 1513
3038 2877 3037
3040 369 1005
3042 21 3041
3044 18 3042
3046 19 3039
3048 3047 3045
3050 16 3049
3052 17 3035
3054 3053 3051
3056 21 414
3058 3057 1651
3060 463 1601
3062 21 3061
3064 3063 2507
3066 18 3065
3068 19 3059
3070 3069 3067
3072 1283 313
3074 20 2403
3076 21 3073
3078 3077 3075
3080 19 3079
3082 3081 2885
3084 16 3083
3086 17 3071
3088 3087 3085
3090 8 3089
3092 9 3055
3094 3093 3091
3096 7 3095
3098 3097 2855
3100 10 3099
3102 11 3019
3104 3103 3101
3106 14 3105
3108 2913 3107
3110 2161 1533
3112 21 3111
3114 3113 1651
3116 19 3115
3118 3117 2989
3120 17 3119
3122 3121 3005
3124 8 3123
3126 3013 3125
3128 7 3127
3130 3129 2855
3132 1057 1537
3134 19 3133
3136 3135 3031
3138 17 3137
3140 3139 3051
3142 9 3141
3144 3143 3091
3146 7 3145
3148 3147 2855
3150 10 3149
3152 11 3131
3154 3153 3151
3156 15 3155
3158 3157 2943
3160 12 3159
3162 13 3109
3164 3163 3161
3166 4 3165
3168 5 2953
3170 3169 3167
3172 35 101
3174 23 3173
3176 3175 313
3178 125 439
3180 20 3179
3182 21 3177
3184 3183 3181
3186 18 437
3188 19 3185
3190 3189 3187
3192 23 34
3194 3193 109
3196 111 313
3198 20 3197
3200 21 3195
3202 3201 3199
3204 403 39
3206 20 3205
3208 367 3207
3210 18 3209
3212 19 3203
3214 3213 3211
3216 16 3215
3218 17 3191
3220 3219 3217
3222 9 3221
3224 3223 2849
3226 2975 1281
3228 20 441
3230 21 3227
3232 3231 3229
3234 2559 787
3236 18 3235
3238 19 3233
3240 3239 3237
3242 41 1281
3244 21 3243
3246 3245 787
3248 1307 329
3250 403 1601
3252 20 3251
3254 21 3249
3256 3255 3253
3258 18 3257
3260 19 3247
3262 3261 3259
3264 16 3263
3266 17 3241
3268 3267 3265
3270 9 3269
3272 3271 2849
3274 6 3273
3276 7 3225
3278 3277 3275
3280 403 109
3282 21 3281
3284 959 3181
3286 18 3285
3288 19 3282
3290 3289 3287
3292 349 2513
3294 571 2881
3296 18 3295
3298 19 3293
3300 3299 3297
3302 16 3301
3304 17 3291
3306 3305 3303
3308 9 3307
3310 3309 2849
3312 21 2974
3314 3313 611
3316 637 1291
3318 20 330
3320 21 3317
3322 3321 3319
3324 18 3323
3326 19 3315
3328 3327 3325
3330 267 329
3332 21 3331
3334 3333 323
3336 19 3335
3338 3337 491
3340 16 3339
3342 17 3329
3344 3343 3341
3346 9 3345
3348 3347 2849
3350 6 3349
3352 7 3311
3354 3353 3351
3356 10 3355
3358 11 3279
3360 3359 3357
3362 14 3361
3364 2913 3363
3366 435 1921
3368 18 3367
3370 3189 3369
3372 17 3371
3374 3373 3217
3376 9 3375
3378 3377 2849
3380 2161 1281
3382 21 3381
3384 3383 3229
3386 19 3385
3388 3387 3237
3390 17 3389
3392 3391 3265
3394 9 3393
3396 3395 2849
3398 6 3397
3400 7 3379
3402 3401 3399
3404 959 323
3406 18 3405
3408 19 2454
3410 3409 3407
3412 17 3411
3414 3413 3303
3416 9 3415
3418 3417 2849
3420 7 3419
3422 3421 3351
3424 10 3423
3426 11 3403
3428 3427 3425
3430 15 3429
3432 3431 2943
3434 12 3433
3436 13 3365
3438 3437 3435
3440 1053 3229
3442 19 3441
3444 3443 733
3446 2417 109
3448 21 3447
3450 3449 617
3452 21 405
3454 3453 3207
3456 18 3455
3458 19 3451
3460 3459 3457
3462 16 3461
3464 17 3445
3466 3465 3463
3468 2975 275
3470 20 244
3472 21 3469
3474 3473 3471
3476 435 2881
3478 18 3477
3480 19 3475
3482 3481 3479
3484 403 275
3486 20 3485
3488 367 3487
3490 18 3489
3492 3459 3491
3494 16 3493
3496 17 3483
3498 3497 3495
3500 8 3499
3502 9 3467
3504 3503 3501
3506 47 3229
3508 19 3507
3510 3509 621
3512 47 617
3514 3255 3207
3516 18 3515
3518 19 3513
3520 3519 3517
3522 16 3521
3524 17 3511
3526 3525 3523
3528 2979 3471
3530 435 1853
3532 18 3531
3534 19 3529
3536 3535 3533
3538 463 329
3540 21 3539
3542 3541 3487
3544 18 3543
3546 3519 3545
3548 16 3547
3550 17 3537
3552 3551 3549
3554 8 3553
3556 9 3527
3558 3557 3555
3560 6 3559
3562 7 3505
3564 3563 3561
3566 20 438
3568 2601 3567
3570 18 3569
3572 3289 3571
3574 349 251
3576 18 2558
3578 19 3575
3580 3579 3577
3582 16 3581
3584 17 3573
3586 3585 3583
3588 415 1291
3590 21 3589
3592 3591 269
3594 125 275
3596 20 3595
3598 959 3597
3600 18 3599
3602 19 3593
3604 3603 3601
3606 1283 439
3608 21 3607
3610 3609 611
3612 1823 2881
3614 18 3613
3616 19 3611
3618 3617 3615
3620 16 3619
3622 17 3605
3624 3623 3621
3626 8 3625
3628 9 3587
3630 3629 3627
3632 2601 1815
3634 18 3633
3636 19 3020
3638 3637 3635
3640 267 249
3642 21 3641
3644 3643 251
3646 19 3645
3648 16 3646
3650 17 3639
3652 3651 3649
3654 3057 269
3656 21 1673
3658 3657 473
3660 18 3659
3662 19 3655
3664 3663 3661
3666 3077 611
3668 1057 445
3670 18 3669
3672 19 3667
3674 3673 3671
3676 16 3675
3678 17 3665
3680 3679 3677
3682 8 3681
3684 9 3653
3686 3685 3683
3688 6 3687
3690 7 3631
3692 3691 3689
3694 10 3693
3696 11 3565
3698 3697 3695
3700 14 3699
3702 2913 3701
3704 3443 621
3706 17 3705
3708 3707 3463
3710 2161 275
3712 21 3711
3714 3713 3471
3716 19 3715
3718 3717 3533
3720 17 3719
3722 3721 3495
3724 8 3723
3726 9 3709
3728 3727 3725
3730 3113 3471
3732 19 3731
3734 3733 3533
3736 17 3735
3738 3737 3549
3740 8 3739
3742 3557 3741
3744 6 3743
3746 7 3729
3748 3747 3745
3750 3409 3635
3752 17 3751
3754 3753 3583
3756 959 2507
3758 18 3757
3760 3603 3759
3762 17 3761
3764 3763 3621
3766 8 3765
3768 9 3755
3770 3769 3767
3772 19 1056
3774 3773 3635
3776 17 3775
3778 3777 3649
3780 9 3779
3782 3781 3683
3784 6 3783
3786 7 3771
3788 3787 3785
3790 10 3789
3792 11 3749
3794 3793 3791
3796 15 3795
3798 3797 2943
3800 12 3799
3802 13 3703
3804 3803 3801
3806 4 3805
3808 5 3439
3810 3809 3807
3812 2 3811
3814 3 3171
3816 3815 3813
3818 2979 1675
3820 637 1005
3822 21 3821
3824 3823 1287
3826 18 3825
3828 19 3819
3830 3829 3827
3832 265 319
3834 1307 1533
3836 20 3835
3838 21 3833
3840 3839 3837
3842 415 1005
3844 1283 39
3846 20 3845
3848 21 3843
3850 3849 3847
3852 18 3851
3854 19 3841
3856 3855 3853
3858 16 3857
3860 17 3831
3862 3861 3859
3864 9 3863
3866 7 3864
3868 2181 407
3870 331 249
3872 20 3871
3874 3643 3873
3876 18 3875
3878 19 3869
3880 3879 3877
3882 517 109
3884 21 3883
3886 3885 887
3888 247 347
3890 18 3889
3892 19 3887
3894 3893 3891
3896 16 3895
3898 17 3881
3900 3899 3897
3902 9 3901
3904 7 3902
3906 10 3904
3908 11 3866
3910 3909 3907
3912 14 3911
3914 1283 1005
3916 20 3915
3918 3823 3917
3920 18 3919
3922 3829 3921
3924 17 3923
3926 3925 3859
3928 9 3927
3930 7 3928
3932 629 275
3934 21 3933
3936 3935 407
3938 20 2873
3940 3643 3939
3942 18 3941
3944 19 3937
3946 3945 3943
3948 17 3947
3950 3949 3897
3952 9 3951
3954 7 3952
3956 10 3954
3958 11 3930
3960 3959 3957
3962 15 3961
3964 12 3962
3966 13 3912
3968 3967 3965
3970 71 1675
3972 3823 3847
3974 18 3973
3976 19 3971
3978 3977 3975
3980 1283 1533
3982 20 3981
3984 271 3983
3986 19 3985
3988 3987 3853
3990 16 3989
3992 17 3979
3994 3993 3991
3996 1697 1675
3998 19 3997
4000 3999 3975
4002 3849 3983
4004 18 4003
4006 3987 4005
4008 16 4007
4010 17 4001
4012 4011 4009
4014 8 4013
4016 9 3995
4018 4017 4015
4020 7 4019
4022 2399 407
4024 419 729
4026 18 4025
4028 19 4023
4030 4029 4027
4032 747 617
4034 447 643
4036 18 4035
4038 19 4033
4040 4039 4037
4042 16 4041
4044 17 4031
4046 4045 4043
4048 265 1069
4050 21 4049
4052 4051 407
4054 1007 329
4056 21 4055
4058 4057 433
4060 18 4059
4062 19 4053
4064 4063 4061
4066 747 673
4068 21 3179
4070 4069 1853
4072 18 4071
4074 19 4067
4076 4075 4073
4078 16 4077
4080 17 4065
4082 4081 4079
4084 8 4083
4086 9 4047
4088 4087 4085
4090 7 4089
4092 10 4090
4094 11 4020
4096 4095 4093
4098 14 4097
4100 723 1675
4102 1283 109
4104 20 4103
4106 3823 4105
4108 18 4107
4110 19 4101
4112 4111 4109
4114 17 4113
4116 4115 3991
4118 3999 4109
4120 17 4119
4122 4121 4009
4124 8 4123
4126 9 4117
4128 4127 4125
4130 7 4129
4132 419 617
4134 18 4133
4136 4029 4135
4138 17 4137
4140 4139 4043
4142 629 1069
4144 21 4143
4146 4145 407
4148 4057 1921
4150 18 4149
4152 19 4147
4154 4153 4151
4156 17 4155
4158 4157 4079
4160 8 4159
4162 9 4141
4164 4163 4161
4166 7 4165
4168 10 4166
4170 11 4130
4172 4171 4169
4174 15 4173
4176 12 4174
4178 13 4098
4180 4179 4177
4182 4 4181
4184 5 3969
4186 4185 4183
4188 343 1069
4190 115 439
4192 20 4191
4194 21 4189
4196 4195 4193
4198 20 417
4200 3823 4199
4202 18 4201
4204 19 4197
4206 4205 4203
4208 369 1601
4210 20 4209
4212 801 4211
4214 821 3253
4216 18 4215
4218 19 4213
4220 4219 4217
4222 16 4221
4224 17 4207
4226 4225 4223
4228 9 4227
4230 315 439
4232 20 2167
4234 21 4231
4236 4235 4233
4238 637 109
4240 20 636
4242 21 4239
4244 4243 4241
4246 18 4245
4248 19 4237
4250 4249 4247
4252 797 439
4254 20 3025
4256 21 4253
4258 4257 4255
4260 21 100
4262 4261 2549
4264 18 4263
4266 19 4259
4268 4267 4265
4270 16 4269
4272 17 4251
4274 4273 4271
4276 9 4275
4278 6 4276
4280 7 4228
4282 4281 4279
4284 1591 2045
4286 21 1167
4288 4287 1497
4290 18 4289
4292 19 4285
4294 4293 4291
4296 315 1533
4298 21 4297
4300 4299 1507
4302 21 1543
4304 4303 277
4306 18 4305
4308 19 4301
4310 4309 4307
4312 16 4311
4314 17 4295
4316 4315 4313
4318 9 4317
4320 21 3197
4322 4321 2045
4324 689 145
4326 18 4325
4328 19 4323
4330 4329 4327
4332 517 1291
4334 20 1004
4336 21 4333
4338 4337 4335
4340 1591 277
4342 18 4341
4344 19 4339
4346 4345 4343
4348 16 4347
4350 17 4331
4352 4351 4349
4354 9 4353
4356 6 4354
4358 7 4318
4360 4359 4357
4362 10 4361
4364 11 4283
4366 4365 4363
4368 14 4367
4370 517 439
4372 21 4371
4374 4373 4233
4376 19 4375
4378 4377 4247
4380 17 4379
4382 4381 4271
4384 9 4383
4386 6 4384
4388 4281 4387
4390 369 1533
4392 21 4391
4394 4393 2045
4396 19 4395
4398 4397 4291
4400 17 4399
4402 4401 4313
4404 9 4403
4406 115 313
4408 20 4407
4410 689 4409
4412 18 4411
4414 4329 4413
4416 17 4415
4418 4417 4349
4420 9 4419
4422 6 4420
4424 7 4404
4426 4425 4423
4428 10 4427
4430 11 4389
4432 4431 4429
4434 15 4433
4436 12 4434
4438 13 4368
4440 4439 4437
4442 637 439
4444 20 4443
4446 2399 4445
4448 1283 329
4450 20 4449
4452 3823 4451
4454 18 4453
4456 19 4447
4458 4457 4455
4460 20 98
4462 3935 4461
4464 331 1291
4466 331 39
4468 20 4467
4470 21 4465
4472 4471 4469
4474 18 4473
4476 19 4463
4478 4477 4475
4480 16 4479
4482 17 4459
4484 4483 4481
4486 1697 4445
4488 20 3073
4490 3823 4489
4492 18 4491
4494 19 4487
4496 4495 4493
4498 271 4461
4500 21 3915
4502 4501 4461
4504 18 4503
4506 19 4499
4508 4507 4505
4510 16 4509
4512 17 4497
4514 4513 4511
4516 8 4515
4518 9 4485
4520 4519 4517
4522 415 275
4524 20 4523
4526 2181 4525
4528 20 1282
4530 3823 4529
4532 18 4531
4534 19 4527
4536 4535 4533
4538 4471 4461
4540 18 4539
4542 4477 4541
4544 16 4543
4546 17 4537
4548 4547 4545
4550 71 4445
4552 415 313
4554 20 4553
4556 3823 4555
4558 18 4557
4560 19 4551
4562 4561 4559
4564 857 1005
4566 21 4565
4568 4567 787
4570 18 4569
4572 4507 4571
4574 16 4573
4576 17 4563
4578 4577 4575
4580 8 4579
4582 9 4549
4584 4583 4581
4586 6 4585
4588 7 4521
4590 4589 4587
4592 1307 319
4594 20 4593
4596 71 4595
4598 1307 313
4600 20 4599
4602 3077 4601
4604 18 4603
4606 19 4597
4608 4607 4605
4610 67 1601
4612 21 4611
4614 4613 445
4616 21 1701
4618 4617 643
4620 18 4619
4622 19 4615
4624 4623 4621
4626 16 4625
4628 17 4609
4630 4629 4627
4632 4051 4595
4634 20 639
4636 861 4635
4638 18 4637
4640 19 4633
4642 4641 4639
4644 429 817
4646 20 4645
4648 71 4647
4650 21 2673
4652 4651 1853
4654 18 4653
4656 19 4649
4658 4657 4655
4660 16 4659
4662 17 4643
4664 4663 4661
4666 8 4665
4668 9 4631
4670 4669 4667
4672 20 465
4674 325 4673
4676 2877 4451
4678 18 4677
4680 19 4675
4682 4681 4679
4684 4337 1507
4686 267 1533
4688 21 4687
4690 4689 347
4692 18 4691
4694 19 4685
4696 4695 4693
4698 16 4697
4700 17 4683
4702 4701 4699
4704 1799 4673
4706 4287 4555
4708 18 4707
4710 19 4705
4712 4711 4709
4714 2613 4335
4716 1737 277
4718 18 4717
4720 19 4715
4722 4721 4719
4724 16 4723
4726 17 4713
4728 4727 4725
4730 8 4729
4732 9 4703
4734 4733 4731
4736 6 4735
4738 7 4671
4740 4739 4737
4742 10 4741
4744 11 4591
4746 4745 4743
4748 14 4747
4750 553 313
4752 21 4751
4754 4753 4445
4756 19 4755
4758 4757 4455
4760 17 4759
4762 4761 4481
4764 4495 4455
4766 17 4765
4768 4767 4511
4770 8 4769
4772 9 4763
4774 4773 4771
4776 723 4445
4778 19 4777
4780 4779 4203
4782 17 4781
4784 4783 4575
4786 8 4785
4788 4583 4787
4790 6 4789
4792 7 4775
4794 4793 4791
4796 4145 4595
4798 20 311
4800 861 4799
4802 18 4801
4804 19 4797
4806 4805 4803
4808 17 4807
4810 4809 4661
4812 8 4811
4814 4669 4813
4816 2877 4489
4818 18 4817
4820 4681 4819
4822 17 4821
4824 4823 4699
4826 1607 4673
4828 19 4827
4830 4829 4709
4832 17 4831
4834 4833 4725
4836 8 4835
4838 9 4825
4840 4839 4837
4842 6 4841
4844 7 4815
4846 4845 4843
4848 10 4847
4850 11 4795
4852 4851 4849
4854 15 4853
4856 12 4854
4858 13 4748
4860 4859 4857
4862 4 4861
4864 5 4441
4866 4865 4863
4868 2 4867
4870 3 4187
4872 4871 4869
4874 2559 251
4876 18 4875
4878 19 1148
4880 4879 4877
4882 2509 3199
4884 4069 617
4886 18 4885
4888 19 4883
4890 4889 4887
4892 16 4891
4894 17 4881
4896 4895 4893
4898 9 4897
4900 7 4898
4902 1157 3873
4904 18 4903
4906 3879 4905
4908 343 319
4910 21 4909
4912 4911 887
4914 19 4913
4916 4915 3891
4918 16 4917
4920 17 4907
4922 4921 4919
4924 9 4923
4926 7 4924
4928 10 4926
4930 11 4900
4932 4931 4929
4934 14 4933
4936 15 4933
4938 12 4936
4940 13 4934
4942 4941 4939
4944 2181 3873
4946 20 402
4948 435 4947
4950 18 4949
4952 19 4945
4954 4953 4951
4956 3839 617
4958 403 1533
4960 20 4959
4962 447 4961
4964 18 4963
4966 19 4957
4968 4967 4965
4970 16 4969
4972 17 4955
4974 4973 4971
4976 2399 729
4978 19 4977
4980 4979 733
4982 447 3207
4984 18 4983
4986 4967 4985
4988 16 4987
4990 17 4981
4992 4991 4989
4994 8 4993
4996 9 4975
4998 4997 4995
5000 7 4999
5002 18 1231
5004 19 2184
5006 5005 5003
5008 345 825
5010 19 5009
5012 5011 279
5014 16 5013
5016 17 5007
5018 5017 5015
5020 20 365
5022 325 5021
5024 20 3331
5026 21 102
5028 5027 5025
5030 18 5029
5032 19 5023
5034 5033 5031
5036 345 1169
5038 18 274
5040 19 5037
5042 5041 5039
5044 16 5043
5046 17 5035
5048 5047 5045
5050 8 5049
5052 9 5019
5054 5053 5051
5056 7 5055
5058 10 5056
5060 11 5000
5062 5061 5059
5064 14 5063
5066 4753 729
5068 19 5067
5070 5069 733
5072 17 5071
5074 5073 4989
5076 8 5075
5078 4997 5077
5080 7 5079
5082 521 5021
5084 19 5083
5086 5085 5031
5088 17 5087
5090 5089 5045
5092 8 5091
5094 5053 5093
5096 7 5095
5098 10 5096
5100 11 5080
5102 5101 5099
5104 15 5103
5106 12 5104
5108 13 5064
5110 5109 5107
5112 4 5111
5114 5 4943
5116 5115 5113
5118 2819 2549
5120 2823 4461
5122 18 5121
5124 19 5119
5126 5125 5123
5128 271 2689
5130 21 2687
5132 5131 3983
5134 18 5133
5136 19 5129
5138 5137 5135
5140 16 5139
5142 17 5127
5144 5143 5141
5146 9 5145
5148 1697 3207
5150 2823 4469
5152 18 5151
5154 19 5149
5156 5155 5153
5158 271 4489
5160 21 4599
5162 5161 1747
5164 18 5163
5166 19 5159
5168 5167 5165
5170 16 5169
5172 17 5157
5174 5173 5171
5176 9 5175
5178 6 5176
5180 7 5146
5182 5181 5179
5184 4321 145
5186 18 5185
5188 4329 5187
5190 343 249
5192 21 5191
5194 5193 1507
5196 19 5195
5198 5197 4343
5200 16 5199
5202 17 5189
5204 5203 5201
5206 9 5205
5208 2535 2045
5210 4321 4409
5212 18 5211
5214 19 5209
5216 5215 5213
5218 797 1069
5220 21 5219
5222 5221 1507
5224 19 5223
5226 5225 4307
5228 16 5227
5230 17 5217
5232 5231 5229
5234 9 5233
5236 6 5234
5238 7 5206
5240 5239 5237
5242 10 5241
5244 11 5183
5246 5245 5243
5248 14 5247
5250 20 4465
5252 2823 5251
5254 18 5253
5256 5125 5255
5258 17 5257
5260 5259 5141
5262 9 5261
5264 331 109
5266 20 5265
5268 2823 5267
5270 18 5269
5272 5155 5271
5274 17 5273
5276 5275 5171
5278 9 5277
5280 6 5278
5282 7 5262
5284 5283 5281
5286 125 313
5288 21 5287
5290 5289 2045
5292 19 5291
5294 5293 5187
5296 17 5295
5298 5297 5201
5300 9 5299
5302 4651 2045
5304 19 5303
5306 5305 5187
5308 17 5307
5310 5309 5229
5312 9 5311
5314 6 5312
5316 7 5300
5318 5317 5315
5320 10 5319
5322 11 5285
5324 5323 5321
5326 15 5325
5328 12 5326
5330 13 5248
5332 5331 5329
5334 2959 4961
5336 18 5335
5338 5125 5337
5340 3839 4601
5342 5161 3837
5344 18 5343
5346 19 5341
5348 5347 5345
5350 16 5349
5352 17 5339
5354 5353 5351
5356 71 3207
5358 2959 3207
5360 18 5359
5362 19 5357
5364 5363 5361
5366 633 4601
5368 5161 45
5370 18 5369
5372 19 5367
5374 5373 5371
5376 16 5375
5378 17 5365
5380 5379 5377
5382 8 5381
5384 9 5355
5386 5385 5383
5388 5347 5371
5390 16 5389
5392 5379 5391
5394 2959 643
5396 18 5395
5398 5363 5397
5400 463 313
5402 21 5401
5404 5403 4601
5406 18 5405
5408 5373 5407
5410 16 5409
5412 17 5399
5414 5413 5411
5416 8 5415
5418 9 5393
5420 5419 5417
5422 6 5421
5424 7 5387
5426 5425 5423
5428 2185 2045
5430 111 1069
5432 21 5431
5434 5433 3037
5436 18 5435
5438 19 5429
5440 5439 5437
5442 17 5441
5444 5443 5201
5446 781 4673
5448 5433 4555
5450 18 5449
5452 19 5447
5454 5453 5451
5456 5193 4335
5458 19 5457
5460 5459 4719
5462 16 5461
5464 17 5455
5466 5465 5463
5468 8 5467
5470 9 5445
5472 5471 5469
5474 21 1377
5476 5475 4529
5478 5403 4409
5480 18 5479
5482 19 5477
5484 5483 5481
5486 629 313
5488 21 5487
5490 5489 445
5492 21 129
5494 5493 1853
5496 18 5495
5498 19 5491
5500 5499 5497
5502 16 5501
5504 17 5485
5506 5505 5503
5508 1697 4595
5510 5403 4799
5512 18 5511
5514 19 5509
5516 5515 5513
5518 17 5517
5520 5519 5503
5522 8 5521
5524 9 5507
5526 5525 5523
5528 6 5527
5530 7 5473
5532 5531 5529
5534 10 5533
5536 11 5427
5538 5537 5535
5540 14 5539
5542 403 1291
5544 20 5543
5546 2959 5545
5548 18 5547
5550 5125 5549
5552 17 5551
5554 5553 5351
5556 723 3207
5558 20 3281
5560 2959 5559
5562 18 5561
5564 19 5557
5566 5565 5563
5568 17 5567
5570 5569 5377
5572 8 5571
5574 9 5555
5576 5575 5573
5578 5569 5391
5580 2959 445
5582 18 5581
5584 5565 5583
5586 17 5585
5588 5587 5411
5590 8 5589
5592 9 5579
5594 5593 5591
5596 6 5595
5598 7 5577
5600 5599 5597
5602 917 4673
5604 5433 4199
5606 18 5605
5608 19 5603
5610 5609 5607
5612 17 5611
5614 5613 5463
5616 8 5615
5618 5471 5617
5620 5493 4529
5622 5403 145
5624 18 5623
5626 19 5621
5628 5627 5625
5630 17 5629
5632 5631 5503
5634 5403 4635
5636 18 5635
5638 5515 5637
5640 17 5639
5642 5641 5503
5644 8 5643
5646 9 5633
5648 5647 5645
5650 6 5649
5652 7 5619
5654 5653 5651
5656 10 5655
5658 11 5601
5660 5659 5657
5662 15 5661
5664 12 5662
5666 13 5540
5668 5667 5665
5670 4 5669
5672 5 5333
5674 5673 5671
5676 2 5675
5678 3 5117
5680 5679 5677
5682 1013 119
5684 21 108
5686 5685 2373
5688 18 5687
5690 19 5683
5692 5691 5689
5694 5685 145
5696 20 5287
5698 133 5697
5700 18 5699
5702 19 5695
5704 5703 5701
5706 16 5705
5708 17 5693
5710 5709 5707
5712 9 5711
5714 7 5712
5716 2865 1545
5718 18 5717
5720 1595 5719
5722 797 1533
5724 20 1671
5726 21 5723
5728 5727 5725
5730 19 5729
5732 5731 1575
5734 16 5733
5736 17 5721
5738 5737 5735
5740 9 5739
5742 7 5740
5744 10 5742
5746 11 5714
5748 5747 5745
5750 14 5749
5752 1021 119
5754 5685 5697
5756 18 5755
5758 19 5753
5760 5759 5757
5762 17 5761
5764 5763 5707
5766 9 5765
5768 7 5766
5770 11 5768
5772 5771 5745
5774 15 5773
5776 12 5774
5778 13 5750
5780 5779 5777
5782 133 2373
5784 18 5783
5786 5703 5785
5788 16 5787
5790 5709 5789
5792 325 119
5794 5685 433
5796 18 5795
5798 19 5793
5800 5799 5797
5802 343 109
5804 21 5803
5806 5805 145
5808 19 5807
5810 5809 5701
5812 16 5811
5814 17 5801
5816 5815 5813
5818 8 5817
5820 9 5791
5822 5821 5819
5824 7 5823
5826 3063 1659
5828 18 5827
5830 1741 5829
5832 629 1601
5834 21 5833
5836 5835 45
5838 19 5837
5840 5839 1575
5842 16 5841
5844 17 5831
5846 5845 5843
5848 3063 1703
5850 18 5849
5852 1709 5851
5854 17 5853
5856 5855 5843
5858 8 5857
5860 9 5847
5862 5861 5859
5864 7 5863
5866 10 5864
5868 11 5824
5870 5869 5867
5872 14 5871
5874 5763 5789
5876 521 119
5878 5685 1921
5880 18 5879
5882 19 5877
5884 5883 5881
5886 17 5885
5888 5887 5813
5890 8 5889
5892 9 5875
5894 5893 5891
5896 7 5895
5898 11 5896
5900 5899 5867
5902 15 5901
5904 12 5902
5906 13 5872
5908 5907 5905
5910 4 5909
5912 5 5781
5914 5913 5911
5916 5685 119
5918 18 5917
5920 5691 5919
5922 19 5917
5924 5923 1035
5926 16 5925
5928 17 5921
5930 5929 5927
5932 9 5931
5934 115 1291
5936 21 5935
5938 5937 1841
5940 18 5939
5942 1847 5941
5944 5727 2513
5946 19 5945
5948 5947 1857
5950 16 5949
5952 17 5943
5954 5953 5951
5956 9 5955
5958 10 5956
5960 11 5932
5962 5961 5959
5964 14 5963
5966 5685 131
5968 18 5967
5970 5759 5969
5972 17 5971
5974 5973 5927
5976 9 5975
5978 11 5976
5980 5979 5959
5982 15 5981
5984 12 5982
5986 13 5964
5988 5987 5985
5990 20 4239
5992 5685 5991
5994 18 5993
5996 5799 5995
5998 5805 119
6000 931 4409
6002 18 6001
6004 19 5999
6006 6005 6003
6008 16 6007
6010 17 5997
6012 6011 6009
6014 8 6013
6016 5933 6015
6018 20 2833
6020 5685 6019
6022 18 6021
6024 5799 6023
6026 21 4645
6028 6027 131
6030 18 6029
6032 6005 6031
6034 16 6033
6036 17 6025
6038 6037 6035
6040 8 6039
6042 5933 6041
6044 6 6043
6046 7 6017
6048 6047 6045
6050 959 1893
6052 18 6051
6054 1951 6053
6056 5835 433
6058 19 6057
6060 6059 1857
6062 16 6061
6064 17 6055
6066 6065 6063
6068 959 1921
6070 18 6069
6072 1927 6071
6074 17 6073
6076 6075 6063
6078 8 6077
6080 9 6067
6082 6081 6079
6084 623 6071
6086 17 6085
6088 6087 6063
6090 8 6089
6092 6081 6091
6094 6 6093
6096 7 6083
6098 6097 6095
6100 10 6099
6102 11 6049
6104 6103 6101
6106 14 6105
6108 5685 1703
6110 18 6109
6112 5883 6111
6114 17 6113
6116 6115 6009
6118 8 6117
6120 5977 6119
6122 5685 45
6124 18 6123
6126 5883 6125
6128 17 6127
6130 6129 6035
6132 8 6131
6134 5977 6133
6136 6 6135
6138 7 6121
6140 6139 6137
6142 735 6071
6144 17 6143
6146 6145 6063
6148 8 6147
6150 6081 6149
6152 6 6151
6154 6097 6153
6156 10 6155
6158 11 6141
6160 6159 6157
6162 15 6161
6164 12 6162
6166 13 6106
6168 6167 6165
6170 4 6169
6172 5 5989
6174 6173 6171
6176 2 6175
6178 3 5915
6180 6179 6177
6182 121 825
6184 21 4209
6186 6185 131
6188 18 6187
6190 19 6183
6192 6191 6189
6194 4393 4211
6196 463 439
6198 463 275
6200 20 6199
6202 21 6197
6204 6203 6201
6206 18 6205
6208 19 6195
6210 6209 6207
6212 16 6211
6214 17 6193
6216 6215 6213
6218 9 6217
6220 7 6218
6222 265 1291
6224 21 6223
6226 6225 729
6228 3643 3983
6230 18 6229
6232 19 6227
6234 6233 6231
6236 1007 109
6238 429 1005
6240 20 6239
6242 21 6237
6244 6243 6241
6246 21 4523
6248 6247 1317
6250 18 6249
6252 19 6245
6254 6253 6251
6256 16 6255
6258 17 6235
6260 6259 6257
6262 9 6261
6264 7 6262
6266 10 6264
6268 11 6220
6270 6269 6267
6272 14 6271
6274 133 825
6276 19 6275
6278 6277 6189
6280 17 6279
6282 6281 6213
6284 9 6283
6286 7 6284
6288 11 6286
6290 6289 6267
6292 15 6291
6294 12 6292
6296 13 6272
6298 6297 6295
6300 111 439
6302 20 6301
6304 121 6303
6306 19 6305
6308 6307 6189
6310 111 1601
6312 20 6311
6314 6185 6313
6316 20 3539
6318 6203 6317
6320 18 6319
6322 19 6315
6324 6323 6321
6326 16 6325
6328 17 6309
6330 6329 6327
6332 821 825
6334 115 1533
6336 20 6335
6338 6185 6337
6340 18 6339
6342 19 6333
6344 6343 6341
6346 17 6345
6348 6347 6327
6350 8 6349
6352 9 6331
6354 6353 6351
6356 7 6355
6358 343 1291
6360 21 6359
6362 6361 1149
6364 19 6363
6366 6365 6231
6368 19 1004
6370 6369 6251
6372 16 6371
6374 17 6367
6376 6375 6373
6378 1491 1187
6380 2499 1537
6382 18 6381
6384 19 6379
6386 6385 6383
6388 2169 2045
6390 18 6389
6392 6369 6391
6394 16 6393
6396 17 6387
6398 6397 6395
6400 8 6399
6402 9 6377
6404 6403 6401
6406 7 6405
6408 10 6406
6410 11 6356
6412 6411 6409
6414 14 6413
6416 133 6303
6418 19 6417
6420 6419 6189
6422 17 6421
6424 6423 6327
6426 931 825
6428 19 6427
6430 6429 6341
6432 17 6431
6434 6433 6327
6436 8 6435
6438 9 6425
6440 6439 6437
6442 7 6441
6444 11 6442
6446 6445 6409
6448 15 6447
6450 12 6448
6452 13 6414
6454 6453 6451
6456 4 6455
6458 5 6299
6460 6459 6457
6462 6185 5697
6464 18 6463
6466 6307 6465
6468 6185 6303
6470 5403 1149
6472 18 6471
6474 19 6469
6476 6475 6473
6478 16 6477
6480 17 6467
6482 6481 6479
6484 9 6483
6486 6225 45
6488 2877 3983
6490 18 6489
6492 19 6487
6494 6493 6491
6496 6243 1311
6498 21 3981
6500 6499 1317
6502 18 6501
6504 19 6497
6506 6505 6503
6508 16 6507
6510 17 6495
6512 6511 6509
6514 9 6513
6516 10 6514
6518 11 6484
6520 6519 6517
6522 14 6521
6524 6419 6465
6526 17 6525
6528 6527 6479
6530 9 6529
6532 11 6530
6534 6533 6517
6536 15 6535
6538 12 6536
6540 13 6522
6542 6541 6539
6544 6185 3597
6546 18 6545
6548 6343 6547
6550 17 6549
6552 6551 6479
6554 8 6553
6556 6485 6555
6558 6361 1379
6560 19 6559
6562 6561 6491
6564 1509 1399
6566 19 6565
6568 6567 6503
6570 16 6569
6572 17 6563
6574 6573 6571
6576 4287 1537
6578 18 6577
6580 2037 6579
6582 1547 2045
6584 18 6583
6586 6567 6585
6588 16 6587
6590 17 6581
6592 6591 6589
6594 8 6593
6596 9 6575
6598 6597 6595
6600 10 6599
6602 11 6557
6604 6603 6601
6606 14 6605
6608 6429 6547
6610 17 6609
6612 6611 6479
6614 8 6613
6616 6531 6615
6618 11 6617
6620 6619 6601
6622 15 6621
6624 12 6622
6626 13 6606
6628 6627 6625
6630 4 6629
6632 5 6543
6634 6633 6631
6636 2 6635
6638 3 6461
6640 6639 6637
6642 1021 131
6644 18 6643
6646 139 6645
6648 5759 151
6650 16 6649
6652 17 6647
6654 6653 6651
6656 9 6655
6658 7 6656
6660 931 323
6662 18 6661
6664 19 1012
6666 6665 6663
6668 5027 251
6670 19 6669
6672 16 6670
6674 17 6667
6676 6675 6673
6678 9 6677
6680 7 6678
6682 10 6680
6684 11 6658
6686 6685 6683
6688 14 6687
6690 18 5753
6692 139 6691
6694 17 6693
6696 6695 6651
6698 9 6697
6700 7 6698
6702 11 6700
6704 6703 6683
6706 15 6705
6708 12 6706
6710 13 6688
6712 6711 6709
6714 7 6655
6716 1223 5021
6718 21 6239
6720 6719 1155
6722 18 6721
6724 19 6717
6726 6725 6723
6728 247 379
6730 18 6729
6732 6671 6731
6734 16 6733
6736 17 6727
6738 6737 6735
6740 18 2600
6742 375 6741
6744 17 6743
6746 6745 6673
6748 8 6747
6750 9 6739
6752 6751 6749
6754 7 6753
6756 10 6754
6758 11 6714
6760 6759 6757
6762 14 6761
6764 7 6697
6766 11 6764
6768 6767 6757
6770 15 6769
6772 12 6770
6774 13 6762
6776 6775 6773
6778 4 6777
6780 5 6713
6782 6781 6779
6784 409 611
6786 6027 407
6788 18 6787
6790 19 6785
6792 6791 6789
6794 1021 687
6796 19 6795
6798 6797 383
6800 16 6799
6802 17 6793
6804 6803 6801
6806 9 6805
6808 10 6806
6810 11 6656
6812 6811 6809
6814 14 6813
6816 11 6698
6818 6817 6809
6820 15 6819
6822 12 6820
6824 13 6814
6826 6825 6823
6828 1223 323
6830 429 1291
6832 21 6831
6834 6833 1155
6836 18 6835
6838 19 6829
6840 6839 6837
6842 6671 383
6844 16 6843
6846 17 6841
6848 6847 6845
6850 9 6849
6852 6851 6749
6854 10 6853
6856 11 6655
6858 6857 6855
6860 14 6859
6862 11 6697
6864 6863 6855
6866 15 6865
6868 12 6866
6870 13 6860
6872 6871 6869
6874 4 6873
6876 5 6827
6878 6877 6875
6880 2 6879
6882 3 6783
6884 6883 6881
6886 7 2848
6888 6887 2855
6890 17 2302
6892 9 6890
6894 6893 2849
6896 7 6895
6898 6897 2855
6900 10 6899
6902 11 6889
6904 6903 6901
6906 15 6905
6908 6907 2943
6910 12 6909
6912 13 6905
6914 6913 6911
6916 7 6890
6918 6917 2855
6920 349 371
6922 18 6921
6924 2303 6923
6926 17 6925
6928 6927 385
6930 8 6929
6932 6893 6931
6934 7 6933
6936 6935 2855
6938 10 6937
6940 11 6919
6942 6941 6939
6944 14 6943
6946 15 6919
6948 6947 6945
6950 15 6943
6952 6951 2943
6954 12 6953
6956 13 6949
6958 6957 6955
6960 4 6959
6962 5 6915
6964 6963 6961
6966 15 6895
6968 6967 2943
6970 12 6969
6972 13 6895
6974 6973 6971
6976 10 6933
6978 11 6890
6980 6979 6977
6982 14 6981
6984 15 6890
6986 6985 6983
6988 15 6981
6990 6989 2943
6992 12 6991
6994 13 6987
6996 6995 6993
6998 4 6997
7000 5 6975
7002 7001 6999
7004 2 7003
7006 3 6965
7008 7007 7005
i0 hbusreq_0
i1 hbusreq_1
i2 hlock_0
i3 hlock_1
i4 hready
i5 hburst_0
i6 hburst_1
o0 hmastlock
o1 decide
o2 hgrant_0
o3 hgrant_1
o4 hmaster_0
o5 start
o6 busreq
o7 locked
