REALIZABLE
aag 1390 5 5 6 1380
2
4
6
8
10
12 1481
14 1827
16 2163
18 2453
20 2781
113
259
371
501
721
1055
22 18 21
24 19 20
26 25 23
28 16 22
30 17 27
32 31 29
34 16 24
36 17 22
38 37 35
40 14 39
42 15 33
44 43 41
46 19 21
48 16 46
50 17 19
52 51 49
54 16 27
56 51 55
58 14 57
60 15 53
62 61 59
64 12 63
66 13 45
68 67 65
70 2 69
72 10 70
74 18 20
76 16 75
78 17 47
80 79 77
82 14 75
84 15 81
86 85 83
88 12 75
90 13 87
92 91 89
94 2 93
96 8 94
98 9 72
100 99 97
102 6 94
104 7 101
106 105 103
108 4 94
110 5 107
112 111 109
114 17 46
116 14 114
118 15 46
120 119 117
122 12 121
124 15 114
126 13 124
128 127 123
130 2 129
132 3 122
134 133 131
136 17 74
138 137 35
140 31 35
142 14 141
144 15 139
146 145 143
148 17 21
150 149 29
152 14 151
154 15 21
156 155 153
158 12 157
160 13 147
162 161 159
164 17 26
166 165 35
168 15 167
170 169 143
172 13 171
174 173 159
176 2 175
178 3 163
180 179 177
182 119 153
184 12 183
186 161 185
188 173 185
190 2 189
192 3 187
194 193 191
196 10 195
198 11 181
200 199 197
202 14 24
204 15 34
206 205 203
208 13 207
210 209 185
212 115 35
214 15 213
216 215 203
218 13 217
220 219 185
222 2 221
224 3 211
226 225 223
228 8 227
230 9 201
232 231 229
234 13 204
236 235 185
238 13 214
240 239 185
242 2 241
244 3 237
246 245 243
248 6 247
250 7 233
252 251 249
254 4 253
256 5 135
258 257 255
260 17 24
262 261 29
264 15 263
266 14 34
268 12 266
270 13 264
272 271 269
274 261 77
276 16 19
278 17 75
280 279 277
282 14 281
284 15 275
286 285 283
288 14 54
290 15 36
292 291 289
294 12 293
296 13 287
298 297 295
300 16 21
302 261 301
304 31 277
306 14 305
308 15 303
310 309 307
312 13 311
314 313 269
316 10 315
318 11 299
320 319 317
322 261 277
324 14 323
326 265 325
328 13 327
330 329 269
332 8 331
334 9 321
336 335 333
338 6 337
340 7 273
342 341 339
344 309 283
346 291 267
348 12 347
350 13 345
352 351 349
354 11 353
356 355 317
358 9 357
360 359 333
362 6 361
364 341 363
366 4 365
368 5 343
370 369 367
372 291 41
374 14 263
376 15 260
378 377 375
380 12 379
382 13 373
384 383 381
386 17 18
388 387 49
390 149 277
392 14 391
394 15 389
396 395 393
398 14 33
400 265 399
402 12 401
404 13 397
406 405 403
408 395 41
410 13 409
412 411 381
414 10 413
416 11 407
418 417 415
420 8 419
422 9 385
424 423 421
426 12 260
428 13 290
430 429 427
432 429 381
434 10 433
436 11 431
438 437 435
440 14 148
442 395 441
444 13 443
446 445 403
448 14 36
450 395 449
452 13 451
454 453 381
456 10 455
458 11 447
460 459 457
462 8 461
464 9 439
466 465 463
468 6 467
470 7 425
472 471 469
474 14 260
476 265 475
478 12 477
480 445 479
482 453 427
484 10 483
486 11 481
488 487 485
490 8 489
492 9 431
494 493 491
496 4 495
498 5 473
500 499 497
502 137 277
504 51 301
506 14 505
508 15 503
510 509 507
512 37 55
514 37 49
516 14 515
518 15 513
520 519 517
522 12 521
524 13 511
526 525 523
528 205 375
530 14 48
532 15 39
534 533 531
536 12 535
538 13 529
540 539 537
542 205 507
544 13 543
546 545 523
548 10 547
550 11 541
552 551 549
554 8 553
556 9 527
558 557 555
560 14 28
562 15 136
564 563 561
566 15 54
568 567 517
570 12 569
572 13 565
574 573 571
576 115 29
578 14 577
580 145 579
582 13 581
584 583 523
586 10 585
588 11 575
590 589 587
592 205 561
594 13 593
596 595 537
598 205 579
600 13 599
602 601 523
604 10 603
606 11 597
608 607 605
610 8 609
612 9 591
614 613 611
616 6 615
618 7 559
620 619 617
622 115 301
624 14 623
626 15 48
628 627 625
630 205 531
632 12 631
634 13 629
636 635 633
638 519 531
640 12 639
642 635 641
644 10 643
646 11 637
648 647 645
650 14 300
652 13 650
654 653 537
656 13 624
658 657 641
660 10 659
662 11 655
664 663 661
666 8 665
668 9 649
670 669 667
672 567 531
674 12 673
676 573 675
678 563 579
680 13 679
682 681 641
684 10 683
686 11 677
688 687 685
690 13 560
692 691 537
694 13 578
696 695 641
698 10 697
700 11 693
702 701 699
704 8 703
706 9 689
708 707 705
710 6 709
712 7 671
714 713 711
716 4 715
718 5 621
720 719 717
722 10 527
724 387 277
726 15 725
728 727 83
730 31 301
732 14 731
734 15 27
736 735 733
738 12 737
740 13 729
742 741 739
744 10 743
746 417 745
748 8 747
750 9 722
752 751 749
754 17 20
756 755 77
758 15 757
760 759 83
762 37 277
764 14 763
766 519 765
768 12 767
770 13 761
772 771 769
774 10 773
776 319 775
778 79 301
780 15 779
782 781 283
784 14 27
786 265 785
788 12 787
790 13 783
792 791 789
794 31 77
796 14 795
798 735 797
800 12 799
802 91 801
804 10 803
806 11 793
808 807 805
810 8 809
812 9 777
814 813 811
816 6 815
818 7 753
820 819 817
822 509 83
824 149 77
826 14 21
828 15 825
830 829 827
832 12 831
834 13 823
836 835 833
838 165 277
840 15 839
842 841 83
844 13 843
846 845 833
848 2 847
850 3 837
852 851 849
854 10 853
856 199 855
858 279 35
860 14 859
862 727 861
864 279 29
866 14 865
868 15 505
870 869 867
872 12 871
874 13 863
876 875 873
878 17 25
880 879 277
882 15 881
884 883 861
886 13 885
888 887 873
890 2 889
892 3 877
894 893 891
896 279 301
898 14 897
900 15 75
902 901 899
904 12 903
906 741 905
908 883 83
910 13 909
912 911 905
914 2 913
916 3 907
918 917 915
920 10 919
922 11 895
924 923 921
926 8 925
928 9 857
930 929 927
932 149 49
934 149 55
936 14 935
938 15 933
940 939 937
942 12 941
944 297 943
946 51 77
948 15 947
950 949 283
952 13 951
954 953 943
956 2 955
958 3 945
960 959 957
962 12 825
964 771 963
966 17 23
968 967 77
970 15 969
972 971 83
974 13 973
976 975 963
978 2 977
980 3 965
982 981 979
984 10 983
986 11 961
988 987 985
990 85 283
992 279 55
994 14 993
996 869 995
998 12 997
1000 13 991
1002 1001 999
1004 16 74
1006 15 1005
1008 1007 283
1010 13 1009
1012 1011 999
1014 2 1013
1016 3 1003
1018 1017 1015
1020 1007 83
1022 13 1021
1024 1023 89
1026 2 1025
1028 3 93
1030 1029 1027
1032 10 1031
1034 11 1019
1036 1035 1033
1038 8 1037
1040 9 989
1042 1041 1039
1044 6 1043
1046 7 931
1048 1047 1045
1050 4 1049
1052 5 821
1054 1053 1051
1056 14 933
1058 829 1057
1060 12 1059
1062 525 1061
1064 841 507
1066 13 1065
1068 1067 1061
1070 2 1069
1072 3 1063
1074 1073 1071
1076 1023 801
1078 2 1077
1080 1073 1079
1082 10 1081
1084 11 1075
1086 1085 1083
1088 261 55
1090 15 1089
1092 1091 375
1094 115 277
1096 14 1095
1098 15 391
1100 1099 1097
1102 12 1101
1104 13 1093
1106 1105 1103
1108 879 49
1110 15 1109
1112 1111 393
1114 13 1113
1116 1115 403
1118 2 1117
1120 3 1107
1122 1121 1119
1124 829 393
1126 12 1125
1128 545 1127
1130 16 20
1132 15 1131
1134 1133 41
1136 13 1135
1138 1137 381
1140 2 1139
1142 3 1129
1144 1143 1141
1146 10 1145
1148 11 1123
1150 1149 1147
1152 8 1151
1154 9 1087
1156 1155 1153
1158 15 386
1160 1159 561
1162 279 49
1164 14 1163
1166 949 1165
1168 12 1167
1170 13 1161
1172 1171 1169
1174 953 295
1176 2 1175
1178 3 1173
1180 1179 1177
1182 901 1057
1184 12 1183
1186 583 1185
1188 15 897
1190 1189 307
1192 14 1089
1194 12 1192
1196 13 1191
1198 1197 1195
1200 2 1199
1202 3 1187
1204 1203 1201
1206 10 1205
1208 11 1181
1210 1209 1207
1212 2 126
1214 1029 1213
1216 509 153
1218 901 393
1220 12 1219
1222 13 1217
1224 1223 1221
1226 15 865
1228 1227 325
1230 12 374
1232 13 1229
1234 1233 1231
1236 2 1235
1238 3 1225
1240 1239 1237
1242 10 1241
1244 11 1215
1246 1245 1243
1248 8 1247
1250 9 1211
1252 1251 1249
1254 6 1253
1256 7 1157
1258 1257 1255
1260 387 35
1262 15 1261
1264 1263 143
1266 1189 867
1268 12 1267
1270 13 1265
1272 1271 1269
1274 869 625
1276 14 276
1278 205 1277
1280 12 1279
1282 13 1275
1284 1283 1281
1286 2 1285
1288 3 1273
1290 1289 1287
1292 61 867
1294 12 1293
1296 161 1295
1298 1189 625
1300 519 1277
1302 12 1301
1304 13 1299
1306 1305 1303
1308 2 1307
1310 3 1297
1312 1311 1309
1314 10 1313
1316 11 1291
1318 1317 1315
1320 387 77
1322 15 1321
1324 1323 861
1326 1189 83
1328 12 1327
1330 13 1325
1332 1331 1329
1334 15 50
1336 1335 651
1338 12 204
1340 13 1337
1342 1341 1339
1344 2 1343
1346 3 1333
1348 1347 1345
1350 509 861
1352 13 1351
1354 1353 1329
1356 1227 651
1358 13 1357
1360 1359 1339
1362 2 1361
1364 3 1355
1366 1365 1363
1368 10 1367
1370 11 1349
1372 1371 1369
1374 8 1373
1376 9 1319
1378 1377 1375
1380 949 899
1382 12 1381
1384 13 1262
1386 1385 1383
1388 869 83
1390 13 1389
1392 1391 349
1394 2 1393
1396 3 1387
1398 1397 1395
1400 145 117
1402 13 1401
1404 1403 905
1406 1189 797
1408 13 1407
1410 1409 269
1412 2 1411
1414 3 1405
1416 1415 1413
1418 10 1417
1420 11 1399
1422 1421 1419
1424 1323 441
1426 13 1425
1428 1427 89
1430 14 275
1432 1335 1431
1434 13 1433
1436 2 1434
1438 3 1429
1440 1439 1437
1442 509 441
1444 13 1443
1446 1445 89
1448 1227 1431
1450 13 1449
1452 2 1450
1454 3 1447
1456 1455 1453
1458 10 1457
1460 11 1441
1462 1461 1459
1464 8 1463
1466 9 1423
1468 1467 1465
1470 6 1469
1472 7 1379
1474 1473 1471
1476 4 1475
1478 5 1259
1480 1479 1477
1482 2 1063
1484 3 527
1486 1485 1483
1488 10 1487
1490 11 527
1492 1491 1489
1494 2 541
1496 1121 1495
1498 519 393
1500 12 1499
1502 545 1501
1504 829 517
1506 12 1505
1508 545 1507
1510 2 1509
1512 3 1503
1514 1513 1511
1516 10 1515
1518 11 1497
1520 1519 1517
1522 8 1521
1524 9 1493
1526 1525 1523
1528 2 1173
1530 2 1187
1532 10 1530
1534 11 1528
1536 1535 1533
1538 1091 1431
1540 15 148
1542 1541 1097
1544 12 1543
1546 13 1539
1548 1547 1545
1550 727 153
1552 15 795
1554 1553 733
1556 12 1555
1558 13 1551
1560 1559 1557
1562 2 1561
1564 3 1549
1566 1565 1563
1568 15 22
1570 1569 393
1572 12 1571
1574 601 1573
1576 901 517
1578 12 1577
1580 1223 1579
1582 2 1581
1584 3 1575
1586 1585 1583
1588 10 1587
1590 11 1567
1592 1591 1589
1594 8 1593
1596 9 1537
1598 1597 1595
1600 6 1599
1602 7 1527
1604 1603 1601
1606 15 515
1608 1607 625
1610 261 49
1612 14 1611
1614 15 24
1616 1615 1613
1618 12 1617
1620 13 1609
1622 1621 1619
1624 2 965
1626 3 1623
1628 1627 1625
1630 735 1613
1632 12 1631
1634 635 1633
1636 755 277
1638 15 1637
1640 1639 83
1642 13 1641
1644 1643 963
1646 2 1645
1648 3 1635
1650 1649 1647
1652 10 1651
1654 11 1629
1656 1655 1653
1658 1323 83
1660 13 1659
1662 1661 89
1664 377 651
1666 13 1665
1668 1667 537
1670 2 1669
1672 3 1663
1674 1673 1671
1676 137 49
1678 15 1677
1680 1679 827
1682 14 19
1684 735 1683
1686 12 1685
1688 13 1681
1690 1689 1687
1692 14 947
1694 1615 1693
1696 37 301
1698 14 1697
1700 829 1699
1702 12 1701
1704 13 1695
1706 1705 1703
1708 2 1707
1710 3 1691
1712 1711 1709
1714 10 1713
1716 11 1675
1718 1717 1715
1720 8 1719
1722 9 1657
1724 1723 1721
1726 12 474
1728 691 1727
1730 14 825
1732 901 1731
1734 12 1733
1736 91 1735
1738 2 1737
1740 3 1729
1742 1741 1739
1744 1643 1735
1746 2 1745
1748 1741 1747
1750 10 1749
1752 11 1743
1754 1753 1751
1756 567 561
1758 1541 83
1760 12 1759
1762 13 1757
1764 1763 1761
1766 79 49
1768 15 1767
1770 1769 83
1772 1553 531
1774 12 1773
1776 13 1771
1778 1777 1775
1780 2 1779
1782 3 1765
1784 1783 1781
1786 1569 1683
1788 12 1787
1790 695 1789
1792 901 1699
1794 12 1793
1796 1643 1795
1798 2 1797
1800 3 1791
1802 1801 1799
1804 10 1803
1806 11 1785
1808 1807 1805
1810 8 1809
1812 9 1755
1814 1813 1811
1816 6 1815
1818 7 1725
1820 1819 1817
1822 4 1821
1824 5 1605
1826 1825 1823
1828 759 507
1830 13 1829
1832 1831 769
1834 533 1277
1836 12 1835
1838 1105 1837
1840 2 122
1842 3 1839
1844 1843 1841
1846 1091 507
1848 13 1847
1850 1849 769
1852 12 116
1854 271 1853
1856 2 1855
1858 3 1851
1860 1859 1857
1862 10 1861
1864 11 1845
1866 1865 1863
1868 8 1867
1870 9 1833
1872 1871 1869
1874 37 77
1876 15 1875
1878 1877 393
1880 12 1879
1882 771 1881
1884 10 1883
1886 11 965
1888 1887 1885
1890 15 763
1892 1891 1277
1894 12 1893
1896 1547 1895
1898 15 1095
1900 1899 117
1902 12 1901
1904 2 1902
1906 3 1897
1908 1907 1905
1910 1091 1693
1912 1877 765
1914 12 1913
1916 13 1911
1918 1917 1915
1920 15 276
1922 1921 117
1924 12 1923
1926 329 1925
1928 2 1927
1930 3 1919
1932 1931 1929
1934 10 1933
1936 11 1909
1938 1937 1935
1940 8 1939
1942 9 1889
1944 1943 1941
1946 6 1945
1948 7 1873
1950 1949 1947
1952 2 1623
1954 3 637
1956 1955 1953
1958 15 300
1960 1959 625
1962 13 1961
1964 1963 641
1966 1963 1633
1968 2 1967
1970 3 1965
1972 1971 1969
1974 10 1973
1976 11 1957
1978 1977 1975
1980 15 28
1982 1981 651
1984 13 1983
1986 1985 1837
1988 949 867
1990 12 1989
1992 741 1991
1994 2 1993
1996 3 1987
1998 1997 1995
2000 1981 625
2002 13 2001
2004 2003 1303
2006 137 301
2008 15 2007
2010 2009 1699
2012 14 50
2014 1615 2013
2016 12 2015
2018 13 2011
2020 2019 2017
2022 2 2021
2024 3 2005
2026 2025 2023
2028 10 2027
2030 11 1999
2032 2031 2029
2034 8 2033
2036 9 1979
2038 2037 2035
2040 145 561
2042 115 77
2044 15 2043
2046 2045 827
2048 12 2047
2050 13 2041
2052 2051 2049
2054 2045 899
2056 12 2055
2058 2051 2057
2060 2 2059
2062 3 2053
2064 2063 2061
2066 137 29
2068 15 2067
2070 2069 579
2072 14 46
2074 1877 2073
2076 12 2075
2078 13 2071
2080 2079 2077
2082 14 53
2084 1877 2083
2086 12 2085
2088 2079 2087
2090 2 2089
2092 3 2081
2094 2093 2091
2096 10 2095
2098 11 2065
2100 2099 2097
2102 13 28
2104 2103 1895
2106 1899 867
2108 12 2107
2110 595 2109
2112 2 2111
2114 3 2105
2116 2115 2113
2118 1981 579
2120 1877 1277
2122 12 2121
2124 13 2119
2126 2125 2123
2128 1921 2013
2130 12 2129
2132 2103 2131
2134 2 2133
2136 3 2127
2138 2137 2135
2140 10 2139
2142 11 2117
2144 2143 2141
2146 8 2145
2148 9 2101
2150 2149 2147
2152 6 2151
2154 7 2039
2156 2155 2153
2158 4 2157
2160 5 1951
2162 2161 2159
2164 1227 41
2166 377 1193
2168 12 2167
2170 13 2165
2172 2171 2169
2174 67 2169
2176 2 2175
2178 3 2173
2180 2179 2177
2182 2 803
2184 3 1117
2186 2185 2183
2188 3 1139
2190 2189 2183
2192 10 2191
2194 11 2187
2196 2195 2193
2198 8 2197
2200 9 2181
2202 2201 2199
2204 2 299
2206 3 1175
2208 2207 2205
2210 15 731
2212 2211 307
2214 13 2213
2216 2215 1195
2218 2 2217
2220 3 1199
2222 2221 2219
2224 10 2223
2226 11 2209
2228 2227 2225
2230 291 1277
2232 12 2231
2234 1547 2233
2236 2 2235
2238 3 126
2240 2239 2237
2242 735 1693
2244 1569 797
2246 12 2245
2248 13 2243
2250 2249 2247
2252 2 2251
2254 3 1235
2256 2255 2253
2258 10 2257
2260 11 2241
2262 2261 2259
2264 8 2263
2266 9 2229
2268 2267 2265
2270 6 2269
2272 7 2203
2274 2273 2271
2276 119 625
2278 13 2277
2280 2279 633
2282 309 625
2284 13 2283
2286 2285 1281
2288 2 2287
2290 3 2281
2292 2291 2289
2294 155 625
2296 13 2295
2298 2297 641
2300 2211 625
2302 13 2301
2304 2303 1303
2306 2 2305
2308 3 2299
2310 2309 2307
2312 10 2311
2314 11 2293
2316 2315 2313
2318 125 651
2320 13 2319
2322 2321 1339
2324 265 651
2326 13 2325
2328 2327 1837
2330 2 2329
2332 3 2323
2334 2333 2331
2336 15 151
2338 2337 651
2340 13 2339
2342 2341 1339
2344 43 625
2346 13 2345
2348 2347 1303
2350 2 2349
2352 3 2343
2354 2353 2351
2356 10 2355
2358 11 2335
2360 2359 2357
2362 8 2361
2364 9 2317
2366 2365 2363
2368 125 561
2370 13 2369
2372 309 83
2374 13 2373
2376 2375 349
2378 2 2377
2380 3 2370
2382 2381 2379
2384 2337 561
2386 13 2385
2388 2211 797
2390 13 2389
2392 2391 269
2394 2 2393
2396 3 2386
2398 2397 2395
2400 10 2399
2402 11 2383
2404 2403 2401
2406 265 1431
2408 13 2407
2410 2409 2233
2412 2 2411
2414 2381 2413
2416 43 1693
2418 1569 1277
2420 12 2419
2422 13 2417
2424 2423 2421
2426 2 2425
2428 2397 2427
2430 10 2429
2432 11 2415
2434 2433 2431
2436 8 2435
2438 9 2405
2440 2439 2437
2442 6 2441
2444 7 2367
2446 2445 2443
2448 4 2447
2450 5 2275
2452 2451 2449
2454 51 29
2456 15 2455
2458 13 2456
2460 2459 269
2462 2 273
2464 3 2461
2466 2465 2463
2468 127 269
2470 2 268
2472 3 2469
2474 2473 2471
2476 10 2475
2478 11 2467
2480 2479 2477
2482 8 2481
2484 9 2238
2486 2485 2483
2488 15 878
2490 2489 561
2492 31 49
2494 14 2493
2496 1091 2495
2498 12 2497
2500 13 2491
2502 2501 2499
2504 1171 2499
2506 2 2505
2508 3 2503
2510 2509 2507
2512 169 579
2514 735 517
2516 12 2515
2518 13 2513
2520 2519 2517
2522 583 2517
2524 2 2523
2526 3 2521
2528 2527 2525
2530 10 2529
2532 11 2511
2534 2533 2531
2536 1133 283
2538 1091 785
2540 12 2539
2542 13 2537
2544 2543 2541
2546 791 2541
2548 2 2547
2550 3 2545
2552 2551 2549
2554 165 49
2556 15 2555
2558 2557 449
2560 1615 267
2562 12 2561
2564 13 2559
2566 2565 2563
2568 1679 449
2570 13 2569
2572 2571 2563
2574 2 2573
2576 3 2567
2578 2577 2575
2580 10 2579
2582 11 2553
2584 2583 2581
2586 8 2585
2588 9 2535
2590 2589 2587
2592 6 2591
2594 7 2487
2596 2595 2593
2598 377 203
2600 12 2599
2602 13 1226
2604 2603 2601
2606 2 431
2608 3 2605
2610 2609 2607
2612 13 1334
2614 2613 2601
2616 2 426
2618 3 2615
2620 2619 2617
2622 10 2621
2624 11 2611
2626 2625 2623
2628 1133 441
2630 265 203
2632 12 2631
2634 13 2629
2636 2635 2633
2638 387 301
2640 15 2639
2642 2641 441
2644 13 2643
2646 2645 2633
2648 2 2647
2650 3 2637
2652 2651 2649
2654 967 49
2656 15 2655
2658 2657 449
2660 13 2659
2662 2661 2601
2664 2571 2601
2666 2 2665
2668 3 2663
2670 2669 2667
2672 10 2671
2674 11 2653
2676 2675 2673
2678 8 2677
2680 9 2627
2682 2681 2679
2684 735 325
2686 12 2685
2688 2543 2687
2690 1091 1613
2692 12 2691
2694 13 1158
2696 2695 2693
2698 2 2697
2700 3 2689
2702 2701 2699
2704 2657 283
2706 13 2705
2708 2707 2687
2710 563 117
2712 13 2711
2714 2713 1633
2716 2 2715
2718 3 2709
2720 2719 2717
2722 10 2721
2724 11 2703
2726 2725 2723
2728 1091 203
2730 12 2729
2732 2543 2731
2734 2645 2731
2736 2 2735
2738 3 2733
2740 2739 2737
2742 2657 307
2744 12 24
2746 13 2743
2748 2747 2745
2750 2571 2745
2752 2 2751
2754 3 2749
2756 2755 2753
2758 10 2757
2760 11 2741
2762 2761 2759
2764 8 2763
2766 9 2727
2768 2767 2765
2770 6 2769
2772 7 2683
2774 2773 2771
2776 4 2775
2778 5 2597
2780 2779 2777
i0 allready
i1 hbusreq_0
i2 hbusreq_1
i3 hbusreq_2
i4 hbusreq_3
o0 decide
o1 hgrant_0
o2 hgrant_1
o3 hgrant_2
o4 hgrant_3
o5 busreq
