REALIZABLE
aag 55 14 0 1 41
2
4
6
8
10
12
14
16
18
20
22
24
26
28
111
30 2 26
32 3 18
34 4 32
36 5 30
38 37 35
40 3 14
42 3 22
44 4 42
46 5 40
48 47 45
50 6 49
52 7 39
54 53 51
56 2 28
58 3 12
60 59 57
62 3 20
64 4 62
66 5 61
68 67 65
70 3 16
72 3 24
74 4 72
76 5 70
78 77 75
80 6 79
82 7 69
84 83 81
86 8 85
88 9 55
90 89 87
92 2 27
94 5 93
96 95 35
98 7 97
100 99 51
102 9 101
104 103 87
106 10 105
108 11 91
110 109 107
i0 select_3
i1 select_2
i2 select_1
i3 select_0
i4 in_0
i5 in_1
i6 in_2
i7 in_3
i8 in_4
i9 in_5
i10 in_6
i11 in_7
i12 in_8
i13 in_9
o0 out
