REALIZABLE
aag 112 9 0 11 103
2
4
6
8
10
12
14
16
18
37
44
50
69
87
86
87
86
131
173
225
20 8 11
22 6 20
24 5 22
26 9 11
28 7 26
30 4 28
32 2 30
34 3 24
36 35 33
38 9 10
40 6 38
42 5 40
44 3 42
46 7 38
48 4 46
50 3 48
52 8 10
54 27 53
56 6 54
58 4 47
60 5 57
62 61 59
64 2 31
66 3 63
68 67 65
70 7 53
72 4 70
74 5 53
76 75 73
78 5 26
80 79 31
82 2 81
84 3 77
86 85 83
88 12 14
90 11 88
92 8 90
94 9 88
96 95 93
98 89 11
100 9 99
102 101 21
104 6 103
106 7 97
108 107 105
110 101 93
112 7 111
114 4 112
116 5 109
118 117 115
120 9 90
122 5 120
124 123 31
126 2 125
128 3 119
130 129 127
132 16 19
134 15 132
136 12 134
138 13 132
140 139 137
142 11 141
144 8 142
146 9 141
148 147 145
150 9 142
152 6 150
154 7 149
156 155 153
158 7 142
160 4 158
162 5 157
164 163 161
166 5 150
168 2 166
170 3 165
172 171 169
174 15 133
176 12 174
178 13 133
180 179 177
182 180 11
184 8 183
186 9 181
188 187 185
190 11 181
192 9 190
194 193 53
196 6 195
198 7 189
200 199 197
202 193 185
204 202 7
206 4 205
208 5 201
210 209 207
212 182 9
214 4 29
216 5 213
218 217 215
220 2 219
222 3 211
224 223 221
i0 p0p0isscoremode0gamemode
i1 p0p0lt0rotation0f1dneg0f1dgamemodeswitch1b1b
i2 p0p0gt0rotation0f1dgamemodeswitch1b
i3 p0p0isradarmode0gamemode
i4 p0p0iscockpitmode0gamemode
i5 p0p0eqz2rst0reseter
i6 p0p0gamemodenoise0rotation
i7 p0p0eqz2pre0prescaler
i8 p0p0gyronoise0gyroy
o0 u0gamemode0f1dcockpitmode1b
o1 u0gamemode0f1dscoremode1b
o2 u0gamemode0f1dradarmode1b
o3 u0gamemode0gamemode
o4 u0prescaler0f1dinc2prescale0prescaler1b
o5 u0prescaler0prescaler
o6 u0reseter0f1dinc2reset0reseter1b
o7 u0reseter0reseter
o8 u0rotation0f1dzero1b
o9 u0rotation0f1daddrotation0rotation0f1dgyrocorrection1b0gyroy1b
o10 u0rotation0rotation
