REALIZABLE
aag 1345 4 6 11 1335
2
4
6
8
10 1899
12 2099
14 2253
16 2411
18 2597
20 2691
35
38
503
945
0
0
1037
1060
1229
1503
1530
22 18 20
24 16 21
26 17 23
28 27 25
30 14 29
32 15 23
34 33 31
36 4 35
38 2 36
40 16 23
42 17 21
44 43 41
46 19 21
48 16 46
50 43 49
52 14 51
54 15 45
56 55 53
58 17 46
60 59 41
62 15 61
64 63 53
66 12 65
68 13 57
70 69 67
72 6 71
74 7 35
76 75 73
78 18 21
80 16 78
82 59 81
84 19 20
86 85 79
88 17 87
90 89 81
92 14 91
94 15 83
96 95 93
98 43 81
100 14 99
102 15 51
104 103 101
106 12 105
108 13 97
110 109 107
112 14 78
114 15 84
116 115 113
118 27 49
120 14 119
122 15 21
124 123 121
126 12 125
128 13 117
130 129 127
132 10 131
134 11 111
136 135 133
138 17 78
140 14 138
142 95 141
144 14 42
146 15 46
148 147 145
150 12 149
152 13 143
154 153 151
156 16 84
158 15 156
160 159 141
162 59 25
164 15 163
166 165 53
168 12 167
170 13 161
172 171 169
174 10 173
176 11 155
178 177 175
180 6 179
182 7 137
184 183 181
186 8 185
188 9 77
190 189 187
192 17 19
194 193 49
196 14 195
198 15 42
200 199 197
202 14 58
204 15 87
206 205 203
208 12 207
210 13 201
212 211 209
214 14 21
216 17 84
218 217 81
220 15 219
222 221 53
224 12 223
226 13 214
228 227 225
230 10 229
232 11 213
234 233 231
236 14 46
238 199 237
240 16 87
242 15 240
244 243 203
246 12 245
248 13 239
250 249 247
252 15 80
254 253 53
256 12 255
258 13 52
260 259 257
262 10 261
264 11 251
266 265 263
268 6 267
270 7 235
272 271 269
274 14 216
276 15 58
278 277 275
280 15 138
282 281 203
284 12 283
286 13 279
288 287 285
290 13 112
292 291 257
294 10 293
296 11 289
298 297 295
300 12 202
302 13 276
304 303 301
306 13 140
308 307 257
310 10 309
312 11 305
314 313 311
316 6 315
318 7 299
320 319 317
322 8 321
324 9 273
326 325 323
328 4 327
330 5 191
332 331 329
334 14 48
336 165 335
338 15 24
340 339 93
342 12 341
344 13 337
346 345 343
348 139 49
350 217 49
352 14 351
354 15 349
356 355 353
358 139 41
360 15 359
362 361 353
364 12 363
366 13 357
368 367 365
370 10 369
372 11 347
374 373 371
376 339 141
378 12 377
380 345 379
382 355 335
384 15 40
386 385 335
388 12 387
390 13 383
392 391 389
394 10 393
396 11 381
398 397 395
400 6 399
402 7 375
404 403 401
406 15 48
408 407 113
410 12 409
412 13 94
414 413 411
416 139 25
418 15 417
420 419 353
422 12 421
424 10 422
426 11 415
428 427 425
430 407 141
432 12 431
434 413 433
436 339 335
438 12 437
440 10 438
442 11 435
444 443 441
446 6 445
448 7 429
450 449 447
452 8 451
454 9 405
456 455 453
458 277 335
460 12 252
462 13 459
464 463 461
466 253 335
468 12 467
470 13 334
472 471 469
474 10 473
476 11 465
478 477 475
480 10 468
482 11 302
484 483 481
486 8 485
488 9 479
490 489 487
492 4 491
494 5 457
496 495 493
498 2 497
500 3 333
502 501 499
504 14 219
506 15 216
508 507 505
510 15 88
512 511 505
514 12 513
516 13 509
518 517 515
520 6 519
522 16 19
524 89 523
526 15 525
528 527 237
530 217 241
532 15 531
534 533 353
536 12 535
538 13 529
540 539 537
542 123 197
544 14 80
546 115 545
548 12 547
550 13 543
552 551 549
554 10 553
556 11 541
558 557 555
560 193 25
562 14 561
564 527 563
566 217 25
568 14 567
570 205 569
572 12 571
574 13 565
576 575 573
578 15 29
580 579 563
582 89 157
584 15 583
586 585 505
588 12 587
590 13 581
592 591 589
594 10 593
596 11 577
598 597 595
600 6 599
602 7 559
604 603 601
606 8 605
608 9 520
610 609 607
612 217 41
614 15 613
616 615 113
618 89 25
620 14 619
622 147 621
624 12 623
626 13 617
628 627 625
630 33 275
632 43 523
634 15 633
636 635 505
638 12 637
640 13 631
642 641 639
644 10 643
646 11 629
648 647 645
650 615 93
652 15 119
654 653 621
656 12 655
658 13 651
660 659 657
662 33 505
664 27 523
666 15 665
668 667 505
670 12 669
672 13 663
674 673 671
676 10 675
678 11 661
680 679 677
682 6 681
684 7 649
686 685 683
688 89 41
690 15 689
692 691 215
694 193 41
696 15 695
698 697 621
700 12 699
702 13 693
704 703 701
706 33 197
708 13 707
710 709 671
712 10 711
714 11 705
716 715 713
718 691 31
720 33 621
722 12 721
724 13 719
726 725 723
728 33 563
730 13 729
732 731 671
734 10 733
736 11 727
738 737 735
740 6 739
742 7 717
744 743 741
746 8 745
748 9 687
750 749 747
752 4 751
754 5 611
756 755 753
758 27 81
760 14 759
762 585 761
764 27 157
766 15 765
768 767 237
770 12 769
772 13 763
774 773 771
776 193 241
778 15 777
780 779 101
782 15 192
784 783 101
786 12 785
788 13 781
790 789 787
792 10 791
794 11 775
796 795 793
798 767 563
800 12 799
802 773 801
804 779 761
806 15 26
808 807 761
810 12 809
812 13 805
814 813 811
816 10 815
818 11 803
820 819 817
822 6 821
824 7 797
826 825 823
828 527 31
830 27 241
832 15 831
834 833 197
836 12 835
838 13 829
840 839 837
842 193 157
844 15 843
846 845 101
848 12 847
850 13 35
852 851 849
854 10 853
856 11 841
858 857 855
860 833 563
862 12 861
864 839 863
866 767 761
868 12 867
870 851 869
872 10 871
874 11 865
876 875 873
878 6 877
880 7 859
882 881 879
884 8 883
886 9 827
888 887 885
890 691 761
892 667 31
894 12 893
896 13 891
898 897 895
900 33 761
902 667 761
904 12 903
906 13 901
908 907 905
910 10 909
912 11 899
914 913 911
916 12 35
918 725 917
920 851 905
922 10 921
924 11 919
926 925 923
928 8 927
930 9 915
932 931 929
934 4 933
936 5 889
938 937 935
940 2 939
942 3 757
944 943 941
946 243 141
948 12 158
950 13 947
952 951 949
954 12 161
956 10 954
958 11 953
960 959 957
962 253 141
964 13 963
966 147 203
968 12 140
970 13 967
972 971 969
974 10 973
976 11 964
978 977 975
980 8 979
982 9 961
984 983 981
986 10 968
988 11 948
990 989 987
992 13 202
994 993 969
996 10 995
998 8 996
1000 9 991
1002 1001 999
1004 4 1003
1006 5 985
1008 1007 1005
1010 13 252
1012 10 948
1014 11 1010
1016 1015 1013
1018 13 406
1020 10 1018
1022 1015 1021
1024 8 1023
1026 9 1017
1028 1027 1025
1030 5 1029
1032 2 1030
1034 3 1009
1036 1035 1033
1038 14 349
1040 147 1039
1042 12 1041
1044 1019 1043
1046 12 102
1048 13 54
1050 1049 1047
1052 10 1051
1054 11 1045
1056 1055 1053
1058 4 1057
1060 3 1058
1062 281 505
1064 15 78
1066 1065 545
1068 12 1067
1070 13 1063
1072 1071 1069
1074 15 91
1076 1075 545
1078 281 275
1080 12 1079
1082 13 1077
1084 1083 1081
1086 10 1085
1088 11 1073
1090 1089 1087
1092 281 545
1094 12 1093
1096 13 504
1098 1097 1095
1100 507 545
1102 13 1101
1104 1103 1081
1106 10 1105
1108 11 1099
1110 1109 1107
1112 6 1111
1114 7 1091
1116 1115 1113
1118 8 1117
1120 9 519
1122 1121 1119
1124 12 510
1126 13 274
1128 1127 1125
1130 12 506
1132 13 544
1134 1133 1131
1136 10 1135
1138 11 1129
1140 1139 1137
1142 12 1064
1144 13 1079
1146 1145 1143
1148 10 1132
1150 11 1147
1152 1151 1149
1154 12 280
1156 1127 1155
1158 11 1157
1160 1159 1149
1162 6 1161
1164 7 1153
1166 1165 1163
1168 8 1167
1170 9 1141
1172 1171 1169
1174 4 1173
1176 5 1123
1178 1177 1175
1180 12 504
1182 1127 1081
1184 10 1183
1186 11 1180
1188 1187 1185
1190 12 80
1192 13 280
1194 1193 1081
1196 10 1195
1198 11 1190
1200 1199 1197
1202 12 544
1204 10 1080
1206 11 1202
1208 1207 1205
1210 6 1209
1212 7 1201
1214 1213 1211
1216 8 1215
1218 9 1189
1220 1219 1217
1222 5 1221
1224 2 1222
1226 3 1179
1228 1227 1225
1230 103 237
1232 13 1231
1234 1233 169
1236 165 237
1238 12 1237
1240 69 1239
1242 10 1241
1244 11 1235
1246 1245 1243
1248 15 19
1250 1249 237
1252 1249 121
1254 12 1253
1256 13 1251
1258 1257 1255
1260 89 49
1262 14 1261
1264 159 1263
1266 14 163
1268 697 1267
1270 12 1269
1272 13 1265
1274 1273 1271
1276 10 1275
1278 11 1259
1280 1279 1277
1282 667 237
1284 697 121
1286 12 1285
1288 13 1283
1290 1289 1287
1292 139 241
1294 15 1293
1296 1295 1263
1298 13 1297
1300 1299 1271
1302 10 1301
1304 11 1291
1306 1305 1303
1308 6 1307
1310 7 1281
1312 1311 1309
1314 8 1313
1316 9 1247
1318 1317 1315
1320 833 215
1322 193 81
1324 14 1323
1326 253 1325
1328 12 1327
1330 13 1321
1332 1331 1329
1334 507 121
1336 243 563
1338 12 1337
1340 13 1335
1342 1341 1339
1344 10 1343
1346 11 1333
1348 1347 1345
1350 779 215
1352 115 1325
1354 12 1353
1356 13 1351
1358 1357 1355
1360 507 1263
1362 533 563
1364 12 1363
1366 13 1361
1368 1367 1365
1370 10 1369
1372 11 1359
1374 1373 1371
1376 533 1325
1378 12 1377
1380 1331 1379
1382 11 1381
1384 1383 1371
1386 6 1385
1388 7 1375
1390 1389 1387
1392 8 1391
1394 9 1349
1396 1395 1393
1398 4 1397
1400 5 1319
1402 1401 1399
1404 1249 621
1406 615 141
1408 12 1407
1410 13 1405
1412 1411 1409
1414 14 24
1416 15 1261
1418 1417 1415
1420 14 417
1422 15 567
1424 1423 1421
1426 12 1425
1428 13 1419
1430 1429 1427
1432 10 1431
1434 11 1413
1436 1435 1433
1438 217 523
1440 14 88
1442 15 1439
1444 1443 1441
1446 12 1445
1448 1411 1447
1450 507 569
1452 615 1421
1454 12 1453
1456 13 1451
1458 1457 1455
1460 10 1459
1462 11 1449
1464 1463 1461
1466 615 1441
1468 12 1467
1470 1411 1469
1472 511 569
1474 13 1473
1476 1475 1455
1478 10 1477
1480 11 1471
1482 1481 1479
1484 6 1483
1486 7 1465
1488 1487 1485
1490 8 1489
1492 9 1437
1494 1493 1491
1496 5 1495
1498 2 1496
1500 3 1403
1502 1501 1499
1504 12 239
1506 13 283
1508 1507 1505
1510 59 241
1512 15 1511
1514 1513 145
1516 12 58
1518 13 1515
1520 1519 1517
1522 10 1521
1524 11 1509
1526 1525 1523
1528 5 1527
1530 2 1528
1532 1075 113
1534 12 1533
1536 13 1093
1538 1537 1535
1540 55 31
1542 123 1267
1544 12 1543
1546 13 1541
1548 1547 1545
1550 10 1549
1552 11 1539
1554 1553 1551
1556 6 1247
1558 7 1555
1560 1559 1557
1562 115 275
1564 115 1441
1566 12 1565
1568 13 1563
1570 1569 1567
1572 115 1263
1574 697 563
1576 12 1575
1578 13 1573
1580 1579 1577
1582 10 1581
1584 11 1571
1586 1585 1583
1588 667 563
1590 13 1589
1592 1591 917
1594 205 621
1596 12 729
1598 13 1595
1600 1599 1597
1602 10 1601
1604 11 1593
1606 1605 1603
1608 6 1607
1610 7 1587
1612 1611 1609
1614 8 1613
1616 9 1561
1618 1617 1615
1620 533 1441
1622 12 274
1624 13 1621
1626 1625 1623
1628 507 237
1630 115 197
1632 12 1631
1634 13 1629
1636 1635 1633
1638 10 1637
1640 11 1627
1642 1641 1639
1644 833 31
1646 1075 1325
1648 12 1647
1650 13 1645
1652 1651 1649
1654 507 31
1656 13 1655
1658 1657 1365
1660 10 1659
1662 11 1653
1664 1663 1661
1666 6 1665
1668 7 1643
1670 1669 1667
1672 205 113
1674 33 93
1676 12 1675
1678 13 1673
1680 1679 1677
1682 115 31
1684 13 1683
1686 1685 917
1688 10 1687
1690 11 1681
1692 1691 1689
1694 697 761
1696 12 1695
1698 1331 1697
1700 115 121
1702 13 1701
1704 1703 917
1706 10 1705
1708 11 1699
1710 1709 1707
1712 6 1711
1714 7 1693
1716 1715 1713
1718 8 1717
1720 9 1671
1722 1721 1719
1724 4 1723
1726 5 1619
1728 1727 1725
1730 205 761
1732 12 1321
1734 13 1731
1736 1735 1733
1738 33 215
1740 12 1739
1742 851 1741
1744 10 1743
1746 11 1737
1748 1747 1745
1750 33 53
1752 12 1751
1754 851 1753
1756 697 215
1758 12 1757
1760 13 1739
1762 1761 1759
1764 10 1763
1766 11 1755
1768 1767 1765
1770 6 1769
1772 7 1749
1774 1773 1771
1776 14 26
1778 585 1777
1780 159 353
1782 12 1781
1784 13 1779
1786 1785 1783
1788 15 1323
1790 1789 237
1792 1443 1263
1794 12 1793
1796 13 1791
1798 1797 1795
1800 10 1799
1802 11 1787
1804 1803 1801
1806 615 621
1808 12 1807
1810 13 893
1812 1811 1809
1814 15 759
1816 1815 563
1818 691 621
1820 12 1819
1822 13 1817
1824 1823 1821
1826 10 1825
1828 11 1813
1830 1829 1827
1832 6 1831
1834 7 1805
1836 1835 1833
1838 8 1837
1840 9 1775
1842 1841 1839
1844 159 275
1846 12 1845
1848 1625 1847
1850 15 195
1852 1851 237
1854 13 1853
1856 1855 1255
1858 10 1857
1860 11 1849
1862 1861 1859
1864 6 35
1866 7 1863
1868 1867 1865
1870 205 93
1872 10 35
1874 11 1871
1876 1875 1873
1878 7 1877
1880 1879 1865
1882 8 1881
1884 9 1869
1886 1885 1883
1888 4 1887
1890 5 1843
1892 1891 1889
1894 2 1893
1896 3 1729
1898 1897 1895
1900 147 1267
1902 653 1267
1904 12 1903
1906 13 1901
1908 1907 1905
1910 10 1099
1912 11 1909
1914 1913 1911
1916 7 1915
1918 59 523
1920 15 1919
1922 1921 197
1924 12 1923
1926 1257 1925
1928 12 1251
1930 471 1929
1932 10 1931
1934 11 1927
1936 1935 1933
1938 7 1937
1940 1939 1309
1942 8 1941
1944 9 1916
1946 1945 1943
1948 12 584
1950 1127 1949
1952 507 141
1954 12 1953
1956 1133 1955
1958 10 1957
1960 11 1951
1962 1961 1959
1964 697 53
1966 159 197
1968 12 1967
1970 13 1965
1972 1971 1969
1974 579 237
1976 12 1701
1978 13 1975
1980 1979 1977
1982 10 1981
1984 11 1973
1986 1985 1983
1988 1761 1365
1990 579 121
1992 533 31
1994 12 1993
1996 13 1991
1998 1997 1995
2000 10 1999
2002 11 1989
2004 2003 2001
2006 6 2005
2008 7 1987
2010 2009 2007
2012 8 2011
2014 9 1963
2016 2015 2013
2018 4 2017
2020 5 1947
2022 2021 2019
2024 1011 1623
2026 10 1846
2028 11 2025
2030 2029 2027
2032 1011 1181
2034 139 157
2036 15 2035
2038 2037 275
2040 12 2039
2042 1127 2041
2044 10 2043
2046 11 2033
2048 2047 2045
2050 6 2049
2052 7 2031
2054 2053 2051
2056 1811 917
2058 1651 917
2060 10 2059
2062 11 2057
2064 2063 2061
2066 8 2065
2068 9 2055
2070 2069 2067
2072 1295 93
2074 13 2073
2076 2075 1069
2078 10 2077
2080 1553 2079
2082 7 2081
2084 9 2082
2086 2085 1883
2088 4 2087
2090 5 2071
2092 2091 2089
2094 2 2093
2096 3 2023
2098 2097 2095
2100 13 78
2102 2101 1069
2104 14 83
2106 123 2105
2108 12 138
2110 13 2107
2112 2111 2109
2114 10 2113
2116 11 2103
2118 2117 2115
2120 6 979
2122 7 2119
2124 2123 2121
2126 8 2125
2128 1945 2127
2130 779 53
2132 14 192
2134 12 2132
2136 13 2131
2138 2137 2135
2140 1635 1969
2142 10 2141
2144 11 2139
2146 2145 2143
2148 6 1349
2150 7 2147
2152 2151 2149
2154 12 901
2156 1651 2155
2158 11 2157
2160 2159 1689
2162 8 2161
2164 9 2153
2166 2165 2163
2168 4 2167
2170 5 2129
2172 2171 2169
2174 1815 101
2176 12 2175
2178 1133 2177
2180 2037 93
2182 15 99
2184 2183 1325
2186 12 2185
2188 13 2181
2190 2189 2187
2192 10 2191
2194 11 2179
2196 2195 2193
2198 199 2105
2200 12 2199
2202 199 2133
2204 12 2203
2206 171 2205
2208 10 2207
2210 11 2200
2212 2211 2209
2214 6 2213
2216 7 2197
2218 2217 2215
2220 8 2219
2222 1219 2221
2224 13 1285
2226 2225 1925
2228 11 2227
2230 2229 1859
2232 7 2231
2234 2233 1865
2236 8 1869
2238 9 2235
2240 2239 2237
2242 4 2241
2244 5 2223
2246 2245 2243
2248 2 2247
2250 3 2173
2252 2251 2249
2254 55 215
2256 13 2255
2258 2257 1741
2260 1295 113
2262 12 2261
2264 2075 2263
2266 10 2265
2268 11 2259
2270 2269 2267
2272 6 961
2274 7 2271
2276 2275 2273
2278 8 2082
2280 9 2277
2282 2281 2279
2284 1193 1143
2286 11 2285
2288 2287 1149
2290 7 2289
2292 8 2290
2294 1001 2293
2296 4 2295
2298 5 2283
2300 2299 2297
2302 697 1263
2304 15 522
2306 12 2304
2308 13 2303
2310 2309 2307
2312 15 351
2314 2313 335
2316 1443 1039
2318 12 2317
2320 13 2315
2322 2321 2319
2324 10 2323
2326 11 2311
2328 2327 2325
2330 13 699
2332 2331 1409
2334 1429 1455
2336 10 2335
2338 11 2333
2340 2339 2337
2342 6 2341
2344 7 2329
2346 2345 2343
2348 385 505
2350 12 2349
2352 2309 2351
2354 1417 335
2356 527 1039
2358 12 2357
2360 13 2355
2362 2361 2359
2364 10 2363
2366 11 2353
2368 2367 2365
2370 2331 1469
2372 1417 569
2374 13 2373
2376 2375 1455
2378 10 2377
2380 11 2371
2382 2381 2379
2384 6 2383
2386 7 2369
2388 2387 2385
2390 8 2389
2392 9 2347
2394 2393 2391
2396 9 35
2398 2397 1883
2400 4 2399
2402 5 2395
2404 2403 2401
2406 2 2405
2408 3 2301
2410 2409 2407
2412 2085 2127
2414 355 545
2416 165 1421
2418 12 2417
2420 13 2415
2422 2421 2419
2424 55 1441
2426 123 545
2428 12 2427
2430 13 2425
2432 2431 2429
2434 10 2433
2436 11 2423
2438 2437 2435
2440 6 1057
2442 7 2439
2444 2443 2441
2446 579 1421
2448 12 2447
2450 2421 2449
2452 55 761
2454 123 113
2456 12 2455
2458 13 2453
2460 2459 2457
2462 10 2461
2464 11 2451
2466 2465 2463
2468 55 203
2470 103 141
2472 12 2471
2474 13 2469
2476 2475 2473
2478 10 2477
2480 1055 2479
2482 6 2481
2484 7 2467
2486 2485 2483
2488 8 2487
2490 9 2445
2492 2491 2489
2494 4 2493
2496 5 2413
2498 2497 2495
2500 281 2105
2502 1815 53
2504 12 2503
2506 13 2501
2508 2507 2505
2510 43 241
2512 15 2511
2514 2513 101
2516 12 83
2518 13 2515
2520 2519 2517
2522 10 2521
2524 11 2509
2526 2525 2523
2528 6 1527
2530 7 2527
2532 2531 2529
2534 1065 2105
2536 1815 215
2538 12 2537
2540 13 2535
2542 2541 2539
2544 2183 2105
2546 12 2545
2548 2459 2547
2550 10 2549
2552 11 2543
2554 2553 2551
2556 1065 203
2558 13 2557
2560 2559 1505
2562 63 145
2564 13 2563
2566 2565 1517
2568 10 2567
2570 11 2561
2572 2571 2569
2574 6 2573
2576 7 2555
2578 2577 2575
2580 8 2579
2582 9 2533
2584 2583 2581
2586 4 2082
2588 5 2585
2590 2589 2587
2592 2 2591
2594 3 2499
2596 2595 2593
2598 13 506
2600 2599 1567
2602 10 2601
2604 1861 2603
2606 533 93
2608 13 2607
2610 2609 589
2612 585 93
2614 12 2613
2616 517 2615
2618 10 2617
2620 11 2611
2622 2621 2619
2624 6 2623
2626 7 2605
2628 2627 2625
2630 1127 1955
2632 253 505
2634 12 2633
2636 13 1565
2638 2637 2635
2640 10 2639
2642 11 2631
2644 2643 2641
2646 7 2645
2648 2647 1113
2650 8 2649
2652 9 2629
2654 2653 2651
2656 11 1126
2658 7 2656
2660 2659 1163
2662 8 2661
2664 2015 2663
2666 4 2665
2668 5 2655
2670 2669 2667
2672 10 1622
2674 7 2672
2676 2675 1211
2678 8 2677
2680 9 2049
2682 2681 2679
2684 5 2683
2686 2 2684
2688 3 2671
2690 2689 2687
i0 p0b0btn2min
i1 p0b0btn2sec
i2 p0p0eq0time0f1dzero1b
i3 p0b0btn2start2stop
o0 u0dsp0f1ddisplay0time1b
o1 u0time0f1dzero1b
o2 u0beep0p1dbf1b
o3 u0beep0p1dbt1b
o4 u0beep0beep
o5 u0dsp0dsp
o6 u0time0f1dcountup0time0dt1b
o7 u0time0f1dinc2seconds0time1b
o8 u0time0f1dcountdown0time0dt1b
o9 u0time0time
o10 u0time0f1dinc2minutes0time1b
