REALIZABLE
aag 77 8 2 4 67
2
4
6
8
10
12
14
16
18 141
20 155
40
67
95
127
22 14 17
24 13 23
26 10 24
28 11 23
30 29 27
32 9 31
34 6 32
36 5 34
38 2 36
40 21 38
42 10 12
44 7 43
46 4 44
48 7 32
50 4 48
52 2 50
54 3 46
56 55 53
58 20 57
60 21 54
62 18 60
64 19 58
66 65 63
68 6 43
70 5 68
72 71 47
74 3 73
76 20 38
78 21 74
80 79 77
82 37 51
84 2 83
86 75 85
88 20 87
90 18 88
92 19 81
94 93 91
96 2 37
98 3 72
100 99 97
102 2 82
104 3 47
106 105 103
108 20 107
110 21 101
112 111 109
114 105 97
116 20 86
118 21 115
120 119 117
122 18 121
124 19 113
126 125 123
128 75 53
130 20 129
132 79 131
134 79 89
136 18 135
138 19 133
140 139 137
142 70 3
144 20 143
146 21 75
148 147 145
150 18 79
152 19 149
154 153 151
i0 p0b02room29empty
i1 p0b02roomlight29on
i2 p0b02roomlight29off
i3 p0b02room29switch29toggled
i4 p0b02room29bed29occupied
i5 p0b02room292room29empty
i6 p0b02room29somebody2enters
i7 p0b02room29somebody2leaves
o0 u02roomlight29light0f1d2roomlight29turn2off1b
o1 u02roomlight29light0f1d2roomlight29turn2on1b
o2 u02roomlight29light02roomlight29light
o3 u02roomlight29light0f1d2roomlight29toggle1b
