REALIZABLE
aag 140 4 3 3 133
2
4
6
8
10 187
12 213
14 281
0
71
145
16 13 14
18 13 15
20 10 18
22 11 16
24 23 21
26 8 25
28 9 25
30 6 28
32 7 26
34 33 31
36 12 15
38 10 36
40 8 38
42 17 37
44 9 43
46 6 44
48 7 40
50 49 47
52 4 51
54 5 35
56 55 53
58 8 20
60 7 58
62 61 31
64 5 63
66 2 64
68 3 57
70 69 67
72 12 14
74 10 43
76 11 15
78 77 75
80 8 79
82 9 73
84 83 81
86 8 73
88 9 79
90 89 87
92 6 91
94 7 85
96 95 93
98 10 13
100 11 73
102 101 99
104 8 103
106 83 105
108 9 18
110 109 87
112 6 111
114 7 107
116 115 113
118 4 117
120 5 97
122 121 119
124 101 75
126 8 125
128 83 127
130 7 129
132 131 93
134 4 73
136 5 133
138 137 135
140 2 139
142 3 123
144 143 141
146 6 82
148 7 86
150 149 147
152 10 15
154 11 18
156 155 153
158 8 157
160 9 157
162 6 160
164 7 158
166 165 163
168 4 167
170 5 151
172 171 169
174 6 88
176 7 80
178 177 175
180 5 179
182 2 180
184 3 173
186 185 183
188 8 36
190 9 36
192 6 190
194 7 188
196 195 193
198 9 38
200 6 198
202 49 201
204 4 203
206 5 197
208 207 205
210 3 209
212 211 67
214 8 16
216 83 215
218 9 16
220 219 87
222 6 221
224 7 217
226 225 223
228 10 16
230 11 43
232 231 229
234 8 233
236 83 235
238 9 233
240 239 87
242 6 241
244 7 237
246 245 243
248 4 247
250 5 227
252 251 249
254 8 43
256 83 255
258 11 36
260 259 75
262 9 261
264 263 87
266 6 265
268 7 257
270 269 267
272 5 271
274 273 135
276 2 275
278 3 253
280 279 277
i0 p0b02shades29open
i1 p0b02shades29closed
i2 p0p0closed02shades29intent
i3 p0p0opened02shades29intent
o0 u02shades29ctrl02shades29ctrl
o1 u02shades29ctrl0f1d2shades29move2to0f1d2shades29percent231b1b
o2 u02shades29ctrl0f1d2shades29move2to0f1d2shades29percent2423231b1b
