REALIZABLE
aag 11 5 0 24 6
2
4
6
8
10
0
1
0
1
12
14
3
0
1
3
2
3
2
0
1
0
1
18
2
20
3
2
23
22
12 2 11
14 2 10
16 6 8
18 3 17
20 3 16
22 2 4
i0 p0p0eq0counter0f1dinc0f1denemycount1b1b
i1 p0p0eq0xcoord0f1ddec0f1dsizex1b1b
i2 p0p0eq0xcoord0f1dcartesianx0ramcosineout0bufferdradius1b
i3 p0p0eq0ycoord0f1dcartesiany0ramsineout0bufferdradius1b
i4 p0p0ismiddel0xcoord0ycoord
o0 u0buffercolor0buffercolor
o1 u0buffercolor0f1dgetenemycolor0enemies0counter1b
o2 u0bufferdradius0bufferdradius
o3 u0bufferdradius0f1dgetenemyradius0enemies0counter1b
o4 u0color0tmpcolor
o5 u0color0f1dwhitecolor1b
o6 u0color0color
o7 u0counter0counter
o8 u0counter0f1dincmod0counter0f1dinc0f1dinc0f1denemycount1b1b1b1b
o9 u0outx0outx
o10 u0outx0xcoord
o11 u0outy0outy
o12 u0outy0ycoord
o13 u0ramreqcosine0ramreqcosine
o14 u0ramreqcosine0f1dsub0f1dgetenemyangle0enemies0counter1b0rotation1b
o15 u0ramreqsine0ramreqsine
o16 u0ramreqsine0f1dsub0f1dgetenemyangle0enemies0counter1b0rotation1b
o17 u0tmpcolor0tmpcolor
o18 u0tmpcolor0f1dblackcolor1b
o19 u0tmpcolor0buffercolor
o20 u0xcoord0xcoord
o21 u0xcoord0f1dinccoord0xcoord1b
o22 u0ycoord0ycoord
o23 u0ycoord0f1dinccoord0ycoord1b
