REALIZABLE
aag 74 3 3 3 68
2
4
6
8 109
10 139
12 148
53
0
76
14 10 12
16 8 13
18 9 15
20 19 17
22 10 13
24 8 22
26 9 13
28 27 25
30 11 13
32 9 30
34 33 25
36 2 35
38 3 29
40 39 37
42 4 21
44 5 41
46 45 43
48 6 47
50 7 21
52 51 49
54 11 12
56 8 30
58 9 54
60 59 57
62 55 23
64 9 63
66 65 57
68 2 67
70 3 61
72 71 69
74 5 73
76 6 74
78 33 17
80 2 79
82 3 16
84 83 81
86 4 56
88 5 85
90 89 87
92 59 17
94 2 21
96 3 93
98 97 95
100 5 99
102 101 43
104 6 103
106 7 91
108 107 105
110 2 24
112 39 111
114 19 25
116 4 115
118 5 113
120 119 117
122 65 17
124 2 123
126 3 21
128 127 125
130 5 129
132 131 43
134 6 133
136 7 121
138 137 135
140 2 64
142 3 58
144 143 141
146 5 145
148 7 146
i0 p0p0bright0outside29brightness
i1 p0b0room29shades29closed
i2 p0b0room29shades29open
o0 u0room29shades29ctrl0f1dmove2to0f1dpercent2423231b1b
o1 u0room29shades29ctrl0room29shades29ctrl
o2 u0room29shades29ctrl0f1dmove2to0f1dpercent231b1b
