REALIZABLE
aag 78 4 2 3 72
2
4
6
8
10 119
12 157
0
43
93
14 11 12
16 8 14
18 10 13
20 15 19
22 9 21
24 6 22
26 7 16
28 27 25
30 4 29
32 9 14
34 6 32
36 5 34
38 2 36
40 3 30
42 41 39
44 10 12
46 8 13
48 9 45
50 49 47
52 11 13
54 8 45
56 9 52
58 57 55
60 6 59
62 7 51
64 63 61
66 4 65
68 5 45
70 69 67
72 9 13
74 73 55
76 6 75
78 7 45
80 79 77
82 4 45
84 5 81
86 85 83
88 2 87
90 3 71
92 91 89
94 8 52
96 6 56
98 7 94
100 99 97
102 4 101
104 8 11
106 6 72
108 7 104
110 109 107
112 5 111
114 2 112
116 3 102
118 117 115
120 8 21
122 49 121
124 23 55
126 6 125
128 7 123
130 129 127
132 4 131
134 69 133
136 8 18
138 49 137
140 33 55
142 6 141
144 7 139
146 145 143
148 5 147
150 149 83
152 2 151
154 3 135
156 155 153
i0 p0p0locked02door29intent
i1 p0p0unlocked02door29intent
i2 p0b02door29locked
i3 p0b02door29unlocked
o0 u02door29door02door29door
o1 u02door29door0f1d2door29unlock1b
o2 u02door29door0f1d2door29lock1b
