REALIZABLE
aag 40 9 1 4 30
2
4
6
8
10
12
14
16
18
20 1
0
54
74
81
22 12 14
24 16 19
26 15 25
28 12 26
30 13 25
32 31 29
34 10 33
36 11 23
38 37 35
40 8 39
42 7 40
44 8 36
46 7 44
48 4 46
50 5 42
52 51 49
54 20 53
56 9 39
58 6 56
60 43 59
62 9 36
64 6 62
66 47 65
68 4 67
70 5 61
72 71 69
74 21 73
76 20 52
78 21 72
80 79 77
i0 p0p0bright0outside29brightness
i1 p0b02room29switch29toggled
i2 p0b02roomlight29off
i3 p0b02roomlight29on
i4 p0b02room29empty
i5 p0b02room29bed29occupied
i6 p0b02room292room29empty
i7 p0b02room29somebody2enters
i8 p0b02room29somebody2leaves
o0 u02roomlight29light0f1d2roomlight29turn2off1b
o1 u02roomlight29light0f1d2roomlight29turn2on1b
o2 u02roomlight29light02roomlight29light
o3 u02roomlight29light0f1d2roomlight29toggle1b
