REALIZABLE
aag 221 5 3 4 213
2
4
6
8
10
12 309
14 363
16 443
39
73
149
245
18 14 17
20 13 18
22 4 20
24 11 22
26 8 24
28 3 26
30 9 24
32 3 30
34 6 32
36 7 28
38 37 35
40 15 16
42 15 17
44 12 42
46 13 40
48 47 45
50 5 49
52 10 50
54 11 50
56 8 54
58 9 52
60 59 57
62 2 61
64 9 54
66 2 64
68 6 66
70 7 62
72 71 69
74 12 40
76 13 42
78 77 75
80 4 79
82 10 80
84 41 19
86 12 85
88 77 87
90 4 89
92 11 90
94 8 92
96 9 82
98 97 95
100 13 17
102 101 87
104 5 103
106 10 104
108 11 104
110 8 108
112 9 106
114 113 111
116 2 115
118 3 99
120 119 117
122 13 15
124 123 87
126 4 125
128 11 126
130 9 128
132 5 89
134 11 132
136 9 134
138 2 136
140 3 130
142 141 139
144 6 143
146 7 121
148 147 145
150 14 16
152 12 17
154 13 85
156 155 153
158 4 157
160 5 151
162 161 159
164 10 163
166 11 151
168 167 165
170 4 49
172 161 171
174 10 151
176 11 173
178 177 175
180 8 179
182 9 169
184 183 181
186 4 151
188 10 186
190 167 189
192 11 186
194 193 175
196 8 195
198 9 191
200 199 197
202 2 201
204 3 185
206 205 203
208 4 44
210 161 209
212 11 211
214 213 175
216 8 151
218 9 215
220 219 217
222 5 20
224 223 187
226 11 225
228 227 175
230 9 229
232 231 217
234 2 233
236 3 221
238 237 235
240 6 239
242 7 207
244 243 241
246 161 81
248 10 247
250 167 249
252 4 103
254 161 253
256 11 255
258 257 175
260 8 259
262 9 251
264 263 261
266 5 125
268 267 187
270 10 269
272 167 271
274 11 269
276 275 175
278 8 277
280 9 273
282 281 279
284 2 283
286 3 265
288 287 285
290 9 259
292 291 217
294 9 277
296 295 217
298 2 297
300 3 293
302 301 299
304 6 303
306 7 289
308 307 305
310 10 158
312 11 158
314 8 312
316 9 310
318 317 315
320 21 153
322 5 321
324 10 322
326 11 322
328 8 326
330 9 324
332 331 329
334 2 333
336 3 319
338 337 335
340 4 321
342 11 340
344 9 342
346 5 152
348 11 346
350 9 348
352 2 350
354 3 344
356 355 353
358 6 357
360 7 339
362 361 359
364 4 74
366 161 365
368 10 367
370 167 369
372 11 367
374 373 175
376 8 375
378 9 371
380 379 377
382 5 40
384 383 187
386 10 385
388 167 387
390 11 385
392 391 175
394 8 393
396 9 389
398 397 395
400 2 399
402 3 381
404 403 401
406 4 40
408 161 407
410 11 409
412 411 175
414 9 413
416 415 217
418 155 75
420 5 419
422 421 187
424 11 423
426 425 175
428 9 427
430 429 217
432 2 431
434 3 417
436 435 433
438 6 437
440 7 405
442 441 439
i0 p0b02roomlight29on
i1 p0b02roomlight29off
i2 p0p0off02roomlight29intent
i3 p0p0toggle02roomlight29intent
i4 p0p0on02roomlight29intent
o0 u02roomlight29light0f1d2roomlight29turn2off1b
o1 u02roomlight29light0f1d2roomlight29turn2on1b
o2 u02roomlight29light02roomlight29light
o3 u02roomlight29light0f1d2roomlight29toggle1b
