REALIZABLE
aag 265 7 3 7 255
2
4
6
8
10
12
14
16 401
18 441
20 531
0
0
73
153
0
227
323
22 19 21
24 18 20
26 16 25
28 17 22
30 29 27
32 7 31
34 4 32
36 17 19
38 7 36
40 5 38
42 2 40
44 3 34
46 45 43
48 9 32
50 4 48
52 9 38
54 5 52
56 2 54
58 3 50
60 59 57
62 12 61
64 13 47
66 65 63
68 10 64
70 11 67
72 71 69
74 18 21
76 19 20
78 77 75
80 17 79
82 6 25
84 7 80
86 85 83
88 4 87
90 5 25
92 91 89
94 17 74
96 95 27
98 7 97
100 99 83
102 4 25
104 5 101
106 105 103
108 2 107
110 3 93
112 111 109
114 8 25
116 9 87
118 117 115
120 4 119
122 91 121
124 9 101
126 125 115
128 5 127
130 129 103
132 2 131
134 3 123
136 135 133
138 12 137
140 13 113
142 141 139
144 12 25
146 141 145
148 10 147
150 11 143
152 151 149
154 20 15
156 21 15
158 18 156
160 19 154
162 161 159
164 16 163
166 17 158
168 167 165
170 6 169
172 7 164
174 173 171
176 9 175
178 4 176
180 17 160
182 9 180
184 5 182
186 2 184
188 3 178
190 189 187
192 16 160
194 19 15
196 195 159
198 16 197
200 167 199
202 6 201
204 7 192
206 205 203
208 9 207
210 4 208
212 3 210
214 213 187
216 12 215
218 13 191
220 219 217
222 10 221
224 11 191
226 225 223
228 21 14
230 18 228
232 19 155
234 233 231
236 16 235
238 17 25
240 239 237
242 18 229
244 17 243
246 245 237
248 6 247
250 7 241
252 251 249
254 9 253
256 255 115
258 4 257
260 91 259
262 233 75
264 17 263
266 265 27
268 9 267
270 269 115
272 5 271
274 273 103
276 2 275
278 3 261
280 279 277
282 16 263
284 239 283
286 19 14
288 287 231
290 16 289
292 245 291
294 6 293
296 7 285
298 297 295
300 9 299
302 301 115
304 4 303
306 91 305
308 3 307
310 309 277
312 12 311
314 13 281
316 315 313
318 10 317
320 11 281
322 321 319
324 37 237
326 7 325
328 327 249
330 9 329
332 331 115
334 4 333
336 91 335
338 3 337
340 339 277
342 20 14
344 19 342
346 16 344
348 17 76
350 349 347
352 7 351
354 353 295
356 9 355
358 357 115
360 4 359
362 91 361
364 345 75
366 17 365
368 367 27
370 6 267
372 7 369
374 373 371
376 9 375
378 377 115
380 5 379
382 381 103
384 2 383
386 3 363
388 387 385
390 12 389
392 13 341
394 393 391
396 10 395
398 11 341
400 399 397
402 7 94
404 9 402
406 4 404
408 3 406
410 6 28
412 7 21
414 413 411
416 9 415
418 4 416
420 9 28
422 5 420
424 2 422
426 3 418
428 427 425
430 12 429
432 13 408
434 433 431
436 10 435
438 11 408
440 439 437
442 16 79
444 349 443
446 6 79
448 7 445
450 449 447
452 8 348
454 9 451
456 455 453
458 4 457
460 91 459
462 81 27
464 8 97
466 9 463
468 467 465
470 5 469
472 471 103
474 2 473
476 3 461
478 477 475
480 455 115
482 4 481
484 91 483
486 467 115
488 5 487
490 489 103
492 2 491
494 3 485
496 495 493
498 12 497
500 13 479
502 501 499
504 6 463
506 7 76
508 507 505
510 9 509
512 511 453
514 4 513
516 91 515
518 3 517
520 519 475
522 12 521
524 501 523
526 10 525
528 11 503
530 529 527
i0 p0b02warnlight29off
i1 p0b02warnlight29on
i2 p0b02timer29timeout
i3 p0b02window29opened
i4 p0b02window29closed
i5 p0p02window29all2windows2closed02window29room
i6 p0p0too2high0room29co252level
o0 u02timer29start2new2timer0f1d2timer29hour251b
o1 u02timer29start2new2timer0f1d2timer29min25231b
o2 u02timer29start2new2timer02timer29start2new2timer
o3 u02timer29start2new2timer0f1d2timer29hour241b
o4 u02warnlight29control02warnlight29control
o5 u02warnlight29control0f1d2warnlight29turn2off1b
o6 u02warnlight29control0f1d2warnlight29turn2on1b
