REALIZABLE
aag 1039 10 5 8 1024
2
4
6
8
10
12
14
16
18
20
22 1249
24 1511
26 1729
28 1921
30 2079
121
0
251
401
521
581
735
923
32 18 20
34 17 33
36 12 34
38 6 36
40 13 34
42 6 40
44 4 42
46 5 38
48 47 45
50 2 49
52 2 44
54 30 52
56 31 50
58 57 55
60 2 46
62 31 60
64 28 62
66 29 59
68 67 65
70 31 52
72 28 70
74 29 62
76 75 73
78 26 77
80 27 69
82 81 79
84 30 60
86 57 85
88 29 87
90 29 70
92 26 90
94 27 88
96 95 93
98 24 97
100 25 83
102 101 99
104 89 65
106 27 105
108 107 93
110 24 77
112 25 109
114 113 111
116 22 115
118 23 103
120 119 117
122 12 33
124 11 122
126 13 33
128 11 126
130 4 128
132 5 124
134 133 131
136 11 36
138 9 136
140 7 138
142 11 40
144 9 142
146 7 144
148 4 146
150 5 140
152 151 149
154 2 153
156 3 135
158 157 155
160 31 159
162 6 142
164 147 163
166 4 165
168 151 167
170 2 169
172 157 171
174 31 173
176 28 174
178 29 160
180 179 177
182 27 181
184 6 136
186 141 185
188 5 187
190 189 167
192 2 191
194 157 193
196 31 195
198 28 196
200 179 199
202 189 149
204 2 203
206 157 205
208 31 207
210 29 208
212 211 199
214 26 213
216 27 201
218 217 215
220 24 219
222 25 182
224 223 221
226 30 173
228 161 227
230 29 229
232 27 230
234 233 215
236 29 174
238 27 236
240 24 238
242 25 235
244 243 241
246 22 245
248 23 225
250 249 247
252 6 37
254 7 139
256 255 253
258 6 41
260 7 145
262 261 259
264 4 263
266 5 257
268 267 265
270 2 269
272 3 134
274 273 271
276 30 53
278 31 275
280 279 277
282 4 164
284 267 283
286 2 285
288 273 287
290 31 289
292 28 290
294 29 281
296 295 293
298 31 53
300 28 298
302 29 63
304 303 301
306 26 305
308 27 297
310 309 307
312 30 61
314 279 313
316 31 194
318 28 316
320 29 315
322 321 319
324 5 186
326 325 265
328 2 327
330 273 329
332 31 331
334 29 332
336 335 319
338 26 337
340 27 323
342 341 339
344 24 343
346 25 311
348 347 345
350 30 289
352 279 351
354 31 61
356 28 354
358 29 353
360 359 357
362 330 31
364 29 363
366 365 319
368 26 367
370 27 361
372 371 369
374 288 31
376 29 375
378 377 301
380 29 354
382 381 301
384 26 383
386 27 379
388 387 385
390 24 389
392 25 373
394 393 391
396 22 395
398 23 349
400 399 397
402 9 36
404 7 402
406 405 39
408 5 407
410 2 408
412 16 33
414 15 412
416 12 414
418 5 416
420 3 418
422 421 411
424 30 423
426 31 410
428 427 425
430 29 429
432 10 416
434 5 432
436 3 434
438 437 411
440 31 439
442 28 440
444 26 442
446 27 430
448 447 445
450 29 426
452 31 423
454 29 452
456 26 454
458 27 450
460 459 457
462 24 461
464 25 449
466 465 463
468 14 34
470 15 33
472 471 469
474 12 473
476 5 474
478 3 476
480 479 411
482 31 481
484 29 482
486 26 484
488 459 487
490 10 474
492 5 490
494 3 492
496 495 411
498 31 497
500 28 498
502 28 482
504 26 502
506 27 500
508 507 505
510 24 509
512 25 489
514 513 511
516 22 515
518 23 467
520 519 517
522 4 126
524 9 40
526 7 524
528 527 43
530 4 529
532 2 530
534 3 522
536 535 533
538 31 537
540 28 538
542 29 538
544 26 542
546 27 540
548 547 545
550 30 537
552 31 534
554 553 551
556 29 555
558 27 556
560 24 558
562 25 549
564 563 561
566 557 541
568 27 567
570 24 542
572 25 568
574 573 571
576 22 575
578 23 565
580 579 577
582 5 122
584 583 523
586 3 585
588 30 534
590 31 586
592 591 589
594 14 412
596 12 594
598 5 596
600 3 598
602 601 411
604 31 603
606 28 604
608 29 593
610 609 607
612 477 523
614 409 531
616 2 615
618 3 613
620 619 617
622 30 621
624 427 623
626 28 552
628 29 625
630 629 627
632 26 631
634 27 611
636 635 633
638 10 596
640 5 638
642 3 640
644 643 411
646 30 645
648 587 617
650 31 649
652 28 650
654 29 646
656 655 653
658 31 621
660 28 658
662 29 552
664 663 661
666 26 665
668 27 657
670 669 667
672 24 671
674 25 637
676 675 673
678 30 603
680 28 426
682 29 678
684 683 681
686 553 623
688 29 687
690 689 661
692 26 691
694 27 685
696 695 693
698 493 523
700 3 699
702 701 617
704 30 703
706 427 705
708 29 707
710 709 627
712 31 645
714 29 712
716 715 627
718 26 717
720 27 711
722 721 719
724 24 723
726 25 697
728 727 725
730 22 729
732 23 677
734 733 731
736 2 409
738 3 584
740 739 737
742 4 127
744 5 417
746 745 743
748 3 747
750 749 737
752 30 751
754 31 741
756 755 753
758 5 597
760 759 743
762 2 614
764 3 761
766 765 763
768 31 767
770 28 768
772 29 757
774 773 771
776 3 523
778 777 763
780 30 620
782 31 779
784 783 781
786 5 433
788 787 743
790 3 789
792 791 737
794 31 793
796 28 794
798 29 785
800 799 797
802 26 801
804 27 775
806 805 803
808 777 737
810 5 639
812 811 743
814 3 813
816 815 763
818 30 817
820 31 809
822 821 819
824 31 648
826 28 824
828 29 823
830 829 827
832 31 751
834 31 620
836 28 834
838 29 832
840 839 837
842 26 841
844 27 831
846 845 843
848 24 847
850 25 807
852 851 849
854 30 767
856 821 855
858 28 782
860 29 857
862 861 859
864 3 612
866 865 737
868 31 867
870 869 781
872 29 871
874 873 837
876 26 875
878 27 863
880 879 877
882 30 702
884 783 883
886 3 698
888 887 737
890 31 889
892 28 890
894 29 885
896 895 893
898 31 817
900 28 868
902 29 898
904 903 901
906 26 905
908 27 897
910 909 907
912 24 911
914 25 881
916 915 913
918 22 917
920 23 853
922 921 919
924 4 163
926 5 185
928 927 925
930 2 929
932 3 599
934 933 931
936 14 32
938 15 35
940 939 937
942 12 940
944 10 943
946 11 123
948 947 945
950 4 41
952 5 949
954 953 951
956 10 36
958 956 9
960 7 959
962 961 253
964 10 40
966 964 9
968 6 965
970 7 967
972 971 969
974 4 973
976 5 963
978 977 975
980 2 979
982 3 955
984 983 981
986 30 985
988 31 935
990 989 987
992 6 957
994 7 403
996 995 993
998 4 528
1000 5 997
1002 1001 999
1004 2 1003
1006 777 1005
1008 31 1007
1010 28 1008
1012 29 991
1014 1013 1011
1016 325 999
1018 2 1017
1020 765 1019
1022 10 597
1024 947 1023
1026 4 129
1028 5 1025
1030 1029 1027
1032 971 259
1034 4 1033
1036 977 1035
1038 2 1037
1040 3 1031
1042 1041 1039
1044 30 1043
1046 31 1021
1048 1047 1045
1050 5 943
1052 1051 951
1054 977 999
1056 2 1055
1058 3 1053
1060 1059 1057
1062 31 1061
1064 28 1062
1066 29 1049
1068 1067 1065
1070 26 1069
1072 27 1015
1074 1073 1071
1076 7 525
1078 1077 969
1080 4 1079
1082 1001 1081
1084 2 1083
1086 1059 1085
1088 596 11
1090 5 1089
1092 1091 743
1094 3 1093
1096 1095 763
1098 30 1097
1100 31 1087
1102 1101 1099
1104 29 1103
1106 1105 827
1108 5 406
1110 1109 1081
1112 2 1111
1114 1059 1113
1116 31 1115
1118 29 1116
1120 1119 771
1122 26 1121
1124 27 1107
1126 1125 1123
1128 24 1127
1130 25 1075
1132 1131 1129
1134 933 1085
1136 36 5
1138 3 1137
1140 1139 1005
1142 30 1141
1144 31 1135
1146 1145 1143
1148 2 531
1150 765 1149
1152 31 1151
1154 28 1152
1156 29 1147
1158 1157 1155
1160 933 1113
1162 1029 743
1164 3 1163
1166 1165 1057
1168 30 1167
1170 31 1161
1172 1171 1169
1174 933 763
1176 31 1175
1178 28 1176
1180 29 1173
1182 1181 1179
1184 26 1183
1186 27 1159
1188 1187 1185
1190 765 1057
1192 30 1191
1194 1153 1193
1196 933 1057
1198 31 1197
1200 28 1198
1202 29 1195
1204 1203 1201
1206 961 993
1208 5 1207
1210 1209 999
1212 2 1211
1214 1095 1213
1216 31 1215
1218 1024 5
1220 3 1219
1222 1221 981
1224 31 1223
1226 28 1224
1228 29 1216
1230 1229 1227
1232 26 1231
1234 27 1205
1236 1235 1233
1238 24 1237
1240 25 1189
1242 1241 1239
1244 22 1243
1246 23 1133
1248 1247 1245
1250 10 942
1252 13 412
1254 11 1252
1256 1255 965
1258 4 1257
1260 5 1250
1262 1261 1259
1264 5 962
1266 1265 167
1268 2 1267
1270 3 1263
1272 1271 1269
1274 30 1273
1276 31 1134
1278 1277 1275
1280 5 184
1282 1281 531
1284 2 1283
1286 535 1285
1288 31 1287
1290 28 1288
1292 29 1279
1294 1293 1291
1296 11 474
1298 1297 639
1300 5 1299
1302 1301 523
1304 2 1210
1306 3 1303
1308 1307 1305
1310 2 1036
1312 643 1311
1314 30 1313
1316 31 1309
1318 1317 1315
1320 11 416
1322 1321 1251
1324 5 1323
1326 1325 1259
1328 409 167
1330 2 1329
1332 3 1327
1334 1333 1331
1336 31 1335
1338 28 1336
1340 29 1319
1342 1341 1339
1344 26 1343
1346 27 1295
1348 1347 1345
1350 2 928
1352 3 1052
1354 1353 1351
1356 5 1296
1358 1357 523
1360 2 1016
1362 3 1359
1364 1363 1361
1366 30 1365
1368 31 1355
1370 1369 1367
1372 29 1371
1374 1373 653
1376 4 162
1378 409 1377
1380 2 1379
1382 1353 1381
1384 31 1383
1386 31 766
1388 28 1386
1390 29 1384
1392 1391 1389
1394 26 1393
1396 27 1375
1398 1397 1395
1400 24 1399
1402 25 1349
1404 1403 1401
1406 3 1136
1408 1407 1285
1410 30 1409
1412 31 934
1414 1413 1411
1416 28 1316
1418 29 1415
1420 1419 1417
1422 601 1381
1424 2 1054
1426 3 812
1428 1427 1425
1430 30 1429
1432 31 1423
1434 1433 1431
1436 31 1174
1438 28 1436
1440 29 1435
1442 1441 1439
1444 26 1443
1446 27 1421
1448 1447 1445
1450 2 1002
1452 3 760
1454 1453 1451
1456 1307 617
1458 30 1457
1460 31 1455
1462 1461 1459
1464 1301 131
1466 3 1465
1468 1467 1331
1470 31 1469
1472 28 1470
1474 29 1463
1476 1475 1473
1478 31 1365
1480 641 131
1482 3 1481
1484 1483 1269
1486 31 1485
1488 28 1486
1490 29 1478
1492 1491 1489
1494 26 1493
1496 27 1477
1498 1497 1495
1500 24 1499
1502 25 1449
1504 1503 1501
1506 22 1505
1508 23 1405
1510 1509 1507
1512 739 1085
1514 942 11
1516 4 143
1518 5 1515
1520 1519 1517
1522 5 39
1524 1523 975
1526 2 1525
1528 3 1521
1530 1529 1527
1532 30 1531
1534 31 1513
1536 1535 1533
1538 31 1454
1540 28 1538
1542 29 1537
1544 1543 1541
1546 3 1358
1548 1547 1213
1550 1088 5
1552 2 48
1554 3 1551
1556 1555 1553
1558 30 1557
1560 31 1549
1562 1561 1559
1564 4 1255
1566 5 1321
1568 1567 1565
1570 267 999
1572 2 1571
1574 3 1569
1576 1575 1573
1578 31 1577
1580 28 1578
1582 29 1563
1584 1583 1581
1586 26 1585
1588 27 1545
1590 1589 1587
1592 2 1082
1594 30 1456
1596 31 1593
1598 1597 1595
1600 29 1599
1602 1601 827
1604 1523 1081
1606 2 1604
1608 31 1607
1610 1523 999
1612 2 1611
1614 777 1613
1616 31 1615
1618 28 1616
1620 29 1608
1622 1621 1619
1624 26 1623
1626 27 1603
1628 1627 1625
1630 24 1629
1632 25 1591
1634 1633 1631
1636 4 43
1638 1001 1637
1640 2 1639
1642 933 1641
1644 30 1643
1646 1597 1645
1648 31 1097
1650 28 1648
1652 29 1647
1654 1653 1651
1656 1095 1613
1658 30 1657
1660 1609 1659
1662 31 51
1664 28 1662
1666 29 1661
1668 1667 1665
1670 26 1669
1672 27 1655
1674 1673 1671
1676 1547 1573
1678 30 1677
1680 783 1679
1682 5 1297
1684 1683 1027
1686 3 1685
1688 1687 1573
1690 31 1689
1692 28 1690
1694 29 1681
1696 1695 1693
1698 765 1213
1700 31 1699
1702 1555 1527
1704 31 1703
1706 28 1704
1708 29 1700
1710 1709 1707
1712 26 1711
1714 27 1697
1716 1715 1713
1718 24 1717
1720 25 1675
1722 1721 1719
1724 22 1723
1726 23 1635
1728 1727 1725
1730 4 1254
1732 435 1731
1734 2 978
1736 3 1733
1738 1737 1735
1740 30 1739
1742 31 1006
1744 28 1742
1746 29 1740
1748 1747 1745
1750 133 523
1752 3 1751
1754 1753 533
1756 10 126
1758 4 1756
1760 493 1759
1762 3 1761
1764 1763 1311
1766 30 1765
1768 31 1755
1770 1769 1767
1772 125 433
1774 5 1773
1776 1775 131
1778 3 1777
1780 1779 1735
1782 31 1781
1784 28 1782
1786 29 1771
1788 1787 1785
1790 26 1789
1792 27 1749
1794 1793 1791
1796 1753 1305
1798 30 1797
1800 31 1592
1802 1801 1799
1804 29 1803
1806 1805 653
1808 2 1110
1810 421 1809
1812 31 1811
1814 29 1812
1816 1815 661
1818 26 1817
1820 27 1807
1822 1821 1819
1824 24 1823
1826 25 1795
1828 1827 1825
1830 30 1006
1832 1801 1831
1834 28 1478
1836 29 1833
1838 1837 1835
1840 479 1809
1842 701 1425
1844 30 1843
1846 31 1841
1848 1847 1845
1850 29 1849
1852 1851 661
1854 26 1853
1856 27 1839
1858 1857 1855
1860 125 491
1862 5 1861
1864 1863 523
1866 3 1865
1868 1867 1425
1870 30 1869
1872 1289 1871
1874 1863 131
1876 3 1875
1878 1877 1735
1880 31 1879
1882 28 1880
1884 29 1873
1886 1885 1883
1888 31 1548
1890 493 131
1892 3 1891
1894 1893 1735
1896 31 1895
1898 28 1896
1900 29 1888
1902 1901 1899
1904 26 1903
1906 27 1887
1908 1907 1905
1910 24 1909
1912 25 1859
1914 1913 1911
1916 22 1915
1918 23 1829
1920 1919 1917
1922 10 122
1924 10 127
1926 11 1253
1928 1927 1925
1930 4 1929
1932 5 1923
1934 1933 1931
1936 3 1935
1938 1937 1057
1940 30 1939
1942 825 1941
1944 29 1943
1946 1945 837
1948 4 1757
1950 1933 1949
1952 3 1951
1954 1953 1039
1956 30 1955
1958 825 1957
1960 739 981
1962 31 1961
1964 28 1962
1966 29 1959
1968 1967 1965
1970 26 1969
1972 27 1947
1974 1973 1971
1976 3 1864
1978 1977 1213
1980 30 1979
1982 825 1981
1984 29 1983
1986 1985 827
1988 26 824
1990 27 1987
1992 1991 1989
1994 24 1993
1996 25 1975
1998 1997 1995
2000 825 781
2002 10 123
2004 11 475
2006 2005 2003
2008 5 2007
2010 2009 743
2012 3 2011
2014 2013 763
2016 31 2015
2018 28 2016
2020 29 2001
2022 2021 2019
2024 1933 743
2026 3 2025
2028 2027 1057
2030 30 2029
2032 825 2031
2034 29 2033
2036 2035 827
2038 26 2037
2040 27 2023
2042 2041 2039
2044 739 1057
2046 30 2045
2048 825 2047
2050 29 2049
2052 2051 1965
2054 31 2029
2056 28 2054
2058 29 834
2060 2059 2057
2062 26 2061
2064 27 2053
2066 2065 2063
2068 24 2067
2070 25 2043
2072 2071 2069
2074 22 2073
2076 23 1999
2078 2077 2075
i0 p0b02room29empty
i1 p0b02roomlight29on
i2 p0b02room29somebody2leaves
i3 p0b02room29somebody2enters
i4 p0b02timer29timeout
i5 p0b02roomlight29off
i6 p0p0bright0outside29brightness
i7 p0b02room29switch29toggled
i8 p0b02room29bed29occupied
i9 p0b02room292room29empty
o0 u02timer29start2new2timer0f1d2timer29hour251b
o1 u02timer29start2new2timer0f1d2timer29min25231b
o2 u02timer29start2new2timer02timer29start2new2timer
o3 u02timer29start2new2timer0f1d2timer29hour241b
o4 u02roomlight29light0f1d2roomlight29turn2off1b
o5 u02roomlight29light0f1d2roomlight29turn2on1b
o6 u02roomlight29light02roomlight29light
o7 u02roomlight29light0f1d2roomlight29toggle1b
