REALIZABLE
aag 43 3 2 3 38
2
4
6
8 63
10 87
0
24
45
12 9 10
14 8 11
16 6 14
18 7 12
20 19 17
22 5 21
24 2 22
26 8 10
28 6 9
30 7 11
32 31 29
34 4 27
36 5 33
38 37 35
40 2 39
42 3 27
44 43 41
46 6 11
48 7 9
50 49 47
52 4 51
54 9 11
56 5 54
58 2 56
60 3 52
62 61 59
64 6 12
66 7 14
68 67 65
70 4 69
72 5 27
74 73 71
76 13 15
78 5 77
80 79 35
82 2 81
84 3 75
86 85 83
i0 p0p0off02alarm29intent
i1 p0p0on02alarm29intent
i2 p0b02alarm29alarm
o0 u02alarm29control02alarm29control
o1 u02alarm29control0f1d2alarm29turn2off1b
o2 u02alarm29control0f1d2alarm29turn2on1b
