REALIZABLE
aag 148 7 3 4 138
2
4
6
8
10
12
14
16 263
18 283
20 296
57
155
178
229
22 18 21
24 19 21
26 16 24
28 17 22
30 29 27
32 10 31
34 9 32
36 15 28
38 13 36
40 10 38
42 9 40
44 5 42
46 6 42
48 7 44
50 49 47
52 2 51
54 3 34
56 55 53
58 18 20
60 16 21
62 17 59
64 63 61
66 11 65
68 19 20
70 69 23
72 17 71
74 73 27
76 10 65
78 11 75
80 79 77
82 8 81
84 9 66
86 85 83
88 17 19
90 89 27
92 14 65
94 15 91
96 95 93
98 12 65
100 13 97
102 101 99
104 10 103
106 67 105
108 15 26
110 109 93
112 13 111
114 113 99
116 11 115
118 117 77
120 8 119
122 9 107
124 123 121
126 4 65
128 5 125
130 129 127
132 13 92
134 133 99
136 11 135
138 137 77
140 8 139
142 123 141
144 6 143
146 7 131
148 147 145
150 2 149
152 3 87
154 153 151
156 15 88
158 13 156
160 11 158
162 8 160
164 5 162
166 13 94
168 11 166
170 8 168
172 6 170
174 7 164
176 175 173
178 2 177
180 16 22
182 89 181
184 10 183
186 17 24
188 187 181
190 11 189
192 8 190
194 9 184
196 195 193
198 15 180
200 13 198
202 10 200
204 15 22
206 13 204
208 11 206
210 8 208
212 9 202
214 213 211
216 5 215
218 6 215
220 7 216
222 221 219
224 2 223
226 3 197
228 227 225
230 17 21
232 231 181
234 10 233
236 9 234
238 237 193
240 10 206
242 11 200
244 8 242
246 9 240
248 247 245
250 5 249
252 6 249
254 7 250
256 255 253
258 2 257
260 3 239
262 261 259
264 10 22
266 67 265
268 11 180
270 269 77
272 8 271
274 9 267
276 275 273
278 2 65
280 3 277
282 281 279
284 17 68
286 285 27
288 10 287
290 8 78
292 9 288
294 293 291
296 3 295
i0 p0b02room29empty
i1 p0b02room29somebody2enters
i2 p0b02room29somebody2leaves
i3 p0b02roomlight29off
i4 p0b02roomlight29on
i5 p0b02room29switch29toggled
i6 p0b02room29bed29occupied
o0 u02roomlight29light0f1d2roomlight29turn2on1b
o1 u02roomlight29light0f1d2roomlight29toggle1b
o2 u02roomlight29light0f1d2roomlight29turn2off1b
o3 u02roomlight29light02roomlight29light
