REALIZABLE
aag 181 6 3 3 172
2
4
6
8
10
12
14 281
16 331
18 363
125
197
0
20 16 18
22 19 12
24 16 23
26 14 25
28 15 21
30 29 27
32 16 22
34 17 18
36 35 33
38 14 37
40 15 19
42 41 39
44 8 43
46 9 31
48 47 45
50 17 19
52 14 32
54 15 50
56 55 53
58 8 57
60 47 59
62 10 61
64 11 49
66 65 63
68 2 31
70 3 67
72 71 69
74 6 73
76 7 21
78 77 75
80 16 19
82 35 81
84 14 83
86 29 85
88 8 87
90 9 21
92 91 89
94 15 17
96 95 85
98 8 97
100 91 99
102 10 101
104 11 93
106 105 103
108 2 21
110 3 107
112 111 109
114 6 21
116 7 113
118 117 115
120 4 119
122 5 79
124 123 121
126 19 13
128 16 126
130 14 128
132 51 129
134 14 133
136 15 34
138 137 135
140 8 139
142 9 130
144 143 141
146 16 127
148 14 147
150 15 83
152 151 149
154 8 153
156 143 155
158 10 157
160 11 145
162 161 159
164 2 130
166 3 163
168 167 165
170 6 169
172 14 50
174 8 172
176 15 80
178 177 173
180 8 179
182 10 180
184 11 174
186 185 183
188 3 187
190 7 188
192 4 190
194 5 170
196 195 193
198 41 85
200 14 21
202 95 201
204 8 203
206 9 199
208 207 205
210 14 80
212 55 211
214 8 21
216 9 213
218 217 215
220 10 219
222 11 209
224 223 221
226 35 129
228 14 227
230 137 229
232 8 231
234 9 153
236 235 233
238 2 237
240 3 225
242 241 239
244 6 243
246 77 245
248 91 205
250 10 21
252 11 249
254 253 251
256 14 17
258 151 257
260 8 34
262 9 259
264 263 261
266 2 265
268 3 255
270 269 267
272 7 271
274 273 115
276 4 275
278 5 247
280 279 277
282 151 173
284 8 283
286 8 259
288 10 286
290 11 284
292 291 289
294 51 33
296 14 295
298 41 297
300 8 299
302 9 57
304 303 301
306 2 305
308 3 293
310 309 307
312 6 311
314 8 19
316 217 315
318 2 317
320 3 180
322 321 319
324 7 323
326 4 324
328 5 312
330 329 327
332 8 228
334 235 333
336 8 130
338 235 337
340 10 339
342 11 335
344 343 341
346 3 345
348 347 239
350 6 349
352 77 351
354 7 265
356 355 115
358 4 357
360 5 353
362 361 359
i0 p0b02firesensor29fire
i1 p0b02door29locked
i2 p0b02door29unlocked
i3 p0b02door29reaching2unlocked
i4 p0b02firesensor29fire2extinquished
i5 p0b02door29reaching2locked
o0 u02door29ctrl0f1dunlock1b
o1 u02door29ctrl0f1dlock1b
o2 u02door29ctrl02door29ctrl
