REALIZABLE
aag 95 6 2 4 87
2
4
6
8
10
12
14 179
16 191
51
89
107
147
18 14 17
20 15 16
22 21 19
24 6 23
26 5 24
28 9 20
30 6 28
32 5 30
34 2 32
36 3 26
38 37 35
40 12 32
42 2 40
44 37 43
46 10 45
48 11 39
50 49 47
52 22 7
54 4 53
56 5 7
58 57 55
60 16 9
62 6 60
64 9 7
66 4 65
68 5 63
70 69 67
72 2 71
74 3 59
76 75 73
78 12 70
80 2 79
82 75 81
84 10 83
86 11 77
88 87 85
90 9 17
92 7 90
94 4 92
96 2 94
98 12 94
100 2 98
102 10 100
104 11 96
106 105 103
108 6 22
110 4 52
112 5 108
114 113 111
116 14 16
118 9 116
120 6 118
122 7 60
124 4 122
126 5 120
128 127 125
130 2 129
132 3 115
134 133 131
136 12 129
138 2 136
140 133 139
142 10 141
144 11 135
146 145 143
148 4 7
150 5 6
152 151 149
154 7 118
156 4 154
158 5 62
160 159 157
162 2 161
164 3 153
166 165 163
168 12 161
170 2 168
172 165 171
174 10 173
176 11 167
178 177 175
180 6 17
182 117 7
184 4 183
186 5 181
188 187 185
190 188 3
i0 p0b02room29empty
i1 p0b02roomlight29off
i2 p0b02roomlight29on
i3 p0b02room29switch29toggled
i4 p0b02room29somebody2enters
i5 p0b02room29somebody2leaves
o0 u02roomlight29light0f1d2roomlight29turn2on1b
o1 u02roomlight29light0f1d2roomlight29toggle1b
o2 u02roomlight29light0f1d2roomlight29turn2off1b
o3 u02roomlight29light02roomlight29light
