REALIZABLE
aag 190 4 4 3 182
2
4
6
8
10 229
12 283
14 331
16 381
0
103
177
18 14 17
20 15 16
22 21 19
24 15 17
26 12 24
28 13 23
30 29 27
32 13 24
34 10 32
36 11 31
38 37 35
40 8 39
42 13 18
44 43 27
46 12 18
48 33 47
50 10 49
52 11 45
54 53 51
56 9 55
58 6 56
60 7 40
62 61 59
64 4 63
66 12 17
68 13 20
70 69 67
72 11 71
74 73 51
76 8 75
78 14 16
80 13 79
82 81 67
84 10 83
86 73 85
88 9 87
90 6 88
92 7 76
94 93 91
96 5 95
98 2 96
100 3 64
102 101 99
104 29 67
106 10 105
108 11 49
110 109 107
112 8 111
114 9 83
116 115 113
118 13 15
120 119 47
122 10 31
124 11 121
126 125 123
128 8 83
130 9 127
132 131 129
134 6 133
136 7 117
138 137 135
140 4 139
142 5 83
144 143 141
146 13 17
148 11 146
150 149 123
152 8 151
154 115 153
156 9 148
158 157 129
160 6 159
162 7 155
164 163 161
166 4 83
168 5 165
170 169 167
172 2 171
174 3 145
176 175 173
178 81 27
180 10 121
182 11 179
184 183 181
186 8 185
188 115 187
190 53 181
192 9 191
194 193 129
196 6 195
198 7 189
200 199 197
202 4 201
204 143 203
206 8 106
208 115 207
210 9 106
212 211 129
214 6 213
216 7 209
218 217 215
220 5 219
222 221 167
224 2 223
226 3 205
228 227 225
230 43 67
232 10 66
234 11 231
236 235 233
238 8 237
240 10 17
242 11 83
244 243 241
246 9 245
248 6 246
250 7 238
252 251 249
254 4 253
256 81 47
258 11 257
260 259 123
262 8 261
264 10 45
266 259 265
268 9 267
270 6 268
272 7 262
274 273 271
276 5 275
278 2 276
280 3 254
282 281 279
284 69 47
286 33 67
288 10 287
290 11 285
292 291 289
294 8 293
296 291 265
298 9 297
300 6 298
302 7 294
304 303 301
306 4 305
308 10 179
310 73 309
312 8 311
314 73 35
316 9 315
318 6 316
320 7 312
322 321 319
324 5 323
326 2 324
328 3 306
330 329 327
332 10 28
334 8 332
336 115 335
338 10 68
340 9 338
342 341 129
344 6 343
346 7 337
348 347 345
350 4 349
352 143 351
354 10 46
356 8 354
358 115 357
360 10 285
362 9 360
364 363 129
366 6 365
368 7 359
370 369 367
372 5 371
374 373 167
376 2 375
378 3 353
380 379 377
i0 p0b02heating29off
i1 p0b02heating29on
i2 p0p0off02heating29intend
i3 p0p0on02heating29intend
o0 u02heating29ctrl02heating29ctrl
o1 u02heating29ctrl0f1d2heating29turn2off1b
o2 u02heating29ctrl0f1d2heating29turn2on1b
