REALIZABLE
aag 89 9 2 4 78
2
4
6
8
10
12
14
16
18
20 163
22 179
0
56
104
111
24 20 22
26 21 23
28 27 25
30 10 29
32 13 30
34 17 29
36 15 34
38 10 36
40 13 38
42 3 40
44 8 40
46 9 42
48 47 45
50 6 49
52 7 32
54 53 51
56 5 55
58 21 22
60 11 58
62 13 60
64 11 28
66 13 64
68 2 66
70 3 62
72 71 69
74 17 58
76 15 74
78 11 76
80 13 78
82 3 80
84 17 28
86 15 84
88 11 86
90 13 88
92 8 90
94 9 82
96 95 93
98 6 97
100 7 73
102 101 99
104 4 103
106 4 102
108 5 54
110 109 107
112 10 26
114 11 20
116 12 114
118 13 112
120 119 117
122 11 29
124 12 122
126 2 124
128 3 121
130 129 127
132 11 36
134 12 132
136 3 134
138 8 134
140 9 136
142 141 139
144 6 143
146 7 131
148 147 145
150 11 23
152 13 150
154 3 152
156 7 154
158 4 156
160 5 149
162 161 159
164 12 151
166 13 113
168 167 165
170 168 3
172 170 7
174 4 157
176 5 173
178 177 175
i0 p0b02room29somebody2enters
i1 p0b02c2m29ready
i2 p0b02room29empty
i3 p0b02room29somebody2leaves
i4 p0b02c2m29standby
i5 p0b02c2m29busy
i6 p0b02room29switch29toggled
i7 p0b02room29bed29occupied
i8 p0b02c2m29finished
o0 u02c2m29ctrl0f1d2c2m29turn2off1b
o1 u02c2m29ctrl0f1d2c2m29turn2on1b
o2 u02c2m29ctrl02c2m29ctrl
o3 u02c2m29ctrl0f1d2c2m29make2coffee1b
