REALIZABLE
aag 9 9 0 11 0
2
4
6
8
10
12
14
16
18
0
0
0
1
0
0
0
1
0
0
1
i0 p0p0too2high0room29co252level
i1 p0p0all2windows2closed0room
i2 p0b0room29warnlight29off
i3 p0b0room29warnlight29on
i4 p0b0room29window29closed
i5 p0b0room29window29opened
i6 p0b0timeout
i7 p0b0room29light29off
i8 p0b0room29light29on
o0 u0room29light0f1dturn2off1b
o1 u0room29light0f1dturn2on1b
o2 u0room29light0f1dtoggle1b
o3 u0room29light0room29light
o4 u0system29start2new2timer0f1dhour251b
o5 u0system29start2new2timer0f1dmin25231b
o6 u0system29start2new2timer0f1dhour241b
o7 u0system29start2new2timer0system29start2new2timer
o8 u0room29warnlight29control0f1dturn2off1b
o9 u0room29warnlight29control0room29warnlight29control
o10 u0room29warnlight29control0f1dturn2on1b
