REALIZABLE
aag 68 4 3 5 61
2
4
6
8
10 111
12 123
14 137
33
51
75
83
0
16 6 8
18 15 17
20 12 18
22 4 17
24 15 22
26 13 24
28 10 26
30 11 20
32 31 29
34 2 23
36 14 34
38 13 36
40 2 16
42 15 40
44 12 42
46 10 44
48 11 38
50 49 47
52 15 16
54 12 52
56 13 37
58 57 55
60 15 23
62 15 41
64 12 62
66 13 60
68 67 65
70 10 69
72 11 59
74 73 71
76 12 14
78 10 15
80 11 77
82 81 79
84 23 3
86 14 85
88 61 87
90 12 15
92 13 89
94 93 91
96 16 3
98 15 97
100 12 98
102 13 15
104 103 101
106 10 105
108 11 95
110 109 107
112 13 22
114 113 21
116 27 21
118 10 117
120 11 115
122 121 119
124 14 84
126 13 124
128 15 96
130 12 128
132 10 130
134 11 126
136 135 133
i0 p0b0room29heating29off
i1 p0b0room29window29opened
i2 p0b0room29window29closed
i3 p0p0all2windows2closed0room
o0 u0room29heating29ctrl0f1dturn2off1b
o1 u0room29heating29ctrl0f1dturn2on1b
o2 u0room29heating29ctrl0room29heating29ctrl
o3 u0music29ctrl0f1dplay0f1doverture1b1b
o4 u0music29ctrl0music29ctrl
