REALIZABLE
aag 142 4 3 3 135
2
4
6
8
10 161
12 215
14 285
73
127
0
16 14 9
18 13 17
20 10 18
22 11 12
24 23 21
26 15 9
28 13 26
30 10 28
32 4 30
34 5 25
36 35 33
38 15 8
40 12 38
42 19 41
44 10 42
46 5 45
48 47 33
50 9 13
52 10 43
54 11 51
56 55 53
58 5 57
60 59 33
62 6 61
64 7 49
66 65 63
68 2 67
70 3 37
72 71 69
74 12 15
76 13 16
78 77 75
80 10 79
82 11 13
84 83 81
86 13 27
88 87 75
90 10 88
92 4 91
94 5 85
96 95 93
98 12 26
100 77 99
102 10 101
104 5 102
106 105 93
108 11 50
110 109 103
112 5 111
114 113 93
116 6 115
118 7 107
120 119 117
122 2 121
124 3 97
126 125 123
128 51 99
130 10 129
132 12 16
134 11 132
136 135 131
138 4 137
140 5 130
142 141 139
144 109 131
146 11 9
148 147 131
150 4 149
152 5 145
154 153 151
156 6 155
158 7 143
160 159 157
162 13 8
164 163 99
166 10 165
168 23 167
170 5 169
172 171 139
174 11 163
176 175 167
178 5 177
180 179 151
182 6 181
184 7 173
186 185 183
188 163 41
190 10 188
192 5 191
194 193 139
196 10 189
198 55 197
200 5 199
202 201 151
204 6 203
206 7 195
208 207 205
210 2 209
212 3 187
214 213 211
216 12 17
218 51 41
220 10 219
222 11 217
224 223 221
226 11 133
228 227 197
230 4 229
232 5 225
234 233 231
236 12 9
238 163 237
240 11 239
242 241 221
244 11 8
246 245 197
248 4 247
250 5 243
252 251 249
254 6 253
256 7 235
258 257 255
260 5 137
262 261 231
264 77 237
266 11 265
268 267 131
270 5 269
272 271 249
274 6 273
276 7 263
278 277 275
280 2 279
282 3 259
284 283 281
i0 p0p0enter2event0bottom
i1 p0p0exit2event0top
i2 p0p0enter2event0top
i3 p0p0exit2event0bottom
o0 u0steps0f1dmove2up1b
o1 u0steps0f1dmove2down1b
o2 u0steps0steps
