REALIZABLE
aag 1985 12 5 4 1968
2
4
6
8
10
12
14
16
18
20
22
24
26 2253
28 2805
30 3433
32 3827
34 3971
169
961
1187
1655
36 33 35
38 31 36
40 30 36
42 28 38
44 29 40
46 45 43
48 26 47
50 27 38
52 51 49
54 22 53
56 21 54
58 27 42
60 59 49
62 22 61
64 21 62
66 8 64
68 9 56
70 69 67
72 6 56
74 7 71
76 75 73
78 4 56
80 5 77
82 81 79
84 2 83
86 3 56
88 87 85
90 25 53
92 22 90
94 21 92
96 19 94
98 25 61
100 22 98
102 21 100
104 19 102
106 8 104
108 9 96
110 109 107
112 6 96
114 7 111
116 115 113
118 4 96
120 5 117
122 121 119
124 2 123
126 3 96
128 127 125
130 17 129
132 8 102
134 9 94
136 135 133
138 6 94
140 7 137
142 141 139
144 4 94
146 5 143
148 147 145
150 2 149
152 3 94
154 153 151
156 17 155
158 14 156
160 15 130
162 161 159
164 12 163
166 13 89
168 167 165
170 32 34
172 30 35
174 31 171
176 175 173
178 28 35
180 29 177
182 181 179
184 23 183
186 32 35
188 30 186
190 175 189
192 31 35
194 193 189
196 28 195
198 29 191
200 199 197
202 175 41
204 29 203
206 205 179
208 26 207
210 27 201
212 211 209
214 22 183
216 23 213
218 217 215
220 20 219
222 21 184
224 223 221
226 29 174
228 227 197
230 31 33
232 231 41
234 29 233
236 235 179
238 26 237
240 27 229
242 241 239
244 23 243
246 245 215
248 20 247
250 223 249
252 6 251
254 7 225
256 255 253
258 231 189
260 29 259
262 261 197
264 39 173
266 28 265
268 205 267
270 26 269
272 27 263
274 273 271
276 23 275
278 277 215
280 20 279
282 223 281
284 39 189
286 28 285
288 29 230
290 289 287
292 235 287
294 26 293
296 27 291
298 297 295
300 23 299
302 301 215
304 20 303
306 223 305
308 6 307
310 7 283
312 311 309
314 4 313
316 5 257
318 317 315
320 33 34
322 321 187
324 31 323
326 325 189
328 29 327
330 329 197
332 325 41
334 29 333
336 335 179
338 26 337
340 27 331
342 341 339
344 23 343
346 345 215
348 20 347
350 223 349
352 8 351
354 9 225
356 355 353
358 7 357
360 359 253
362 5 361
364 363 315
366 2 365
368 3 319
370 369 367
372 28 40
374 31 320
376 29 374
378 26 376
380 27 372
382 381 379
384 22 383
386 185 385
388 227 179
390 26 389
392 211 391
394 23 393
396 395 215
398 20 397
400 21 387
402 401 399
404 377 373
406 29 324
408 26 406
410 27 405
412 411 409
414 22 413
416 185 415
418 289 179
420 26 419
422 241 421
424 23 423
426 425 215
428 20 427
430 21 417
432 431 429
434 6 433
436 7 403
438 437 435
440 31 186
442 29 440
444 443 373
446 28 188
448 377 447
450 26 449
452 27 445
454 453 451
456 22 455
458 185 457
460 227 267
462 26 461
464 273 463
466 23 465
468 467 215
470 20 469
472 21 459
474 473 471
476 28 172
478 407 477
480 22 479
482 185 481
484 23 291
486 485 215
488 20 487
490 21 483
492 491 489
494 6 493
496 7 475
498 497 495
500 4 499
502 5 439
504 503 501
506 26 288
508 381 507
510 22 509
512 185 511
514 407 179
516 26 515
518 341 517
520 23 519
522 521 215
524 20 523
526 21 513
528 527 525
530 8 529
532 9 403
534 533 531
536 7 535
538 537 435
540 5 539
542 541 501
544 2 543
546 3 505
548 547 545
550 10 549
552 11 371
554 553 551
556 24 183
558 22 556
560 185 559
562 25 213
564 563 557
566 23 565
568 567 215
570 20 569
572 21 561
574 573 571
576 18 183
578 19 575
580 579 577
582 25 243
584 583 557
586 23 585
588 587 215
590 20 589
592 573 591
594 19 593
596 595 577
598 6 597
600 7 581
602 601 599
604 25 275
606 605 557
608 23 607
610 609 215
612 20 611
614 573 613
616 19 615
618 617 577
620 25 299
622 621 557
624 23 623
626 625 215
628 20 627
630 573 629
632 19 631
634 633 577
636 6 635
638 7 619
640 639 637
642 4 641
644 5 603
646 645 643
648 25 343
650 649 557
652 23 651
654 653 215
656 20 655
658 573 657
660 19 659
662 661 577
664 8 663
666 9 581
668 667 665
670 7 669
672 671 599
674 5 673
676 675 643
678 2 677
680 3 647
682 681 679
684 25 383
686 685 557
688 22 687
690 185 689
692 25 393
694 693 557
696 23 695
698 697 215
700 20 699
702 21 691
704 703 701
706 19 705
708 707 577
710 25 413
712 711 557
714 22 713
716 185 715
718 25 423
720 719 557
722 23 721
724 723 215
726 20 725
728 21 717
730 729 727
732 19 731
734 733 577
736 6 735
738 7 709
740 739 737
742 25 455
744 743 557
746 22 745
748 185 747
750 25 465
752 751 557
754 23 753
756 755 215
758 20 757
760 21 749
762 761 759
764 19 763
766 765 577
768 25 479
770 769 557
772 22 771
774 185 773
776 25 291
778 777 557
780 23 779
782 781 215
784 20 783
786 21 775
788 787 785
790 19 789
792 791 577
794 6 793
796 7 767
798 797 795
800 4 799
802 5 741
804 803 801
806 25 509
808 807 557
810 22 809
812 185 811
814 25 519
816 815 557
818 23 817
820 819 215
822 20 821
824 21 813
826 825 823
828 19 827
830 829 577
832 8 831
834 9 709
836 835 833
838 7 837
840 839 737
842 5 841
844 843 801
846 2 845
848 3 805
850 849 847
852 10 851
854 11 683
856 855 853
858 16 183
860 17 857
862 861 859
864 6 593
866 7 575
868 867 865
870 6 631
872 7 615
874 873 871
876 4 875
878 5 869
880 879 877
882 8 659
884 9 575
886 885 883
888 7 887
890 889 865
892 5 891
894 893 877
896 2 895
898 3 881
900 899 897
902 6 731
904 7 705
906 905 903
908 6 789
910 7 763
912 911 909
914 4 913
916 5 907
918 917 915
920 8 827
922 9 705
924 923 921
926 7 925
928 927 903
930 5 929
932 931 915
934 2 933
936 3 919
938 937 935
940 10 939
942 11 901
944 943 941
946 17 945
948 947 859
950 14 949
952 15 863
954 953 951
956 12 955
958 13 555
960 959 957
962 29 188
964 26 962
966 381 965
968 23 967
970 20 968
972 963 373
974 29 186
976 26 974
978 27 973
980 979 977
982 23 981
984 20 982
986 6 984
988 7 970
990 989 987
992 28 440
994 963 993
996 26 995
998 453 997
1000 23 999
1002 20 1000
1004 441 41
1006 28 1005
1008 975 1007
1010 23 1009
1012 20 1010
1014 6 1012
1016 7 1002
1018 1017 1015
1020 4 1019
1022 5 991
1024 1023 1021
1026 29 285
1028 26 1026
1030 381 1029
1032 23 1031
1034 20 1032
1036 8 1034
1038 9 970
1040 1039 1037
1042 7 1041
1044 1043 987
1046 5 1045
1048 1047 1021
1050 2 1049
1052 3 1025
1054 1053 1051
1056 25 967
1058 23 1056
1060 20 1058
1062 19 1060
1064 25 981
1066 23 1064
1068 20 1066
1070 19 1068
1072 6 1070
1074 7 1062
1076 1075 1073
1078 25 999
1080 23 1078
1082 20 1080
1084 19 1082
1086 25 1009
1088 23 1086
1090 20 1088
1092 19 1090
1094 6 1092
1096 7 1084
1098 1097 1095
1100 4 1099
1102 5 1077
1104 1103 1101
1106 25 1031
1108 23 1106
1110 20 1108
1112 19 1110
1114 8 1112
1116 9 1062
1118 1117 1115
1120 7 1119
1122 1121 1073
1124 5 1123
1126 1125 1101
1128 2 1127
1130 3 1105
1132 1131 1129
1134 17 1133
1136 6 1068
1138 7 1060
1140 1139 1137
1142 6 1090
1144 7 1082
1146 1145 1143
1148 4 1147
1150 5 1141
1152 1151 1149
1154 8 1110
1156 9 1060
1158 1157 1155
1160 7 1159
1162 1161 1137
1164 5 1163
1166 1165 1149
1168 2 1167
1170 3 1153
1172 1171 1169
1174 17 1173
1176 14 1174
1178 15 1134
1180 1179 1177
1182 12 1181
1184 13 1055
1186 1185 1183
1188 325 173
1190 441 173
1192 28 1191
1194 29 1189
1196 1195 1193
1198 199 1193
1200 26 1199
1202 27 1197
1204 1203 1201
1206 22 1205
1208 27 44
1210 23 1208
1212 20 1210
1214 21 1206
1216 1215 1213
1218 181 1193
1220 27 1219
1222 1221 1201
1224 22 1223
1226 29 36
1228 27 1226
1230 23 1228
1232 20 1230
1234 21 1224
1236 1235 1233
1238 8 1237
1240 9 1217
1242 1241 1239
1244 6 1217
1246 7 1243
1248 1247 1245
1250 4 1217
1252 5 1249
1254 1253 1251
1256 2 1255
1258 3 1217
1260 1259 1257
1262 28 186
1264 1195 1263
1266 29 195
1268 1267 1193
1270 26 1269
1272 27 1265
1274 1273 1271
1276 22 1275
1278 23 44
1280 20 1278
1282 21 1276
1284 1283 1281
1286 29 1191
1288 1287 1263
1290 1027 1193
1292 26 1291
1294 27 1289
1296 1295 1293
1298 22 1297
1300 21 1298
1302 1301 1281
1304 6 1303
1306 7 1285
1308 1307 1305
1310 375 173
1312 29 1311
1314 1313 1263
1316 1267 1007
1318 26 1317
1320 27 1315
1322 1321 1319
1324 22 1323
1326 21 1324
1328 1327 1281
1330 29 172
1332 1331 993
1334 1027 993
1336 26 1335
1338 27 1333
1340 1339 1337
1342 22 1341
1344 21 1342
1346 1345 1281
1348 6 1347
1350 7 1329
1352 1351 1349
1354 4 1353
1356 5 1309
1358 1357 1355
1360 181 1263
1362 975 1193
1364 26 1363
1366 27 1361
1368 1367 1365
1370 22 1369
1372 26 44
1374 1229 1373
1376 23 1375
1378 20 1376
1380 21 1370
1382 1381 1379
1384 8 1383
1386 9 1285
1388 1387 1385
1390 7 1389
1392 1391 1305
1394 5 1393
1396 1395 1355
1398 2 1397
1400 3 1359
1402 1401 1399
1404 10 1403
1406 11 1261
1408 1407 1405
1410 25 1205
1412 22 1410
1414 25 1208
1416 23 1414
1418 20 1416
1420 21 1412
1422 1421 1419
1424 19 1423
1426 25 1223
1428 22 1426
1430 25 1228
1432 23 1430
1434 20 1432
1436 21 1428
1438 1437 1435
1440 19 1439
1442 8 1440
1444 9 1424
1446 1445 1443
1448 6 1424
1450 7 1447
1452 1451 1449
1454 4 1424
1456 5 1453
1458 1457 1455
1460 2 1459
1462 3 1424
1464 1463 1461
1466 25 1275
1468 22 1466
1470 25 44
1472 23 1470
1474 20 1472
1476 21 1468
1478 1477 1475
1480 19 1479
1482 25 1297
1484 22 1482
1486 21 1484
1488 1487 1475
1490 19 1489
1492 6 1490
1494 7 1480
1496 1495 1493
1498 25 1323
1500 22 1498
1502 21 1500
1504 1503 1475
1506 19 1505
1508 25 1341
1510 22 1508
1512 21 1510
1514 1513 1475
1516 19 1515
1518 6 1516
1520 7 1506
1522 1521 1519
1524 4 1523
1526 5 1497
1528 1527 1525
1530 25 1369
1532 22 1530
1534 25 1375
1536 23 1534
1538 20 1536
1540 21 1532
1542 1541 1539
1544 19 1543
1546 8 1544
1548 9 1480
1550 1549 1547
1552 7 1551
1554 1553 1493
1556 5 1555
1558 1557 1525
1560 2 1559
1562 3 1529
1564 1563 1561
1566 10 1565
1568 11 1465
1570 1569 1567
1572 17 1571
1574 8 1439
1576 9 1423
1578 1577 1575
1580 6 1423
1582 7 1579
1584 1583 1581
1586 4 1423
1588 5 1585
1590 1589 1587
1592 2 1591
1594 3 1423
1596 1595 1593
1598 6 1489
1600 7 1479
1602 1601 1599
1604 6 1515
1606 7 1505
1608 1607 1605
1610 4 1609
1612 5 1603
1614 1613 1611
1616 8 1543
1618 9 1479
1620 1619 1617
1622 7 1621
1624 1623 1599
1626 5 1625
1628 1627 1611
1630 2 1629
1632 3 1615
1634 1633 1631
1636 10 1635
1638 11 1597
1640 1639 1637
1642 17 1641
1644 14 1642
1646 15 1572
1648 1647 1645
1650 12 1649
1652 13 1409
1654 1653 1651
1656 289 447
1658 193 41
1660 28 1659
1662 1267 1661
1664 26 1663
1666 27 1657
1668 1667 1665
1670 22 1669
1672 185 1671
1674 28 192
1676 1027 1675
1678 27 1677
1680 1679 463
1682 23 1681
1684 1683 215
1686 20 1685
1688 21 1673
1690 1689 1687
1692 1679 1337
1694 22 1693
1696 185 1695
1698 23 1657
1700 1699 215
1702 20 1701
1704 21 1697
1706 1705 1703
1708 6 1707
1710 7 1691
1712 1711 1709
1714 975 1661
1716 26 1715
1718 27 449
1720 1719 1717
1722 22 1721
1724 185 1723
1726 963 1675
1728 407 267
1730 26 1729
1732 27 1727
1734 1733 1731
1736 23 1735
1738 1737 215
1740 20 1739
1742 21 1725
1744 1743 1741
1746 8 1745
1748 9 1691
1750 1749 1747
1752 7 1751
1754 1753 1709
1756 4 1713
1758 5 1755
1760 1759 1757
1762 2 1761
1764 3 1713
1766 1765 1763
1768 289 477
1770 199 1661
1772 26 1771
1774 27 1769
1776 1775 1773
1778 22 1777
1780 185 1779
1782 1679 271
1784 23 1783
1786 1785 215
1788 20 1787
1790 21 1781
1792 1791 1789
1794 261 1661
1796 199 993
1798 26 1797
1800 27 1795
1802 1801 1799
1804 22 1803
1806 185 1805
1808 235 447
1810 26 1809
1812 1667 1811
1814 23 1813
1816 1815 215
1818 20 1817
1820 21 1807
1822 1821 1819
1824 6 1823
1826 7 1793
1828 1827 1825
1830 227 477
1832 199 179
1834 26 1833
1836 27 1831
1838 1837 1835
1840 22 1839
1842 185 1841
1844 21 1843
1846 1845 1789
1848 27 1833
1850 1849 1201
1852 22 1851
1854 185 1853
1856 21 1855
1858 1857 1819
1860 6 1859
1862 7 1847
1864 1863 1861
1866 4 1865
1868 5 1829
1870 1869 1867
1872 335 267
1874 26 1873
1876 1679 1875
1878 23 1877
1880 1879 215
1882 20 1881
1884 1791 1883
1886 8 1885
1888 9 1793
1890 1889 1887
1892 7 1891
1894 1893 1825
1896 5 1895
1898 1897 1867
1900 2 1899
1902 3 1871
1904 1903 1901
1906 10 1905
1908 11 1767
1910 1909 1907
1912 25 1669
1914 1913 557
1916 22 1915
1918 185 1917
1920 25 1681
1922 1921 557
1924 23 1923
1926 1925 215
1928 20 1927
1930 21 1919
1932 1931 1929
1934 19 1933
1936 1935 577
1938 25 1693
1940 1939 557
1942 22 1941
1944 185 1943
1946 25 1657
1948 1947 557
1950 23 1949
1952 1951 215
1954 20 1953
1956 21 1945
1958 1957 1955
1960 19 1959
1962 1961 577
1964 6 1963
1966 7 1937
1968 1967 1965
1970 25 1721
1972 1971 557
1974 22 1973
1976 185 1975
1978 25 1735
1980 1979 557
1982 23 1981
1984 1983 215
1986 20 1985
1988 21 1977
1990 1989 1987
1992 19 1991
1994 1993 577
1996 8 1995
1998 9 1937
2000 1999 1997
2002 7 2001
2004 2003 1965
2006 4 1969
2008 5 2005
2010 2009 2007
2012 2 2011
2014 3 1969
2016 2015 2013
2018 25 1777
2020 2019 557
2022 22 2021
2024 185 2023
2026 25 1783
2028 2027 557
2030 23 2029
2032 2031 215
2034 20 2033
2036 21 2025
2038 2037 2035
2040 19 2039
2042 2041 577
2044 25 1803
2046 2045 557
2048 22 2047
2050 185 2049
2052 25 1813
2054 2053 557
2056 23 2055
2058 2057 215
2060 20 2059
2062 21 2051
2064 2063 2061
2066 19 2065
2068 2067 577
2070 6 2069
2072 7 2043
2074 2073 2071
2076 25 1839
2078 2077 557
2080 22 2079
2082 185 2081
2084 21 2083
2086 2085 2035
2088 19 2087
2090 2089 577
2092 25 1851
2094 2093 557
2096 22 2095
2098 185 2097
2100 21 2099
2102 2101 2061
2104 19 2103
2106 2105 577
2108 6 2107
2110 7 2091
2112 2111 2109
2114 4 2113
2116 5 2075
2118 2117 2115
2120 25 1877
2122 2121 557
2124 23 2123
2126 2125 215
2128 20 2127
2130 2037 2129
2132 19 2131
2134 2133 577
2136 8 2135
2138 9 2043
2140 2139 2137
2142 7 2141
2144 2143 2071
2146 5 2145
2148 2147 2115
2150 2 2149
2152 3 2119
2154 2153 2151
2156 10 2155
2158 11 2017
2160 2159 2157
2162 17 2161
2164 2163 859
2166 6 1959
2168 7 1933
2170 2169 2167
2172 8 1991
2174 9 1933
2176 2175 2173
2178 7 2177
2180 2179 2167
2182 4 2171
2184 5 2181
2186 2185 2183
2188 2 2187
2190 3 2171
2192 2191 2189
2194 6 2065
2196 7 2039
2198 2197 2195
2200 6 2103
2202 7 2087
2204 2203 2201
2206 4 2205
2208 5 2199
2210 2209 2207
2212 8 2131
2214 9 2039
2216 2215 2213
2218 7 2217
2220 2219 2195
2222 5 2221
2224 2223 2207
2226 2 2225
2228 3 2211
2230 2229 2227
2232 10 2231
2234 11 2193
2236 2235 2233
2238 17 2237
2240 2239 859
2242 14 2241
2244 15 2165
2246 2245 2243
2248 12 2247
2250 13 1911
2252 2251 2249
2254 377 1661
2256 26 2255
2258 27 178
2260 2259 2257
2262 22 2261
2264 45 267
2266 26 2265
2268 27 196
2270 2269 2267
2272 23 2271
2274 20 2272
2276 21 2262
2278 2277 2275
2280 407 993
2282 26 2281
2284 27 2255
2286 2285 2283
2288 22 2287
2290 45 447
2292 26 2291
2294 27 446
2296 2295 2293
2298 23 2297
2300 20 2298
2302 21 2288
2304 2303 2301
2306 6 2305
2308 7 2279
2310 2309 2307
2312 23 1372
2314 20 2312
2316 21 456
2318 2317 2315
2320 27 479
2322 2321 1731
2324 22 2323
2326 23 61
2328 20 2326
2330 21 2324
2332 2331 2329
2334 6 2333
2336 7 2319
2338 2337 2335
2340 4 2339
2342 5 2311
2344 2343 2341
2346 29 38
2348 2347 179
2350 289 1661
2352 26 2351
2354 27 2349
2356 2355 2353
2358 22 2357
2360 2347 197
2362 27 2361
2364 2363 2267
2366 23 2365
2368 20 2366
2370 21 2358
2372 2371 2369
2374 8 2373
2376 9 2279
2378 2377 2375
2380 7 2379
2382 2381 2307
2384 5 2383
2386 2385 2341
2388 2 2387
2390 3 2345
2392 2391 2389
2394 26 1660
2396 2269 2395
2398 22 2397
2400 26 266
2402 2269 2401
2404 23 2403
2406 20 2404
2408 21 2398
2410 2409 2407
2412 26 992
2414 27 1674
2416 2415 2413
2418 22 2417
2420 23 446
2422 20 2420
2424 21 2418
2426 2425 2423
2428 6 2427
2430 7 2411
2432 2431 2429
2434 26 42
2436 22 2434
2438 23 42
2440 20 2438
2442 21 2436
2444 2443 2441
2446 6 2445
2448 4 2446
2450 5 2433
2452 2451 2449
2454 2363 2395
2456 22 2455
2458 2363 2401
2460 23 2459
2462 20 2460
2464 21 2456
2466 2465 2463
2468 8 2467
2470 9 2411
2472 2471 2469
2474 7 2473
2476 2475 2429
2478 5 2477
2480 2479 2449
2482 2 2481
2484 3 2453
2486 2485 2483
2488 10 2487
2490 11 2393
2492 2491 2489
2494 25 2261
2496 22 2494
2498 25 2271
2500 23 2498
2502 20 2500
2504 21 2496
2506 2505 2503
2508 19 2507
2510 25 2287
2512 22 2510
2514 25 2297
2516 23 2514
2518 20 2516
2520 21 2512
2522 2521 2519
2524 19 2523
2526 6 2524
2528 7 2508
2530 2529 2527
2532 22 742
2534 25 1372
2536 23 2534
2538 20 2536
2540 21 2532
2542 2541 2539
2544 19 2543
2546 25 2323
2548 22 2546
2550 23 98
2552 20 2550
2554 21 2548
2556 2555 2553
2558 19 2557
2560 6 2558
2562 7 2544
2564 2563 2561
2566 4 2565
2568 5 2531
2570 2569 2567
2572 25 2357
2574 22 2572
2576 25 2365
2578 23 2576
2580 20 2578
2582 21 2574
2584 2583 2581
2586 19 2585
2588 8 2586
2590 9 2508
2592 2591 2589
2594 7 2593
2596 2595 2527
2598 5 2597
2600 2599 2567
2602 2 2601
2604 3 2571
2606 2605 2603
2608 25 2397
2610 22 2608
2612 25 2403
2614 23 2612
2616 20 2614
2618 21 2610
2620 2619 2617
2622 19 2621
2624 25 2417
2626 22 2624
2628 25 446
2630 23 2628
2632 20 2630
2634 21 2626
2636 2635 2633
2638 19 2637
2640 6 2638
2642 7 2622
2644 2643 2641
2646 25 2434
2648 22 2646
2650 25 42
2652 23 2650
2654 20 2652
2656 21 2648
2658 2657 2655
2660 19 2659
2662 6 2660
2664 4 2662
2666 5 2645
2668 2667 2665
2670 25 2455
2672 22 2670
2674 25 2459
2676 23 2674
2678 20 2676
2680 21 2672
2682 2681 2679
2684 19 2683
2686 8 2684
2688 9 2622
2690 2689 2687
2692 7 2691
2694 2693 2641
2696 5 2695
2698 2697 2665
2700 2 2699
2702 3 2669
2704 2703 2701
2706 10 2705
2708 11 2607
2710 2709 2707
2712 17 2711
2714 6 2523
2716 7 2507
2718 2717 2715
2720 6 2557
2722 7 2543
2724 2723 2721
2726 4 2725
2728 5 2719
2730 2729 2727
2732 8 2585
2734 9 2507
2736 2735 2733
2738 7 2737
2740 2739 2715
2742 5 2741
2744 2743 2727
2746 2 2745
2748 3 2731
2750 2749 2747
2752 6 2637
2754 7 2621
2756 2755 2753
2758 6 2659
2760 4 2758
2762 5 2757
2764 2763 2761
2766 8 2683
2768 9 2621
2770 2769 2767
2772 7 2771
2774 2773 2753
2776 5 2775
2778 2777 2761
2780 2 2779
2782 3 2765
2784 2783 2781
2786 10 2785
2788 11 2751
2790 2789 2787
2792 17 2791
2794 14 2792
2796 15 2712
2798 2797 2795
2800 12 2799
2802 13 2493
2804 2803 2801
2806 28 36
2808 1313 2807
2810 26 2809
2812 27 172
2814 2813 2811
2816 22 2815
2818 375 41
2820 29 2819
2822 2821 1661
2824 27 2823
2826 2825 2811
2828 23 2827
2830 20 2828
2832 21 2816
2834 2833 2831
2836 1313 373
2838 26 1194
2840 27 2837
2842 2841 2839
2844 22 2843
2846 23 2843
2848 20 2846
2850 21 2844
2852 2851 2849
2854 6 2853
2856 7 2835
2858 2857 2855
2860 1287 1661
2862 26 1315
2864 27 2861
2866 2865 2863
2868 22 2867
2870 335 477
2872 27 2871
2874 2873 2863
2876 23 2875
2878 20 2876
2880 21 2868
2882 2881 2879
2884 1195 179
2886 22 2885
2888 23 2885
2890 20 2888
2892 21 2886
2894 2893 2891
2896 6 2895
2898 7 2883
2900 2899 2897
2902 4 2901
2904 5 2859
2906 2905 2903
2908 231 173
2910 29 2909
2912 2911 2807
2914 26 2913
2916 2813 2915
2918 22 2917
2920 2825 2915
2922 23 2921
2924 20 2922
2926 21 2918
2928 2927 2925
2930 8 2929
2932 9 2835
2934 2933 2931
2936 7 2935
2938 2937 2855
2940 5 2939
2942 2941 2903
2944 2 2943
2946 3 2907
2948 2947 2945
2950 45 179
2952 26 2823
2954 27 2951
2956 2955 2953
2958 22 2957
2960 1331 267
2962 26 2961
2964 2955 2963
2966 23 2965
2968 20 2966
2970 21 2958
2972 2971 2969
2974 335 993
2976 26 2975
2978 2825 2977
2980 22 2979
2982 1287 447
2984 26 2983
2986 2813 2985
2988 23 2987
2990 20 2988
2992 21 2980
2994 2993 2991
2996 6 2995
2998 7 2973
3000 2999 2997
3002 29 1005
3004 3003 373
3006 2821 447
3008 26 3007
3010 27 3005
3012 3011 3009
3014 22 3013
3016 26 1333
3018 3011 3017
3020 23 3019
3022 20 3020
3024 21 3014
3026 3025 3023
3028 2873 1875
3030 22 3029
3032 23 2861
3034 20 3032
3036 21 3030
3038 3037 3035
3040 6 3039
3042 7 3027
3044 3043 3041
3046 4 3045
3048 5 3001
3050 3049 3047
3052 235 1661
3054 26 3053
3056 2955 3055
3058 22 3057
3060 26 265
3062 2955 3061
3064 23 3063
3066 20 3064
3068 21 3058
3070 3069 3067
3072 8 3071
3074 9 2973
3076 3075 3073
3078 7 3077
3080 3079 2997
3082 5 3081
3084 3083 3047
3086 2 3085
3088 3 3051
3090 3089 3087
3092 10 3091
3094 11 2949
3096 3095 3093
3098 25 2815
3100 22 3098
3102 25 2827
3104 23 3102
3106 20 3104
3108 21 3100
3110 3109 3107
3112 19 3111
3114 25 2843
3116 22 3114
3118 23 3114
3120 20 3118
3122 21 3116
3124 3123 3121
3126 19 3125
3128 6 3126
3130 7 3112
3132 3131 3129
3134 25 2867
3136 22 3134
3138 25 2875
3140 23 3138
3142 20 3140
3144 21 3136
3146 3145 3143
3148 19 3147
3150 25 2885
3152 22 3150
3154 23 3150
3156 20 3154
3158 21 3152
3160 3159 3157
3162 19 3161
3164 6 3162
3166 7 3148
3168 3167 3165
3170 4 3169
3172 5 3133
3174 3173 3171
3176 25 2917
3178 22 3176
3180 25 2921
3182 23 3180
3184 20 3182
3186 21 3178
3188 3187 3185
3190 19 3189
3192 8 3190
3194 9 3112
3196 3195 3193
3198 7 3197
3200 3199 3129
3202 5 3201
3204 3203 3171
3206 2 3205
3208 3 3175
3210 3209 3207
3212 25 2957
3214 22 3212
3216 25 2965
3218 23 3216
3220 20 3218
3222 21 3214
3224 3223 3221
3226 19 3225
3228 25 2979
3230 22 3228
3232 25 2987
3234 23 3232
3236 20 3234
3238 21 3230
3240 3239 3237
3242 19 3241
3244 6 3242
3246 7 3226
3248 3247 3245
3250 25 3013
3252 22 3250
3254 25 3019
3256 23 3254
3258 20 3256
3260 21 3252
3262 3261 3259
3264 19 3263
3266 25 3029
3268 22 3266
3270 25 2861
3272 23 3270
3274 20 3272
3276 21 3268
3278 3277 3275
3280 19 3279
3282 6 3280
3284 7 3264
3286 3285 3283
3288 4 3287
3290 5 3249
3292 3291 3289
3294 25 3057
3296 22 3294
3298 25 3063
3300 23 3298
3302 20 3300
3304 21 3296
3306 3305 3303
3308 19 3307
3310 8 3308
3312 9 3226
3314 3313 3311
3316 7 3315
3318 3317 3245
3320 5 3319
3322 3321 3289
3324 2 3323
3326 3 3293
3328 3327 3325
3330 10 3329
3332 11 3211
3334 3333 3331
3336 17 3335
3338 6 3125
3340 7 3111
3342 3341 3339
3344 6 3161
3346 7 3147
3348 3347 3345
3350 4 3349
3352 5 3343
3354 3353 3351
3356 8 3189
3358 9 3111
3360 3359 3357
3362 7 3361
3364 3363 3339
3366 5 3365
3368 3367 3351
3370 2 3369
3372 3 3355
3374 3373 3371
3376 6 3241
3378 7 3225
3380 3379 3377
3382 6 3279
3384 7 3263
3386 3385 3383
3388 4 3387
3390 5 3381
3392 3391 3389
3394 8 3307
3396 9 3225
3398 3397 3395
3400 7 3399
3402 3401 3377
3404 5 3403
3406 3405 3389
3408 2 3407
3410 3 3393
3412 3411 3409
3414 10 3413
3416 11 3375
3418 3417 3415
3420 17 3419
3422 14 3420
3424 15 3336
3426 3425 3423
3428 12 3427
3430 13 3097
3432 3431 3429
3434 329 1675
3436 26 186
3438 27 3435
3440 3439 3437
3442 22 3441
3444 329 447
3446 407 1263
3448 26 3447
3450 27 3445
3452 3451 3449
3454 23 3453
3456 20 3454
3458 21 3442
3460 3459 3457
3462 975 197
3464 963 179
3466 26 3465
3468 27 3463
3470 3469 3467
3472 22 3471
3474 407 197
3476 377 179
3478 26 3477
3480 27 3475
3482 3481 3479
3484 23 3483
3486 20 3484
3488 21 3472
3490 3489 3487
3492 6 3491
3494 7 3461
3496 3495 3493
3498 375 189
3500 29 3499
3502 3501 197
3504 27 3503
3506 3505 1717
3508 22 3507
3510 3505 1731
3512 23 3511
3514 20 3512
3516 21 3508
3518 3517 3515
3520 1733 997
3522 22 3521
3524 23 449
3526 20 3524
3528 21 3522
3530 3529 3527
3532 6 3531
3534 7 3519
3536 3535 3533
3538 4 3537
3540 5 3497
3542 3541 3539
3544 407 1675
3546 443 1263
3548 26 3547
3550 27 3545
3552 3551 3549
3554 22 3553
3556 975 447
3558 27 3557
3560 3559 3549
3562 23 3561
3564 20 3562
3566 21 3554
3568 3567 3565
3570 443 197
3572 26 178
3574 27 3571
3576 3575 3573
3578 22 3577
3580 23 3577
3582 20 3580
3584 21 3578
3586 3585 3583
3588 6 3587
3590 7 3569
3592 3591 3589
3594 443 2807
3596 26 3595
3598 1719 3597
3600 22 3599
3602 1733 3597
3604 23 3603
3606 20 3604
3608 21 3600
3610 3609 3607
3612 7 3611
3614 4 3612
3616 5 3593
3618 3617 3615
3620 10 3619
3622 11 3543
3624 3623 3621
3626 25 3441
3628 22 3626
3630 25 3453
3632 23 3630
3634 20 3632
3636 21 3628
3638 3637 3635
3640 19 3639
3642 25 3471
3644 22 3642
3646 25 3483
3648 23 3646
3650 20 3648
3652 21 3644
3654 3653 3651
3656 19 3655
3658 6 3656
3660 7 3640
3662 3661 3659
3664 25 3507
3666 22 3664
3668 25 3511
3670 23 3668
3672 20 3670
3674 21 3666
3676 3675 3673
3678 19 3677
3680 25 3521
3682 22 3680
3684 25 449
3686 23 3684
3688 20 3686
3690 21 3682
3692 3691 3689
3694 19 3693
3696 6 3694
3698 7 3678
3700 3699 3697
3702 4 3701
3704 5 3663
3706 3705 3703
3708 25 3553
3710 22 3708
3712 25 3561
3714 23 3712
3716 20 3714
3718 21 3710
3720 3719 3717
3722 19 3721
3724 25 3577
3726 22 3724
3728 23 3724
3730 20 3728
3732 21 3726
3734 3733 3731
3736 19 3735
3738 6 3736
3740 7 3722
3742 3741 3739
3744 25 3599
3746 22 3744
3748 25 3603
3750 23 3748
3752 20 3750
3754 21 3746
3756 3755 3753
3758 19 3757
3760 7 3758
3762 4 3760
3764 5 3743
3766 3765 3763
3768 10 3767
3770 11 3707
3772 3771 3769
3774 17 3773
3776 6 3655
3778 7 3639
3780 3779 3777
3782 6 3693
3784 7 3677
3786 3785 3783
3788 4 3787
3790 5 3781
3792 3791 3789
3794 6 3735
3796 7 3721
3798 3797 3795
3800 7 3757
3802 4 3800
3804 5 3799
3806 3805 3803
3808 10 3807
3810 11 3793
3812 3811 3809
3814 17 3813
3816 14 3814
3818 15 3774
3820 3819 3817
3822 12 3821
3824 13 3625
3826 3825 3823
3828 20 214
3830 223 3829
3832 22 962
3834 185 3833
3836 23 376
3838 3837 215
3840 20 3839
3842 21 3835
3844 3843 3841
3846 185 3523
3848 3525 215
3850 20 3849
3852 21 3847
3854 3853 3851
3856 4 3855
3858 5 3845
3860 3859 3857
3862 10 3861
3864 11 3831
3866 3865 3863
3868 23 556
3870 3869 215
3872 20 3871
3874 573 3873
3876 19 3875
3878 3877 577
3880 25 962
3882 3881 557
3884 22 3883
3886 185 3885
3888 25 376
3890 3889 557
3892 23 3891
3894 3893 215
3896 20 3895
3898 21 3887
3900 3899 3897
3902 19 3901
3904 3903 577
3906 3681 557
3908 22 3907
3910 185 3909
3912 3685 557
3914 23 3913
3916 3915 215
3918 20 3917
3920 21 3911
3922 3921 3919
3924 19 3923
3926 3925 577
3928 4 3927
3930 5 3905
3932 3931 3929
3934 10 3933
3936 11 3879
3938 3937 3935
3940 17 3939
3942 3941 859
3944 4 3923
3946 5 3901
3948 3947 3945
3950 10 3949
3952 11 3875
3954 3953 3951
3956 17 3955
3958 3957 859
3960 14 3959
3962 15 3943
3964 3963 3961
3966 12 3965
3968 13 3867
3970 3969 3967
i0 p0b02time29am6323
i1 p0b02time29saturday
i2 p0b02time29sunday
i3 p0b0bed29occupied
i4 p0p0bright0outside29brightness
i5 p0b02room29empty
i6 p0b02room29somebody2leaves
i7 p0b02room29switch29toggled
i8 p0b02room29somebody2enters
i9 p0b02roomlight29off
i10 p0b02roomlight29on
i11 p0b02room29bed29occupied
o0 u02roomlight29light0f1d2roomlight29turn2on1b
o1 u02roomlight29light0f1d2roomlight29toggle1b
o2 u02roomlight29light0f1d2roomlight29turn2off1b
o3 u02roomlight29light02roomlight29light
