REALIZABLE
aag 60 2 3 17 55
2
4
6 95
8 107
10 121
17
20
37
44
1
50
54
60
64
68
16
0
0
73
0
72
0
12 8 10
14 6 12
16 4 14
18 7 12
20 4 18
22 9 11
24 7 22
26 25 15
28 4 26
30 5 25
32 2 30
34 3 29
36 35 33
38 4 27
40 5 24
42 41 39
44 2 43
46 8 11
48 7 46
50 4 48
52 6 46
54 4 52
56 9 10
58 7 56
60 4 58
62 6 56
64 4 62
66 6 22
68 4 66
70 6 10
72 19 71
74 7 23
76 4 74
78 5 6
80 79 77
82 6 13
84 4 83
86 5 75
88 87 85
90 2 89
92 3 81
94 93 91
96 6 9
98 7 8
100 99 97
102 4 101
104 5 8
106 105 103
108 57 47
110 6 109
112 7 10
114 113 111
116 4 115
118 5 10
120 119 117
i0 p0p0on0start2init
i1 p0p0spi2finished0spi2response
o0 u0finished0f1dbot1b
o1 u0spi2control0f1dwrite2cmd0f1dreg71b1b
o2 u0spi2control0f1dwrite2cmd2none1b
o3 u0spi2control0f1dwrite2cmd0f1dreg241b1b
o4 u0reg2manager2cmd0f1dno2command1b
o5 u0spi2control0f1dwrite2cmd0f1dreg31b1b
o6 u0spi2control0f1dwrite2cmd0f1dreg41b1b
o7 u0spi2control0f1dwrite2cmd0f1dreg51b1b
o8 u0spi2control0f1dwrite2cmd0f1dreg61b1b
o9 u0spi2control0f1dwrite2cmd0f1dreg251b1b
o10 u0finished0f1dtop1b
o11 u0finished0finished
o12 u0reg2manager2cmd0reg2manager2cmd
o13 u0sensor2type0f1dmag1b
o14 u0sensor2type0sensor2type
o15 u0sensor2type0f1dacc2gyr1b
o16 u0spi2control0spi2control
