REALIZABLE
aag 4842 12 6 4 4824
2
4
6
8
10
12
14
16
18
20
22
24
26 3897
28 5669
30 6747
32 8021
34 8951
36 9685
133
1629
2117
2815
38 35 37
40 33 38
42 34 37
44 32 42
46 30 44
48 31 40
50 49 47
52 28 51
54 28 48
56 29 40
58 57 55
60 26 59
62 27 52
64 63 61
66 20 65
68 19 66
70 30 40
72 41 45
74 30 73
76 49 75
78 28 77
80 29 70
82 81 79
84 27 83
86 85 61
88 20 87
90 19 88
92 16 90
94 17 68
96 95 93
98 29 48
100 26 98
102 85 101
104 25 103
106 23 104
108 20 106
110 19 108
112 17 110
114 25 87
116 23 114
118 20 116
120 19 118
122 14 120
124 15 112
126 125 123
128 12 127
130 13 97
132 131 129
134 34 36
136 32 37
138 33 135
140 139 137
142 30 37
144 31 141
146 145 143
148 28 37
150 29 147
152 151 149
154 26 153
156 27 147
158 157 155
160 31 44
162 161 75
164 33 37
166 30 164
168 161 167
170 28 169
172 29 163
174 173 171
176 33 42
178 30 176
180 161 179
182 26 181
184 27 175
186 185 183
188 20 187
190 21 159
192 191 189
194 35 36
196 33 194
198 197 45
200 31 199
202 201 143
204 28 147
206 29 203
208 207 205
210 32 38
212 165 211
214 30 213
216 145 215
218 177 137
220 30 219
222 31 37
224 223 221
226 28 225
228 29 217
230 229 227
232 26 231
234 27 209
236 235 233
238 20 159
240 21 237
242 241 239
244 18 243
246 19 193
248 247 245
250 31 196
252 251 143
254 29 253
256 255 205
258 27 257
260 259 233
262 21 261
264 263 239
266 18 265
268 19 190
270 269 267
272 16 271
274 17 249
276 275 273
278 165 45
280 30 279
282 201 281
284 29 283
286 285 149
288 139 45
290 31 289
292 291 215
294 223 179
296 28 295
298 29 293
300 299 297
302 26 301
304 27 287
306 305 303
308 21 307
310 309 239
312 18 311
314 247 313
316 251 281
318 29 317
320 319 149
322 28 222
324 299 323
326 26 325
328 27 321
330 329 327
332 21 331
334 333 239
336 18 335
338 269 337
340 16 339
342 17 315
344 343 341
346 6 345
348 7 277
350 349 347
352 145 281
354 28 353
356 207 355
358 31 279
360 359 215
362 177 211
364 30 363
366 359 365
368 28 367
370 29 361
372 371 369
374 26 373
376 27 357
378 377 375
380 21 379
382 381 239
384 18 383
386 247 385
388 145 75
390 28 389
392 255 391
394 27 393
396 395 375
398 21 397
400 399 239
402 18 401
404 269 403
406 16 405
408 17 387
410 409 407
412 161 281
414 28 279
416 29 413
418 417 415
420 359 167
422 359 179
424 28 423
426 29 421
428 427 425
430 26 429
432 27 419
434 433 431
436 21 435
438 437 239
440 18 439
442 247 441
444 359 75
446 28 445
448 29 280
450 449 447
452 359 71
454 28 358
456 29 453
458 457 455
460 26 459
462 27 451
464 463 461
466 21 465
468 467 239
470 18 469
472 269 471
474 16 473
476 17 443
478 477 475
480 6 479
482 7 411
484 483 481
486 4 485
488 5 351
490 489 487
492 30 210
494 31 176
496 495 493
498 28 497
500 29 176
502 501 499
504 30 38
506 495 505
508 31 164
510 509 493
512 28 511
514 29 507
516 515 513
518 26 517
520 27 503
522 521 519
524 24 159
526 25 523
528 527 525
530 22 159
532 23 529
534 533 531
536 20 535
538 191 537
540 195 43
542 33 541
544 31 542
546 545 143
548 29 547
550 549 205
552 27 551
554 553 233
556 25 555
558 557 525
560 23 559
562 561 531
564 21 563
566 565 239
568 18 567
570 19 539
572 571 569
574 16 159
576 17 573
578 577 575
580 545 281
582 29 581
584 583 149
586 223 493
588 28 587
590 299 589
592 26 591
594 27 585
596 595 593
598 25 597
600 599 525
602 23 601
604 603 531
606 21 605
608 607 239
610 18 609
612 571 611
614 17 613
616 615 575
618 6 617
620 7 579
622 621 619
624 41 137
626 30 625
628 145 627
630 28 629
632 549 631
634 27 633
636 635 375
638 25 637
640 639 525
642 23 641
644 643 531
646 21 645
648 647 239
650 18 649
652 571 651
654 17 653
656 655 575
658 495 281
660 359 627
662 28 661
664 29 659
666 665 663
668 359 505
670 359 493
672 28 671
674 29 669
676 675 673
678 26 677
680 27 667
682 681 679
684 25 683
686 685 525
688 23 687
690 689 531
692 21 691
694 693 239
696 18 695
698 571 697
700 17 699
702 701 575
704 6 703
706 7 657
708 707 705
710 4 709
712 5 623
714 713 711
716 23 524
718 717 531
720 20 719
722 191 721
724 251 505
726 29 725
728 727 205
730 223 365
732 28 731
734 299 733
736 26 735
738 27 729
740 739 737
742 25 741
744 743 525
746 23 745
748 747 531
750 21 749
752 751 239
754 18 753
756 19 723
758 757 755
760 251 71
762 29 761
764 763 149
766 31 38
768 28 766
770 299 769
772 26 771
774 27 765
776 775 773
778 25 777
780 779 525
782 23 781
784 783 531
786 21 785
788 787 239
790 18 789
792 757 791
794 6 793
796 7 759
798 797 795
800 33 35
802 801 211
804 31 803
806 805 75
808 28 807
810 727 809
812 27 811
814 813 375
816 25 815
818 817 525
820 23 819
822 821 531
824 21 823
826 825 239
828 18 827
830 757 829
832 115 525
834 23 833
836 835 531
838 21 837
840 839 239
842 18 841
844 757 843
846 6 845
848 7 831
850 849 847
852 4 851
854 5 799
856 855 853
858 14 857
860 15 715
862 861 859
864 12 863
866 13 491
868 867 865
870 31 136
872 871 281
874 29 873
876 875 171
878 871 179
880 28 181
882 29 879
884 883 881
886 26 885
888 27 877
890 889 887
892 20 891
894 191 893
896 28 217
898 207 897
900 27 899
902 901 737
904 21 903
906 905 239
908 18 907
910 19 895
912 911 909
914 30 42
916 31 210
918 917 915
920 29 919
922 29 916
924 26 922
926 27 920
928 927 925
930 20 929
932 191 931
934 255 897
936 27 935
938 937 737
940 21 939
942 941 239
944 18 943
946 19 933
948 947 945
950 16 949
952 17 913
954 953 951
956 201 167
958 28 957
960 875 959
962 31 42
964 963 179
966 28 965
968 883 967
970 26 969
972 27 961
974 973 971
976 20 975
978 191 977
980 223 215
982 28 981
984 285 983
986 27 985
988 987 303
990 21 989
992 991 239
994 18 993
996 19 979
998 997 995
1000 28 250
1002 921 1001
1004 28 962
1006 923 1005
1008 26 1007
1010 27 1003
1012 1011 1009
1014 20 1013
1016 191 1015
1018 319 983
1020 27 1019
1022 1021 327
1024 21 1023
1026 1025 239
1028 18 1027
1030 19 1017
1032 1031 1029
1034 16 1033
1036 17 999
1038 1037 1035
1040 6 1039
1042 7 955
1044 1043 1041
1046 963 167
1048 28 1047
1050 875 1049
1052 197 137
1054 31 1053
1056 1055 179
1058 29 1057
1060 1059 881
1062 26 1061
1064 27 1051
1066 1065 1063
1068 20 1067
1070 191 1069
1072 145 167
1074 28 1073
1076 207 1075
1078 27 1077
1080 1079 375
1082 21 1081
1084 1083 239
1086 18 1085
1088 19 1071
1090 1089 1087
1092 921 1005
1094 197 211
1096 31 1095
1098 29 1096
1100 26 1098
1102 27 1093
1104 1103 1101
1106 20 1105
1108 191 1107
1110 145 71
1112 28 1111
1114 255 1113
1116 27 1115
1118 1117 375
1120 21 1119
1122 1121 239
1124 18 1123
1126 19 1109
1128 1127 1125
1130 16 1129
1132 17 1091
1134 1133 1131
1136 1055 281
1138 543 45
1140 31 1139
1142 1141 167
1144 28 1143
1146 29 1137
1148 1147 1145
1150 543 137
1152 31 1151
1154 1153 179
1156 29 1155
1158 1157 967
1160 26 1159
1162 27 1149
1164 1163 1161
1166 20 1165
1168 191 1167
1170 28 421
1172 417 1171
1174 27 1173
1176 1175 431
1178 21 1177
1180 1179 239
1182 18 1181
1184 19 1169
1186 1185 1183
1188 1097 915
1190 28 1140
1192 29 1189
1194 1193 1191
1196 29 1152
1198 1197 1005
1200 26 1199
1202 27 1195
1204 1203 1201
1206 20 1205
1208 191 1207
1210 28 453
1212 449 1211
1214 27 1213
1216 1215 461
1218 21 1217
1220 1219 239
1222 18 1221
1224 19 1209
1226 1225 1223
1228 16 1227
1230 17 1187
1232 1231 1229
1234 6 1233
1236 7 1135
1238 1237 1235
1240 4 1239
1242 5 1045
1244 1243 1241
1246 883 171
1248 26 1247
1250 889 1249
1252 20 1251
1254 191 1253
1256 19 1255
1258 1257 909
1260 28 70
1262 923 1261
1264 26 1263
1266 927 1265
1268 20 1267
1270 191 1269
1272 19 1271
1274 1273 945
1276 16 1275
1278 17 1259
1280 1279 1277
1282 8 1281
1284 9 955
1286 1285 1283
1288 7 1287
1290 1289 1041
1292 5 1291
1294 1293 1241
1296 2 1295
1298 3 1245
1300 1299 1297
1302 31 363
1304 1303 915
1306 29 1305
1308 1307 499
1310 1303 505
1312 29 1311
1314 1313 513
1316 26 1315
1318 27 1309
1320 1319 1317
1322 25 1321
1324 1323 525
1326 23 1325
1328 1327 531
1330 20 1329
1332 191 1331
1334 549 897
1336 27 1335
1338 1337 737
1340 25 1339
1342 1341 525
1344 23 1343
1346 1345 531
1348 21 1347
1350 1349 239
1352 18 1351
1354 19 1333
1356 1355 1353
1358 17 1357
1360 1359 575
1362 545 493
1364 28 1363
1366 1307 1365
1368 1313 673
1370 26 1369
1372 27 1367
1374 1373 1371
1376 25 1375
1378 1377 525
1380 23 1379
1382 1381 531
1384 20 1383
1386 191 1385
1388 583 983
1390 27 1389
1392 1391 593
1394 25 1393
1396 1395 525
1398 23 1397
1400 1399 531
1402 21 1401
1404 1403 239
1406 18 1405
1408 19 1387
1410 1409 1407
1412 17 1411
1414 1413 575
1416 6 1415
1418 7 1361
1420 1419 1417
1422 963 493
1424 28 1423
1426 1307 1425
1428 543 211
1430 31 1429
1432 1431 505
1434 29 1433
1436 1435 513
1438 26 1437
1440 27 1427
1442 1441 1439
1444 25 1443
1446 1445 525
1448 23 1447
1450 1449 531
1452 20 1451
1454 191 1453
1456 145 505
1458 28 1457
1460 549 1459
1462 27 1461
1464 1463 375
1466 25 1465
1468 1467 525
1470 23 1469
1472 1471 531
1474 21 1473
1476 1475 239
1478 18 1477
1480 19 1455
1482 1481 1479
1484 17 1483
1486 1485 575
1488 1431 915
1490 1141 493
1492 28 1491
1494 29 1489
1496 1495 1493
1498 1153 505
1500 29 1499
1502 1501 673
1504 26 1503
1506 27 1497
1508 1507 1505
1510 25 1509
1512 1511 525
1514 23 1513
1516 1515 531
1518 20 1517
1520 191 1519
1522 28 669
1524 665 1523
1526 27 1525
1528 1527 679
1530 25 1529
1532 1531 525
1534 23 1533
1536 1535 531
1538 21 1537
1540 1539 239
1542 18 1541
1544 19 1521
1546 1545 1543
1548 17 1547
1550 1549 575
1552 6 1551
1554 7 1487
1556 1555 1553
1558 4 1557
1560 5 1421
1562 1561 1559
1564 509 505
1566 28 1565
1568 1313 1567
1570 26 1569
1572 1319 1571
1574 25 1573
1576 1575 525
1578 23 1577
1580 1579 531
1582 20 1581
1584 191 1583
1586 19 1585
1588 1587 1353
1590 17 1589
1592 1591 575
1594 8 1593
1596 9 1361
1598 1597 1595
1600 7 1599
1602 1601 1417
1604 5 1603
1606 1605 1559
1608 2 1607
1610 3 1563
1612 1611 1609
1614 15 1613
1616 1615 859
1618 12 1617
1620 13 1301
1622 1621 1619
1624 10 1623
1626 11 869
1628 1627 1625
1630 29 1302
1632 26 1260
1634 27 1630
1636 1635 1633
1638 21 1637
1640 18 1638
1642 31 219
1644 29 1642
1646 27 1644
1648 1647 1633
1650 21 1649
1652 18 1650
1654 16 1652
1656 17 1640
1658 1657 1655
1660 1303 493
1662 29 1661
1664 1663 1001
1666 28 504
1668 923 1667
1670 26 1669
1672 27 1665
1674 1673 1671
1676 21 1675
1678 18 1676
1680 1643 493
1682 29 1681
1684 1683 1001
1686 28 214
1688 923 1687
1690 26 1689
1692 27 1685
1694 1693 1691
1696 21 1695
1698 18 1696
1700 16 1698
1702 17 1678
1704 1703 1701
1706 6 1705
1708 7 1659
1710 1709 1707
1712 28 492
1714 1631 1713
1716 917 71
1718 28 1717
1720 1099 1719
1722 26 1721
1724 27 1715
1726 1725 1723
1728 21 1727
1730 18 1728
1732 28 364
1734 1645 1733
1736 27 1735
1738 1737 1723
1740 21 1739
1742 18 1740
1744 16 1742
1746 17 1730
1748 1747 1745
1750 1431 493
1752 1097 493
1754 28 1753
1756 29 1751
1758 1757 1755
1760 917 505
1762 28 1761
1764 29 1753
1766 1765 1763
1768 26 1767
1770 27 1759
1772 1771 1769
1774 21 1773
1776 18 1774
1778 1153 493
1780 1097 365
1782 28 1781
1784 29 1779
1786 1785 1783
1788 917 215
1790 28 1789
1792 29 1781
1794 1793 1791
1796 26 1795
1798 27 1787
1800 1799 1797
1802 21 1801
1804 18 1802
1806 16 1804
1808 17 1776
1810 1809 1807
1812 6 1811
1814 7 1749
1816 1815 1813
1818 4 1817
1820 5 1711
1822 1821 1819
1824 29 870
1826 27 1824
1828 1827 1633
1830 25 1829
1832 23 1830
1834 21 1832
1836 18 1834
1838 17 1836
1840 871 493
1842 29 1841
1844 1843 1001
1846 28 166
1848 923 1847
1850 26 1849
1852 27 1845
1854 1853 1851
1856 25 1855
1858 23 1856
1860 21 1858
1862 18 1860
1864 17 1862
1866 6 1864
1868 7 1838
1870 1869 1867
1872 28 178
1874 1825 1873
1876 27 1875
1878 1877 1723
1880 25 1879
1882 23 1880
1884 21 1882
1886 18 1884
1888 17 1886
1890 1055 493
1892 1097 179
1894 28 1893
1896 29 1891
1898 1897 1895
1900 917 167
1902 28 1901
1904 29 1893
1906 1905 1903
1908 26 1907
1910 27 1899
1912 1911 1909
1914 25 1913
1916 23 1914
1918 21 1916
1920 18 1918
1922 17 1920
1924 6 1922
1926 7 1888
1928 1927 1925
1930 4 1929
1932 5 1871
1934 1933 1931
1936 1643 915
1938 29 1937
1940 27 1938
1942 1941 1265
1944 25 1943
1946 23 1944
1948 21 1946
1950 18 1948
1952 29 219
1954 1953 1001
1956 963 215
1958 28 1957
1960 923 1959
1962 26 1961
1964 27 1955
1966 1965 1963
1968 25 1967
1970 23 1968
1972 21 1970
1974 18 1972
1976 6 1974
1978 7 1950
1980 1979 1977
1982 963 365
1984 28 1983
1986 1939 1985
1988 27 1987
1990 1989 1723
1992 25 1991
1994 23 1992
1996 21 1994
1998 18 1996
2000 1153 221
2002 1153 365
2004 28 2003
2006 29 2001
2008 2007 2005
2010 1643 215
2012 28 2011
2014 29 2003
2016 2015 2013
2018 26 2017
2020 27 2009
2022 2021 2019
2024 25 2023
2026 23 2024
2028 21 2026
2030 18 2028
2032 6 2030
2034 7 1998
2036 2035 2033
2038 4 2037
2040 5 1981
2042 2041 2039
2044 14 2043
2046 15 1935
2048 2047 2045
2050 12 2049
2052 13 1823
2054 2053 2051
2056 1635 1265
2058 21 2057
2060 18 2058
2062 1647 1265
2064 21 2063
2066 18 2064
2068 16 2066
2070 17 2060
2072 2071 2069
2074 7 2073
2076 2075 1707
2078 5 2077
2080 2079 1819
2082 1827 1265
2084 25 2083
2086 23 2084
2088 21 2086
2090 18 2088
2092 17 2090
2094 7 2092
2096 2095 1867
2098 5 2097
2100 2099 1931
2102 15 2101
2104 2103 2045
2106 12 2105
2108 13 2081
2110 2109 2107
2112 10 2111
2114 11 2055
2116 2115 2113
2118 139 211
2120 31 2119
2122 2121 365
2124 28 1751
2126 29 2123
2128 2127 2125
2130 30 136
2132 1431 2131
2134 1303 627
2136 28 2135
2138 29 2133
2140 2139 2137
2142 26 2141
2144 27 2129
2146 2145 2143
2148 20 2147
2150 29 46
2152 26 2150
2154 27 98
2156 2155 2153
2158 21 2157
2160 18 2158
2162 19 2148
2164 2163 2161
2166 145 221
2168 29 2167
2170 2169 2005
2172 1643 143
2174 28 2173
2176 2007 2175
2178 26 2177
2180 27 2171
2182 2181 2179
2184 20 2183
2186 19 2184
2188 2187 2161
2190 16 2189
2192 17 2165
2194 2193 2191
2196 26 46
2198 2155 2197
2200 21 2199
2202 18 2200
2204 2163 2203
2206 2187 2203
2208 16 2207
2210 17 2205
2212 2211 2209
2214 6 2213
2216 7 2195
2218 2217 2215
2220 4 2213
2222 5 2219
2224 2223 2221
2226 801 137
2228 31 2227
2230 2229 2131
2232 28 1057
2234 29 2231
2236 2235 2233
2238 1055 915
2240 28 873
2242 29 2239
2244 2243 2241
2246 26 2245
2248 27 2237
2250 2249 2247
2252 25 2251
2254 23 2252
2256 20 2254
2258 25 2157
2260 23 2258
2262 21 2260
2264 18 2262
2266 19 2256
2268 2267 2265
2270 17 2269
2272 25 2199
2274 23 2272
2276 21 2274
2278 18 2276
2280 2267 2279
2282 17 2281
2284 6 2282
2286 7 2270
2288 2287 2285
2290 4 2282
2292 5 2289
2294 2293 2291
2296 25 2183
2298 23 2296
2300 20 2298
2302 19 2300
2304 2303 2279
2306 14 2305
2308 15 2295
2310 2309 2307
2312 12 2311
2314 13 2225
2316 2315 2313
2318 31 138
2320 2319 493
2322 29 2321
2324 2323 2125
2326 545 2131
2328 29 2327
2330 2329 2137
2332 26 2331
2334 27 2325
2336 2335 2333
2338 20 2337
2340 28 46
2342 99 2341
2344 27 2343
2346 2345 2197
2348 21 2347
2350 18 2348
2352 19 2338
2354 2353 2351
2356 291 493
2358 29 2357
2360 2359 2005
2362 1141 221
2364 29 2363
2366 2365 2175
2368 26 2367
2370 27 2361
2372 2371 2369
2374 20 2373
2376 19 2374
2378 2377 2351
2380 16 2379
2382 17 2355
2384 2383 2381
2386 28 1661
2388 2323 2387
2390 917 627
2392 28 2391
2394 2329 2393
2396 26 2395
2398 27 2389
2400 2399 2397
2402 20 2401
2404 19 2402
2406 2405 2351
2408 1643 365
2410 28 2409
2412 2359 2411
2414 917 143
2416 28 2415
2418 2365 2417
2420 26 2419
2422 27 2413
2424 2423 2421
2426 20 2425
2428 19 2426
2430 2429 2351
2432 16 2431
2434 17 2407
2436 2435 2433
2438 6 2437
2440 7 2385
2442 2441 2439
2444 2323 1755
2446 495 2131
2448 29 2447
2450 2449 2137
2452 26 2451
2454 27 2445
2456 2455 2453
2458 20 2457
2460 19 2458
2462 2461 2351
2464 2359 1783
2466 963 221
2468 29 2467
2470 2469 2175
2472 26 2471
2474 27 2465
2476 2475 2473
2478 20 2477
2480 19 2478
2482 2481 2351
2484 16 2483
2486 17 2463
2488 2487 2485
2490 28 210
2492 29 511
2494 2493 2491
2496 29 2130
2498 2497 2393
2500 26 2499
2502 27 2495
2504 2503 2501
2506 20 2505
2508 19 2506
2510 2509 2351
2512 917 365
2514 28 2513
2516 29 671
2518 2517 2515
2520 29 220
2522 2521 2417
2524 26 2523
2526 27 2519
2528 2527 2525
2530 20 2529
2532 19 2530
2534 2533 2351
2536 16 2535
2538 17 2511
2540 2539 2537
2542 6 2541
2544 7 2489
2546 2545 2543
2548 4 2547
2550 5 2443
2552 2551 2549
2554 1303 2131
2556 28 2555
2558 2329 2557
2560 26 2559
2562 2335 2561
2564 20 2563
2566 19 2564
2568 2567 2351
2570 28 219
2572 2365 2571
2574 26 2573
2576 2371 2575
2578 20 2577
2580 19 2578
2582 2581 2351
2584 16 2583
2586 17 2569
2588 2587 2585
2590 8 2589
2592 9 2385
2594 2593 2591
2596 7 2595
2598 2597 2439
2600 5 2599
2602 2601 2549
2604 2 2603
2606 3 2553
2608 2607 2605
2610 801 45
2612 31 2611
2614 2613 493
2616 29 2615
2618 2617 2233
2620 201 915
2622 29 2621
2624 2623 2241
2626 26 2625
2628 27 2619
2630 2629 2627
2632 25 2631
2634 23 2632
2636 20 2634
2638 25 2347
2640 23 2638
2642 21 2640
2644 18 2642
2646 19 2636
2648 2647 2645
2650 17 2649
2652 28 879
2654 2617 2653
2656 917 281
2658 28 2657
2660 2623 2659
2662 26 2661
2664 27 2655
2666 2665 2663
2668 25 2667
2670 23 2668
2672 20 2670
2674 19 2672
2676 2675 2645
2678 17 2677
2680 6 2678
2682 7 2650
2684 2683 2681
2686 2617 1895
2688 161 915
2690 29 2689
2692 2691 2241
2694 26 2693
2696 27 2687
2698 2697 2695
2700 25 2699
2702 23 2700
2704 20 2702
2706 19 2704
2708 2707 2645
2710 17 2709
2712 31 73
2714 2713 493
2716 917 179
2718 28 2717
2720 29 2715
2722 2721 2719
2724 29 914
2726 2725 2659
2728 26 2727
2730 27 2723
2732 2731 2729
2734 25 2733
2736 23 2734
2738 20 2736
2740 19 2738
2742 2741 2645
2744 17 2743
2746 6 2744
2748 7 2710
2750 2749 2747
2752 4 2751
2754 5 2685
2756 2755 2753
2758 871 915
2760 28 2759
2762 2623 2761
2764 26 2763
2766 2629 2765
2768 25 2767
2770 23 2768
2772 20 2770
2774 19 2772
2776 2775 2645
2778 17 2777
2780 8 2778
2782 9 2650
2784 2783 2781
2786 7 2785
2788 2787 2681
2790 5 2789
2792 2791 2753
2794 2 2793
2796 3 2757
2798 2797 2795
2800 15 2799
2802 2801 2307
2804 12 2803
2806 13 2609
2808 2807 2805
2810 10 2809
2812 11 2317
2814 2813 2811
2816 509 47
2818 28 2817
2820 99 2819
2822 31 800
2824 2823 2131
2826 767 627
2828 28 2827
2830 29 2825
2832 2831 2829
2834 26 2833
2836 27 2821
2838 2837 2835
2840 20 2839
2842 31 213
2844 49 493
2846 28 2845
2848 29 2842
2850 2849 2847
2852 2319 47
2854 1303 71
2856 28 2855
2858 29 2853
2860 2859 2857
2862 26 2861
2864 27 2851
2866 2865 2863
2868 21 2867
2870 18 2868
2872 19 2840
2874 2873 2871
2876 359 47
2878 28 2877
2880 57 2879
2882 2823 221
2884 767 143
2886 28 2885
2888 29 2883
2890 2889 2887
2892 26 2891
2894 27 2881
2896 2895 2893
2898 20 2897
2900 49 365
2902 28 2901
2904 29 222
2906 2905 2903
2908 291 47
2910 1643 71
2912 28 2911
2914 29 2909
2916 2915 2913
2918 26 2917
2920 27 2907
2922 2921 2919
2924 21 2923
2926 18 2924
2928 19 2898
2930 2929 2927
2932 16 2931
2934 17 2875
2936 2935 2933
2938 2823 493
2940 2843 47
2942 28 2941
2944 29 2939
2946 2945 2943
2948 2319 75
2950 917 75
2952 28 2951
2954 29 2949
2956 2955 2953
2958 26 2957
2960 27 2947
2962 2961 2959
2964 20 2963
2966 2121 493
2968 805 493
2970 28 2969
2972 29 2967
2974 2973 2971
2976 805 627
2978 29 2977
2980 2979 2829
2982 26 2981
2984 27 2975
2986 2985 2983
2988 21 2987
2990 18 2988
2992 19 2964
2994 2993 2991
2996 223 75
2998 28 2997
3000 2945 2999
3002 291 75
3004 29 3003
3006 3005 2953
3008 26 3007
3010 27 3001
3012 3011 3009
3014 20 3013
3016 805 215
3018 28 3017
3020 29 1457
3022 3021 3019
3024 805 143
3026 29 3025
3028 3027 2887
3030 26 3029
3032 27 3023
3034 3033 3031
3036 21 3035
3038 18 3036
3040 19 3014
3042 3041 3039
3044 16 3043
3046 17 2995
3048 3047 3045
3050 6 3049
3052 7 2937
3054 3053 3051
3056 99 53
3058 49 2131
3060 29 3059
3062 3061 2829
3064 26 3063
3066 27 3057
3068 3067 3065
3070 20 3069
3072 2121 47
3074 1303 75
3076 28 3075
3078 29 3073
3080 3079 3077
3082 26 3081
3084 2865 3083
3086 21 3085
3088 18 3086
3090 19 3070
3092 3091 3089
3094 57 53
3096 49 221
3098 29 3097
3100 3099 2887
3102 26 3101
3104 27 3095
3106 3105 3103
3108 20 3107
3110 145 47
3112 1643 75
3114 28 3113
3116 29 3111
3118 3117 3115
3120 26 3119
3122 2921 3121
3124 21 3123
3126 18 3124
3128 19 3108
3130 3129 3127
3132 16 3131
3134 17 3093
3136 3135 3133
3138 767 47
3140 28 3139
3142 29 492
3144 3143 3141
3146 29 51
3148 3147 2953
3150 26 3149
3152 27 3145
3154 3153 3151
3156 20 3155
3158 1757 2971
3160 805 2131
3162 29 3161
3164 3163 2393
3166 26 3165
3168 27 3159
3170 3169 3167
3172 21 3171
3174 18 3172
3176 19 3156
3178 3177 3175
3180 805 365
3182 28 3181
3184 1785 3183
3186 805 221
3188 29 3187
3190 3189 2417
3192 26 3191
3194 27 3185
3196 3195 3193
3198 21 3197
3200 18 3198
3202 3177 3201
3204 16 3203
3206 17 3179
3208 3207 3205
3210 6 3209
3212 7 3137
3214 3213 3211
3216 4 3215
3218 5 3055
3220 3219 3217
3222 495 47
3224 28 3223
3226 99 3225
3228 251 2131
3230 767 2131
3232 28 3231
3234 29 3229
3236 3235 3233
3238 26 3237
3240 27 3227
3242 3241 3239
3244 20 3243
3246 2849 1713
3248 545 47
3250 29 3249
3252 3251 2857
3254 26 3253
3256 27 3247
3258 3257 3255
3260 21 3259
3262 18 3260
3264 19 3244
3266 3265 3263
3268 963 47
3270 28 3269
3272 57 3271
3274 251 221
3276 767 221
3278 28 3277
3280 29 3275
3282 3281 3279
3284 26 3283
3286 27 3273
3288 3287 3285
3290 20 3289
3292 2905 1733
3294 1141 47
3296 29 3295
3298 3297 2913
3300 26 3299
3302 27 3293
3304 3303 3301
3306 21 3305
3308 18 3306
3310 19 3290
3312 3311 3309
3314 16 3313
3316 17 3267
3318 3317 3315
3320 8 3319
3322 9 2937
3324 3323 3321
3326 7 3325
3328 3327 3051
3330 5 3329
3332 3331 3217
3334 2 3333
3336 3 3221
3338 3337 3335
3340 2713 47
3342 28 3341
3344 57 3343
3346 2823 915
3348 29 3347
3350 3349 2659
3352 26 3351
3354 27 3345
3356 3355 3353
3358 25 3357
3360 23 3358
3362 20 3360
3364 31 625
3366 49 179
3368 28 3367
3370 29 3364
3372 3371 3369
3374 2613 47
3376 871 71
3378 28 3377
3380 29 3375
3382 3381 3379
3384 26 3383
3386 27 3373
3388 3387 3385
3390 25 3389
3392 23 3390
3394 21 3392
3396 18 3394
3398 19 3362
3400 3399 3397
3402 17 3401
3404 3365 75
3406 28 3405
3408 2945 3407
3410 3381 2953
3412 26 3411
3414 27 3409
3416 3415 3413
3418 25 3417
3420 23 3418
3422 20 3420
3424 2229 505
3426 805 167
3428 28 3427
3430 29 3425
3432 3431 3429
3434 805 915
3436 29 3435
3438 3437 2659
3440 26 3439
3442 27 3433
3444 3443 3441
3446 25 3445
3448 23 3446
3450 21 3448
3452 18 3450
3454 19 3422
3456 3455 3453
3458 17 3457
3460 6 3458
3462 7 3402
3464 3463 3461
3466 49 915
3468 29 3467
3470 3469 2659
3472 26 3471
3474 3105 3473
3476 25 3475
3478 23 3476
3480 20 3478
3482 2229 47
3484 871 75
3486 28 3485
3488 29 3483
3490 3489 3487
3492 26 3491
3494 3387 3493
3496 25 3495
3498 23 3496
3500 21 3498
3502 18 3500
3504 19 3480
3506 3505 3503
3508 17 3507
3510 25 3155
3512 23 3510
3514 20 3512
3516 805 179
3518 28 3517
3520 1897 3519
3522 27 3521
3524 3523 3441
3526 25 3525
3528 23 3526
3530 21 3528
3532 18 3530
3534 19 3514
3536 3535 3533
3538 17 3537
3540 6 3538
3542 7 3508
3544 3543 3541
3546 4 3545
3548 5 3465
3550 3549 3547
3552 28 44
3554 81 3553
3556 251 915
3558 28 919
3560 29 3557
3562 3561 3559
3564 26 3563
3566 27 3555
3568 3567 3565
3570 25 3569
3572 23 3570
3574 20 3572
3576 201 47
3578 29 3577
3580 3579 3379
3582 26 3581
3584 1877 3583
3586 25 3585
3588 23 3586
3590 21 3588
3592 18 3590
3594 19 3574
3596 3595 3593
3598 17 3597
3600 8 3598
3602 9 3402
3604 3603 3601
3606 7 3605
3608 3607 3461
3610 5 3609
3612 3611 3547
3614 2 3613
3616 3 3551
3618 3617 3615
3620 223 915
3622 359 221
3624 28 3623
3626 29 3621
3628 3627 3625
3630 805 47
3632 29 3631
3634 3633 2953
3636 26 3635
3638 27 3629
3640 3639 3637
3642 25 3641
3644 23 3642
3646 20 3644
3648 21 3644
3650 18 3648
3652 19 3646
3654 3653 3651
3656 25 159
3658 23 3656
3660 20 3658
3662 21 3658
3664 18 3662
3666 19 3660
3668 3667 3665
3670 6 3669
3672 7 3655
3674 3673 3671
3676 1153 143
3678 29 3677
3680 3679 205
3682 27 3681
3684 3683 155
3686 25 3685
3688 23 3686
3690 20 3688
3692 21 3688
3694 18 3692
3696 19 3690
3698 3697 3695
3700 6 3699
3702 3673 3701
3704 4 3703
3706 5 3675
3708 3707 3705
3710 14 3709
3712 15 3619
3714 3713 3711
3716 12 3715
3718 13 3339
3720 3719 3717
3722 2873 3089
3724 2929 3127
3726 16 3725
3728 17 3723
3730 3729 3727
3732 7 3731
3734 3733 3051
3736 5 3735
3738 3737 3217
3740 2837 3239
3742 20 3741
3744 1431 47
3746 29 3745
3748 3747 3077
3750 26 3749
3752 2865 3751
3754 21 3753
3756 18 3754
3758 19 3742
3760 3759 3757
3762 2895 3285
3764 20 3763
3766 1153 47
3768 29 3767
3770 3769 3115
3772 26 3771
3774 2921 3773
3776 21 3775
3778 18 3776
3780 19 3764
3782 3781 3779
3784 16 3783
3786 17 3761
3788 3787 3785
3790 8 3789
3792 9 3731
3794 3793 3791
3796 7 3795
3798 3797 3051
3800 5 3799
3802 3801 3217
3804 2 3803
3806 3 3739
3808 3807 3805
3810 3399 3503
3812 17 3811
3814 7 3812
3816 3815 3461
3818 5 3817
3820 3819 3547
3822 81 3343
3824 27 3823
3826 3825 3565
3828 25 3827
3830 23 3828
3832 20 3830
3834 1825 3369
3836 1055 47
3838 29 3837
3840 3839 3487
3842 26 3841
3844 27 3835
3846 3845 3843
3848 25 3847
3850 23 3848
3852 21 3850
3854 18 3852
3856 19 3832
3858 3857 3855
3860 17 3859
3862 8 3860
3864 9 3812
3866 3865 3863
3868 7 3867
3870 3869 3461
3872 5 3871
3874 3873 3547
3876 2 3875
3878 3 3821
3880 3879 3877
3882 15 3881
3884 3883 3711
3886 12 3885
3888 13 3809
3890 3889 3887
3892 10 3891
3894 11 3721
3896 3895 3893
3898 2229 215
3900 28 3899
3902 173 3901
3904 2713 179
3906 29 3905
3908 3907 2013
3910 26 3909
3912 27 3903
3914 3913 3911
3916 20 3915
3918 191 3917
3920 173 1075
3922 3907 2411
3924 26 3923
3926 27 3921
3928 3927 3925
3930 21 3929
3932 3931 239
3934 18 3933
3936 19 3919
3938 3937 3935
3940 99 2013
3942 26 3941
3944 27 3182
3946 3945 3943
3948 20 3947
3950 191 3949
3952 28 144
3954 99 2411
3956 26 3955
3958 27 3952
3960 3959 3957
3962 21 3961
3964 3963 239
3966 18 3965
3968 19 3951
3970 3969 3967
3972 16 3971
3974 17 3939
3976 3975 3973
3978 161 627
3980 3365 215
3982 28 3981
3984 29 3979
3986 3985 3983
3988 2713 365
3990 3365 167
3992 28 3991
3994 29 3989
3996 3995 3993
3998 26 3997
4000 27 3987
4002 4001 3999
4004 20 4003
4006 191 4005
4008 223 167
4010 28 4009
4012 173 4011
4014 29 423
4016 4015 2653
4018 26 4017
4020 27 4013
4022 4021 4019
4024 21 4023
4026 4025 239
4028 18 4027
4030 19 4007
4032 4031 4029
4034 767 365
4036 28 4035
4038 29 504
4040 4039 4037
4042 767 71
4044 28 4043
4046 29 2901
4048 4047 4045
4050 26 4049
4052 27 4041
4054 4053 4051
4056 20 4055
4058 191 4057
4060 28 916
4062 29 358
4064 4063 4061
4066 26 4065
4068 27 322
4070 4069 4067
4072 21 4071
4074 4073 239
4076 18 4075
4078 19 4059
4080 4079 4077
4082 16 4081
4084 17 4033
4086 4085 4083
4088 6 4087
4090 7 3977
4092 4091 4089
4094 201 75
4096 2613 167
4098 28 4097
4100 29 4095
4102 4101 4099
4104 371 983
4106 26 4105
4108 27 4103
4110 4109 4107
4112 20 4111
4114 191 4113
4116 4109 375
4118 21 4117
4120 4119 239
4122 18 4121
4124 19 4115
4126 4125 4123
4128 2823 71
4130 28 4129
4132 763 4131
4134 27 4133
4136 4135 4107
4138 20 4137
4140 191 4139
4142 4135 375
4144 21 4143
4146 4145 239
4148 18 4147
4150 19 4141
4152 4151 4149
4154 16 4153
4156 17 4127
4158 4157 4155
4160 2713 627
4162 29 4161
4164 4163 3993
4166 871 167
4168 28 4167
4170 3907 4169
4172 26 4171
4174 27 4165
4176 4175 4173
4178 20 4177
4180 191 4179
4182 2713 167
4184 28 4183
4186 29 73
4188 4187 4185
4190 3907 881
4192 26 4191
4194 27 4189
4196 4195 4193
4198 21 4197
4200 4199 239
4202 18 4201
4204 19 4181
4206 4205 4203
4208 29 2845
4210 4209 769
4212 99 1719
4214 26 4213
4216 27 4211
4218 4217 4215
4220 20 4219
4222 191 4221
4224 27 48
4226 4225 101
4228 21 4227
4230 4229 239
4232 18 4231
4234 19 4223
4236 4235 4233
4238 16 4237
4240 17 4207
4242 4241 4239
4244 6 4243
4246 7 4159
4248 4247 4245
4250 4 4249
4252 5 4093
4254 4253 4251
4256 201 215
4258 28 4257
4260 4163 4259
4262 29 181
4264 4263 1985
4266 26 4265
4268 27 4261
4270 4269 4267
4272 20 4271
4274 191 4273
4276 4163 1145
4278 27 4277
4280 4279 4267
4282 21 4281
4284 4283 239
4286 18 4285
4288 19 4275
4290 4289 4287
4292 251 365
4294 28 4293
4296 4209 4295
4298 26 1984
4300 27 4297
4302 4301 4299
4304 20 4303
4306 191 4305
4308 4209 1191
4310 27 4309
4312 4311 4299
4314 21 4313
4316 4315 239
4318 18 4317
4320 19 4307
4322 4321 4319
4324 16 4323
4326 17 4291
4328 4327 4325
4330 8 4329
4332 9 3977
4334 4333 4331
4336 7 4335
4338 4337 4089
4340 5 4339
4342 4341 4251
4344 2 4343
4346 3 4255
4348 4347 4345
4350 28 2123
4352 501 4351
4354 29 1565
4356 4355 983
4358 26 4357
4360 27 4353
4362 4361 4359
4364 25 4363
4366 4365 525
4368 23 4367
4370 4369 531
4372 20 4371
4374 191 4373
4376 145 493
4378 28 4377
4380 501 4379
4382 4355 733
4384 26 4383
4386 27 4381
4388 4387 4385
4390 25 4389
4392 4391 525
4394 23 4393
4396 4395 531
4398 21 4397
4400 4399 239
4402 18 4401
4404 19 4375
4406 4405 4403
4408 17 4407
4410 4409 575
4412 495 215
4414 2843 365
4416 28 4415
4418 29 4413
4420 4419 4417
4422 509 215
4424 2843 505
4426 28 4425
4428 29 4423
4430 4429 4427
4432 26 4431
4434 27 4421
4436 4435 4433
4438 25 4437
4440 4439 525
4442 23 4441
4444 4443 531
4446 20 4445
4448 191 4447
4450 501 589
4452 2843 493
4454 28 4453
4456 675 4455
4458 26 4457
4460 27 4451
4462 4461 4459
4464 25 4463
4466 4465 525
4468 23 4467
4470 4469 531
4472 21 4471
4474 4473 239
4476 18 4475
4478 19 4449
4480 4479 4477
4482 17 4481
4484 4483 575
4486 6 4485
4488 7 4411
4490 4489 4487
4492 545 167
4494 2319 505
4496 28 4495
4498 29 4493
4500 4499 4497
4502 27 4501
4504 4503 4107
4506 25 4505
4508 4507 525
4510 23 4509
4512 4511 531
4514 20 4513
4516 191 4515
4518 4503 375
4520 25 4519
4522 4521 525
4524 23 4523
4526 4525 531
4528 21 4527
4530 4529 239
4532 18 4531
4534 19 4517
4536 4535 4533
4538 17 4537
4540 4539 575
4542 509 365
4544 29 4543
4546 4545 4455
4548 4355 4427
4550 26 4549
4552 27 4547
4554 4553 4551
4556 25 4555
4558 4557 525
4560 23 4559
4562 4561 531
4564 20 4563
4566 191 4565
4568 509 179
4570 29 4569
4572 4571 513
4574 4355 513
4576 26 4575
4578 27 4573
4580 4579 4577
4582 25 4581
4584 4583 525
4586 23 4585
4588 4587 531
4590 21 4589
4592 4591 239
4594 18 4593
4596 19 4567
4598 4597 4595
4600 17 4599
4602 4601 575
4604 6 4603
4606 7 4541
4608 4607 4605
4610 4 4609
4612 5 4491
4614 4613 4611
4616 495 365
4618 545 365
4620 28 4619
4622 29 4617
4624 4623 4621
4626 515 369
4628 26 4627
4630 27 4625
4632 4631 4629
4634 25 4633
4636 4635 525
4638 23 4637
4640 4639 531
4642 20 4641
4644 191 4643
4646 4623 1493
4648 27 4647
4650 4649 4629
4652 25 4651
4654 4653 525
4656 23 4655
4658 4657 531
4660 21 4659
4662 4661 239
4664 18 4663
4666 19 4645
4668 4667 4665
4670 17 4669
4672 4671 575
4674 8 4673
4676 9 4411
4678 4677 4675
4680 7 4679
4682 4681 4487
4684 5 4683
4686 4685 4611
4688 2 4687
4690 3 4615
4692 4691 4689
4694 1153 281
4696 29 4695
4698 4697 983
4700 229 4045
4702 26 4701
4704 27 4699
4706 4705 4703
4708 25 4707
4710 4709 525
4712 23 4711
4714 4713 531
4716 20 4715
4718 191 4717
4720 19 4719
4722 4721 791
4724 3679 897
4726 229 983
4728 26 4727
4730 27 4725
4732 4731 4729
4734 25 4733
4736 4735 525
4738 23 4737
4740 4739 531
4742 20 4741
4744 191 4743
4746 19 4745
4748 4747 791
4750 6 4749
4752 7 4723
4754 4753 4751
4756 1939 369
4758 29 804
4760 4759 1719
4762 26 4761
4764 27 4757
4766 4765 4763
4768 25 4767
4770 4769 525
4772 23 4771
4774 4773 531
4776 20 4775
4778 191 4777
4780 63 101
4782 25 4781
4784 4783 525
4786 23 4785
4788 4787 531
4790 21 4789
4792 4791 239
4794 18 4793
4796 19 4779
4798 4797 4795
4800 151 897
4802 27 4801
4804 4803 4729
4806 25 4805
4808 4807 525
4810 23 4809
4812 4811 531
4814 20 4813
4816 191 4815
4818 57 79
4820 27 4819
4822 4821 61
4824 25 4823
4826 4825 525
4828 23 4827
4830 4829 531
4832 21 4831
4834 4833 239
4836 18 4835
4838 19 4817
4840 4839 4837
4842 6 4841
4844 7 4799
4846 4845 4843
4848 4 4847
4850 5 4755
4852 4851 4849
4854 14 4853
4856 15 4693
4858 4857 4855
4860 12 4859
4862 13 4349
4864 4863 4861
4866 875 3901
4868 3365 179
4870 29 4869
4872 4871 2013
4874 26 4873
4876 27 4867
4878 4877 4875
4880 20 4879
4882 191 4881
4884 173 355
4886 4871 2571
4888 26 4887
4890 27 4885
4892 4891 4889
4894 21 4893
4896 4895 239
4898 18 4897
4900 19 4883
4902 4901 4899
4904 921 3183
4906 29 766
4908 4907 2013
4910 26 4909
4912 27 4905
4914 4913 4911
4916 20 4915
4918 191 4917
4920 28 3111
4922 4907 2571
4924 26 4923
4926 27 4920
4928 4927 4925
4930 21 4929
4932 4931 239
4934 18 4933
4936 19 4919
4938 4937 4935
4940 16 4939
4942 17 4903
4944 4943 4941
4946 871 143
4948 29 4947
4950 4949 3901
4952 3365 365
4954 29 4953
4956 4955 4011
4958 26 4957
4960 27 4951
4962 4961 4959
4964 20 4963
4966 191 4965
4968 223 281
4970 28 4969
4972 173 4971
4974 27 4973
4976 4975 4019
4978 21 4977
4980 4979 239
4982 18 4981
4984 19 4967
4986 4985 4983
4988 29 2415
4990 4989 3183
4992 223 71
4994 28 4993
4996 29 4035
4998 4997 4995
5000 26 4999
5002 27 4991
5004 5003 5001
5006 20 5005
5008 191 5007
5010 223 47
5012 28 5011
5014 27 5012
5016 5015 4067
5018 21 5017
5020 5019 239
5022 18 5021
5024 19 5009
5026 5025 5023
5028 16 5027
5030 17 4987
5032 5031 5029
5034 6 5033
5036 7 4945
5038 5037 5035
5040 291 167
5042 28 5041
5044 1147 5043
5046 27 5045
5048 5047 4729
5050 20 5049
5052 191 5051
5054 2613 281
5056 28 5055
5058 4101 5057
5060 27 5059
5062 5061 375
5064 21 5063
5066 5065 239
5068 18 5067
5070 19 5053
5072 5071 5069
5074 1097 281
5076 291 71
5078 28 5077
5080 29 5075
5082 5081 5079
5084 27 5083
5086 5085 4729
5088 20 5087
5090 191 5089
5092 2823 75
5094 28 5093
5096 763 5095
5098 27 5097
5100 5099 375
5102 21 5101
5104 5103 239
5106 18 5105
5108 19 5091
5110 5109 5107
5112 16 5111
5114 17 5073
5116 5115 5113
5118 2229 143
5120 29 5119
5122 5121 1075
5124 145 179
5126 1643 167
5128 28 5127
5130 29 5125
5132 5131 5129
5134 26 5133
5136 27 5123
5138 5137 5135
5140 20 5139
5142 191 5141
5144 2713 281
5146 28 5145
5148 4187 5147
5150 27 5149
5152 5151 4193
5154 21 5153
5156 5155 239
5158 18 5157
5160 19 5143
5162 5161 5159
5164 3189 3953
5166 29 144
5168 5167 2913
5170 26 5169
5172 27 5165
5174 5173 5171
5176 20 5175
5178 191 5177
5180 3067 101
5182 21 5181
5184 5183 239
5186 18 5185
5188 19 5179
5190 5189 5187
5192 16 5191
5194 17 5163
5196 5195 5193
5198 6 5197
5200 7 5117
5202 5201 5199
5204 4 5203
5206 5 5039
5208 5207 5205
5210 4949 4259
5212 883 1959
5214 26 5213
5216 27 5211
5218 5217 5215
5220 20 5219
5222 191 5221
5224 1141 281
5226 28 5225
5228 3985 5227
5230 28 2467
5232 883 5231
5234 26 5233
5236 27 5229
5238 5237 5235
5240 21 5239
5242 5241 239
5244 18 5243
5246 19 5223
5248 5247 5245
5250 917 221
5252 29 5251
5254 5253 4295
5256 27 5255
5258 5257 1963
5260 20 5259
5262 191 5261
5264 28 3295
5266 3143 5265
5268 923 5231
5270 26 5269
5272 27 5267
5274 5273 5271
5276 21 5275
5278 5277 239
5280 18 5279
5282 19 5263
5284 5283 5281
5286 16 5285
5288 17 5249
5290 5289 5287
5292 8 5291
5294 9 4945
5296 5295 5293
5298 7 5297
5300 5299 5035
5302 5 5301
5304 5303 5205
5306 2 5305
5308 3 5209
5310 5309 5307
5312 1307 4351
5314 29 4425
5316 5315 983
5318 26 5317
5320 27 5313
5322 5321 5319
5324 25 5323
5326 5325 525
5328 23 5327
5330 5329 531
5332 20 5331
5334 191 5333
5336 145 2131
5338 28 5337
5340 501 5339
5342 5315 227
5344 26 5343
5346 27 5341
5348 5347 5345
5350 25 5349
5352 5351 525
5354 23 5353
5356 5355 531
5358 21 5357
5360 5359 239
5362 18 5361
5364 19 5335
5366 5365 5363
5368 17 5367
5370 5369 575
5372 1303 143
5374 29 5373
5376 5375 4351
5378 223 505
5380 28 5379
5382 29 213
5384 5383 5381
5386 26 5385
5388 27 5377
5390 5389 5387
5392 25 5391
5394 5393 525
5396 23 5395
5398 5397 531
5400 20 5399
5402 191 5401
5404 223 2131
5406 28 5405
5408 501 5407
5410 27 5409
5412 5411 4459
5414 25 5413
5416 5415 525
5418 23 5417
5420 5419 531
5422 21 5421
5424 5423 239
5426 18 5425
5428 19 5403
5430 5429 5427
5432 17 5431
5434 5433 575
5436 6 5435
5438 7 5371
5440 5439 5437
5442 1431 281
5444 291 505
5446 28 5445
5448 29 5443
5450 5449 5447
5452 27 5451
5454 5453 4729
5456 25 5455
5458 5457 525
5460 23 5459
5462 5461 531
5464 20 5463
5466 191 5465
5468 2319 627
5470 28 5469
5472 4499 5471
5474 27 5473
5476 5475 375
5478 25 5477
5480 5479 525
5482 23 5481
5484 5483 531
5486 21 5485
5488 5487 239
5490 18 5489
5492 19 5467
5494 5493 5491
5496 17 5495
5498 5497 575
5500 2121 221
5502 29 5501
5504 5503 4379
5506 3021 5381
5508 26 5507
5510 27 5505
5512 5511 5509
5514 25 5513
5516 5515 525
5518 23 5517
5520 5519 531
5522 20 5521
5524 191 5523
5526 509 2131
5528 28 5527
5530 4571 5529
5532 27 5531
5534 5533 4577
5536 25 5535
5538 5537 525
5540 23 5539
5542 5541 531
5544 21 5543
5546 5545 239
5548 18 5547
5550 19 5525
5552 5551 5549
5554 17 5553
5556 5555 575
5558 6 5557
5560 7 5499
5562 5561 5559
5564 4 5563
5566 5 5441
5568 5567 5565
5570 2843 221
5572 29 5571
5574 5573 4621
5576 28 361
5578 1313 5577
5580 26 5579
5582 27 5575
5584 5583 5581
5586 25 5585
5588 5587 525
5590 23 5589
5592 5591 531
5594 20 5593
5596 191 5595
5598 1141 2131
5600 28 5599
5602 4545 5601
5604 1313 3625
5606 26 5605
5608 27 5603
5610 5609 5607
5612 25 5611
5614 5613 525
5616 23 5615
5618 5617 531
5620 21 5619
5622 5621 239
5624 18 5623
5626 19 5597
5628 5627 5625
5630 17 5629
5632 5631 575
5634 8 5633
5636 9 5371
5638 5637 5635
5640 7 5639
5642 5641 5437
5644 5 5643
5646 5645 5565
5648 2 5647
5650 3 5569
5652 5651 5649
5654 15 5653
5656 5655 4855
5658 12 5657
5660 13 5311
5662 5661 5659
5664 10 5663
5666 11 4865
5668 5667 5665
5670 28 3059
5672 3143 5671
5674 49 627
5676 28 5675
5678 3061 5677
5680 26 5679
5682 27 5673
5684 5683 5681
5686 20 5685
5688 28 508
5690 1663 5689
5692 495 71
5694 28 5693
5696 29 2817
5698 5697 5695
5700 26 5699
5702 27 5691
5704 5703 5701
5706 21 5705
5708 18 5706
5710 19 5686
5712 5711 5709
5714 28 3097
5716 4039 5715
5718 49 143
5720 28 5719
5722 3099 5721
5724 26 5723
5726 27 5717
5728 5727 5725
5730 20 5729
5732 1683 455
5734 963 71
5736 28 5735
5738 29 2877
5740 5739 5737
5742 26 5741
5744 27 5733
5746 5745 5743
5748 21 5747
5750 18 5748
5752 19 5730
5754 5753 5751
5756 16 5755
5758 17 5713
5760 5759 5757
5762 3061 79
5764 26 5763
5766 5683 5765
5768 20 5767
5770 28 2318
5772 1663 5771
5774 28 626
5776 29 2941
5778 5777 5775
5780 26 5779
5782 27 5773
5784 5783 5781
5786 21 5785
5788 18 5786
5790 19 5768
5792 5791 5789
5794 3099 79
5796 26 5795
5798 5727 5797
5800 20 5799
5802 28 290
5804 1683 5803
5806 28 142
5808 29 5011
5810 5809 5807
5812 26 5811
5814 27 5805
5816 5815 5813
5818 21 5817
5820 18 5818
5822 19 5800
5824 5823 5821
5826 16 5825
5828 17 5793
5830 5829 5827
5832 6 5831
5834 7 5761
5836 5835 5833
5838 3153 3065
5840 20 5839
5842 767 493
5844 28 5843
5846 1663 5845
5848 27 5847
5850 5849 3083
5852 21 5851
5854 18 5852
5856 19 5840
5858 5857 5855
5860 4039 3141
5862 27 5861
5864 5863 3103
5866 20 5865
5868 1683 4037
5870 27 5869
5872 5871 3121
5874 21 5873
5876 18 5874
5878 19 5866
5880 5879 5877
5882 16 5881
5884 17 5859
5886 5885 5883
5888 7 5887
5890 5889 3211
5892 4 5891
5894 5 5837
5896 5895 5893
5898 28 2130
5900 2497 5671
5902 26 5901
5904 27 5898
5906 5905 5903
5908 20 5907
5910 28 494
5912 1631 5911
5914 29 3223
5916 5915 5695
5918 26 5917
5920 27 5913
5922 5921 5919
5924 21 5923
5926 18 5924
5928 19 5908
5930 5929 5927
5932 28 220
5934 81 5933
5936 2521 5715
5938 26 5937
5940 27 5935
5942 5941 5939
5944 20 5943
5946 1645 1005
5948 29 3269
5950 5949 5737
5952 26 5951
5954 27 5947
5956 5955 5953
5958 21 5957
5960 18 5958
5962 19 5944
5964 5963 5961
5966 16 5965
5968 17 5931
5970 5969 5967
5972 8 5971
5974 9 5761
5976 5975 5973
5978 7 5977
5980 5979 5833
5982 5 5981
5984 5983 5893
5986 2 5985
5988 3 5897
5990 5989 5987
5992 28 3467
5994 4039 5993
5996 28 280
5998 3469 5997
6000 26 5999
6002 27 5995
6004 6003 6001
6006 25 6005
6008 23 6006
6010 20 6008
6012 28 2712
6014 1843 6013
6016 161 71
6018 28 6017
6020 29 3341
6022 6021 6019
6024 26 6023
6026 27 6015
6028 6027 6025
6030 25 6029
6032 23 6030
6034 21 6032
6036 18 6034
6038 19 6010
6040 6039 6037
6042 17 6041
6044 28 74
6046 3469 6045
6048 26 6047
6050 6003 6049
6052 25 6051
6054 23 6052
6056 20 6054
6058 28 2612
6060 1843 6059
6062 3365 47
6064 29 6063
6066 6065 5997
6068 26 6067
6070 27 6061
6072 6071 6069
6074 25 6073
6076 23 6074
6078 21 6076
6080 18 6078
6082 19 6056
6084 6083 6081
6086 17 6085
6088 6 6086
6090 7 6042
6092 6091 6089
6094 5863 3473
6096 25 6095
6098 23 6096
6100 20 6098
6102 767 179
6104 28 6103
6106 1843 6105
6108 27 6107
6110 6109 3493
6112 25 6111
6114 23 6112
6116 21 6114
6118 18 6116
6120 19 6100
6122 6121 6119
6124 17 6123
6126 7 6124
6128 6127 3541
6130 4 6129
6132 5 6093
6134 6133 6131
6136 28 914
6138 57 6137
6140 26 914
6142 27 6139
6144 6143 6141
6146 25 6145
6148 23 6146
6150 20 6148
6152 28 160
6154 3371 6153
6156 29 44
6158 6157 6019
6160 26 6159
6162 27 6155
6164 6163 6161
6166 25 6165
6168 23 6166
6170 21 6168
6172 18 6170
6174 19 6150
6176 6175 6173
6178 17 6177
6180 8 6178
6182 9 6042
6184 6183 6181
6186 7 6185
6188 6187 6089
6190 5 6189
6192 6191 6131
6194 2 6193
6196 3 6135
6198 6197 6195
6200 2823 47
6202 28 6201
6204 1953 6203
6206 963 143
6208 28 6207
6210 29 3139
6212 6211 6209
6214 26 6213
6216 27 6205
6218 6217 6215
6220 25 6219
6222 23 6220
6224 20 6222
6226 21 6222
6228 18 6226
6230 19 6224
6232 6231 6229
6234 4 3699
6236 5 6233
6238 6237 6235
6240 14 6239
6242 15 6199
6244 6243 6241
6246 12 6245
6248 13 5991
6250 6249 6247
6252 29 363
6254 6253 53
6256 6211 6045
6258 26 6257
6260 27 6255
6262 6261 6259
6264 20 6263
6266 21 6263
6268 18 6266
6270 19 6264
6272 6271 6269
6274 1953 53
6276 27 6275
6278 6277 6259
6280 20 6279
6282 21 6279
6284 18 6282
6286 19 6280
6288 6287 6285
6290 16 6289
6292 17 6273
6294 6293 6291
6296 6253 6203
6298 495 627
6300 28 6299
6302 6211 6301
6304 26 6303
6306 27 6297
6308 6307 6305
6310 20 6309
6312 21 6309
6314 18 6312
6316 19 6310
6318 6317 6315
6320 20 6219
6322 21 6219
6324 18 6322
6326 19 6320
6328 6327 6325
6330 16 6329
6332 17 6319
6334 6333 6331
6336 6 6335
6338 7 6295
6340 6339 6337
6342 2843 2131
6344 28 6343
6346 6253 6345
6348 27 6347
6350 6349 3637
6352 20 6351
6354 21 6351
6356 18 6354
6358 19 6352
6360 6359 6357
6362 1953 227
6364 27 6363
6366 6365 3637
6368 20 6367
6370 21 6367
6372 18 6370
6374 19 6368
6376 6375 6373
6378 16 6377
6380 17 6361
6382 6381 6379
6384 1431 365
6386 2121 2131
6388 28 6387
6390 29 6385
6392 6391 6389
6394 2843 627
6396 28 6395
6398 29 6387
6400 6399 6397
6402 26 6401
6404 27 6393
6406 6405 6403
6408 20 6407
6410 6399 2137
6412 26 6411
6414 6405 6413
6416 21 6415
6418 18 6416
6420 19 6408
6422 6421 6419
6424 28 2167
6426 3679 6425
6428 2169 149
6430 26 6429
6432 27 6427
6434 6433 6431
6436 20 6435
6438 2007 6425
6440 2169 2175
6442 26 6441
6444 27 6439
6446 6445 6443
6448 21 6447
6450 18 6448
6452 19 6436
6454 6453 6451
6456 16 6455
6458 17 6423
6460 6459 6457
6462 6 6461
6464 7 6383
6466 6465 6463
6468 4 6467
6470 5 6341
6472 6471 6469
6474 2843 179
6476 29 6475
6478 6477 2341
6480 917 47
6482 29 6481
6484 6483 6045
6486 26 6485
6488 27 6479
6490 6489 6487
6492 20 6491
6494 21 6491
6496 18 6494
6498 19 6492
6500 6499 6497
6502 3627 2341
6504 27 6503
6506 6505 6487
6508 20 6507
6510 21 6507
6512 18 6510
6514 19 6508
6516 6515 6513
6518 16 6517
6520 17 6501
6522 6521 6519
6524 8 6523
6526 9 6295
6528 6527 6525
6530 7 6529
6532 6531 6337
6534 5 6533
6536 6535 6469
6538 2 6537
6540 3 6473
6542 6541 6539
6544 29 136
6546 6545 53
6548 27 6547
6550 6549 6259
6552 25 6551
6554 23 6552
6556 20 6554
6558 21 6554
6560 18 6558
6562 19 6556
6564 6563 6561
6566 17 6565
6568 6545 6203
6570 28 413
6572 6211 6571
6574 26 6573
6576 27 6569
6578 6577 6575
6580 25 6579
6582 23 6580
6584 20 6582
6586 21 6582
6588 18 6586
6590 19 6584
6592 6591 6589
6594 17 6593
6596 6 6594
6598 7 6566
6600 6599 6597
6602 3365 915
6604 28 6603
6606 6545 6605
6608 27 6607
6610 6609 3637
6612 25 6611
6614 23 6612
6616 20 6614
6618 21 6614
6620 18 6618
6622 19 6616
6624 6623 6621
6626 17 6625
6628 1055 627
6630 2229 915
6632 28 6631
6634 29 6629
6636 6635 6633
6638 29 6631
6640 6639 2241
6642 26 6641
6644 27 6637
6646 6645 6643
6648 25 6647
6650 23 6648
6652 20 6650
6654 1055 2131
6656 29 6655
6658 6657 6633
6660 27 6659
6662 6661 6643
6664 25 6663
6666 23 6664
6668 21 6666
6670 18 6668
6672 19 6652
6674 6673 6671
6676 17 6675
6678 6 6676
6680 7 6626
6682 6681 6679
6684 4 6683
6686 5 6601
6688 6687 6685
6690 6065 2341
6692 27 6691
6694 6693 6487
6696 25 6695
6698 23 6696
6700 20 6698
6702 21 6698
6704 18 6702
6706 19 6700
6708 6707 6705
6710 17 6709
6712 8 6710
6714 9 6566
6716 6715 6713
6718 7 6717
6720 6719 6597
6722 5 6721
6724 6723 6685
6726 2 6725
6728 3 6689
6730 6729 6727
6732 15 6731
6734 6733 6241
6736 12 6735
6738 13 6543
6740 6739 6737
6742 10 6741
6744 11 6251
6746 6745 6743
6748 917 2131
6750 28 6749
6752 29 2513
6754 6753 6751
6756 29 6749
6758 6757 3233
6760 26 6759
6762 27 6755
6764 6763 6761
6766 20 6765
6768 1303 47
6770 28 6769
6772 1663 6771
6774 29 6769
6776 6775 3077
6778 26 6777
6780 27 6773
6782 6781 6779
6784 21 6783
6786 18 6784
6788 19 6766
6790 6789 6787
6792 28 5251
6794 4989 6793
6796 5253 3279
6798 26 6797
6800 27 6795
6802 6801 6799
6804 20 6803
6806 1643 47
6808 28 6807
6810 1683 6809
6812 29 6807
6814 6813 3115
6816 26 6815
6818 27 6811
6820 6819 6817
6822 21 6821
6824 18 6822
6826 19 6804
6828 6827 6825
6830 16 6829
6832 17 6791
6834 6833 6831
6836 1097 2131
6838 28 6837
6840 29 2717
6842 6841 6839
6844 6757 2943
6846 26 6845
6848 27 6843
6850 6849 6847
6852 20 6851
6854 28 3745
6856 1663 6855
6858 6775 2393
6860 26 6859
6862 27 6857
6864 6863 6861
6866 21 6865
6868 18 6866
6870 19 6852
6872 6871 6869
6874 1097 221
6876 28 6875
6878 29 2657
6880 6879 6877
6882 5253 5013
6884 26 6883
6886 27 6881
6888 6887 6885
6890 20 6889
6892 28 3767
6894 1683 6893
6896 6813 2417
6898 26 6897
6900 27 6895
6902 6901 6899
6904 21 6903
6906 18 6904
6908 19 6890
6910 6909 6907
6912 16 6911
6914 17 6873
6916 6915 6913
6918 6 6917
6920 7 6835
6922 6921 6919
6924 6753 6771
6926 29 6837
6928 6927 5671
6930 26 6929
6932 27 6925
6934 6933 6931
6936 20 6935
6938 1663 6751
6940 27 6939
6942 6941 3751
6944 21 6943
6946 18 6944
6948 19 6936
6950 6949 6947
6952 4989 6809
6954 29 6875
6956 6955 5715
6958 26 6957
6960 27 6953
6962 6961 6959
6964 20 6963
6966 1683 6793
6968 27 6967
6970 6969 3773
6972 21 6971
6974 18 6972
6976 19 6964
6978 6977 6975
6980 16 6979
6982 17 6951
6984 6983 6981
6986 28 3249
6988 1905 6987
6990 1431 75
6992 29 6991
6994 6993 3225
6996 26 6995
6998 27 6989
7000 6999 6997
7002 20 7001
7004 1757 6839
7006 1097 627
7008 29 7007
7010 7009 2829
7012 26 7011
7014 27 7005
7016 7015 7013
7018 21 7017
7020 18 7018
7022 19 7002
7024 7023 7021
7026 1141 75
7028 28 7027
7030 1193 7029
7032 1153 75
7034 29 7033
7036 7035 3271
7038 26 7037
7040 27 7031
7042 7041 7039
7044 20 7043
7046 1097 143
7048 28 7047
7050 1501 7049
7052 29 7047
7054 7053 2887
7056 26 7055
7058 27 7051
7060 7059 7057
7062 21 7061
7064 18 7062
7066 19 7044
7068 7067 7065
7070 16 7069
7072 17 7025
7074 7073 7071
7076 6 7075
7078 7 6985
7080 7079 7077
7082 4 7081
7084 5 6923
7086 7085 7083
7088 6841 5671
7090 29 3231
7092 7091 5677
7094 26 7093
7096 27 7089
7098 7097 7095
7100 20 7099
7102 1631 2819
7104 495 75
7106 28 7105
7108 5777 7107
7110 26 7109
7112 27 7103
7114 7113 7111
7116 21 7115
7118 18 7116
7120 19 7100
7122 7121 7119
7124 6879 5715
7126 29 3277
7128 7127 5721
7130 26 7129
7132 27 7125
7134 7133 7131
7136 20 7135
7138 1645 2879
7140 963 75
7142 28 7141
7144 5809 7143
7146 26 7145
7148 27 7139
7150 7149 7147
7152 21 7151
7154 18 7152
7156 19 7136
7158 7157 7155
7160 16 7159
7162 17 7123
7164 7163 7161
7166 8 7165
7168 9 6835
7170 7169 7167
7172 7 7171
7174 7173 6919
7176 5 7175
7178 7177 7083
7180 2 7179
7182 3 7087
7184 7183 7181
7186 28 6481
7188 6545 7187
7190 26 6481
7192 27 7189
7194 7193 7191
7196 25 7195
7198 23 7196
7200 20 7198
7202 6483 2953
7204 26 7203
7206 7193 7205
7208 25 7207
7210 23 7208
7212 21 7210
7214 18 7212
7216 19 7200
7218 7217 7215
7220 17 7219
7222 871 47
7224 1097 47
7226 28 7225
7228 29 7223
7230 7229 7227
7232 6483 2761
7234 26 7233
7236 27 7231
7238 7237 7235
7240 25 7239
7242 23 7240
7244 20 7242
7246 6545 7227
7248 6483 2241
7250 26 7249
7252 27 7247
7254 7253 7251
7256 25 7255
7258 23 7256
7260 21 7258
7262 18 7260
7264 19 7244
7266 7265 7263
7268 17 7267
7270 6 7268
7272 7 7220
7274 7273 7271
7276 6545 2761
7278 29 7225
7280 7279 2341
7282 26 7281
7284 27 7277
7286 7285 7283
7288 25 7287
7290 23 7288
7292 20 7290
7294 7279 2953
7296 26 7295
7298 7285 7297
7300 25 7299
7302 23 7300
7304 21 7302
7306 18 7304
7308 19 7292
7310 7309 7307
7312 17 7311
7314 1055 75
7316 28 283
7318 29 7315
7320 7319 7317
7322 28 2689
7324 2243 7323
7326 26 7325
7328 27 7321
7330 7329 7327
7332 25 7331
7334 23 7332
7336 20 7334
7338 28 1137
7340 6635 7339
7342 27 7341
7344 7343 2247
7346 25 7345
7348 23 7346
7350 21 7348
7352 18 7350
7354 19 7336
7356 7355 7353
7358 17 7357
7360 6 7358
7362 7 7312
7364 7363 7361
7366 4 7365
7368 5 7275
7370 7369 7367
7372 7229 53
7374 27 7373
7376 7375 6259
7378 25 7377
7380 23 7378
7382 20 7380
7384 21 7380
7386 18 7384
7388 19 7382
7390 7389 7387
7392 17 7391
7394 8 7392
7396 9 7220
7398 7397 7395
7400 7 7399
7402 7401 7271
7404 5 7403
7406 7405 7367
7408 2 7407
7410 3 7371
7412 7411 7409
7414 28 3677
7416 727 7415
7418 1141 143
7420 29 7419
7422 7421 227
7424 26 7423
7426 27 7417
7428 7427 7425
7430 25 7429
7432 23 7430
7434 20 7432
7436 1153 215
7438 28 7437
7440 3679 7439
7442 3679 149
7444 26 7443
7446 27 7441
7448 7447 7445
7450 25 7449
7452 23 7450
7454 21 7452
7456 18 7454
7458 19 7434
7460 7459 7457
7462 763 2175
7464 7421 3141
7466 26 7465
7468 27 7463
7470 7469 7467
7472 25 7471
7474 23 7472
7476 20 7474
7478 19 7476
7480 7479 7457
7482 6 7481
7484 7 7461
7486 7485 7483
7488 1097 75
7490 28 7489
7492 727 7491
7494 29 6207
7496 7495 3625
7498 26 7497
7500 27 7493
7502 7501 7499
7504 25 7503
7506 23 7504
7508 20 7506
7510 19 7508
7512 7511 7457
7514 27 2340
7516 7515 2197
7518 25 7517
7520 23 7518
7522 20 7520
7524 2021 2179
7526 25 7525
7528 23 7526
7530 21 7528
7532 18 7530
7534 19 7522
7536 7535 7533
7538 6 7537
7540 7 7513
7542 7541 7539
7544 4 7543
7546 5 7487
7548 7547 7545
7550 14 7549
7552 15 7413
7554 7553 7551
7556 12 7555
7558 13 7185
7560 7559 7557
7562 6753 7187
7564 27 7563
7566 7565 7191
7568 20 7567
7570 1663 7187
7572 27 7571
7574 7573 7205
7576 21 7575
7578 18 7576
7580 19 7568
7582 7581 7579
7584 5253 7187
7586 27 7585
7588 7587 7191
7590 20 7589
7592 1683 7187
7594 27 7593
7596 7595 7205
7598 21 7597
7600 18 7598
7602 19 7590
7604 7603 7601
7606 16 7605
7608 17 7583
7610 7609 7607
7612 6841 7227
7614 6483 6771
7616 26 7615
7618 27 7613
7620 7619 7617
7622 20 7621
7624 1663 7227
7626 6483 2393
7628 26 7627
7630 27 7625
7632 7631 7629
7634 21 7633
7636 18 7634
7638 19 7622
7640 7639 7637
7642 921 7227
7644 6483 6809
7646 26 7645
7648 27 7643
7650 7649 7647
7652 20 7651
7654 1683 7227
7656 6483 2417
7658 26 7657
7660 27 7655
7662 7661 7659
7664 21 7663
7666 18 7664
7668 19 7652
7670 7669 7667
7672 16 7671
7674 17 7641
7676 7675 7673
7678 6 7677
7680 7 7611
7682 7681 7679
7684 6933 7283
7686 20 7685
7688 6941 7297
7690 21 7689
7692 18 7690
7694 19 7686
7696 7695 7693
7698 5253 6809
7700 27 7699
7702 7701 7283
7704 20 7703
7706 6969 7297
7708 21 7707
7710 18 7708
7712 19 7704
7714 7713 7711
7716 16 7715
7718 17 7697
7720 7719 7717
7722 7 7721
7724 7723 7077
7726 4 7725
7728 5 7683
7730 7729 7727
7732 6841 53
7734 27 7733
7736 7735 6259
7738 20 7737
7740 1631 53
7742 27 7741
7744 7743 6259
7746 21 7745
7748 18 7746
7750 19 7738
7752 7751 7749
7754 921 53
7756 27 7755
7758 7757 6259
7760 20 7759
7762 1645 53
7764 27 7763
7766 7765 6259
7768 21 7767
7770 18 7768
7772 19 7760
7774 7773 7771
7776 16 7775
7778 17 7753
7780 7779 7777
7782 8 7781
7784 9 7611
7786 7785 7783
7788 7 7787
7790 7789 7679
7792 5 7791
7794 7793 7727
7796 2 7795
7798 3 7731
7800 7799 7797
7802 871 627
7804 29 7803
7806 7805 3559
7808 26 919
7810 27 7807
7812 7811 7809
7814 25 7813
7816 23 7814
7818 20 7816
7820 28 7223
7822 6545 7821
7824 7229 3487
7826 26 7825
7828 27 7823
7830 7829 7827
7832 25 7831
7834 23 7832
7836 21 7834
7838 18 7836
7840 19 7818
7842 7841 7839
7844 17 7843
7846 28 1189
7848 29 3485
7850 7849 7847
7852 921 2761
7854 26 7853
7856 27 7851
7858 7857 7855
7860 25 7859
7862 23 7860
7864 20 7862
7866 28 3837
7868 6545 7867
7870 7229 2241
7872 26 7871
7874 27 7869
7876 7875 7873
7878 25 7877
7880 23 7878
7882 21 7880
7884 18 7882
7886 19 7864
7888 7887 7885
7890 17 7889
7892 6 7890
7894 7 7844
7896 7895 7893
7898 7805 2761
7900 1193 6137
7902 26 7901
7904 27 7899
7906 7905 7903
7908 25 7907
7910 23 7908
7912 20 7910
7914 7285 3843
7916 25 7915
7918 23 7916
7920 21 7918
7922 18 7920
7924 19 7912
7926 7925 7923
7928 17 7927
7930 7 7928
7932 7931 7361
7934 4 7933
7936 5 7897
7938 7937 7935
7940 7849 5993
7942 767 915
7944 29 7943
7946 7945 5997
7948 26 7947
7950 27 7941
7952 7951 7949
7954 25 7953
7956 23 7954
7958 20 7956
7960 7229 3343
7962 28 163
7964 6065 7963
7966 26 7965
7968 27 7961
7970 7969 7967
7972 25 7971
7974 23 7972
7976 21 7974
7978 18 7976
7980 19 7958
7982 7981 7979
7984 17 7983
7986 8 7984
7988 9 7844
7990 7989 7987
7992 7 7991
7994 7993 7893
7996 5 7995
7998 7997 7935
8000 2 7999
8002 3 7939
8004 8003 8001
8006 15 8005
8008 8007 7551
8010 12 8009
8012 13 7801
8014 8013 8011
8016 10 8015
8018 11 7561
8020 8019 8017
8022 29 494
8024 8023 2341
8026 27 8025
8028 8027 2197
8030 20 8029
8032 1303 179
8034 29 8033
8036 2151 1261
8038 26 8037
8040 27 8034
8042 8041 8039
8044 21 8043
8046 18 8044
8048 19 8030
8050 8049 8047
8052 29 962
8054 8053 2341
8056 27 8055
8058 8057 2197
8060 20 8059
8062 1941 8039
8064 21 8063
8066 18 8064
8068 19 8060
8070 8069 8067
8072 16 8071
8074 17 8051
8076 8075 8073
8078 2151 5899
8080 26 8079
8082 8027 8081
8084 20 8083
8086 6253 1001
8088 6483 6301
8090 26 8089
8092 27 8087
8094 8093 8091
8096 21 8095
8098 18 8096
8100 19 8084
8102 8101 8099
8104 2151 5933
8106 26 8105
8108 8057 8107
8110 20 8109
8112 6483 6209
8114 26 8113
8116 1965 8115
8118 21 8117
8120 18 8118
8122 19 8110
8124 8123 8121
8126 16 8125
8128 17 8103
8130 8129 8127
8132 6 8131
8134 7 8077
8136 8135 8133
8138 8023 5899
8140 27 8139
8142 8141 2197
8144 20 8143
8146 8035 499
8148 27 8147
8150 8149 7297
8152 21 8151
8154 18 8152
8156 19 8144
8158 8157 8155
8160 8053 5933
8162 27 8161
8164 8163 2197
8166 20 8165
8168 1989 7297
8170 21 8169
8172 18 8170
8174 19 8166
8176 8175 8173
8178 16 8177
8180 17 8159
8182 8181 8179
8184 8141 5903
8186 20 8185
8188 6391 2125
8190 27 8189
8192 8191 2143
8194 21 8193
8196 18 8194
8198 19 8186
8200 8199 8197
8202 29 5735
8204 8203 5933
8206 27 8205
8208 8207 5939
8210 20 8209
8212 21 7525
8214 18 8212
8216 19 8210
8218 8217 8215
8220 16 8219
8222 17 8201
8224 8223 8221
8226 6 8225
8228 7 8183
8230 8229 8227
8232 4 8231
8234 5 8137
8236 8235 8233
8238 29 6017
8240 8239 6137
8242 27 8241
8244 8243 6141
8246 25 8245
8248 23 8246
8250 20 8248
8252 7229 6153
8254 27 8253
8256 8255 6161
8258 25 8257
8260 23 8258
8262 21 8260
8264 18 8262
8266 19 8250
8268 8267 8265
8270 17 8269
8272 28 200
8274 6545 8273
8276 7229 6571
8278 26 8277
8280 27 8275
8282 8281 8279
8284 25 8283
8286 23 8284
8288 21 8286
8290 18 8288
8292 8267 8291
8294 17 8293
8296 6 8294
8298 7 8270
8300 8299 8297
8302 7229 881
8304 27 8303
8306 8305 3843
8308 25 8307
8310 23 8308
8312 21 8310
8314 18 8312
8316 8267 8315
8318 17 8317
8320 6657 2233
8322 27 8321
8324 8323 2247
8326 25 8325
8328 23 8326
8330 21 8328
8332 18 8330
8334 8267 8333
8336 17 8335
8338 6 8336
8340 7 8318
8342 8341 8339
8344 4 8343
8346 5 8301
8348 8347 8345
8350 1941 6487
8352 25 8351
8354 23 8352
8356 21 8354
8358 18 8356
8360 7535 8359
8362 25 8117
8364 23 8362
8366 21 8364
8368 18 8366
8370 7535 8369
8372 6 8371
8374 7 8361
8376 8375 8373
8378 25 8169
8380 23 8378
8382 21 8380
8384 18 8382
8386 7535 8385
8388 7 8387
8390 8389 7539
8392 4 8391
8394 5 8377
8396 8395 8393
8398 14 8397
8400 15 8349
8402 8401 8399
8404 12 8403
8406 13 8237
8408 8407 8405
8410 8035 5899
8412 6757 5671
8414 26 8413
8416 27 8411
8418 8417 8415
8420 20 8419
8422 8035 3225
8424 6775 7107
8426 26 8425
8428 27 8423
8430 8429 8427
8432 21 8431
8434 18 8432
8436 19 8420
8438 8437 8435
8440 1643 281
8442 29 8441
8444 8443 5933
8446 5253 5715
8448 26 8447
8450 27 8445
8452 8451 8449
8454 20 8453
8456 1939 3271
8458 6813 7143
8460 26 8459
8462 27 8457
8464 8463 8461
8466 21 8465
8468 18 8466
8470 19 8454
8472 8471 8469
8474 16 8473
8476 17 8439
8478 8477 8475
8480 28 3229
8482 8035 8481
8484 6757 5529
8486 26 8485
8488 27 8483
8490 8489 8487
8492 20 8491
8494 6253 6987
8496 6775 6301
8498 26 8497
8500 27 8495
8502 8501 8499
8504 21 8503
8506 18 8504
8508 19 8492
8510 8509 8507
8512 28 3275
8514 8443 8513
8516 5253 3625
8518 26 8517
8520 27 8515
8522 8521 8519
8524 20 8523
8526 1953 5265
8528 6813 6209
8530 26 8529
8532 27 8527
8534 8533 8531
8536 21 8535
8538 18 8536
8540 19 8524
8542 8541 8539
8544 16 8543
8546 17 8511
8548 8547 8545
8550 6 8549
8552 7 8479
8554 8553 8551
8556 28 2447
8558 8035 8557
8560 27 8559
8562 8561 6931
8564 20 8563
8566 8561 3751
8568 21 8567
8570 18 8568
8572 19 8564
8574 8573 8571
8576 8443 5231
8578 27 8577
8580 8579 6959
8582 20 8581
8584 1939 5231
8586 27 8585
8588 8587 3773
8590 21 8589
8592 18 8590
8594 19 8582
8596 8595 8593
8598 16 8597
8600 17 8575
8602 8601 8599
8604 1431 179
8606 28 2327
8608 29 8605
8610 8609 8607
8612 2139 5529
8614 26 8613
8616 27 8611
8618 8617 8615
8620 20 8619
8622 28 2133
8624 6391 8623
8626 27 8625
8628 8627 2143
8630 21 8629
8632 18 8630
8634 19 8620
8636 8635 8633
8638 28 2363
8640 4697 8639
8642 2007 3625
8644 26 8643
8646 27 8641
8648 8647 8645
8650 20 8649
8652 27 2001
8654 8653 2179
8656 21 8655
8658 18 8656
8660 19 8650
8662 8661 8659
8664 16 8663
8666 17 8637
8668 8667 8665
8670 6 8669
8672 7 8603
8674 8673 8671
8676 4 8675
8678 5 8555
8680 8679 8677
8682 6757 5677
8684 26 8683
8686 8417 8685
8688 20 8687
8690 19 8688
8692 8691 8435
8694 5253 5721
8696 26 8695
8698 8451 8697
8700 20 8699
8702 19 8700
8704 8703 8469
8706 16 8705
8708 17 8693
8710 8709 8707
8712 8 8711
8714 9 8479
8716 8715 8713
8718 7 8717
8720 8719 8551
8722 5 8721
8724 8723 8677
8726 2 8725
8728 3 8681
8730 8729 8727
8732 7849 6137
8734 921 6137
8736 26 8735
8738 27 8733
8740 8739 8737
8742 25 8741
8744 23 8742
8746 20 8744
8748 7229 3553
8750 7229 7963
8752 26 8751
8754 27 8749
8756 8755 8753
8758 25 8757
8760 23 8758
8762 21 8760
8764 18 8762
8766 19 8746
8768 8767 8765
8770 17 8769
8772 28 3557
8774 7849 8773
8776 921 7323
8778 26 8777
8780 27 8775
8782 8781 8779
8784 25 8783
8786 23 8784
8788 20 8786
8790 28 3577
8792 6545 8791
8794 27 8793
8796 8795 8279
8798 25 8797
8800 23 8798
8802 21 8800
8804 18 8802
8806 19 8788
8808 8807 8805
8810 17 8809
8812 6 8810
8814 7 8770
8816 8815 8813
8818 7849 7323
8820 27 8819
8822 8821 7903
8824 25 8823
8826 23 8824
8828 20 8826
8830 7229 7323
8832 27 8831
8834 8833 3843
8836 25 8835
8838 23 8836
8840 21 8838
8842 18 8840
8844 19 8828
8846 8845 8843
8848 17 8847
8850 28 2621
8852 7319 8851
8854 27 8853
8856 8855 7327
8858 25 8857
8860 23 8858
8862 20 8860
8864 28 2239
8866 6657 8865
8868 27 8867
8870 8869 2247
8872 25 8871
8874 23 8872
8876 21 8874
8878 18 8876
8880 19 8862
8882 8881 8879
8884 17 8883
8886 6 8884
8888 7 8848
8890 8889 8887
8892 4 8891
8894 5 8817
8896 8895 8893
8898 921 5997
8900 26 8899
8902 8739 8901
8904 25 8903
8906 23 8904
8908 20 8906
8910 19 8908
8912 8911 8765
8914 17 8913
8916 8 8914
8918 9 8770
8920 8919 8917
8922 7 8921
8924 8923 8813
8926 5 8925
8928 8927 8893
8930 2 8929
8932 3 8897
8934 8933 8931
8936 15 8935
8938 8937 8399
8940 12 8939
8942 13 8731
8944 8943 8941
8946 10 8945
8948 11 8409
8950 8949 8947
8952 4101 1145
8954 29 1143
8956 8955 967
8958 26 8957
8960 27 8953
8962 8961 8959
8964 20 8963
8966 191 8965
8968 4101 4259
8970 28 3989
8972 29 4257
8974 8973 8971
8976 26 8975
8978 27 8969
8980 8979 8977
8982 21 8981
8984 8983 239
8986 18 8985
8988 19 8967
8990 8989 8987
8992 1141 71
8994 28 8993
8996 29 250
8998 8997 8995
9000 29 8993
9002 9001 1005
9004 26 9003
9006 27 8999
9008 9007 9005
9010 20 9009
9012 191 9011
9014 251 215
9016 28 9015
9018 763 9017
9020 29 9015
9022 9021 2903
9024 26 9023
9026 27 9019
9028 9027 9025
9030 21 9029
9032 9031 239
9034 18 9033
9036 19 9013
9038 9037 9035
9040 16 9039
9042 17 8991
9044 9043 9041
9046 4101 1049
9048 8955 881
9050 26 9049
9052 27 9047
9054 9053 9051
9056 20 9055
9058 191 9057
9060 161 215
9062 28 9061
9064 4101 9063
9066 28 3905
9068 8973 9067
9070 26 9069
9072 27 9065
9074 9073 9071
9076 21 9075
9078 9077 239
9080 18 9079
9082 19 9059
9084 9083 9081
9086 8997 5737
9088 26 9000
9090 27 9087
9092 9091 9089
9094 20 9093
9096 191 9095
9098 763 1687
9100 9021 55
9102 26 9101
9104 27 9099
9106 9105 9103
9108 21 9107
9110 9109 239
9112 18 9111
9114 19 9097
9116 9115 9113
9118 16 9117
9120 17 9085
9122 9121 9119
9124 6 9123
9126 7 9045
9128 9127 9125
9130 4101 959
9132 29 1047
9134 9133 967
9136 26 9135
9138 27 9131
9140 9139 9137
9142 20 9141
9144 191 9143
9146 29 9061
9148 9147 8971
9150 26 9149
9152 9139 9151
9154 21 9153
9156 9155 239
9158 18 9157
9160 19 9145
9162 9161 9159
9164 28 761
9166 8997 9165
9168 8203 1005
9170 26 9169
9172 27 9167
9174 9173 9171
9176 20 9175
9178 191 9177
9180 29 214
9182 9181 2903
9184 26 9183
9186 27 761
9188 9187 9185
9190 21 9189
9192 9191 239
9194 18 9193
9196 19 9179
9198 9197 9195
9200 16 9199
9202 17 9163
9204 9203 9201
9206 21 187
9208 9207 239
9210 18 9209
9212 247 9211
9214 18 238
9216 269 9215
9218 16 9217
9220 17 9213
9222 9221 9219
9224 6 9223
9226 7 9205
9228 9227 9225
9230 4 9229
9232 5 9129
9234 9233 9231
9236 201 627
9238 1153 167
9240 28 9239
9242 29 9237
9244 9243 9241
9246 1643 179
9248 28 9247
9250 8955 9249
9252 26 9251
9254 27 9245
9256 9255 9253
9258 20 9257
9260 191 9259
9262 1055 215
9264 28 9263
9266 9243 9265
9268 28 4953
9270 8973 9269
9272 26 9271
9274 27 9267
9276 9275 9273
9278 21 9277
9280 9279 239
9282 18 9281
9284 19 9261
9286 9285 9283
9288 251 493
9290 1153 71
9292 28 9291
9294 29 9289
9296 9295 9293
9298 28 1642
9300 9001 9299
9302 26 9301
9304 27 9297
9306 9305 9303
9308 20 9307
9310 191 9309
9312 1097 215
9314 28 9313
9316 727 9315
9318 9021 4037
9320 26 9319
9322 27 9317
9324 9323 9321
9326 21 9325
9328 9327 239
9330 18 9329
9332 19 9311
9334 9333 9331
9336 16 9335
9338 17 9287
9340 9339 9337
9342 8 9341
9344 9 9045
9346 9345 9343
9348 7 9347
9350 9349 9125
9352 5 9351
9354 9353 9231
9356 2 9355
9358 3 9235
9360 9359 9357
9362 545 179
9364 1141 505
9366 28 9365
9368 29 9363
9370 9369 9367
9372 29 9365
9374 9373 673
9376 26 9375
9378 27 9371
9380 9379 9377
9382 25 9381
9384 9383 525
9386 23 9385
9388 9387 531
9390 20 9389
9392 191 9391
9394 545 215
9396 28 9395
9398 4499 9397
9400 28 4543
9402 29 9395
9404 9403 9401
9406 26 9405
9408 27 9399
9410 9409 9407
9412 25 9411
9414 9413 525
9416 23 9415
9418 9417 531
9420 21 9419
9422 9421 239
9424 18 9423
9426 19 9393
9428 9427 9425
9430 17 9429
9432 9431 575
9434 963 505
9436 28 9435
9438 9369 9437
9440 9373 513
9442 26 9441
9444 27 9439
9446 9445 9443
9448 25 9447
9450 9449 525
9452 23 9451
9454 9453 531
9456 20 9455
9458 191 9457
9460 28 4413
9462 4499 9461
9464 9403 513
9466 26 9465
9468 27 9463
9470 9469 9467
9472 25 9471
9474 9473 525
9476 23 9475
9478 9477 531
9480 21 9479
9482 9481 239
9484 18 9483
9486 19 9459
9488 9487 9485
9490 17 9489
9492 9491 575
9494 6 9493
9496 7 9433
9498 9497 9495
9500 545 505
9502 28 9501
9504 9369 9503
9506 29 9435
9508 9507 673
9510 26 9509
9512 27 9505
9514 9513 9511
9516 25 9515
9518 9517 525
9520 23 9519
9522 9521 531
9524 20 9523
9526 191 9525
9528 4499 9503
9530 4419 9401
9532 26 9531
9534 27 9529
9536 9535 9533
9538 25 9537
9540 9539 525
9542 23 9541
9544 9543 531
9546 21 9545
9548 9547 239
9550 18 9549
9552 19 9527
9554 9553 9551
9556 17 9555
9558 9557 575
9560 21 535
9562 9561 239
9564 18 9563
9566 571 9565
9568 17 9567
9570 9569 575
9572 6 9571
9574 7 9559
9576 9575 9573
9578 4 9577
9580 5 9499
9582 9581 9579
9584 28 1499
9586 29 4619
9588 9587 9585
9590 9373 589
9592 26 9591
9594 27 9589
9596 9595 9593
9598 25 9597
9600 9599 525
9602 23 9601
9604 9603 531
9606 20 9605
9608 191 9607
9610 1431 215
9612 28 9611
9614 9403 9613
9616 9403 4417
9618 26 9617
9620 27 9615
9622 9621 9619
9624 25 9623
9626 9625 525
9628 23 9627
9630 9629 531
9632 21 9631
9634 9633 239
9636 18 9635
9638 19 9609
9640 9639 9637
9642 17 9641
9644 9643 575
9646 8 9645
9648 9 9433
9650 9649 9647
9652 7 9651
9654 9653 9495
9656 5 9655
9658 9657 9579
9660 2 9659
9662 3 9583
9664 9663 9661
9666 21 719
9668 9667 239
9670 18 9669
9672 757 9671
9674 14 9673
9676 15 9665
9678 9677 9675
9680 12 9679
9682 13 9361
9684 9683 9681
i0 p0b02time29am6323
i1 p0b02time29saturday
i2 p0b02time29sunday
i3 p0b0bed29occupied
i4 p0p0bright0outside29brightness
i5 p0b02room29empty
i6 p0b02room29somebody2leaves
i7 p0b02room29somebody2enters
i8 p0b02roomlight29off
i9 p0b02roomlight29on
i10 p0b02room29switch29toggled
i11 p0b02room29bed29occupied
o0 u02roomlight29light0f1d2roomlight29turn2on1b
o1 u02roomlight29light0f1d2roomlight29toggle1b
o2 u02roomlight29light0f1d2roomlight29turn2off1b
o3 u02roomlight29light02roomlight29light
