REALIZABLE
aag 447 7 4 4 436
2
4
6
8
10
12
14
16 471
18 621
20 743
22 895
93
255
270
373
24 21 22
26 21 23
28 18 26
30 19 24
32 31 29
34 19 21
36 35 29
38 16 37
40 17 33
42 41 39
44 10 43
46 9 44
48 10 33
50 9 48
52 4 50
54 5 46
56 55 53
58 16 33
60 17 30
62 61 59
64 15 63
66 13 64
68 10 66
70 9 68
72 5 70
74 15 43
76 13 74
78 10 76
80 9 78
82 6 80
84 7 72
86 85 83
88 2 87
90 3 57
92 91 89
94 20 22
96 20 23
98 19 96
100 10 98
102 11 95
104 103 101
106 25 97
108 18 23
110 19 107
112 111 109
114 16 95
116 17 113
118 117 115
120 10 95
122 11 119
124 123 121
126 8 125
128 9 105
130 129 127
132 99 109
134 19 23
136 16 134
138 17 133
140 139 137
142 14 95
144 15 141
146 145 143
148 12 95
150 13 147
152 151 149
154 10 153
156 103 155
158 16 26
160 17 28
162 161 159
164 15 163
166 165 143
168 13 167
170 169 149
172 11 171
174 173 121
176 8 175
178 9 157
180 179 177
182 4 95
184 5 181
186 185 183
188 16 98
190 17 96
192 191 189
194 15 193
196 195 143
198 13 197
200 199 149
202 10 201
204 103 203
206 9 205
208 207 177
210 15 98
212 211 143
214 13 213
216 215 149
218 10 217
220 103 219
222 75 143
224 13 223
226 225 149
228 11 227
230 229 121
232 8 231
234 9 221
236 235 233
238 4 237
240 5 209
242 241 239
244 6 243
246 7 187
248 247 245
250 2 249
252 3 131
254 253 251
256 13 194
258 11 256
260 8 258
262 5 260
264 6 260
266 7 262
268 267 265
270 2 269
272 18 107
274 19 26
276 275 273
278 16 272
280 17 277
282 281 279
284 10 283
286 18 24
288 275 287
290 17 289
292 11 290
294 8 292
296 9 284
298 297 295
300 10 277
302 9 300
304 303 295
306 4 305
308 5 299
310 309 307
312 291 279
314 15 313
316 13 314
318 10 316
320 35 287
322 31 273
324 16 323
326 17 321
328 327 325
330 15 329
332 13 330
334 11 332
336 8 334
338 9 318
340 339 337
342 5 341
344 15 283
346 13 344
348 10 346
350 11 316
352 8 350
354 9 348
356 355 353
358 4 357
360 343 359
362 6 361
364 7 342
366 365 363
368 2 367
370 3 311
372 371 369
374 16 107
376 17 274
378 377 375
380 10 379
382 103 381
384 11 376
386 385 121
388 8 387
390 9 383
392 391 389
394 18 96
396 16 394
398 10 396
400 103 399
402 8 120
404 9 401
406 405 403
408 4 407
410 5 393
412 411 409
414 377 397
416 15 415
418 417 143
420 13 419
422 421 149
424 10 423
426 103 425
428 135 395
430 16 96
432 17 429
434 433 431
436 15 435
438 437 143
440 13 439
442 441 149
444 11 443
446 445 121
448 8 447
450 9 427
452 451 449
454 4 453
456 5 95
458 457 455
460 6 459
462 7 95
464 463 461
466 2 465
468 3 413
470 469 467
472 18 95
474 31 473
476 35 273
478 16 477
480 17 475
482 481 479
484 10 483
486 103 485
488 111 473
490 17 489
492 491 115
494 11 493
496 495 121
498 8 497
500 9 487
502 501 499
504 35 473
506 17 505
508 507 479
510 10 509
512 103 511
514 8 95
516 9 513
518 517 515
520 4 519
522 5 503
524 523 521
526 17 21
528 527 479
530 15 529
532 531 143
534 13 533
536 535 149
538 10 537
540 103 539
542 135 473
544 135 273
546 16 545
548 17 543
550 549 547
552 15 551
554 553 143
556 13 555
558 557 149
560 11 559
562 561 121
564 8 563
566 9 541
568 567 565
570 5 569
572 571 183
574 331 143
576 13 575
578 577 149
580 10 579
582 103 581
584 99 273
586 16 585
588 17 545
590 589 587
592 15 591
594 593 143
596 13 595
598 597 149
600 11 599
602 601 121
604 8 603
606 9 583
608 607 605
610 6 609
612 7 573
614 613 611
616 2 615
618 3 525
620 619 617
622 275 109
624 16 623
626 17 108
628 627 625
630 10 629
632 8 122
634 9 630
636 635 633
638 10 108
640 9 638
642 641 633
644 4 643
646 5 637
648 647 645
650 16 108
652 15 650
654 13 652
656 10 654
658 16 133
660 191 659
662 15 661
664 13 662
666 11 664
668 8 666
670 9 656
672 671 669
674 5 673
676 161 625
678 15 677
680 13 678
682 10 680
684 16 23
686 139 685
688 15 687
690 13 688
692 11 690
694 8 692
696 9 682
698 697 695
700 15 629
702 13 700
704 10 702
706 19 95
708 707 109
710 16 709
712 117 711
714 15 713
716 13 714
718 11 716
720 8 718
722 9 704
724 723 721
726 4 725
728 5 699
730 729 727
732 6 731
734 7 674
736 735 733
738 2 737
740 3 649
742 741 739
744 111 287
746 10 745
748 103 747
750 17 286
752 11 750
754 753 121
756 8 755
758 9 749
760 759 757
762 707 287
764 16 763
766 491 765
768 15 767
770 769 143
772 13 771
774 773 149
776 10 775
778 103 777
780 18 21
782 31 781
784 16 321
786 17 783
788 787 785
790 15 789
792 791 143
794 13 793
796 795 149
798 11 797
800 799 121
802 8 801
804 9 779
806 805 803
808 5 807
810 809 183
812 16 745
814 17 107
816 815 813
818 15 817
820 819 143
822 13 821
824 823 149
826 10 825
828 103 827
830 15 24
832 831 143
834 13 833
836 835 149
838 11 837
840 839 121
842 8 841
844 9 829
846 845 843
848 15 745
850 849 143
852 13 851
854 853 149
856 10 855
858 103 857
860 15 286
862 861 143
864 13 863
866 865 149
868 11 867
870 869 121
872 8 871
874 9 859
876 875 873
878 4 877
880 5 847
882 881 879
884 6 883
886 7 811
888 887 885
890 2 889
892 3 761
894 893 891
i0 p0b02room29empty
i1 p0b02room29somebody2enters
i2 p0b02room29somebody2leaves
i3 p0b02roomlight29off
i4 p0b02roomlight29on
i5 p0b02room29switch29toggled
i6 p0b02room29bed29occupied
o0 u02roomlight29light0f1d2roomlight29turn2on1b
o1 u02roomlight29light0f1d2roomlight29toggle1b
o2 u02roomlight29light0f1d2roomlight29turn2off1b
o3 u02roomlight29light02roomlight29light
