REALIZABLE
aag 131 4 3 5 124
2
4
6
8
10 135
12 181
14 263
59
68
78
93
107
16 13 15
18 10 16
20 5 18
22 12 15
24 11 22
26 4 24
28 8 26
30 9 20
32 31 29
34 3 33
36 10 22
38 5 36
40 13 14
42 11 40
44 4 42
46 8 44
48 9 38
50 49 47
52 2 51
54 6 52
56 7 34
58 57 55
60 8 24
62 9 18
64 63 61
66 2 65
68 7 66
70 8 42
72 9 36
74 73 71
76 3 75
78 6 76
80 4 18
82 9 80
84 4 36
86 9 84
88 6 86
90 7 82
92 91 89
94 5 24
96 8 94
98 5 42
100 8 98
102 6 100
104 7 96
106 105 103
108 11 16
110 4 108
112 5 16
114 113 111
116 9 115
118 117 97
120 109 37
122 5 121
124 123 111
126 9 125
128 127 101
130 6 129
132 7 119
134 133 131
136 11 15
138 4 136
140 5 108
142 141 139
144 8 143
146 83 145
148 5 136
150 149 111
152 8 151
154 31 153
156 2 155
158 3 147
160 159 157
162 4 121
164 141 163
166 9 165
168 167 47
170 2 129
172 3 169
174 173 171
176 6 175
178 7 161
180 179 177
182 41 23
184 11 183
186 185 37
188 10 15
190 43 189
192 8 191
194 9 187
196 195 193
198 185 189
200 4 199
202 5 187
204 203 201
206 5 191
208 207 201
210 8 209
212 9 205
214 213 211
216 2 215
218 3 197
220 219 217
222 185 19
224 8 15
226 9 223
228 227 225
230 5 223
232 231 201
234 12 14
236 11 235
238 237 189
240 4 239
242 5 15
244 243 241
246 8 245
248 9 233
250 249 247
252 2 251
254 3 229
256 255 253
258 6 257
260 7 221
262 261 259
i0 tx_0
i1 ty_0
i2 rx_0
i3 ry_0
o0 serve
o1 right
o2 left
o3 up
o4 down
