REALIZABLE
aag 69 2 3 2 64
2
4
6 103
8 123
10 139
55
89
12 8 11
14 9 11
16 6 14
18 7 12
20 19 17
22 6 9
24 19 23
26 4 25
28 5 21
30 29 27
32 9 10
34 33 13
36 8 10
38 6 37
40 7 35
42 41 39
44 4 43
46 5 16
48 47 45
50 2 49
52 3 31
54 53 51
56 6 35
58 7 9
60 59 57
62 6 12
64 59 63
66 4 65
68 5 61
70 69 67
72 7 37
74 73 57
76 7 14
78 4 76
80 5 75
82 81 79
84 2 83
86 3 71
88 87 85
90 7 11
92 91 39
94 5 93
96 5 37
98 2 96
100 3 94
102 101 99
104 6 11
106 19 105
108 5 107
110 109 79
112 4 37
114 5 104
116 115 113
118 2 117
120 3 111
122 121 119
124 5 32
126 125 45
128 6 32
130 41 129
132 5 131
134 2 132
136 3 127
138 137 135
i0 a
i1 b
o0 p0
o1 p1
