REALIZABLE
aag 77 2 3 3 72
2
4
6 117
8 139
10 155
35
63
95
12 9 11
14 6 12
16 8 11
18 6 9
20 7 16
22 21 19
24 4 14
26 5 23
28 27 25
30 2 29
32 3 14
34 33 31
36 7 12
38 8 10
40 6 16
42 7 39
44 43 41
46 4 45
48 5 36
50 49 47
52 9 10
54 7 52
56 4 54
58 2 56
60 3 51
62 61 59
64 53 17
66 6 52
68 4 66
70 5 65
72 71 69
74 7 9
76 75 41
78 6 65
80 7 11
82 81 79
84 4 83
86 5 77
88 87 85
90 2 89
92 3 73
94 93 91
96 37 19
98 4 39
100 5 97
102 101 99
104 6 39
106 21 105
108 5 107
110 109 99
112 2 111
114 3 103
116 115 113
118 4 65
120 5 66
122 121 119
124 37 41
126 43 79
128 4 127
130 5 125
132 131 129
134 2 133
136 3 123
138 137 135
140 7 65
142 141 41
144 5 143
146 141 67
148 5 147
150 2 148
152 3 144
154 153 151
i0 b
i1 a
o0 p0
o1 p1
o2 p2
