REALIZABLE
aag 67 2 3 4 62
2
4
6 105
8 125
10 135
0
39
65
81
12 8 11
14 9 10
16 15 13
18 8 10
20 6 19
22 7 17
24 23 21
26 7 12
28 4 26
30 5 25
32 31 29
34 2 30
36 3 33
38 37 35
40 9 11
42 7 40
44 7 14
46 4 44
48 5 42
50 49 47
52 6 14
54 23 53
56 4 55
58 49 57
60 2 59
62 3 51
64 63 61
66 43 21
68 4 67
70 6 11
72 43 71
74 4 73
76 2 74
78 3 68
80 79 77
82 6 17
84 7 9
86 85 83
88 45 83
90 4 89
92 5 87
94 93 91
96 4 25
98 49 97
100 2 99
102 3 95
104 103 101
106 6 40
108 27 107
110 7 11
112 111 107
114 4 113
116 5 109
118 117 115
120 2 48
122 3 119
124 123 121
126 4 19
128 31 127
130 2 129
132 3 89
134 133 131
i0 a
i1 b
o0 p0
o1 p1
o2 p2
o3 p3
