REALIZABLE
aag 70 3 3 2 64
2
4
6
8 117
10 126
12 140
53
93
14 11 13
16 8 14
18 5 16
20 10 13
22 9 20
24 23 17
26 11 12
28 27 21
30 8 13
32 9 29
34 33 31
36 4 35
38 5 25
40 39 37
42 6 41
44 7 18
46 45 43
48 2 35
50 3 47
52 51 49
54 10 12
56 8 20
58 9 55
60 59 57
62 59 31
64 4 63
66 5 61
68 67 65
70 9 11
72 71 57
74 9 14
76 4 74
78 5 73
80 79 77
82 6 81
84 7 69
86 85 83
88 2 74
90 3 87
92 91 89
94 75 31
96 4 56
98 5 95
100 99 97
102 5 74
104 103 65
106 6 105
108 7 101
110 109 107
112 2 63
114 3 111
116 115 113
118 23 31
120 5 119
122 121 65
124 7 123
126 3 124
128 9 26
130 5 128
132 5 35
134 6 132
136 7 130
138 137 135
140 3 139
i0 b
i1 a
i2 c
o0 p0
o1 p1
