REALIZABLE
aag 127 2 4 3 121
2
4
6 163
8 191
10 223
12 255
51
85
114
14 10 13
16 11 12
18 17 15
20 11 13
22 8 20
24 6 22
26 7 19
28 27 25
30 2 29
32 10 12
34 8 33
36 9 21
38 37 35
40 6 33
42 7 39
44 43 41
46 4 45
48 5 30
50 49 47
52 8 13
54 9 19
56 55 53
58 6 13
60 7 57
62 61 59
64 8 16
66 9 20
68 67 65
70 6 69
72 2 70
74 3 63
76 75 73
78 7 66
80 4 78
82 5 77
84 83 81
86 9 18
88 87 65
90 6 16
92 7 89
94 93 91
96 87 23
98 8 14
100 55 99
102 6 101
104 7 97
106 105 103
108 2 107
110 3 95
112 111 109
114 5 113
116 8 32
118 7 117
120 119 41
122 9 32
124 123 53
126 9 13
128 127 35
130 6 129
132 7 125
134 133 131
136 2 135
138 3 121
140 139 137
142 8 19
144 67 143
146 6 145
148 7 52
150 149 147
152 2 151
154 3 78
156 155 153
158 4 157
160 5 141
162 161 159
164 9 16
166 6 164
168 7 64
170 169 167
172 6 98
174 7 126
176 175 173
178 2 177
180 3 171
182 181 179
184 139 153
186 4 185
188 5 183
190 189 187
192 9 33
194 193 143
196 6 195
198 7 122
200 199 197
202 2 201
204 75 203
206 67 53
208 7 207
210 209 147
212 2 211
214 3 45
216 215 213
218 4 217
220 5 205
222 221 219
224 55 65
226 165 23
228 6 227
230 7 225
232 231 229
234 2 233
236 181 235
238 37 65
240 55 23
242 6 241
244 7 239
246 245 243
248 2 247
250 4 248
252 5 237
254 253 251
i0 a
i1 b
o0 p0
o1 p1
o2 p2
