REALIZABLE
aag 149 3 4 1 142
2
4
6
8 75
10 177
12 223
14 299
20
16 13 15
18 11 16
20 8 18
22 12 14
24 12 15
26 13 14
28 27 25
30 8 23
32 9 29
34 33 31
36 6 35
38 7 23
40 39 37
42 10 23
44 9 42
46 45 31
48 4 47
50 5 41
52 51 49
54 10 16
56 11 29
58 57 55
60 9 59
62 61 31
64 6 23
66 7 63
68 67 65
70 2 69
72 3 53
74 73 71
76 57 43
78 8 77
80 9 23
82 81 79
84 10 15
86 19 85
88 10 29
90 8 88
92 9 87
94 93 91
96 6 95
98 7 83
100 99 97
102 10 13
104 11 24
106 105 103
108 8 107
110 45 109
112 10 26
114 8 112
116 6 114
118 7 111
120 119 117
122 4 121
124 5 101
126 125 123
128 11 15
130 129 43
132 11 26
134 133 43
136 8 135
138 9 131
140 139 137
142 10 24
144 9 142
146 145 91
148 6 147
150 7 141
152 151 149
154 129 89
156 8 102
158 9 155
160 159 157
162 7 161
164 163 117
166 4 165
168 5 153
170 169 167
172 2 171
174 3 127
176 175 173
178 8 104
180 9 56
182 181 179
184 6 183
186 9 128
188 9 54
190 189 179
192 6 191
194 7 186
196 195 193
198 4 197
200 5 184
202 201 199
204 133 143
206 8 205
208 93 207
210 6 142
212 7 209
214 213 211
216 5 215
218 2 216
220 3 203
222 221 219
224 133 89
226 8 225
228 145 227
230 6 229
232 99 231
234 133 55
236 105 113
238 8 237
240 9 235
242 241 239
244 11 23
246 9 244
248 247 115
250 6 249
252 7 243
254 253 251
256 4 255
258 5 233
260 259 257
262 9 237
264 263 157
266 8 26
268 9 16
270 269 267
272 6 271
274 7 265
276 275 273
278 19 89
280 9 279
282 281 115
284 7 283
286 285 117
288 4 287
290 5 277
292 291 289
294 2 293
296 3 261
298 297 295
i0 p
i1 q
i2 r
o0 acc
