REALIZABLE
aag 57 4 3 1 50
2
4
6
8
10 61
12 85
14 115
18
16 13 15
18 10 16
20 15 8
22 12 20
24 17 23
26 10 25
28 11 22
30 29 27
32 9 7
34 15 33
36 12 34
38 17 37
40 10 39
42 29 41
44 10 15
46 11 25
48 47 45
50 4 49
52 5 43
54 53 51
56 2 55
58 3 31
60 59 57
62 6 9
64 15 62
66 12 64
68 17 67
70 15 9
72 12 70
74 10 72
76 11 69
78 77 75
80 4 79
82 5 66
84 83 81
86 15 32
88 12 87
90 12 86
92 10 90
94 11 89
96 95 93
98 13 14
100 99 91
102 11 101
104 4 102
106 5 97
108 107 105
110 2 102
112 3 109
114 113 111
i0 p
i1 q
i2 r
i3 s
o0 acc
