REALIZABLE
aag 135 4 3 4 128
2
4
6
8
10 159
12 211
14 271
44
64
76
78
16 13 14
18 13 15
20 10 18
22 11 16
24 23 21
26 8 22
28 9 25
30 29 27
32 6 22
34 7 31
36 35 33
38 4 22
40 5 37
42 41 39
44 2 43
46 10 15
48 12 15
50 10 48
52 8 50
54 9 46
56 55 53
58 6 50
60 7 57
62 61 59
64 4 63
66 11 48
68 67 21
70 8 66
72 9 69
74 73 71
76 6 75
78 8 20
80 11 15
82 8 80
84 73 83
86 6 85
88 7 18
90 89 87
92 11 18
94 93 47
96 81 51
98 8 97
100 73 99
102 6 101
104 7 95
106 105 103
108 4 107
110 5 91
112 111 109
114 11 13
116 8 114
118 29 117
120 6 116
122 7 119
124 123 121
126 115 21
128 8 127
130 9 114
132 131 129
134 12 14
136 11 135
138 8 136
140 73 139
142 6 141
144 7 133
146 145 143
148 4 147
150 5 125
152 151 149
154 2 153
156 3 113
158 157 155
160 9 92
162 161 79
164 6 163
166 8 69
168 9 15
170 169 167
172 6 171
174 7 163
176 175 173
178 4 177
180 5 164
182 181 179
184 131 79
186 6 185
188 137 21
190 9 189
192 191 167
194 6 193
196 7 185
198 197 195
200 4 199
202 5 186
204 203 201
206 2 205
208 3 183
210 209 207
212 17 49
214 11 213
216 215 51
218 23 51
220 6 219
222 7 217
224 223 221
226 7 214
228 227 33
230 4 229
232 5 225
234 233 231
236 67 47
238 8 237
240 9 97
242 241 239
244 8 48
246 9 237
248 247 245
250 6 249
252 7 243
254 253 251
256 7 249
258 257 59
260 4 259
262 5 255
264 263 261
266 2 265
268 3 235
270 269 267
i0 r_0
i1 r_1
i2 r_2
i3 r_3
o0 g_0
o1 g_1
o2 g_2
o3 g_3
