REALIZABLE
aag 85 2 4 13 79
2
4
6 139
8 153
10 167
12 171
33
40
69
80
0
86
92
98
102
0
106
110
114
14 10 12
16 8 13
18 9 15
20 19 17
22 6 13
24 7 21
26 25 23
28 4 13
30 5 27
32 31 29
34 10 13
36 8 34
38 6 36
40 4 38
42 9 11
44 7 42
46 4 44
48 31 47
50 11 12
52 51 35
54 9 53
56 55 17
58 7 57
60 59 23
62 5 61
64 2 62
66 3 49
68 67 65
70 11 13
72 9 70
74 7 72
76 5 74
78 77 47
80 2 79
82 9 50
84 7 82
86 4 84
88 9 34
90 7 88
92 4 90
94 8 70
96 7 94
98 4 96
100 7 36
102 4 100
104 6 94
106 4 104
108 6 88
110 4 108
112 6 72
114 4 112
116 89 17
118 7 117
120 4 118
122 5 22
124 123 121
126 75 23
128 4 24
130 5 127
132 131 129
134 2 133
136 3 125
138 137 135
140 9 13
142 6 140
144 7 16
146 145 143
148 4 147
150 5 16
152 151 149
154 89 95
156 6 155
158 7 34
160 159 157
162 4 161
164 5 34
166 165 163
168 5 84
170 169 41
i0 p0b0start
i1 p0b0wait
o0 u0finished0p1dbf1b
o1 u0out0f1dconst81b
o2 u0out0f1dnone1b
o3 u0out0f1dconst241b
o4 u0finished0finished
o5 u0finished0p1dbt1b
o6 u0out0f1dconst51b
o7 u0out0f1dconst31b
o8 u0out0f1dconst71b
o9 u0out0out
o10 u0out0f1dconst41b
o11 u0out0f1dconst61b
o12 u0out0f1dconst251b
