REALIZABLE
aag 1335 4 6 11 1325
2
4
6
8
10 1737
12 1991
14 2207
16 2379
18 2559
20 2671
477
663
735
760
790
35
794
1211
0
0
1457
22 18 20
24 16 21
26 17 23
28 27 25
30 14 29
32 15 23
34 33 31
36 16 23
38 17 21
40 39 37
42 19 21
44 16 42
46 39 45
48 14 47
50 15 41
52 51 49
54 17 42
56 55 37
58 15 57
60 59 49
62 12 61
64 13 53
66 65 63
68 8 67
70 9 35
72 71 69
74 17 19
76 75 45
78 14 77
80 15 47
82 81 79
84 18 21
86 19 20
88 87 85
90 16 84
92 17 89
94 93 91
96 15 95
98 12 96
100 13 83
102 101 99
104 16 86
106 14 84
108 15 104
110 109 107
112 75 25
114 15 113
116 115 49
118 12 117
120 13 111
122 121 119
124 10 123
126 11 103
128 127 125
130 14 42
132 81 131
134 15 90
136 12 134
138 13 133
140 139 137
142 17 84
144 14 142
146 109 145
148 55 25
150 15 149
152 151 49
154 12 153
156 13 147
158 157 155
160 10 159
162 11 141
164 163 161
166 8 165
168 9 129
170 169 167
172 6 171
174 7 73
176 175 173
178 16 89
180 15 178
182 181 31
184 12 183
186 13 150
188 187 185
190 15 142
192 191 79
194 15 84
196 195 79
198 12 197
200 13 193
202 201 199
204 10 203
206 11 189
208 207 205
210 181 49
212 12 211
214 187 213
216 191 131
218 135 131
220 12 219
222 13 217
224 223 221
226 10 225
228 11 215
230 229 227
232 8 231
234 9 209
236 235 233
238 15 42
240 13 238
242 241 137
244 10 220
246 11 243
248 247 245
250 6 249
252 7 237
254 253 251
256 4 255
258 5 177
260 259 257
262 55 91
264 93 25
266 14 265
268 15 263
270 269 267
272 143 45
274 143 25
276 14 275
278 15 273
280 279 277
282 12 281
284 13 271
286 285 283
288 17 86
290 289 45
292 15 291
294 293 277
296 143 37
298 93 45
300 14 299
302 15 297
304 303 301
306 12 305
308 13 295
310 309 307
312 10 311
314 11 287
316 315 313
318 14 273
320 269 319
322 15 44
324 323 319
326 12 325
328 13 321
330 329 327
332 15 36
334 333 319
336 12 335
338 13 325
340 339 337
342 10 341
344 11 331
346 345 343
348 8 347
350 9 317
352 351 349
354 14 291
356 15 54
358 357 355
360 12 190
362 13 359
364 363 361
366 15 24
368 367 319
370 12 369
372 13 106
374 373 371
376 10 375
378 11 365
380 379 377
382 14 44
384 357 383
386 13 385
388 13 144
390 389 371
392 10 391
394 11 386
396 395 393
398 8 397
400 9 381
402 401 399
404 6 403
406 7 353
408 407 405
410 12 276
412 13 268
414 413 411
416 195 355
418 12 417
420 13 382
422 421 419
424 10 423
426 11 415
428 427 425
430 12 318
432 413 431
434 135 383
436 12 435
438 421 437
440 10 439
442 11 433
444 443 441
446 8 445
448 9 429
450 449 447
452 13 356
454 10 436
456 11 452
458 457 455
460 6 459
462 7 451
464 463 461
466 4 465
468 5 409
470 469 467
472 2 471
474 3 261
476 475 473
478 289 91
480 14 479
482 15 288
484 483 481
486 15 92
488 487 481
490 12 489
492 13 485
494 493 491
496 14 288
498 12 486
500 13 496
502 501 499
504 14 90
506 12 482
508 13 504
510 509 507
512 10 511
514 11 503
516 515 513
518 6 517
520 7 495
522 521 519
524 12 480
526 191 497
528 12 527
530 501 529
532 10 531
534 11 524
536 535 533
538 7 537
540 4 538
542 5 523
544 543 541
546 191 481
548 195 505
550 12 549
552 13 547
554 553 551
556 97 505
558 13 557
560 559 529
562 10 561
564 11 555
566 565 563
568 191 505
570 12 569
572 13 480
574 573 571
576 483 505
578 13 577
580 579 529
582 10 581
584 11 575
586 585 583
588 8 587
590 9 567
592 591 589
594 12 194
596 13 527
598 597 595
600 10 508
602 11 599
604 603 601
606 501 361
608 11 607
610 609 601
612 8 611
614 9 605
616 615 613
618 6 617
620 7 593
622 621 619
624 12 90
626 13 190
628 627 529
630 10 629
632 11 624
634 633 631
636 12 504
638 10 528
640 11 636
642 641 639
644 8 643
646 9 635
648 647 645
650 7 649
652 4 650
654 5 623
656 655 653
658 2 657
660 3 545
662 661 659
664 10 156
666 11 147
668 667 665
670 6 664
672 7 669
674 673 671
676 12 147
678 11 676
680 7 678
682 4 680
684 5 675
686 685 683
688 14 38
690 357 689
692 12 691
694 13 688
696 695 693
698 10 388
700 11 697
702 701 699
704 14 54
706 13 704
708 11 706
710 709 699
712 6 711
714 7 703
716 715 713
718 12 688
720 11 718
722 7 720
724 4 722
726 5 717
728 727 725
730 2 729
732 3 687
734 733 731
736 12 80
738 223 737
740 16 19
742 55 741
744 15 743
746 745 145
748 12 747
750 187 749
752 10 751
754 11 739
756 755 753
758 7 757
760 4 758
762 12 42
764 13 134
766 765 763
768 15 21
770 769 131
772 143 105
774 15 773
776 12 774
778 13 771
780 779 777
782 10 781
784 11 767
786 785 783
788 6 787
790 5 788
792 6 35
794 4 792
796 8 495
798 289 179
800 15 799
802 801 107
804 745 31
806 12 805
808 13 803
810 809 807
812 15 29
814 813 79
816 775 481
818 12 817
820 13 815
822 821 819
824 10 823
826 11 811
828 827 825
830 14 95
832 801 831
834 27 741
836 15 835
838 837 31
840 12 839
842 13 833
844 843 841
846 14 113
848 813 847
850 93 105
852 15 851
854 853 481
856 12 855
858 13 849
860 859 857
862 10 861
864 11 845
866 865 863
868 8 867
870 9 829
872 871 869
874 6 873
876 7 796
878 877 875
880 853 31
882 27 45
884 15 883
886 12 884
888 13 881
890 889 887
892 75 37
894 15 893
896 895 107
898 15 19
900 899 107
902 12 901
904 13 897
906 905 903
908 10 907
910 11 891
912 911 909
914 885 481
916 12 915
918 889 917
920 895 831
922 837 831
924 12 923
926 13 921
928 927 925
930 10 929
932 11 919
934 933 931
936 8 935
938 9 913
940 939 937
942 15 89
944 943 31
946 13 945
948 947 841
950 13 35
952 951 925
954 10 953
956 11 949
958 957 955
960 6 959
962 7 941
964 963 961
966 4 965
968 5 879
970 969 967
972 93 741
974 15 973
976 975 705
978 75 179
980 14 74
982 15 979
984 983 981
986 12 985
988 13 977
990 989 987
992 39 179
994 15 993
996 995 981
998 14 263
1000 15 74
1002 1001 999
1004 12 1003
1006 13 997
1008 1007 1005
1010 10 1009
1012 11 991
1014 1013 1011
1016 75 91
1018 14 1017
1020 975 1019
1022 27 179
1024 15 1023
1026 1025 1019
1028 12 1027
1030 13 1021
1032 1031 1029
1034 15 26
1036 1035 1019
1038 12 1037
1040 13 1027
1042 1041 1039
1044 10 1043
1046 11 1033
1048 1047 1045
1050 8 1049
1052 9 1015
1054 1053 1051
1056 93 37
1058 39 91
1060 14 1059
1062 15 1057
1064 1063 1061
1066 895 31
1068 12 1067
1070 13 1065
1072 1071 1069
1074 33 79
1076 27 105
1078 15 1077
1080 1079 1019
1082 12 1081
1084 13 1075
1086 1085 1083
1088 10 1087
1090 11 1073
1092 1091 1089
1094 27 91
1096 14 1095
1098 1063 1097
1100 12 35
1102 13 1099
1104 1103 1101
1106 33 847
1108 13 1107
1110 1109 1083
1112 10 1111
1114 11 1105
1116 1115 1113
1118 8 1117
1120 9 1093
1122 1121 1119
1124 6 1123
1126 7 1055
1128 1127 1125
1130 975 31
1132 33 981
1134 12 1133
1136 13 1131
1138 1137 1135
1140 33 1097
1142 899 1061
1144 12 1143
1146 13 1141
1148 1147 1145
1150 10 1149
1152 11 1139
1154 1153 1151
1156 33 1019
1158 12 1157
1160 1137 1159
1162 837 1097
1164 12 1163
1166 1147 1165
1168 10 1167
1170 11 1161
1172 1171 1169
1174 8 1173
1176 9 1155
1178 1177 1175
1180 1063 31
1182 13 1181
1184 1183 1101
1186 951 1165
1188 10 1187
1190 11 1185
1192 1191 1189
1194 6 1193
1196 7 1179
1198 1197 1195
1200 4 1199
1202 5 1129
1204 1203 1201
1206 2 1205
1208 3 971
1210 1209 1207
1212 151 131
1214 12 1213
1216 779 1215
1218 779 63
1220 10 1219
1222 11 1217
1224 1223 1221
1226 14 21
1228 837 1227
1230 181 831
1232 12 1231
1234 13 1229
1236 1235 1233
1238 151 31
1240 12 1239
1242 13 288
1244 1243 1241
1246 10 1245
1248 11 1237
1250 1249 1247
1252 6 1251
1254 7 1225
1256 1255 1253
1258 15 479
1260 1259 131
1262 12 1261
1264 927 1263
1266 853 1227
1268 14 149
1270 1259 1269
1272 12 1271
1274 13 1267
1276 1275 1273
1278 10 1277
1280 11 1265
1282 1281 1279
1284 7 1283
1286 4 1284
1288 5 1257
1290 1289 1287
1292 895 383
1294 289 741
1296 15 1295
1298 1297 355
1300 12 1299
1302 13 1293
1304 1303 1301
1306 745 79
1308 895 1227
1310 12 1309
1312 13 1307
1314 1313 1311
1316 10 1315
1318 11 1305
1320 1319 1317
1322 33 383
1324 289 37
1326 15 1325
1328 1327 355
1330 12 1329
1332 13 1323
1334 1333 1331
1336 51 79
1338 13 1337
1340 1339 1311
1342 10 1341
1344 11 1335
1346 1345 1343
1348 8 1347
1350 9 1321
1352 1351 1349
1354 899 277
1356 15 86
1358 1357 831
1360 12 1359
1362 13 1355
1364 1363 1361
1366 1357 497
1368 115 31
1370 12 1369
1372 13 1367
1374 1373 1371
1376 10 1375
1378 11 1365
1380 1379 1377
1382 837 277
1384 12 833
1386 13 1383
1388 1387 1385
1390 11 1389
1392 1391 1377
1394 8 1393
1396 9 1381
1398 1397 1395
1400 6 1399
1402 7 1353
1404 1403 1401
1406 1357 355
1408 12 1407
1410 927 1409
1412 1357 31
1414 13 1413
1416 1415 1273
1418 10 1417
1420 11 1411
1422 1421 1419
1424 801 355
1426 12 1425
1428 927 1427
1430 889 1273
1432 10 1431
1434 11 1429
1436 1435 1433
1438 8 1437
1440 9 1423
1442 1441 1439
1444 7 1443
1446 4 1444
1448 5 1405
1450 1449 1447
1452 2 1451
1454 3 1291
1456 1455 1453
1458 15 1059
1460 1459 505
1462 12 557
1464 13 1461
1466 1465 1463
1468 769 847
1470 51 1061
1472 12 1471
1474 13 1469
1476 1475 1473
1478 10 1477
1480 11 1467
1482 1481 1479
1484 9 1483
1486 357 497
1488 13 1487
1490 15 77
1492 1491 705
1494 12 1493
1496 157 1495
1498 10 1497
1500 11 1488
1502 1501 1499
1504 121 507
1506 10 1505
1508 515 1507
1510 8 1509
1512 9 1503
1514 1513 1511
1516 6 1515
1518 7 1484
1520 1519 1517
1522 1459 1269
1524 813 505
1526 12 1525
1528 13 1523
1530 1529 1527
1532 11 1531
1534 1533 1479
1536 8 757
1538 9 1535
1540 1539 1537
1542 239 705
1544 12 1543
1546 13 42
1548 1547 1545
1550 10 1549
1552 457 1551
1554 9 1553
1556 6 1554
1558 7 1541
1560 1559 1557
1562 4 1561
1564 5 1521
1566 1565 1563
1568 269 497
1570 13 1569
1572 1571 507
1574 59 1097
1576 12 1575
1578 13 77
1580 1579 1577
1582 10 1581
1584 11 1573
1586 1585 1583
1588 9 1587
1590 1589 589
1592 1459 999
1594 14 24
1596 15 265
1598 1597 1595
1600 12 1599
1602 13 1593
1604 1603 1601
1606 323 267
1608 13 1607
1610 1609 1473
1612 10 1611
1614 11 1605
1616 1615 1613
1618 135 705
1620 12 44
1622 13 1619
1624 1623 1621
1626 339 777
1628 10 1627
1630 11 1625
1632 1631 1629
1634 8 1633
1636 9 1617
1638 1637 1635
1640 6 1639
1642 7 1591
1644 1643 1641
1646 15 38
1648 1647 705
1650 12 356
1652 13 1649
1654 1653 1651
1656 269 131
1658 357 981
1660 12 1659
1662 13 1657
1664 1663 1661
1666 10 1665
1668 11 1655
1670 1669 1667
1672 191 705
1674 357 505
1676 12 1675
1678 13 1673
1680 1679 1677
1682 1647 497
1684 12 1683
1686 413 1685
1688 10 1687
1690 11 1681
1692 1691 1689
1694 8 1693
1696 9 1671
1698 1697 1695
1700 943 831
1702 943 267
1704 12 1703
1706 13 1701
1708 1707 1705
1710 10 1709
1712 1191 1711
1714 8 35
1716 9 1713
1718 1717 1715
1720 6 1719
1722 7 1699
1724 1723 1721
1726 4 1725
1728 5 1645
1730 1729 1727
1732 2 1731
1734 3 1567
1736 1735 1733
1738 323 1269
1740 885 1269
1742 12 1741
1744 13 1739
1746 1745 1743
1748 191 1595
1750 12 1749
1752 573 1751
1754 10 1753
1756 11 1747
1758 1757 1755
1760 8 1225
1762 9 1759
1764 1763 1761
1766 1489 499
1768 509 1495
1770 10 1769
1772 11 1767
1774 1773 1771
1776 8 517
1778 9 1775
1780 1779 1777
1782 6 1781
1784 7 1765
1786 1785 1783
1788 14 92
1790 1297 1789
1792 14 883
1794 109 1793
1796 12 1795
1798 13 1791
1800 1799 1797
1802 1357 145
1804 483 355
1806 12 1805
1808 13 1803
1810 1809 1807
1812 10 1811
1814 11 1801
1816 1815 1813
1818 801 31
1820 12 1819
1822 927 1821
1824 97 847
1826 12 1825
1828 889 1827
1830 10 1829
1832 11 1823
1834 1833 1831
1836 8 1835
1838 9 1817
1840 1839 1837
1842 6 1484
1844 7 1841
1846 1845 1843
1848 4 1847
1850 5 1787
1852 1851 1849
1854 1327 383
1856 13 1855
1858 1857 1301
1860 109 497
1862 801 277
1864 12 1863
1866 13 1861
1868 1867 1865
1870 10 1869
1872 11 1859
1874 1873 1871
1876 9 1875
1878 1877 1349
1880 269 505
1882 1491 1269
1884 12 1883
1886 13 1881
1888 1887 1885
1890 769 79
1892 13 1891
1894 1893 1473
1896 10 1895
1898 11 1889
1900 1899 1897
1902 8 787
1904 9 1901
1906 1905 1903
1908 6 1907
1910 7 1879
1912 1911 1909
1914 14 26
1916 975 1915
1918 55 179
1920 15 1919
1922 1921 31
1924 12 1923
1926 13 1917
1928 1927 1925
1930 1025 145
1932 1035 355
1934 12 1933
1936 13 1931
1938 1937 1935
1940 10 1939
1942 11 1929
1944 1943 1941
1946 983 31
1948 12 1947
1950 1147 1949
1952 1025 31
1954 15 1095
1956 1955 847
1958 12 1957
1960 13 1953
1962 1961 1959
1964 10 1963
1966 11 1951
1968 1967 1965
1970 8 1969
1972 9 1945
1974 1973 1971
1976 7 1975
1978 1977 1721
1980 4 1979
1982 5 1913
1984 1983 1981
1986 2 1985
1988 3 1853
1990 1989 1987
1992 487 505
1994 12 1993
1996 509 1995
1998 10 575
2000 11 1997
2002 2001 1999
2004 9 2003
2006 1297 49
2008 109 1789
2010 12 2009
2012 13 2007
2014 2013 2011
2016 12 354
2018 13 482
2020 2019 2017
2022 10 2021
2024 11 2015
2026 2025 2023
2028 8 1251
2030 9 2027
2032 2031 2029
2034 6 2033
2036 7 2004
2038 2037 2035
2040 899 1789
2042 12 846
2044 13 2041
2046 2045 2043
2048 1357 1793
2050 487 79
2052 12 2051
2054 13 2049
2056 2055 2053
2058 10 2057
2060 11 2047
2062 2061 2059
2064 1259 847
2066 12 2065
2068 927 2067
2070 11 2069
2072 2071 1831
2074 8 2073
2076 9 2063
2078 2077 2075
2080 7 2079
2082 2081 1557
2084 4 2083
2086 5 2039
2088 2087 2085
2090 191 1061
2092 12 1059
2094 13 2091
2096 2095 2093
2098 13 84
2100 2099 361
2102 10 2101
2104 11 2097
2106 2105 2103
2108 8 703
2110 9 2107
2112 2111 2109
2114 1063 267
2116 12 2115
2118 1183 2117
2120 1297 267
2122 13 2121
2124 2123 1705
2126 10 2125
2128 11 2119
2130 2129 2127
2132 951 2117
2134 2123 1101
2136 10 2135
2138 11 2133
2140 2139 2137
2142 8 2141
2144 9 2131
2146 2145 2143
2148 6 2147
2150 7 2113
2152 2151 2149
2154 2045 185
2156 853 49
2158 13 2157
2160 2159 2053
2162 10 2161
2164 11 2155
2166 2165 2163
2168 9 2167
2170 2169 1837
2172 1297 1793
2174 745 1793
2176 12 2175
2178 13 2173
2180 2179 2177
2182 11 2181
2184 2183 1813
2186 9 2185
2188 2187 1715
2190 6 2189
2192 7 2171
2194 2193 2191
2196 4 2195
2198 5 2153
2200 2199 2197
2202 2 2201
2204 3 2089
2206 2205 2203
2208 143 179
2210 15 2209
2212 2211 107
2214 943 107
2216 12 2215
2218 13 2213
2220 2219 2217
2222 2211 831
2224 12 2213
2226 13 2223
2228 2227 2225
2230 10 2229
2232 11 2221
2234 2233 2231
2236 8 669
2238 9 2235
2240 2239 2237
2242 7 2241
2244 2243 671
2246 681 1721
2248 4 2247
2250 5 2245
2252 2251 2249
2254 33 1595
2256 289 25
2258 14 2257
2260 1063 2259
2262 12 2261
2264 13 2255
2266 2265 2263
2268 51 847
2270 33 1227
2272 12 2271
2274 13 2269
2276 2275 2273
2278 10 2277
2280 11 2267
2282 2281 2279
2284 9 2283
2286 2285 1349
2288 837 319
2290 2211 1789
2292 12 2291
2294 13 2289
2296 2295 2293
2298 1357 505
2300 12 77
2302 13 2299
2304 2303 2301
2306 10 2305
2308 11 2297
2310 2309 2307
2312 9 2311
2314 2313 1395
2316 6 2315
2318 7 2287
2320 2319 2317
2322 895 267
2324 13 2323
2326 2325 2263
2328 1063 1227
2330 12 2329
2332 1137 2331
2334 10 2333
2336 11 2327
2338 2337 2335
2340 1063 355
2342 12 2341
2344 2325 2343
2346 1327 1227
2348 12 2347
2350 1137 2349
2352 10 2351
2354 11 2345
2356 2355 2353
2358 8 2357
2360 9 2339
2362 2361 2359
2364 7 2363
2366 2365 1721
2368 4 2367
2370 5 2321
2372 2371 2369
2374 2 2373
2376 3 2253
2378 2377 2375
2380 13 549
2382 2381 1463
2384 195 481
2386 13 2385
2388 2387 2225
2390 10 2389
2392 11 2383
2394 2393 2391
2396 9 2395
2398 12 149
2400 2381 2399
2402 1893 2225
2404 10 2403
2406 11 2401
2408 2407 2405
2410 9 2409
2412 2411 1903
2414 6 2413
2416 7 2396
2418 2417 2415
2420 195 1269
2422 12 812
2424 13 2421
2426 2425 2423
2428 769 505
2430 59 107
2432 12 2431
2434 13 2429
2436 2435 2433
2438 10 2437
2440 11 2427
2442 2441 2439
2444 9 2443
2446 2445 1537
2448 6 2396
2450 7 2447
2452 2451 2449
2454 4 2453
2456 5 2419
2458 2457 2455
2460 195 999
2462 813 1269
2464 12 2463
2466 13 2461
2468 2467 2465
2470 769 31
2472 13 2471
2474 2473 2225
2476 10 2475
2478 11 2469
2480 2479 2477
2482 1623 763
2484 769 49
2486 13 2485
2488 2487 777
2490 10 2489
2492 11 2483
2494 2493 2491
2496 8 2495
2498 9 2481
2500 2499 2497
2502 6 2501
2504 2151 2503
2506 813 1061
2508 12 2507
2510 2425 2509
2512 769 481
2514 51 107
2516 12 2515
2518 13 2513
2520 2519 2517
2522 10 2521
2524 11 2511
2526 2525 2523
2528 81 689
2530 12 2529
2532 223 2531
2534 11 2533
2536 2535 753
2538 8 2537
2540 9 2527
2542 2541 2539
2544 7 2543
2546 2545 2449
2548 4 2547
2550 5 2505
2552 2551 2549
2554 2 2553
2556 3 2459
2558 2557 2555
2560 1357 1789
2562 13 2561
2564 2563 2011
2566 12 288
2568 1809 2567
2570 10 2569
2572 11 2565
2574 2573 2571
2576 853 831
2578 12 2577
2580 13 1359
2582 2581 2579
2584 2581 491
2586 10 2585
2588 11 2583
2590 2589 2587
2592 8 2591
2594 9 2575
2596 2595 2593
2598 6 1509
2600 7 2597
2602 2601 2599
2604 109 831
2606 12 2605
2608 11 2606
2610 2609 533
2612 7 2611
2614 4 2612
2616 5 2603
2618 2617 2615
2620 135 497
2622 13 2621
2624 2623 507
2626 1243 1233
2628 10 2627
2630 11 2625
2632 2631 2629
2634 9 2633
2636 2635 589
2638 11 500
2640 9 2638
2642 2641 613
2644 6 2643
2646 7 2637
2648 2647 2645
2650 12 496
2652 10 2650
2654 9 2652
2656 2655 645
2658 7 2657
2660 4 2658
2662 5 2649
2664 2663 2661
2666 2 2665
2668 3 2619
2670 2669 2667
i0 p0b0btn2start2stop
i1 p0b0btn2min
i2 p0b0btn2sec
i3 p0p0eq0time0f1dzero1b
o0 u0beep0p1dbf1b
o1 u0time0f1dcountdown0time0dt1b
o2 u0time0f1dcountup0time0dt1b
o3 u0time0f1dinc2minutes0time1b
o4 u0time0f1dinc2seconds0time1b
o5 u0dsp0f1ddisplay0time1b
o6 u0time0f1dzero1b
o7 u0beep0p1dbt1b
o8 u0beep0beep
o9 u0dsp0dsp
o10 u0time0time
