REALIZABLE
aag 13 6 0 19 7
2
4
6
8
10
12
3
2
3
2
16
18
3
0
1
2
22
24
2
22
24
3
2
27
26
14 10 12
16 2 15
18 2 14
20 8 6
22 3 20
24 3 21
26 2 4
i0 p0p0eqz0counter
i1 p0p0eq0xcoord0f1ddec2size2x1b
i2 p0p0lt0f1dgetenemyradius0enemies0f1ddec0counter1b1b0tmpdist
i3 p0p0hitcoord0xcoord0ycoord0f1dgetenemyradius0enemies0f1ddec0counter1b1b0f1dgetenemyangle0enemies0f1ddec0counter1b1b0rotation
i4 p0p0eq0xcoord0f1dhairlinex1b
i5 p0p0eq0ycoord0f1dhairliney1b
o0 u0bxcoord0bxcoord
o1 u0bxcoord0xcoord
o2 u0bycoord0bycoord
o3 u0bycoord0ycoord
o4 u0color0tmpcolor
o5 u0color0f1dwhitecolor1b
o6 u0color0color
o7 u0counter0counter
o8 u0counter0f1dincmod0counter0f1dinc0f1denemycount1b1b1b
o9 u0tmpcolor0f1dblackcolor1b
o10 u0tmpcolor0f1dgetenemycolor0enemies0f1ddec0counter1b1b
o11 u0tmpcolor0tmpcolor
o12 u0tmpdist0f1dstartradius1b
o13 u0tmpdist0f1dgetenemyradius0enemies0f1ddec0counter1b1b
o14 u0tmpdist0tmpdist
o15 u0xcoord0xcoord
o16 u0xcoord0f1dinc2coord0xcoord1b
o17 u0ycoord0ycoord
o18 u0ycoord0f1dinc2coord0ycoord1b
