REALIZABLE
aag 23 11 0 8 12
2
4
6
8
10
12
14
16
18
20
22
0
0
0
1
47
1
0
46
24 2 4
26 24 21
28 24 17
30 28 21
32 6 31
34 7 27
36 35 33
38 36 15
40 38 13
42 8 41
44 9 39
46 45 43
i0 p0p0in2range0first2counter
i1 p0p0in2range0second2counter
i2 p0p0first0selected
i3 p0p0button2pressed0up
i4 p0p0in2range0f1dincrement0first2counter1b
i5 p0p0button2pressed0down
i6 p0p0in2range0f1ddecrement0first2counter1b
i7 p0p0second0selected
i8 p0p0in2range0f1dincrement0second2counter1b
i9 p0p0in2range0f1ddecrement0second2counter1b
i10 p0p0button2pressed0switch
o0 u0selected0f1dtoggle0selected1b
o1 u0first2counter0f1dincrement0first2counter1b
o2 u0second2counter0f1dincrement0second2counter1b
o3 u0first2counter0f1ddecrement0first2counter1b
o4 u0second2counter0f1ddecrement0second2counter1b
o5 u0selected0selected
o6 u0first2counter0first2counter
o7 u0second2counter0second2counter
